PLINK v1.90b3q 64-bit (29 May 2015)
Options in effect:
  --allow-extra-chr
  --allow-no-sex
  --autosome-num 50
  --bfile results/batch_4/EIGENSOFT/complete
  --exclude results/batch_4/EIGENSOFT/paralog_SNPs.txt
  --out results/batch_4/EIGENSOFT/complete.subsample
  --recode
  --thin-count 1214
  --write-snplist

Hostname: ipseg-ubuntu
Working directory: /home/ipseg/Desktop/waples/chum_populations
Start time: Thu Jul  9 15:42:37 2015

Random number seed: 1436481757
32127 MB RAM detected; reserving 16063 MB for main workspace.
13407 variants loaded from .bim file.
174 samples (0 males, 0 females, 174 ambiguous) loaded from .fam.
Ambiguous sex IDs written to results/batch_4/EIGENSOFT/complete.subsample.nosex
.
--exclude: 12399 variants remaining.
Warning: At least 263 duplicate IDs in --exclude file.
--thin-count: 11185 variants removed (1214 remaining).
Using 1 thread (no multithreaded calculations invoked).
Before main variant filters, 174 founders and 0 nonfounders present.
Calculating allele frequencies... done.
Total genotyping rate is 0.927673.
1214 variants and 174 samples pass filters and QC.
Note: No phenotypes present.
List of variant IDs written to
results/batch_4/EIGENSOFT/complete.subsample.snplist .
--recode to results/batch_4/EIGENSOFT/complete.subsample.ped +
results/batch_4/EIGENSOFT/complete.subsample.map ... done.

End time: Thu Jul  9 15:42:37 2015
