0->0 : 0
0->1 : 0
0->2 : 0
       Error rate = 0.0
1->0 : 0
1->1 : 0
1->2 : 0
       Error rate = 0.0
2->0 : 0
2->1 : 0
2->2 : 0
       Error rate = 0.0
0,2->0,2 : 914219
  0,2->1 : 0
1,2->1,2 : 0
  1,2->0 : 0
       Error rate = 0.0
Maternally informative markers = 0 (of 10219)
Paternally informative markers = 10055
Maternally or paternally informative markers = 10055
Removed 0 children
Removed 0 markers
Number of LGs = 38
***Family = fam_08 chromosome = 35 numMarkers = 74 maternal informative markers 0 (paternal informative markers 74)
74->73
73->73
All pairs
join 1 and 69 score = 0.0 sizes 1,1
join 14 and 54 score = 0.0 sizes 1,1
join 51 and 69 score = 0.0 sizes 1,2
join 51 and 66 score = 0.0 sizes 3,1
join 36 and 53 score = 0.0 sizes 1,1
join 6 and 62 score = 0.0 sizes 1,1
join 45 and 66 score = 0.0 sizes 1,4
join 1 and 18 score = 0.0 sizes 5,1
join 11 and 42 score = 0.0 sizes 1,1
join 42 and 55 score = 0.0 sizes 2,1
join 5 and 33 score = 0.0 sizes 1,1
join 8 and 33 score = 0.0 sizes 1,2
join 7 and 64 score = 0.0 sizes 1,1
join 29 and 57 score = 0.0 sizes 1,1
join 50 and 64 score = 0.0 sizes 1,2
join 12 and 45 score = 0.0 sizes 1,6
join 53 and 61 score = 0.0 sizes 2,1
join 27 and 36 score = 0.0 sizes 1,3
join 25 and 62 score = 0.0 sizes 1,2
join 18 and 48 score = 0.0 sizes 7,1
join 0 and 50 score = 0.0 sizes 1,3
join 7 and 47 score = 0.0 sizes 4,1
join 20 and 47 score = 0.0 sizes 1,5
join 20 and 38 score = 0.0 sizes 6,1
join 38 and 43 score = 0.0 sizes 7,1
join 2 and 40 score = 0.0 sizes 1,1
join 2 and 10 score = 0.0 sizes 2,1
join 54 and 70 score = 0.0 sizes 2,1
join 23 and 63 score = 0.0 sizes 1,1
join 15 and 23 score = 0.0 sizes 1,2
join 8 and 57 score = 0.0 sizes 3,2
join 24 and 67 score = 0.0 sizes 1,1
join 48 and 60 score = 0.0 sizes 8,1
join 44 and 60 score = 0.0 sizes 1,9
join 14 and 39 score = 0.0 sizes 3,1
join 32 and 71 score = 0.0 sizes 1,1
join 34 and 71 score = 0.0 sizes 1,2
join 30 and 32 score = 0.0 sizes 1,3
join 4 and 28 score = 0.0 sizes 1,1
join 22 and 59 score = 0.0 sizes 1,1
join 24 and 49 score = 0.0 sizes 2,1
join 4 and 65 score = 0.0 sizes 2,1
join 19 and 68 score = 0.0 sizes 1,1
join 0 and 68 score = 0.0 sizes 8,2
join 9 and 58 score = 0.0 sizes 1,1
join 17 and 41 score = 0.0 sizes 1,1
join 37 and 65 score = 0.006535947712418301 sizes 1,3
join 27 and 46 score = 0.0 sizes 4,1
join 26 and 41 score = 0.0 sizes 1,2
join 11 and 46 score = 0.00641025641025641 sizes 3,5
join 61 and 72 score = 0.006622516556291391 sizes 8,1
join 3 and 40 score = 0.006756756756756757 sizes 1,3
join 13 and 17 score = 0.012987012987012988 sizes 1,3
join 16 and 34 score = 0.006024096385542169 sizes 1,4
join 43 and 44 score = 0.013793103448275862 sizes 10,10
All pairs
join 9 and 15 score = 0.015625 sizes 2,3
join 22 and 29 score = 0.015267175572519083 sizes 2,5
join 6 and 31 score = 0.012195121951219513 sizes 3,1
join 31 and 63 score = 0.019230769230769232 sizes 4,5
join 12 and 72 score = 0.018072289156626505 sizes 20,9
join 26 and 49 score = 0.01875 sizes 4,3
join 13 and 30 score = 0.012658227848101266 sizes 7,5
join 19 and 52 score = 0.03048780487804878 sizes 29,1
join 3 and 28 score = 0.0364963503649635 sizes 4,4
join 21 and 52 score = 0.04430379746835443 sizes 1,30
join 10 and 16 score = 0.05555555555555555 sizes 8,12
join 35 and 67 score = 0.04430379746835443 sizes 1,20
join 25 and 35 score = 0.042682926829268296 sizes 9,21
join 55 and 58 score = 0.043478260869565216 sizes 31,30
join 37 and 70 score = 0.05925925925925926 sizes 61,4
join 39 and 59 score = 0.053691275167785234 sizes 65,7
join 21 and 56 score = 0.055900621118012424 sizes 72,1
score = 0.6370879229949566
improvementE3 : -259.38369833900384
improvementE2 : -259.38369684218924
improvementE2 : -259.3829729368185
improvementE1 : -259.38297084698456
improvementE1 : -259.38295980802957
improvementE2 : -259.3794966282508
improvementE3 : -259.3794872816036
improvementE3 : -259.37948530627875
improvementE3 : -259.3794575498751
improvementE1 : -259.37895577501394
improvementE3 : -259.37888544304866
improvementE3 : -257.3226367860783
improvementE2 : -257.32179321760634
improvementE1 : -257.32131174152124
improvementE3 : -257.32115576126614
improvementE3 : -257.3211459831102
improvementE3 : -256.055958968943
improvementE1 : -254.65664749401716
logL = -1496.446911760904
Removing 0 markers
Second round
