0->0 : 0
0->1 : 0
0->2 : 0
       Error rate = 0.0
1->0 : 0
1->1 : 0
1->2 : 0
       Error rate = 0.0
2->0 : 0
2->1 : 0
2->2 : 0
       Error rate = 0.0
0,2->0,2 : 914219
  0,2->1 : 0
1,2->1,2 : 0
  1,2->0 : 0
       Error rate = 0.0
Maternally informative markers = 0 (of 10219)
Paternally informative markers = 10055
Maternally or paternally informative markers = 10055
Removed 0 children
Removed 0 markers
Number of LGs = 38
***Family = fam_08 chromosome = 5 numMarkers = 225 maternal informative markers 0 (paternal informative markers 225)
225->221
221->221
All pairs
join 38 and 169 score = 0.0 sizes 1,1
join 169 and 207 score = 0.0 sizes 2,1
join 47 and 145 score = 0.0 sizes 1,1
join 22 and 100 score = 0.0 sizes 1,1
join 50 and 93 score = 0.0 sizes 1,1
join 8 and 71 score = 0.0 sizes 1,1
join 22 and 191 score = 0.0 sizes 2,1
join 149 and 218 score = 0.0 sizes 1,1
join 142 and 145 score = 0.0 sizes 1,2
join 58 and 190 score = 0.0 sizes 1,1
join 43 and 101 score = 0.0 sizes 1,1
join 127 and 220 score = 0.0 sizes 1,1
join 13 and 52 score = 0.0 sizes 1,1
join 8 and 207 score = 0.0 sizes 2,3
join 71 and 127 score = 0.0 sizes 5,2
join 67 and 189 score = 0.0 sizes 1,1
join 107 and 135 score = 0.0 sizes 1,1
join 53 and 136 score = 0.0 sizes 1,1
join 51 and 146 score = 0.0 sizes 1,1
join 13 and 51 score = 0.0 sizes 2,2
join 46 and 91 score = 0.0 sizes 1,1
join 43 and 166 score = 0.0 sizes 2,1
join 38 and 101 score = 0.0 sizes 7,3
join 100 and 211 score = 0.0 sizes 3,1
join 121 and 171 score = 0.0 sizes 1,1
join 129 and 140 score = 0.0 sizes 1,1
join 97 and 211 score = 0.0 sizes 1,4
join 58 and 191 score = 0.0 sizes 2,5
join 91 and 166 score = 0.0 sizes 2,10
join 180 and 218 score = 0.0 sizes 1,2
join 2 and 34 score = 0.0 sizes 1,1
join 140 and 209 score = 0.0 sizes 2,1
join 37 and 57 score = 0.0 sizes 1,1
join 107 and 198 score = 0.0 sizes 2,1
join 80 and 185 score = 0.0 sizes 1,1
join 19 and 220 score = 0.0 sizes 1,12
join 19 and 212 score = 0.0 sizes 13,1
join 108 and 212 score = 0.0 sizes 1,14
join 94 and 190 score = 0.0 sizes 1,7
join 87 and 94 score = 0.0 sizes 1,8
join 97 and 128 score = 0.0 sizes 9,1
join 87 and 92 score = 0.0 sizes 10,1
join 84 and 128 score = 0.0 sizes 1,11
join 174 and 208 score = 0.0 sizes 1,1
join 142 and 208 score = 0.0 sizes 3,2
join 89 and 137 score = 0.0 sizes 1,1
join 32 and 150 score = 0.0 sizes 1,1
join 171 and 180 score = 0.0 sizes 2,3
join 5 and 188 score = 0.0 sizes 1,1
join 74 and 188 score = 0.0 sizes 1,2
join 72 and 219 score = 0.0 sizes 1,1
join 40 and 193 score = 0.0 sizes 1,1
join 45 and 206 score = 0.0 sizes 1,1
join 45 and 81 score = 0.0 sizes 2,1
join 46 and 80 score = 0.0 sizes 15,2
join 150 and 185 score = 0.0 sizes 2,17
join 34 and 176 score = 0.0 sizes 2,1
join 2 and 3 score = 0.0 sizes 3,1
join 89 and 144 score = 0.0 sizes 2,1
join 10 and 136 score = 0.0 sizes 1,2
join 103 and 158 score = 0.0 sizes 1,1
join 25 and 40 score = 0.0 sizes 1,2
join 79 and 193 score = 0.0 sizes 1,3
join 35 and 72 score = 0.0 sizes 1,2
join 214 and 219 score = 0.0 sizes 1,3
join 68 and 196 score = 0.0 sizes 1,1
join 96 and 198 score = 0.0 sizes 1,3
join 96 and 109 score = 0.0 sizes 4,1
join 99 and 183 score = 0.0 sizes 1,1
join 131 and 163 score = 0.0 sizes 1,1
join 55 and 98 score = 0.0 sizes 1,1
join 93 and 201 score = 0.0 sizes 2,1
join 148 and 181 score = 0.0 sizes 1,1
join 5 and 148 score = 0.0 sizes 3,2
join 70 and 141 score = 0.0 sizes 1,1
join 35 and 161 score = 0.0 sizes 4,1
join 52 and 182 score = 0.0 sizes 4,1
join 30 and 50 score = 0.0 sizes 1,3
join 125 and 175 score = 0.0 sizes 1,1
join 16 and 125 score = 0.0 sizes 1,2
join 124 and 203 score = 0.0 sizes 1,1
join 15 and 203 score = 0.0 sizes 1,2
join 124 and 137 score = 0.0 sizes 3,3
join 117 and 181 score = 0.0 sizes 1,5
join 95 and 117 score = 0.0 sizes 1,6
join 61 and 216 score = 0.0 sizes 1,1
join 134 and 216 score = 0.0 sizes 1,2
join 61 and 84 score = 0.0 sizes 3,12
join 98 and 153 score = 0.0 sizes 2,1
join 4 and 153 score = 0.0 sizes 1,3
join 32 and 55 score = 0.0 sizes 19,4
join 11 and 186 score = 0.0 sizes 1,1
join 155 and 186 score = 0.0 sizes 1,2
join 92 and 114 score = 0.0 sizes 15,1
join 23 and 112 score = 0.0 sizes 1,1
join 23 and 64 score = 0.0 sizes 2,1
join 10 and 25 score = 0.0 sizes 3,4
join 60 and 121 score = 0.0 sizes 1,5
join 106 and 131 score = 0.0 sizes 1,2
join 77 and 130 score = 0.0 sizes 1,1
join 130 and 165 score = 0.0 sizes 2,1
join 108 and 109 score = 0.0 sizes 23,5
join 39 and 160 score = 0.0 sizes 1,1
join 26 and 122 score = 0.0 sizes 1,1
join 122 and 143 score = 0.0 sizes 2,1
join 26 and 170 score = 0.0 sizes 3,1
join 3 and 14 score = 0.0 sizes 4,1
join 14 and 66 score = 0.0 sizes 5,1
join 213 and 215 score = 0.0 sizes 1,1
join 4 and 152 score = 0.0 sizes 28,1
join 67 and 178 score = 0.0 sizes 2,1
join 6 and 189 score = 0.0 sizes 1,3
join 6 and 27 score = 0.0 sizes 4,1
join 151 and 157 score = 0.0 sizes 1,1
join 157 and 160 score = 0.0 sizes 2,2
join 56 and 162 score = 0.0 sizes 1,1
join 113 and 162 score = 0.0 sizes 1,2
join 105 and 152 score = 0.0 sizes 1,29
join 17 and 105 score = 0.0 sizes 1,30
join 17 and 47 score = 0.0 sizes 31,5
join 129 and 205 score = 0.0 sizes 3,1
join 16 and 24 score = 0.0 sizes 3,1
join 0 and 175 score = 0.0 sizes 1,4
join 139 and 199 score = 0.0 sizes 1,1
join 1 and 69 score = 0.0 sizes 1,1
join 1 and 194 score = 0.0 sizes 2,1
join 168 and 173 score = 0.0 sizes 1,1
join 20 and 146 score = 0.0 sizes 1,5
join 20 and 138 score = 0.0 sizes 6,1
join 116 and 182 score = 0.0 sizes 1,7
join 18 and 139 score = 0.0 sizes 1,2
join 88 and 195 score = 0.0 sizes 1,1
join 88 and 154 score = 0.0 sizes 2,1
join 62 and 81 score = 0.0 sizes 1,3
join 60 and 206 score = 0.0 sizes 6,4
join 120 and 173 score = 0.0 sizes 1,2
join 42 and 217 score = 0.0 sizes 1,1
join 75 and 217 score = 0.0 sizes 1,2
join 158 and 192 score = 0.0 sizes 2,1
join 44 and 187 score = 0.0 sizes 1,1
join 7 and 36 score = 0.0 sizes 1,1
join 7 and 29 score = 0.0 sizes 2,1
join 54 and 76 score = 0.0 sizes 1,1
join 30 and 177 score = 0.0 sizes 4,1
join 119 and 141 score = 0.0 sizes 1,2
join 104 and 163 score = 0.0 sizes 1,3
join 83 and 184 score = 0.0 sizes 1,1
join 41 and 112 score = 0.0 sizes 1,3
join 21 and 41 score = 0.0 sizes 1,4
join 113 and 165 score = 0.006329113924050633 sizes 3,3
join 78 and 196 score = 0.006289308176100629 sizes 1,2
All pairs
join 31 and 33 score = 0.0 sizes 1,1
join 9 and 79 score = 0.0 sizes 1,7
join 123 and 172 score = 0.0 sizes 1,1
join 11 and 126 score = 0.0 sizes 3,1
join 37 and 73 score = 0.0 sizes 2,1
join 27 and 49 score = 0.0 sizes 5,1
join 119 and 184 score = 0.006329113924050633 sizes 3,2
join 104 and 215 score = 0.006329113924050633 sizes 4,2
join 36 and 154 score = 0.006211180124223602 sizes 3,3
join 143 and 210 score = 0.007142857142857143 sizes 4,1
join 133 and 144 score = 0.007042253521126761 sizes 1,6
join 12 and 133 score = 0.0 sizes 1,7
join 164 and 205 score = 0.006329113924050633 sizes 1,4
join 86 and 172 score = 0.0 sizes 1,2
join 116 and 170 score = 0.006289308176100629 sizes 8,5
join 65 and 75 score = 0.006666666666666667 sizes 1,3
join 42 and 53 score = 0.007575757575757576 sizes 4,8
join 70 and 164 score = 0.006535947712418301 sizes 5,5
join 177 and 209 score = 0.005988023952095809 sizes 5,10
join 73 and 83 score = 0.007633587786259542 sizes 3,15
join 57 and 156 score = 0.007462686567164179 sizes 18,1
join 24 and 187 score = 0.006369426751592357 sizes 5,2
join 18 and 90 score = 0.006134969325153374 sizes 3,1
join 118 and 199 score = 0.00641025641025641 sizes 1,4
join 118 and 151 score = 0.006578947368421052 sizes 5,4
join 82 and 103 score = 0.006535947712418301 sizes 1,3
join 63 and 159 score = 0.006211180124223602 sizes 1,1
join 167 and 194 score = 0.006134969325153374 sizes 1,3
join 54 and 213 score = 0.006369426751592357 sizes 2,6
join 102 and 115 score = 0.012422360248447204 sizes 1,1
join 0 and 204 score = 0.012048192771084338 sizes 7,1
join 28 and 111 score = 0.013513513513513514 sizes 1,1
join 176 and 200 score = 0.012048192771084338 sizes 6,1
join 28 and 31 score = 0.013888888888888888 sizes 2,2
join 69 and 179 score = 0.007633587786259542 sizes 4,1
join 78 and 197 score = 0.012578616352201259 sizes 3,1
join 48 and 59 score = 0.006024096385542169 sizes 1,1
join 74 and 138 score = 0.013793103448275862 sizes 7,13
join 147 and 195 score = 0.013605442176870748 sizes 1,6
join 64 and 210 score = 0.014492753623188406 sizes 5,20
join 21 and 82 score = 0.012345679012345678 sizes 25,4
join 126 and 132 score = 0.016260162601626018 sizes 4,1
join 68 and 202 score = 0.012578616352201259 sizes 4,1
join 49 and 85 score = 0.007407407407407408 sizes 6,1
join 85 and 95 score = 0.019867549668874173 sizes 7,29
join 174 and 178 score = 0.015873015873015872 sizes 36,36
join 183 and 197 score = 0.01910828025477707 sizes 2,5
join 12 and 214 score = 0.014492753623188406 sizes 8,5
join 134 and 201 score = 0.01282051282051282 sizes 16,19
join 111 and 149 score = 0.012345679012345678 sizes 4,10
join 39 and 156 score = 0.01818181818181818 sizes 9,35
join 123 and 167 score = 0.025974025974025976 sizes 3,5
join 9 and 56 score = 0.020134228187919462 sizes 12,6
join 99 and 147 score = 0.017857142857142856 sizes 7,7
join 15 and 44 score = 0.02531645569620253 sizes 13,8
join 202 and 204 score = 0.02531645569620253 sizes 14,21
join 29 and 192 score = 0.02666666666666667 sizes 35,72
join 63 and 65 score = 0.03225806451612903 sizes 2,18
join 115 and 155 score = 0.045454545454545456 sizes 2,5
join 66 and 102 score = 0.030534351145038167 sizes 7,7
join 33 and 76 score = 0.031746031746031744 sizes 14,8
join 86 and 168 score = 0.04819277108433735 sizes 8,3
join 48 and 120 score = 0.04093567251461988 sizes 2,11
join 59 and 90 score = 0.03680981595092025 sizes 13,44
join 110 and 135 score = 0.03896103896103896 sizes 1,107
join 62 and 200 score = 0.0392156862745098 sizes 22,14
join 106 and 161 score = 0.05442176870748299 sizes 36,108
join 159 and 179 score = 0.07352941176470588 sizes 20,57
join 77 and 132 score = 0.058823529411764705 sizes 77,144
score = 1.1163770422485375
improvementE1 : -452.90556241738534
improvementE2 : -452.9055563322099
improvementE1 : -452.90555203653156
improvementE2 : -452.9055326957658
improvementE1 : -452.9006774734294
improvementE2 : -452.08440484885557
improvementE2 : -452.0839599734651
improvementE2 : -452.0800062229036
improvementE2 : -452.08000416362063
improvementE1 : -452.07382959492213
improvementE1 : -452.0738274930064
improvementE2 : -452.0733878331868
improvementE3 : -450.66134402586204
improvementE3 : -450.6613345495192
improvementE3 : -450.6608197564328
improvementE3 : -450.6607286146954
improvementE2 : -450.6605144904772
improvementE1 : -450.6605036872932
improvementE1 : -449.97817903438056
improvementE3 : -447.9114605772314
improvementE2 : -447.91142421637954
improvementE2 : -447.9057100720931
improvementE1 : -447.9053346272403
improvementE2 : -445.9899380716894
improvementE3 : -445.9895123880293
improvementE2 : -445.92193093217804
improvementE1 : -445.390931571396
improvementE3 : -445.39089317041936
improvementE1 : -445.3908904654919
improvementE1 : -445.3804063569226
improvementE1 : -445.3799486878501
improvementE1 : -445.37986897082936
improvementE1 : -445.3798451692494
improvementE3 : -443.668295791417
improvementE1 : -443.6681803925913
improvementE2 : -443.667767681229
improvementE2 : -443.667332737308
improvementE2 : -441.70759616422475
improvementE2 : -441.70757813033475
improvementE2 : -441.1496238754038
improvementE3 : -438.526505299367
improvementE3 : -438.5262307744694
logL = -6911.8549360684065
Removing 0 markers
Second round
improvementE2 : -437.0323654772345
improvementE1 : -437.0323617134761
