Mode    : Phaser
Options : --input-ped /home/ipseg/Desktop/waples/chum_populations/linkage_map/centromere_placement/shapeit/collapsed_loci.chrom9.ped /home/ipseg/Desktop/waples/chum_populations/linkage_map/centromere_placement/shapeit/collapsed_loci.chrom9.map -O /home/ipseg/Desktop/waples/chum_populations/linkage_map/centromere_placement/shapeit/collapsed_loci.chrom9.phased
Version : v2.r837
Date    : 30/10/2015 17:27:42

MODE -phase : PHASING GENOTYPE DATA
  * Autosome (chr1 ... chr22)
  * Window-based model (SHAPEIT v2)
  * MCMC iteration

Parameters :
  * Seed : 1446251262
  * Parallelisation: 1 threads
  * Ref allele is NOT aligned on the reference genome
  * MCMC: 35 iterations [7 B + 1 runs of 8 P + 20 M]
  * Model: 100 states per window [100 H + 0 PM + 0 R + 0 COV ] / Windows of ~2.0 Mb / rho = 0.00040

Reading site list in [/home/ipseg/Desktop/waples/chum_populations/linkage_map/centromere_placement/shapeit/collapsed_loci.chrom9.map]
  * 286 sites included

Reading sample list and genotypes in [/home/ipseg/Desktop/waples/chum_populations/linkage_map/centromere_placement/shapeit/collapsed_loci.chrom9.ped] where missing-code = [0]
  * 246 samples included
  * 0 unrelateds / 0 duos / 240 trios in 3 different families

Checking missingness and MAF...
  * 240 individuals with high rates of missing data (>5%)
  * 279 SNPs with high rates of missing data (>5%)

Checking Mendel errors...
  * Low level of Mendel error in all trios and duos
  * 0 SNPs with high Mendel error rate (> 5%)

ERROR: 6 samples are included in several duos/trios, check list in shapeit_30102015_17h27m42s_8415ab35-964b-40a2-a037-e528183e046b.inc.me
You can use the --duohmm flag to phase complex pedigrees.
