Mode    : Phaser
Options : --input-ped /home/ipseg/Desktop/waples/chum_populations/linkage_map/centromere_placement/shapeit/collapsed_loci.chrom9.ped /home/ipseg/Desktop/waples/chum_populations/linkage_map/centromere_placement/shapeit/collapsed_loci.chrom9.map -O /home/ipseg/Desktop/waples/chum_populations/linkage_map/centromere_placement/shapeit/collapsed_loci.chrom9.phased --noped
Version : v2.r837
Date    : 30/10/2015 17:34:10

MODE -phase : PHASING GENOTYPE DATA
  * Autosome (chr1 ... chr22)
  * Window-based model (SHAPEIT v2)
  * MCMC iteration

Parameters :
  * Seed : 1446251650
  * Parallelisation: 1 threads
  * Ref allele is NOT aligned on the reference genome
  * MCMC: 35 iterations [7 B + 1 runs of 8 P + 20 M]
  * Model: 100 states per window [100 H + 0 PM + 0 R + 0 COV ] / Windows of ~2.0 Mb / rho = 0.00040
  * Pedigree information not taken into account

Reading site list in [/home/ipseg/Desktop/waples/chum_populations/linkage_map/centromere_placement/shapeit/collapsed_loci.chrom9.map]
  * 286 sites included

Reading sample list and genotypes in [/home/ipseg/Desktop/waples/chum_populations/linkage_map/centromere_placement/shapeit/collapsed_loci.chrom9.ped] where missing-code = [0]
  * 246 samples included
  * 0 unrelateds / 0 duos / 240 trios in 3 different families

Checking missingness and MAF...
  * 240 individuals with high rates of missing data (>5%)
  * 279 SNPs with high rates of missing data (>5%)

Building graphs ... 

  * 246 graphs / 23545 segments / ~2 SNPs per segment / 2399144 transitions
  * 0 haploids / 246 unrelateds / 0 duos / 0 trios
  * 492 founder haplotypes

Sampling haplotypes


Burn-in iteration [1/7]

Burn-in iteration [2/7]

Burn-in iteration [3/7]

Burn-in iteration [4/7]

Burn-in iteration [5/7]

Burn-in iteration [6/7]

Burn-in iteration [7/7]

Pruning iteration [1/8]

Pruning iteration [2/8]

Pruning iteration [3/8]

Pruning iteration [4/8]

Pruning iteration [5/8]

Pruning iteration [6/8]

Pruning iteration [7/8]

Pruning iteration [8/8]

Pruning graphs

  * 246 graphs / 12598 segments / ~5 SNPs per segment / 305156 transitions
  * 0 haploids / 246 unrelateds / 0 duos / 0 trios
  * 492 founder haplotypes

Main iteration [1/20]

Main iteration [2/20]

Main iteration [3/20]

Main iteration [4/20]

Main iteration [5/20]

Main iteration [6/20]

Main iteration [7/20]

Main iteration [8/20]

Main iteration [9/20]

Main iteration [10/20]

Main iteration [11/20]

Main iteration [12/20]

Main iteration [13/20]

Main iteration [14/20]

Main iteration [15/20]

Main iteration [16/20]

Main iteration [17/20]

Main iteration [18/20]

Main iteration [19/20]

Main iteration [20/20]

Normalising graphs


Solving haplotypes


Writing sample list in [/home/ipseg/Desktop/waples/chum_populations/linkage_map/centromere_placement/shapeit/collapsed_loci.chrom9.phased.sample]

Writing site list and haplotypes in [/home/ipseg/Desktop/waples/chum_populations/linkage_map/centromere_placement/shapeit/collapsed_loci.chrom9.phased.haps]

Running time: 84 seconds
