Mode    : Phaser
Options : --input-ped /home/ipseg/Desktop/waples/chum_populations/linkage_map/centromere_placement/shapeit/collapsed_loci.chrom3.ped /home/ipseg/Desktop/waples/chum_populations/linkage_map/centromere_placement/shapeit/collapsed_loci.chrom3.map --duohmm -W 1 --effective-size 10 --input-map /home/ipseg/Desktop/waples/chum_populations/linkage_map/centromere_placement/shapeit/collapsed_loci.3.shapeitmap -O /home/ipseg/Desktop/waples/chum_populations/linkage_map/centromere_placement/shapeit/collapsed_loci.chrom3.phased
Version : v2.r837
Date    : 30/10/2015 18:17:14

MODE -phase : PHASING GENOTYPE DATA
  * Autosome (chr1 ... chr22)
  * Window-based model (SHAPEIT v2)
  * MCMC iteration
  * duoHMM is used to refine family haplotypes

Parameters :
  * Seed : 1446254234
  * Parallelisation: 1 threads
  * Ref allele is NOT aligned on the reference genome
  * MCMC: 35 iterations [7 B + 1 runs of 8 P + 20 M]
  * Model: 100 states per window [100 H + 0 PM + 0 R + 0 COV ] / Windows of ~1.0 Mb / Ne = 10

Reading site list in [/home/ipseg/Desktop/waples/chum_populations/linkage_map/centromere_placement/shapeit/collapsed_loci.chrom3.map]
  * 320 sites included

Reading sample list and genotypes in [/home/ipseg/Desktop/waples/chum_populations/linkage_map/centromere_placement/shapeit/collapsed_loci.chrom3.ped] where missing-code = [0]
  * 246 samples included
  * 0 unrelateds / 0 duos / 240 trios in 3 different families

Reading genetic map in [/home/ipseg/Desktop/waples/chum_populations/linkage_map/centromere_placement/shapeit/collapsed_loci.3.shapeitmap]
  * 320 genetic positions found
  * #set=320 / #interpolated=0
  * Physical map [2.65 Mb -> 129.59 Mb] / Genetic map [2.65 cM -> 129.59 cM]

Checking Mendel errors...
  * Low level of Mendel error in all trios and duos
  * 0 SNPs with high Mendel error rate (> 5%)

Checking missingness and MAF...
  * 240 individuals with high rates of missing data (>5%)
  * 303 SNPs with high rates of missing data (>5%)

Building graphs ... 

  * 246 graphs / 25137 segments / ~3 SNPs per segment / 2379526 transitions
  * 0 haploids / 246 unrelateds / 0 duos / 0 trios
  * 492 founder haplotypes

Sampling haplotypes


Burn-in iteration [1/7]

Burn-in iteration [2/7]

Burn-in iteration [3/7]

Burn-in iteration [4/7]

Burn-in iteration [5/7]

Burn-in iteration [6/7]

Burn-in iteration [7/7]

Pruning iteration [1/8]

Pruning iteration [2/8]

Pruning iteration [3/8]

Pruning iteration [4/8]

Pruning iteration [5/8]

Pruning iteration [6/8]

Pruning iteration [7/8]

Pruning iteration [8/8]

Pruning graphs

  * 246 graphs / 14074 segments / ~5 SNPs per segment / 338423 transitions
  * 0 haploids / 246 unrelateds / 0 duos / 0 trios
  * 492 founder haplotypes

Main iteration [1/20]

Main iteration [2/20]

Main iteration [3/20]

Main iteration [4/20]

Main iteration [5/20]

Main iteration [6/20]

Main iteration [7/20]

Main iteration [8/20]

Main iteration [9/20]

Main iteration [10/20]

Main iteration [11/20]

Main iteration [12/20]

Main iteration [13/20]

Main iteration [14/20]

Main iteration [15/20]