Mode    : Phaser
Options : --input-ped /home/ipseg/Desktop/waples/chum_populations/linkage_map/centromere_placement/shapeit/collapsed_loci.chrom2.ped /home/ipseg/Desktop/waples/chum_populations/linkage_map/centromere_placement/shapeit/collapsed_loci.chrom2.map --duohmm -W 1 --effective-size 10 --input-map /home/ipseg/Desktop/waples/chum_populations/linkage_map/centromere_placement/shapeit/collapsed_loci.2.shapeitmap -O /home/ipseg/Desktop/waples/chum_populations/linkage_map/centromere_placement/shapeit/collapsed_loci.chrom2.phased
Version : v2.r837
Date    : 30/10/2015 18:16:53

MODE -phase : PHASING GENOTYPE DATA
  * Autosome (chr1 ... chr22)
  * Window-based model (SHAPEIT v2)
  * MCMC iteration
  * duoHMM is used to refine family haplotypes

Parameters :
  * Seed : 1446254213
  * Parallelisation: 1 threads
  * Ref allele is NOT aligned on the reference genome
  * MCMC: 35 iterations [7 B + 1 runs of 8 P + 20 M]
  * Model: 100 states per window [100 H + 0 PM + 0 R + 0 COV ] / Windows of ~1.0 Mb / Ne = 10

Reading site list in [/home/ipseg/Desktop/waples/chum_populations/linkage_map/centromere_placement/shapeit/collapsed_loci.chrom2.map]
  * 300 sites included

Reading sample list and genotypes in [/home/ipseg/Desktop/waples/chum_populations/linkage_map/centromere_placement/shapeit/collapsed_loci.chrom2.ped] where missing-code = [0]
  * 246 samples included
  * 0 unrelateds / 0 duos / 240 trios in 3 different families

Reading genetic map in [/home/ipseg/Desktop/waples/chum_populations/linkage_map/centromere_placement/shapeit/collapsed_loci.2.shapeitmap]
  * 300 genetic positions found
  * #set=300 / #interpolated=0
  * Physical map [0.00 Mb -> 111.35 Mb] / Genetic map [0.00 cM -> 111.35 cM]

Checking Mendel errors...
  * Low level of Mendel error in all trios and duos
  * 0 SNPs with high Mendel error rate (> 5%)

Checking missingness and MAF...
  * 240 individuals with high rates of missing data (>5%)
  * 291 SNPs with high rates of missing data (>5%)

Building graphs ... 

  * 246 graphs / 22198 segments / ~3 SNPs per segment / 2095763 transitions
  * 0 haploids / 246 unrelateds / 0 duos / 0 trios
  * 492 founder haplotypes

Sampling haplotypes


Burn-in iteration [1/7]

Burn-in iteration [2/7]

Burn-in iteration [3/7]

Burn-in iteration [4/7]

Burn-in iteration [5/7]

Burn-in iteration [6/7]

Burn-in iteration [7/7]