PLINK v1.90b2o 64-bit (25 Nov 2014)
10 arguments: --allow-extra-chr --allow-no-sex --bfile ./data/FISH_560/FISH_560.final --distance square flat-missing 1-ibs --out ./data/FISH_560/FISH_560.final
Hostname: ipseg-ubuntu
Working directory: /home/ipseg/Desktop/waples/chum_populations
Start time: Tue Dec  2 13:21:18 2014

Random number seed: 1417555278
32127 MB RAM detected; reserving 16063 MB for main workspace.
19802 variants loaded from .bim file.
160 people (0 males, 0 females, 160 ambiguous) loaded from .fam.
Ambiguous sex IDs written to ./data/FISH_560/FISH_560.final.nosex .
Using up to 8 threads (change this with --threads).
Before main variant filters, 160 founders and 0 nonfounders present.
Calculating allele frequencies... done.
Total genotyping rate is 0.909055.
19802 variants and 160 people pass filters and QC.
Note: No phenotypes present.
Distance matrix calculation complete.
IDs written to ./data/FISH_560/FISH_560.final.mdist.id .
Distances (proportions) written to ./data/FISH_560/FISH_560.final.mdist .

End time: Tue Dec  2 13:21:18 2014
