PLINK v1.90b2o 64-bit (25 Nov 2014)
10 arguments: --allow-extra-chr --allow-no-sex --bfile ./data/FISH_560/FISH_560.filter02 --family --make-bed --mind 0.25 --out ./data/FISH_560/FISH_560.filter03
Hostname: ipseg-ubuntu
Working directory: /home/ipseg/Desktop/waples/chum_populations
Start time: Wed Dec  3 14:47:12 2014

Random number seed: 1417646832
32127 MB RAM detected; reserving 16063 MB for main workspace.
20028 variants loaded from .bim file.
200 people (0 males, 0 females, 200 ambiguous) loaded from .fam.
Ambiguous sex IDs written to ./data/FISH_560/FISH_560.filter03.nosex .
40 people removed due to missing genotype data (--mind).
IDs written to ./data/FISH_560/FISH_560.filter03.irem .
--family: 9 clusters defined.
Using 1 thread (no multithreaded calculations invoked).
Before main variant filters, 160 founders and 0 nonfounders present.
Calculating allele frequencies... done.
Total genotyping rate in remaining samples is 0.909261.
20028 variants and 160 people pass filters and QC.
Note: No phenotypes present.
--make-bed to ./data/FISH_560/FISH_560.filter03.bed +
./data/FISH_560/FISH_560.filter03.bim + ./data/FISH_560/FISH_560.filter03.fam
... done.

End time: Wed Dec  3 14:47:12 2014
