PLINK v1.90b2o 64-bit (25 Nov 2014)
10 arguments: --allow-extra-chr --allow-no-sex --bfile ./data/FISH_560/FISH_560.filter01 --family --geno 0.25 --make-bed --out ./data/FISH_560/FISH_560.filter02
Hostname: ipseg-ubuntu
Working directory: /home/ipseg/Desktop/waples/chum_populations
Start time: Tue Dec  2 13:21:17 2014

Random number seed: 1417555277
32127 MB RAM detected; reserving 16063 MB for main workspace.
20028 variants loaded from .bim file.
200 people (0 males, 0 females, 200 ambiguous) loaded from .fam.
Ambiguous sex IDs written to ./data/FISH_560/FISH_560.filter02.nosex .
--family: 10 clusters defined.
Using 1 thread (no multithreaded calculations invoked).
Before main variant filters, 200 founders and 0 nonfounders present.
Calculating allele frequencies... done.
Total genotyping rate is 0.83545.
0 variants removed due to missing genotype data (--geno).
20028 variants and 200 people pass filters and QC.
Note: No phenotypes present.
--make-bed to ./data/FISH_560/FISH_560.filter02.bed +
./data/FISH_560/FISH_560.filter02.bim + ./data/FISH_560/FISH_560.filter02.fam
... done.

End time: Tue Dec  2 13:21:17 2014
