PLINK v1.90b2o 64-bit (25 Nov 2014)
11 arguments: --allow-extra-chr --allow-no-sex --bfile ./data/FISH_560/FISH_560.filter06 --family --indep-pairwise 3 1 .2 --out ./data/FISH_560/FISH_560.filter06.pruned
Hostname: ipseg-ubuntu
Working directory: /home/ipseg/Desktop/waples/chum_populations
Start time: Tue Dec  2 13:21:17 2014

Random number seed: 1417555277
32127 MB RAM detected; reserving 16063 MB for main workspace.
19802 variants loaded from .bim file.
160 people (0 males, 0 females, 160 ambiguous) loaded from .fam.
Ambiguous sex IDs written to ./data/FISH_560/FISH_560.filter06.pruned.nosex .
--family: 9 clusters defined.
Using 1 thread (no multithreaded calculations invoked).
Before main variant filters, 160 founders and 0 nonfounders present.
Calculating allele frequencies... done.
Total genotyping rate is 0.909055.
19802 variants and 160 people pass filters and QC.
Note: No phenotypes present.
Pruned 5228 variants from chromosome 27, leaving 14574.
Pruning complete.  5228 of 19802 variants removed.
Marker lists written to ./data/FISH_560/FISH_560.filter06.pruned.prune.in and
./data/FISH_560/FISH_560.filter06.pruned.prune.out .

End time: Tue Dec  2 13:21:17 2014
