PLINK v1.90b3w 64-bit (3 Sep 2015)
Options in effect:
  --autosome-num 50
  --chr 24
  --file /home/ipseg/Desktop/waples/chum_populations/linkage_map/centromere_placement/shapeit/collapsed_loci
  --geno .5
  --out /home/ipseg/Desktop/waples/chum_populations/linkage_map/centromere_placement/shapeit/collapsed_loci.chrom24
  --recode

Hostname: ipseg-ubuntu
Working directory: /home/ipseg/Desktop/waples/chum_populations
Start time: Fri Oct 30 23:43:49 2015

Random number seed: 1446273829
32127 MB RAM detected; reserving 16063 MB for main workspace.
Scanning .ped file... done.
Performing single-pass .bed write (156 variants, 177 samples).
--file:
/home/ipseg/Desktop/waples/chum_populations/linkage_map/centromere_placement/shapeit/collapsed_loci.chrom24-temporary.bed
+
/home/ipseg/Desktop/waples/chum_populations/linkage_map/centromere_placement/shapeit/collapsed_loci.chrom24-temporary.bim
+
/home/ipseg/Desktop/waples/chum_populations/linkage_map/centromere_placement/shapeit/collapsed_loci.chrom24-temporary.fam
written.
156 variants loaded from .bim file.
177 samples (1 male, 1 female, 175 ambiguous) loaded from .fam.
Ambiguous sex IDs written to
/home/ipseg/Desktop/waples/chum_populations/linkage_map/centromere_placement/shapeit/collapsed_loci.chrom24.nosex
.
Using 1 thread (no multithreaded calculations invoked.
Before main variant filters, 2 founders and 175 nonfounders present.
Calculating allele frequencies... done.
Total genotyping rate is 0.606982.
56 variants removed due to missing genotype data (--geno).
100 variants and 177 samples pass filters and QC.
Note: No phenotypes present.
--recode to
/home/ipseg/Desktop/waples/chum_populations/linkage_map/centromere_placement/shapeit/collapsed_loci.chrom24.ped
+
/home/ipseg/Desktop/waples/chum_populations/linkage_map/centromere_placement/shapeit/collapsed_loci.chrom24.map
... done.

End time: Fri Oct 30 23:43:49 2015
