PLINK v1.90b3w 64-bit (3 Sep 2015)
Options in effect:
  --autosome-num 50
  --chr 36
  --file /home/ipseg/Desktop/waples/chum_populations/linkage_map/centromere_placement/shapeit/collapsed_loci
  --geno .5
  --out /home/ipseg/Desktop/waples/chum_populations/linkage_map/centromere_placement/shapeit/collapsed_loci.chrom36
  --recode

Hostname: ipseg-ubuntu
Working directory: /home/ipseg/Desktop/waples/chum_populations
Start time: Fri Oct 30 23:43:51 2015

Random number seed: 1446273831
32127 MB RAM detected; reserving 16063 MB for main workspace.
Scanning .ped file... done.
Performing single-pass .bed write (146 variants, 177 samples).
--file:
/home/ipseg/Desktop/waples/chum_populations/linkage_map/centromere_placement/shapeit/collapsed_loci.chrom36-temporary.bed
+
/home/ipseg/Desktop/waples/chum_populations/linkage_map/centromere_placement/shapeit/collapsed_loci.chrom36-temporary.bim
+
/home/ipseg/Desktop/waples/chum_populations/linkage_map/centromere_placement/shapeit/collapsed_loci.chrom36-temporary.fam
written.
146 variants loaded from .bim file.
177 samples (1 male, 1 female, 175 ambiguous) loaded from .fam.
Ambiguous sex IDs written to
/home/ipseg/Desktop/waples/chum_populations/linkage_map/centromere_placement/shapeit/collapsed_loci.chrom36.nosex
.
Using 1 thread (no multithreaded calculations invoked.
Before main variant filters, 2 founders and 175 nonfounders present.
Calculating allele frequencies... done.
Total genotyping rate is 0.398382.
85 variants removed due to missing genotype data (--geno).
61 variants and 177 samples pass filters and QC.
Note: No phenotypes present.
--recode to
/home/ipseg/Desktop/waples/chum_populations/linkage_map/centromere_placement/shapeit/collapsed_loci.chrom36.ped
+
/home/ipseg/Desktop/waples/chum_populations/linkage_map/centromere_placement/shapeit/collapsed_loci.chrom36.map
... done.

End time: Fri Oct 30 23:43:51 2015
