PLINK v1.90b3j 64-bit (2 Apr 2015) 
21 arguments: --allow-extra-chr --allow-no-sex --autosome-num 50 --bfile /home/ipseg/Desktop/waples/chum_populations/data/batch_4/pop_genotypes/non_paralogs --family --keep-cluster-names 1 2 3 4 5 6 7 8 9 10 --out /home/ipseg/Desktop/waples/chum_populations/results/batch_4/pop_analysis/bayescan/BS_group_1 --recode
Hostname: ipseg-ubuntu
Working directory: /home/ipseg/Desktop/waples/chum_populations
Start time: Fri May  1 18:16:20 2015

Random number seed: 1430529380
32127 MB RAM detected; reserving 16063 MB for main workspace.
12539 variants loaded from .bim file.
174 samples (0 males, 0 females, 174 ambiguous) loaded from .fam.
Ambiguous sex IDs written to
/home/ipseg/Desktop/waples/chum_populations/results/batch_4/pop_analysis/bayescan/BS_group_1.nosex
.
--family: 10 clusters defined.
Using 1 thread (no multithreaded calculations invoked).
Before main variant filters, 174 founders and 0 nonfounders present.
Calculating allele frequencies... done.
Total genotyping rate is 0.927873.
12539 variants and 174 samples pass filters and QC.
Note: No phenotypes present.
--recode to
/home/ipseg/Desktop/waples/chum_populations/results/batch_4/pop_analysis/bayescan/BS_group_1.ped
+
/home/ipseg/Desktop/waples/chum_populations/results/batch_4/pop_analysis/bayescan/BS_group_1.map
... done.

End time: Fri May  1 18:16:20 2015
