PLINK v1.90b3q 64-bit (29 May 2015)
Options in effect:
  --allow-extra-chr
  --allow-no-sex
  --autosome-num 50
  --bfile /home/ipseg/Desktop/waples/chum_populations/data/batch_4/pop_genotypes/non_paralogs
  --family
  --keep-allele-order
  --keep-cluster-names 1 2 3 4 5 6 7 8 9
  --out /home/ipseg/Desktop/waples/chum_populations/results/batch_4/pop_analysis/bayescan/BS_group_2
  --recode

Hostname: ipseg-ubuntu
Working directory: /home/ipseg/Desktop/waples/chum_populations
Start time: Tue Oct  6 10:57:26 2015

Random number seed: 1444154246
32127 MB RAM detected; reserving 16063 MB for main workspace.
12399 variants loaded from .bim file.
174 samples (0 males, 0 females, 174 ambiguous) loaded from .fam.
Ambiguous sex IDs written to
/home/ipseg/Desktop/waples/chum_populations/results/batch_4/pop_analysis/bayescan/BS_group_2.nosex
.
--family: 9 clusters defined.
8 samples removed by cluster filter(s).
Using 1 thread (no multithreaded calculations invoked).
Before main variant filters, 166 founders and 0 nonfounders present.
Calculating allele frequencies... done.
Total genotyping rate in remaining samples is 0.93158.
12399 variants and 166 samples pass filters and QC.
Note: No phenotypes present.
--recode to
/home/ipseg/Desktop/waples/chum_populations/results/batch_4/pop_analysis/bayescan/BS_group_2.ped
+
/home/ipseg/Desktop/waples/chum_populations/results/batch_4/pop_analysis/bayescan/BS_group_2.map
... done.

End time: Tue Oct  6 10:57:26 2015
