PLINK v1.90b3q 64-bit (29 May 2015)
Options in effect:
  --allow-extra-chr
  --allow-no-sex
  --autosome-num 50
  --bfile /home/ipseg/Desktop/waples/chum_populations/data/batch_4/pop_genotypes/non_paralogs
  --keep-allele-order
  --out /home/ipseg/Desktop/waples/chum_populations/results/batch_4/pop_analysis/bayescan/non_paralogs
  --recode

Hostname: ipseg-ubuntu
Working directory: /home/ipseg/Desktop/waples/chum_populations
Start time: Thu Oct  8 15:31:03 2015

Random number seed: 1444343463
32127 MB RAM detected; reserving 16063 MB for main workspace.
12399 variants loaded from .bim file.
174 samples (0 males, 0 females, 174 ambiguous) loaded from .fam.
Ambiguous sex IDs written to
/home/ipseg/Desktop/waples/chum_populations/results/batch_4/pop_analysis/bayescan/non_paralogs.nosex
.
Using 1 thread (no multithreaded calculations invoked).
Before main variant filters, 174 founders and 0 nonfounders present.
Calculating allele frequencies... done.
Total genotyping rate is 0.927748.
12399 variants and 174 samples pass filters and QC.
Note: No phenotypes present.
--recode to
/home/ipseg/Desktop/waples/chum_populations/results/batch_4/pop_analysis/bayescan/non_paralogs.ped
+
/home/ipseg/Desktop/waples/chum_populations/results/batch_4/pop_analysis/bayescan/non_paralogs.map
... done.

End time: Thu Oct  8 15:31:03 2015
