0->0 : 0
0->1 : 0
0->2 : 0
       Error rate = 0.0
1->0 : 0
1->1 : 0
1->2 : 0
       Error rate = 0.0
2->0 : 0
2->1 : 0
2->2 : 0
       Error rate = 0.0
0,2->0,2 : 1336466
  0,2->1 : 0
1,2->1,2 : 0
  1,2->0 : 0
       Error rate = 0.0
Maternally informative markers = 0 (of 12603)
Paternally informative markers = 12603
Maternally or paternally informative markers = 12603
Removed 0 children
Removed 0 markers
LOD(175, 0) = 50.730831351371116
LOD(174, 0) = 50.43224777297899
LOD(174, 1) = 48.48280135712733
LOD(173, 2) = 46.53823211177203
LOD(175, 0) = 51.823989272088426
LOD(174, 0) = 51.52516615900455
LOD(174, 1) = 49.53108809594482
LOD(173, 2) = 47.486415116373095
Family fam_08
Family fam_01
Family fam_09
Number of different markers = 12166
10.0
Number of markers assigned to Z chromosome = 0
number of LGs = 45 singles = 5724
***Family = fam_08 chromosome = 1 numMarkers = 326 maternal informative markers 0 (paternal informative markers 326)
***Family = fam_01 chromosome = 1 numMarkers = 326 maternal informative markers 0 (paternal informative markers 326)
***Family = fam_09 chromosome = 1 numMarkers = 326 maternal informative markers 0 (paternal informative markers 326)
***Family = fam_08 chromosome = 2 numMarkers = 313 maternal informative markers 0 (paternal informative markers 311)
***Family = fam_01 chromosome = 2 numMarkers = 313 maternal informative markers 0 (paternal informative markers 312)
***Family = fam_09 chromosome = 2 numMarkers = 313 maternal informative markers 0 (paternal informative markers 309)
***Family = fam_08 chromosome = 3 numMarkers = 285 maternal informative markers 0 (paternal informative markers 285)
***Family = fam_01 chromosome = 3 numMarkers = 285 maternal informative markers 0 (paternal informative markers 285)
***Family = fam_09 chromosome = 3 numMarkers = 285 maternal informative markers 0 (paternal informative markers 277)
***Family = fam_08 chromosome = 4 numMarkers = 283 maternal informative markers 0 (paternal informative markers 283)
***Family = fam_01 chromosome = 4 numMarkers = 283 maternal informative markers 0 (paternal informative markers 283)
***Family = fam_09 chromosome = 4 numMarkers = 283 maternal informative markers 0 (paternal informative markers 282)
***Family = fam_08 chromosome = 5 numMarkers = 258 maternal informative markers 0 (paternal informative markers 258)
***Family = fam_01 chromosome = 5 numMarkers = 258 maternal informative markers 0 (paternal informative markers 258)
***Family = fam_09 chromosome = 5 numMarkers = 258 maternal informative markers 0 (paternal informative markers 258)
***Family = fam_08 chromosome = 6 numMarkers = 251 maternal informative markers 0 (paternal informative markers 251)
***Family = fam_01 chromosome = 6 numMarkers = 251 maternal informative markers 0 (paternal informative markers 251)
***Family = fam_09 chromosome = 6 numMarkers = 251 maternal informative markers 0 (paternal informative markers 251)
***Family = fam_08 chromosome = 7 numMarkers = 248 maternal informative markers 0 (paternal informative markers 240)
***Family = fam_01 chromosome = 7 numMarkers = 248 maternal informative markers 0 (paternal informative markers 248)
***Family = fam_09 chromosome = 7 numMarkers = 248 maternal informative markers 0 (paternal informative markers 248)
***Family = fam_08 chromosome = 8 numMarkers = 246 maternal informative markers 0 (paternal informative markers 246)
***Family = fam_01 chromosome = 8 numMarkers = 246 maternal informative markers 0 (paternal informative markers 246)
***Family = fam_09 chromosome = 8 numMarkers = 246 maternal informative markers 0 (paternal informative markers 246)
***Family = fam_08 chromosome = 9 numMarkers = 238 maternal informative markers 0 (paternal informative markers 238)
***Family = fam_01 chromosome = 9 numMarkers = 238 maternal informative markers 0 (paternal informative markers 238)
***Family = fam_09 chromosome = 9 numMarkers = 238 maternal informative markers 0 (paternal informative markers 238)
***Family = fam_08 chromosome = 10 numMarkers = 228 maternal informative markers 0 (paternal informative markers 228)
***Family = fam_01 chromosome = 10 numMarkers = 228 maternal informative markers 0 (paternal informative markers 228)
***Family = fam_09 chromosome = 10 numMarkers = 228 maternal informative markers 0 (paternal informative markers 228)
***Family = fam_08 chromosome = 11 numMarkers = 221 maternal informative markers 0 (paternal informative markers 221)
***Family = fam_01 chromosome = 11 numMarkers = 221 maternal informative markers 0 (paternal informative markers 221)
***Family = fam_09 chromosome = 11 numMarkers = 221 maternal informative markers 0 (paternal informative markers 221)
***Family = fam_08 chromosome = 12 numMarkers = 220 maternal informative markers 0 (paternal informative markers 220)
***Family = fam_01 chromosome = 12 numMarkers = 220 maternal informative markers 0 (paternal informative markers 220)
***Family = fam_09 chromosome = 12 numMarkers = 220 maternal informative markers 0 (paternal informative markers 220)
***Family = fam_08 chromosome = 13 numMarkers = 198 maternal informative markers 0 (paternal informative markers 196)
***Family = fam_01 chromosome = 13 numMarkers = 198 maternal informative markers 0 (paternal informative markers 198)
***Family = fam_09 chromosome = 13 numMarkers = 198 maternal informative markers 0 (paternal informative markers 198)
***Family = fam_08 chromosome = 14 numMarkers = 185 maternal informative markers 0 (paternal informative markers 185)
***Family = fam_01 chromosome = 14 numMarkers = 185 maternal informative markers 0 (paternal informative markers 185)
***Family = fam_09 chromosome = 14 numMarkers = 185 maternal informative markers 0 (paternal informative markers 185)
***Family = fam_08 chromosome = 15 numMarkers = 173 maternal informative markers 0 (paternal informative markers 173)
***Family = fam_01 chromosome = 15 numMarkers = 173 maternal informative markers 0 (paternal informative markers 173)
***Family = fam_09 chromosome = 15 numMarkers = 173 maternal informative markers 0 (paternal informative markers 173)
***Family = fam_08 chromosome = 16 numMarkers = 171 maternal informative markers 0 (paternal informative markers 171)
***Family = fam_01 chromosome = 16 numMarkers = 171 maternal informative markers 0 (paternal informative markers 171)
***Family = fam_09 chromosome = 16 numMarkers = 171 maternal informative markers 0 (paternal informative markers 171)
***Family = fam_08 chromosome = 17 numMarkers = 169 maternal informative markers 0 (paternal informative markers 169)
***Family = fam_01 chromosome = 17 numMarkers = 169 maternal informative markers 0 (paternal informative markers 169)
***Family = fam_09 chromosome = 17 numMarkers = 169 maternal informative markers 0 (paternal informative markers 169)
***Family = fam_08 chromosome = 18 numMarkers = 168 maternal informative markers 0 (paternal informative markers 168)
***Family = fam_01 chromosome = 18 numMarkers = 168 maternal informative markers 0 (paternal informative markers 168)
***Family = fam_09 chromosome = 18 numMarkers = 168 maternal informative markers 0 (paternal informative markers 168)
***Family = fam_08 chromosome = 19 numMarkers = 166 maternal informative markers 0 (paternal informative markers 166)
***Family = fam_01 chromosome = 19 numMarkers = 166 maternal informative markers 0 (paternal informative markers 166)
***Family = fam_09 chromosome = 19 numMarkers = 166 maternal informative markers 0 (paternal informative markers 166)
***Family = fam_08 chromosome = 20 numMarkers = 162 maternal informative markers 0 (paternal informative markers 162)
***Family = fam_01 chromosome = 20 numMarkers = 162 maternal informative markers 0 (paternal informative markers 162)
***Family = fam_09 chromosome = 20 numMarkers = 162 maternal informative markers 0 (paternal informative markers 162)
***Family = fam_08 chromosome = 21 numMarkers = 161 maternal informative markers 0 (paternal informative markers 161)
***Family = fam_01 chromosome = 21 numMarkers = 161 maternal informative markers 0 (paternal informative markers 161)
***Family = fam_09 chromosome = 21 numMarkers = 161 maternal informative markers 0 (paternal informative markers 161)
***Family = fam_08 chromosome = 22 numMarkers = 159 maternal informative markers 0 (paternal informative markers 159)
***Family = fam_01 chromosome = 22 numMarkers = 159 maternal informative markers 0 (paternal informative markers 159)
***Family = fam_09 chromosome = 22 numMarkers = 159 maternal informative markers 0 (paternal informative markers 159)
***Family = fam_08 chromosome = 23 numMarkers = 156 maternal informative markers 0 (paternal informative markers 149)
***Family = fam_01 chromosome = 23 numMarkers = 156 maternal informative markers 0 (paternal informative markers 156)
***Family = fam_09 chromosome = 23 numMarkers = 156 maternal informative markers 0 (paternal informative markers 156)
***Family = fam_08 chromosome = 24 numMarkers = 153 maternal informative markers 0 (paternal informative markers 153)
***Family = fam_01 chromosome = 24 numMarkers = 153 maternal informative markers 0 (paternal informative markers 153)
***Family = fam_09 chromosome = 24 numMarkers = 153 maternal informative markers 0 (paternal informative markers 153)
***Family = fam_08 chromosome = 25 numMarkers = 151 maternal informative markers 0 (paternal informative markers 151)
***Family = fam_01 chromosome = 25 numMarkers = 151 maternal informative markers 0 (paternal informative markers 151)
***Family = fam_09 chromosome = 25 numMarkers = 151 maternal informative markers 0 (paternal informative markers 151)
***Family = fam_08 chromosome = 26 numMarkers = 148 maternal informative markers 0 (paternal informative markers 148)
***Family = fam_01 chromosome = 26 numMarkers = 148 maternal informative markers 0 (paternal informative markers 148)
***Family = fam_09 chromosome = 26 numMarkers = 148 maternal informative markers 0 (paternal informative markers 148)
***Family = fam_08 chromosome = 27 numMarkers = 144 maternal informative markers 0 (paternal informative markers 144)
***Family = fam_01 chromosome = 27 numMarkers = 144 maternal informative markers 0 (paternal informative markers 144)
***Family = fam_09 chromosome = 27 numMarkers = 144 maternal informative markers 0 (paternal informative markers 144)
***Family = fam_08 chromosome = 28 numMarkers = 141 maternal informative markers 0 (paternal informative markers 141)
***Family = fam_01 chromosome = 28 numMarkers = 141 maternal informative markers 0 (paternal informative markers 141)
***Family = fam_09 chromosome = 28 numMarkers = 141 maternal informative markers 0 (paternal informative markers 141)
***Family = fam_08 chromosome = 29 numMarkers = 140 maternal informative markers 0 (paternal informative markers 140)
***Family = fam_01 chromosome = 29 numMarkers = 140 maternal informative markers 0 (paternal informative markers 140)
***Family = fam_09 chromosome = 29 numMarkers = 140 maternal informative markers 0 (paternal informative markers 140)
***Family = fam_08 chromosome = 30 numMarkers = 137 maternal informative markers 0 (paternal informative markers 137)
***Family = fam_01 chromosome = 30 numMarkers = 137 maternal informative markers 0 (paternal informative markers 137)
***Family = fam_09 chromosome = 30 numMarkers = 137 maternal informative markers 0 (paternal informative markers 137)
***Family = fam_08 chromosome = 31 numMarkers = 135 maternal informative markers 0 (paternal informative markers 135)
***Family = fam_01 chromosome = 31 numMarkers = 135 maternal informative markers 0 (paternal informative markers 135)
***Family = fam_09 chromosome = 31 numMarkers = 135 maternal informative markers 0 (paternal informative markers 135)
***Family = fam_08 chromosome = 32 numMarkers = 135 maternal informative markers 0 (paternal informative markers 135)
***Family = fam_01 chromosome = 32 numMarkers = 135 maternal informative markers 0 (paternal informative markers 135)
***Family = fam_09 chromosome = 32 numMarkers = 135 maternal informative markers 0 (paternal informative markers 135)
***Family = fam_08 chromosome = 33 numMarkers = 130 maternal informative markers 0 (paternal informative markers 130)
***Family = fam_01 chromosome = 33 numMarkers = 130 maternal informative markers 0 (paternal informative markers 130)
***Family = fam_09 chromosome = 33 numMarkers = 130 maternal informative markers 0 (paternal informative markers 130)
***Family = fam_08 chromosome = 34 numMarkers = 129 maternal informative markers 0 (paternal informative markers 129)
***Family = fam_01 chromosome = 34 numMarkers = 129 maternal informative markers 0 (paternal informative markers 128)
***Family = fam_09 chromosome = 34 numMarkers = 129 maternal informative markers 0 (paternal informative markers 129)
***Family = fam_08 chromosome = 35 numMarkers = 117 maternal informative markers 0 (paternal informative markers 117)
***Family = fam_01 chromosome = 35 numMarkers = 117 maternal informative markers 0 (paternal informative markers 117)
***Family = fam_09 chromosome = 35 numMarkers = 117 maternal informative markers 0 (paternal informative markers 117)
***Family = fam_08 chromosome = 36 numMarkers = 111 maternal informative markers 0 (paternal informative markers 110)
***Family = fam_01 chromosome = 36 numMarkers = 111 maternal informative markers 0 (paternal informative markers 111)
***Family = fam_09 chromosome = 36 numMarkers = 111 maternal informative markers 0 (paternal informative markers 111)
***Family = fam_08 chromosome = 37 numMarkers = 98 maternal informative markers 0 (paternal informative markers 98)
***Family = fam_01 chromosome = 37 numMarkers = 98 maternal informative markers 0 (paternal informative markers 98)
***Family = fam_09 chromosome = 37 numMarkers = 98 maternal informative markers 0 (paternal informative markers 98)
***Family = fam_08 chromosome = 38 numMarkers = 7 maternal informative markers 0 (paternal informative markers 7)
***Family = fam_01 chromosome = 38 numMarkers = 7 maternal informative markers 0 (paternal informative markers 7)
***Family = fam_09 chromosome = 38 numMarkers = 7 maternal informative markers 0 (paternal informative markers 7)
***Family = fam_08 chromosome = 39 numMarkers = 4 maternal informative markers 0 (paternal informative markers 4)
***Family = fam_01 chromosome = 39 numMarkers = 4 maternal informative markers 0 (paternal informative markers 4)
***Family = fam_09 chromosome = 39 numMarkers = 4 maternal informative markers 0 (paternal informative markers 4)
***Family = fam_08 chromosome = 40 numMarkers = 3 maternal informative markers 0 (paternal informative markers 3)
***Family = fam_01 chromosome = 40 numMarkers = 3 maternal informative markers 0 (paternal informative markers 3)
***Family = fam_09 chromosome = 40 numMarkers = 3 maternal informative markers 0 (paternal informative markers 3)
***Family = fam_08 chromosome = 41 numMarkers = 3 maternal informative markers 0 (paternal informative markers 3)
***Family = fam_01 chromosome = 41 numMarkers = 3 maternal informative markers 0 (paternal informative markers 3)
***Family = fam_09 chromosome = 41 numMarkers = 3 maternal informative markers 0 (paternal informative markers 3)
***Family = fam_08 chromosome = 42 numMarkers = 2 maternal informative markers 0 (paternal informative markers 0)
***Family = fam_01 chromosome = 42 numMarkers = 2 maternal informative markers 0 (paternal informative markers 2)
***Family = fam_09 chromosome = 42 numMarkers = 2 maternal informative markers 0 (paternal informative markers 2)
***Family = fam_08 chromosome = 43 numMarkers = 2 maternal informative markers 0 (paternal informative markers 2)
***Family = fam_01 chromosome = 43 numMarkers = 2 maternal informative markers 0 (paternal informative markers 2)
***Family = fam_09 chromosome = 43 numMarkers = 2 maternal informative markers 0 (paternal informative markers 2)
***Family = fam_08 chromosome = 44 numMarkers = 2 maternal informative markers 0 (paternal informative markers 2)
***Family = fam_01 chromosome = 44 numMarkers = 2 maternal informative markers 0 (paternal informative markers 2)
***Family = fam_09 chromosome = 44 numMarkers = 2 maternal informative markers 0 (paternal informative markers 2)
***Family = fam_08 chromosome = 45 numMarkers = 2 maternal informative markers 0 (paternal informative markers 2)
***Family = fam_01 chromosome = 45 numMarkers = 2 maternal informative markers 0 (paternal informative markers 2)
***Family = fam_09 chromosome = 45 numMarkers = 2 maternal informative markers 0 (paternal informative markers 2)
Family fam_08
Family fam_01
Family fam_09
Number of different markers = 12166
10.0
Number of markers assigned to Z chromosome = 0
number of LGs = 45 singles = 5724
***Family = fam_08 chromosome = 1 numMarkers = 326 maternal informative markers 0 (paternal informative markers 326)
***Family = fam_01 chromosome = 1 numMarkers = 326 maternal informative markers 0 (paternal informative markers 326)
***Family = fam_09 chromosome = 1 numMarkers = 326 maternal informative markers 0 (paternal informative markers 326)
***Family = fam_08 chromosome = 2 numMarkers = 313 maternal informative markers 0 (paternal informative markers 311)
***Family = fam_01 chromosome = 2 numMarkers = 313 maternal informative markers 0 (paternal informative markers 312)
***Family = fam_09 chromosome = 2 numMarkers = 313 maternal informative markers 0 (paternal informative markers 309)
***Family = fam_08 chromosome = 3 numMarkers = 285 maternal informative markers 0 (paternal informative markers 285)
***Family = fam_01 chromosome = 3 numMarkers = 285 maternal informative markers 0 (paternal informative markers 285)
***Family = fam_09 chromosome = 3 numMarkers = 285 maternal informative markers 0 (paternal informative markers 277)
***Family = fam_08 chromosome = 4 numMarkers = 283 maternal informative markers 0 (paternal informative markers 283)
***Family = fam_01 chromosome = 4 numMarkers = 283 maternal informative markers 0 (paternal informative markers 283)
***Family = fam_09 chromosome = 4 numMarkers = 283 maternal informative markers 0 (paternal informative markers 282)
***Family = fam_08 chromosome = 5 numMarkers = 258 maternal informative markers 0 (paternal informative markers 258)
***Family = fam_01 chromosome = 5 numMarkers = 258 maternal informative markers 0 (paternal informative markers 258)
***Family = fam_09 chromosome = 5 numMarkers = 258 maternal informative markers 0 (paternal informative markers 258)
***Family = fam_08 chromosome = 6 numMarkers = 251 maternal informative markers 0 (paternal informative markers 251)
***Family = fam_01 chromosome = 6 numMarkers = 251 maternal informative markers 0 (paternal informative markers 251)
***Family = fam_09 chromosome = 6 numMarkers = 251 maternal informative markers 0 (paternal informative markers 251)
***Family = fam_08 chromosome = 7 numMarkers = 248 maternal informative markers 0 (paternal informative markers 240)
***Family = fam_01 chromosome = 7 numMarkers = 248 maternal informative markers 0 (paternal informative markers 248)
***Family = fam_09 chromosome = 7 numMarkers = 248 maternal informative markers 0 (paternal informative markers 248)
***Family = fam_08 chromosome = 8 numMarkers = 246 maternal informative markers 0 (paternal informative markers 246)
***Family = fam_01 chromosome = 8 numMarkers = 246 maternal informative markers 0 (paternal informative markers 246)
***Family = fam_09 chromosome = 8 numMarkers = 246 maternal informative markers 0 (paternal informative markers 246)
***Family = fam_08 chromosome = 9 numMarkers = 238 maternal informative markers 0 (paternal informative markers 238)
***Family = fam_01 chromosome = 9 numMarkers = 238 maternal informative markers 0 (paternal informative markers 238)
***Family = fam_09 chromosome = 9 numMarkers = 238 maternal informative markers 0 (paternal informative markers 238)
***Family = fam_08 chromosome = 10 numMarkers = 228 maternal informative markers 0 (paternal informative markers 228)
***Family = fam_01 chromosome = 10 numMarkers = 228 maternal informative markers 0 (paternal informative markers 228)
***Family = fam_09 chromosome = 10 numMarkers = 228 maternal informative markers 0 (paternal informative markers 228)
***Family = fam_08 chromosome = 11 numMarkers = 221 maternal informative markers 0 (paternal informative markers 221)
***Family = fam_01 chromosome = 11 numMarkers = 221 maternal informative markers 0 (paternal informative markers 221)
***Family = fam_09 chromosome = 11 numMarkers = 221 maternal informative markers 0 (paternal informative markers 221)
***Family = fam_08 chromosome = 12 numMarkers = 220 maternal informative markers 0 (paternal informative markers 220)
***Family = fam_01 chromosome = 12 numMarkers = 220 maternal informative markers 0 (paternal informative markers 220)
***Family = fam_09 chromosome = 12 numMarkers = 220 maternal informative markers 0 (paternal informative markers 220)
***Family = fam_08 chromosome = 13 numMarkers = 198 maternal informative markers 0 (paternal informative markers 196)
***Family = fam_01 chromosome = 13 numMarkers = 198 maternal informative markers 0 (paternal informative markers 198)
***Family = fam_09 chromosome = 13 numMarkers = 198 maternal informative markers 0 (paternal informative markers 198)
***Family = fam_08 chromosome = 14 numMarkers = 185 maternal informative markers 0 (paternal informative markers 185)
***Family = fam_01 chromosome = 14 numMarkers = 185 maternal informative markers 0 (paternal informative markers 185)
***Family = fam_09 chromosome = 14 numMarkers = 185 maternal informative markers 0 (paternal informative markers 185)
***Family = fam_08 chromosome = 15 numMarkers = 173 maternal informative markers 0 (paternal informative markers 173)
***Family = fam_01 chromosome = 15 numMarkers = 173 maternal informative markers 0 (paternal informative markers 173)
***Family = fam_09 chromosome = 15 numMarkers = 173 maternal informative markers 0 (paternal informative markers 173)
***Family = fam_08 chromosome = 16 numMarkers = 171 maternal informative markers 0 (paternal informative markers 171)
***Family = fam_01 chromosome = 16 numMarkers = 171 maternal informative markers 0 (paternal informative markers 171)
***Family = fam_09 chromosome = 16 numMarkers = 171 maternal informative markers 0 (paternal informative markers 171)
***Family = fam_08 chromosome = 17 numMarkers = 169 maternal informative markers 0 (paternal informative markers 169)
***Family = fam_01 chromosome = 17 numMarkers = 169 maternal informative markers 0 (paternal informative markers 169)
***Family = fam_09 chromosome = 17 numMarkers = 169 maternal informative markers 0 (paternal informative markers 169)
***Family = fam_08 chromosome = 18 numMarkers = 168 maternal informative markers 0 (paternal informative markers 168)
***Family = fam_01 chromosome = 18 numMarkers = 168 maternal informative markers 0 (paternal informative markers 168)
***Family = fam_09 chromosome = 18 numMarkers = 168 maternal informative markers 0 (paternal informative markers 168)
***Family = fam_08 chromosome = 19 numMarkers = 166 maternal informative markers 0 (paternal informative markers 166)
***Family = fam_01 chromosome = 19 numMarkers = 166 maternal informative markers 0 (paternal informative markers 166)
***Family = fam_09 chromosome = 19 numMarkers = 166 maternal informative markers 0 (paternal informative markers 166)
***Family = fam_08 chromosome = 20 numMarkers = 162 maternal informative markers 0 (paternal informative markers 162)
***Family = fam_01 chromosome = 20 numMarkers = 162 maternal informative markers 0 (paternal informative markers 162)
***Family = fam_09 chromosome = 20 numMarkers = 162 maternal informative markers 0 (paternal informative markers 162)
***Family = fam_08 chromosome = 21 numMarkers = 161 maternal informative markers 0 (paternal informative markers 161)
***Family = fam_01 chromosome = 21 numMarkers = 161 maternal informative markers 0 (paternal informative markers 161)
***Family = fam_09 chromosome = 21 numMarkers = 161 maternal informative markers 0 (paternal informative markers 161)
***Family = fam_08 chromosome = 22 numMarkers = 159 maternal informative markers 0 (paternal informative markers 159)
***Family = fam_01 chromosome = 22 numMarkers = 159 maternal informative markers 0 (paternal informative markers 159)
***Family = fam_09 chromosome = 22 numMarkers = 159 maternal informative markers 0 (paternal informative markers 159)
***Family = fam_08 chromosome = 23 numMarkers = 156 maternal informative markers 0 (paternal informative markers 149)
***Family = fam_01 chromosome = 23 numMarkers = 156 maternal informative markers 0 (paternal informative markers 156)
***Family = fam_09 chromosome = 23 numMarkers = 156 maternal informative markers 0 (paternal informative markers 156)
***Family = fam_08 chromosome = 24 numMarkers = 153 maternal informative markers 0 (paternal informative markers 153)
***Family = fam_01 chromosome = 24 numMarkers = 153 maternal informative markers 0 (paternal informative markers 153)
***Family = fam_09 chromosome = 24 numMarkers = 153 maternal informative markers 0 (paternal informative markers 153)
***Family = fam_08 chromosome = 25 numMarkers = 151 maternal informative markers 0 (paternal informative markers 151)
***Family = fam_01 chromosome = 25 numMarkers = 151 maternal informative markers 0 (paternal informative markers 151)
***Family = fam_09 chromosome = 25 numMarkers = 151 maternal informative markers 0 (paternal informative markers 151)
***Family = fam_08 chromosome = 26 numMarkers = 148 maternal informative markers 0 (paternal informative markers 148)
***Family = fam_01 chromosome = 26 numMarkers = 148 maternal informative markers 0 (paternal informative markers 148)
***Family = fam_09 chromosome = 26 numMarkers = 148 maternal informative markers 0 (paternal informative markers 148)
***Family = fam_08 chromosome = 27 numMarkers = 144 maternal informative markers 0 (paternal informative markers 144)
***Family = fam_01 chromosome = 27 numMarkers = 144 maternal informative markers 0 (paternal informative markers 144)
***Family = fam_09 chromosome = 27 numMarkers = 144 maternal informative markers 0 (paternal informative markers 144)
***Family = fam_08 chromosome = 28 numMarkers = 141 maternal informative markers 0 (paternal informative markers 141)
***Family = fam_01 chromosome = 28 numMarkers = 141 maternal informative markers 0 (paternal informative markers 141)
***Family = fam_09 chromosome = 28 numMarkers = 141 maternal informative markers 0 (paternal informative markers 141)
***Family = fam_08 chromosome = 29 numMarkers = 140 maternal informative markers 0 (paternal informative markers 140)
***Family = fam_01 chromosome = 29 numMarkers = 140 maternal informative markers 0 (paternal informative markers 140)
***Family = fam_09 chromosome = 29 numMarkers = 140 maternal informative markers 0 (paternal informative markers 140)
***Family = fam_08 chromosome = 30 numMarkers = 137 maternal informative markers 0 (paternal informative markers 137)
***Family = fam_01 chromosome = 30 numMarkers = 137 maternal informative markers 0 (paternal informative markers 137)
***Family = fam_09 chromosome = 30 numMarkers = 137 maternal informative markers 0 (paternal informative markers 137)
***Family = fam_08 chromosome = 31 numMarkers = 135 maternal informative markers 0 (paternal informative markers 135)
***Family = fam_01 chromosome = 31 numMarkers = 135 maternal informative markers 0 (paternal informative markers 135)
***Family = fam_09 chromosome = 31 numMarkers = 135 maternal informative markers 0 (paternal informative markers 135)
***Family = fam_08 chromosome = 32 numMarkers = 135 maternal informative markers 0 (paternal informative markers 135)
***Family = fam_01 chromosome = 32 numMarkers = 135 maternal informative markers 0 (paternal informative markers 135)
***Family = fam_09 chromosome = 32 numMarkers = 135 maternal informative markers 0 (paternal informative markers 135)
***Family = fam_08 chromosome = 33 numMarkers = 130 maternal informative markers 0 (paternal informative markers 130)
***Family = fam_01 chromosome = 33 numMarkers = 130 maternal informative markers 0 (paternal informative markers 130)
***Family = fam_09 chromosome = 33 numMarkers = 130 maternal informative markers 0 (paternal informative markers 130)
***Family = fam_08 chromosome = 34 numMarkers = 129 maternal informative markers 0 (paternal informative markers 129)
***Family = fam_01 chromosome = 34 numMarkers = 129 maternal informative markers 0 (paternal informative markers 128)
***Family = fam_09 chromosome = 34 numMarkers = 129 maternal informative markers 0 (paternal informative markers 129)
***Family = fam_08 chromosome = 35 numMarkers = 117 maternal informative markers 0 (paternal informative markers 117)
***Family = fam_01 chromosome = 35 numMarkers = 117 maternal informative markers 0 (paternal informative markers 117)
***Family = fam_09 chromosome = 35 numMarkers = 117 maternal informative markers 0 (paternal informative markers 117)
***Family = fam_08 chromosome = 36 numMarkers = 111 maternal informative markers 0 (paternal informative markers 110)
***Family = fam_01 chromosome = 36 numMarkers = 111 maternal informative markers 0 (paternal informative markers 111)
***Family = fam_09 chromosome = 36 numMarkers = 111 maternal informative markers 0 (paternal informative markers 111)
***Family = fam_08 chromosome = 37 numMarkers = 98 maternal informative markers 0 (paternal informative markers 98)
***Family = fam_01 chromosome = 37 numMarkers = 98 maternal informative markers 0 (paternal informative markers 98)
***Family = fam_09 chromosome = 37 numMarkers = 98 maternal informative markers 0 (paternal informative markers 98)
***Family = fam_08 chromosome = 38 numMarkers = 7 maternal informative markers 0 (paternal informative markers 7)
***Family = fam_01 chromosome = 38 numMarkers = 7 maternal informative markers 0 (paternal informative markers 7)
***Family = fam_09 chromosome = 38 numMarkers = 7 maternal informative markers 0 (paternal informative markers 7)
***Family = fam_08 chromosome = 39 numMarkers = 4 maternal informative markers 0 (paternal informative markers 4)
***Family = fam_01 chromosome = 39 numMarkers = 4 maternal informative markers 0 (paternal informative markers 4)
***Family = fam_09 chromosome = 39 numMarkers = 4 maternal informative markers 0 (paternal informative markers 4)
***Family = fam_08 chromosome = 40 numMarkers = 3 maternal informative markers 0 (paternal informative markers 3)
***Family = fam_01 chromosome = 40 numMarkers = 3 maternal informative markers 0 (paternal informative markers 3)
***Family = fam_09 chromosome = 40 numMarkers = 3 maternal informative markers 0 (paternal informative markers 3)
***Family = fam_08 chromosome = 41 numMarkers = 3 maternal informative markers 0 (paternal informative markers 3)
***Family = fam_01 chromosome = 41 numMarkers = 3 maternal informative markers 0 (paternal informative markers 3)
***Family = fam_09 chromosome = 41 numMarkers = 3 maternal informative markers 0 (paternal informative markers 3)
***Family = fam_08 chromosome = 42 numMarkers = 2 maternal informative markers 0 (paternal informative markers 0)
***Family = fam_01 chromosome = 42 numMarkers = 2 maternal informative markers 0 (paternal informative markers 2)
***Family = fam_09 chromosome = 42 numMarkers = 2 maternal informative markers 0 (paternal informative markers 2)
***Family = fam_08 chromosome = 43 numMarkers = 2 maternal informative markers 0 (paternal informative markers 2)
***Family = fam_01 chromosome = 43 numMarkers = 2 maternal informative markers 0 (paternal informative markers 2)
***Family = fam_09 chromosome = 43 numMarkers = 2 maternal informative markers 0 (paternal informative markers 2)
***Family = fam_08 chromosome = 44 numMarkers = 2 maternal informative markers 0 (paternal informative markers 2)
***Family = fam_01 chromosome = 44 numMarkers = 2 maternal informative markers 0 (paternal informative markers 2)
***Family = fam_09 chromosome = 44 numMarkers = 2 maternal informative markers 0 (paternal informative markers 2)
***Family = fam_08 chromosome = 45 numMarkers = 2 maternal informative markers 0 (paternal informative markers 2)
***Family = fam_01 chromosome = 45 numMarkers = 2 maternal informative markers 0 (paternal informative markers 2)
***Family = fam_09 chromosome = 45 numMarkers = 2 maternal informative markers 0 (paternal informative markers 2)
Family fam_08
Family fam_01
Family fam_09
Number of different markers = 12166
10.0
Number of markers assigned to Z chromosome = 0
number of LGs = 45 singles = 5724
***Family = fam_08 chromosome = 1 numMarkers = 326 maternal informative markers 0 (paternal informative markers 326)
***Family = fam_01 chromosome = 1 numMarkers = 326 maternal informative markers 0 (paternal informative markers 326)
***Family = fam_09 chromosome = 1 numMarkers = 326 maternal informative markers 0 (paternal informative markers 326)
***Family = fam_08 chromosome = 2 numMarkers = 313 maternal informative markers 0 (paternal informative markers 311)
***Family = fam_01 chromosome = 2 numMarkers = 313 maternal informative markers 0 (paternal informative markers 312)
***Family = fam_09 chromosome = 2 numMarkers = 313 maternal informative markers 0 (paternal informative markers 309)
***Family = fam_08 chromosome = 3 numMarkers = 285 maternal informative markers 0 (paternal informative markers 285)
***Family = fam_01 chromosome = 3 numMarkers = 285 maternal informative markers 0 (paternal informative markers 285)
***Family = fam_09 chromosome = 3 numMarkers = 285 maternal informative markers 0 (paternal informative markers 277)
***Family = fam_08 chromosome = 4 numMarkers = 283 maternal informative markers 0 (paternal informative markers 283)
***Family = fam_01 chromosome = 4 numMarkers = 283 maternal informative markers 0 (paternal informative markers 283)
***Family = fam_09 chromosome = 4 numMarkers = 283 maternal informative markers 0 (paternal informative markers 282)
***Family = fam_08 chromosome = 5 numMarkers = 258 maternal informative markers 0 (paternal informative markers 258)
***Family = fam_01 chromosome = 5 numMarkers = 258 maternal informative markers 0 (paternal informative markers 258)
***Family = fam_09 chromosome = 5 numMarkers = 258 maternal informative markers 0 (paternal informative markers 258)
***Family = fam_08 chromosome = 6 numMarkers = 251 maternal informative markers 0 (paternal informative markers 251)
***Family = fam_01 chromosome = 6 numMarkers = 251 maternal informative markers 0 (paternal informative markers 251)
***Family = fam_09 chromosome = 6 numMarkers = 251 maternal informative markers 0 (paternal informative markers 251)
***Family = fam_08 chromosome = 7 numMarkers = 248 maternal informative markers 0 (paternal informative markers 240)
***Family = fam_01 chromosome = 7 numMarkers = 248 maternal informative markers 0 (paternal informative markers 248)
***Family = fam_09 chromosome = 7 numMarkers = 248 maternal informative markers 0 (paternal informative markers 248)
***Family = fam_08 chromosome = 8 numMarkers = 246 maternal informative markers 0 (paternal informative markers 246)
***Family = fam_01 chromosome = 8 numMarkers = 246 maternal informative markers 0 (paternal informative markers 246)
***Family = fam_09 chromosome = 8 numMarkers = 246 maternal informative markers 0 (paternal informative markers 246)
***Family = fam_08 chromosome = 9 numMarkers = 238 maternal informative markers 0 (paternal informative markers 238)
***Family = fam_01 chromosome = 9 numMarkers = 238 maternal informative markers 0 (paternal informative markers 238)
***Family = fam_09 chromosome = 9 numMarkers = 238 maternal informative markers 0 (paternal informative markers 238)
***Family = fam_08 chromosome = 10 numMarkers = 228 maternal informative markers 0 (paternal informative markers 228)
***Family = fam_01 chromosome = 10 numMarkers = 228 maternal informative markers 0 (paternal informative markers 228)
***Family = fam_09 chromosome = 10 numMarkers = 228 maternal informative markers 0 (paternal informative markers 228)
***Family = fam_08 chromosome = 11 numMarkers = 221 maternal informative markers 0 (paternal informative markers 221)
***Family = fam_01 chromosome = 11 numMarkers = 221 maternal informative markers 0 (paternal informative markers 221)
***Family = fam_09 chromosome = 11 numMarkers = 221 maternal informative markers 0 (paternal informative markers 221)
***Family = fam_08 chromosome = 12 numMarkers = 220 maternal informative markers 0 (paternal informative markers 220)
***Family = fam_01 chromosome = 12 numMarkers = 220 maternal informative markers 0 (paternal informative markers 220)
***Family = fam_09 chromosome = 12 numMarkers = 220 maternal informative markers 0 (paternal informative markers 220)
***Family = fam_08 chromosome = 13 numMarkers = 198 maternal informative markers 0 (paternal informative markers 196)
***Family = fam_01 chromosome = 13 numMarkers = 198 maternal informative markers 0 (paternal informative markers 198)
***Family = fam_09 chromosome = 13 numMarkers = 198 maternal informative markers 0 (paternal informative markers 198)
***Family = fam_08 chromosome = 14 numMarkers = 185 maternal informative markers 0 (paternal informative markers 185)
***Family = fam_01 chromosome = 14 numMarkers = 185 maternal informative markers 0 (paternal informative markers 185)
***Family = fam_09 chromosome = 14 numMarkers = 185 maternal informative markers 0 (paternal informative markers 185)
***Family = fam_08 chromosome = 15 numMarkers = 173 maternal informative markers 0 (paternal informative markers 173)
***Family = fam_01 chromosome = 15 numMarkers = 173 maternal informative markers 0 (paternal informative markers 173)
***Family = fam_09 chromosome = 15 numMarkers = 173 maternal informative markers 0 (paternal informative markers 173)
***Family = fam_08 chromosome = 16 numMarkers = 171 maternal informative markers 0 (paternal informative markers 171)
***Family = fam_01 chromosome = 16 numMarkers = 171 maternal informative markers 0 (paternal informative markers 171)
***Family = fam_09 chromosome = 16 numMarkers = 171 maternal informative markers 0 (paternal informative markers 171)
***Family = fam_08 chromosome = 17 numMarkers = 169 maternal informative markers 0 (paternal informative markers 169)
***Family = fam_01 chromosome = 17 numMarkers = 169 maternal informative markers 0 (paternal informative markers 169)
***Family = fam_09 chromosome = 17 numMarkers = 169 maternal informative markers 0 (paternal informative markers 169)
***Family = fam_08 chromosome = 18 numMarkers = 168 maternal informative markers 0 (paternal informative markers 168)
***Family = fam_01 chromosome = 18 numMarkers = 168 maternal informative markers 0 (paternal informative markers 168)
***Family = fam_09 chromosome = 18 numMarkers = 168 maternal informative markers 0 (paternal informative markers 168)
***Family = fam_08 chromosome = 19 numMarkers = 166 maternal informative markers 0 (paternal informative markers 166)
***Family = fam_01 chromosome = 19 numMarkers = 166 maternal informative markers 0 (paternal informative markers 166)
***Family = fam_09 chromosome = 19 numMarkers = 166 maternal informative markers 0 (paternal informative markers 166)
***Family = fam_08 chromosome = 20 numMarkers = 162 maternal informative markers 0 (paternal informative markers 162)
***Family = fam_01 chromosome = 20 numMarkers = 162 maternal informative markers 0 (paternal informative markers 162)
***Family = fam_09 chromosome = 20 numMarkers = 162 maternal informative markers 0 (paternal informative markers 162)
***Family = fam_08 chromosome = 21 numMarkers = 161 maternal informative markers 0 (paternal informative markers 161)
***Family = fam_01 chromosome = 21 numMarkers = 161 maternal informative markers 0 (paternal informative markers 161)
***Family = fam_09 chromosome = 21 numMarkers = 161 maternal informative markers 0 (paternal informative markers 161)
***Family = fam_08 chromosome = 22 numMarkers = 159 maternal informative markers 0 (paternal informative markers 159)
***Family = fam_01 chromosome = 22 numMarkers = 159 maternal informative markers 0 (paternal informative markers 159)
***Family = fam_09 chromosome = 22 numMarkers = 159 maternal informative markers 0 (paternal informative markers 159)
***Family = fam_08 chromosome = 23 numMarkers = 156 maternal informative markers 0 (paternal informative markers 149)
***Family = fam_01 chromosome = 23 numMarkers = 156 maternal informative markers 0 (paternal informative markers 156)
***Family = fam_09 chromosome = 23 numMarkers = 156 maternal informative markers 0 (paternal informative markers 156)
***Family = fam_08 chromosome = 24 numMarkers = 153 maternal informative markers 0 (paternal informative markers 153)
***Family = fam_01 chromosome = 24 numMarkers = 153 maternal informative markers 0 (paternal informative markers 153)
***Family = fam_09 chromosome = 24 numMarkers = 153 maternal informative markers 0 (paternal informative markers 153)
***Family = fam_08 chromosome = 25 numMarkers = 151 maternal informative markers 0 (paternal informative markers 151)
***Family = fam_01 chromosome = 25 numMarkers = 151 maternal informative markers 0 (paternal informative markers 151)
***Family = fam_09 chromosome = 25 numMarkers = 151 maternal informative markers 0 (paternal informative markers 151)
***Family = fam_08 chromosome = 26 numMarkers = 148 maternal informative markers 0 (paternal informative markers 148)
***Family = fam_01 chromosome = 26 numMarkers = 148 maternal informative markers 0 (paternal informative markers 148)
***Family = fam_09 chromosome = 26 numMarkers = 148 maternal informative markers 0 (paternal informative markers 148)
***Family = fam_08 chromosome = 27 numMarkers = 144 maternal informative markers 0 (paternal informative markers 144)
***Family = fam_01 chromosome = 27 numMarkers = 144 maternal informative markers 0 (paternal informative markers 144)
***Family = fam_09 chromosome = 27 numMarkers = 144 maternal informative markers 0 (paternal informative markers 144)
***Family = fam_08 chromosome = 28 numMarkers = 141 maternal informative markers 0 (paternal informative markers 141)
***Family = fam_01 chromosome = 28 numMarkers = 141 maternal informative markers 0 (paternal informative markers 141)
***Family = fam_09 chromosome = 28 numMarkers = 141 maternal informative markers 0 (paternal informative markers 141)
***Family = fam_08 chromosome = 29 numMarkers = 140 maternal informative markers 0 (paternal informative markers 140)
***Family = fam_01 chromosome = 29 numMarkers = 140 maternal informative markers 0 (paternal informative markers 140)
***Family = fam_09 chromosome = 29 numMarkers = 140 maternal informative markers 0 (paternal informative markers 140)
***Family = fam_08 chromosome = 30 numMarkers = 137 maternal informative markers 0 (paternal informative markers 137)
***Family = fam_01 chromosome = 30 numMarkers = 137 maternal informative markers 0 (paternal informative markers 137)
***Family = fam_09 chromosome = 30 numMarkers = 137 maternal informative markers 0 (paternal informative markers 137)
***Family = fam_08 chromosome = 31 numMarkers = 135 maternal informative markers 0 (paternal informative markers 135)
***Family = fam_01 chromosome = 31 numMarkers = 135 maternal informative markers 0 (paternal informative markers 135)
***Family = fam_09 chromosome = 31 numMarkers = 135 maternal informative markers 0 (paternal informative markers 135)
***Family = fam_08 chromosome = 32 numMarkers = 135 maternal informative markers 0 (paternal informative markers 135)
***Family = fam_01 chromosome = 32 numMarkers = 135 maternal informative markers 0 (paternal informative markers 135)
***Family = fam_09 chromosome = 32 numMarkers = 135 maternal informative markers 0 (paternal informative markers 135)
***Family = fam_08 chromosome = 33 numMarkers = 130 maternal informative markers 0 (paternal informative markers 130)
***Family = fam_01 chromosome = 33 numMarkers = 130 maternal informative markers 0 (paternal informative markers 130)
***Family = fam_09 chromosome = 33 numMarkers = 130 maternal informative markers 0 (paternal informative markers 130)
***Family = fam_08 chromosome = 34 numMarkers = 129 maternal informative markers 0 (paternal informative markers 129)
***Family = fam_01 chromosome = 34 numMarkers = 129 maternal informative markers 0 (paternal informative markers 128)
***Family = fam_09 chromosome = 34 numMarkers = 129 maternal informative markers 0 (paternal informative markers 129)
***Family = fam_08 chromosome = 35 numMarkers = 117 maternal informative markers 0 (paternal informative markers 117)
***Family = fam_01 chromosome = 35 numMarkers = 117 maternal informative markers 0 (paternal informative markers 117)
***Family = fam_09 chromosome = 35 numMarkers = 117 maternal informative markers 0 (paternal informative markers 117)
***Family = fam_08 chromosome = 36 numMarkers = 111 maternal informative markers 0 (paternal informative markers 110)
***Family = fam_01 chromosome = 36 numMarkers = 111 maternal informative markers 0 (paternal informative markers 111)
***Family = fam_09 chromosome = 36 numMarkers = 111 maternal informative markers 0 (paternal informative markers 111)
***Family = fam_08 chromosome = 37 numMarkers = 98 maternal informative markers 0 (paternal informative markers 98)
***Family = fam_01 chromosome = 37 numMarkers = 98 maternal informative markers 0 (paternal informative markers 98)
***Family = fam_09 chromosome = 37 numMarkers = 98 maternal informative markers 0 (paternal informative markers 98)
***Family = fam_08 chromosome = 38 numMarkers = 7 maternal informative markers 0 (paternal informative markers 7)
***Family = fam_01 chromosome = 38 numMarkers = 7 maternal informative markers 0 (paternal informative markers 7)
***Family = fam_09 chromosome = 38 numMarkers = 7 maternal informative markers 0 (paternal informative markers 7)
***Family = fam_08 chromosome = 39 numMarkers = 4 maternal informative markers 0 (paternal informative markers 4)
***Family = fam_01 chromosome = 39 numMarkers = 4 maternal informative markers 0 (paternal informative markers 4)
***Family = fam_09 chromosome = 39 numMarkers = 4 maternal informative markers 0 (paternal informative markers 4)
***Family = fam_08 chromosome = 40 numMarkers = 3 maternal informative markers 0 (paternal informative markers 3)
***Family = fam_01 chromosome = 40 numMarkers = 3 maternal informative markers 0 (paternal informative markers 3)
***Family = fam_09 chromosome = 40 numMarkers = 3 maternal informative markers 0 (paternal informative markers 3)
***Family = fam_08 chromosome = 41 numMarkers = 3 maternal informative markers 0 (paternal informative markers 3)
***Family = fam_01 chromosome = 41 numMarkers = 3 maternal informative markers 0 (paternal informative markers 3)
***Family = fam_09 chromosome = 41 numMarkers = 3 maternal informative markers 0 (paternal informative markers 3)
***Family = fam_08 chromosome = 42 numMarkers = 2 maternal informative markers 0 (paternal informative markers 0)
***Family = fam_01 chromosome = 42 numMarkers = 2 maternal informative markers 0 (paternal informative markers 2)
***Family = fam_09 chromosome = 42 numMarkers = 2 maternal informative markers 0 (paternal informative markers 2)
***Family = fam_08 chromosome = 43 numMarkers = 2 maternal informative markers 0 (paternal informative markers 2)
***Family = fam_01 chromosome = 43 numMarkers = 2 maternal informative markers 0 (paternal informative markers 2)
***Family = fam_09 chromosome = 43 numMarkers = 2 maternal informative markers 0 (paternal informative markers 2)
***Family = fam_08 chromosome = 44 numMarkers = 2 maternal informative markers 0 (paternal informative markers 2)
***Family = fam_01 chromosome = 44 numMarkers = 2 maternal informative markers 0 (paternal informative markers 2)
***Family = fam_09 chromosome = 44 numMarkers = 2 maternal informative markers 0 (paternal informative markers 2)
***Family = fam_08 chromosome = 45 numMarkers = 2 maternal informative markers 0 (paternal informative markers 2)
***Family = fam_01 chromosome = 45 numMarkers = 2 maternal informative markers 0 (paternal informative markers 2)
***Family = fam_09 chromosome = 45 numMarkers = 2 maternal informative markers 0 (paternal informative markers 2)
1->6 4.3721160039534785 ( markers 5059 and 6541)
2->8 3.5729579403885614 ( markers 5232 and 2485)
3->12 3.8255410666115806 ( markers 6935 and 4518)
4->19 4.079827535816964 ( markers 4643 and 6305)
5->18 4.033862648758742 ( markers 360 and 9617)
6->35 6.644838741552696 ( markers 10611 and 7717)
7->21 4.407060170832148 ( markers 8014 and 9009)
8->39 9.92288474937681 ( markers 9010 and 3781)
9->38 9.040067055868018 ( markers 11302 and 3343)
10->25 3.6174297788338734 ( markers 705 and 659)
