0->0 : 0
0->1 : 0
0->2 : 0
       Error rate = 0.0
1->0 : 0
1->1 : 0
1->2 : 0
       Error rate = 0.0
2->0 : 0
2->1 : 0
2->2 : 0
       Error rate = 0.0
0,2->0,2 : 1336466
  0,2->1 : 0
1,2->1,2 : 0
  1,2->0 : 0
       Error rate = 0.0
Maternally informative markers = 0 (of 12603)
Paternally informative markers = 12603
Maternally or paternally informative markers = 12603
Removed 0 markers
LOD(175, 0) = 50.730831351371116
LOD(174, 0) = 50.43224777297899
LOD(174, 1) = 48.48280135712733
LOD(173, 2) = 46.53823211177203
LOD(175, 0) = 51.823989272088426
LOD(174, 0) = 51.52516615900455
LOD(174, 1) = 49.53108809594482
LOD(173, 2) = 47.486415116373095
***Family = fam_08 chromosome = 1 numMarkers = 487 maternal informative markers 0 (paternal informative markers 487)
***Family = fam_01 chromosome = 1 numMarkers = 487 maternal informative markers 0 (paternal informative markers 487)
***Family = fam_09 chromosome = 1 numMarkers = 487 maternal informative markers 0 (paternal informative markers 487)
***Family = fam_08 chromosome = 2 numMarkers = 460 maternal informative markers 0 (paternal informative markers 455)
***Family = fam_01 chromosome = 2 numMarkers = 460 maternal informative markers 0 (paternal informative markers 459)
***Family = fam_09 chromosome = 2 numMarkers = 460 maternal informative markers 0 (paternal informative markers 453)
***Family = fam_08 chromosome = 3 numMarkers = 455 maternal informative markers 0 (paternal informative markers 455)
***Family = fam_01 chromosome = 3 numMarkers = 455 maternal informative markers 0 (paternal informative markers 455)
***Family = fam_09 chromosome = 3 numMarkers = 455 maternal informative markers 0 (paternal informative markers 445)
***Family = fam_08 chromosome = 4 numMarkers = 412 maternal informative markers 0 (paternal informative markers 412)
***Family = fam_01 chromosome = 4 numMarkers = 412 maternal informative markers 0 (paternal informative markers 412)
***Family = fam_09 chromosome = 4 numMarkers = 412 maternal informative markers 0 (paternal informative markers 411)
***Family = fam_08 chromosome = 5 numMarkers = 403 maternal informative markers 0 (paternal informative markers 403)
***Family = fam_01 chromosome = 5 numMarkers = 403 maternal informative markers 0 (paternal informative markers 403)
***Family = fam_09 chromosome = 5 numMarkers = 403 maternal informative markers 0 (paternal informative markers 403)
***Family = fam_08 chromosome = 6 numMarkers = 496 maternal informative markers 0 (paternal informative markers 496)
***Family = fam_01 chromosome = 6 numMarkers = 496 maternal informative markers 0 (paternal informative markers 496)
***Family = fam_09 chromosome = 6 numMarkers = 496 maternal informative markers 0 (paternal informative markers 496)
***Family = fam_08 chromosome = 7 numMarkers = 540 maternal informative markers 0 (paternal informative markers 517)
***Family = fam_01 chromosome = 7 numMarkers = 540 maternal informative markers 0 (paternal informative markers 540)
***Family = fam_09 chromosome = 7 numMarkers = 540 maternal informative markers 0 (paternal informative markers 540)
***Family = fam_08 chromosome = 8 numMarkers = 375 maternal informative markers 0 (paternal informative markers 375)
***Family = fam_01 chromosome = 8 numMarkers = 375 maternal informative markers 0 (paternal informative markers 375)
***Family = fam_09 chromosome = 8 numMarkers = 375 maternal informative markers 0 (paternal informative markers 375)
***Family = fam_08 chromosome = 9 numMarkers = 397 maternal informative markers 0 (paternal informative markers 397)
***Family = fam_01 chromosome = 9 numMarkers = 397 maternal informative markers 0 (paternal informative markers 397)
***Family = fam_09 chromosome = 9 numMarkers = 397 maternal informative markers 0 (paternal informative markers 397)
***Family = fam_08 chromosome = 10 numMarkers = 376 maternal informative markers 0 (paternal informative markers 376)
***Family = fam_01 chromosome = 10 numMarkers = 376 maternal informative markers 0 (paternal informative markers 376)
***Family = fam_09 chromosome = 10 numMarkers = 376 maternal informative markers 0 (paternal informative markers 376)
***Family = fam_08 chromosome = 11 numMarkers = 453 maternal informative markers 0 (paternal informative markers 452)
***Family = fam_01 chromosome = 11 numMarkers = 453 maternal informative markers 0 (paternal informative markers 453)
***Family = fam_09 chromosome = 11 numMarkers = 453 maternal informative markers 0 (paternal informative markers 453)
***Family = fam_08 chromosome = 12 numMarkers = 390 maternal informative markers 0 (paternal informative markers 390)
***Family = fam_01 chromosome = 12 numMarkers = 390 maternal informative markers 0 (paternal informative markers 390)
***Family = fam_09 chromosome = 12 numMarkers = 390 maternal informative markers 0 (paternal informative markers 390)
***Family = fam_08 chromosome = 13 numMarkers = 340 maternal informative markers 0 (paternal informative markers 331)
***Family = fam_01 chromosome = 13 numMarkers = 340 maternal informative markers 0 (paternal informative markers 340)
***Family = fam_09 chromosome = 13 numMarkers = 340 maternal informative markers 0 (paternal informative markers 340)
***Family = fam_08 chromosome = 14 numMarkers = 311 maternal informative markers 0 (paternal informative markers 311)
***Family = fam_01 chromosome = 14 numMarkers = 311 maternal informative markers 0 (paternal informative markers 311)
***Family = fam_09 chromosome = 14 numMarkers = 311 maternal informative markers 0 (paternal informative markers 311)
***Family = fam_08 chromosome = 15 numMarkers = 268 maternal informative markers 0 (paternal informative markers 265)
***Family = fam_01 chromosome = 15 numMarkers = 268 maternal informative markers 0 (paternal informative markers 268)
***Family = fam_09 chromosome = 15 numMarkers = 268 maternal informative markers 0 (paternal informative markers 268)
***Family = fam_08 chromosome = 16 numMarkers = 290 maternal informative markers 0 (paternal informative markers 290)
***Family = fam_01 chromosome = 16 numMarkers = 290 maternal informative markers 0 (paternal informative markers 290)
***Family = fam_09 chromosome = 16 numMarkers = 290 maternal informative markers 0 (paternal informative markers 290)
***Family = fam_08 chromosome = 17 numMarkers = 267 maternal informative markers 0 (paternal informative markers 267)
***Family = fam_01 chromosome = 17 numMarkers = 267 maternal informative markers 0 (paternal informative markers 266)
***Family = fam_09 chromosome = 17 numMarkers = 267 maternal informative markers 0 (paternal informative markers 267)
***Family = fam_08 chromosome = 18 numMarkers = 266 maternal informative markers 0 (paternal informative markers 266)
***Family = fam_01 chromosome = 18 numMarkers = 266 maternal informative markers 0 (paternal informative markers 266)
***Family = fam_09 chromosome = 18 numMarkers = 266 maternal informative markers 0 (paternal informative markers 266)
***Family = fam_08 chromosome = 19 numMarkers = 271 maternal informative markers 0 (paternal informative markers 271)
***Family = fam_01 chromosome = 19 numMarkers = 271 maternal informative markers 0 (paternal informative markers 271)
***Family = fam_09 chromosome = 19 numMarkers = 271 maternal informative markers 0 (paternal informative markers 271)
***Family = fam_08 chromosome = 20 numMarkers = 265 maternal informative markers 0 (paternal informative markers 264)
***Family = fam_01 chromosome = 20 numMarkers = 265 maternal informative markers 0 (paternal informative markers 265)
***Family = fam_09 chromosome = 20 numMarkers = 265 maternal informative markers 0 (paternal informative markers 265)
***Family = fam_08 chromosome = 21 numMarkers = 278 maternal informative markers 0 (paternal informative markers 278)
***Family = fam_01 chromosome = 21 numMarkers = 278 maternal informative markers 0 (paternal informative markers 278)
***Family = fam_09 chromosome = 21 numMarkers = 278 maternal informative markers 0 (paternal informative markers 278)
***Family = fam_08 chromosome = 22 numMarkers = 305 maternal informative markers 0 (paternal informative markers 305)
***Family = fam_01 chromosome = 22 numMarkers = 305 maternal informative markers 0 (paternal informative markers 305)
***Family = fam_09 chromosome = 22 numMarkers = 305 maternal informative markers 0 (paternal informative markers 305)
***Family = fam_08 chromosome = 23 numMarkers = 278 maternal informative markers 0 (paternal informative markers 254)
***Family = fam_01 chromosome = 23 numMarkers = 278 maternal informative markers 0 (paternal informative markers 278)
***Family = fam_09 chromosome = 23 numMarkers = 278 maternal informative markers 0 (paternal informative markers 278)
***Family = fam_08 chromosome = 24 numMarkers = 238 maternal informative markers 0 (paternal informative markers 238)
***Family = fam_01 chromosome = 24 numMarkers = 238 maternal informative markers 0 (paternal informative markers 238)
***Family = fam_09 chromosome = 24 numMarkers = 238 maternal informative markers 0 (paternal informative markers 238)
***Family = fam_08 chromosome = 25 numMarkers = 264 maternal informative markers 0 (paternal informative markers 264)
***Family = fam_01 chromosome = 25 numMarkers = 264 maternal informative markers 0 (paternal informative markers 264)
***Family = fam_09 chromosome = 25 numMarkers = 264 maternal informative markers 0 (paternal informative markers 264)
***Family = fam_08 chromosome = 26 numMarkers = 227 maternal informative markers 0 (paternal informative markers 226)
***Family = fam_01 chromosome = 26 numMarkers = 227 maternal informative markers 0 (paternal informative markers 227)
***Family = fam_09 chromosome = 26 numMarkers = 227 maternal informative markers 0 (paternal informative markers 227)
***Family = fam_08 chromosome = 27 numMarkers = 317 maternal informative markers 0 (paternal informative markers 317)
***Family = fam_01 chromosome = 27 numMarkers = 317 maternal informative markers 0 (paternal informative markers 317)
***Family = fam_09 chromosome = 27 numMarkers = 317 maternal informative markers 0 (paternal informative markers 317)
***Family = fam_08 chromosome = 28 numMarkers = 269 maternal informative markers 0 (paternal informative markers 268)
***Family = fam_01 chromosome = 28 numMarkers = 269 maternal informative markers 0 (paternal informative markers 269)
***Family = fam_09 chromosome = 28 numMarkers = 269 maternal informative markers 0 (paternal informative markers 269)
***Family = fam_08 chromosome = 29 numMarkers = 202 maternal informative markers 0 (paternal informative markers 202)
***Family = fam_01 chromosome = 29 numMarkers = 202 maternal informative markers 0 (paternal informative markers 202)
***Family = fam_09 chromosome = 29 numMarkers = 202 maternal informative markers 0 (paternal informative markers 202)
***Family = fam_08 chromosome = 30 numMarkers = 202 maternal informative markers 0 (paternal informative markers 202)
***Family = fam_01 chromosome = 30 numMarkers = 202 maternal informative markers 0 (paternal informative markers 202)
***Family = fam_09 chromosome = 30 numMarkers = 202 maternal informative markers 0 (paternal informative markers 202)
***Family = fam_08 chromosome = 31 numMarkers = 233 maternal informative markers 0 (paternal informative markers 233)
***Family = fam_01 chromosome = 31 numMarkers = 233 maternal informative markers 0 (paternal informative markers 233)
***Family = fam_09 chromosome = 31 numMarkers = 233 maternal informative markers 0 (paternal informative markers 233)
***Family = fam_08 chromosome = 32 numMarkers = 235 maternal informative markers 0 (paternal informative markers 234)
***Family = fam_01 chromosome = 32 numMarkers = 235 maternal informative markers 0 (paternal informative markers 235)
***Family = fam_09 chromosome = 32 numMarkers = 235 maternal informative markers 0 (paternal informative markers 235)
***Family = fam_08 chromosome = 33 numMarkers = 223 maternal informative markers 0 (paternal informative markers 223)
***Family = fam_01 chromosome = 33 numMarkers = 223 maternal informative markers 0 (paternal informative markers 223)
***Family = fam_09 chromosome = 33 numMarkers = 223 maternal informative markers 0 (paternal informative markers 223)
***Family = fam_08 chromosome = 34 numMarkers = 198 maternal informative markers 0 (paternal informative markers 198)
***Family = fam_01 chromosome = 34 numMarkers = 198 maternal informative markers 0 (paternal informative markers 197)
***Family = fam_09 chromosome = 34 numMarkers = 198 maternal informative markers 0 (paternal informative markers 198)
***Family = fam_08 chromosome = 35 numMarkers = 196 maternal informative markers 0 (paternal informative markers 196)
***Family = fam_01 chromosome = 35 numMarkers = 196 maternal informative markers 0 (paternal informative markers 196)
***Family = fam_09 chromosome = 35 numMarkers = 196 maternal informative markers 0 (paternal informative markers 196)
***Family = fam_08 chromosome = 36 numMarkers = 210 maternal informative markers 0 (paternal informative markers 206)
***Family = fam_01 chromosome = 36 numMarkers = 210 maternal informative markers 0 (paternal informative markers 210)
***Family = fam_09 chromosome = 36 numMarkers = 210 maternal informative markers 0 (paternal informative markers 210)
***Family = fam_08 chromosome = 37 numMarkers = 167 maternal informative markers 0 (paternal informative markers 167)
***Family = fam_01 chromosome = 37 numMarkers = 167 maternal informative markers 0 (paternal informative markers 167)
***Family = fam_09 chromosome = 37 numMarkers = 167 maternal informative markers 0 (paternal informative markers 167)
***Family = fam_08 chromosome = 38 numMarkers = 9 maternal informative markers 0 (paternal informative markers 9)
***Family = fam_01 chromosome = 38 numMarkers = 9 maternal informative markers 0 (paternal informative markers 9)
***Family = fam_09 chromosome = 38 numMarkers = 9 maternal informative markers 0 (paternal informative markers 9)
***Family = fam_08 chromosome = 39 numMarkers = 9 maternal informative markers 0 (paternal informative markers 9)
***Family = fam_01 chromosome = 39 numMarkers = 9 maternal informative markers 0 (paternal informative markers 9)
***Family = fam_09 chromosome = 39 numMarkers = 9 maternal informative markers 0 (paternal informative markers 9)
***Family = fam_08 chromosome = 40 numMarkers = 10 maternal informative markers 0 (paternal informative markers 10)
***Family = fam_01 chromosome = 40 numMarkers = 10 maternal informative markers 0 (paternal informative markers 10)
***Family = fam_09 chromosome = 40 numMarkers = 10 maternal informative markers 0 (paternal informative markers 10)
***Family = fam_08 chromosome = 41 numMarkers = 5 maternal informative markers 0 (paternal informative markers 5)
***Family = fam_01 chromosome = 41 numMarkers = 5 maternal informative markers 0 (paternal informative markers 5)
***Family = fam_09 chromosome = 41 numMarkers = 5 maternal informative markers 0 (paternal informative markers 5)
Family fam_08
Family fam_01
Family fam_09
Number of different markers = 12166
4.593070097082085 vs. 2.8267426932494715
6.305454970542936 vs. 0.0
4.079827535816964 vs. 3.5729579403885614
4.851830913609798 vs. 0.0
4.10710350355705 vs. 0.0
388 : chr38 : 7.812539448162381 vs. chr9 : 7.237508653036841 (not joined)
5.240728692363029 vs. 0.0
465 : chr11 : 7.237508653036841 vs. chr41 : 7.237508653036841 (not joined)
6.093047777746866 vs. 0.0
528 : chr6 : 7.812539448162381 vs. chr35 : 7.237508653036841 (not joined)
6.093047777746866 vs. 0.0
4.593070097082085 vs. 0.0
762 : chr6 : 7.237508653036841 vs. chr35 : 7.237508653036841 (not joined)
4.675048007013055 vs. 0.0
7.524814919292353 vs. 0.0
6.031382688614232 vs. 0.0
6.950647613629127 vs. 0.0
4.9442306187986755 vs. 0.0
4.853962308381582 vs. 0.0
4.851830913609798 vs. 0.0
4.853962308381582 vs. 0.0
4.10710350355705 vs. 0.0
1675 : chr3 : 6.093047777746866 vs. chr29 : 4.079827535816964 (not joined)
1921 : chr11 : 6.664261435646007 vs. chr41 : 6.305454970542936 (not joined)
4.851830913609798 vs. 0.0
4.9442306187986755 vs. 0.0
2210 : chr11 : 5.758165940256667 vs. chr2 : 5.111902293203713 (not joined)
2221 : chr6 : 8.100657636890398 vs. chr35 : 8.100657636890398 (not joined)
4.958017949760236 vs. 0.0
4.335704634601774 vs. 0.0
5.3732067587902606 vs. 0.0
6.031382688614232 vs. 0.0
6.031382688614232 vs. 0.0
4.9442306187986755 vs. 0.0
2464 : chr6 : 7.812539448162381 vs. chr35 : 6.031382688614232 (not joined)
4.851830913609798 vs. 0.0
4.407060170832148 vs. 0.0
7.237508653036841 vs. 0.0
5.111902293203713 vs. 0.0
4.675048007013055 vs. 0.0
6.031382688614232 vs. 0.0
5.111902293203713 vs. 0.0
2692 : chr6 : 6.950647613629127 vs. chr35 : 6.950647613629127 (not joined)
4.593070097082085 vs. 0.0
4.079827535816964 vs. 0.0
4.335704634601774 vs. 0.0
5.214525989256439 vs. 0.0
2879 : chr8 : 6.950647613629127 vs. chr39 : 6.093047777746866 (not joined)
5.635673357125613 vs. 0.0
6.031382688614232 vs. 0.0
4.9442306187986755 vs. 0.0
5.485860097875672 vs. 0.0
4.851830913609798 vs. 0.0
4.9442306187986755 vs. 0.0
3328 : chr9 : 6.664261435646007 vs. chr38 : 5.485860097875672 (not joined)
6.950647613629127 vs. 0.0
6.305454970542936 vs. 0.0
5.758165940256667 vs. 0.0
4.079827535816964 vs. 0.0
4.354506309163542 vs. 0.0
6.378382784323462 vs. 0.0
4.593070097082085 vs. 3.8255410666115806
4006 : chr6 : 6.85596827651233 vs. chr35 : 6.305454970542936 (not joined)
7.237508653036841 vs. 0.0
4.675048007013055 vs. 0.0
4.593070097082085 vs. 0.0
4.9442306187986755 vs. 0.0
6.378382784323462 vs. 0.0
4659 : chr6 : 6.950647613629127 vs. chr35 : 6.580332247358362 (not joined)
5.758165940256667 vs. 0.0
4714 : chr35 : 5.214525989256439 vs. chr6 : 5.111902293203713 (not joined)
6.163837697179339 vs. 0.0
4.593070097082085 vs. 0.0
4.10710350355705 vs. 0.0
4.9442306187986755 vs. 0.0
5005 : chr11 : 6.950647613629127 vs. chr41 : 6.950647613629127 (not joined)
5071 : chr6 : 8.100657636890398 vs. chr35 : 7.812539448162381 (not joined)
5307 : chr16 : 4.140358271991159 vs. chr6 : 4.079827535816964 (not joined)
4.675048007013055 vs. 0.0
6.664261435646007 vs. 0.0
4.335704634601774 vs. 0.0
4.675048007013055 vs. 0.0
4.354506309163542 vs. 0.0
5730 : chr6 : 7.812539448162381 vs. chr35 : 7.237508653036841 (not joined)
5859 : chr6 : 6.950647613629127 vs. chr35 : 6.950647613629127 (not joined)
4.079827535816964 vs. 0.0
6.031382688614232 vs. 0.0
5999 : chr6 : 6.950647613629127 vs. chr35 : 6.664261435646007 (not joined)
4.335704634601774 vs. 0.0
4.675048007013055 vs. 0.0
4.335704634601774 vs. 0.0
6471 : chr6 : 5.758165940256667 vs. chr35 : 5.3732067587902606 (not joined)
6525 : chr15 : 6.378382784323462 vs. chr40 : 6.378382784323462 (not joined)
5.89923696771256 vs. 0.0
4.851830913609798 vs. 0.0
5.485860097875672 vs. 0.0
6.950647613629127 vs. 0.0
6804 : chr9 : 8.3891469783143 vs. chr38 : 8.100657636890398 (not joined)
6805 : chr9 : 6.664261435646007 vs. chr38 : 6.664261435646007 (not joined)
6883 : chr6 : 7.812539448162381 vs. chr35 : 7.524814919292353 (not joined)
6920 : chr6 : 6.664261435646007 vs. chr35 : 6.093047777746866 (not joined)
6.950647613629127 vs. 0.0
7110 : chr9 : 6.378382784323462 vs. chr38 : 6.378382784323462 (not joined)
7136 : chr9 : 6.378382784323462 vs. chr38 : 6.093047777746866 (not joined)
4.354506309163542 vs. 0.0
7.237508653036841 vs. 0.0
5.758165940256667 vs. 0.0
7.237508653036841 vs. 0.0
6.664261435646007 vs. 0.0
7607 : chr6 : 7.524814919292353 vs. chr35 : 7.524814919292353 (not joined)
5.485860097875672 vs. 0.0
6.031382688614232 vs. 0.0
4.079827535816964 vs. 0.0
6.093047777746866 vs. 0.0
5.485860097875672 vs. 0.0
7839 : chr8 : 7.524814919292353 vs. chr39 : 7.237508653036841 (not joined)
4.9442306187986755 vs. 0.0
6.305454970542936 vs. 0.0
4.407060170832148 vs. 0.0
4.851830913609798 vs. 0.0
8289 : chr6 : 8.3891469783143 vs. chr35 : 6.031382688614232 (not joined)
6.664261435646007 vs. 0.0
4.851830913609798 vs. 0.0
4.140358271991159 vs. 0.0
4.9442306187986755 vs. 0.0
6.950647613629127 vs. 0.0
8672 : chr6 : 6.950647613629127 vs. chr35 : 6.305454970542936 (not joined)
4.9442306187986755 vs. 0.0
7.237508653036841 vs. 0.0
4.851830913609798 vs. 0.0
8931 : chr11 : 5.758165940256667 vs. chr2 : 5.214525989256439 (not joined)
9132 : chr8 : 4.958017949760236 vs. chr39 : 4.9442306187986755 (not joined)
9250 : chr6 : 6.85596827651233 vs. chr35 : 6.580332247358362 (not joined)
6.378382784323462 vs. 0.0
7.524814919292353 vs. 0.0
5.240728692363029 vs. 2.582361511330149
4.10710350355705 vs. 0.0
4.335704634601774 vs. 0.0
6.950647613629127 vs. 0.0
4.851830913609798 vs. 0.0
4.335704634601774 vs. 0.0
4.851830913609798 vs. 0.0
4.335704634601774 vs. 0.0
9987 : chr6 : 7.524814919292353 vs. chr35 : 7.524814919292353 (not joined)
4.675048007013055 vs. 0.0
5.485860097875672 vs. 0.0
4.593070097082085 vs. 0.0
10434 : chr9 : 6.950647613629127 vs. chr38 : 6.664261435646007 (not joined)
4.675048007013055 vs. 0.0
4.675048007013055 vs. 0.0
10722 : chr6 : 8.677986831062242 vs. chr35 : 8.100657636890398 (not joined)
4.335704634601774 vs. 0.0
4.407060170832148 vs. 0.0
4.593070097082085 vs. 2.8267426932494715
10876 : chr6 : 6.950647613629127 vs. chr35 : 6.305454970542936 (not joined)
10918 : chr6 : 8.100657636890398 vs. chr35 : 7.812539448162381 (not joined)
10939 : chr9 : 5.808296483820455 vs. chr38 : 5.485860097875672 (not joined)
4.079827535816964 vs. 0.0
6.305454970542936 vs. 0.0
4.335704634601774 vs. 0.0
11093 : chr9 : 7.812539448162381 vs. chr38 : 7.524814919292353 (not joined)
4.851830913609798 vs. 0.0
4.593070097082085 vs. 0.0
4.593070097082085 vs. 0.0
4.9442306187986755 vs. 0.0
4.593070097082085 vs. 0.0
4.335704634601774 vs. 0.0
11318 : chr38 : 6.664261435646007 vs. chr9 : 6.093047777746866 (not joined)
4.9442306187986755 vs. 0.0
4.6034886995201765 vs. 0.0
4.9442306187986755 vs. 0.0
11502 : chr6 : 6.664261435646007 vs. chr35 : 6.664261435646007 (not joined)
4.079827535816964 vs. 0.0
4.958017949760236 vs. 0.0
12020 : chr8 : 5.524173508071117 vs. chr39 : 5.214525989256439 (not joined)
5.524173508071117 vs. 0.0
6.378382784323462 vs. 0.0
4.593070097082085 vs. 0.0
7.524814919292353 vs. 0.0
6.031382688614232 vs. 0.0
5.485860097875672 vs. 0.0
Number of joined markers in chr 1 is 3
Number of joined markers in chr 2 is 8
Number of joined markers in chr 3 is 16
Number of joined markers in chr 4 is 3
Number of joined markers in chr 5 is 1
Number of joined markers in chr 6 is 6
Number of joined markers in chr 7 is 2
Number of joined markers in chr 8 is 0
Number of joined markers in chr 9 is 2
Number of joined markers in chr 10 is 23
Number of joined markers in chr 11 is 12
Number of joined markers in chr 12 is 5
Number of joined markers in chr 13 is 1
Number of joined markers in chr 14 is 1
Number of joined markers in chr 15 is 0
Number of joined markers in chr 16 is 4
Number of joined markers in chr 17 is 0
Number of joined markers in chr 18 is 4
Number of joined markers in chr 19 is 0
Number of joined markers in chr 20 is 0
Number of joined markers in chr 21 is 1
Number of joined markers in chr 22 is 4
Number of joined markers in chr 23 is 1
Number of joined markers in chr 24 is 1
Number of joined markers in chr 25 is 4
Number of joined markers in chr 26 is 0
Number of joined markers in chr 27 is 3
Number of joined markers in chr 28 is 1
Number of joined markers in chr 29 is 0
Number of joined markers in chr 30 is 1
Number of joined markers in chr 31 is 2
Number of joined markers in chr 32 is 3
Number of joined markers in chr 33 is 1
Number of joined markers in chr 34 is 2
Number of joined markers in chr 35 is 2
Number of joined markers in chr 36 is 2
Number of joined markers in chr 37 is 16
Number of joined markers in chr 38 is 0
Number of joined markers in chr 39 is 0
Number of joined markers in chr 40 is 0
Number of joined markers in chr 41 is 0
joined 135 single markers, non-conflicting LOD score > 8.100657636890398
Number of LGs = 41, markers in LGs = 11732, singles = 871
