0->0 : 0
0->1 : 0
0->2 : 0
       Error rate = 0.0
1->0 : 0
1->1 : 0
1->2 : 0
       Error rate = 0.0
2->0 : 0
2->1 : 0
2->2 : 0
       Error rate = 0.0
0,2->0,2 : 1336466
  0,2->1 : 0
1,2->1,2 : 0
  1,2->0 : 0
       Error rate = 0.0
Maternally informative markers = 0 (of 12603)
Paternally informative markers = 12603
Maternally or paternally informative markers = 12603
Removed 0 markers
LOD(175, 0) = 50.730831351371116
LOD(174, 0) = 50.43224777297899
LOD(174, 1) = 48.48280135712733
LOD(173, 2) = 46.53823211177203
LOD(175, 0) = 51.823989272088426
LOD(174, 0) = 51.52516615900455
LOD(174, 1) = 49.53108809594482
LOD(173, 2) = 47.486415116373095
***Family = fam_08 chromosome = 1 numMarkers = 345 maternal informative markers 0 (paternal informative markers 345)
***Family = fam_01 chromosome = 1 numMarkers = 345 maternal informative markers 0 (paternal informative markers 345)
***Family = fam_09 chromosome = 1 numMarkers = 345 maternal informative markers 0 (paternal informative markers 345)
***Family = fam_08 chromosome = 2 numMarkers = 320 maternal informative markers 0 (paternal informative markers 318)
***Family = fam_01 chromosome = 2 numMarkers = 320 maternal informative markers 0 (paternal informative markers 319)
***Family = fam_09 chromosome = 2 numMarkers = 320 maternal informative markers 0 (paternal informative markers 316)
***Family = fam_08 chromosome = 3 numMarkers = 296 maternal informative markers 0 (paternal informative markers 296)
***Family = fam_01 chromosome = 3 numMarkers = 296 maternal informative markers 0 (paternal informative markers 296)
***Family = fam_09 chromosome = 3 numMarkers = 296 maternal informative markers 0 (paternal informative markers 288)
***Family = fam_08 chromosome = 4 numMarkers = 290 maternal informative markers 0 (paternal informative markers 290)
***Family = fam_01 chromosome = 4 numMarkers = 290 maternal informative markers 0 (paternal informative markers 290)
***Family = fam_09 chromosome = 4 numMarkers = 290 maternal informative markers 0 (paternal informative markers 289)
***Family = fam_08 chromosome = 5 numMarkers = 273 maternal informative markers 0 (paternal informative markers 273)
***Family = fam_01 chromosome = 5 numMarkers = 273 maternal informative markers 0 (paternal informative markers 273)
***Family = fam_09 chromosome = 5 numMarkers = 273 maternal informative markers 0 (paternal informative markers 273)
***Family = fam_08 chromosome = 6 numMarkers = 272 maternal informative markers 0 (paternal informative markers 272)
***Family = fam_01 chromosome = 6 numMarkers = 272 maternal informative markers 0 (paternal informative markers 272)
***Family = fam_09 chromosome = 6 numMarkers = 272 maternal informative markers 0 (paternal informative markers 272)
***Family = fam_08 chromosome = 7 numMarkers = 272 maternal informative markers 0 (paternal informative markers 262)
***Family = fam_01 chromosome = 7 numMarkers = 272 maternal informative markers 0 (paternal informative markers 272)
***Family = fam_09 chromosome = 7 numMarkers = 272 maternal informative markers 0 (paternal informative markers 272)
***Family = fam_08 chromosome = 8 numMarkers = 254 maternal informative markers 0 (paternal informative markers 254)
***Family = fam_01 chromosome = 8 numMarkers = 254 maternal informative markers 0 (paternal informative markers 254)
***Family = fam_09 chromosome = 8 numMarkers = 254 maternal informative markers 0 (paternal informative markers 254)
***Family = fam_08 chromosome = 9 numMarkers = 249 maternal informative markers 0 (paternal informative markers 249)
***Family = fam_01 chromosome = 9 numMarkers = 249 maternal informative markers 0 (paternal informative markers 249)
***Family = fam_09 chromosome = 9 numMarkers = 249 maternal informative markers 0 (paternal informative markers 249)
***Family = fam_08 chromosome = 10 numMarkers = 237 maternal informative markers 0 (paternal informative markers 237)
***Family = fam_01 chromosome = 10 numMarkers = 237 maternal informative markers 0 (paternal informative markers 237)
***Family = fam_09 chromosome = 10 numMarkers = 237 maternal informative markers 0 (paternal informative markers 237)
***Family = fam_08 chromosome = 11 numMarkers = 235 maternal informative markers 0 (paternal informative markers 235)
***Family = fam_01 chromosome = 11 numMarkers = 235 maternal informative markers 0 (paternal informative markers 235)
***Family = fam_09 chromosome = 11 numMarkers = 235 maternal informative markers 0 (paternal informative markers 235)
***Family = fam_08 chromosome = 12 numMarkers = 227 maternal informative markers 0 (paternal informative markers 227)
***Family = fam_01 chromosome = 12 numMarkers = 227 maternal informative markers 0 (paternal informative markers 227)
***Family = fam_09 chromosome = 12 numMarkers = 227 maternal informative markers 0 (paternal informative markers 227)
***Family = fam_08 chromosome = 13 numMarkers = 210 maternal informative markers 0 (paternal informative markers 207)
***Family = fam_01 chromosome = 13 numMarkers = 210 maternal informative markers 0 (paternal informative markers 210)
***Family = fam_09 chromosome = 13 numMarkers = 210 maternal informative markers 0 (paternal informative markers 210)
***Family = fam_08 chromosome = 14 numMarkers = 207 maternal informative markers 0 (paternal informative markers 207)
***Family = fam_01 chromosome = 14 numMarkers = 207 maternal informative markers 0 (paternal informative markers 207)
***Family = fam_09 chromosome = 14 numMarkers = 207 maternal informative markers 0 (paternal informative markers 207)
***Family = fam_08 chromosome = 15 numMarkers = 184 maternal informative markers 0 (paternal informative markers 184)
***Family = fam_01 chromosome = 15 numMarkers = 184 maternal informative markers 0 (paternal informative markers 184)
***Family = fam_09 chromosome = 15 numMarkers = 184 maternal informative markers 0 (paternal informative markers 184)
***Family = fam_08 chromosome = 16 numMarkers = 177 maternal informative markers 0 (paternal informative markers 177)
***Family = fam_01 chromosome = 16 numMarkers = 177 maternal informative markers 0 (paternal informative markers 177)
***Family = fam_09 chromosome = 16 numMarkers = 177 maternal informative markers 0 (paternal informative markers 177)
***Family = fam_08 chromosome = 17 numMarkers = 184 maternal informative markers 0 (paternal informative markers 184)
***Family = fam_01 chromosome = 17 numMarkers = 184 maternal informative markers 0 (paternal informative markers 184)
***Family = fam_09 chromosome = 17 numMarkers = 184 maternal informative markers 0 (paternal informative markers 184)
***Family = fam_08 chromosome = 18 numMarkers = 173 maternal informative markers 0 (paternal informative markers 173)
***Family = fam_01 chromosome = 18 numMarkers = 173 maternal informative markers 0 (paternal informative markers 173)
***Family = fam_09 chromosome = 18 numMarkers = 173 maternal informative markers 0 (paternal informative markers 173)
***Family = fam_08 chromosome = 19 numMarkers = 176 maternal informative markers 0 (paternal informative markers 176)
***Family = fam_01 chromosome = 19 numMarkers = 176 maternal informative markers 0 (paternal informative markers 176)
***Family = fam_09 chromosome = 19 numMarkers = 176 maternal informative markers 0 (paternal informative markers 176)
***Family = fam_08 chromosome = 20 numMarkers = 171 maternal informative markers 0 (paternal informative markers 171)
***Family = fam_01 chromosome = 20 numMarkers = 171 maternal informative markers 0 (paternal informative markers 171)
***Family = fam_09 chromosome = 20 numMarkers = 171 maternal informative markers 0 (paternal informative markers 171)
***Family = fam_08 chromosome = 21 numMarkers = 178 maternal informative markers 0 (paternal informative markers 178)
***Family = fam_01 chromosome = 21 numMarkers = 178 maternal informative markers 0 (paternal informative markers 178)
***Family = fam_09 chromosome = 21 numMarkers = 178 maternal informative markers 0 (paternal informative markers 178)
***Family = fam_08 chromosome = 22 numMarkers = 172 maternal informative markers 0 (paternal informative markers 172)
***Family = fam_01 chromosome = 22 numMarkers = 172 maternal informative markers 0 (paternal informative markers 172)
***Family = fam_09 chromosome = 22 numMarkers = 172 maternal informative markers 0 (paternal informative markers 172)
***Family = fam_08 chromosome = 23 numMarkers = 170 maternal informative markers 0 (paternal informative markers 161)
***Family = fam_01 chromosome = 23 numMarkers = 170 maternal informative markers 0 (paternal informative markers 170)
***Family = fam_09 chromosome = 23 numMarkers = 170 maternal informative markers 0 (paternal informative markers 170)
***Family = fam_08 chromosome = 24 numMarkers = 162 maternal informative markers 0 (paternal informative markers 162)
***Family = fam_01 chromosome = 24 numMarkers = 162 maternal informative markers 0 (paternal informative markers 162)
***Family = fam_09 chromosome = 24 numMarkers = 162 maternal informative markers 0 (paternal informative markers 162)
***Family = fam_08 chromosome = 25 numMarkers = 169 maternal informative markers 0 (paternal informative markers 169)
***Family = fam_01 chromosome = 25 numMarkers = 169 maternal informative markers 0 (paternal informative markers 169)
***Family = fam_09 chromosome = 25 numMarkers = 169 maternal informative markers 0 (paternal informative markers 169)
***Family = fam_08 chromosome = 26 numMarkers = 158 maternal informative markers 0 (paternal informative markers 158)
***Family = fam_01 chromosome = 26 numMarkers = 158 maternal informative markers 0 (paternal informative markers 158)
***Family = fam_09 chromosome = 26 numMarkers = 158 maternal informative markers 0 (paternal informative markers 158)
***Family = fam_08 chromosome = 27 numMarkers = 159 maternal informative markers 0 (paternal informative markers 159)
***Family = fam_01 chromosome = 27 numMarkers = 159 maternal informative markers 0 (paternal informative markers 159)
***Family = fam_09 chromosome = 27 numMarkers = 159 maternal informative markers 0 (paternal informative markers 159)
***Family = fam_08 chromosome = 28 numMarkers = 148 maternal informative markers 0 (paternal informative markers 148)
***Family = fam_01 chromosome = 28 numMarkers = 148 maternal informative markers 0 (paternal informative markers 148)
***Family = fam_09 chromosome = 28 numMarkers = 148 maternal informative markers 0 (paternal informative markers 148)
***Family = fam_08 chromosome = 29 numMarkers = 147 maternal informative markers 0 (paternal informative markers 147)
***Family = fam_01 chromosome = 29 numMarkers = 147 maternal informative markers 0 (paternal informative markers 147)
***Family = fam_09 chromosome = 29 numMarkers = 147 maternal informative markers 0 (paternal informative markers 147)
***Family = fam_08 chromosome = 30 numMarkers = 146 maternal informative markers 0 (paternal informative markers 146)
***Family = fam_01 chromosome = 30 numMarkers = 146 maternal informative markers 0 (paternal informative markers 146)
***Family = fam_09 chromosome = 30 numMarkers = 146 maternal informative markers 0 (paternal informative markers 146)
***Family = fam_08 chromosome = 31 numMarkers = 151 maternal informative markers 0 (paternal informative markers 151)
***Family = fam_01 chromosome = 31 numMarkers = 151 maternal informative markers 0 (paternal informative markers 151)
***Family = fam_09 chromosome = 31 numMarkers = 151 maternal informative markers 0 (paternal informative markers 151)
***Family = fam_08 chromosome = 32 numMarkers = 145 maternal informative markers 0 (paternal informative markers 145)
***Family = fam_01 chromosome = 32 numMarkers = 145 maternal informative markers 0 (paternal informative markers 145)
***Family = fam_09 chromosome = 32 numMarkers = 145 maternal informative markers 0 (paternal informative markers 145)
***Family = fam_08 chromosome = 33 numMarkers = 141 maternal informative markers 0 (paternal informative markers 141)
***Family = fam_01 chromosome = 33 numMarkers = 141 maternal informative markers 0 (paternal informative markers 141)
***Family = fam_09 chromosome = 33 numMarkers = 141 maternal informative markers 0 (paternal informative markers 141)
***Family = fam_08 chromosome = 34 numMarkers = 136 maternal informative markers 0 (paternal informative markers 136)
***Family = fam_01 chromosome = 34 numMarkers = 136 maternal informative markers 0 (paternal informative markers 135)
***Family = fam_09 chromosome = 34 numMarkers = 136 maternal informative markers 0 (paternal informative markers 136)
***Family = fam_08 chromosome = 35 numMarkers = 127 maternal informative markers 0 (paternal informative markers 127)
***Family = fam_01 chromosome = 35 numMarkers = 127 maternal informative markers 0 (paternal informative markers 127)
***Family = fam_09 chromosome = 35 numMarkers = 127 maternal informative markers 0 (paternal informative markers 127)
***Family = fam_08 chromosome = 36 numMarkers = 127 maternal informative markers 0 (paternal informative markers 124)
***Family = fam_01 chromosome = 36 numMarkers = 127 maternal informative markers 0 (paternal informative markers 127)
***Family = fam_09 chromosome = 36 numMarkers = 127 maternal informative markers 0 (paternal informative markers 127)
***Family = fam_08 chromosome = 37 numMarkers = 104 maternal informative markers 0 (paternal informative markers 104)
***Family = fam_01 chromosome = 37 numMarkers = 104 maternal informative markers 0 (paternal informative markers 104)
***Family = fam_09 chromosome = 37 numMarkers = 104 maternal informative markers 0 (paternal informative markers 104)
***Family = fam_08 chromosome = 38 numMarkers = 7 maternal informative markers 0 (paternal informative markers 7)
***Family = fam_01 chromosome = 38 numMarkers = 7 maternal informative markers 0 (paternal informative markers 7)
***Family = fam_09 chromosome = 38 numMarkers = 7 maternal informative markers 0 (paternal informative markers 7)
***Family = fam_08 chromosome = 39 numMarkers = 5 maternal informative markers 0 (paternal informative markers 5)
***Family = fam_01 chromosome = 39 numMarkers = 5 maternal informative markers 0 (paternal informative markers 5)
***Family = fam_09 chromosome = 39 numMarkers = 5 maternal informative markers 0 (paternal informative markers 5)
***Family = fam_08 chromosome = 40 numMarkers = 3 maternal informative markers 0 (paternal informative markers 3)
***Family = fam_01 chromosome = 40 numMarkers = 3 maternal informative markers 0 (paternal informative markers 3)
***Family = fam_09 chromosome = 40 numMarkers = 3 maternal informative markers 0 (paternal informative markers 3)
***Family = fam_08 chromosome = 41 numMarkers = 5 maternal informative markers 0 (paternal informative markers 5)
***Family = fam_01 chromosome = 41 numMarkers = 5 maternal informative markers 0 (paternal informative markers 5)
***Family = fam_09 chromosome = 41 numMarkers = 5 maternal informative markers 0 (paternal informative markers 5)
Family fam_08
Family fam_01
Family fam_09
Number of different markers = 12166
7.237508653036841 vs. 0.0
7.812539448162381 vs. 0.0
7.237508653036841 vs. 0.0
7.524814919292353 vs. 0.0
7.237508653036841 vs. 0.0
7.812539448162381 vs. 0.0
7.237508653036841 vs. 0.0
7.812539448162381 vs. 0.0
7.524814919292353 vs. 0.0
7.237508653036841 vs. 4.10710350355705
7.524814919292353 vs. 0.0
7.237508653036841 vs. 0.0
7.237508653036841 vs. 0.0
7.524814919292353 vs. 0.0
7.237508653036841 vs. 0.0
7.812539448162381 vs. 0.0
7.812539448162381 vs. 0.0
7.237508653036841 vs. 0.0
7.524814919292353 vs. 0.0
7.524814919292353 vs. 0.0
7.524814919292353 vs. 0.0
8.100657636890398 vs. 0.0
7.524814919292353 vs. 0.0
7.524814919292353 vs. 0.0
7.524814919292353 vs. 0.0
7.132320645199556 vs. 6.580332247358362
8.3891469783143 vs. 0.0
7.237508653036841 vs. 0.0
7.524814919292353 vs. 0.0
8.100657636890398 vs. 0.0
8.100657636890398 vs. 0.0
7.524814919292353 vs. 0.0
7.524814919292353 vs. 0.0
7.237508653036841 vs. 0.0
7.237508653036841 vs. 0.0
7.237508653036841 vs. 0.0
7.524814919292353 vs. 0.0
7.524814919292353 vs. 0.0
7.237508653036841 vs. 0.0
7.524814919292353 vs. 0.0
7.524814919292353 vs. 0.0
7.524814919292353 vs. 0.0
7.237508653036841 vs. 0.0
388 : chr38 : 7.812539448162381 vs. chr9 : 7.237508653036841 (not joined)
7.812539448162381 vs. 0.0
7.237508653036841 vs. 0.0
7.524814919292353 vs. 0.0
7.524814919292353 vs. 0.0
8.100657636890398 vs. 0.0
7.524814919292353 vs. 0.0
7.237508653036841 vs. 0.0
7.237508653036841 vs. 0.0
7.524814919292353 vs. 0.0
465 : chr11 : 7.237508653036841 vs. chr41 : 7.237508653036841 (not joined)
7.237508653036841 vs. 0.0
7.132320645199556 vs. 0.0
8.3891469783143 vs. 6.85596827651233
7.812539448162381 vs. 0.0
7.132320645199556 vs. 0.0
7.524814919292353 vs. 0.0
7.524814919292353 vs. 0.0
528 : chr6 : 7.812539448162381 vs. chr35 : 7.237508653036841 (not joined)
7.524814919292353 vs. 0.0
7.524814919292353 vs. 0.0
7.524814919292353 vs. 5.111902293203713
7.524814919292353 vs. 0.0
7.237508653036841 vs. 0.0
7.237508653036841 vs. 0.0
7.524814919292353 vs. 0.0
7.237508653036841 vs. 0.0
7.812539448162381 vs. 0.0
7.524814919292353 vs. 0.0
7.237508653036841 vs. 0.0
7.237508653036841 vs. 0.0
8.100657636890398 vs. 0.0
7.237508653036841 vs. 0.0
7.237508653036841 vs. 0.0
7.812539448162381 vs. 0.0
7.812539448162381 vs. 0.0
7.237508653036841 vs. 0.0
7.524814919292353 vs. 0.0
7.524814919292353 vs. 0.0
7.524814919292353 vs. 0.0
762 : chr6 : 7.237508653036841 vs. chr35 : 7.237508653036841 (not joined)
7.237508653036841 vs. 0.0
7.237508653036841 vs. 6.950647613629127
7.524814919292353 vs. 0.0
7.812539448162381 vs. 0.0
8.677986831062242 vs. 0.0
7.524814919292353 vs. 0.0
7.812539448162381 vs. 0.0
7.812539448162381 vs. 0.0
7.524814919292353 vs. 0.0
7.812539448162381 vs. 0.0
7.524814919292353 vs. 0.0
7.812539448162381 vs. 0.0
7.237508653036841 vs. 0.0
7.237508653036841 vs. 0.0
7.237508653036841 vs. 0.0
7.524814919292353 vs. 0.0
7.524814919292353 vs. 0.0
7.524814919292353 vs. 0.0
7.524814919292353 vs. 0.0
7.812539448162381 vs. 0.0
7.524814919292353 vs. 0.0
7.524814919292353 vs. 0.0
7.524814919292353 vs. 0.0
7.524814919292353 vs. 0.0
7.524814919292353 vs. 0.0
7.812539448162381 vs. 0.0
7.237508653036841 vs. 0.0
7.237508653036841 vs. 0.0
7.237508653036841 vs. 0.0
8.100657636890398 vs. 0.0
7.237508653036841 vs. 0.0
7.237508653036841 vs. 0.0
7.812539448162381 vs. 0.0
7.524814919292353 vs. 0.0
7.237508653036841 vs. 0.0
7.524814919292353 vs. 0.0
7.237508653036841 vs. 0.0
7.237508653036841 vs. 0.0
7.524814919292353 vs. 0.0
8.3891469783143 vs. 0.0
7.812539448162381 vs. 0.0
7.237508653036841 vs. 0.0
7.524814919292353 vs. 0.0
7.812539448162381 vs. 6.950647613629127
7.237508653036841 vs. 0.0
7.812539448162381 vs. 4.079827535816964
8.3891469783143 vs. 0.0
7.524814919292353 vs. 0.0
7.524814919292353 vs. 0.0
7.812539448162381 vs. 0.0
7.812539448162381 vs. 0.0
7.812539448162381 vs. 0.0
7.812539448162381 vs. 0.0
7.237508653036841 vs. 0.0
7.237508653036841 vs. 0.0
7.237508653036841 vs. 0.0
7.812539448162381 vs. 0.0
7.237508653036841 vs. 0.0
7.237508653036841 vs. 0.0
7.237508653036841 vs. 0.0
7.237508653036841 vs. 0.0
7.812539448162381 vs. 0.0
7.812539448162381 vs. 0.0
7.237508653036841 vs. 0.0
7.237508653036841 vs. 0.0
8.3891469783143 vs. 0.0
7.524814919292353 vs. 0.0
7.524814919292353 vs. 0.0
8.3891469783143 vs. 0.0
7.524814919292353 vs. 0.0
7.812539448162381 vs. 0.0
7.237508653036841 vs. 0.0
7.237508653036841 vs. 0.0
7.524814919292353 vs. 6.950647613629127
7.524814919292353 vs. 0.0
7.237508653036841 vs. 0.0
7.524814919292353 vs. 0.0
7.237508653036841 vs. 0.0
7.237508653036841 vs. 0.0
7.524814919292353 vs. 0.0
7.812539448162381 vs. 0.0
7.237508653036841 vs. 0.0
7.237508653036841 vs. 0.0
7.812539448162381 vs. 0.0
7.524814919292353 vs. 0.0
7.812539448162381 vs. 0.0
7.237508653036841 vs. 0.0
7.812539448162381 vs. 0.0
7.237508653036841 vs. 0.0
7.524814919292353 vs. 0.0
7.237508653036841 vs. 0.0
7.524814919292353 vs. 0.0
7.237508653036841 vs. 0.0
7.812539448162381 vs. 0.0
7.812539448162381 vs. 0.0
7.524814919292353 vs. 0.0
7.237508653036841 vs. 0.0
7.237508653036841 vs. 0.0
7.524814919292353 vs. 0.0
7.237508653036841 vs. 0.0
7.237508653036841 vs. 0.0
7.524814919292353 vs. 0.0
7.237508653036841 vs. 0.0
7.524814919292353 vs. 0.0
7.524814919292353 vs. 0.0
7.237508653036841 vs. 0.0
7.237508653036841 vs. 0.0
7.237508653036841 vs. 0.0
7.812539448162381 vs. 0.0
7.524814919292353 vs. 0.0
7.237508653036841 vs. 0.0
7.812539448162381 vs. 0.0
7.237508653036841 vs. 0.0
7.237508653036841 vs. 0.0
7.524814919292353 vs. 0.0
7.524814919292353 vs. 0.0
7.812539448162381 vs. 0.0
7.812539448162381 vs. 0.0
7.237508653036841 vs. 0.0
7.524814919292353 vs. 0.0
7.237508653036841 vs. 0.0
7.812539448162381 vs. 0.0
7.524814919292353 vs. 0.0
7.524814919292353 vs. 0.0
7.812539448162381 vs. 0.0
7.524814919292353 vs. 0.0
7.237508653036841 vs. 0.0
7.812539448162381 vs. 0.0
8.100657636890398 vs. 0.0
7.237508653036841 vs. 0.0
7.524814919292353 vs. 0.0
7.237508653036841 vs. 0.0
8.100657636890398 vs. 0.0
7.237508653036841 vs. 0.0
7.237508653036841 vs. 0.0
7.237508653036841 vs. 0.0
7.524814919292353 vs. 0.0
7.524814919292353 vs. 0.0
8.100657636890398 vs. 0.0
7.524814919292353 vs. 0.0
7.524814919292353 vs. 0.0
7.524814919292353 vs. 0.0
8.100657636890398 vs. 0.0
7.812539448162381 vs. 0.0
7.237508653036841 vs. 0.0
7.524814919292353 vs. 0.0
7.237508653036841 vs. 0.0
7.237508653036841 vs. 3.0734132287964897
7.812539448162381 vs. 0.0
7.524814919292353 vs. 0.0
7.524814919292353 vs. 0.0
7.812539448162381 vs. 0.0
7.524814919292353 vs. 0.0
7.237508653036841 vs. 0.0
8.100657636890398 vs. 0.0
7.237508653036841 vs. 0.0
7.524814919292353 vs. 0.0
7.237508653036841 vs. 0.0
7.812539448162381 vs. 0.0
7.524814919292353 vs. 0.0
7.524814919292353 vs. 0.0
7.524814919292353 vs. 0.0
7.237508653036841 vs. 0.0
7.524814919292353 vs. 0.0
7.524814919292353 vs. 0.0
7.524814919292353 vs. 0.0
7.237508653036841 vs. 0.0
7.237508653036841 vs. 0.0
7.237508653036841 vs. 0.0
7.524814919292353 vs. 0.0
7.524814919292353 vs. 0.0
7.524814919292353 vs. 0.0
7.524814919292353 vs. 0.0
7.524814919292353 vs. 0.0
7.524814919292353 vs. 0.0
7.237508653036841 vs. 0.0
7.237508653036841 vs. 0.0
7.237508653036841 vs. 0.0
7.812539448162381 vs. 0.0
7.524814919292353 vs. 0.0
7.524814919292353 vs. 0.0
7.812539448162381 vs. 5.214525989256439
7.812539448162381 vs. 0.0
7.237508653036841 vs. 0.0
7.524814919292353 vs. 0.0
7.524814919292353 vs. 0.0
7.524814919292353 vs. 0.0
7.524814919292353 vs. 0.0
7.237508653036841 vs. 0.0
7.237508653036841 vs. 0.0
7.812539448162381 vs. 0.0
7.524814919292353 vs. 0.0
7.237508653036841 vs. 0.0
7.524814919292353 vs. 0.0
7.237508653036841 vs. 0.0
7.524814919292353 vs. 0.0
7.524814919292353 vs. 0.0
7.237508653036841 vs. 0.0
7.524814919292353 vs. 0.0
7.237508653036841 vs. 0.0
7.237508653036841 vs. 0.0
7.237508653036841 vs. 0.0
7.237508653036841 vs. 0.0
7.524814919292353 vs. 0.0
7.812539448162381 vs. 0.0
7.237508653036841 vs. 0.0
7.812539448162381 vs. 0.0
7.237508653036841 vs. 0.0
7.524814919292353 vs. 0.0
7.524814919292353 vs. 0.0
7.237508653036841 vs. 0.0
7.237508653036841 vs. 0.0
7.132320645199556 vs. 0.0
7.812539448162381 vs. 0.0
7.237508653036841 vs. 0.0
7.237508653036841 vs. 0.0
7.524814919292353 vs. 0.0
7.524814919292353 vs. 0.0
7.524814919292353 vs. 0.0
7.237508653036841 vs. 0.0
7.237508653036841 vs. 0.0
7.812539448162381 vs. 0.0
7.237508653036841 vs. 0.0
7.524814919292353 vs. 0.0
7.524814919292353 vs. 0.0
7.812539448162381 vs. 0.0
7.237508653036841 vs. 0.0
7.524814919292353 vs. 0.0
7.524814919292353 vs. 0.0
7.812539448162381 vs. 0.0
7.812539448162381 vs. 0.0
7.812539448162381 vs. 0.0
7.812539448162381 vs. 0.0
7.524814919292353 vs. 0.0
7.237508653036841 vs. 0.0
7.237508653036841 vs. 3.3222026871959405
7.812539448162381 vs. 0.0
7.524814919292353 vs. 0.0
2221 : chr6 : 8.100657636890398 vs. chr35 : 8.100657636890398 (not joined)
7.237508653036841 vs. 0.0
7.524814919292353 vs. 4.079827535816964
7.524814919292353 vs. 0.0
7.812539448162381 vs. 0.0
7.524814919292353 vs. 0.0
7.524814919292353 vs. 0.0
7.524814919292353 vs. 0.0
7.524814919292353 vs. 0.0
7.812539448162381 vs. 0.0
7.524814919292353 vs. 0.0
7.812539448162381 vs. 0.0
7.237508653036841 vs. 0.0
7.812539448162381 vs. 0.0
7.237508653036841 vs. 0.0
7.237508653036841 vs. 0.0
7.812539448162381 vs. 0.0
7.524814919292353 vs. 0.0
7.237508653036841 vs. 0.0
7.237508653036841 vs. 0.0
7.812539448162381 vs. 0.0
7.524814919292353 vs. 0.0
7.237508653036841 vs. 0.0
7.237508653036841 vs. 4.10710350355705
7.237508653036841 vs. 0.0
7.812539448162381 vs. 0.0
7.237508653036841 vs. 0.0
7.524814919292353 vs. 0.0
7.524814919292353 vs. 0.0
7.524814919292353 vs. 0.0
7.812539448162381 vs. 0.0
7.237508653036841 vs. 0.0
7.524814919292353 vs. 0.0
7.524814919292353 vs. 4.851830913609798
7.524814919292353 vs. 0.0
7.237508653036841 vs. 0.0
7.237508653036841 vs. 0.0
7.524814919292353 vs. 0.0
7.237508653036841 vs. 0.0
7.237508653036841 vs. 0.0
7.812539448162381 vs. 0.0
7.524814919292353 vs. 0.0
7.524814919292353 vs. 0.0
7.812539448162381 vs. 0.0
7.237508653036841 vs. 0.0
7.524814919292353 vs. 0.0
7.524814919292353 vs. 0.0
7.524814919292353 vs. 0.0
7.524814919292353 vs. 0.0
7.237508653036841 vs. 0.0
7.524814919292353 vs. 0.0
7.524814919292353 vs. 0.0
7.812539448162381 vs. 0.0
7.237508653036841 vs. 0.0
7.524814919292353 vs. 0.0
7.812539448162381 vs. 0.0
7.524814919292353 vs. 0.0
7.812539448162381 vs. 0.0
7.237508653036841 vs. 0.0
7.812539448162381 vs. 0.0
7.524814919292353 vs. 0.0
7.237508653036841 vs. 0.0
7.524814919292353 vs. 0.0
8.100657636890398 vs. 0.0
7.812539448162381 vs. 0.0
7.237508653036841 vs. 0.0
7.812539448162381 vs. 0.0
7.237508653036841 vs. 0.0
7.524814919292353 vs. 0.0
7.812539448162381 vs. 0.0
7.812539448162381 vs. 0.0
7.524814919292353 vs. 0.0
7.237508653036841 vs. 0.0
8.100657636890398 vs. 0.0
7.524814919292353 vs. 0.0
7.237508653036841 vs. 4.079827535816964
7.524814919292353 vs. 5.485860097875672
7.237508653036841 vs. 0.0
7.812539448162381 vs. 0.0
7.237508653036841 vs. 0.0
7.812539448162381 vs. 0.0
7.524814919292353 vs. 0.0
7.812539448162381 vs. 4.9442306187986755
7.237508653036841 vs. 0.0
7.524814919292353 vs. 0.0
7.524814919292353 vs. 0.0
7.524814919292353 vs. 0.0
7.237508653036841 vs. 0.0
7.812539448162381 vs. 0.0
7.812539448162381 vs. 0.0
7.524814919292353 vs. 0.0
7.524814919292353 vs. 0.0
7.524814919292353 vs. 0.0
7.237508653036841 vs. 0.0
7.524814919292353 vs. 0.0
7.237508653036841 vs. 0.0
7.812539448162381 vs. 4.851830913609798
7.524814919292353 vs. 0.0
7.812539448162381 vs. 0.0
7.237508653036841 vs. 0.0
7.524814919292353 vs. 0.0
7.237508653036841 vs. 6.664261435646007
7.237508653036841 vs. 0.0
7.524814919292353 vs. 0.0
7.237508653036841 vs. 0.0
7.237508653036841 vs. 0.0
7.524814919292353 vs. 0.0
7.237508653036841 vs. 0.0
7.812539448162381 vs. 0.0
7.812539448162381 vs. 0.0
7.524814919292353 vs. 0.0
7.237508653036841 vs. 0.0
7.237508653036841 vs. 0.0
7.812539448162381 vs. 0.0
7.812539448162381 vs. 0.0
7.237508653036841 vs. 0.0
8.100657636890398 vs. 0.0
7.812539448162381 vs. 4.593070097082085
7.237508653036841 vs. 0.0
7.812539448162381 vs. 0.0
7.812539448162381 vs. 5.111902293203713
7.237508653036841 vs. 0.0
7.237508653036841 vs. 0.0
7.812539448162381 vs. 0.0
7.812539448162381 vs. 0.0
7.524814919292353 vs. 0.0
7.524814919292353 vs. 0.0
7.237508653036841 vs. 0.0
7.524814919292353 vs. 0.0
7.237508653036841 vs. 0.0
8.100657636890398 vs. 0.0
7.524814919292353 vs. 0.0
7.812539448162381 vs. 0.0
7.524814919292353 vs. 0.0
7.524814919292353 vs. 0.0
7.132320645199556 vs. 0.0
7.812539448162381 vs. 0.0
7.524814919292353 vs. 0.0
7.132320645199556 vs. 0.0
7.237508653036841 vs. 0.0
7.524814919292353 vs. 0.0
7.237508653036841 vs. 0.0
7.812539448162381 vs. 0.0
7.237508653036841 vs. 0.0
7.524814919292353 vs. 0.0
7.524814919292353 vs. 0.0
7.812539448162381 vs. 0.0
7.237508653036841 vs. 0.0
7.524814919292353 vs. 0.0
7.524814919292353 vs. 0.0
7.524814919292353 vs. 0.0
7.237508653036841 vs. 0.0
7.524814919292353 vs. 0.0
7.812539448162381 vs. 0.0
7.812539448162381 vs. 0.0
7.524814919292353 vs. 0.0
7.524814919292353 vs. 0.0
7.237508653036841 vs. 0.0
7.237508653036841 vs. 0.0
7.237508653036841 vs. 3.3222026871959405
7.812539448162381 vs. 0.0
7.524814919292353 vs. 0.0
7.237508653036841 vs. 0.0
7.812539448162381 vs. 0.0
7.237508653036841 vs. 0.0
7.237508653036841 vs. 0.0
7.812539448162381 vs. 0.0
7.524814919292353 vs. 0.0
7.237508653036841 vs. 0.0
7.524814919292353 vs. 0.0
7.237508653036841 vs. 0.0
7.812539448162381 vs. 0.0
7.237508653036841 vs. 0.0
7.524814919292353 vs. 0.0
8.100657636890398 vs. 0.0
7.237508653036841 vs. 0.0
7.237508653036841 vs. 0.0
7.812539448162381 vs. 0.0
7.524814919292353 vs. 0.0
7.812539448162381 vs. 0.0
7.812539448162381 vs. 0.0
7.524814919292353 vs. 0.0
7.237508653036841 vs. 0.0
7.812539448162381 vs. 0.0
7.524814919292353 vs. 0.0
7.812539448162381 vs. 0.0
7.524814919292353 vs. 0.0
7.524814919292353 vs. 0.0
7.237508653036841 vs. 0.0
7.237508653036841 vs. 0.0
7.812539448162381 vs. 4.10710350355705
7.524814919292353 vs. 0.0
7.524814919292353 vs. 0.0
7.524814919292353 vs. 0.0
7.237508653036841 vs. 0.0
7.812539448162381 vs. 0.0
7.237508653036841 vs. 0.0
7.237508653036841 vs. 0.0
7.812539448162381 vs. 0.0
7.812539448162381 vs. 0.0
7.524814919292353 vs. 0.0
7.812539448162381 vs. 0.0
7.237508653036841 vs. 0.0
7.237508653036841 vs. 0.0
7.237508653036841 vs. 0.0
7.237508653036841 vs. 0.0
7.524814919292353 vs. 0.0
7.524814919292353 vs. 0.0
7.812539448162381 vs. 0.0
7.812539448162381 vs. 0.0
7.237508653036841 vs. 0.0
7.237508653036841 vs. 0.0
7.524814919292353 vs. 0.0
7.237508653036841 vs. 0.0
7.524814919292353 vs. 0.0
7.237508653036841 vs. 4.851830913609798
7.237508653036841 vs. 0.0
7.812539448162381 vs. 0.0
7.812539448162381 vs. 0.0
7.524814919292353 vs. 0.0
7.812539448162381 vs. 0.0
7.237508653036841 vs. 0.0
7.237508653036841 vs. 0.0
7.237508653036841 vs. 0.0
7.524814919292353 vs. 0.0
7.237508653036841 vs. 0.0
7.524814919292353 vs. 0.0
7.237508653036841 vs. 0.0
7.812539448162381 vs. 0.0
7.524814919292353 vs. 0.0
7.237508653036841 vs. 0.0
7.812539448162381 vs. 0.0
7.524814919292353 vs. 0.0
7.524814919292353 vs. 0.0
7.237508653036841 vs. 3.5729579403885614
7.237508653036841 vs. 0.0
7.812539448162381 vs. 0.0
7.237508653036841 vs. 0.0
7.812539448162381 vs. 0.0
7.237508653036841 vs. 0.0
7.237508653036841 vs. 0.0
7.237508653036841 vs. 0.0
7.524814919292353 vs. 0.0
7.524814919292353 vs. 0.0
7.237508653036841 vs. 0.0
7.524814919292353 vs. 0.0
7.237508653036841 vs. 0.0
7.524814919292353 vs. 0.0
7.812539448162381 vs. 0.0
7.812539448162381 vs. 0.0
7.237508653036841 vs. 0.0
7.237508653036841 vs. 0.0
7.812539448162381 vs. 0.0
7.237508653036841 vs. 0.0
7.524814919292353 vs. 0.0
7.524814919292353 vs. 0.0
7.237508653036841 vs. 0.0
7.237508653036841 vs. 0.0
7.524814919292353 vs. 0.0
7.237508653036841 vs. 0.0
7.524814919292353 vs. 0.0
7.237508653036841 vs. 0.0
7.237508653036841 vs. 0.0
7.524814919292353 vs. 0.0
7.524814919292353 vs. 0.0
7.812539448162381 vs. 0.0
7.237508653036841 vs. 0.0
7.237508653036841 vs. 0.0
7.812539448162381 vs. 0.0
7.812539448162381 vs. 0.0
7.812539448162381 vs. 0.0
7.524814919292353 vs. 0.0
7.237508653036841 vs. 0.0
7.237508653036841 vs. 0.0
7.812539448162381 vs. 0.0
8.100657636890398 vs. 0.0
7.524814919292353 vs. 0.0
7.524814919292353 vs. 0.0
7.524814919292353 vs. 0.0
7.524814919292353 vs. 0.0
7.812539448162381 vs. 0.0
7.524814919292353 vs. 0.0
7.237508653036841 vs. 0.0
7.524814919292353 vs. 0.0
7.524814919292353 vs. 0.0
7.812539448162381 vs. 0.0
7.524814919292353 vs. 0.0
7.524814919292353 vs. 0.0
7.237508653036841 vs. 0.0
7.237508653036841 vs. 0.0
7.237508653036841 vs. 0.0
7.524814919292353 vs. 0.0
7.812539448162381 vs. 0.0
7.524814919292353 vs. 0.0
7.812539448162381 vs. 0.0
7.524814919292353 vs. 0.0
7.237508653036841 vs. 0.0
7.524814919292353 vs. 0.0
7.237508653036841 vs. 0.0
7.812539448162381 vs. 0.0
7.524814919292353 vs. 0.0
7.237508653036841 vs. 4.851830913609798
7.237508653036841 vs. 0.0
7.524814919292353 vs. 0.0
7.237508653036841 vs. 0.0
7.524814919292353 vs. 0.0
7.237508653036841 vs. 0.0
7.237508653036841 vs. 0.0
7.812539448162381 vs. 0.0
7.812539448162381 vs. 0.0
7.237508653036841 vs. 0.0
7.237508653036841 vs. 5.758165940256667
7.524814919292353 vs. 0.0
7.237508653036841 vs. 0.0
7.237508653036841 vs. 0.0
7.812539448162381 vs. 0.0
7.237508653036841 vs. 0.0
7.524814919292353 vs. 0.0
7.812539448162381 vs. 0.0
7.237508653036841 vs. 0.0
7.524814919292353 vs. 0.0
7.812539448162381 vs. 0.0
7.524814919292353 vs. 3.3222026871959405
8.100657636890398 vs. 0.0
7.237508653036841 vs. 0.0
8.100657636890398 vs. 0.0
7.524814919292353 vs. 0.0
7.812539448162381 vs. 0.0
7.524814919292353 vs. 0.0
7.812539448162381 vs. 0.0
7.237508653036841 vs. 0.0
7.812539448162381 vs. 0.0
7.812539448162381 vs. 0.0
7.237508653036841 vs. 0.0
7.812539448162381 vs. 0.0
7.237508653036841 vs. 0.0
7.812539448162381 vs. 0.0
7.812539448162381 vs. 0.0
7.237508653036841 vs. 0.0
7.812539448162381 vs. 0.0
7.812539448162381 vs. 0.0
7.237508653036841 vs. 0.0
7.237508653036841 vs. 0.0
7.237508653036841 vs. 0.0
7.812539448162381 vs. 0.0
7.524814919292353 vs. 0.0
7.237508653036841 vs. 0.0
7.524814919292353 vs. 0.0
7.524814919292353 vs. 0.0
7.237508653036841 vs. 0.0
7.812539448162381 vs. 0.0
7.237508653036841 vs. 0.0
7.237508653036841 vs. 0.0
7.524814919292353 vs. 0.0
8.100657636890398 vs. 0.0
7.812539448162381 vs. 0.0
7.237508653036841 vs. 0.0
7.524814919292353 vs. 0.0
7.812539448162381 vs. 0.0
7.524814919292353 vs. 0.0
8.100657636890398 vs. 4.079827535816964
7.524814919292353 vs. 0.0
7.812539448162381 vs. 0.0
7.524814919292353 vs. 0.0
7.524814919292353 vs. 0.0
7.812539448162381 vs. 0.0
7.812539448162381 vs. 0.0
7.237508653036841 vs. 0.0
7.524814919292353 vs. 0.0
7.237508653036841 vs. 0.0
7.812539448162381 vs. 0.0
7.812539448162381 vs. 0.0
7.237508653036841 vs. 0.0
7.524814919292353 vs. 0.0
7.524814919292353 vs. 0.0
7.524814919292353 vs. 0.0
7.812539448162381 vs. 0.0
7.524814919292353 vs. 0.0
7.524814919292353 vs. 0.0
7.237508653036841 vs. 0.0
7.524814919292353 vs. 0.0
7.237508653036841 vs. 0.0
7.524814919292353 vs. 0.0
7.237508653036841 vs. 0.0
7.237508653036841 vs. 0.0
7.812539448162381 vs. 0.0
7.812539448162381 vs. 0.0
7.524814919292353 vs. 0.0
7.409350364429441 vs. 0.0
7.237508653036841 vs. 0.0
8.100657636890398 vs. 0.0
7.524814919292353 vs. 0.0
8.100657636890398 vs. 0.0
7.812539448162381 vs. 0.0
7.524814919292353 vs. 0.0
7.524814919292353 vs. 0.0
7.812539448162381 vs. 0.0
7.237508653036841 vs. 0.0
7.524814919292353 vs. 0.0
7.237508653036841 vs. 0.0
7.524814919292353 vs. 0.0
8.100657636890398 vs. 0.0
7.524814919292353 vs. 6.378382784323462
7.524814919292353 vs. 4.9442306187986755
8.100657636890398 vs. 0.0
7.524814919292353 vs. 0.0
7.524814919292353 vs. 4.079827535816964
7.812539448162381 vs. 0.0
7.812539448162381 vs. 0.0
7.237508653036841 vs. 0.0
7.812539448162381 vs. 0.0
7.524814919292353 vs. 0.0
7.524814919292353 vs. 0.0
7.524814919292353 vs. 0.0
7.812539448162381 vs. 0.0
7.237508653036841 vs. 0.0
7.237508653036841 vs. 0.0
7.524814919292353 vs. 0.0
7.524814919292353 vs. 0.0
7.812539448162381 vs. 0.0
7.237508653036841 vs. 0.0
7.237508653036841 vs. 0.0
7.237508653036841 vs. 0.0
7.237508653036841 vs. 0.0
8.3891469783143 vs. 0.0
7.237508653036841 vs. 5.758165940256667
7.237508653036841 vs. 0.0
7.524814919292353 vs. 0.0
7.524814919292353 vs. 0.0
7.812539448162381 vs. 0.0
7.524814919292353 vs. 3.3222026871959405
7.812539448162381 vs. 0.0
7.524814919292353 vs. 0.0
7.812539448162381 vs. 0.0
8.100657636890398 vs. 0.0
7.524814919292353 vs. 0.0
7.812539448162381 vs. 6.305454970542936
7.812539448162381 vs. 0.0
8.100657636890398 vs. 0.0
7.237508653036841 vs. 3.8255410666115806
7.524814919292353 vs. 0.0
7.237508653036841 vs. 0.0
7.812539448162381 vs. 0.0
7.812539448162381 vs. 0.0
7.237508653036841 vs. 0.0
7.524814919292353 vs. 0.0
7.812539448162381 vs. 0.0
7.524814919292353 vs. 0.0
7.812539448162381 vs. 0.0
7.812539448162381 vs. 0.0
7.812539448162381 vs. 0.0
7.237508653036841 vs. 0.0
7.524814919292353 vs. 5.111902293203713
8.3891469783143 vs. 0.0
7.524814919292353 vs. 0.0
7.524814919292353 vs. 0.0
7.812539448162381 vs. 0.0
7.812539448162381 vs. 0.0
7.812539448162381 vs. 0.0
7.812539448162381 vs. 0.0
7.524814919292353 vs. 0.0
7.812539448162381 vs. 0.0
7.812539448162381 vs. 0.0
7.812539448162381 vs. 0.0
8.3891469783143 vs. 0.0
7.812539448162381 vs. 0.0
7.812539448162381 vs. 0.0
7.812539448162381 vs. 0.0
7.524814919292353 vs. 0.0
7.812539448162381 vs. 0.0
7.237508653036841 vs. 0.0
7.524814919292353 vs. 0.0
7.237508653036841 vs. 0.0
7.812539448162381 vs. 0.0
7.524814919292353 vs. 0.0
8.100657636890398 vs. 0.0
7.524814919292353 vs. 5.758165940256667
7.524814919292353 vs. 0.0
7.524814919292353 vs. 0.0
7.812539448162381 vs. 0.0
7.524814919292353 vs. 0.0
7.524814919292353 vs. 0.0
7.524814919292353 vs. 3.5729579403885614
7.524814919292353 vs. 0.0
7.812539448162381 vs. 0.0
7.132320645199556 vs. 0.0
7.812539448162381 vs. 0.0
7.237508653036841 vs. 0.0
7.237508653036841 vs. 0.0
7.812539448162381 vs. 0.0
7.237508653036841 vs. 0.0
7.812539448162381 vs. 0.0
7.237508653036841 vs. 0.0
7.237508653036841 vs. 0.0
7.524814919292353 vs. 0.0
7.812539448162381 vs. 0.0
7.237508653036841 vs. 0.0
7.524814919292353 vs. 0.0
7.237508653036841 vs. 0.0
7.237508653036841 vs. 0.0
7.812539448162381 vs. 0.0
7.524814919292353 vs. 0.0
7.237508653036841 vs. 0.0
7.132320645199556 vs. 0.0
8.677986831062242 vs. 0.0
7.237508653036841 vs. 0.0
7.812539448162381 vs. 0.0
7.237508653036841 vs. 0.0
7.524814919292353 vs. 0.0
7.812539448162381 vs. 0.0
7.812539448162381 vs. 0.0
7.237508653036841 vs. 0.0
7.524814919292353 vs. 0.0
7.524814919292353 vs. 0.0
8.100657636890398 vs. 0.0
7.237508653036841 vs. 0.0
7.524814919292353 vs. 0.0
7.524814919292353 vs. 0.0
7.812539448162381 vs. 0.0
7.812539448162381 vs. 0.0
7.237508653036841 vs. 0.0
7.812539448162381 vs. 0.0
7.524814919292353 vs. 0.0
7.237508653036841 vs. 0.0
7.237508653036841 vs. 0.0
7.524814919292353 vs. 0.0
7.524814919292353 vs. 0.0
7.237508653036841 vs. 0.0
7.524814919292353 vs. 0.0
7.812539448162381 vs. 0.0
7.524814919292353 vs. 0.0
7.524814919292353 vs. 0.0
7.524814919292353 vs. 0.0
7.237508653036841 vs. 0.0
7.524814919292353 vs. 0.0
7.237508653036841 vs. 0.0
7.812539448162381 vs. 0.0
7.524814919292353 vs. 0.0
7.237508653036841 vs. 0.0
7.237508653036841 vs. 0.0
7.524814919292353 vs. 0.0
7.237508653036841 vs. 0.0
7.524814919292353 vs. 0.0
7.524814919292353 vs. 0.0
7.524814919292353 vs. 0.0
7.524814919292353 vs. 0.0
7.812539448162381 vs. 0.0
7.237508653036841 vs. 0.0
7.237508653036841 vs. 0.0
7.237508653036841 vs. 0.0
7.237508653036841 vs. 0.0
7.237508653036841 vs. 0.0
7.237508653036841 vs. 0.0
7.812539448162381 vs. 0.0
7.812539448162381 vs. 0.0
7.812539448162381 vs. 0.0
7.812539448162381 vs. 0.0
7.237508653036841 vs. 0.0
8.100657636890398 vs. 0.0
7.524814919292353 vs. 0.0
7.812539448162381 vs. 0.0
7.812539448162381 vs. 0.0
7.237508653036841 vs. 0.0
7.812539448162381 vs. 0.0
7.524814919292353 vs. 0.0
7.812539448162381 vs. 0.0
7.237508653036841 vs. 0.0
7.237508653036841 vs. 6.950647613629127
7.524814919292353 vs. 0.0
7.524814919292353 vs. 0.0
7.812539448162381 vs. 4.079827535816964
7.237508653036841 vs. 0.0
8.100657636890398 vs. 0.0
7.524814919292353 vs. 0.0
5071 : chr6 : 8.100657636890398 vs. chr35 : 7.812539448162381 (not joined)
7.812539448162381 vs. 0.0
7.812539448162381 vs. 0.0
7.812539448162381 vs. 0.0
7.237508653036841 vs. 0.0
7.237508653036841 vs. 0.0
7.812539448162381 vs. 0.0
7.237508653036841 vs. 0.0
7.524814919292353 vs. 0.0
7.237508653036841 vs. 0.0
8.100657636890398 vs. 0.0
8.3891469783143 vs. 0.0
7.237508653036841 vs. 0.0
8.100657636890398 vs. 0.0
7.524814919292353 vs. 0.0
7.812539448162381 vs. 0.0
7.524814919292353 vs. 0.0
7.812539448162381 vs. 0.0
7.237508653036841 vs. 0.0
7.237508653036841 vs. 0.0
7.237508653036841 vs. 0.0
7.237508653036841 vs. 0.0
7.524814919292353 vs. 0.0
7.237508653036841 vs. 0.0
7.524814919292353 vs. 0.0
7.237508653036841 vs. 0.0
7.237508653036841 vs. 0.0
7.524814919292353 vs. 0.0
7.237508653036841 vs. 0.0
7.237508653036841 vs. 0.0
7.237508653036841 vs. 0.0
7.237508653036841 vs. 0.0
7.237508653036841 vs. 0.0
7.524814919292353 vs. 0.0
7.237508653036841 vs. 0.0
7.524814919292353 vs. 0.0
7.237508653036841 vs. 0.0
7.812539448162381 vs. 0.0
7.237508653036841 vs. 0.0
7.524814919292353 vs. 0.0
7.524814919292353 vs. 0.0
7.132320645199556 vs. 0.0
7.237508653036841 vs. 0.0
7.524814919292353 vs. 0.0
7.237508653036841 vs. 0.0
7.237508653036841 vs. 0.0
7.812539448162381 vs. 0.0
7.812539448162381 vs. 0.0
8.100657636890398 vs. 0.0
7.812539448162381 vs. 0.0
7.524814919292353 vs. 0.0
7.237508653036841 vs. 0.0
7.524814919292353 vs. 0.0
7.524814919292353 vs. 0.0
7.524814919292353 vs. 0.0
7.524814919292353 vs. 0.0
7.237508653036841 vs. 3.3222026871959405
7.524814919292353 vs. 0.0
7.812539448162381 vs. 0.0
7.237508653036841 vs. 0.0
7.237508653036841 vs. 0.0
7.237508653036841 vs. 0.0
7.132320645199556 vs. 0.0
7.237508653036841 vs. 0.0
7.812539448162381 vs. 0.0
7.237508653036841 vs. 0.0
7.812539448162381 vs. 0.0
7.812539448162381 vs. 0.0
7.237508653036841 vs. 0.0
7.237508653036841 vs. 0.0
7.237508653036841 vs. 0.0
7.812539448162381 vs. 0.0
7.237508653036841 vs. 0.0
7.812539448162381 vs. 0.0
7.237508653036841 vs. 0.0
7.524814919292353 vs. 0.0
7.812539448162381 vs. 0.0
7.524814919292353 vs. 0.0
7.237508653036841 vs. 0.0
7.237508653036841 vs. 0.0
7.237508653036841 vs. 0.0
7.812539448162381 vs. 3.5729579403885614
7.237508653036841 vs. 0.0
8.100657636890398 vs. 0.0
7.237508653036841 vs. 0.0
7.237508653036841 vs. 0.0
7.237508653036841 vs. 0.0
7.524814919292353 vs. 0.0
7.812539448162381 vs. 0.0
7.812539448162381 vs. 0.0
7.237508653036841 vs. 0.0
7.237508653036841 vs. 0.0
7.237508653036841 vs. 0.0
7.812539448162381 vs. 0.0
7.524814919292353 vs. 0.0
7.524814919292353 vs. 0.0
7.524814919292353 vs. 0.0
7.812539448162381 vs. 0.0
7.524814919292353 vs. 0.0
7.237508653036841 vs. 0.0
7.524814919292353 vs. 0.0
7.237508653036841 vs. 0.0
7.237508653036841 vs. 0.0
5730 : chr6 : 7.812539448162381 vs. chr35 : 7.237508653036841 (not joined)
7.812539448162381 vs. 0.0
7.237508653036841 vs. 0.0
7.237508653036841 vs. 0.0
7.524814919292353 vs. 0.0
7.812539448162381 vs. 0.0
7.524814919292353 vs. 0.0
7.524814919292353 vs. 0.0
7.524814919292353 vs. 0.0
7.524814919292353 vs. 0.0
7.237508653036841 vs. 0.0
7.812539448162381 vs. 0.0
7.524814919292353 vs. 0.0
7.812539448162381 vs. 0.0
8.3891469783143 vs. 0.0
7.812539448162381 vs. 0.0
7.812539448162381 vs. 0.0
7.237508653036841 vs. 0.0
7.812539448162381 vs. 0.0
7.524814919292353 vs. 0.0
7.237508653036841 vs. 0.0
7.237508653036841 vs. 0.0
7.237508653036841 vs. 0.0
7.237508653036841 vs. 0.0
7.237508653036841 vs. 0.0
7.237508653036841 vs. 0.0
7.524814919292353 vs. 0.0
7.812539448162381 vs. 4.10710350355705
7.524814919292353 vs. 0.0
7.524814919292353 vs. 0.0
7.237508653036841 vs. 0.0
7.237508653036841 vs. 0.0
7.524814919292353 vs. 0.0
7.812539448162381 vs. 0.0
7.812539448162381 vs. 0.0
7.524814919292353 vs. 3.8255410666115806
7.237508653036841 vs. 0.0
7.237508653036841 vs. 0.0
7.237508653036841 vs. 0.0
7.812539448162381 vs. 0.0
7.237508653036841 vs. 0.0
7.812539448162381 vs. 0.0
7.237508653036841 vs. 0.0
7.524814919292353 vs. 0.0
7.812539448162381 vs. 4.079827535816964
7.524814919292353 vs. 0.0
7.812539448162381 vs. 0.0
7.237508653036841 vs. 0.0
7.524814919292353 vs. 0.0
7.524814919292353 vs. 0.0
7.524814919292353 vs. 0.0
7.812539448162381 vs. 0.0
7.812539448162381 vs. 0.0
7.812539448162381 vs. 0.0
7.812539448162381 vs. 0.0
7.237508653036841 vs. 0.0
7.237508653036841 vs. 0.0
7.237508653036841 vs. 0.0
7.812539448162381 vs. 0.0
7.237508653036841 vs. 0.0
7.812539448162381 vs. 0.0
7.812539448162381 vs. 0.0
7.237508653036841 vs. 0.0
7.237508653036841 vs. 0.0
7.812539448162381 vs. 0.0
7.812539448162381 vs. 0.0
7.237508653036841 vs. 0.0
7.812539448162381 vs. 0.0
8.100657636890398 vs. 0.0
7.812539448162381 vs. 0.0
7.524814919292353 vs. 0.0
7.524814919292353 vs. 0.0
7.524814919292353 vs. 0.0
7.237508653036841 vs. 0.0
7.524814919292353 vs. 0.0
7.812539448162381 vs. 0.0
7.812539448162381 vs. 0.0
7.812539448162381 vs. 6.031382688614232
7.812539448162381 vs. 0.0
7.524814919292353 vs. 0.0
7.812539448162381 vs. 0.0
7.237508653036841 vs. 0.0
7.237508653036841 vs. 0.0
7.812539448162381 vs. 0.0
7.524814919292353 vs. 0.0
7.812539448162381 vs. 0.0
7.524814919292353 vs. 0.0
7.524814919292353 vs. 0.0
7.237508653036841 vs. 0.0
7.812539448162381 vs. 0.0
7.237508653036841 vs. 0.0
7.812539448162381 vs. 0.0
7.524814919292353 vs. 0.0
7.524814919292353 vs. 0.0
7.237508653036841 vs. 0.0
7.237508653036841 vs. 0.0
7.812539448162381 vs. 0.0
7.812539448162381 vs. 0.0
7.237508653036841 vs. 0.0
7.237508653036841 vs. 0.0
7.812539448162381 vs. 0.0
7.237508653036841 vs. 0.0
7.237508653036841 vs. 0.0
7.237508653036841 vs. 0.0
7.524814919292353 vs. 0.0
7.812539448162381 vs. 0.0
7.812539448162381 vs. 0.0
7.237508653036841 vs. 0.0
7.237508653036841 vs. 0.0
7.812539448162381 vs. 0.0
7.812539448162381 vs. 0.0
7.237508653036841 vs. 0.0
7.524814919292353 vs. 0.0
7.812539448162381 vs. 0.0
7.812539448162381 vs. 0.0
7.237508653036841 vs. 0.0
7.237508653036841 vs. 0.0
7.524814919292353 vs. 0.0
8.3891469783143 vs. 0.0
7.237508653036841 vs. 0.0
7.524814919292353 vs. 0.0
7.812539448162381 vs. 0.0
7.524814919292353 vs. 5.111902293203713
7.812539448162381 vs. 0.0
7.812539448162381 vs. 0.0
7.812539448162381 vs. 0.0
7.237508653036841 vs. 0.0
7.237508653036841 vs. 0.0
7.237508653036841 vs. 0.0
7.237508653036841 vs. 0.0
7.237508653036841 vs. 0.0
7.237508653036841 vs. 0.0
7.237508653036841 vs. 0.0
7.237508653036841 vs. 0.0
7.524814919292353 vs. 0.0
7.524814919292353 vs. 0.0
7.812539448162381 vs. 0.0
7.524814919292353 vs. 0.0
7.237508653036841 vs. 0.0
7.812539448162381 vs. 0.0
7.237508653036841 vs. 0.0
7.524814919292353 vs. 0.0
7.524814919292353 vs. 4.9442306187986755
7.812539448162381 vs. 0.0
7.812539448162381 vs. 0.0
7.524814919292353 vs. 0.0
7.524814919292353 vs. 0.0
7.524814919292353 vs. 0.0
7.812539448162381 vs. 0.0
7.237508653036841 vs. 0.0
7.237508653036841 vs. 0.0
7.132320645199556 vs. 0.0
7.812539448162381 vs. 0.0
7.524814919292353 vs. 0.0
7.524814919292353 vs. 0.0
7.812539448162381 vs. 0.0
7.524814919292353 vs. 0.0
7.812539448162381 vs. 0.0
7.237508653036841 vs. 0.0
7.237508653036841 vs. 0.0
7.524814919292353 vs. 0.0
7.524814919292353 vs. 0.0
7.812539448162381 vs. 0.0
7.524814919292353 vs. 0.0
7.237508653036841 vs. 0.0
7.812539448162381 vs. 0.0
7.812539448162381 vs. 0.0
7.812539448162381 vs. 0.0
7.524814919292353 vs. 6.950647613629127
7.237508653036841 vs. 4.593070097082085
8.3891469783143 vs. 0.0
7.524814919292353 vs. 0.0
7.524814919292353 vs. 0.0
7.524814919292353 vs. 0.0
7.237508653036841 vs. 0.0
6804 : chr9 : 8.3891469783143 vs. chr38 : 8.100657636890398 (not joined)
7.237508653036841 vs. 0.0
7.812539448162381 vs. 0.0
7.237508653036841 vs. 0.0
7.237508653036841 vs. 0.0
7.812539448162381 vs. 0.0
7.524814919292353 vs. 0.0
7.524814919292353 vs. 0.0
7.524814919292353 vs. 0.0
7.524814919292353 vs. 0.0
7.237508653036841 vs. 0.0
7.812539448162381 vs. 0.0
6883 : chr6 : 7.812539448162381 vs. chr35 : 7.524814919292353 (not joined)
7.812539448162381 vs. 0.0
7.237508653036841 vs. 0.0
7.812539448162381 vs. 0.0
7.237508653036841 vs. 0.0
7.237508653036841 vs. 0.0
7.812539448162381 vs. 0.0
7.812539448162381 vs. 0.0
7.812539448162381 vs. 0.0
7.237508653036841 vs. 0.0
7.237508653036841 vs. 0.0
7.524814919292353 vs. 0.0
7.524814919292353 vs. 0.0
7.237508653036841 vs. 0.0
7.237508653036841 vs. 0.0
7.524814919292353 vs. 0.0
7.524814919292353 vs. 0.0
7.524814919292353 vs. 0.0
7.524814919292353 vs. 0.0
7.237508653036841 vs. 0.0
7.237508653036841 vs. 0.0
7.524814919292353 vs. 0.0
7.237508653036841 vs. 0.0
7.524814919292353 vs. 0.0
8.3891469783143 vs. 0.0
7.237508653036841 vs. 0.0
7.524814919292353 vs. 0.0
7.237508653036841 vs. 0.0
7.524814919292353 vs. 0.0
7.812539448162381 vs. 0.0
7.237508653036841 vs. 0.0
7.524814919292353 vs. 0.0
7.237508653036841 vs. 0.0
7.237508653036841 vs. 0.0
7.812539448162381 vs. 0.0
7.237508653036841 vs. 0.0
7.812539448162381 vs. 0.0
8.3891469783143 vs. 0.0
7.237508653036841 vs. 0.0
7.812539448162381 vs. 0.0
7.237508653036841 vs. 0.0
7.524814919292353 vs. 0.0
7.812539448162381 vs. 0.0
7.524814919292353 vs. 0.0
7.524814919292353 vs. 0.0
7.524814919292353 vs. 0.0
7.524814919292353 vs. 0.0
7.237508653036841 vs. 0.0
7.237508653036841 vs. 0.0
7.524814919292353 vs. 0.0
7.812539448162381 vs. 0.0
7.237508653036841 vs. 0.0
7.524814919292353 vs. 0.0
7.237508653036841 vs. 3.0734132287964897
7.237508653036841 vs. 0.0
7.524814919292353 vs. 0.0
7.524814919292353 vs. 0.0
7.237508653036841 vs. 0.0
7.812539448162381 vs. 0.0
7.237508653036841 vs. 2.8267426932494715
7.237508653036841 vs. 0.0
7.524814919292353 vs. 0.0
7.237508653036841 vs. 0.0
7.524814919292353 vs. 3.0734132287964897
8.3891469783143 vs. 0.0
7.812539448162381 vs. 0.0
7.237508653036841 vs. 0.0
7.237508653036841 vs. 0.0
7.237508653036841 vs. 0.0
7.237508653036841 vs. 0.0
7.524814919292353 vs. 0.0
7.524814919292353 vs. 4.675048007013055
7.524814919292353 vs. 0.0
7.237508653036841 vs. 0.0
7.812539448162381 vs. 0.0
7.524814919292353 vs. 0.0
7.524814919292353 vs. 0.0
7.237508653036841 vs. 0.0
7.524814919292353 vs. 0.0
7.237508653036841 vs. 0.0
7.524814919292353 vs. 0.0
7.524814919292353 vs. 0.0
7.812539448162381 vs. 0.0
7.524814919292353 vs. 0.0
7.524814919292353 vs. 0.0
7.237508653036841 vs. 0.0
7.237508653036841 vs. 0.0
7.237508653036841 vs. 0.0
7.237508653036841 vs. 0.0
7.524814919292353 vs. 0.0
7.524814919292353 vs. 0.0
7.409350364429441 vs. 0.0
7.812539448162381 vs. 0.0
7.524814919292353 vs. 0.0
7.812539448162381 vs. 0.0
7.237508653036841 vs. 0.0
7.524814919292353 vs. 0.0
7.524814919292353 vs. 0.0
7.237508653036841 vs. 0.0
7.237508653036841 vs. 0.0
7.237508653036841 vs. 0.0
7.812539448162381 vs. 0.0
7.409350364429441 vs. 0.0
7.524814919292353 vs. 0.0
7.237508653036841 vs. 0.0
7.524814919292353 vs. 0.0
7.812539448162381 vs. 0.0
7.237508653036841 vs. 0.0
7607 : chr6 : 7.524814919292353 vs. chr35 : 7.524814919292353 (not joined)
7.237508653036841 vs. 0.0
7.524814919292353 vs. 0.0
7.237508653036841 vs. 0.0
7.524814919292353 vs. 0.0
7.237508653036841 vs. 0.0
7.812539448162381 vs. 0.0
7.812539448162381 vs. 4.593070097082085
7.524814919292353 vs. 0.0
7.237508653036841 vs. 0.0
7.237508653036841 vs. 0.0
7.237508653036841 vs. 0.0
7.237508653036841 vs. 0.0
7.524814919292353 vs. 0.0
7.524814919292353 vs. 0.0
7839 : chr8 : 7.524814919292353 vs. chr39 : 7.237508653036841 (not joined)
8.100657636890398 vs. 0.0
7.524814919292353 vs. 0.0
7.524814919292353 vs. 0.0
7.237508653036841 vs. 0.0
7.524814919292353 vs. 0.0
7.237508653036841 vs. 4.851830913609798
8.100657636890398 vs. 0.0
7.812539448162381 vs. 0.0
7.237508653036841 vs. 0.0
7.812539448162381 vs. 0.0
7.524814919292353 vs. 0.0
7.524814919292353 vs. 0.0
7.524814919292353 vs. 0.0
7.524814919292353 vs. 0.0
7.524814919292353 vs. 0.0
8.100657636890398 vs. 0.0
7.524814919292353 vs. 0.0
7.237508653036841 vs. 0.0
8.100657636890398 vs. 0.0
7.524814919292353 vs. 0.0
7.524814919292353 vs. 0.0
7.524814919292353 vs. 0.0
7.524814919292353 vs. 0.0
7.812539448162381 vs. 0.0
7.812539448162381 vs. 0.0
7.812539448162381 vs. 0.0
7.237508653036841 vs. 0.0
7.237508653036841 vs. 0.0
7.524814919292353 vs. 0.0
7.812539448162381 vs. 0.0
7.237508653036841 vs. 0.0
7.524814919292353 vs. 0.0
7.237508653036841 vs. 0.0
7.237508653036841 vs. 0.0
7.237508653036841 vs. 0.0
7.524814919292353 vs. 0.0
7.524814919292353 vs. 0.0
8.677986831062242 vs. 0.0
7.237508653036841 vs. 0.0
7.237508653036841 vs. 0.0
7.524814919292353 vs. 0.0
7.812539448162381 vs. 0.0
7.237508653036841 vs. 0.0
7.812539448162381 vs. 0.0
7.237508653036841 vs. 0.0
7.812539448162381 vs. 0.0
7.524814919292353 vs. 0.0
7.524814919292353 vs. 0.0
7.812539448162381 vs. 0.0
7.237508653036841 vs. 0.0
7.524814919292353 vs. 0.0
8.3891469783143 vs. 0.0
7.812539448162381 vs. 0.0
7.812539448162381 vs. 0.0
7.237508653036841 vs. 0.0
7.524814919292353 vs. 0.0
7.237508653036841 vs. 0.0
7.237508653036841 vs. 0.0
7.409350364429441 vs. 0.0
7.237508653036841 vs. 0.0
7.812539448162381 vs. 0.0
7.524814919292353 vs. 0.0
7.524814919292353 vs. 0.0
7.237508653036841 vs. 6.950647613629127
7.812539448162381 vs. 0.0
7.524814919292353 vs. 0.0
7.237508653036841 vs. 0.0
7.237508653036841 vs. 0.0
7.524814919292353 vs. 0.0
7.524814919292353 vs. 0.0
7.237508653036841 vs. 0.0
7.132320645199556 vs. 0.0
7.524814919292353 vs. 0.0
7.524814919292353 vs. 0.0
7.524814919292353 vs. 0.0
7.812539448162381 vs. 0.0
7.237508653036841 vs. 0.0
7.524814919292353 vs. 0.0
7.237508653036841 vs. 0.0
7.237508653036841 vs. 0.0
7.524814919292353 vs. 0.0
7.524814919292353 vs. 0.0
7.524814919292353 vs. 0.0
7.812539448162381 vs. 0.0
7.237508653036841 vs. 0.0
7.524814919292353 vs. 0.0
7.812539448162381 vs. 0.0
7.812539448162381 vs. 0.0
7.237508653036841 vs. 0.0
7.237508653036841 vs. 0.0
7.237508653036841 vs. 0.0
7.237508653036841 vs. 0.0
8.100657636890398 vs. 0.0
7.237508653036841 vs. 0.0
7.237508653036841 vs. 0.0
7.524814919292353 vs. 0.0
7.812539448162381 vs. 0.0
8.100657636890398 vs. 4.10710350355705
7.237508653036841 vs. 2.582361511330149
7.524814919292353 vs. 0.0
8.100657636890398 vs. 0.0
8.100657636890398 vs. 0.0
7.237508653036841 vs. 0.0
7.524814919292353 vs. 0.0
7.812539448162381 vs. 0.0
7.812539448162381 vs. 0.0
7.237508653036841 vs. 0.0
7.812539448162381 vs. 0.0
7.237508653036841 vs. 0.0
7.812539448162381 vs. 0.0
7.524814919292353 vs. 0.0
7.237508653036841 vs. 0.0
7.237508653036841 vs. 0.0
7.237508653036841 vs. 0.0
7.812539448162381 vs. 0.0
7.524814919292353 vs. 0.0
7.132320645199556 vs. 0.0
7.237508653036841 vs. 0.0
7.524814919292353 vs. 0.0
7.524814919292353 vs. 0.0
7.524814919292353 vs. 0.0
7.524814919292353 vs. 0.0
7.237508653036841 vs. 0.0
7.237508653036841 vs. 0.0
7.524814919292353 vs. 0.0
7.237508653036841 vs. 0.0
7.524814919292353 vs. 0.0
7.524814919292353 vs. 0.0
7.237508653036841 vs. 0.0
7.812539448162381 vs. 0.0
7.524814919292353 vs. 0.0
7.524814919292353 vs. 0.0
7.237508653036841 vs. 0.0
7.237508653036841 vs. 0.0
7.237508653036841 vs. 0.0
7.524814919292353 vs. 0.0
7.524814919292353 vs. 0.0
7.524814919292353 vs. 0.0
7.524814919292353 vs. 0.0
7.237508653036841 vs. 0.0
7.237508653036841 vs. 0.0
7.237508653036841 vs. 3.0734132287964897
7.237508653036841 vs. 0.0
7.812539448162381 vs. 0.0
7.237508653036841 vs. 0.0
7.812539448162381 vs. 0.0
7.524814919292353 vs. 0.0
7.237508653036841 vs. 0.0
7.812539448162381 vs. 0.0
7.812539448162381 vs. 0.0
7.132320645199556 vs. 0.0
7.237508653036841 vs. 0.0
7.237508653036841 vs. 0.0
7.812539448162381 vs. 5.111902293203713
7.524814919292353 vs. 0.0
8.100657636890398 vs. 0.0
7.524814919292353 vs. 0.0
7.524814919292353 vs. 0.0
7.812539448162381 vs. 0.0
7.812539448162381 vs. 0.0
7.237508653036841 vs. 0.0
7.812539448162381 vs. 0.0
7.524814919292353 vs. 0.0
7.237508653036841 vs. 3.3222026871959405
7.812539448162381 vs. 0.0
7.237508653036841 vs. 0.0
7.524814919292353 vs. 0.0
7.524814919292353 vs. 0.0
7.237508653036841 vs. 0.0
7.524814919292353 vs. 0.0
7.812539448162381 vs. 0.0
7.237508653036841 vs. 0.0
7.812539448162381 vs. 0.0
7.524814919292353 vs. 0.0
7.237508653036841 vs. 0.0
7.237508653036841 vs. 0.0
7.132320645199556 vs. 0.0
7.237508653036841 vs. 5.485860097875672
7.524814919292353 vs. 0.0
7.812539448162381 vs. 0.0
7.524814919292353 vs. 0.0
7.237508653036841 vs. 0.0
7.524814919292353 vs. 0.0
8.100657636890398 vs. 0.0
7.524814919292353 vs. 0.0
7.524814919292353 vs. 0.0
7.237508653036841 vs. 0.0
8.3891469783143 vs. 0.0
7.812539448162381 vs. 0.0
7.524814919292353 vs. 0.0
7.524814919292353 vs. 0.0
7.524814919292353 vs. 0.0
7.524814919292353 vs. 0.0
7.132320645199556 vs. 0.0
7.812539448162381 vs. 0.0
7.524814919292353 vs. 0.0
7.524814919292353 vs. 0.0
7.132320645199556 vs. 6.305454970542936
7.237508653036841 vs. 0.0
7.812539448162381 vs. 0.0
7.524814919292353 vs. 0.0
7.237508653036841 vs. 0.0
7.237508653036841 vs. 0.0
7.524814919292353 vs. 0.0
7.812539448162381 vs. 0.0
7.524814919292353 vs. 0.0
7.237508653036841 vs. 0.0
7.524814919292353 vs. 0.0
7.237508653036841 vs. 0.0
7.237508653036841 vs. 0.0
7.812539448162381 vs. 0.0
7.812539448162381 vs. 0.0
7.237508653036841 vs. 0.0
7.812539448162381 vs. 0.0
8.100657636890398 vs. 0.0
7.409350364429441 vs. 0.0
7.812539448162381 vs. 0.0
7.524814919292353 vs. 0.0
7.812539448162381 vs. 0.0
7.812539448162381 vs. 0.0
7.812539448162381 vs. 0.0
7.524814919292353 vs. 0.0
8.100657636890398 vs. 0.0
7.524814919292353 vs. 0.0
7.812539448162381 vs. 0.0
7.812539448162381 vs. 0.0
7.237508653036841 vs. 0.0
7.524814919292353 vs. 0.0
7.812539448162381 vs. 0.0
7.237508653036841 vs. 0.0
8.100657636890398 vs. 0.0
7.524814919292353 vs. 0.0
7.812539448162381 vs. 0.0
7.524814919292353 vs. 0.0
7.237508653036841 vs. 0.0
7.237508653036841 vs. 0.0
7.812539448162381 vs. 0.0
7.524814919292353 vs. 0.0
7.524814919292353 vs. 6.031382688614232
7.237508653036841 vs. 0.0
7.237508653036841 vs. 0.0
7.812539448162381 vs. 0.0
7.812539448162381 vs. 0.0
7.237508653036841 vs. 0.0
7.524814919292353 vs. 0.0
7.524814919292353 vs. 0.0
7.524814919292353 vs. 0.0
7.237508653036841 vs. 0.0
7.237508653036841 vs. 0.0
7.237508653036841 vs. 0.0
7.237508653036841 vs. 0.0
7.812539448162381 vs. 0.0
7.132320645199556 vs. 0.0
7.812539448162381 vs. 0.0
7.524814919292353 vs. 0.0
7.237508653036841 vs. 0.0
7.524814919292353 vs. 0.0
7.812539448162381 vs. 0.0
7.812539448162381 vs. 0.0
7.132320645199556 vs. 0.0
7.812539448162381 vs. 0.0
7.237508653036841 vs. 0.0
7.237508653036841 vs. 0.0
7.524814919292353 vs. 3.3222026871959405
7.237508653036841 vs. 0.0
7.524814919292353 vs. 0.0
7.237508653036841 vs. 0.0
7.237508653036841 vs. 0.0
7.812539448162381 vs. 0.0
8.3891469783143 vs. 0.0
7.524814919292353 vs. 0.0
7.237508653036841 vs. 0.0
7.524814919292353 vs. 0.0
7.524814919292353 vs. 0.0
7.812539448162381 vs. 0.0
7.812539448162381 vs. 0.0
7.237508653036841 vs. 0.0
7.812539448162381 vs. 0.0
7.812539448162381 vs. 0.0
7.237508653036841 vs. 0.0
7.524814919292353 vs. 0.0
7.237508653036841 vs. 0.0
7.237508653036841 vs. 0.0
7.237508653036841 vs. 0.0
9987 : chr6 : 7.524814919292353 vs. chr35 : 7.524814919292353 (not joined)
7.132320645199556 vs. 0.0
7.812539448162381 vs. 0.0
7.237508653036841 vs. 0.0
7.812539448162381 vs. 0.0
7.237508653036841 vs. 0.0
7.237508653036841 vs. 0.0
7.237508653036841 vs. 4.851830913609798
7.237508653036841 vs. 0.0
7.524814919292353 vs. 0.0
7.524814919292353 vs. 2.8267426932494715
7.237508653036841 vs. 0.0
7.524814919292353 vs. 0.0
7.237508653036841 vs. 0.0
7.237508653036841 vs. 0.0
7.237508653036841 vs. 0.0
7.237508653036841 vs. 0.0
7.812539448162381 vs. 0.0
7.812539448162381 vs. 0.0
7.237508653036841 vs. 0.0
7.812539448162381 vs. 0.0
7.524814919292353 vs. 0.0
7.812539448162381 vs. 0.0
7.812539448162381 vs. 0.0
7.524814919292353 vs. 0.0
7.524814919292353 vs. 0.0
7.524814919292353 vs. 0.0
8.100657636890398 vs. 0.0
7.524814919292353 vs. 0.0
7.524814919292353 vs. 0.0
7.237508653036841 vs. 0.0
7.237508653036841 vs. 0.0
7.237508653036841 vs. 0.0
7.812539448162381 vs. 0.0
8.100657636890398 vs. 0.0
7.237508653036841 vs. 0.0
7.812539448162381 vs. 0.0
7.812539448162381 vs. 0.0
7.812539448162381 vs. 0.0
7.237508653036841 vs. 0.0
7.812539448162381 vs. 0.0
7.237508653036841 vs. 0.0
7.237508653036841 vs. 0.0
7.524814919292353 vs. 0.0
7.237508653036841 vs. 0.0
7.237508653036841 vs. 0.0
7.132320645199556 vs. 0.0
7.524814919292353 vs. 0.0
7.237508653036841 vs. 0.0
7.812539448162381 vs. 0.0
7.237508653036841 vs. 0.0
7.812539448162381 vs. 0.0
7.237508653036841 vs. 0.0
8.100657636890398 vs. 0.0
7.237508653036841 vs. 5.485860097875672
7.812539448162381 vs. 0.0
7.812539448162381 vs. 0.0
7.237508653036841 vs. 0.0
7.237508653036841 vs. 0.0
7.237508653036841 vs. 0.0
7.524814919292353 vs. 0.0
8.100657636890398 vs. 0.0
7.812539448162381 vs. 0.0
7.237508653036841 vs. 0.0
7.524814919292353 vs. 0.0
7.237508653036841 vs. 0.0
7.237508653036841 vs. 0.0
7.237508653036841 vs. 0.0
7.812539448162381 vs. 0.0
7.812539448162381 vs. 0.0
7.524814919292353 vs. 0.0
7.524814919292353 vs. 0.0
7.237508653036841 vs. 0.0
7.237508653036841 vs. 0.0
7.812539448162381 vs. 0.0
7.812539448162381 vs. 0.0
7.237508653036841 vs. 0.0
7.237508653036841 vs. 0.0
7.812539448162381 vs. 0.0
8.3891469783143 vs. 0.0
7.237508653036841 vs. 0.0
7.237508653036841 vs. 0.0
7.237508653036841 vs. 0.0
7.237508653036841 vs. 0.0
7.524814919292353 vs. 0.0
7.237508653036841 vs. 0.0
7.524814919292353 vs. 0.0
7.524814919292353 vs. 0.0
7.524814919292353 vs. 0.0
7.237508653036841 vs. 0.0
7.812539448162381 vs. 0.0
8.3891469783143 vs. 0.0
7.237508653036841 vs. 0.0
7.524814919292353 vs. 0.0
7.524814919292353 vs. 0.0
7.237508653036841 vs. 6.378382784323462
7.524814919292353 vs. 0.0
7.237508653036841 vs. 0.0
7.812539448162381 vs. 0.0
7.237508653036841 vs. 0.0
7.524814919292353 vs. 0.0
7.237508653036841 vs. 0.0
7.812539448162381 vs. 0.0
7.524814919292353 vs. 3.3222026871959405
7.237508653036841 vs. 0.0
7.237508653036841 vs. 0.0
7.812539448162381 vs. 0.0
7.237508653036841 vs. 0.0
7.237508653036841 vs. 0.0
7.524814919292353 vs. 0.0
7.812539448162381 vs. 0.0
7.524814919292353 vs. 0.0
7.237508653036841 vs. 0.0
7.812539448162381 vs. 0.0
8.100657636890398 vs. 0.0
7.812539448162381 vs. 0.0
7.524814919292353 vs. 0.0
10722 : chr6 : 8.677986831062242 vs. chr35 : 8.100657636890398 (not joined)
8.3891469783143 vs. 0.0
7.524814919292353 vs. 0.0
7.524814919292353 vs. 0.0
7.237508653036841 vs. 0.0
7.237508653036841 vs. 0.0
7.812539448162381 vs. 0.0
7.524814919292353 vs. 0.0
7.524814919292353 vs. 0.0
7.812539448162381 vs. 0.0
7.237508653036841 vs. 3.0734132287964897
7.812539448162381 vs. 0.0
7.812539448162381 vs. 0.0
7.812539448162381 vs. 0.0
7.237508653036841 vs. 0.0
7.812539448162381 vs. 0.0
7.237508653036841 vs. 0.0
7.812539448162381 vs. 0.0
7.812539448162381 vs. 0.0
7.237508653036841 vs. 0.0
7.812539448162381 vs. 0.0
7.524814919292353 vs. 0.0
7.524814919292353 vs. 0.0
7.237508653036841 vs. 0.0
7.524814919292353 vs. 0.0
7.237508653036841 vs. 0.0
7.812539448162381 vs. 4.10710350355705
7.524814919292353 vs. 0.0
7.237508653036841 vs. 0.0
7.237508653036841 vs. 0.0
7.237508653036841 vs. 0.0
10918 : chr6 : 8.100657636890398 vs. chr35 : 7.812539448162381 (not joined)
7.812539448162381 vs. 0.0
7.237508653036841 vs. 0.0
7.237508653036841 vs. 0.0
7.524814919292353 vs. 0.0
7.524814919292353 vs. 0.0
7.812539448162381 vs. 0.0
7.524814919292353 vs. 0.0
7.812539448162381 vs. 0.0
7.524814919292353 vs. 0.0
7.237508653036841 vs. 0.0
7.524814919292353 vs. 0.0
7.812539448162381 vs. 0.0
7.812539448162381 vs. 0.0
7.524814919292353 vs. 0.0
7.237508653036841 vs. 0.0
7.812539448162381 vs. 0.0
7.237508653036841 vs. 0.0
8.100657636890398 vs. 0.0
7.524814919292353 vs. 3.5729579403885614
7.524814919292353 vs. 0.0
7.812539448162381 vs. 0.0
7.237508653036841 vs. 0.0
7.812539448162381 vs. 0.0
7.237508653036841 vs. 0.0
7.237508653036841 vs. 0.0
7.812539448162381 vs. 0.0
7.524814919292353 vs. 0.0
7.237508653036841 vs. 0.0
7.812539448162381 vs. 0.0
7.237508653036841 vs. 0.0
7.237508653036841 vs. 0.0
11093 : chr9 : 7.812539448162381 vs. chr38 : 7.524814919292353 (not joined)
7.237508653036841 vs. 0.0
8.3891469783143 vs. 0.0
7.524814919292353 vs. 0.0
7.812539448162381 vs. 0.0
7.812539448162381 vs. 0.0
7.237508653036841 vs. 0.0
7.237508653036841 vs. 0.0
7.524814919292353 vs. 0.0
7.812539448162381 vs. 3.5729579403885614
7.237508653036841 vs. 0.0
7.524814919292353 vs. 0.0
7.524814919292353 vs. 0.0
7.524814919292353 vs. 0.0
7.812539448162381 vs. 0.0
7.524814919292353 vs. 0.0
7.812539448162381 vs. 0.0
7.524814919292353 vs. 4.851830913609798
8.100657636890398 vs. 0.0
8.100657636890398 vs. 0.0
7.237508653036841 vs. 0.0
7.812539448162381 vs. 0.0
7.237508653036841 vs. 0.0
7.524814919292353 vs. 0.0
7.524814919292353 vs. 0.0
7.237508653036841 vs. 0.0
7.237508653036841 vs. 0.0
7.524814919292353 vs. 0.0
7.812539448162381 vs. 0.0
7.237508653036841 vs. 0.0
7.812539448162381 vs. 0.0
7.524814919292353 vs. 0.0
7.524814919292353 vs. 0.0
7.237508653036841 vs. 0.0
7.237508653036841 vs. 0.0
7.237508653036841 vs. 0.0
7.237508653036841 vs. 0.0
7.524814919292353 vs. 0.0
7.237508653036841 vs. 0.0
7.812539448162381 vs. 0.0
7.524814919292353 vs. 0.0
7.812539448162381 vs. 0.0
7.524814919292353 vs. 0.0
7.524814919292353 vs. 0.0
7.524814919292353 vs. 0.0
7.524814919292353 vs. 0.0
7.524814919292353 vs. 0.0
7.524814919292353 vs. 0.0
7.812539448162381 vs. 0.0
7.812539448162381 vs. 0.0
7.237508653036841 vs. 0.0
7.237508653036841 vs. 0.0
7.524814919292353 vs. 0.0
7.524814919292353 vs. 0.0
7.524814919292353 vs. 0.0
7.237508653036841 vs. 0.0
7.237508653036841 vs. 0.0
7.237508653036841 vs. 0.0
7.812539448162381 vs. 0.0
7.237508653036841 vs. 0.0
8.100657636890398 vs. 0.0
7.524814919292353 vs. 0.0
7.524814919292353 vs. 0.0
7.237508653036841 vs. 0.0
7.812539448162381 vs. 0.0
7.812539448162381 vs. 0.0
7.237508653036841 vs. 0.0
7.524814919292353 vs. 0.0
7.524814919292353 vs. 0.0
7.524814919292353 vs. 0.0
7.237508653036841 vs. 0.0
7.237508653036841 vs. 0.0
7.524814919292353 vs. 0.0
7.237508653036841 vs. 0.0
7.237508653036841 vs. 0.0
7.524814919292353 vs. 0.0
7.812539448162381 vs. 0.0
7.812539448162381 vs. 0.0
7.524814919292353 vs. 0.0
7.524814919292353 vs. 0.0
7.812539448162381 vs. 0.0
7.524814919292353 vs. 0.0
7.524814919292353 vs. 0.0
7.237508653036841 vs. 0.0
7.524814919292353 vs. 0.0
7.524814919292353 vs. 0.0
7.132320645199556 vs. 0.0
7.237508653036841 vs. 0.0
7.524814919292353 vs. 0.0
7.237508653036841 vs. 0.0
7.237508653036841 vs. 0.0
7.237508653036841 vs. 0.0
7.812539448162381 vs. 0.0
7.812539448162381 vs. 0.0
7.524814919292353 vs. 2.8267426932494715
7.237508653036841 vs. 0.0
7.524814919292353 vs. 0.0
7.812539448162381 vs. 0.0
7.237508653036841 vs. 0.0
7.812539448162381 vs. 0.0
7.237508653036841 vs. 0.0
7.524814919292353 vs. 0.0
7.812539448162381 vs. 0.0
7.524814919292353 vs. 0.0
7.237508653036841 vs. 0.0
7.812539448162381 vs. 0.0
7.524814919292353 vs. 0.0
7.812539448162381 vs. 0.0
7.812539448162381 vs. 0.0
7.812539448162381 vs. 0.0
7.812539448162381 vs. 0.0
7.812539448162381 vs. 0.0
7.812539448162381 vs. 0.0
7.812539448162381 vs. 0.0
7.237508653036841 vs. 0.0
7.237508653036841 vs. 0.0
7.237508653036841 vs. 0.0
7.524814919292353 vs. 0.0
7.237508653036841 vs. 0.0
7.237508653036841 vs. 0.0
8.100657636890398 vs. 0.0
7.524814919292353 vs. 0.0
7.524814919292353 vs. 0.0
7.524814919292353 vs. 0.0
7.524814919292353 vs. 0.0
7.524814919292353 vs. 0.0
7.812539448162381 vs. 0.0
7.524814919292353 vs. 0.0
7.812539448162381 vs. 0.0
7.524814919292353 vs. 0.0
7.237508653036841 vs. 0.0
7.524814919292353 vs. 0.0
7.237508653036841 vs. 0.0
7.237508653036841 vs. 0.0
7.812539448162381 vs. 0.0
7.237508653036841 vs. 0.0
7.812539448162381 vs. 0.0
7.237508653036841 vs. 3.5729579403885614
7.237508653036841 vs. 0.0
7.812539448162381 vs. 0.0
7.237508653036841 vs. 0.0
7.237508653036841 vs. 0.0
7.237508653036841 vs. 3.3222026871959405
7.524814919292353 vs. 0.0
7.237508653036841 vs. 0.0
7.524814919292353 vs. 0.0
7.812539448162381 vs. 0.0
7.812539448162381 vs. 0.0
7.812539448162381 vs. 0.0
7.237508653036841 vs. 0.0
7.237508653036841 vs. 0.0
7.524814919292353 vs. 0.0
7.524814919292353 vs. 0.0
7.237508653036841 vs. 0.0
7.237508653036841 vs. 0.0
7.812539448162381 vs. 0.0
7.524814919292353 vs. 0.0
7.812539448162381 vs. 0.0
7.237508653036841 vs. 6.664261435646007
7.237508653036841 vs. 0.0
7.524814919292353 vs. 0.0
7.812539448162381 vs. 0.0
7.237508653036841 vs. 0.0
7.812539448162381 vs. 0.0
7.812539448162381 vs. 0.0
7.812539448162381 vs. 0.0
7.237508653036841 vs. 0.0
7.237508653036841 vs. 0.0
7.524814919292353 vs. 0.0
7.524814919292353 vs. 0.0
7.237508653036841 vs. 4.079827535816964
7.812539448162381 vs. 0.0
7.524814919292353 vs. 0.0
7.812539448162381 vs. 0.0
7.237508653036841 vs. 0.0
7.237508653036841 vs. 0.0
7.812539448162381 vs. 0.0
7.237508653036841 vs. 0.0
7.524814919292353 vs. 0.0
8.677986831062242 vs. 0.0
7.524814919292353 vs. 0.0
7.812539448162381 vs. 0.0
7.237508653036841 vs. 6.031382688614232
7.524814919292353 vs. 0.0
7.524814919292353 vs. 0.0
7.237508653036841 vs. 0.0
7.812539448162381 vs. 0.0
7.812539448162381 vs. 0.0
7.524814919292353 vs. 0.0
7.237508653036841 vs. 0.0
7.237508653036841 vs. 0.0
7.524814919292353 vs. 0.0
7.812539448162381 vs. 0.0
7.524814919292353 vs. 0.0
7.524814919292353 vs. 0.0
7.524814919292353 vs. 0.0
7.812539448162381 vs. 0.0
7.524814919292353 vs. 0.0
7.237508653036841 vs. 0.0
7.524814919292353 vs. 4.079827535816964
7.812539448162381 vs. 0.0
7.237508653036841 vs. 0.0
7.524814919292353 vs. 0.0
7.237508653036841 vs. 0.0
7.524814919292353 vs. 0.0
7.812539448162381 vs. 0.0
7.237508653036841 vs. 0.0
7.812539448162381 vs. 0.0
7.812539448162381 vs. 0.0
7.524814919292353 vs. 0.0
7.524814919292353 vs. 0.0
7.524814919292353 vs. 0.0
7.812539448162381 vs. 0.0
7.524814919292353 vs. 0.0
7.812539448162381 vs. 0.0
7.812539448162381 vs. 0.0
8.100657636890398 vs. 0.0
7.237508653036841 vs. 0.0
7.524814919292353 vs. 0.0
7.812539448162381 vs. 0.0
7.524814919292353 vs. 6.378382784323462
7.237508653036841 vs. 0.0
7.237508653036841 vs. 0.0
7.237508653036841 vs. 0.0
7.237508653036841 vs. 0.0
7.524814919292353 vs. 0.0
7.524814919292353 vs. 0.0
7.237508653036841 vs. 0.0
7.524814919292353 vs. 6.580332247358362
7.237508653036841 vs. 0.0
7.524814919292353 vs. 0.0
7.524814919292353 vs. 0.0
8.3891469783143 vs. 0.0
7.237508653036841 vs. 0.0
7.524814919292353 vs. 0.0
7.237508653036841 vs. 0.0
7.524814919292353 vs. 0.0
7.132320645199556 vs. 0.0
7.524814919292353 vs. 0.0
7.812539448162381 vs. 0.0
7.237508653036841 vs. 0.0
7.237508653036841 vs. 0.0
7.524814919292353 vs. 0.0
7.237508653036841 vs. 0.0
7.812539448162381 vs. 0.0
7.812539448162381 vs. 0.0
7.237508653036841 vs. 0.0
7.524814919292353 vs. 0.0
7.237508653036841 vs. 0.0
7.237508653036841 vs. 0.0
7.237508653036841 vs. 0.0
7.524814919292353 vs. 0.0
7.812539448162381 vs. 0.0
7.812539448162381 vs. 0.0
7.237508653036841 vs. 0.0
7.237508653036841 vs. 0.0
7.812539448162381 vs. 0.0
7.524814919292353 vs. 0.0
7.524814919292353 vs. 0.0
7.237508653036841 vs. 0.0
7.237508653036841 vs. 0.0
7.237508653036841 vs. 0.0
7.812539448162381 vs. 0.0
7.812539448162381 vs. 0.0
7.524814919292353 vs. 0.0
7.524814919292353 vs. 0.0
7.812539448162381 vs. 0.0
7.812539448162381 vs. 0.0
7.524814919292353 vs. 0.0
7.812539448162381 vs. 0.0
7.812539448162381 vs. 0.0
7.524814919292353 vs. 0.0
7.524814919292353 vs. 0.0
7.524814919292353 vs. 0.0
7.524814919292353 vs. 0.0
7.812539448162381 vs. 0.0
7.237508653036841 vs. 0.0
7.812539448162381 vs. 0.0
7.524814919292353 vs. 0.0
7.524814919292353 vs. 0.0
7.812539448162381 vs. 0.0
7.812539448162381 vs. 0.0
7.524814919292353 vs. 6.580332247358362
7.812539448162381 vs. 0.0
7.812539448162381 vs. 0.0
7.524814919292353 vs. 0.0
7.812539448162381 vs. 0.0
7.812539448162381 vs. 0.0
7.524814919292353 vs. 4.335704634601774
Number of joined markers in chr 1 is 79
Number of joined markers in chr 2 is 46
Number of joined markers in chr 3 is 60
Number of joined markers in chr 4 is 78
Number of joined markers in chr 5 is 72
Number of joined markers in chr 6 is 115
Number of joined markers in chr 7 is 135
Number of joined markers in chr 8 is 57
Number of joined markers in chr 9 is 52
Number of joined markers in chr 10 is 52
Number of joined markers in chr 11 is 81
Number of joined markers in chr 12 is 41
Number of joined markers in chr 13 is 63
Number of joined markers in chr 14 is 53
Number of joined markers in chr 15 is 36
Number of joined markers in chr 16 is 51
Number of joined markers in chr 17 is 47
Number of joined markers in chr 18 is 41
Number of joined markers in chr 19 is 55
Number of joined markers in chr 20 is 55
Number of joined markers in chr 21 is 61
Number of joined markers in chr 22 is 57
Number of joined markers in chr 23 is 56
Number of joined markers in chr 24 is 37
Number of joined markers in chr 25 is 45
Number of joined markers in chr 26 is 41
Number of joined markers in chr 27 is 60
Number of joined markers in chr 28 is 47
Number of joined markers in chr 29 is 30
Number of joined markers in chr 30 is 34
Number of joined markers in chr 31 is 50
Number of joined markers in chr 32 is 53
Number of joined markers in chr 33 is 55
Number of joined markers in chr 34 is 36
Number of joined markers in chr 35 is 37
Number of joined markers in chr 36 is 50
Number of joined markers in chr 37 is 24
Number of joined markers in chr 38 is 2
Number of joined markers in chr 39 is 0
Number of joined markers in chr 40 is 4
Number of joined markers in chr 41 is 0
joined 2048 single markers, non-conflicting LOD score > 8.100657636890398
Number of LGs = 41, markers in LGs = 9434, singles = 3169
