0->0 : 0
0->1 : 0
0->2 : 0
       Error rate = 0.0
1->0 : 0
1->1 : 0
1->2 : 0
       Error rate = 0.0
2->0 : 0
2->1 : 0
2->2 : 0
       Error rate = 0.0
0,2->0,2 : 1338190
  0,2->1 : 0
1,2->1,2 : 0
  1,2->0 : 0
       Error rate = 0.0
Maternally informative markers = 0 (of 12516)
Paternally informative markers = 12516
Maternally or paternally informative markers = 12516
Removed 0 markers
LOD(175, 0) = 50.730831351371116
LOD(174, 0) = 50.43224777297899
LOD(174, 1) = 48.48280135712733
LOD(173, 2) = 46.53823211177203
LOD(175, 0) = 51.823989272088426
LOD(174, 0) = 51.52516615900455
LOD(174, 1) = 49.53108809594482
LOD(173, 2) = 47.486415116373095
***Family = fam_08 chromosome = 1 numMarkers = 490 maternal informative markers 0 (paternal informative markers 490)
***Family = fam_01 chromosome = 1 numMarkers = 490 maternal informative markers 0 (paternal informative markers 490)
***Family = fam_09 chromosome = 1 numMarkers = 490 maternal informative markers 0 (paternal informative markers 490)
***Family = fam_08 chromosome = 2 numMarkers = 458 maternal informative markers 0 (paternal informative markers 453)
***Family = fam_01 chromosome = 2 numMarkers = 458 maternal informative markers 0 (paternal informative markers 456)
***Family = fam_09 chromosome = 2 numMarkers = 458 maternal informative markers 0 (paternal informative markers 451)
***Family = fam_08 chromosome = 3 numMarkers = 470 maternal informative markers 0 (paternal informative markers 470)
***Family = fam_01 chromosome = 3 numMarkers = 470 maternal informative markers 0 (paternal informative markers 469)
***Family = fam_09 chromosome = 3 numMarkers = 470 maternal informative markers 0 (paternal informative markers 460)
***Family = fam_08 chromosome = 4 numMarkers = 415 maternal informative markers 0 (paternal informative markers 415)
***Family = fam_01 chromosome = 4 numMarkers = 415 maternal informative markers 0 (paternal informative markers 415)
***Family = fam_09 chromosome = 4 numMarkers = 415 maternal informative markers 0 (paternal informative markers 414)
***Family = fam_08 chromosome = 5 numMarkers = 404 maternal informative markers 0 (paternal informative markers 404)
***Family = fam_01 chromosome = 5 numMarkers = 404 maternal informative markers 0 (paternal informative markers 404)
***Family = fam_09 chromosome = 5 numMarkers = 404 maternal informative markers 0 (paternal informative markers 404)
***Family = fam_08 chromosome = 6 numMarkers = 484 maternal informative markers 0 (paternal informative markers 484)
***Family = fam_01 chromosome = 6 numMarkers = 484 maternal informative markers 0 (paternal informative markers 484)
***Family = fam_09 chromosome = 6 numMarkers = 484 maternal informative markers 0 (paternal informative markers 484)
***Family = fam_08 chromosome = 7 numMarkers = 515 maternal informative markers 0 (paternal informative markers 491)
***Family = fam_01 chromosome = 7 numMarkers = 515 maternal informative markers 0 (paternal informative markers 514)
***Family = fam_09 chromosome = 7 numMarkers = 515 maternal informative markers 0 (paternal informative markers 515)
***Family = fam_08 chromosome = 8 numMarkers = 375 maternal informative markers 0 (paternal informative markers 375)
***Family = fam_01 chromosome = 8 numMarkers = 375 maternal informative markers 0 (paternal informative markers 375)
***Family = fam_09 chromosome = 8 numMarkers = 375 maternal informative markers 0 (paternal informative markers 375)
***Family = fam_08 chromosome = 9 numMarkers = 358 maternal informative markers 0 (paternal informative markers 358)
***Family = fam_01 chromosome = 9 numMarkers = 358 maternal informative markers 0 (paternal informative markers 358)
***Family = fam_09 chromosome = 9 numMarkers = 358 maternal informative markers 0 (paternal informative markers 358)
***Family = fam_08 chromosome = 10 numMarkers = 365 maternal informative markers 0 (paternal informative markers 365)
***Family = fam_01 chromosome = 10 numMarkers = 365 maternal informative markers 0 (paternal informative markers 365)
***Family = fam_09 chromosome = 10 numMarkers = 365 maternal informative markers 0 (paternal informative markers 365)
***Family = fam_08 chromosome = 11 numMarkers = 372 maternal informative markers 0 (paternal informative markers 372)
***Family = fam_01 chromosome = 11 numMarkers = 372 maternal informative markers 0 (paternal informative markers 372)
***Family = fam_09 chromosome = 11 numMarkers = 372 maternal informative markers 0 (paternal informative markers 372)
***Family = fam_08 chromosome = 12 numMarkers = 435 maternal informative markers 0 (paternal informative markers 434)
***Family = fam_01 chromosome = 12 numMarkers = 435 maternal informative markers 0 (paternal informative markers 433)
***Family = fam_09 chromosome = 12 numMarkers = 435 maternal informative markers 0 (paternal informative markers 435)
***Family = fam_08 chromosome = 13 numMarkers = 339 maternal informative markers 0 (paternal informative markers 330)
***Family = fam_01 chromosome = 13 numMarkers = 339 maternal informative markers 0 (paternal informative markers 339)
***Family = fam_09 chromosome = 13 numMarkers = 339 maternal informative markers 0 (paternal informative markers 339)
***Family = fam_08 chromosome = 14 numMarkers = 312 maternal informative markers 0 (paternal informative markers 312)
***Family = fam_01 chromosome = 14 numMarkers = 312 maternal informative markers 0 (paternal informative markers 312)
***Family = fam_09 chromosome = 14 numMarkers = 312 maternal informative markers 0 (paternal informative markers 312)
***Family = fam_08 chromosome = 15 numMarkers = 266 maternal informative markers 0 (paternal informative markers 263)
***Family = fam_01 chromosome = 15 numMarkers = 266 maternal informative markers 0 (paternal informative markers 266)
***Family = fam_09 chromosome = 15 numMarkers = 266 maternal informative markers 0 (paternal informative markers 266)
***Family = fam_08 chromosome = 16 numMarkers = 294 maternal informative markers 0 (paternal informative markers 294)
***Family = fam_01 chromosome = 16 numMarkers = 294 maternal informative markers 0 (paternal informative markers 294)
***Family = fam_09 chromosome = 16 numMarkers = 294 maternal informative markers 0 (paternal informative markers 294)
***Family = fam_08 chromosome = 17 numMarkers = 267 maternal informative markers 0 (paternal informative markers 267)
***Family = fam_01 chromosome = 17 numMarkers = 267 maternal informative markers 0 (paternal informative markers 265)
***Family = fam_09 chromosome = 17 numMarkers = 267 maternal informative markers 0 (paternal informative markers 267)
***Family = fam_08 chromosome = 18 numMarkers = 270 maternal informative markers 0 (paternal informative markers 270)
***Family = fam_01 chromosome = 18 numMarkers = 270 maternal informative markers 0 (paternal informative markers 270)
***Family = fam_09 chromosome = 18 numMarkers = 270 maternal informative markers 0 (paternal informative markers 270)
***Family = fam_08 chromosome = 19 numMarkers = 271 maternal informative markers 0 (paternal informative markers 271)
***Family = fam_01 chromosome = 19 numMarkers = 271 maternal informative markers 0 (paternal informative markers 271)
***Family = fam_09 chromosome = 19 numMarkers = 271 maternal informative markers 0 (paternal informative markers 271)
***Family = fam_08 chromosome = 20 numMarkers = 265 maternal informative markers 0 (paternal informative markers 264)
***Family = fam_01 chromosome = 20 numMarkers = 265 maternal informative markers 0 (paternal informative markers 265)
***Family = fam_09 chromosome = 20 numMarkers = 265 maternal informative markers 0 (paternal informative markers 265)
***Family = fam_08 chromosome = 21 numMarkers = 279 maternal informative markers 0 (paternal informative markers 279)
***Family = fam_01 chromosome = 21 numMarkers = 279 maternal informative markers 0 (paternal informative markers 279)
***Family = fam_09 chromosome = 21 numMarkers = 279 maternal informative markers 0 (paternal informative markers 279)
***Family = fam_08 chromosome = 22 numMarkers = 307 maternal informative markers 0 (paternal informative markers 307)
***Family = fam_01 chromosome = 22 numMarkers = 307 maternal informative markers 0 (paternal informative markers 307)
***Family = fam_09 chromosome = 22 numMarkers = 307 maternal informative markers 0 (paternal informative markers 307)
***Family = fam_08 chromosome = 23 numMarkers = 279 maternal informative markers 0 (paternal informative markers 255)
***Family = fam_01 chromosome = 23 numMarkers = 279 maternal informative markers 0 (paternal informative markers 279)
***Family = fam_09 chromosome = 23 numMarkers = 279 maternal informative markers 0 (paternal informative markers 279)
***Family = fam_08 chromosome = 24 numMarkers = 239 maternal informative markers 0 (paternal informative markers 239)
***Family = fam_01 chromosome = 24 numMarkers = 239 maternal informative markers 0 (paternal informative markers 239)
***Family = fam_09 chromosome = 24 numMarkers = 239 maternal informative markers 0 (paternal informative markers 239)
***Family = fam_08 chromosome = 25 numMarkers = 266 maternal informative markers 0 (paternal informative markers 266)
***Family = fam_01 chromosome = 25 numMarkers = 266 maternal informative markers 0 (paternal informative markers 266)
***Family = fam_09 chromosome = 25 numMarkers = 266 maternal informative markers 0 (paternal informative markers 266)
***Family = fam_08 chromosome = 26 numMarkers = 227 maternal informative markers 0 (paternal informative markers 226)
***Family = fam_01 chromosome = 26 numMarkers = 227 maternal informative markers 0 (paternal informative markers 227)
***Family = fam_09 chromosome = 26 numMarkers = 227 maternal informative markers 0 (paternal informative markers 227)
***Family = fam_08 chromosome = 27 numMarkers = 280 maternal informative markers 0 (paternal informative markers 280)
***Family = fam_01 chromosome = 27 numMarkers = 280 maternal informative markers 0 (paternal informative markers 280)
***Family = fam_09 chromosome = 27 numMarkers = 280 maternal informative markers 0 (paternal informative markers 280)
***Family = fam_08 chromosome = 28 numMarkers = 242 maternal informative markers 0 (paternal informative markers 242)
***Family = fam_01 chromosome = 28 numMarkers = 242 maternal informative markers 0 (paternal informative markers 242)
***Family = fam_09 chromosome = 28 numMarkers = 242 maternal informative markers 0 (paternal informative markers 242)
***Family = fam_08 chromosome = 29 numMarkers = 202 maternal informative markers 0 (paternal informative markers 202)
***Family = fam_01 chromosome = 29 numMarkers = 202 maternal informative markers 0 (paternal informative markers 202)
***Family = fam_09 chromosome = 29 numMarkers = 202 maternal informative markers 0 (paternal informative markers 202)
***Family = fam_08 chromosome = 30 numMarkers = 203 maternal informative markers 0 (paternal informative markers 203)
***Family = fam_01 chromosome = 30 numMarkers = 203 maternal informative markers 0 (paternal informative markers 203)
***Family = fam_09 chromosome = 30 numMarkers = 203 maternal informative markers 0 (paternal informative markers 203)
***Family = fam_08 chromosome = 31 numMarkers = 234 maternal informative markers 0 (paternal informative markers 234)
***Family = fam_01 chromosome = 31 numMarkers = 234 maternal informative markers 0 (paternal informative markers 234)
***Family = fam_09 chromosome = 31 numMarkers = 234 maternal informative markers 0 (paternal informative markers 234)
***Family = fam_08 chromosome = 32 numMarkers = 238 maternal informative markers 0 (paternal informative markers 237)
***Family = fam_01 chromosome = 32 numMarkers = 238 maternal informative markers 0 (paternal informative markers 238)
***Family = fam_09 chromosome = 32 numMarkers = 238 maternal informative markers 0 (paternal informative markers 238)
***Family = fam_08 chromosome = 33 numMarkers = 224 maternal informative markers 0 (paternal informative markers 224)
***Family = fam_01 chromosome = 33 numMarkers = 224 maternal informative markers 0 (paternal informative markers 224)
***Family = fam_09 chromosome = 33 numMarkers = 224 maternal informative markers 0 (paternal informative markers 224)
***Family = fam_08 chromosome = 34 numMarkers = 199 maternal informative markers 0 (paternal informative markers 199)
***Family = fam_01 chromosome = 34 numMarkers = 199 maternal informative markers 0 (paternal informative markers 198)
***Family = fam_09 chromosome = 34 numMarkers = 199 maternal informative markers 0 (paternal informative markers 199)
***Family = fam_08 chromosome = 35 numMarkers = 194 maternal informative markers 0 (paternal informative markers 194)
***Family = fam_01 chromosome = 35 numMarkers = 194 maternal informative markers 0 (paternal informative markers 194)
***Family = fam_09 chromosome = 35 numMarkers = 194 maternal informative markers 0 (paternal informative markers 194)
***Family = fam_08 chromosome = 36 numMarkers = 198 maternal informative markers 0 (paternal informative markers 193)
***Family = fam_01 chromosome = 36 numMarkers = 198 maternal informative markers 0 (paternal informative markers 198)
***Family = fam_09 chromosome = 36 numMarkers = 198 maternal informative markers 0 (paternal informative markers 198)
***Family = fam_08 chromosome = 37 numMarkers = 175 maternal informative markers 0 (paternal informative markers 175)
***Family = fam_01 chromosome = 37 numMarkers = 175 maternal informative markers 0 (paternal informative markers 175)
***Family = fam_09 chromosome = 37 numMarkers = 175 maternal informative markers 0 (paternal informative markers 175)
***Family = fam_08 chromosome = 38 numMarkers = 9 maternal informative markers 0 (paternal informative markers 9)
***Family = fam_01 chromosome = 38 numMarkers = 9 maternal informative markers 0 (paternal informative markers 9)
***Family = fam_09 chromosome = 38 numMarkers = 9 maternal informative markers 0 (paternal informative markers 9)
***Family = fam_08 chromosome = 39 numMarkers = 9 maternal informative markers 0 (paternal informative markers 9)
***Family = fam_01 chromosome = 39 numMarkers = 9 maternal informative markers 0 (paternal informative markers 9)
***Family = fam_09 chromosome = 39 numMarkers = 9 maternal informative markers 0 (paternal informative markers 9)
***Family = fam_08 chromosome = 40 numMarkers = 10 maternal informative markers 0 (paternal informative markers 10)
***Family = fam_01 chromosome = 40 numMarkers = 10 maternal informative markers 0 (paternal informative markers 10)
***Family = fam_09 chromosome = 40 numMarkers = 10 maternal informative markers 0 (paternal informative markers 10)
***Family = fam_08 chromosome = 41 numMarkers = 5 maternal informative markers 0 (paternal informative markers 5)
***Family = fam_01 chromosome = 41 numMarkers = 5 maternal informative markers 0 (paternal informative markers 5)
***Family = fam_09 chromosome = 41 numMarkers = 5 maternal informative markers 0 (paternal informative markers 5)
Family fam_08
Family fam_01
Family fam_09
Number of different markers = 12092
35 : chr10 : 7.237508653036841 vs. chr28 : 6.580332247358362 (not joined)
53 : chr3 : 6.580332247358362 vs. chr7 : 6.580332247358362 (not joined)
147 : chr11 : 7.812539448162381 vs. chr27 : 7.812539448162381 (not joined)
205 : chr3 : 8.100657636890398 vs. chr7 : 8.100657636890398 (not joined)
328 : chr11 : 5.111902293203713 vs. chr27 : 5.111902293203713 (not joined)
360 : chr10 : 8.100657636890398 vs. chr28 : 8.100657636890398 (not joined)
362 : chr10 : 5.758165940256667 vs. chr28 : 5.3732067587902606 (not joined)
381 : chr38 : 7.812539448162381 vs. chr9 : 7.237508653036841 (not joined)
414 : chr11 : 6.580332247358362 vs. chr27 : 6.580332247358362 (not joined)
415 : chr11 : 7.812539448162381 vs. chr27 : 7.812539448162381 (not joined)
457 : chr12 : 7.237508653036841 vs. chr41 : 7.237508653036841 (not joined)
483 : chr9 : 7.237508653036841 vs. chr37 : 7.237508653036841 (not joined)
485 : chr11 : 6.85596827651233 vs. chr27 : 6.85596827651233 (not joined)
519 : chr6 : 7.812539448162381 vs. chr35 : 7.524814919292353 (not joined)
632 : chr27 : 6.378382784323462 vs. chr11 : 6.031382688614232 (not joined)
6.378382784323462 vs. 0.0
752 : chr6 : 7.237508653036841 vs. chr35 : 7.237508653036841 (not joined)
783 : chr37 : 8.100657636890398 vs. chr9 : 6.580332247358362 (not joined)
787 : chr28 : 5.524173508071117 vs. chr10 : 5.485860097875672 (not joined)
872 : chr10 : 8.100657636890398 vs. chr28 : 6.305454970542936 (not joined)
967 : chr2 : 8.3891469783143 vs. chr12 : 8.100657636890398 (not joined)
985 : chr36 : 8.3891469783143 vs. chr7 : 8.100657636890398 (not joined)
1025 : chr3 : 6.305454970542936 vs. chr7 : 6.305454970542936 (not joined)
1208 : chr11 : 8.100657636890398 vs. chr27 : 8.100657636890398 (not joined)
1227 : chr10 : 5.485860097875672 vs. chr28 : 5.111902293203713 (not joined)
1624 : chr9 : 6.580332247358362 vs. chr37 : 6.580332247358362 (not joined)
1659 : chr3 : 6.093047777746866 vs. chr29 : 4.079827535816964 (not joined)
1712 : chr7 : 7.524814919292353 vs. chr3 : 7.237508653036841 (not joined)
1715 : chr11 : 7.132320645199556 vs. chr27 : 7.132320645199556 (not joined)
1730 : chr36 : 7.524814919292353 vs. chr7 : 7.237508653036841 (not joined)
1800 : chr10 : 6.950647613629127 vs. chr28 : 6.664261435646007 (not joined)
1860 : chr12 : 7.812539448162381 vs. chr22 : 6.580332247358362 (not joined)
1863 : chr3 : 5.485860097875672 vs. chr7 : 5.485860097875672 (not joined)
1882 : chr37 : 6.950647613629127 vs. chr9 : 6.664261435646007 (not joined)
1904 : chr12 : 6.664261435646007 vs. chr41 : 6.305454970542936 (not joined)
2049 : chr11 : 6.85596827651233 vs. chr27 : 6.85596827651233 (not joined)
2068 : chr11 : 6.85596827651233 vs. chr27 : 6.85596827651233 (not joined)
2136 : chr10 : 6.950647613629127 vs. chr28 : 6.664261435646007 (not joined)
2191 : chr2 : 5.758165940256667 vs. chr12 : 5.758165940256667 (not joined)
2199 : chr2 : 6.85596827651233 vs. chr12 : 6.85596827651233 (not joined)
2202 : chr6 : 8.100657636890398 vs. chr35 : 8.100657636890398 (not joined)
2279 : chr10 : 7.237508653036841 vs. chr28 : 7.237508653036841 (not joined)
2302 : chr2 : 4.853962308381582 vs. chr12 : 4.853962308381582 (not joined)
2316 : chr37 : 8.3891469783143 vs. chr9 : 8.100657636890398 (not joined)
2340 : chr9 : 6.580332247358362 vs. chr37 : 6.305454970542936 (not joined)
2341 : chr37 : 8.100657636890398 vs. chr9 : 6.305454970542936 (not joined)
2428 : chr10 : 7.524814919292353 vs. chr28 : 7.237508653036841 (not joined)
2444 : chr6 : 7.812539448162381 vs. chr35 : 6.031382688614232 (not joined)
2525 : chr11 : 7.812539448162381 vs. chr27 : 7.812539448162381 (not joined)
2589 : chr9 : 4.675048007013055 vs. chr37 : 4.593070097082085 (not joined)
2671 : chr6 : 6.950647613629127 vs. chr35 : 6.950647613629127 (not joined)
2751 : chr28 : 6.305454970542936 vs. chr10 : 6.031382688614232 (not joined)
2835 : chr37 : 7.524814919292353 vs. chr9 : 7.237508653036841 (not joined)
2851 : chr27 : 8.100657636890398 vs. chr11 : 6.85596827651233 (not joined)
2855 : chr11 : 6.85596827651233 vs. chr27 : 6.85596827651233 (not joined)
2857 : chr8 : 6.950647613629127 vs. chr39 : 6.093047777746866 (not joined)
2882 : chr10 : 7.812539448162381 vs. chr28 : 7.812539448162381 (not joined)
3.8255410666115806 vs. 3.0734132287964897
2918 : chr7 : 7.524814919292353 vs. chr36 : 7.524814919292353 (not joined)
2957 : chr9 : 5.111902293203713 vs. chr37 : 5.111902293203713 (not joined)
3151 : chr10 : 8.100657636890398 vs. chr28 : 6.305454970542936 (not joined)
3.5729579403885614 vs. 0.0
3305 : chr9 : 6.664261435646007 vs. chr38 : 5.485860097875672 (not joined)
3324 : chr12 : 6.031382688614232 vs. chr2 : 5.485860097875672 (not joined)
3344 : chr11 : 8.677986831062242 vs. chr27 : 8.677986831062242 (not joined)
3364 : chr11 : 8.100657636890398 vs. chr27 : 8.100657636890398 (not joined)
3373 : chr11 : 7.237508653036841 vs. chr27 : 7.237508653036841 (not joined)
3.5729579403885614 vs. 0.0
3428 : chr12 : 6.031382688614232 vs. chr2 : 5.485860097875672 (not joined)
3527 : chr10 : 7.237508653036841 vs. chr28 : 6.305454970542936 (not joined)
3652 : chr37 : 7.812539448162381 vs. chr9 : 7.524814919292353 (not joined)
3668 : chr10 : 6.664261435646007 vs. chr28 : 6.378382784323462 (not joined)
3797 : chr3 : 7.524814919292353 vs. chr7 : 7.524814919292353 (not joined)
3836 : chr10 : 7.524814919292353 vs. chr28 : 7.237508653036841 (not joined)
3869 : chr2 : 4.593070097082085 vs. chr12 : 4.593070097082085 (not joined)
3980 : chr35 : 7.812539448162381 vs. chr6 : 7.524814919292353 (not joined)
3981 : chr6 : 6.85596827651233 vs. chr35 : 6.305454970542936 (not joined)
4002 : chr10 : 8.3891469783143 vs. chr28 : 8.100657636890398 (not joined)
4277 : chr12 : 7.524814919292353 vs. chr22 : 6.378382784323462 (not joined)
4324 : chr9 : 5.111902293203713 vs. chr37 : 5.111902293203713 (not joined)
4372 : chr11 : 6.305454970542936 vs. chr27 : 6.305454970542936 (not joined)
4373 : chr11 : 7.524814919292353 vs. chr27 : 7.524814919292353 (not joined)
4379 : chr11 : 6.305454970542936 vs. chr27 : 6.305454970542936 (not joined)
6.950647613629127 vs. 3.3222026871959405
4383 : chr9 : 8.677986831062242 vs. chr37 : 8.3891469783143 (not joined)
4398 : chr37 : 7.812539448162381 vs. chr9 : 7.524814919292353 (not joined)
3.5729579403885614 vs. 0.0
4437 : chr11 : 5.3732067587902606 vs. chr27 : 5.3732067587902606 (not joined)
3.5729579403885614 vs. 0.0
4509 : chr11 : 4.354506309163542 vs. chr27 : 4.354506309163542 (not joined)
4524 : chr9 : 8.677986831062242 vs. chr37 : 8.3891469783143 (not joined)
4546 : chr7 : 6.664261435646007 vs. chr3 : 6.378382784323462 (not joined)
4630 : chr6 : 6.950647613629127 vs. chr35 : 6.580332247358362 (not joined)
4776 : chr10 : 6.580332247358362 vs. chr28 : 6.305454970542936 (not joined)
4847 : chr7 : 8.3891469783143 vs. chr36 : 8.3891469783143 (not joined)
3.5729579403885614 vs. 0.0
3.5729579403885614 vs. 0.0
4973 : chr12 : 6.950647613629127 vs. chr41 : 6.950647613629127 (not joined)
5004 : chr9 : 7.524814919292353 vs. chr37 : 7.237508653036841 (not joined)
5005 : chr9 : 7.524814919292353 vs. chr37 : 7.524814919292353 (not joined)
5039 : chr6 : 8.100657636890398 vs. chr35 : 7.812539448162381 (not joined)
5272 : chr16 : 4.140358271991159 vs. chr6 : 4.079827535816964 (not joined)
5273 : chr6 : 4.675048007013055 vs. chr35 : 4.675048007013055 (not joined)
5318 : chr12 : 8.3891469783143 vs. chr2 : 7.132320645199556 (not joined)
5325 : chr37 : 7.812539448162381 vs. chr9 : 7.524814919292353 (not joined)
3.87504396647049 vs. 0.0
3.5729579403885614 vs. 0.0
5499 : chr9 : 6.305454970542936 vs. chr37 : 6.305454970542936 (not joined)
5594 : chr10 : 7.237508653036841 vs. chr28 : 7.237508653036841 (not joined)
5601 : chr7 : 7.812539448162381 vs. chr36 : 7.237508653036841 (not joined)
5611 : chr11 : 7.812539448162381 vs. chr27 : 7.812539448162381 (not joined)
5693 : chr6 : 7.812539448162381 vs. chr35 : 7.237508653036841 (not joined)
5821 : chr6 : 6.950647613629127 vs. chr35 : 6.950647613629127 (not joined)
5886 : chr11 : 8.3891469783143 vs. chr27 : 8.3891469783143 (not joined)
5893 : chr11 : 7.812539448162381 vs. chr27 : 7.812539448162381 (not joined)
5909 : chr13 : 6.950647613629127 vs. chr9 : 6.378382784323462 (not joined)
5914 : chr10 : 6.031382688614232 vs. chr28 : 5.3732067587902606 (not joined)
5960 : chr6 : 6.950647613629127 vs. chr35 : 6.378382784323462 (not joined)
5972 : chr36 : 6.664261435646007 vs. chr7 : 6.378382784323462 (not joined)
4.593070097082085 vs. 0.0
6023 : chr6 : 8.100657636890398 vs. chr35 : 6.305454970542936 (not joined)
6078 : chr10 : 7.524814919292353 vs. chr28 : 7.524814919292353 (not joined)
6156 : chr10 : 4.9442306187986755 vs. chr28 : 4.593070097082085 (not joined)
6175 : chr10 : 8.3891469783143 vs. chr28 : 7.812539448162381 (not joined)
6352 : chr37 : 6.305454970542936 vs. chr9 : 6.031382688614232 (not joined)
6379 : chr7 : 7.812539448162381 vs. chr3 : 7.524814919292353 (not joined)
6393 : chr27 : 7.812539448162381 vs. chr11 : 7.524814919292353 (not joined)
6416 : chr27 : 5.808296483820455 vs. chr11 : 5.214525989256439 (not joined)
6417 : chr11 : 5.214525989256439 vs. chr27 : 5.214525989256439 (not joined)
6430 : chr6 : 5.758165940256667 vs. chr35 : 5.3732067587902606 (not joined)
6484 : chr15 : 6.378382784323462 vs. chr40 : 6.378382784323462 (not joined)
6560 : chr9 : 6.305454970542936 vs. chr37 : 6.305454970542936 (not joined)
6570 : chr37 : 8.967158220164773 vs. chr9 : 8.677986831062242 (not joined)
6640 : chr36 : 7.812539448162381 vs. chr7 : 7.524814919292353 (not joined)
6675 : chr6 : 6.950647613629127 vs. chr35 : 6.950647613629127 (not joined)
6688 : chr10 : 5.758165940256667 vs. chr28 : 5.635673357125613 (not joined)
6696 : chr11 : 4.6034886995201765 vs. chr27 : 4.10710350355705 (not joined)
6753 : chr10 : 7.812539448162381 vs. chr28 : 7.812539448162381 (not joined)
6761 : chr9 : 8.3891469783143 vs. chr38 : 8.100657636890398 (not joined)
6762 : chr9 : 6.664261435646007 vs. chr38 : 6.664261435646007 (not joined)
6799 : chr3 : 7.812539448162381 vs. chr7 : 7.812539448162381 (not joined)
6839 : chr6 : 7.812539448162381 vs. chr35 : 7.524814919292353 (not joined)
6928 : chr6 : 6.950647613629127 vs. chr35 : 6.580332247358362 (not joined)
6972 : chr36 : 8.3891469783143 vs. chr7 : 8.100657636890398 (not joined)
7012 : chr11 : 8.100657636890398 vs. chr27 : 8.100657636890398 (not joined)
7026 : chr2 : 7.524814919292353 vs. chr12 : 7.524814919292353 (not joined)
7065 : chr9 : 6.378382784323462 vs. chr38 : 6.378382784323462 (not joined)
7068 : chr10 : 6.950647613629127 vs. chr28 : 6.950647613629127 (not joined)
7092 : chr9 : 6.378382784323462 vs. chr38 : 6.093047777746866 (not joined)
7136 : chr11 : 6.950647613629127 vs. chr27 : 6.950647613629127 (not joined)
7204 : chr37 : 8.677986831062242 vs. chr9 : 8.3891469783143 (not joined)
7301 : chr11 : 7.132320645199556 vs. chr27 : 7.132320645199556 (not joined)
7346 : chr12 : 7.524814919292353 vs. chr2 : 6.950647613629127 (not joined)
7384 : chr37 : 6.580332247358362 vs. chr9 : 6.031382688614232 (not joined)
7391 : chr9 : 5.635673357125613 vs. chr37 : 5.111902293203713 (not joined)
7452 : chr27 : 5.758165940256667 vs. chr11 : 5.3732067587902606 (not joined)
7525 : chr11 : 6.664261435646007 vs. chr27 : 6.580332247358362 (not joined)
7557 : chr6 : 7.524814919292353 vs. chr35 : 7.524814919292353 (not joined)
7561 : chr9 : 6.031382688614232 vs. chr37 : 6.031382688614232 (not joined)
3.5729579403885614 vs. 0.0
7595 : chr10 : 8.100657636890398 vs. chr28 : 7.237508653036841 (not joined)
7684 : chr27 : 6.378382784323462 vs. chr11 : 6.031382688614232 (not joined)
7710 : chr35 : 6.664261435646007 vs. chr6 : 6.093047777746866 (not joined)
7752 : chr7 : 6.950647613629127 vs. chr3 : 6.664261435646007 (not joined)
7773 : chr12 : 7.524814919292353 vs. chr2 : 5.485860097875672 (not joined)
7788 : chr8 : 7.524814919292353 vs. chr39 : 7.237508653036841 (not joined)
7834 : chr3 : 8.100657636890398 vs. chr7 : 8.100657636890398 (not joined)
7862 : chr10 : 6.950647613629127 vs. chr28 : 6.580332247358362 (not joined)
7889 : chr10 : 6.950647613629127 vs. chr28 : 5.214525989256439 (not joined)
7913 : chr11 : 6.163837697179339 vs. chr27 : 6.163837697179339 (not joined)
7932 : chr10 : 7.524814919292353 vs. chr28 : 6.305454970542936 (not joined)
7940 : chr3 : 8.100657636890398 vs. chr7 : 8.100657636890398 (not joined)
7955 : chr7 : 6.580332247358362 vs. chr36 : 6.378382784323462 (not joined)
7983 : chr7 : 7.812539448162381 vs. chr36 : 7.237508653036841 (not joined)
8016 : chr6 : 6.378382784323462 vs. chr35 : 6.093047777746866 (not joined)
8139 : chr37 : 8.677986831062242 vs. chr9 : 8.100657636890398 (not joined)
3.8255410666115806 vs. 0.0
8235 : chr6 : 8.3891469783143 vs. chr35 : 6.031382688614232 (not joined)
8241 : chr36 : 6.580332247358362 vs. chr7 : 6.305454970542936 (not joined)
8258 : chr12 : 8.677986831062242 vs. chr2 : 7.409350364429441 (not joined)
8291 : chr11 : 6.580332247358362 vs. chr27 : 6.580332247358362 (not joined)
8312 : chr10 : 6.664261435646007 vs. chr28 : 6.305454970542936 (not joined)
8358 : chr7 : 6.378382784323462 vs. chr36 : 6.378382784323462 (not joined)
8401 : chr37 : 6.031382688614232 vs. chr9 : 5.758165940256667 (not joined)
3.8255410666115806 vs. 0.0
8440 : chr10 : 7.524814919292353 vs. chr28 : 7.524814919292353 (not joined)
8453 : chr37 : 5.758165940256667 vs. chr9 : 5.214525989256439 (not joined)
8475 : chr2 : 8.100657636890398 vs. chr12 : 8.100657636890398 (not joined)
4.335704634601774 vs. 0.0
8484 : chr12 : 8.3891469783143 vs. chr2 : 7.132320645199556 (not joined)
8493 : chr11 : 5.635673357125613 vs. chr27 : 5.105845757292486 (not joined)
8582 : chr37 : 7.812539448162381 vs. chr9 : 7.524814919292353 (not joined)
8610 : chr6 : 6.950647613629127 vs. chr35 : 6.305454970542936 (not joined)
8650 : chr36 : 7.237508653036841 vs. chr7 : 6.580332247358362 (not joined)
8660 : chr12 : 6.950647613629127 vs. chr2 : 6.093047777746866 (not joined)
8714 : chr35 : 6.664261435646007 vs. chr6 : 6.378382784323462 (not joined)
8802 : chr10 : 5.485860097875672 vs. chr28 : 5.111902293203713 (not joined)
8863 : chr12 : 5.758165940256667 vs. chr2 : 5.214525989256439 (not joined)
9063 : chr8 : 4.958017949760236 vs. chr39 : 4.9442306187986755 (not joined)
3.8255410666115806 vs. 3.3222026871959405
9109 : chr12 : 6.580332247358362 vs. chr22 : 6.305454970542936 (not joined)
9125 : chr10 : 7.812539448162381 vs. chr28 : 7.237508653036841 (not joined)
9181 : chr6 : 6.85596827651233 vs. chr35 : 6.580332247358362 (not joined)
9331 : chr2 : 5.240728692363029 vs. chr12 : 5.240728692363029 (not joined)
9445 : chr28 : 5.89923696771256 vs. chr10 : 5.3732067587902606 (not joined)
9446 : chr12 : 5.89923696771256 vs. chr2 : 5.105845757292486 (not joined)
9486 : chr11 : 6.305454970542936 vs. chr27 : 6.305454970542936 (not joined)
9487 : chr11 : 6.031382688614232 vs. chr27 : 6.031382688614232 (not joined)
9504 : chr10 : 7.237508653036841 vs. chr28 : 5.111902293203713 (not joined)
9505 : chr10 : 8.100657636890398 vs. chr28 : 8.100657636890398 (not joined)
9531 : chr10 : 5.111902293203713 vs. chr28 : 5.111902293203713 (not joined)
9539 : chr6 : 8.3891469783143 vs. chr35 : 8.100657636890398 (not joined)
3.5729579403885614 vs. 0.0
9617 : chr10 : 6.950647613629127 vs. chr28 : 6.093047777746866 (not joined)
9670 : chr37 : 6.950647613629127 vs. chr9 : 6.664261435646007 (not joined)
9710 : chr11 : 6.305454970542936 vs. chr27 : 6.305454970542936 (not joined)
3.5729579403885614 vs. 0.0
9804 : chr10 : 7.812539448162381 vs. chr28 : 7.812539448162381 (not joined)
9810 : chr3 : 8.3891469783143 vs. chr7 : 8.3891469783143 (not joined)
3.8255410666115806 vs. 0.0
9828 : chr2 : 6.664261435646007 vs. chr12 : 6.031382688614232 (not joined)
9914 : chr6 : 7.524814919292353 vs. chr35 : 7.524814919292353 (not joined)
10003 : chr6 : 7.812539448162381 vs. chr35 : 7.237508653036841 (not joined)
10049 : chr6 : 8.100657636890398 vs. chr35 : 7.524814919292353 (not joined)
10060 : chr6 : 5.758165940256667 vs. chr35 : 5.485860097875672 (not joined)
10101 : chr11 : 7.812539448162381 vs. chr27 : 7.812539448162381 (not joined)
10220 : chr6 : 7.812539448162381 vs. chr35 : 7.524814919292353 (not joined)
10352 : chr10 : 8.3891469783143 vs. chr28 : 8.100657636890398 (not joined)
10359 : chr9 : 6.950647613629127 vs. chr38 : 6.664261435646007 (not joined)
3.8255410666115806 vs. 0.0
10482 : chr27 : 4.851830913609798 vs. chr11 : 4.6034886995201765 (not joined)
10625 : chr36 : 6.950647613629127 vs. chr7 : 6.305454970542936 (not joined)
10641 : chr11 : 7.132320645199556 vs. chr27 : 7.132320645199556 (not joined)
10647 : chr6 : 8.677986831062242 vs. chr35 : 8.100657636890398 (not joined)
10651 : chr9 : 8.3891469783143 vs. chr37 : 8.100657636890398 (not joined)
10701 : chr10 : 7.812539448162381 vs. chr28 : 7.812539448162381 (not joined)
10787 : chr2 : 7.524814919292353 vs. chr12 : 6.580332247358362 (not joined)
10839 : chr6 : 8.100657636890398 vs. chr35 : 7.812539448162381 (not joined)
10860 : chr9 : 5.808296483820455 vs. chr38 : 5.485860097875672 (not joined)
10875 : chr10 : 6.580332247358362 vs. chr28 : 6.580332247358362 (not joined)
10929 : chr3 : 7.237508653036841 vs. chr7 : 7.237508653036841 (not joined)
11014 : chr9 : 7.812539448162381 vs. chr38 : 7.524814919292353 (not joined)
11024 : chr7 : 7.237508653036841 vs. chr3 : 6.305454970542936 (not joined)
11050 : chr11 : 8.100657636890398 vs. chr27 : 8.100657636890398 (not joined)
11051 : chr11 : 6.85596827651233 vs. chr27 : 6.85596827651233 (not joined)
11076 : chr10 : 5.485860097875672 vs. chr28 : 5.485860097875672 (not joined)
11090 : chr6 : 8.3891469783143 vs. chr35 : 8.3891469783143 (not joined)
11108 : chr34 : 7.237508653036841 vs. chr37 : 6.580332247358362 (not joined)
11233 : chr37 : 7.524814919292353 vs. chr9 : 7.237508653036841 (not joined)
11237 : chr38 : 6.664261435646007 vs. chr9 : 6.093047777746866 (not joined)
11248 : chr10 : 7.524814919292353 vs. chr28 : 7.237508653036841 (not joined)
11263 : chr11 : 7.132320645199556 vs. chr27 : 7.132320645199556 (not joined)
11287 : chr11 : 4.6034886995201765 vs. chr27 : 4.6034886995201765 (not joined)
11400 : chr10 : 7.237508653036841 vs. chr28 : 7.237508653036841 (not joined)
11421 : chr6 : 6.664261435646007 vs. chr35 : 6.664261435646007 (not joined)
11423 : chr9 : 7.524814919292353 vs. chr37 : 7.237508653036841 (not joined)
11445 : chr10 : 7.524814919292353 vs. chr28 : 6.85596827651233 (not joined)
6.093047777746866 vs. 3.0734132287964897
11674 : chr11 : 6.950647613629127 vs. chr27 : 6.031382688614232 (not joined)
11693 : chr10 : 6.950647613629127 vs. chr28 : 6.950647613629127 (not joined)
11785 : chr11 : 6.85596827651233 vs. chr27 : 6.85596827651233 (not joined)
11818 : chr10 : 6.950647613629127 vs. chr28 : 6.305454970542936 (not joined)
11937 : chr8 : 5.524173508071117 vs. chr39 : 5.214525989256439 (not joined)
11951 : chr37 : 7.812539448162381 vs. chr9 : 7.524814919292353 (not joined)
11958 : chr10 : 8.677986831062242 vs. chr28 : 8.100657636890398 (not joined)
3.87504396647049 vs. 2.8267426932494715
12086 : chr11 : 8.3891469783143 vs. chr27 : 8.3891469783143 (not joined)
12136 : chr3 : 6.031382688614232 vs. chr7 : 6.031382688614232 (not joined)
12153 : chr12 : 6.305454970542936 vs. chr22 : 6.031382688614232 (not joined)
12156 : chr7 : 6.664261435646007 vs. chr36 : 6.664261435646007 (not joined)
12163 : chr10 : 8.3891469783143 vs. chr28 : 8.3891469783143 (not joined)
12164 : chr10 : 7.524814919292353 vs. chr28 : 7.524814919292353 (not joined)
12188 : chr6 : 6.950647613629127 vs. chr35 : 6.305454970542936 (not joined)
12209 : chr9 : 8.3891469783143 vs. chr37 : 8.3891469783143 (not joined)
12213 : chr11 : 5.635673357125613 vs. chr27 : 5.635673357125613 (not joined)
12230 : chr36 : 7.524814919292353 vs. chr7 : 7.237508653036841 (not joined)
12234 : chr11 : 7.409350364429441 vs. chr27 : 7.409350364429441 (not joined)
12374 : chr9 : 6.580332247358362 vs. chr37 : 6.580332247358362 (not joined)
Number of joined markers in chr 1 is 1
Number of joined markers in chr 2 is 0
Number of joined markers in chr 3 is 1
Number of joined markers in chr 4 is 0
Number of joined markers in chr 5 is 0
Number of joined markers in chr 6 is 1
Number of joined markers in chr 7 is 1
Number of joined markers in chr 8 is 0
Number of joined markers in chr 9 is 1
Number of joined markers in chr 10 is 0
Number of joined markers in chr 11 is 1
Number of joined markers in chr 12 is 5
Number of joined markers in chr 13 is 0
Number of joined markers in chr 14 is 2
Number of joined markers in chr 15 is 0
Number of joined markers in chr 16 is 0
Number of joined markers in chr 17 is 0
Number of joined markers in chr 18 is 1
Number of joined markers in chr 19 is 0
Number of joined markers in chr 20 is 1
Number of joined markers in chr 21 is 0
Number of joined markers in chr 22 is 0
Number of joined markers in chr 23 is 1
Number of joined markers in chr 24 is 0
Number of joined markers in chr 25 is 0
Number of joined markers in chr 26 is 1
Number of joined markers in chr 27 is 0
Number of joined markers in chr 28 is 1
Number of joined markers in chr 29 is 0
Number of joined markers in chr 30 is 1
Number of joined markers in chr 31 is 0
Number of joined markers in chr 32 is 0
Number of joined markers in chr 33 is 0
Number of joined markers in chr 34 is 2
Number of joined markers in chr 35 is 1
Number of joined markers in chr 36 is 0
Number of joined markers in chr 37 is 1
Number of joined markers in chr 38 is 0
Number of joined markers in chr 39 is 0
Number of joined markers in chr 40 is 0
Number of joined markers in chr 41 is 0
joined 23 single markers, non-conflicting LOD score > 8.677986831062242
Number of LGs = 41, markers in LGs = 11467, singles = 1049
