0->0 : 0
0->1 : 0
0->2 : 0
       Error rate = 0.0
1->0 : 0
1->1 : 0
1->2 : 0
       Error rate = 0.0
2->0 : 0
2->1 : 0
2->2 : 0
       Error rate = 0.0
0,2->0,2 : 1336466
  0,2->1 : 0
1,2->1,2 : 0
  1,2->0 : 0
       Error rate = 0.0
Maternally informative markers = 0 (of 12603)
Paternally informative markers = 12603
Maternally or paternally informative markers = 12603
Removed 0 markers
LOD(175, 0) = 50.730831351371116
LOD(174, 0) = 50.43224777297899
LOD(174, 1) = 48.48280135712733
LOD(173, 2) = 46.53823211177203
LOD(175, 0) = 51.823989272088426
LOD(174, 0) = 51.52516615900455
LOD(174, 1) = 49.53108809594482
LOD(173, 2) = 47.486415116373095
***Family = fam_08 chromosome = 1 numMarkers = 426 maternal informative markers 0 (paternal informative markers 426)
***Family = fam_01 chromosome = 1 numMarkers = 426 maternal informative markers 0 (paternal informative markers 426)
***Family = fam_09 chromosome = 1 numMarkers = 426 maternal informative markers 0 (paternal informative markers 426)
***Family = fam_08 chromosome = 2 numMarkers = 369 maternal informative markers 0 (paternal informative markers 366)
***Family = fam_01 chromosome = 2 numMarkers = 369 maternal informative markers 0 (paternal informative markers 368)
***Family = fam_09 chromosome = 2 numMarkers = 369 maternal informative markers 0 (paternal informative markers 363)
***Family = fam_08 chromosome = 3 numMarkers = 357 maternal informative markers 0 (paternal informative markers 357)
***Family = fam_01 chromosome = 3 numMarkers = 357 maternal informative markers 0 (paternal informative markers 357)
***Family = fam_09 chromosome = 3 numMarkers = 357 maternal informative markers 0 (paternal informative markers 347)
***Family = fam_08 chromosome = 4 numMarkers = 369 maternal informative markers 0 (paternal informative markers 369)
***Family = fam_01 chromosome = 4 numMarkers = 369 maternal informative markers 0 (paternal informative markers 369)
***Family = fam_09 chromosome = 4 numMarkers = 369 maternal informative markers 0 (paternal informative markers 368)
***Family = fam_08 chromosome = 5 numMarkers = 346 maternal informative markers 0 (paternal informative markers 346)
***Family = fam_01 chromosome = 5 numMarkers = 346 maternal informative markers 0 (paternal informative markers 346)
***Family = fam_09 chromosome = 5 numMarkers = 346 maternal informative markers 0 (paternal informative markers 346)
***Family = fam_08 chromosome = 6 numMarkers = 396 maternal informative markers 0 (paternal informative markers 396)
***Family = fam_01 chromosome = 6 numMarkers = 396 maternal informative markers 0 (paternal informative markers 396)
***Family = fam_09 chromosome = 6 numMarkers = 396 maternal informative markers 0 (paternal informative markers 396)
***Family = fam_08 chromosome = 7 numMarkers = 417 maternal informative markers 0 (paternal informative markers 400)
***Family = fam_01 chromosome = 7 numMarkers = 417 maternal informative markers 0 (paternal informative markers 417)
***Family = fam_09 chromosome = 7 numMarkers = 417 maternal informative markers 0 (paternal informative markers 417)
***Family = fam_08 chromosome = 8 numMarkers = 315 maternal informative markers 0 (paternal informative markers 315)
***Family = fam_01 chromosome = 8 numMarkers = 315 maternal informative markers 0 (paternal informative markers 315)
***Family = fam_09 chromosome = 8 numMarkers = 315 maternal informative markers 0 (paternal informative markers 315)
***Family = fam_08 chromosome = 9 numMarkers = 302 maternal informative markers 0 (paternal informative markers 302)
***Family = fam_01 chromosome = 9 numMarkers = 302 maternal informative markers 0 (paternal informative markers 302)
***Family = fam_09 chromosome = 9 numMarkers = 302 maternal informative markers 0 (paternal informative markers 302)
***Family = fam_08 chromosome = 10 numMarkers = 289 maternal informative markers 0 (paternal informative markers 289)
***Family = fam_01 chromosome = 10 numMarkers = 289 maternal informative markers 0 (paternal informative markers 289)
***Family = fam_09 chromosome = 10 numMarkers = 289 maternal informative markers 0 (paternal informative markers 289)
***Family = fam_08 chromosome = 11 numMarkers = 317 maternal informative markers 0 (paternal informative markers 317)
***Family = fam_01 chromosome = 11 numMarkers = 317 maternal informative markers 0 (paternal informative markers 317)
***Family = fam_09 chromosome = 11 numMarkers = 317 maternal informative markers 0 (paternal informative markers 317)
***Family = fam_08 chromosome = 12 numMarkers = 268 maternal informative markers 0 (paternal informative markers 268)
***Family = fam_01 chromosome = 12 numMarkers = 268 maternal informative markers 0 (paternal informative markers 268)
***Family = fam_09 chromosome = 12 numMarkers = 268 maternal informative markers 0 (paternal informative markers 268)
***Family = fam_08 chromosome = 13 numMarkers = 274 maternal informative markers 0 (paternal informative markers 266)
***Family = fam_01 chromosome = 13 numMarkers = 274 maternal informative markers 0 (paternal informative markers 274)
***Family = fam_09 chromosome = 13 numMarkers = 274 maternal informative markers 0 (paternal informative markers 274)
***Family = fam_08 chromosome = 14 numMarkers = 261 maternal informative markers 0 (paternal informative markers 261)
***Family = fam_01 chromosome = 14 numMarkers = 261 maternal informative markers 0 (paternal informative markers 261)
***Family = fam_09 chromosome = 14 numMarkers = 261 maternal informative markers 0 (paternal informative markers 261)
***Family = fam_08 chromosome = 15 numMarkers = 220 maternal informative markers 0 (paternal informative markers 219)
***Family = fam_01 chromosome = 15 numMarkers = 220 maternal informative markers 0 (paternal informative markers 220)
***Family = fam_09 chromosome = 15 numMarkers = 220 maternal informative markers 0 (paternal informative markers 220)
***Family = fam_08 chromosome = 16 numMarkers = 228 maternal informative markers 0 (paternal informative markers 228)
***Family = fam_01 chromosome = 16 numMarkers = 228 maternal informative markers 0 (paternal informative markers 228)
***Family = fam_09 chromosome = 16 numMarkers = 228 maternal informative markers 0 (paternal informative markers 228)
***Family = fam_08 chromosome = 17 numMarkers = 233 maternal informative markers 0 (paternal informative markers 233)
***Family = fam_01 chromosome = 17 numMarkers = 233 maternal informative markers 0 (paternal informative markers 233)
***Family = fam_09 chromosome = 17 numMarkers = 233 maternal informative markers 0 (paternal informative markers 233)
***Family = fam_08 chromosome = 18 numMarkers = 216 maternal informative markers 0 (paternal informative markers 216)
***Family = fam_01 chromosome = 18 numMarkers = 216 maternal informative markers 0 (paternal informative markers 216)
***Family = fam_09 chromosome = 18 numMarkers = 216 maternal informative markers 0 (paternal informative markers 216)
***Family = fam_08 chromosome = 19 numMarkers = 234 maternal informative markers 0 (paternal informative markers 234)
***Family = fam_01 chromosome = 19 numMarkers = 234 maternal informative markers 0 (paternal informative markers 234)
***Family = fam_09 chromosome = 19 numMarkers = 234 maternal informative markers 0 (paternal informative markers 234)
***Family = fam_08 chromosome = 20 numMarkers = 227 maternal informative markers 0 (paternal informative markers 227)
***Family = fam_01 chromosome = 20 numMarkers = 227 maternal informative markers 0 (paternal informative markers 227)
***Family = fam_09 chromosome = 20 numMarkers = 227 maternal informative markers 0 (paternal informative markers 227)
***Family = fam_08 chromosome = 21 numMarkers = 241 maternal informative markers 0 (paternal informative markers 241)
***Family = fam_01 chromosome = 21 numMarkers = 241 maternal informative markers 0 (paternal informative markers 241)
***Family = fam_09 chromosome = 21 numMarkers = 241 maternal informative markers 0 (paternal informative markers 241)
***Family = fam_08 chromosome = 22 numMarkers = 235 maternal informative markers 0 (paternal informative markers 235)
***Family = fam_01 chromosome = 22 numMarkers = 235 maternal informative markers 0 (paternal informative markers 235)
***Family = fam_09 chromosome = 22 numMarkers = 235 maternal informative markers 0 (paternal informative markers 235)
***Family = fam_08 chromosome = 23 numMarkers = 228 maternal informative markers 0 (paternal informative markers 210)
***Family = fam_01 chromosome = 23 numMarkers = 228 maternal informative markers 0 (paternal informative markers 228)
***Family = fam_09 chromosome = 23 numMarkers = 228 maternal informative markers 0 (paternal informative markers 228)
***Family = fam_08 chromosome = 24 numMarkers = 199 maternal informative markers 0 (paternal informative markers 199)
***Family = fam_01 chromosome = 24 numMarkers = 199 maternal informative markers 0 (paternal informative markers 199)
***Family = fam_09 chromosome = 24 numMarkers = 199 maternal informative markers 0 (paternal informative markers 199)
***Family = fam_08 chromosome = 25 numMarkers = 215 maternal informative markers 0 (paternal informative markers 215)
***Family = fam_01 chromosome = 25 numMarkers = 215 maternal informative markers 0 (paternal informative markers 215)
***Family = fam_09 chromosome = 25 numMarkers = 215 maternal informative markers 0 (paternal informative markers 215)
***Family = fam_08 chromosome = 26 numMarkers = 200 maternal informative markers 0 (paternal informative markers 199)
***Family = fam_01 chromosome = 26 numMarkers = 200 maternal informative markers 0 (paternal informative markers 200)
***Family = fam_09 chromosome = 26 numMarkers = 200 maternal informative markers 0 (paternal informative markers 200)
***Family = fam_08 chromosome = 27 numMarkers = 226 maternal informative markers 0 (paternal informative markers 226)
***Family = fam_01 chromosome = 27 numMarkers = 226 maternal informative markers 0 (paternal informative markers 226)
***Family = fam_09 chromosome = 27 numMarkers = 226 maternal informative markers 0 (paternal informative markers 226)
***Family = fam_08 chromosome = 28 numMarkers = 195 maternal informative markers 0 (paternal informative markers 194)
***Family = fam_01 chromosome = 28 numMarkers = 195 maternal informative markers 0 (paternal informative markers 195)
***Family = fam_09 chromosome = 28 numMarkers = 195 maternal informative markers 0 (paternal informative markers 195)
***Family = fam_08 chromosome = 29 numMarkers = 179 maternal informative markers 0 (paternal informative markers 179)
***Family = fam_01 chromosome = 29 numMarkers = 179 maternal informative markers 0 (paternal informative markers 179)
***Family = fam_09 chromosome = 29 numMarkers = 179 maternal informative markers 0 (paternal informative markers 179)
***Family = fam_08 chromosome = 30 numMarkers = 181 maternal informative markers 0 (paternal informative markers 181)
***Family = fam_01 chromosome = 30 numMarkers = 181 maternal informative markers 0 (paternal informative markers 181)
***Family = fam_09 chromosome = 30 numMarkers = 181 maternal informative markers 0 (paternal informative markers 181)
***Family = fam_08 chromosome = 31 numMarkers = 201 maternal informative markers 0 (paternal informative markers 201)
***Family = fam_01 chromosome = 31 numMarkers = 201 maternal informative markers 0 (paternal informative markers 201)
***Family = fam_09 chromosome = 31 numMarkers = 201 maternal informative markers 0 (paternal informative markers 201)
***Family = fam_08 chromosome = 32 numMarkers = 200 maternal informative markers 0 (paternal informative markers 199)
***Family = fam_01 chromosome = 32 numMarkers = 200 maternal informative markers 0 (paternal informative markers 200)
***Family = fam_09 chromosome = 32 numMarkers = 200 maternal informative markers 0 (paternal informative markers 200)
***Family = fam_08 chromosome = 33 numMarkers = 197 maternal informative markers 0 (paternal informative markers 197)
***Family = fam_01 chromosome = 33 numMarkers = 197 maternal informative markers 0 (paternal informative markers 197)
***Family = fam_09 chromosome = 33 numMarkers = 197 maternal informative markers 0 (paternal informative markers 197)
***Family = fam_08 chromosome = 34 numMarkers = 175 maternal informative markers 0 (paternal informative markers 175)
***Family = fam_01 chromosome = 34 numMarkers = 175 maternal informative markers 0 (paternal informative markers 174)
***Family = fam_09 chromosome = 34 numMarkers = 175 maternal informative markers 0 (paternal informative markers 175)
***Family = fam_08 chromosome = 35 numMarkers = 165 maternal informative markers 0 (paternal informative markers 165)
***Family = fam_01 chromosome = 35 numMarkers = 165 maternal informative markers 0 (paternal informative markers 165)
***Family = fam_09 chromosome = 35 numMarkers = 165 maternal informative markers 0 (paternal informative markers 165)
***Family = fam_08 chromosome = 36 numMarkers = 178 maternal informative markers 0 (paternal informative markers 174)
***Family = fam_01 chromosome = 36 numMarkers = 178 maternal informative markers 0 (paternal informative markers 178)
***Family = fam_09 chromosome = 36 numMarkers = 178 maternal informative markers 0 (paternal informative markers 178)
***Family = fam_08 chromosome = 37 numMarkers = 129 maternal informative markers 0 (paternal informative markers 129)
***Family = fam_01 chromosome = 37 numMarkers = 129 maternal informative markers 0 (paternal informative markers 129)
***Family = fam_09 chromosome = 37 numMarkers = 129 maternal informative markers 0 (paternal informative markers 129)
***Family = fam_08 chromosome = 38 numMarkers = 9 maternal informative markers 0 (paternal informative markers 9)
***Family = fam_01 chromosome = 38 numMarkers = 9 maternal informative markers 0 (paternal informative markers 9)
***Family = fam_09 chromosome = 38 numMarkers = 9 maternal informative markers 0 (paternal informative markers 9)
***Family = fam_08 chromosome = 39 numMarkers = 5 maternal informative markers 0 (paternal informative markers 5)
***Family = fam_01 chromosome = 39 numMarkers = 5 maternal informative markers 0 (paternal informative markers 5)
***Family = fam_09 chromosome = 39 numMarkers = 5 maternal informative markers 0 (paternal informative markers 5)
***Family = fam_08 chromosome = 40 numMarkers = 7 maternal informative markers 0 (paternal informative markers 7)
***Family = fam_01 chromosome = 40 numMarkers = 7 maternal informative markers 0 (paternal informative markers 7)
***Family = fam_09 chromosome = 40 numMarkers = 7 maternal informative markers 0 (paternal informative markers 7)
***Family = fam_08 chromosome = 41 numMarkers = 5 maternal informative markers 0 (paternal informative markers 5)
***Family = fam_01 chromosome = 41 numMarkers = 5 maternal informative markers 0 (paternal informative markers 5)
***Family = fam_09 chromosome = 41 numMarkers = 5 maternal informative markers 0 (paternal informative markers 5)
Family fam_08
Family fam_01
Family fam_09
Number of different markers = 12166
6.950647613629127 vs. 0.0
6.664261435646007 vs. 0.0
6.378382784323462 vs. 0.0
6.664261435646007 vs. 3.0734132287964897
6.950647613629127 vs. 0.0
6.950647613629127 vs. 0.0
6.580332247358362 vs. 0.0
7.132320645199556 vs. 0.0
6.580332247358362 vs. 0.0
6.664261435646007 vs. 0.0
6.664261435646007 vs. 0.0
6.664261435646007 vs. 0.0
7.237508653036841 vs. 0.0
6.950647613629127 vs. 0.0
6.950647613629127 vs. 3.5729579403885614
6.664261435646007 vs. 0.0
6.664261435646007 vs. 0.0
6.664261435646007 vs. 0.0
6.664261435646007 vs. 0.0
6.664261435646007 vs. 0.0
6.580332247358362 vs. 0.0
6.305454970542936 vs. 0.0
6.378382784323462 vs. 0.0
6.950647613629127 vs. 0.0
6.950647613629127 vs. 0.0
7.524814919292353 vs. 4.354506309163542
6.664261435646007 vs. 0.0
6.950647613629127 vs. 0.0
6.950647613629127 vs. 0.0
6.031382688614232 vs. 0.0
6.378382784323462 vs. 0.0
6.950647613629127 vs. 0.0
6.378382784323462 vs. 0.0
6.664261435646007 vs. 0.0
7.237508653036841 vs. 0.0
6.664261435646007 vs. 0.0
6.950647613629127 vs. 0.0
7.237508653036841 vs. 0.0
6.950647613629127 vs. 0.0
6.664261435646007 vs. 0.0
7.524814919292353 vs. 0.0
6.664261435646007 vs. 0.0
6.664261435646007 vs. 0.0
6.950647613629127 vs. 0.0
6.305454970542936 vs. 0.0
6.378382784323462 vs. 0.0
6.664261435646007 vs. 0.0
6.580332247358362 vs. 0.0
6.950647613629127 vs. 0.0
6.305454970542936 vs. 0.0
6.664261435646007 vs. 0.0
388 : chr38 : 7.812539448162381 vs. chr9 : 7.237508653036841 (not joined)
6.664261435646007 vs. 0.0
6.378382784323462 vs. 0.0
6.950647613629127 vs. 0.0
6.664261435646007 vs. 0.0
6.378382784323462 vs. 0.0
8.100657636890398 vs. 0.0
6.950647613629127 vs. 0.0
7.237508653036841 vs. 0.0
6.664261435646007 vs. 0.0
6.950647613629127 vs. 0.0
465 : chr11 : 7.237508653036841 vs. chr41 : 7.237508653036841 (not joined)
6.950647613629127 vs. 0.0
6.093047777746866 vs. 0.0
6.093047777746866 vs. 3.6112309950604455
6.950647613629127 vs. 0.0
6.378382784323462 vs. 3.5729579403885614
6.950647613629127 vs. 0.0
6.664261435646007 vs. 0.0
6.093047777746866 vs. 0.0
6.664261435646007 vs. 0.0
528 : chr6 : 7.812539448162381 vs. chr35 : 7.237508653036841 (not joined)
6.950647613629127 vs. 0.0
7.237508653036841 vs. 0.0
6.664261435646007 vs. 0.0
6.580332247358362 vs. 0.0
6.950647613629127 vs. 0.0
6.664261435646007 vs. 0.0
6.950647613629127 vs. 0.0
6.093047777746866 vs. 0.0
6.664261435646007 vs. 0.0
6.664261435646007 vs. 0.0
6.950647613629127 vs. 0.0
6.950647613629127 vs. 0.0
6.378382784323462 vs. 0.0
6.664261435646007 vs. 0.0
6.664261435646007 vs. 0.0
6.031382688614232 vs. 0.0
6.664261435646007 vs. 5.214525989256439
6.093047777746866 vs. 0.0
6.950647613629127 vs. 0.0
6.378382784323462 vs. 0.0
6.093047777746866 vs. 0.0
7.237508653036841 vs. 0.0
6.305454970542936 vs. 0.0
7.237508653036841 vs. 0.0
7.524814919292353 vs. 0.0
6.378382784323462 vs. 0.0
6.664261435646007 vs. 0.0
6.378382784323462 vs. 0.0
6.580332247358362 vs. 0.0
6.950647613629127 vs. 0.0
6.950647613629127 vs. 0.0
6.950647613629127 vs. 0.0
7.237508653036841 vs. 0.0
6.950647613629127 vs. 0.0
6.664261435646007 vs. 0.0
6.664261435646007 vs. 0.0
6.950647613629127 vs. 0.0
6.950647613629127 vs. 0.0
6.950647613629127 vs. 0.0
6.031382688614232 vs. 5.3732067587902606
762 : chr6 : 7.237508653036841 vs. chr35 : 7.237508653036841 (not joined)
6.950647613629127 vs. 0.0
6.664261435646007 vs. 0.0
6.664261435646007 vs. 0.0
6.950647613629127 vs. 0.0
6.950647613629127 vs. 0.0
8.100657636890398 vs. 0.0
6.664261435646007 vs. 0.0
6.378382784323462 vs. 0.0
6.664261435646007 vs. 0.0
6.664261435646007 vs. 0.0
6.093047777746866 vs. 0.0
6.950647613629127 vs. 0.0
6.950647613629127 vs. 0.0
6.664261435646007 vs. 0.0
6.378382784323462 vs. 0.0
6.378382784323462 vs. 0.0
8.100657636890398 vs. 0.0
6.378382784323462 vs. 0.0
7.524814919292353 vs. 4.079827535816964
6.378382784323462 vs. 2.582361511330149
6.950647613629127 vs. 4.10710350355705
6.950647613629127 vs. 0.0
6.580332247358362 vs. 0.0
6.664261435646007 vs. 0.0
6.664261435646007 vs. 0.0
6.664261435646007 vs. 0.0
6.950647613629127 vs. 0.0
6.664261435646007 vs. 0.0
7.237508653036841 vs. 0.0
6.85596827651233 vs. 0.0
6.950647613629127 vs. 0.0
6.378382784323462 vs. 0.0
7.237508653036841 vs. 0.0
6.664261435646007 vs. 0.0
6.378382784323462 vs. 0.0
6.580332247358362 vs. 0.0
6.950647613629127 vs. 0.0
7.524814919292353 vs. 0.0
6.093047777746866 vs. 0.0
7.237508653036841 vs. 0.0
6.664261435646007 vs. 0.0
6.950647613629127 vs. 0.0
6.950647613629127 vs. 0.0
6.950647613629127 vs. 0.0
6.950647613629127 vs. 0.0
6.378382784323462 vs. 0.0
7.812539448162381 vs. 0.0
6.950647613629127 vs. 0.0
6.093047777746866 vs. 0.0
6.950647613629127 vs. 0.0
6.950647613629127 vs. 0.0
6.031382688614232 vs. 0.0
7.524814919292353 vs. 0.0
6.664261435646007 vs. 0.0
6.378382784323462 vs. 0.0
7.237508653036841 vs. 0.0
6.664261435646007 vs. 0.0
6.664261435646007 vs. 0.0
6.950647613629127 vs. 0.0
7.237508653036841 vs. 0.0
6.664261435646007 vs. 0.0
6.031382688614232 vs. 0.0
6.378382784323462 vs. 0.0
6.378382784323462 vs. 0.0
6.378382784323462 vs. 3.0734132287964897
6.950647613629127 vs. 0.0
6.950647613629127 vs. 0.0
6.664261435646007 vs. 0.0
6.664261435646007 vs. 0.0
6.950647613629127 vs. 0.0
6.950647613629127 vs. 3.0734132287964897
7.524814919292353 vs. 0.0
6.664261435646007 vs. 0.0
6.664261435646007 vs. 0.0
6.950647613629127 vs. 4.079827535816964
7.524814919292353 vs. 0.0
6.950647613629127 vs. 0.0
6.664261435646007 vs. 0.0
6.378382784323462 vs. 0.0
6.378382784323462 vs. 0.0
6.664261435646007 vs. 0.0
6.950647613629127 vs. 4.335704634601774
6.093047777746866 vs. 0.0
6.950647613629127 vs. 0.0
6.305454970542936 vs. 0.0
6.093047777746866 vs. 0.0
6.378382784323462 vs. 0.0
6.378382784323462 vs. 0.0
6.378382784323462 vs. 0.0
7.812539448162381 vs. 0.0
6.950647613629127 vs. 0.0
6.093047777746866 vs. 0.0
6.378382784323462 vs. 0.0
6.378382784323462 vs. 0.0
6.950647613629127 vs. 0.0
6.950647613629127 vs. 0.0
6.950647613629127 vs. 0.0
6.664261435646007 vs. 0.0
6.664261435646007 vs. 0.0
6.378382784323462 vs. 0.0
7.237508653036841 vs. 0.0
6.664261435646007 vs. 0.0
6.950647613629127 vs. 0.0
6.664261435646007 vs. 2.582361511330149
7.237508653036841 vs. 0.0
7.237508653036841 vs. 0.0
7.409350364429441 vs. 0.0
6.664261435646007 vs. 0.0
6.950647613629127 vs. 0.0
6.378382784323462 vs. 0.0
6.664261435646007 vs. 0.0
6.85596827651233 vs. 0.0
6.378382784323462 vs. 0.0
6.378382784323462 vs. 0.0
6.378382784323462 vs. 0.0
7.237508653036841 vs. 0.0
6.378382784323462 vs. 0.0
6.950647613629127 vs. 0.0
6.378382784323462 vs. 0.0
6.85596827651233 vs. 0.0
6.664261435646007 vs. 0.0
6.664261435646007 vs. 0.0
6.664261435646007 vs. 2.8267426932494715
6.664261435646007 vs. 0.0
6.950647613629127 vs. 0.0
6.378382784323462 vs. 0.0
7.237508653036841 vs. 0.0
6.664261435646007 vs. 0.0
6.950647613629127 vs. 0.0
6.093047777746866 vs. 0.0
6.950647613629127 vs. 3.3222026871959405
6.378382784323462 vs. 0.0
6.378382784323462 vs. 0.0
6.664261435646007 vs. 0.0
6.950647613629127 vs. 0.0
6.950647613629127 vs. 0.0
6.093047777746866 vs. 0.0
7.237508653036841 vs. 0.0
6.163837697179339 vs. 0.0
6.093047777746866 vs. 0.0
6.378382784323462 vs. 0.0
6.950647613629127 vs. 0.0
6.093047777746866 vs. 0.0
6.378382784323462 vs. 0.0
6.950647613629127 vs. 0.0
6.378382784323462 vs. 0.0
6.950647613629127 vs. 0.0
7.237508653036841 vs. 0.0
6.950647613629127 vs. 0.0
6.664261435646007 vs. 0.0
6.664261435646007 vs. 2.8267426932494715
6.664261435646007 vs. 0.0
8.100657636890398 vs. 0.0
8.677986831062242 vs. 0.0
6.950647613629127 vs. 0.0
6.950647613629127 vs. 0.0
7.524814919292353 vs. 0.0
7.237508653036841 vs. 0.0
7.237508653036841 vs. 0.0
6.950647613629127 vs. 0.0
6.378382784323462 vs. 0.0
6.093047777746866 vs. 0.0
6.305454970542936 vs. 0.0
6.093047777746866 vs. 0.0
6.950647613629127 vs. 0.0
6.664261435646007 vs. 0.0
6.093047777746866 vs. 0.0
6.093047777746866 vs. 0.0
6.950647613629127 vs. 0.0
6.950647613629127 vs. 0.0
6.950647613629127 vs. 0.0
6.950647613629127 vs. 0.0
6.950647613629127 vs. 0.0
6.664261435646007 vs. 0.0
6.031382688614232 vs. 0.0
6.950647613629127 vs. 0.0
6.664261435646007 vs. 0.0
6.950647613629127 vs. 2.8267426932494715
7.812539448162381 vs. 0.0
6.85596827651233 vs. 0.0
6.378382784323462 vs. 0.0
6.093047777746866 vs. 0.0
6.664261435646007 vs. 0.0
6.950647613629127 vs. 0.0
7.237508653036841 vs. 0.0
6.378382784323462 vs. 0.0
6.950647613629127 vs. 0.0
6.950647613629127 vs. 0.0
1921 : chr11 : 6.664261435646007 vs. chr41 : 6.305454970542936 (not joined)
6.950647613629127 vs. 0.0
6.950647613629127 vs. 0.0
6.378382784323462 vs. 0.0
6.664261435646007 vs. 2.8267426932494715
6.664261435646007 vs. 0.0
6.664261435646007 vs. 0.0
6.950647613629127 vs. 0.0
6.664261435646007 vs. 0.0
6.950647613629127 vs. 0.0
7.409350364429441 vs. 0.0
6.950647613629127 vs. 0.0
6.664261435646007 vs. 0.0
6.950647613629127 vs. 0.0
6.950647613629127 vs. 0.0
6.950647613629127 vs. 0.0
6.378382784323462 vs. 0.0
6.664261435646007 vs. 0.0
6.950647613629127 vs. 0.0
6.093047777746866 vs. 0.0
8.3891469783143 vs. 0.0
7.237508653036841 vs. 0.0
6.950647613629127 vs. 3.5729579403885614
6.093047777746866 vs. 0.0
6.950647613629127 vs. 0.0
6.305454970542936 vs. 0.0
6.950647613629127 vs. 0.0
6.664261435646007 vs. 0.0
6.950647613629127 vs. 0.0
6.664261435646007 vs. 0.0
6.950647613629127 vs. 0.0
7.237508653036841 vs. 0.0
7.237508653036841 vs. 0.0
6.85596827651233 vs. 0.0
6.031382688614232 vs. 0.0
6.950647613629127 vs. 0.0
6.378382784323462 vs. 0.0
6.378382784323462 vs. 0.0
6.378382784323462 vs. 0.0
6.093047777746866 vs. 0.0
6.950647613629127 vs. 0.0
2221 : chr6 : 8.100657636890398 vs. chr35 : 8.100657636890398 (not joined)
6.664261435646007 vs. 0.0
7.237508653036841 vs. 0.0
6.378382784323462 vs. 0.0
6.664261435646007 vs. 0.0
6.950647613629127 vs. 0.0
6.950647613629127 vs. 0.0
6.664261435646007 vs. 0.0
6.664261435646007 vs. 0.0
6.664261435646007 vs. 0.0
6.664261435646007 vs. 0.0
6.664261435646007 vs. 0.0
6.950647613629127 vs. 0.0
6.950647613629127 vs. 0.0
6.305454970542936 vs. 0.0
6.378382784323462 vs. 0.0
6.664261435646007 vs. 0.0
6.950647613629127 vs. 0.0
6.950647613629127 vs. 0.0
6.950647613629127 vs. 0.0
6.378382784323462 vs. 0.0
7.237508653036841 vs. 0.0
6.580332247358362 vs. 0.0
6.378382784323462 vs. 0.0
7.237508653036841 vs. 0.0
6.664261435646007 vs. 0.0
8.100657636890398 vs. 3.8255410666115806
6.378382784323462 vs. 0.0
6.664261435646007 vs. 0.0
6.950647613629127 vs. 0.0
6.950647613629127 vs. 0.0
6.664261435646007 vs. 0.0
6.378382784323462 vs. 0.0
6.950647613629127 vs. 0.0
6.950647613629127 vs. 0.0
6.950647613629127 vs. 0.0
7.524814919292353 vs. 0.0
6.950647613629127 vs. 0.0
6.950647613629127 vs. 0.0
7.237508653036841 vs. 0.0
6.378382784323462 vs. 0.0
6.950647613629127 vs. 0.0
6.664261435646007 vs. 0.0
2464 : chr6 : 7.812539448162381 vs. chr35 : 6.031382688614232 (not joined)
6.950647613629127 vs. 0.0
6.664261435646007 vs. 0.0
6.093047777746866 vs. 0.0
6.664261435646007 vs. 0.0
6.664261435646007 vs. 0.0
6.093047777746866 vs. 0.0
6.950647613629127 vs. 0.0
6.378382784323462 vs. 0.0
6.950647613629127 vs. 0.0
7.524814919292353 vs. 0.0
6.950647613629127 vs. 0.0
6.093047777746866 vs. 0.0
6.093047777746866 vs. 0.0
6.950647613629127 vs. 0.0
6.378382784323462 vs. 3.3222026871959405
6.950647613629127 vs. 0.0
6.093047777746866 vs. 3.0734132287964897
6.093047777746866 vs. 0.0
6.664261435646007 vs. 0.0
6.378382784323462 vs. 0.0
6.664261435646007 vs. 0.0
6.664261435646007 vs. 0.0
6.093047777746866 vs. 0.0
6.950647613629127 vs. 0.0
6.664261435646007 vs. 0.0
7.237508653036841 vs. 0.0
6.378382784323462 vs. 0.0
6.031382688614232 vs. 0.0
6.950647613629127 vs. 0.0
2692 : chr6 : 6.950647613629127 vs. chr35 : 6.950647613629127 (not joined)
7.237508653036841 vs. 0.0
6.664261435646007 vs. 0.0
6.031382688614232 vs. 0.0
6.093047777746866 vs. 0.0
6.950647613629127 vs. 0.0
6.664261435646007 vs. 0.0
7.237508653036841 vs. 2.8267426932494715
6.093047777746866 vs. 0.0
6.950647613629127 vs. 0.0
6.950647613629127 vs. 0.0
6.664261435646007 vs. 0.0
6.664261435646007 vs. 0.0
6.664261435646007 vs. 0.0
6.950647613629127 vs. 0.0
6.950647613629127 vs. 0.0
6.950647613629127 vs. 0.0
6.664261435646007 vs. 0.0
6.950647613629127 vs. 0.0
6.378382784323462 vs. 0.0
7.524814919292353 vs. 0.0
6.031382688614232 vs. 0.0
6.950647613629127 vs. 0.0
6.093047777746866 vs. 0.0
6.378382784323462 vs. 0.0
7.524814919292353 vs. 0.0
6.664261435646007 vs. 0.0
6.664261435646007 vs. 0.0
6.950647613629127 vs. 0.0
6.664261435646007 vs. 0.0
6.950647613629127 vs. 0.0
6.093047777746866 vs. 0.0
2879 : chr8 : 6.950647613629127 vs. chr39 : 6.093047777746866 (not joined)
6.664261435646007 vs. 0.0
6.950647613629127 vs. 0.0
6.664261435646007 vs. 0.0
8.100657636890398 vs. 0.0
6.378382784323462 vs. 0.0
6.305454970542936 vs. 0.0
6.664261435646007 vs. 0.0
6.950647613629127 vs. 0.0
7.237508653036841 vs. 0.0
6.664261435646007 vs. 0.0
7.237508653036841 vs. 0.0
6.664261435646007 vs. 0.0
6.378382784323462 vs. 0.0
6.664261435646007 vs. 0.0
6.580332247358362 vs. 0.0
6.664261435646007 vs. 0.0
6.950647613629127 vs. 0.0
6.664261435646007 vs. 0.0
6.950647613629127 vs. 0.0
6.378382784323462 vs. 0.0
7.132320645199556 vs. 0.0
6.950647613629127 vs. 0.0
6.950647613629127 vs. 0.0
6.950647613629127 vs. 0.0
6.664261435646007 vs. 0.0
6.950647613629127 vs. 0.0
6.950647613629127 vs. 0.0
6.093047777746866 vs. 0.0
6.85596827651233 vs. 0.0
6.664261435646007 vs. 0.0
6.378382784323462 vs. 0.0
6.664261435646007 vs. 0.0
6.950647613629127 vs. 0.0
7.237508653036841 vs. 0.0
6.950647613629127 vs. 0.0
6.031382688614232 vs. 0.0
6.664261435646007 vs. 0.0
6.950647613629127 vs. 0.0
6.950647613629127 vs. 0.0
6.950647613629127 vs. 0.0
6.950647613629127 vs. 0.0
6.378382784323462 vs. 0.0
6.093047777746866 vs. 0.0
6.950647613629127 vs. 0.0
6.664261435646007 vs. 0.0
8.100657636890398 vs. 0.0
6.950647613629127 vs. 0.0
6.950647613629127 vs. 0.0
6.950647613629127 vs. 0.0
6.950647613629127 vs. 0.0
6.664261435646007 vs. 0.0
6.664261435646007 vs. 0.0
6.378382784323462 vs. 0.0
6.950647613629127 vs. 0.0
6.664261435646007 vs. 3.3222026871959405
6.950647613629127 vs. 0.0
6.950647613629127 vs. 0.0
6.950647613629127 vs. 0.0
6.950647613629127 vs. 0.0
6.950647613629127 vs. 0.0
6.664261435646007 vs. 0.0
6.664261435646007 vs. 0.0
6.664261435646007 vs. 0.0
6.950647613629127 vs. 0.0
6.378382784323462 vs. 0.0
6.950647613629127 vs. 0.0
7.524814919292353 vs. 0.0
6.664261435646007 vs. 0.0
6.664261435646007 vs. 0.0
6.950647613629127 vs. 0.0
7.237508653036841 vs. 0.0
6.664261435646007 vs. 0.0
6.664261435646007 vs. 0.0
6.664261435646007 vs. 0.0
6.950647613629127 vs. 0.0
6.305454970542936 vs. 0.0
6.950647613629127 vs. 0.0
6.950647613629127 vs. 0.0
7.524814919292353 vs. 0.0
6.664261435646007 vs. 0.0
6.664261435646007 vs. 0.0
6.950647613629127 vs. 0.0
6.664261435646007 vs. 0.0
6.950647613629127 vs. 0.0
6.378382784323462 vs. 0.0
7.524814919292353 vs. 0.0
6.950647613629127 vs. 0.0
6.950647613629127 vs. 0.0
6.378382784323462 vs. 0.0
7.237508653036841 vs. 0.0
6.950647613629127 vs. 0.0
6.378382784323462 vs. 0.0
6.664261435646007 vs. 0.0
6.664261435646007 vs. 0.0
6.031382688614232 vs. 0.0
6.950647613629127 vs. 0.0
7.237508653036841 vs. 0.0
6.950647613629127 vs. 0.0
6.950647613629127 vs. 2.8267426932494715
6.950647613629127 vs. 0.0
6.378382784323462 vs. 3.8255410666115806
6.950647613629127 vs. 0.0
6.950647613629127 vs. 0.0
6.378382784323462 vs. 3.0734132287964897
6.664261435646007 vs. 0.0
6.664261435646007 vs. 0.0
6.664261435646007 vs. 0.0
6.093047777746866 vs. 0.0
6.664261435646007 vs. 2.582361511330149
6.950647613629127 vs. 0.0
7.237508653036841 vs. 0.0
6.580332247358362 vs. 0.0
6.950647613629127 vs. 0.0
6.950647613629127 vs. 0.0
6.093047777746866 vs. 0.0
6.950647613629127 vs. 5.808296483820455
6.093047777746866 vs. 2.8267426932494715
6.950647613629127 vs. 0.0
6.664261435646007 vs. 0.0
7.237508653036841 vs. 0.0
6.664261435646007 vs. 0.0
6.950647613629127 vs. 0.0
6.093047777746866 vs. 0.0
6.093047777746866 vs. 0.0
6.664261435646007 vs. 0.0
6.664261435646007 vs. 0.0
6.950647613629127 vs. 0.0
6.093047777746866 vs. 0.0
6.950647613629127 vs. 0.0
6.950647613629127 vs. 0.0
6.093047777746866 vs. 0.0
6.664261435646007 vs. 0.0
6.664261435646007 vs. 0.0
7.237508653036841 vs. 0.0
7.237508653036841 vs. 0.0
6.664261435646007 vs. 0.0
6.093047777746866 vs. 5.808296483820455
6.950647613629127 vs. 0.0
6.664261435646007 vs. 0.0
7.237508653036841 vs. 0.0
6.664261435646007 vs. 2.8267426932494715
7.524814919292353 vs. 0.0
6.664261435646007 vs. 0.0
6.664261435646007 vs. 0.0
6.093047777746866 vs. 0.0
7.524814919292353 vs. 0.0
6.950647613629127 vs. 0.0
6.950647613629127 vs. 0.0
6.093047777746866 vs. 0.0
6.950647613629127 vs. 0.0
6.950647613629127 vs. 0.0
6.378382784323462 vs. 0.0
6.664261435646007 vs. 0.0
6.950647613629127 vs. 0.0
6.950647613629127 vs. 0.0
6.664261435646007 vs. 0.0
6.664261435646007 vs. 0.0
6.950647613629127 vs. 0.0
6.950647613629127 vs. 0.0
6.664261435646007 vs. 0.0
6.664261435646007 vs. 0.0
6.950647613629127 vs. 0.0
7.524814919292353 vs. 0.0
6.950647613629127 vs. 3.8255410666115806
6.664261435646007 vs. 0.0
6.950647613629127 vs. 0.0
6.664261435646007 vs. 0.0
6.664261435646007 vs. 0.0
6.664261435646007 vs. 0.0
6.378382784323462 vs. 0.0
6.950647613629127 vs. 0.0
8.100657636890398 vs. 0.0
6.950647613629127 vs. 0.0
6.664261435646007 vs. 0.0
6.031382688614232 vs. 0.0
6.093047777746866 vs. 0.0
6.664261435646007 vs. 0.0
6.950647613629127 vs. 0.0
7.524814919292353 vs. 0.0
6.031382688614232 vs. 0.0
6.664261435646007 vs. 0.0
6.093047777746866 vs. 0.0
6.093047777746866 vs. 0.0
6.950647613629127 vs. 0.0
6.950647613629127 vs. 2.8267426932494715
6.378382784323462 vs. 0.0
6.378382784323462 vs. 3.5729579403885614
6.950647613629127 vs. 0.0
4006 : chr6 : 6.85596827651233 vs. chr35 : 6.305454970542936 (not joined)
6.378382784323462 vs. 0.0
6.950647613629127 vs. 0.0
6.950647613629127 vs. 0.0
7.237508653036841 vs. 0.0
6.093047777746866 vs. 0.0
6.950647613629127 vs. 4.593070097082085
6.950647613629127 vs. 0.0
7.237508653036841 vs. 0.0
7.237508653036841 vs. 0.0
6.950647613629127 vs. 0.0
6.664261435646007 vs. 0.0
6.664261435646007 vs. 0.0
6.950647613629127 vs. 0.0
6.950647613629127 vs. 0.0
6.031382688614232 vs. 0.0
6.664261435646007 vs. 2.8267426932494715
7.237508653036841 vs. 0.0
6.950647613629127 vs. 0.0
6.305454970542936 vs. 0.0
6.950647613629127 vs. 0.0
6.950647613629127 vs. 0.0
6.950647613629127 vs. 0.0
6.950647613629127 vs. 0.0
6.305454970542936 vs. 0.0
8.100657636890398 vs. 0.0
6.950647613629127 vs. 0.0
6.664261435646007 vs. 0.0
6.664261435646007 vs. 0.0
6.664261435646007 vs. 0.0
6.950647613629127 vs. 0.0
6.664261435646007 vs. 0.0
6.664261435646007 vs. 0.0
6.093047777746866 vs. 0.0
6.093047777746866 vs. 0.0
6.950647613629127 vs. 0.0
6.093047777746866 vs. 0.0
6.664261435646007 vs. 0.0
6.664261435646007 vs. 0.0
7.524814919292353 vs. 0.0
6.305454970542936 vs. 0.0
6.664261435646007 vs. 0.0
6.664261435646007 vs. 0.0
6.093047777746866 vs. 0.0
6.664261435646007 vs. 0.0
6.378382784323462 vs. 0.0
6.950647613629127 vs. 0.0
6.950647613629127 vs. 0.0
6.093047777746866 vs. 0.0
6.950647613629127 vs. 0.0
6.580332247358362 vs. 0.0
6.305454970542936 vs. 0.0
6.664261435646007 vs. 0.0
6.305454970542936 vs. 0.0
6.950647613629127 vs. 0.0
7.237508653036841 vs. 0.0
7.812539448162381 vs. 0.0
6.378382784323462 vs. 0.0
6.664261435646007 vs. 0.0
6.093047777746866 vs. 0.0
6.950647613629127 vs. 0.0
6.950647613629127 vs. 0.0
6.950647613629127 vs. 0.0
7.237508653036841 vs. 0.0
6.031382688614232 vs. 0.0
6.378382784323462 vs. 0.0
6.950647613629127 vs. 0.0
6.950647613629127 vs. 0.0
6.664261435646007 vs. 0.0
7.237508653036841 vs. 0.0
6.950647613629127 vs. 0.0
7.237508653036841 vs. 0.0
7.812539448162381 vs. 0.0
6.664261435646007 vs. 0.0
6.950647613629127 vs. 0.0
6.950647613629127 vs. 0.0
7.237508653036841 vs. 0.0
7.237508653036841 vs. 3.0734132287964897
6.950647613629127 vs. 0.0
6.664261435646007 vs. 0.0
6.378382784323462 vs. 0.0
6.664261435646007 vs. 0.0
6.093047777746866 vs. 0.0
6.950647613629127 vs. 0.0
6.664261435646007 vs. 0.0
6.664261435646007 vs. 0.0
7.812539448162381 vs. 0.0
6.378382784323462 vs. 0.0
8.100657636890398 vs. 0.0
4659 : chr6 : 6.950647613629127 vs. chr35 : 6.580332247358362 (not joined)
6.031382688614232 vs. 0.0
6.664261435646007 vs. 0.0
6.031382688614232 vs. 0.0
6.093047777746866 vs. 0.0
6.378382784323462 vs. 0.0
6.664261435646007 vs. 0.0
6.664261435646007 vs. 0.0
6.378382784323462 vs. 0.0
6.664261435646007 vs. 0.0
6.950647613629127 vs. 0.0
6.664261435646007 vs. 0.0
6.950647613629127 vs. 0.0
6.031382688614232 vs. 0.0
6.664261435646007 vs. 0.0
6.950647613629127 vs. 0.0
6.950647613629127 vs. 0.0
6.580332247358362 vs. 0.0
6.378382784323462 vs. 0.0
6.378382784323462 vs. 3.0734132287964897
6.950647613629127 vs. 0.0
6.950647613629127 vs. 0.0
6.378382784323462 vs. 2.8267426932494715
6.950647613629127 vs. 0.0
6.950647613629127 vs. 3.5729579403885614
6.305454970542936 vs. 0.0
6.664261435646007 vs. 0.0
6.378382784323462 vs. 0.0
6.950647613629127 vs. 0.0
6.664261435646007 vs. 0.0
6.378382784323462 vs. 0.0
6.031382688614232 vs. 0.0
6.031382688614232 vs. 0.0
6.378382784323462 vs. 0.0
6.378382784323462 vs. 5.485860097875672
6.664261435646007 vs. 0.0
6.664261435646007 vs. 0.0
7.812539448162381 vs. 0.0
6.950647613629127 vs. 0.0
6.950647613629127 vs. 0.0
5005 : chr11 : 6.950647613629127 vs. chr41 : 6.950647613629127 (not joined)
7.524814919292353 vs. 0.0
6.031382688614232 vs. 0.0
6.664261435646007 vs. 3.8255410666115806
6.664261435646007 vs. 0.0
6.664261435646007 vs. 2.8267426932494715
6.378382784323462 vs. 0.0
5071 : chr6 : 8.100657636890398 vs. chr35 : 7.812539448162381 (not joined)
6.378382784323462 vs. 3.0734132287964897
6.950647613629127 vs. 0.0
6.950647613629127 vs. 5.758165940256667
6.664261435646007 vs. 0.0
6.950647613629127 vs. 0.0
6.950647613629127 vs. 0.0
6.950647613629127 vs. 0.0
6.093047777746866 vs. 0.0
6.950647613629127 vs. 0.0
6.85596827651233 vs. 0.0
7.237508653036841 vs. 0.0
6.950647613629127 vs. 0.0
6.950647613629127 vs. 0.0
6.950647613629127 vs. 0.0
6.950647613629127 vs. 0.0
6.950647613629127 vs. 0.0
7.237508653036841 vs. 0.0
6.950647613629127 vs. 0.0
7.524814919292353 vs. 0.0
6.950647613629127 vs. 2.8267426932494715
6.378382784323462 vs. 0.0
6.950647613629127 vs. 0.0
6.664261435646007 vs. 0.0
6.85596827651233 vs. 0.0
6.664261435646007 vs. 0.0
6.664261435646007 vs. 0.0
6.950647613629127 vs. 0.0
7.237508653036841 vs. 0.0
6.950647613629127 vs. 0.0
6.664261435646007 vs. 0.0
6.664261435646007 vs. 0.0
6.950647613629127 vs. 0.0
6.378382784323462 vs. 0.0
6.305454970542936 vs. 0.0
6.031382688614232 vs. 0.0
7.812539448162381 vs. 0.0
6.093047777746866 vs. 0.0
6.378382784323462 vs. 0.0
6.950647613629127 vs. 0.0
6.031382688614232 vs. 0.0
6.950647613629127 vs. 3.3222026871959405
6.950647613629127 vs. 0.0
6.85596827651233 vs. 0.0
6.378382784323462 vs. 0.0
6.664261435646007 vs. 0.0
6.093047777746866 vs. 0.0
6.950647613629127 vs. 0.0
6.950647613629127 vs. 0.0
6.950647613629127 vs. 0.0
6.378382784323462 vs. 0.0
6.664261435646007 vs. 0.0
6.664261435646007 vs. 0.0
6.950647613629127 vs. 0.0
6.950647613629127 vs. 0.0
6.950647613629127 vs. 0.0
6.950647613629127 vs. 0.0
6.950647613629127 vs. 0.0
6.950647613629127 vs. 0.0
6.664261435646007 vs. 0.0
6.664261435646007 vs. 0.0
6.378382784323462 vs. 0.0
6.664261435646007 vs. 0.0
6.093047777746866 vs. 0.0
6.378382784323462 vs. 0.0
6.664261435646007 vs. 0.0
6.950647613629127 vs. 0.0
6.950647613629127 vs. 3.0734132287964897
7.524814919292353 vs. 0.0
6.378382784323462 vs. 0.0
6.031382688614232 vs. 0.0
6.85596827651233 vs. 0.0
6.950647613629127 vs. 0.0
6.378382784323462 vs. 0.0
6.378382784323462 vs. 2.582361511330149
6.664261435646007 vs. 0.0
6.950647613629127 vs. 0.0
6.664261435646007 vs. 0.0
5730 : chr6 : 7.812539448162381 vs. chr35 : 7.237508653036841 (not joined)
6.950647613629127 vs. 3.0734132287964897
6.950647613629127 vs. 0.0
6.950647613629127 vs. 0.0
6.664261435646007 vs. 0.0
6.664261435646007 vs. 0.0
6.85596827651233 vs. 0.0
7.524814919292353 vs. 0.0
6.664261435646007 vs. 2.8267426932494715
6.950647613629127 vs. 0.0
7.524814919292353 vs. 0.0
6.664261435646007 vs. 0.0
6.664261435646007 vs. 0.0
7.237508653036841 vs. 0.0
6.950647613629127 vs. 0.0
5859 : chr6 : 6.950647613629127 vs. chr35 : 6.950647613629127 (not joined)
7.524814919292353 vs. 0.0
6.950647613629127 vs. 0.0
6.950647613629127 vs. 0.0
6.950647613629127 vs. 0.0
6.093047777746866 vs. 0.0
6.950647613629127 vs. 0.0
7.237508653036841 vs. 0.0
6.950647613629127 vs. 0.0
6.093047777746866 vs. 0.0
6.093047777746866 vs. 0.0
7.237508653036841 vs. 0.0
6.378382784323462 vs. 0.0
6.950647613629127 vs. 0.0
6.85596827651233 vs. 0.0
6.950647613629127 vs. 0.0
6.664261435646007 vs. 0.0
6.031382688614232 vs. 0.0
5999 : chr6 : 6.950647613629127 vs. chr35 : 6.664261435646007 (not joined)
6.664261435646007 vs. 0.0
6.378382784323462 vs. 0.0
7.237508653036841 vs. 0.0
6.950647613629127 vs. 0.0
6.950647613629127 vs. 3.5729579403885614
6.664261435646007 vs. 0.0
6.664261435646007 vs. 0.0
6.950647613629127 vs. 0.0
6.378382784323462 vs. 0.0
8.100657636890398 vs. 0.0
7.524814919292353 vs. 3.3222026871959405
6.950647613629127 vs. 0.0
6.664261435646007 vs. 0.0
6.031382688614232 vs. 0.0
7.237508653036841 vs. 0.0
7.237508653036841 vs. 0.0
6.664261435646007 vs. 0.0
6.378382784323462 vs. 0.0
6.378382784323462 vs. 0.0
6.378382784323462 vs. 3.5729579403885614
7.237508653036841 vs. 0.0
6.950647613629127 vs. 0.0
6.031382688614232 vs. 0.0
6.664261435646007 vs. 0.0
6.378382784323462 vs. 0.0
6.950647613629127 vs. 4.079827535816964
6.664261435646007 vs. 0.0
6.378382784323462 vs. 0.0
6.580332247358362 vs. 0.0
7.237508653036841 vs. 0.0
7.237508653036841 vs. 0.0
8.3891469783143 vs. 0.0
6.664261435646007 vs. 0.0
6.950647613629127 vs. 0.0
7.237508653036841 vs. 0.0
6.664261435646007 vs. 0.0
6.031382688614232 vs. 0.0
6.950647613629127 vs. 0.0
7.524814919292353 vs. 0.0
6.950647613629127 vs. 0.0
7.237508653036841 vs. 0.0
6.950647613629127 vs. 3.0734132287964897
6.664261435646007 vs. 0.0
6.093047777746866 vs. 0.0
6.950647613629127 vs. 0.0
6.664261435646007 vs. 0.0
6.950647613629127 vs. 0.0
6.950647613629127 vs. 0.0
6.664261435646007 vs. 0.0
6.950647613629127 vs. 0.0
6.664261435646007 vs. 0.0
7.812539448162381 vs. 0.0
6.093047777746866 vs. 0.0
6.378382784323462 vs. 0.0
7.524814919292353 vs. 0.0
6.378382784323462 vs. 0.0
6.950647613629127 vs. 0.0
6.378382784323462 vs. 0.0
6.031382688614232 vs. 0.0
6.950647613629127 vs. 0.0
7.237508653036841 vs. 0.0
7.812539448162381 vs. 0.0
6.031382688614232 vs. 0.0
7.237508653036841 vs. 0.0
6.664261435646007 vs. 0.0
6.664261435646007 vs. 0.0
6.031382688614232 vs. 0.0
6.664261435646007 vs. 0.0
6.950647613629127 vs. 0.0
6.950647613629127 vs. 0.0
6.664261435646007 vs. 0.0
6.378382784323462 vs. 0.0
7.524814919292353 vs. 0.0
6.950647613629127 vs. 0.0
6.378382784323462 vs. 0.0
6.093047777746866 vs. 0.0
6.664261435646007 vs. 3.5729579403885614
6.378382784323462 vs. 0.0
6.664261435646007 vs. 0.0
6.950647613629127 vs. 0.0
6.305454970542936 vs. 0.0
6.950647613629127 vs. 0.0
7.524814919292353 vs. 0.0
6.950647613629127 vs. 0.0
6.305454970542936 vs. 0.0
6.093047777746866 vs. 0.0
6.664261435646007 vs. 3.3222026871959405
6.378382784323462 vs. 0.0
6.950647613629127 vs. 0.0
6525 : chr15 : 6.378382784323462 vs. chr40 : 6.378382784323462 (not joined)
7.524814919292353 vs. 4.079827535816964
6.664261435646007 vs. 0.0
7.237508653036841 vs. 0.0
6.378382784323462 vs. 0.0
7.237508653036841 vs. 0.0
6.093047777746866 vs. 0.0
6.664261435646007 vs. 0.0
6.950647613629127 vs. 0.0
6.664261435646007 vs. 0.0
6.378382784323462 vs. 4.9442306187986755
6.378382784323462 vs. 0.0
7.237508653036841 vs. 3.0734132287964897
6.031382688614232 vs. 0.0
6.664261435646007 vs. 0.0
6.950647613629127 vs. 0.0
7.237508653036841 vs. 0.0
6.093047777746866 vs. 0.0
6.664261435646007 vs. 2.8267426932494715
6.664261435646007 vs. 0.0
7.237508653036841 vs. 0.0
7.237508653036841 vs. 0.0
6.664261435646007 vs. 3.5729579403885614
6.950647613629127 vs. 0.0
6.950647613629127 vs. 0.0
6.378382784323462 vs. 0.0
7.237508653036841 vs. 0.0
6.031382688614232 vs. 0.0
6.950647613629127 vs. 3.8255410666115806
6.950647613629127 vs. 0.0
6.305454970542936 vs. 0.0
6.950647613629127 vs. 0.0
6804 : chr9 : 8.3891469783143 vs. chr38 : 8.100657636890398 (not joined)
6805 : chr9 : 6.664261435646007 vs. chr38 : 6.664261435646007 (not joined)
6.093047777746866 vs. 0.0
6.664261435646007 vs. 0.0
6.093047777746866 vs. 0.0
6.580332247358362 vs. 0.0
6.163837697179339 vs. 0.0
6.093047777746866 vs. 0.0
6883 : chr6 : 7.812539448162381 vs. chr35 : 7.524814919292353 (not joined)
6.093047777746866 vs. 0.0
6.093047777746866 vs. 0.0
6.031382688614232 vs. 0.0
7.524814919292353 vs. 0.0
7.524814919292353 vs. 0.0
6.378382784323462 vs. 0.0
6920 : chr6 : 6.664261435646007 vs. chr35 : 6.093047777746866 (not joined)
6.305454970542936 vs. 0.0
6.85596827651233 vs. 0.0
6.664261435646007 vs. 0.0
7.237508653036841 vs. 0.0
6.378382784323462 vs. 0.0
6.664261435646007 vs. 0.0
6.378382784323462 vs. 0.0
7.812539448162381 vs. 0.0
6.378382784323462 vs. 0.0
6.950647613629127 vs. 0.0
6.580332247358362 vs. 0.0
6.950647613629127 vs. 0.0
6.664261435646007 vs. 0.0
6.093047777746866 vs. 0.0
6.378382784323462 vs. 0.0
7110 : chr9 : 6.378382784323462 vs. chr38 : 6.378382784323462 (not joined)
6.950647613629127 vs. 0.0
6.950647613629127 vs. 0.0
7.237508653036841 vs. 0.0
6.378382784323462 vs. 0.0
6.580332247358362 vs. 0.0
7136 : chr9 : 6.378382784323462 vs. chr38 : 6.093047777746866 (not joined)
6.950647613629127 vs. 0.0
6.950647613629127 vs. 0.0
6.664261435646007 vs. 0.0
6.950647613629127 vs. 0.0
7.524814919292353 vs. 0.0
6.664261435646007 vs. 0.0
6.378382784323462 vs. 3.3222026871959405
6.950647613629127 vs. 0.0
6.950647613629127 vs. 0.0
6.093047777746866 vs. 0.0
6.950647613629127 vs. 0.0
6.378382784323462 vs. 0.0
6.378382784323462 vs. 0.0
6.305454970542936 vs. 0.0
6.950647613629127 vs. 0.0
7.237508653036841 vs. 0.0
6.378382784323462 vs. 0.0
6.950647613629127 vs. 0.0
6.305454970542936 vs. 0.0
6.950647613629127 vs. 0.0
6.580332247358362 vs. 0.0
7.524814919292353 vs. 0.0
6.031382688614232 vs. 3.8255410666115806
8.677986831062242 vs. 0.0
6.305454970542936 vs. 0.0
6.950647613629127 vs. 2.582361511330149
6.950647613629127 vs. 0.0
6.378382784323462 vs. 0.0
6.664261435646007 vs. 0.0
6.305454970542936 vs. 0.0
6.950647613629127 vs. 0.0
6.950647613629127 vs. 0.0
6.580332247358362 vs. 4.079827535816964
6.031382688614232 vs. 0.0
6.85596827651233 vs. 0.0
6.950647613629127 vs. 0.0
6.950647613629127 vs. 0.0
6.378382784323462 vs. 0.0
6.093047777746866 vs. 0.0
6.950647613629127 vs. 0.0
6.950647613629127 vs. 0.0
6.580332247358362 vs. 0.0
7.237508653036841 vs. 0.0
7.524814919292353 vs. 0.0
7.237508653036841 vs. 0.0
6.664261435646007 vs. 0.0
6.664261435646007 vs. 0.0
6.664261435646007 vs. 0.0
6.664261435646007 vs. 0.0
6.093047777746866 vs. 0.0
7.812539448162381 vs. 0.0
6.031382688614232 vs. 0.0
7.524814919292353 vs. 0.0
7607 : chr6 : 7.524814919292353 vs. chr35 : 7.524814919292353 (not joined)
6.950647613629127 vs. 0.0
6.031382688614232 vs. 0.0
6.950647613629127 vs. 3.5729579403885614
6.378382784323462 vs. 0.0
6.950647613629127 vs. 0.0
7.524814919292353 vs. 0.0
6.093047777746866 vs. 0.0
6.950647613629127 vs. 0.0
6.378382784323462 vs. 3.8255410666115806
6.85596827651233 vs. 0.0
6.950647613629127 vs. 0.0
6.031382688614232 vs. 0.0
6.950647613629127 vs. 0.0
6.664261435646007 vs. 0.0
6.950647613629127 vs. 0.0
6.950647613629127 vs. 0.0
7.237508653036841 vs. 0.0
6.580332247358362 vs. 0.0
7.237508653036841 vs. 0.0
7.237508653036841 vs. 0.0
7.237508653036841 vs. 0.0
6.664261435646007 vs. 0.0
6.664261435646007 vs. 0.0
6.664261435646007 vs. 0.0
6.950647613629127 vs. 0.0
6.950647613629127 vs. 0.0
7.524814919292353 vs. 0.0
6.580332247358362 vs. 0.0
6.378382784323462 vs. 0.0
6.580332247358362 vs. 4.851830913609798
6.093047777746866 vs. 0.0
6.664261435646007 vs. 0.0
7.237508653036841 vs. 0.0
7839 : chr8 : 7.524814919292353 vs. chr39 : 7.237508653036841 (not joined)
6.950647613629127 vs. 2.582361511330149
6.950647613629127 vs. 0.0
6.950647613629127 vs. 0.0
6.031382688614232 vs. 0.0
6.031382688614232 vs. 0.0
6.950647613629127 vs. 0.0
6.950647613629127 vs. 0.0
6.580332247358362 vs. 0.0
7.237508653036841 vs. 0.0
6.664261435646007 vs. 0.0
6.950647613629127 vs. 0.0
6.950647613629127 vs. 0.0
7.409350364429441 vs. 0.0
6.093047777746866 vs. 0.0
6.378382784323462 vs. 0.0
6.378382784323462 vs. 4.9442306187986755
6.580332247358362 vs. 0.0
6.950647613629127 vs. 0.0
7.524814919292353 vs. 0.0
6.664261435646007 vs. 0.0
6.305454970542936 vs. 0.0
6.664261435646007 vs. 0.0
6.378382784323462 vs. 0.0
6.664261435646007 vs. 0.0
6.950647613629127 vs. 0.0
6.378382784323462 vs. 0.0
6.305454970542936 vs. 0.0
6.093047777746866 vs. 0.0
6.093047777746866 vs. 0.0
6.378382784323462 vs. 0.0
6.950647613629127 vs. 0.0
6.305454970542936 vs. 0.0
6.664261435646007 vs. 0.0
6.031382688614232 vs. 0.0
6.031382688614232 vs. 0.0
6.950647613629127 vs. 0.0
6.305454970542936 vs. 0.0
6.664261435646007 vs. 0.0
6.664261435646007 vs. 3.5729579403885614
6.305454970542936 vs. 0.0
6.664261435646007 vs. 0.0
6.378382784323462 vs. 0.0
7.524814919292353 vs. 0.0
6.950647613629127 vs. 0.0
6.664261435646007 vs. 0.0
6.950647613629127 vs. 0.0
6.093047777746866 vs. 0.0
6.950647613629127 vs. 0.0
6.950647613629127 vs. 0.0
7.132320645199556 vs. 0.0
6.664261435646007 vs. 2.582361511330149
6.950647613629127 vs. 0.0
6.950647613629127 vs. 0.0
8289 : chr6 : 8.3891469783143 vs. chr35 : 6.031382688614232 (not joined)
6.093047777746866 vs. 3.5729579403885614
6.580332247358362 vs. 0.0
6.664261435646007 vs. 0.0
6.031382688614232 vs. 0.0
6.950647613629127 vs. 0.0
6.031382688614232 vs. 0.0
6.950647613629127 vs. 2.8267426932494715
8.100657636890398 vs. 0.0
6.950647613629127 vs. 0.0
6.031382688614232 vs. 3.5729579403885614
6.031382688614232 vs. 0.0
6.378382784323462 vs. 0.0
6.950647613629127 vs. 0.0
6.950647613629127 vs. 0.0
6.378382784323462 vs. 0.0
6.378382784323462 vs. 0.0
7.237508653036841 vs. 0.0
6.305454970542936 vs. 3.5729579403885614
6.664261435646007 vs. 0.0
6.950647613629127 vs. 0.0
6.950647613629127 vs. 0.0
6.378382784323462 vs. 0.0
6.950647613629127 vs. 2.8267426932494715
6.950647613629127 vs. 0.0
6.664261435646007 vs. 4.9442306187986755
6.093047777746866 vs. 0.0
6.950647613629127 vs. 0.0
6.950647613629127 vs. 0.0
6.950647613629127 vs. 0.0
6.950647613629127 vs. 0.0
6.664261435646007 vs. 0.0
6.305454970542936 vs. 0.0
6.031382688614232 vs. 0.0
6.664261435646007 vs. 0.0
6.093047777746866 vs. 0.0
6.163837697179339 vs. 0.0
7.237508653036841 vs. 0.0
6.950647613629127 vs. 0.0
6.664261435646007 vs. 0.0
6.664261435646007 vs. 0.0
7.409350364429441 vs. 0.0
6.664261435646007 vs. 0.0
6.093047777746866 vs. 0.0
6.093047777746866 vs. 0.0
6.664261435646007 vs. 2.8267426932494715
6.664261435646007 vs. 0.0
6.031382688614232 vs. 0.0
6.664261435646007 vs. 0.0
6.664261435646007 vs. 0.0
8672 : chr6 : 6.950647613629127 vs. chr35 : 6.305454970542936 (not joined)
6.378382784323462 vs. 0.0
6.950647613629127 vs. 0.0
6.950647613629127 vs. 0.0
7.237508653036841 vs. 0.0
7.812539448162381 vs. 0.0
6.664261435646007 vs. 0.0
7.524814919292353 vs. 0.0
7.237508653036841 vs. 0.0
6.664261435646007 vs. 0.0
6.031382688614232 vs. 0.0
6.664261435646007 vs. 0.0
6.950647613629127 vs. 0.0
6.950647613629127 vs. 0.0
6.378382784323462 vs. 4.9442306187986755
6.950647613629127 vs. 0.0
6.031382688614232 vs. 0.0
6.305454970542936 vs. 0.0
6.378382784323462 vs. 0.0
6.093047777746866 vs. 0.0
7.237508653036841 vs. 3.0734132287964897
6.664261435646007 vs. 0.0
7.237508653036841 vs. 0.0
6.031382688614232 vs. 0.0
6.031382688614232 vs. 0.0
6.093047777746866 vs. 0.0
6.950647613629127 vs. 0.0
6.580332247358362 vs. 0.0
6.950647613629127 vs. 0.0
7.524814919292353 vs. 0.0
6.378382784323462 vs. 0.0
6.664261435646007 vs. 0.0
6.664261435646007 vs. 3.8255410666115806
6.664261435646007 vs. 0.0
6.950647613629127 vs. 0.0
6.950647613629127 vs. 0.0
6.950647613629127 vs. 0.0
6.093047777746866 vs. 0.0
7.812539448162381 vs. 0.0
6.664261435646007 vs. 0.0
7.237508653036841 vs. 0.0
6.950647613629127 vs. 0.0
6.950647613629127 vs. 0.0
6.093047777746866 vs. 0.0
6.664261435646007 vs. 0.0
6.378382784323462 vs. 0.0
6.664261435646007 vs. 0.0
6.950647613629127 vs. 0.0
6.664261435646007 vs. 3.8255410666115806
6.093047777746866 vs. 0.0
6.950647613629127 vs. 0.0
6.580332247358362 vs. 0.0
6.580332247358362 vs. 0.0
6.378382784323462 vs. 0.0
7.524814919292353 vs. 0.0
6.093047777746866 vs. 0.0
6.305454970542936 vs. 0.0
6.031382688614232 vs. 0.0
6.664261435646007 vs. 4.354506309163542
6.378382784323462 vs. 0.0
6.093047777746866 vs. 0.0
9250 : chr6 : 6.85596827651233 vs. chr35 : 6.580332247358362 (not joined)
6.664261435646007 vs. 0.0
6.031382688614232 vs. 0.0
6.378382784323462 vs. 0.0
6.664261435646007 vs. 0.0
6.093047777746866 vs. 0.0
6.031382688614232 vs. 0.0
7.524814919292353 vs. 0.0
6.031382688614232 vs. 0.0
6.305454970542936 vs. 0.0
6.664261435646007 vs. 0.0
6.093047777746866 vs. 0.0
7.237508653036841 vs. 0.0
6.093047777746866 vs. 0.0
6.664261435646007 vs. 0.0
6.093047777746866 vs. 0.0
6.950647613629127 vs. 0.0
6.664261435646007 vs. 0.0
6.664261435646007 vs. 3.8255410666115806
6.378382784323462 vs. 0.0
6.950647613629127 vs. 0.0
6.950647613629127 vs. 0.0
6.950647613629127 vs. 0.0
6.031382688614232 vs. 0.0
6.163837697179339 vs. 0.0
6.305454970542936 vs. 0.0
7.524814919292353 vs. 0.0
6.305454970542936 vs. 0.0
7.237508653036841 vs. 0.0
6.950647613629127 vs. 0.0
6.031382688614232 vs. 0.0
7.812539448162381 vs. 0.0
6.305454970542936 vs. 0.0
6.378382784323462 vs. 2.582361511330149
6.664261435646007 vs. 0.0
6.950647613629127 vs. 0.0
7.237508653036841 vs. 0.0
7.237508653036841 vs. 0.0
6.664261435646007 vs. 0.0
6.093047777746866 vs. 0.0
6.378382784323462 vs. 0.0
6.580332247358362 vs. 0.0
8.677986831062242 vs. 0.0
7.237508653036841 vs. 0.0
6.664261435646007 vs. 0.0
6.664261435646007 vs. 0.0
6.378382784323462 vs. 0.0
6.378382784323462 vs. 0.0
7.524814919292353 vs. 0.0
6.950647613629127 vs. 0.0
6.093047777746866 vs. 0.0
6.031382688614232 vs. 0.0
6.950647613629127 vs. 0.0
6.305454970542936 vs. 0.0
7.237508653036841 vs. 0.0
6.378382784323462 vs. 0.0
7.237508653036841 vs. 0.0
6.950647613629127 vs. 0.0
6.950647613629127 vs. 0.0
7.524814919292353 vs. 0.0
7.237508653036841 vs. 0.0
6.950647613629127 vs. 0.0
6.664261435646007 vs. 0.0
6.950647613629127 vs. 0.0
7.524814919292353 vs. 0.0
7.237508653036841 vs. 0.0
6.378382784323462 vs. 0.0
6.85596827651233 vs. 0.0
6.093047777746866 vs. 0.0
6.093047777746866 vs. 0.0
6.305454970542936 vs. 0.0
7.524814919292353 vs. 4.593070097082085
6.664261435646007 vs. 0.0
6.950647613629127 vs. 0.0
6.378382784323462 vs. 0.0
6.950647613629127 vs. 0.0
7.812539448162381 vs. 0.0
6.093047777746866 vs. 0.0
6.950647613629127 vs. 0.0
6.950647613629127 vs. 0.0
6.950647613629127 vs. 3.3222026871959405
7.237508653036841 vs. 0.0
7.237508653036841 vs. 0.0
6.664261435646007 vs. 0.0
6.664261435646007 vs. 0.0
6.950647613629127 vs. 0.0
6.093047777746866 vs. 0.0
6.093047777746866 vs. 0.0
7.524814919292353 vs. 0.0
6.093047777746866 vs. 0.0
6.950647613629127 vs. 0.0
6.950647613629127 vs. 0.0
6.163837697179339 vs. 0.0
6.950647613629127 vs. 0.0
6.305454970542936 vs. 0.0
6.093047777746866 vs. 0.0
6.093047777746866 vs. 2.582361511330149
6.580332247358362 vs. 0.0
6.378382784323462 vs. 2.8267426932494715
9987 : chr6 : 7.524814919292353 vs. chr35 : 7.524814919292353 (not joined)
6.664261435646007 vs. 0.0
6.031382688614232 vs. 0.0
6.950647613629127 vs. 0.0
6.950647613629127 vs. 0.0
7.524814919292353 vs. 0.0
6.664261435646007 vs. 0.0
6.093047777746866 vs. 0.0
6.664261435646007 vs. 0.0
7.237508653036841 vs. 0.0
6.378382784323462 vs. 0.0
6.950647613629127 vs. 0.0
7.237508653036841 vs. 0.0
6.580332247358362 vs. 0.0
6.950647613629127 vs. 0.0
6.950647613629127 vs. 0.0
6.031382688614232 vs. 0.0
6.664261435646007 vs. 0.0
6.950647613629127 vs. 0.0
6.378382784323462 vs. 0.0
6.950647613629127 vs. 0.0
6.950647613629127 vs. 0.0
6.664261435646007 vs. 0.0
6.093047777746866 vs. 0.0
6.093047777746866 vs. 0.0
7.524814919292353 vs. 0.0
6.950647613629127 vs. 0.0
6.580332247358362 vs. 0.0
6.950647613629127 vs. 0.0
6.664261435646007 vs. 0.0
7.237508653036841 vs. 0.0
6.950647613629127 vs. 0.0
6.093047777746866 vs. 0.0
6.378382784323462 vs. 0.0
6.950647613629127 vs. 0.0
6.378382784323462 vs. 5.808296483820455
6.305454970542936 vs. 0.0
6.950647613629127 vs. 0.0
6.378382784323462 vs. 0.0
6.093047777746866 vs. 0.0
6.305454970542936 vs. 0.0
6.664261435646007 vs. 0.0
7.237508653036841 vs. 0.0
6.950647613629127 vs. 0.0
8.100657636890398 vs. 0.0
6.950647613629127 vs. 0.0
6.950647613629127 vs. 2.582361511330149
6.950647613629127 vs. 0.0
6.950647613629127 vs. 0.0
6.950647613629127 vs. 2.8267426932494715
6.093047777746866 vs. 0.0
6.950647613629127 vs. 0.0
6.378382784323462 vs. 0.0
6.950647613629127 vs. 0.0
6.093047777746866 vs. 0.0
6.093047777746866 vs. 0.0
6.950647613629127 vs. 0.0
10434 : chr9 : 6.950647613629127 vs. chr38 : 6.664261435646007 (not joined)
7.237508653036841 vs. 0.0
6.664261435646007 vs. 3.5729579403885614
6.664261435646007 vs. 0.0
6.305454970542936 vs. 0.0
7.237508653036841 vs. 0.0
6.950647613629127 vs. 0.0
6.950647613629127 vs. 0.0
6.950647613629127 vs. 0.0
6.664261435646007 vs. 0.0
7.812539448162381 vs. 0.0
6.580332247358362 vs. 0.0
6.378382784323462 vs. 0.0
6.378382784323462 vs. 2.8267426932494715
6.664261435646007 vs. 0.0
6.950647613629127 vs. 0.0
6.950647613629127 vs. 3.3222026871959405
6.093047777746866 vs. 0.0
6.378382784323462 vs. 0.0
6.664261435646007 vs. 0.0
6.664261435646007 vs. 3.0734132287964897
6.950647613629127 vs. 0.0
6.031382688614232 vs. 0.0
6.950647613629127 vs. 0.0
6.093047777746866 vs. 0.0
6.664261435646007 vs. 0.0
7.524814919292353 vs. 0.0
6.378382784323462 vs. 0.0
6.664261435646007 vs. 0.0
6.950647613629127 vs. 0.0
6.093047777746866 vs. 2.8267426932494715
6.378382784323462 vs. 2.8267426932494715
6.950647613629127 vs. 0.0
6.950647613629127 vs. 0.0
6.378382784323462 vs. 0.0
6.950647613629127 vs. 0.0
6.031382688614232 vs. 0.0
6.950647613629127 vs. 0.0
6.950647613629127 vs. 0.0
6.664261435646007 vs. 0.0
6.950647613629127 vs. 0.0
8.677986831062242 vs. 0.0
10722 : chr6 : 8.677986831062242 vs. chr35 : 8.100657636890398 (not joined)
6.093047777746866 vs. 2.8267426932494715
6.950647613629127 vs. 0.0
6.305454970542936 vs. 0.0
6.950647613629127 vs. 0.0
6.950647613629127 vs. 0.0
6.378382784323462 vs. 0.0
6.950647613629127 vs. 0.0
6.664261435646007 vs. 0.0
6.031382688614232 vs. 4.851830913609798
6.950647613629127 vs. 0.0
6.950647613629127 vs. 0.0
6.950647613629127 vs. 0.0
6.664261435646007 vs. 0.0
6.950647613629127 vs. 0.0
7.237508653036841 vs. 5.485860097875672
6.664261435646007 vs. 0.0
6.950647613629127 vs. 0.0
6.950647613629127 vs. 4.079827535816964
6.664261435646007 vs. 2.8267426932494715
6.664261435646007 vs. 0.0
6.664261435646007 vs. 0.0
6.378382784323462 vs. 0.0
6.664261435646007 vs. 0.0
6.378382784323462 vs. 0.0
7.237508653036841 vs. 0.0
7.237508653036841 vs. 0.0
10876 : chr6 : 6.950647613629127 vs. chr35 : 6.305454970542936 (not joined)
6.031382688614232 vs. 0.0
6.378382784323462 vs. 0.0
6.664261435646007 vs. 3.0734132287964897
7.237508653036841 vs. 0.0
6.950647613629127 vs. 0.0
6.580332247358362 vs. 0.0
6.950647613629127 vs. 0.0
6.378382784323462 vs. 0.0
10918 : chr6 : 8.100657636890398 vs. chr35 : 7.812539448162381 (not joined)
6.664261435646007 vs. 2.582361511330149
7.524814919292353 vs. 0.0
7.409350364429441 vs. 0.0
6.305454970542936 vs. 0.0
6.664261435646007 vs. 2.8267426932494715
6.580332247358362 vs. 0.0
6.580332247358362 vs. 5.111902293203713
7.524814919292353 vs. 0.0
6.093047777746866 vs. 0.0
6.950647613629127 vs. 0.0
6.031382688614232 vs. 0.0
6.378382784323462 vs. 0.0
6.950647613629127 vs. 0.0
6.664261435646007 vs. 0.0
6.950647613629127 vs. 0.0
6.378382784323462 vs. 0.0
6.378382784323462 vs. 0.0
6.378382784323462 vs. 0.0
6.950647613629127 vs. 0.0
6.378382784323462 vs. 0.0
6.378382784323462 vs. 0.0
6.664261435646007 vs. 0.0
6.378382784323462 vs. 0.0
7.812539448162381 vs. 0.0
7.237508653036841 vs. 5.758165940256667
6.664261435646007 vs. 0.0
6.378382784323462 vs. 0.0
6.664261435646007 vs. 3.3222026871959405
6.093047777746866 vs. 0.0
11093 : chr9 : 7.812539448162381 vs. chr38 : 7.524814919292353 (not joined)
6.664261435646007 vs. 0.0
6.85596827651233 vs. 0.0
6.950647613629127 vs. 0.0
6.031382688614232 vs. 0.0
6.378382784323462 vs. 0.0
6.950647613629127 vs. 0.0
6.093047777746866 vs. 5.808296483820455
6.950647613629127 vs. 0.0
6.093047777746866 vs. 0.0
6.950647613629127 vs. 0.0
6.664261435646007 vs. 2.582361511330149
7.237508653036841 vs. 0.0
6.031382688614232 vs. 0.0
7.237508653036841 vs. 0.0
6.950647613629127 vs. 0.0
7.237508653036841 vs. 0.0
7.524814919292353 vs. 0.0
7.237508653036841 vs. 0.0
6.950647613629127 vs. 0.0
7.237508653036841 vs. 2.8267426932494715
6.950647613629127 vs. 0.0
7.524814919292353 vs. 0.0
6.378382784323462 vs. 0.0
8.3891469783143 vs. 0.0
6.031382688614232 vs. 0.0
6.378382784323462 vs. 0.0
6.950647613629127 vs. 0.0
6.664261435646007 vs. 0.0
6.664261435646007 vs. 0.0
6.031382688614232 vs. 0.0
6.950647613629127 vs. 0.0
11318 : chr38 : 6.664261435646007 vs. chr9 : 6.093047777746866 (not joined)
6.664261435646007 vs. 0.0
6.950647613629127 vs. 4.335704634601774
6.093047777746866 vs. 0.0
6.664261435646007 vs. 0.0
8.677986831062242 vs. 0.0
6.950647613629127 vs. 0.0
6.664261435646007 vs. 0.0
6.664261435646007 vs. 0.0
6.950647613629127 vs. 0.0
6.378382784323462 vs. 0.0
6.093047777746866 vs. 0.0
6.664261435646007 vs. 0.0
6.378382784323462 vs. 2.8267426932494715
6.664261435646007 vs. 0.0
6.950647613629127 vs. 0.0
6.093047777746866 vs. 3.0734132287964897
7.237508653036841 vs. 4.335704634601774
7.812539448162381 vs. 0.0
6.950647613629127 vs. 3.8255410666115806
6.305454970542936 vs. 0.0
6.378382784323462 vs. 0.0
6.378382784323462 vs. 0.0
6.378382784323462 vs. 0.0
7.237508653036841 vs. 0.0
6.950647613629127 vs. 0.0
6.950647613629127 vs. 0.0
6.093047777746866 vs. 0.0
7.237508653036841 vs. 0.0
7.524814919292353 vs. 0.0
6.664261435646007 vs. 0.0
6.031382688614232 vs. 0.0
6.031382688614232 vs. 0.0
11502 : chr6 : 6.664261435646007 vs. chr35 : 6.664261435646007 (not joined)
7.237508653036841 vs. 0.0
7.132320645199556 vs. 0.0
6.093047777746866 vs. 0.0
6.950647613629127 vs. 0.0
6.378382784323462 vs. 0.0
6.950647613629127 vs. 0.0
6.378382784323462 vs. 0.0
6.378382784323462 vs. 0.0
6.664261435646007 vs. 0.0
6.378382784323462 vs. 0.0
6.950647613629127 vs. 0.0
6.950647613629127 vs. 0.0
7.237508653036841 vs. 0.0
6.378382784323462 vs. 0.0
6.950647613629127 vs. 0.0
6.378382784323462 vs. 0.0
6.950647613629127 vs. 0.0
6.031382688614232 vs. 0.0
6.950647613629127 vs. 0.0
6.950647613629127 vs. 0.0
6.664261435646007 vs. 0.0
6.031382688614232 vs. 0.0
6.378382784323462 vs. 0.0
6.093047777746866 vs. 0.0
6.031382688614232 vs. 0.0
6.093047777746866 vs. 0.0
6.950647613629127 vs. 0.0
6.378382784323462 vs. 0.0
6.305454970542936 vs. 0.0
6.093047777746866 vs. 0.0
6.950647613629127 vs. 0.0
7.237508653036841 vs. 0.0
6.664261435646007 vs. 2.8267426932494715
7.237508653036841 vs. 0.0
6.031382688614232 vs. 0.0
6.093047777746866 vs. 0.0
6.950647613629127 vs. 0.0
6.664261435646007 vs. 0.0
6.378382784323462 vs. 0.0
6.305454970542936 vs. 0.0
6.950647613629127 vs. 0.0
6.950647613629127 vs. 0.0
6.950647613629127 vs. 0.0
6.950647613629127 vs. 0.0
6.664261435646007 vs. 0.0
6.664261435646007 vs. 0.0
6.664261435646007 vs. 0.0
6.093047777746866 vs. 0.0
6.950647613629127 vs. 0.0
6.378382784323462 vs. 0.0
6.378382784323462 vs. 0.0
6.378382784323462 vs. 0.0
6.664261435646007 vs. 3.8255410666115806
7.237508653036841 vs. 0.0
6.950647613629127 vs. 0.0
6.950647613629127 vs. 0.0
6.950647613629127 vs. 0.0
8.3891469783143 vs. 0.0
6.664261435646007 vs. 0.0
6.950647613629127 vs. 0.0
6.950647613629127 vs. 0.0
6.031382688614232 vs. 0.0
6.950647613629127 vs. 0.0
6.580332247358362 vs. 0.0
6.378382784323462 vs. 0.0
6.950647613629127 vs. 0.0
6.664261435646007 vs. 0.0
6.093047777746866 vs. 0.0
6.950647613629127 vs. 0.0
6.664261435646007 vs. 2.8267426932494715
6.950647613629127 vs. 0.0
6.950647613629127 vs. 0.0
6.950647613629127 vs. 0.0
6.664261435646007 vs. 0.0
6.093047777746866 vs. 2.8267426932494715
6.664261435646007 vs. 0.0
6.664261435646007 vs. 0.0
6.093047777746866 vs. 0.0
7.237508653036841 vs. 0.0
6.85596827651233 vs. 0.0
6.950647613629127 vs. 0.0
6.950647613629127 vs. 0.0
6.664261435646007 vs. 0.0
7.237508653036841 vs. 0.0
6.664261435646007 vs. 0.0
6.378382784323462 vs. 0.0
7.524814919292353 vs. 0.0
6.378382784323462 vs. 0.0
6.950647613629127 vs. 0.0
6.950647613629127 vs. 0.0
6.378382784323462 vs. 0.0
6.950647613629127 vs. 0.0
6.664261435646007 vs. 0.0
6.664261435646007 vs. 0.0
6.950647613629127 vs. 0.0
6.664261435646007 vs. 3.3222026871959405
6.950647613629127 vs. 0.0
6.378382784323462 vs. 0.0
6.664261435646007 vs. 0.0
6.664261435646007 vs. 0.0
6.378382784323462 vs. 3.3222026871959405
6.664261435646007 vs. 0.0
6.664261435646007 vs. 0.0
6.664261435646007 vs. 2.8267426932494715
7.237508653036841 vs. 0.0
6.950647613629127 vs. 0.0
6.031382688614232 vs. 0.0
7.237508653036841 vs. 0.0
6.950647613629127 vs. 0.0
6.950647613629127 vs. 0.0
6.664261435646007 vs. 0.0
6.093047777746866 vs. 0.0
6.950647613629127 vs. 0.0
6.093047777746866 vs. 0.0
6.378382784323462 vs. 0.0
6.950647613629127 vs. 0.0
6.950647613629127 vs. 0.0
6.093047777746866 vs. 0.0
6.664261435646007 vs. 0.0
6.950647613629127 vs. 0.0
6.950647613629127 vs. 0.0
6.580332247358362 vs. 0.0
6.305454970542936 vs. 0.0
6.031382688614232 vs. 0.0
6.305454970542936 vs. 0.0
6.664261435646007 vs. 0.0
6.950647613629127 vs. 0.0
6.378382784323462 vs. 0.0
6.950647613629127 vs. 0.0
6.950647613629127 vs. 0.0
6.378382784323462 vs. 0.0
6.378382784323462 vs. 0.0
6.580332247358362 vs. 0.0
6.305454970542936 vs. 0.0
6.664261435646007 vs. 0.0
6.85596827651233 vs. 0.0
7.237508653036841 vs. 0.0
6.031382688614232 vs. 0.0
6.950647613629127 vs. 0.0
6.664261435646007 vs. 0.0
6.580332247358362 vs. 0.0
6.664261435646007 vs. 0.0
7.237508653036841 vs. 0.0
6.950647613629127 vs. 0.0
6.664261435646007 vs. 0.0
6.093047777746866 vs. 0.0
6.950647613629127 vs. 0.0
6.664261435646007 vs. 0.0
6.031382688614232 vs. 0.0
6.950647613629127 vs. 0.0
7.237508653036841 vs. 0.0
6.378382784323462 vs. 0.0
6.664261435646007 vs. 0.0
6.093047777746866 vs. 0.0
6.950647613629127 vs. 0.0
6.664261435646007 vs. 3.3222026871959405
6.093047777746866 vs. 0.0
7.524814919292353 vs. 0.0
6.378382784323462 vs. 0.0
6.85596827651233 vs. 0.0
6.378382784323462 vs. 0.0
6.950647613629127 vs. 0.0
6.664261435646007 vs. 0.0
6.580332247358362 vs. 0.0
6.378382784323462 vs. 0.0
6.950647613629127 vs. 0.0
6.664261435646007 vs. 0.0
6.950647613629127 vs. 0.0
Number of joined markers in chr 1 is 51
Number of joined markers in chr 2 is 59
Number of joined markers in chr 3 is 64
Number of joined markers in chr 4 is 42
Number of joined markers in chr 5 is 53
Number of joined markers in chr 6 is 87
Number of joined markers in chr 7 is 105
Number of joined markers in chr 8 is 57
Number of joined markers in chr 9 is 68
Number of joined markers in chr 10 is 57
Number of joined markers in chr 11 is 95
Number of joined markers in chr 12 is 94
Number of joined markers in chr 13 is 64
Number of joined markers in chr 14 is 47
Number of joined markers in chr 15 is 43
Number of joined markers in chr 16 is 54
Number of joined markers in chr 17 is 30
Number of joined markers in chr 18 is 43
Number of joined markers in chr 19 is 31
Number of joined markers in chr 20 is 31
Number of joined markers in chr 21 is 35
Number of joined markers in chr 22 is 55
Number of joined markers in chr 23 is 45
Number of joined markers in chr 24 is 34
Number of joined markers in chr 25 is 43
Number of joined markers in chr 26 is 22
Number of joined markers in chr 27 is 75
Number of joined markers in chr 28 is 50
Number of joined markers in chr 29 is 20
Number of joined markers in chr 30 is 20
Number of joined markers in chr 31 is 26
Number of joined markers in chr 32 is 32
Number of joined markers in chr 33 is 23
Number of joined markers in chr 34 is 21
Number of joined markers in chr 35 is 22
Number of joined markers in chr 36 is 27
Number of joined markers in chr 37 is 27
Number of joined markers in chr 38 is 0
Number of joined markers in chr 39 is 3
Number of joined markers in chr 40 is 3
Number of joined markers in chr 41 is 0
joined 1758 single markers, non-conflicting LOD score > 8.100657636890398
Number of LGs = 41, markers in LGs = 11215, singles = 1388
