0->0 : 0
0->1 : 0
0->2 : 0
       Error rate = 0.0
1->0 : 0
1->1 : 0
1->2 : 0
       Error rate = 0.0
2->0 : 0
2->1 : 0
2->2 : 0
       Error rate = 0.0
0,2->0,2 : 1336466
  0,2->1 : 0
1,2->1,2 : 0
  1,2->0 : 0
       Error rate = 0.0
Maternally informative markers = 0 (of 12151)
Paternally informative markers = 12151
Maternally or paternally informative markers = 12151
Removed 0 children
Removed 0 markers
Number of LGs = 37
***Family = fam_08 chromosome = 15 numMarkers = 277 maternal informative markers 0 (paternal informative markers 274)
***Family = fam_01 chromosome = 15 numMarkers = 277 maternal informative markers 0 (paternal informative markers 277)
***Family = fam_09 chromosome = 15 numMarkers = 277 maternal informative markers 0 (paternal informative markers 277)
277->238
238->238
All pairs
join 23 and 204 score = 0.0 sizes 1,1
join 72 and 98 score = 0.0 sizes 1,1
join 92 and 109 score = 0.0 sizes 1,1
join 23 and 92 score = 0.0 sizes 2,2
join 204 and 218 score = 0.0 sizes 4,1
join 114 and 218 score = 0.0 sizes 1,5
join 148 and 187 score = 0.0 sizes 1,1
join 81 and 203 score = 0.0 sizes 1,1
join 107 and 203 score = 0.0 sizes 1,2
join 114 and 202 score = 0.0 sizes 6,1
join 186 and 210 score = 0.0 sizes 1,1
join 81 and 186 score = 0.0 sizes 3,2
join 193 and 237 score = 0.0 sizes 1,1
join 68 and 112 score = 0.0 sizes 1,1
join 8 and 107 score = 0.0 sizes 1,5
join 185 and 237 score = 0.0 sizes 1,2
join 2 and 167 score = 0.0 sizes 1,1
join 106 and 109 score = 0.0 sizes 1,7
join 13 and 106 score = 0.0 sizes 1,8
join 34 and 191 score = 0.0 sizes 1,1
join 202 and 210 score = 0.0 sizes 9,6
join 8 and 228 score = 0.0 sizes 15,1
join 46 and 169 score = 0.0 sizes 1,1
join 155 and 236 score = 0.0 sizes 1,1
join 172 and 213 score = 0.0 sizes 1,1
join 52 and 172 score = 0.0 sizes 1,2
join 52 and 215 score = 0.0 sizes 3,1
join 85 and 208 score = 0.0 sizes 1,1
join 90 and 189 score = 0.0 sizes 1,1
join 90 and 220 score = 0.0 sizes 2,1
join 74 and 189 score = 0.0 sizes 1,3
join 13 and 220 score = 0.0 sizes 16,4
join 121 and 233 score = 0.0 sizes 1,1
join 33 and 161 score = 0.0 sizes 1,1
join 80 and 149 score = 0.0 sizes 1,1
join 64 and 67 score = 0.0 sizes 1,1
join 67 and 102 score = 0.0 sizes 2,1
join 187 and 209 score = 0.0 sizes 2,1
join 162 and 209 score = 0.0 sizes 1,3
join 119 and 148 score = 0.0 sizes 1,4
join 38 and 77 score = 0.0 sizes 1,1
join 35 and 142 score = 0.0 sizes 1,1
join 35 and 70 score = 0.0 sizes 2,1
join 149 and 230 score = 0.0 sizes 2,1
join 12 and 198 score = 0.0 sizes 1,1
join 50 and 198 score = 0.0 sizes 1,2
join 151 and 214 score = 0.0 sizes 1,1
join 19 and 142 score = 0.0 sizes 1,3
join 56 and 70 score = 0.0 sizes 1,4
join 94 and 195 score = 0.0 sizes 1,1
join 100 and 175 score = 0.0 sizes 1,1
join 175 and 227 score = 0.0 sizes 2,1
join 21 and 227 score = 0.0 sizes 1,3
join 100 and 194 score = 0.0 sizes 4,1
join 54 and 167 score = 0.0 sizes 1,2
join 54 and 221 score = 0.0 sizes 3,1
join 20 and 133 score = 0.0 sizes 1,1
join 69 and 101 score = 0.0 sizes 1,1
join 80 and 169 score = 0.0 sizes 3,2
join 74 and 230 score = 0.0 sizes 20,5
join 228 and 231 score = 0.0 sizes 25,1
join 5 and 180 score = 0.0 sizes 1,1
join 58 and 185 score = 0.0 sizes 1,3
join 137 and 193 score = 0.0 sizes 1,4
join 183 and 201 score = 0.0 sizes 1,1
join 201 and 217 score = 0.0 sizes 2,1
join 12 and 168 score = 0.0 sizes 3,1
join 151 and 215 score = 0.0 sizes 2,4
join 184 and 194 score = 0.0 sizes 1,5
join 17 and 184 score = 0.0 sizes 1,6
join 146 and 180 score = 0.0 sizes 1,2
join 146 and 211 score = 0.0 sizes 3,1
join 68 and 223 score = 0.0 sizes 2,1
join 98 and 199 score = 0.0 sizes 2,1
join 121 and 177 score = 0.0 sizes 2,1
join 95 and 128 score = 0.0 sizes 1,1
join 11 and 95 score = 0.0 sizes 1,2
join 11 and 116 score = 0.0 sizes 3,1
join 39 and 147 score = 0.0 sizes 1,1
join 39 and 233 score = 0.0 sizes 2,3
join 17 and 129 score = 0.0 sizes 7,1
join 143 and 145 score = 0.0 sizes 1,1
join 41 and 72 score = 0.0 sizes 1,3
join 118 and 231 score = 0.0 sizes 1,26
join 102 and 156 score = 0.0 sizes 3,1
join 53 and 85 score = 0.0 sizes 1,2
join 24 and 125 score = 0.0 sizes 1,1
join 18 and 232 score = 0.0 sizes 1,1
join 154 and 229 score = 0.0 sizes 1,1
join 104 and 126 score = 0.0 sizes 1,1
join 113 and 217 score = 0.0 sizes 1,3
join 6 and 139 score = 0.0 sizes 1,1
join 57 and 139 score = 0.0 sizes 1,2
join 24 and 27 score = 0.0 sizes 2,1
join 56 and 61 score = 0.0 sizes 5,1
join 31 and 161 score = 0.0 sizes 1,2
join 26 and 117 score = 0.0 sizes 1,1
join 101 and 199 score = 0.006172839506172839 sizes 2,4
join 143 and 222 score = 0.005263157894736842 sizes 2,1
join 124 and 196 score = 0.0 sizes 1,1
join 38 and 57 score = 0.00641025641025641 sizes 2,3
join 157 and 192 score = 0.0 sizes 1,1
join 108 and 192 score = 0.006578947368421052 sizes 1,2
join 108 and 216 score = 0.0 sizes 3,1
join 27 and 48 score = 0.0 sizes 3,1
join 33 and 58 score = 0.006578947368421052 sizes 3,5
join 127 and 173 score = 0.0 sizes 1,1
join 14 and 221 score = 0.006711409395973154 sizes 1,4
join 116 and 162 score = 0.006944444444444444 sizes 4,5
join 119 and 176 score = 0.0 sizes 9,1
join 83 and 133 score = 0.00641025641025641 sizes 1,2
join 5 and 64 score = 0.006666666666666667 sizes 4,4
join 2 and 94 score = 0.006369426751592357 sizes 5,2
join 118 and 126 score = 0.0072992700729927005 sizes 27,2
join 89 and 196 score = 0.0 sizes 1,2
join 46 and 150 score = 0.007518796992481203 sizes 29,1
join 84 and 235 score = 0.0 sizes 1,1
join 84 and 120 score = 0.0 sizes 2,1
join 47 and 105 score = 0.0 sizes 1,1
join 47 and 188 score = 0.0 sizes 2,1
join 97 and 226 score = 0.0 sizes 1,1
join 37 and 195 score = 0.00641025641025641 sizes 1,7
join 55 and 79 score = 0.0 sizes 1,1
join 44 and 60 score = 0.0 sizes 1,1
join 59 and 235 score = 0.0078125 sizes 1,3
join 53 and 170 score = 0.0 sizes 3,1
join 20 and 208 score = 0.00684931506849315 sizes 3,4
join 48 and 88 score = 0.0 sizes 4,1
join 55 and 110 score = 0.0 sizes 2,1
join 82 and 110 score = 0.0 sizes 1,3
join 42 and 43 score = 0.0 sizes 1,1
join 9 and 62 score = 0.0 sizes 1,1
join 62 and 141 score = 0.0 sizes 2,1
join 93 and 160 score = 0.0 sizes 1,1
join 0 and 89 score = 0.0 sizes 1,3
join 97 and 124 score = 0.0 sizes 2,4
join 226 and 234 score = 0.0 sizes 6,1
join 32 and 131 score = 0.0 sizes 1,1
All pairs
join 128 and 174 score = 0.00641025641025641 sizes 10,1
join 10 and 141 score = 0.0 sizes 1,3
join 7 and 36 score = 0.0 sizes 1,1
join 36 and 137 score = 0.006024096385542169 sizes 2,8
join 222 and 229 score = 0.010582010582010581 sizes 3,2
join 153 and 159 score = 0.0 sizes 1,1
join 93 and 234 score = 0.0 sizes 2,7
join 132 and 160 score = 0.0 sizes 1,9
join 1 and 37 score = 0.0 sizes 1,8
join 6 and 117 score = 0.007407407407407408 sizes 5,2
join 77 and 120 score = 0.005405405405405406 sizes 7,4
join 9 and 45 score = 0.0 sizes 4,1
join 29 and 197 score = 0.0 sizes 1,1
join 205 and 232 score = 0.0 sizes 1,2
join 34 and 205 score = 0.0 sizes 2,3
join 42 and 236 score = 0.0 sizes 2,2
join 147 and 171 score = 0.01098901098901099 sizes 5,1
join 122 and 178 score = 0.0 sizes 1,1
join 10 and 178 score = 0.0 sizes 5,2
join 29 and 129 score = 0.0 sizes 2,8
join 112 and 179 score = 0.012658227848101266 sizes 3,1
join 1 and 197 score = 0.0 sizes 9,10
join 40 and 152 score = 0.0 sizes 1,1
join 125 and 168 score = 0.012738853503184714 sizes 5,4
join 69 and 144 score = 0.0 sizes 6,1
join 43 and 154 score = 0.0 sizes 4,5
join 111 and 159 score = 0.0 sizes 1,2
join 158 and 181 score = 0.0 sizes 1,1
join 131 and 225 score = 0.0 sizes 2,1
join 79 and 225 score = 0.0 sizes 4,3
join 82 and 132 score = 0.0 sizes 7,10
join 157 and 182 score = 0.0 sizes 4,1
join 113 and 155 score = 0.007246376811594203 sizes 4,9
join 44 and 123 score = 0.012658227848101266 sizes 2,1
join 75 and 127 score = 0.013422818791946308 sizes 1,2
join 76 and 138 score = 0.0 sizes 1,1
join 3 and 65 score = 0.0 sizes 1,1
join 3 and 105 score = 0.0 sizes 2,3
join 188 and 219 score = 0.0 sizes 5,1
join 65 and 223 score = 0.0 sizes 6,4
join 91 and 135 score = 0.0 sizes 1,1
join 96 and 207 score = 0.0 sizes 1,1
join 28 and 130 score = 0.0 sizes 1,1
join 122 and 130 score = 0.0 sizes 7,2
join 7 and 45 score = 0.0 sizes 10,9
join 14 and 170 score = 0.012578616352201259 sizes 19,7
join 83 and 165 score = 0.0 sizes 26,1
join 30 and 165 score = 0.0 sizes 1,27
join 73 and 181 score = 0.0 sizes 1,2
join 41 and 104 score = 0.012195121951219513 sizes 7,30
join 21 and 66 score = 0.01875 sizes 28,1
join 26 and 213 score = 0.012738853503184714 sizes 11,6
join 22 and 103 score = 0.0 sizes 1,1
join 18 and 19 score = 0.019867549668874173 sizes 5,6
join 50 and 166 score = 0.018633540372670808 sizes 9,1
join 71 and 88 score = 0.0 sizes 1,10
join 71 and 182 score = 0.0 sizes 11,5
join 163 and 190 score = 0.0 sizes 1,1
join 191 and 216 score = 0.024844720496894408 sizes 11,16
join 156 and 171 score = 0.0223463687150838 sizes 8,6
join 144 and 206 score = 0.0 sizes 37,1
join 28 and 136 score = 0.0 sizes 19,1
join 31 and 75 score = 0.023809523809523808 sizes 20,3
join 99 and 140 score = 0.0 sizes 1,1
join 59 and 66 score = 0.015748031496062992 sizes 17,29
join 152 and 153 score = 0.0425531914893617 sizes 2,3
join 111 and 212 score = 0.0 sizes 5,1
join 163 and 206 score = 0.04 sizes 2,38
join 176 and 190 score = 0.0 sizes 11,40
join 123 and 179 score = 0.03225806451612903 sizes 3,10
join 200 and 219 score = 0.0 sizes 1,13
join 103 and 134 score = 0.03571428571428571 sizes 2,1
join 134 and 212 score = 0.0 sizes 3,6
join 173 and 214 score = 0.0425531914893617 sizes 23,46
join 91 and 115 score = 0.03225806451612903 sizes 2,1
join 76 and 135 score = 0.03225806451612903 sizes 2,3
join 4 and 63 score = 0.038461538461538464 sizes 1,1
join 51 and 63 score = 0.0 sizes 1,2
join 60 and 174 score = 0.0392156862745098 sizes 14,51
join 145 and 177 score = 0.0410958904109589 sizes 13,14
join 140 and 158 score = 0.047619047619047616 sizes 2,3
join 25 and 136 score = 0.037037037037037035 sizes 1,69
join 78 and 207 score = 0.07407407407407407 sizes 1,2
join 4 and 115 score = 0.07692307692307693 sizes 3,5
join 166 and 211 score = 0.08024691358024691 sizes 27,27
join 15 and 86 score = 0.034482758620689655 sizes 1,1
join 16 and 30 score = 0.06666666666666667 sizes 1,70
join 16 and 73 score = 0.06896551724137931 sizes 71,5
join 49 and 86 score = 0.038461538461538464 sizes 1,2
All pairs
join 78 and 224 score = 0.034482758620689655 sizes 3,1
join 0 and 87 score = 0.10714285714285714 sizes 17,1
join 61 and 164 score = 0.11851851851851852 sizes 54,1
join 49 and 224 score = 0.2 sizes 3,4
join 25 and 96 score = 0.1111111111111111 sizes 76,7
join 150 and 164 score = 0.18181818181818182 sizes 65,55
join 138 and 200 score = 0.14285714285714285 sizes 8,120
join 22 and 51 score = 0.23333333333333334 sizes 9,128
join 40 and 87 score = 0.0 sizes 137,18
join 32 and 99 score = 0.0 sizes 155,83
score = 2.4171600201234353
improvementE1 : -1488.0994625283338
improvementE2 : -1488.099227933979
improvementE1 : -1487.805752284995
improvementE1 : -1487.8056434154564
improvementE1 : -1455.7407338402172
improvementE3 : -1455.7407189970954
improvementE1 : -1455.7394992316279
improvementE3 : -1455.5739341949934
improvementE3 : -1454.9641693505798
improvementE1 : -1454.2555640832634
improvementE2 : -1454.2551078991905
improvementE3 : -1454.2480552495776
improvementE3 : -1454.1174315240264
improvementE3 : -1452.7746028556253
improvementE3 : -1452.7503438680942
improvementE1 : -1452.7410833977376
improvementE1 : -1452.3779687295064
improvementE2 : -1452.306103653908
improvementE3 : -1452.2978343521197
improvementE2 : -1452.2977093367267
improvementE3 : -1452.2964914643574
improvementE3 : -1451.736024081704
improvementE3 : -1451.6515830812027
improvementE2 : -1451.6510393144254
improvementE2 : -1451.6505430247219
improvementE3 : -1451.6505065409478
improvementE3 : -1450.948388569062
improvementE1 : -1450.9366651658438
improvementE2 : -1450.9363554020472
improvementE3 : -1450.9163238765395
improvementE1 : -1450.9162426156345
improvementE2 : -1450.6303153365147
improvementE2 : -1450.62053217631
improvementE1 : -1450.6190125705934
improvementE1 : -1450.6181576009435
improvementE1 : -1449.853165871913
improvementE2 : -1447.1357681442541
improvementE3 : -1444.5891077549534
improvementE1 : -1444.5890670683505
improvementE3 : -1444.5184677591024
improvementE1 : -1444.4060479792618
improvementE1 : -1420.9211685033065
improvementE3 : -1420.899295177204
improvementE1 : -1420.879451337562
improvementE2 : -1420.2314271724954
improvementE3 : -1420.231425389707
improvementE3 : -1420.2206762392193
improvementE2 : -1419.195011517494
improvementE3 : -1419.1949829719788
improvementE2 : -1419.1949809812986
improvementE1 : -1419.1949737743964
improvementE2 : -1419.1949700659914
improvementE2 : -1419.1923014657568
improvementE1 : -1419.191482769466
improvementE1 : -1418.9842275575973
improvementE1 : -1418.984132034128
improvementE3 : -1417.3976195499054
improvementE1 : -1417.3952219324906
improvementE2 : -1417.3942518703664
improvementE3 : -1417.3297603965402
improvementE1 : -1417.3285757210488
improvementE3 : -1417.1989684154719
improvementE1 : -1417.198962830712
improvementE2 : -1417.1940359296318
improvementE3 : -1416.9041554676774
improvementE1 : -1416.9041174371414
improvementE1 : -1414.4532144672917
improvementE1 : -1414.453212634403
improvementE2 : -1414.4532101874256
improvementE1 : -1414.4522637776618
improvementE3 : -1414.0922325369565
improvementE1 : -1414.0120855907953
improvementE2 : -1413.9245641345187
improvementE2 : -1383.5954965845876
improvementE3 : -1383.5954875561283
improvementE3 : -1383.5178517710272
improvementE3 : -1383.4788193403133
improvementE2 : -1383.4788117071566
improvementE2 : -1383.4787789214483
improvementE1 : -1383.4782981640506
improvementE1 : -1383.477399105448
improvementE2 : -1369.5953950889357
improvementE3 : -1369.5950199167128
improvementE3 : -1369.5930676362082
improvementE3 : -1369.5636738024928
improvementE3 : -1369.5635964029261
improvementE2 : -1369.5051196687768
improvementE1 : -1369.5044473195844
improvementE2 : -1369.5037677700782
improvementE2 : -1369.5035777538387
improvementE3 : -1369.5030966535764
improvementE1 : -1369.4918873139086
improvementE2 : -1369.4916012693034
improvementE3 : -1369.490946995772
improvementE1 : -1369.4866744853557
improvementE3 : -1369.4052924897474
improvementE1 : -1356.4204534229834
improvementE3 : -1356.419654678944
improvementE2 : -1356.4195838437522
improvementE1 : -1356.4195338814045
improvementE2 : -1356.4128019503632
improvementE3 : -1356.406826739684
improvementE3 : -1356.2572844948952
improvementE3 : -1356.2567938918826
improvementE1 : -1354.9366348984645
improvementE3 : -1352.443458806158
improvementE3 : -1352.443066209405
improvementE3 : -1339.9429186798955
improvementE3 : -1332.1749281051925
improvementE2 : -1332.1743753294977
improvementE3 : -1331.4007309986791
improvementE1 : -1331.3189004923536
improvementE3 : -1327.2838983487839
improvementE3 : -1305.7460082408834
improvementE1 : -1305.7448221784348
improvementE3 : -1305.0797304824637
improvementE3 : -1305.0780862726865
improvementE1 : -1297.4630408849594
improvementE2 : -1269.9788435438118
improvementE2 : -1269.9787691479983
improvementE1 : -1269.978748255549
improvementE1 : -1269.945079286104
improvementE2 : -1269.9279759209328
improvementE2 : -1269.9235823678875
improvementE2 : -1269.9235364041333
improvementE1 : -1269.921194110557
improvementE3 : -1269.833752542173
improvementE1 : -1269.680400540592
improvementE1 : -1269.591406365328
improvementE2 : -1267.9943136672855
improvementE3 : -1265.2269987725886
improvementE2 : -1265.1260895959313
improvementE1 : -1265.1228763016659
improvementE1 : -1265.1228608202814
improvementE1 : -1265.1215327705722
improvementE3 : -1265.1215301216125
improvementE3 : -1257.9724328366583
improvementE1 : -1257.9700276454205
improvementE3 : -1257.967443500389
improvementE1 : -1257.9636478842826
improvementE1 : -1254.799144622952
improvementE2 : -1254.7651040649275
improvementE1 : -1254.7650839290004
improvementE1 : -1254.764553854502
improvementE2 : -1254.764416447064
improvementE1 : -1254.753094289593
improvementE3 : -1247.7578328412696
improvementE3 : -1240.8755541894402
improvementE3 : -1240.811548574051
improvementE3 : -1240.811284729349
improvementE1 : -1240.8040835374627
improvementE1 : -1240.8036298180036
improvementE2 : -1240.8036104245693
improvementE3 : -1240.80130359728
improvementE2 : -1240.801176697298
improvementE1 : -1240.8009760110158
improvementE2 : -1240.8004661459656
improvementE3 : -1240.7994044163565
improvementE2 : -1240.7931357177217
improvementE3 : -1240.7930174142339
improvementE1 : -1240.792483536134
improvementE2 : -1240.6297914590818
improvementE1 : -1240.558474040667
improvementE1 : -1236.9204085725273
improvementE3 : -1236.920397438088
improvementE1 : -1236.9203729110686
improvementE3 : -1236.9203528889298
improvementE3 : -1236.9203499272844
improvementE2 : -1236.90095283153
improvementE3 : -1236.8980752469406
improvementE2 : -1236.8892157206956
improvementE1 : -1236.8892050319519
improvementE3 : -1235.9159974613501
improvementE3 : -1228.2903128574599
improvementE1 : -1228.2902923321294
improvementE1 : -1228.2474733157358
improvementE1 : -1228.2472092185583
improvementE2 : -1228.247174101275
improvementE2 : -1228.2471176337322
improvementE2 : -1228.2454038810242
improvementE2 : -1228.2446854708828
improvementE2 : -1228.2412892119428
improvementE1 : -1227.6721231105148
improvementE3 : -1227.672010145278
improvementE1 : -1227.670945101653
improvementE3 : -1225.6974069371288
improvementE1 : -1225.1101948176579
improvementE1 : -1225.1101934895937
improvementE3 : -1225.1101850328168
improvementE2 : -1225.0772851728798
improvementE2 : -1225.077265287161
improvementE3 : -1225.0771681697615
improvementE2 : -1225.0666984311856
improvementE3 : -1224.9432790588314
improvementE2 : -1224.9432727841863
improvementE1 : -1224.9432661825317
improvementE2 : -1224.9431430280174
improvementE3 : -1217.8493542693934
improvementE1 : -1217.847096374122
improvementE2 : -1216.4947556883126
improvementE3 : -1216.494741667916
improvementE1 : -1216.382060040999
improvementE1 : -1216.1989799766034
improvementE3 : -1216.1962587644107
improvementE2 : -1216.196250721894
improvementE1 : -1216.194407946045
improvementE3 : -1214.7391648339349
improvementE3 : -1214.739162179391
improvementE2 : -1214.7391576064383
improvementE1 : -1212.1451371838564
improvementE2 : -1211.9892770875636
improvementE3 : -1211.9642777861973
improvementE2 : -1211.964227951335
improvementE2 : -1211.9642152401107
improvementE1 : -1211.9642097724538
improvementE3 : -1211.8385140274966
improvementE3 : -1211.8384971938335
improvementE3 : -1211.6319497457002
improvementE2 : -1211.6177635251993
improvementE2 : -1211.6177515993556
improvementE3 : -1211.617746490664
improvementE1 : -1211.617702249794
improvementE2 : -1211.5840366407274
improvementE2 : -1211.497770385596
improvementE1 : -1211.4977642993458
improvementE3 : -1211.4907450410083
improvementE1 : -1211.4907398645046
improvementE2 : -1210.8218099535788
improvementE1 : -1210.8217931167112
improvementE2 : -1190.1787446694038
improvementE1 : -1190.178732258671
improvementE3 : -1187.8400702489341
improvementE3 : -1185.152211778444
improvementE3 : -1185.1481408133666
improvementE3 : -1185.1480062157711
improvementE2 : -1180.352971346539
improvementE2 : -1180.3529688156264
improvementE3 : -1174.9301536740159
improvementE1 : -1174.9293614803983
improvementE3 : -1174.9273459883816
improvementE3 : -1174.9273234266152
improvementE1 : -1174.924176906272
improvementE1 : -1174.9238423486454
improvementE1 : -1174.9238383417578
improvementE1 : -1174.9165147621234
improvementE2 : -1174.916500833016
improvementE1 : -1174.9164943438523
improvementE3 : -1174.7176082622204
improvementE1 : -1174.7170779910193
improvementE1 : -1174.7170005891962
improvementE1 : -1174.6088801249625
improvementE3 : -1174.6086046891305
improvementE2 : -1174.6078264533526
improvementE3 : -1131.4642276234795
improvementE1 : -1131.348919280771
improvementE1 : -1131.2260065521743
improvementE1 : -1131.2260028807689
improvementE2 : -1123.4786544568792
improvementE2 : -1123.4786514929574
improvementE3 : -1123.3720941780352
improvementE2 : -1123.340891335808
improvementE2 : -1123.3408306348633
improvementE2 : -1123.3408289701515
improvementE3 : -1123.3389635292237
improvementE3 : -1123.3371040912093
improvementE3 : -1123.3143575640245
improvementE1 : -1123.314351037973
improvementE1 : -1123.131587144275
improvementE1 : -1123.131291458482
improvementE3 : -1123.1312828936836
improvementE2 : -1123.131280598358
improvementE1 : -1122.6761921696834
improvementE1 : -1122.6740811131344
improvementE2 : -1122.6740796067345
improvementE3 : -1122.6673662635978
improvementE1 : -1122.6673352708872
improvementE3 : -1116.774706467808
improvementE2 : -1116.7726960871369
improvementE1 : -1116.7720605221507
improvementE2 : -1116.7717304255984
improvementE3 : -1116.7717194458573
improvementE1 : -1116.7643819372806
improvementE2 : -1116.759464065089
improvementE3 : -1116.759445996136
improvementE3 : -1116.7558426660894
improvementE3 : -1116.7558240592691
improvementE2 : -1116.7467387974948
improvementE2 : -1116.7467129895706
improvementE2 : -1116.743639761371
improvementE1 : -1116.7415249896746
improvementE1 : -1113.7912801580542
improvementE2 : -1110.5344983839177
improvementE3 : -1110.5339307551467
improvementE1 : -1110.5045898336052
improvementE1 : -1110.5044902904206
improvementE2 : -1110.5044876768434
improvementE3 : -1110.5044782779864
improvementE1 : -1107.4420395269458
improvementE3 : -1102.7581349641669
improvementE1 : -1102.7411036708995
improvementE1 : -1102.7237614206015
improvementE2 : -1102.7237554318451
improvementE1 : -1102.723327916553
improvementE3 : -1102.7232495747144
improvementE3 : -1102.72298973108
improvementE2 : -1102.72297457991
improvementE2 : -1102.7216432620774
improvementE3 : -1102.7213687048252
improvementE3 : -1102.7211887612193
improvementE1 : -1102.4943684056643
improvementE2 : -1100.2815432325372
improvementE3 : -1099.7634574046133
improvementE3 : -1099.76342318348
improvementE1 : -1099.763421117682
improvementE2 : -1099.7634154837338
improvementE3 : -1094.0080553247808
improvementE2 : -1091.2020649410374
improvementE3 : -1091.201705122966
improvementE3 : -1091.2015423346952
improvementE3 : -1091.201540081914
improvementE3 : -1089.5919914539709
improvementE3 : -1089.5919709488594
improvementE3 : -1089.5911420897842
improvementE2 : -1089.5910176295088
improvementE1 : -1089.5908419073558
improvementE2 : -1089.5805597159897
improvementE2 : -1089.5805577572178
improvementE1 : -1085.6756526463375
improvementE2 : -1085.6755945058349
improvementE3 : -1085.587570492698
improvementE3 : -1085.5875662910485
improvementE1 : -1085.587480941725
improvementE1 : -1085.5465008068973
improvementE1 : -1085.546498097468
improvementE1 : -1085.5362585379276
improvementE1 : -1085.5362518284096
improvementE3 : -1085.5348638816472
improvementE2 : -1081.8800782293692
improvementE3 : -1081.88007574238
improvementE3 : -1081.8798958824946
improvementE3 : -1081.8581995878387
improvementE1 : -1081.8293260106234
improvementE2 : -1078.5224644436994
improvementE1 : -1078.5224632602913
improvementE3 : -1056.6066158222582
improvementE2 : -1056.606548690856
improvementE3 : -1056.5882711193453
improvementE3 : -1056.5780863561263
improvementE3 : -1056.5780552962124
improvementE2 : -1056.5773087992748
improvementE1 : -1056.5589699614225
improvementE1 : -1056.5517164968978
improvementE2 : -1056.5508817330262
improvementE1 : -1056.5346465249804
improvementE2 : -1056.5346359531654
improvementE1 : -1056.5346316479365
improvementE2 : -1054.2194841489027
improvementE3 : -1054.2178128579594
improvementE3 : -1052.5265678756407
improvementE3 : -1052.5264996522671
improvementE1 : -1052.5264879910594
improvementE3 : -1052.4776118949737
improvementE1 : -1052.4775819468525
improvementE3 : -1052.4775651044174
improvementE1 : -1052.4775500568621
improvementE3 : -1052.4773325910594
improvementE3 : -1052.477290886809
improvementE3 : -1052.4671125172154
improvementE2 : -1052.4670903105389
improvementE3 : -1052.467067151686
improvementE1 : -1052.4593391581375
improvementE2 : -1048.9406063251545
improvementE1 : -1048.940216627022
improvementE3 : -1048.9236294686607
improvementE3 : -1048.9235921580666
improvementE3 : -1048.913885998356
improvementE1 : -1048.788111652606
improvementE1 : -1048.4452020346223
improvementE1 : -1045.1316434644345
improvementE3 : -1045.1315177181973
improvementE1 : -1043.7883396554003
improvementE3 : -1043.7388583229902
improvementE1 : -1043.738177003371
improvementE1 : -1043.7358272278918
improvementE1 : -1043.6772399474826
improvementE2 : -1043.6771173651316
improvementE3 : -1043.6769247914253
improvementE3 : -1043.6755612366226
improvementE3 : -1043.6755593947069
improvementE1 : -1037.661464418886
improvementE3 : -1037.6597871211634
improvementE3 : -1037.659224765613
improvementE1 : -1037.6591993878276
improvementE1 : -1037.6589479529025
improvementE2 : -1037.6588497585008
improvementE3 : -1032.451093646674
improvementE2 : -1032.3719959755178
improvementE1 : -1031.4082798069278
improvementE1 : -1031.4080220546525
improvementE2 : -1031.4080172970848
improvementE3 : -1031.4079370655832
improvementE2 : -1031.2689767117731
improvementE1 : -1031.2689269741709
improvementE2 : -1031.2678352319929
improvementE1 : -1031.2551786694974
improvementE3 : -1031.2550942677012
improvementE2 : -1031.254525948991
improvementE1 : -1031.2544722117395
improvementE2 : -1031.254446522828
improvementE1 : -1031.2543674605586
improvementE3 : -1025.7025905722512
improvementE3 : -1025.6492308825857
improvementE2 : -1025.649224537292
improvementE3 : -1025.6492187916265
improvementE1 : -1025.6492101096428
improvementE1 : -1023.7157358578173
improvementE1 : -1023.7157306761025
improvementE2 : -1023.7157125323481
improvementE1 : -1023.7153799866036
improvementE1 : -1018.9216900462119
improvementE1 : -1018.9212551458951
improvementE1 : -1018.9212511631683
improvementE1 : -1018.9210479267812
improvementE1 : -1018.9164043233153
improvementE2 : -1018.9163505051396
improvementE1 : -1018.9163490807748
improvementE3 : -1016.9308899749846
improvementE3 : -1016.9308754318141
improvementE3 : -997.1798541107362
improvementE1 : -997.1658985706923
improvementE2 : -997.1619990837789
improvementE1 : -997.1619980712161
improvementE3 : -997.1619619001256
improvementE3 : -992.3113964634607
improvementE1 : -992.3113889567162
improvementE2 : -992.3113860095713
improvementE2 : -992.3112995071083
improvementE3 : -992.3112973477702
improvementE3 : -992.3099051931848
improvementE1 : -992.3098910787271
improvementE1 : -992.3098749885474
improvementE3 : -992.3045625383171
improvementE3 : -992.3045615354738
improvementE1 : -984.227222393946
improvementE3 : -984.2266561496681
improvementE1 : -984.2227893336728
improvementE2 : -983.9855204050215
improvementE3 : -983.9853122919988
improvementE3 : -983.7224906228186
improvementE3 : -983.7220101587191
improvementE2 : -983.7217559742099
improvementE1 : -983.7216927029439
improvementE3 : -983.7216672483595
improvementE3 : -983.4496882000941
improvementE1 : -983.4496637282025
improvementE1 : -983.3977567313982
improvementE3 : -983.397710864636
improvementE1 : -983.3976622066992
improvementE3 : -983.3973117021715
improvementE3 : -983.3973052287527
improvementE3 : -983.3931677955057
improvementE1 : -983.3931585591625
improvementE3 : -983.3929744513273
improvementE1 : -983.3920620633324
improvementE2 : -983.3527391434254
improvementE3 : -983.3527352643542
improvementE3 : -983.3477287740061
improvementE1 : -983.3476059727526
improvementE3 : -983.3474504571047
improvementE2 : -979.7773410463365
improvementE3 : -979.7756895757901
improvementE1 : -979.7402012375325
improvementE3 : -979.7401839371839
improvementE1 : -979.7317953794411
improvementE1 : -979.7317916737247
improvementE1 : -979.7316248783673
improvementE3 : -979.7314682119733
improvementE3 : -971.8003334236071
improvementE1 : -971.4955940337642
improvementE1 : -971.4955107219781
improvementE3 : -971.4945202176943
improvementE2 : -971.4945075698281
improvementE1 : -971.4931539072032
improvementE3 : -969.6577692466491
improvementE3 : -969.1656590698992
improvementE1 : -968.8404782297656
improvementE3 : -968.8398956226094
improvementE3 : -968.8398883908415
improvementE3 : -965.5931060377958
improvementE3 : -961.9977604431583
improvementE2 : -958.1995878506314
improvementE3 : -958.1995130419006
improvementE2 : -958.1994911490724
improvementE3 : -958.1994846299959
improvementE2 : -958.1994147341585
improvementE2 : -958.1619502380953
improvementE1 : -958.1619452039307
improvementE3 : -955.351556604895
improvementE1 : -955.286050440117
improvementE3 : -955.2860437329192
improvementE3 : -955.198928680639
improvementE3 : -955.1988023324333
improvementE1 : -955.1987821747133
improvementE2 : -955.1987788470434
improvementE2 : -954.1627561044351
improvementE3 : -954.1616561973343
improvementE3 : -954.1613063335091
improvementE2 : -954.1611505534903
improvementE3 : -954.1559054434716
improvementE2 : -953.8505243792363
improvementE3 : -953.8454974344489
improvementE3 : -953.8454200880493
improvementE3 : -952.0548510304332
improvementE2 : -951.9832661978764
improvementE3 : -951.9825250107332
improvementE2 : -951.9822178762645
improvementE2 : -951.982115037734
improvementE3 : -951.9707686084118
improvementE1 : -951.9701556009917
improvementE1 : -951.9694707052154
improvementE1 : -951.9694687941911
improvementE2 : -951.9694027782633
improvementE3 : -951.5219462994206
improvementE1 : -951.5217535552492
improvementE1 : -951.515694412684
improvementE1 : -951.5156637739273
improvementE3 : -951.5156246552865
improvementE1 : -951.5112863832285
improvementE3 : -951.5109072416225
improvementE2 : -951.51090569617
improvementE3 : -951.5090837691084
improvementE3 : -951.3326231143448
improvementE3 : -951.3066180087623
improvementE1 : -951.305924088865
improvementE3 : -951.0765993831204
improvementE2 : -951.0763954005979
improvementE1 : -951.0763550047952
improvementE2 : -951.074926972278
improvementE3 : -949.0405995093145
improvementE1 : -948.9184618524571
improvementE1 : -948.9115839116719
improvementE1 : -948.4438792248588
improvementE1 : -948.4359217374986
improvementE1 : -948.4359203941423
improvementE3 : -948.4290662870344
improvementE2 : -948.4290245154028
improvementE3 : -948.4284554080476
improvementE3 : -948.4282994647458
improvementE3 : -948.4282981522002
improvementE3 : -948.425751620884
improvementE2 : -948.4257506031291
improvementE2 : -948.425733701434
improvementE3 : -948.4256438055563
improvementE2 : -948.417269901444
improvementE3 : -948.4171649181521
improvementE1 : -948.4169969726786
improvementE2 : -948.4056464802878
improvementE1 : -948.405642841272
improvementE3 : -948.4052510189172
improvementE2 : -948.1146718684898
improvementE2 : -948.1145737914364
improvementE2 : -948.1144666282798
improvementE1 : -948.1144537983389
improvementE2 : -948.1143486553349
improvementE3 : -948.1135578019566
improvementE2 : -948.1135500788233
improvementE2 : -948.1132143103638
improvementE1 : -948.0851328890809
improvementE1 : -948.0848788613558
improvementE2 : -948.0848719643196
improvementE3 : -948.0848405372606
improvementE2 : -948.079766248807
improvementE2 : -948.0752000136496
improvementE2 : -948.064414769428
improvementE1 : -948.0643766137852
improvementE1 : -948.0491269556774
improvementE3 : -948.0490940290497
improvementE2 : -948.0489236112248
improvementE1 : -948.0488081054502
improvementE2 : -947.9955512319934
improvementE1 : -947.9955443501924
improvementE2 : -947.9955358708652
improvementE1 : -947.9955288059605
improvementE1 : -947.9955266389719
improvementE1 : -947.9708711165778
improvementE3 : -947.9704321438011
improvementE1 : -947.9704289763584
improvementE2 : -947.9704180949212
improvementE2 : -947.970374090247
improvementE1 : -931.73406637889
improvementE3 : -931.7340653121855
improvementE1 : -931.7340387650066
improvementE3 : -927.9504036497384
improvementE3 : -927.9503969438201
improvementE1 : -927.9208141044488
improvementE3 : -927.9208082679735
improvementE2 : -927.9206906079351
improvementE3 : -927.9205855182689
improvementE2 : -927.920583898754
improvementE3 : -927.9204441051251
improvementE1 : -927.7601551503491
improvementE3 : -927.7601414074744
improvementE3 : -927.760140201074
improvementE2 : -927.7601391632322
improvementE3 : -927.7601011598646
improvementE2 : -927.760091208417
improvementE2 : -927.7600810926518
improvementE2 : -927.7597150312284
improvementE2 : -927.7596062707643
improvementE3 : -927.7593843961438
improvementE2 : -927.7586350651027
improvementE2 : -927.7586301250086
improvementE3 : -927.7584941857325
improvementE3 : -927.7553213891462
improvementE1 : -927.7550591674591
improvementE3 : -927.7550534594686
improvementE2 : -927.7550232666088
improvementE3 : -927.7548105822153
improvementE1 : -927.7548024876138
improvementE1 : -927.7547999481047
improvementE1 : -927.7547875220685
improvementE1 : -927.7547864903202
improvementE1 : -927.7547814232851
improvementE2 : -927.7547730173554
improvementE1 : -927.7545149079973
improvementE3 : -924.6517614904208
improvementE1 : -924.6517539075898
improvementE3 : -924.0650061107398
improvementE1 : -924.0649420034881
improvementE2 : -924.0649352451102
improvementE3 : -924.064899510472
improvementE2 : -924.0646378847921
improvementE2 : -924.0646225537034
improvementE2 : -919.3751359472241
improvementE1 : -919.3750850960731
improvementE1 : -919.3750770188484
improvementE3 : -919.2735302712462
improvementE1 : -919.2732434463765
improvementE2 : -919.2305982013197
improvementE1 : -919.2305276233845
improvementE1 : -919.229445901253
improvementE2 : -918.2320335714904
improvementE3 : -918.2282683786899
improvementE1 : -918.228262193341
improvementE1 : -918.2282523639292
improvementE2 : -918.2282262127803
improvementE1 : -918.228222223416
improvementE1 : -918.2282181892377
improvementE3 : -918.1874819171917
improvementE2 : -918.178750519775
improvementE3 : -918.1787329425301
improvementE2 : -918.0851079610644
improvementE2 : -917.9885586324751
improvementE3 : -917.5008800159096
improvementE3 : -917.4704117963263
improvementE1 : -917.4703873714631
improvementE1 : -917.44050343724
improvementE3 : -917.4312314998787
improvementE3 : -917.4311914272398
improvementE1 : -917.4309671169128
improvementE1 : -917.4266772550687
improvementE3 : -917.423157685535
improvementE3 : -917.4229104256796
improvementE3 : -917.4196512741721
improvementE2 : -917.4196492782123
improvementE2 : -917.4195698229876
improvementE3 : -917.4184604005815
improvementE3 : -917.417591708308
improvementE1 : -917.4169916604316
improvementE2 : -917.4168140070806
improvementE1 : -917.4166571005501
improvementE1 : -917.4158221115757
improvementE1 : -917.4158159522242
improvementE2 : -917.4149346965444
improvementE1 : -917.4067097112695
improvementE1 : -917.4064311703647
improvementE3 : -917.4061333642616
improvementE1 : -917.4060411534784
improvementE2 : -917.4060401338512
improvementE3 : -917.3576553987303
improvementE1 : -917.353428163737
improvementE2 : -913.7424444367163
improvementE2 : -913.7424064078294
improvementE3 : -913.7424046174592
improvementE2 : -913.7423380588313
improvementE3 : -913.7423263380126
improvementE2 : -911.9342891371841
improvementE1 : -911.9280399552752
improvementE1 : -908.7435222103875
improvementE3 : -908.743507699648
improvementE2 : -908.7435000889901
improvementE3 : -908.7434987227666
improvementE1 : -908.7434830284303
improvementE1 : -908.7434311870899
improvementE1 : -908.7434253864583
improvementE2 : -908.7430893620229
improvementE2 : -908.7430108377057
improvementE2 : -908.5675992978829
improvementE1 : -908.4719232518626
improvementE1 : -908.4719210199308
improvementE1 : -908.4709056707253
improvementE1 : -908.47090226583
improvementE1 : -908.4708845177258
improvementE2 : -908.4708807011552
improvementE1 : -908.4708785220168
improvementE2 : -908.4708696218519
improvementE3 : -899.7451394407791
improvementE2 : -899.7451278268885
improvementE3 : -899.7451260869178
improvementE1 : -899.7449711752065
improvementE3 : -899.7449679889793
improvementE2 : -899.7449597341407
improvementE3 : -899.7444765644118
improvementE3 : -899.7441659464943
improvementE3 : -899.7441642434337
improvementE3 : -899.7441632384176
improvementE3 : -899.7434925932283
improvementE1 : -899.7434420306532
improvementE3 : -899.7423766094741
improvementE3 : -899.742373239483
improvementE1 : -899.742358398472
improvementE1 : -899.7348588825912
improvementE2 : -899.7334358389692
improvementE1 : -899.7333831533258
improvementE2 : -899.7333725402256
improvementE3 : -895.696888076225
improvementE3 : -895.6967862092238
improvementE3 : -895.6965957582212
improvementE3 : -895.6853160126255
improvementE1 : -895.6852782585913
improvementE2 : -895.6756099958798
improvementE2 : -895.6756084602176
improvementE1 : -895.6755837968961
improvementE3 : -895.6755724294904
improvementE3 : -890.731492501845
improvementE2 : -890.731491191849
improvementE1 : -890.7314266353709
improvementE3 : -890.7314030128722
improvementE1 : -890.7313593395628
improvementE3 : -890.730980154654
improvementE1 : -890.7309643971803
improvementE2 : -890.7309287305819
improvementE1 : -890.7304592354599
improvementE3 : -890.7303637438998
improvementE3 : -890.6803446226185
improvementE2 : -890.6803430024798
improvementE3 : -890.6803360577092
improvementE3 : -890.6803271091777
improvementE1 : -890.680299802795
improvementE2 : -890.6801900777417
improvementE2 : -889.2900522318987
improvementE1 : -889.2900253465432
improvementE3 : -889.2898415851148
improvementE3 : -889.2883932891643
improvementE3 : -889.2883913565818
improvementE2 : -889.2881804884197
improvementE1 : -889.287851838952
improvementE3 : -889.2878347408935
improvementE3 : -889.2874047637935
improvementE1 : -889.2872184927802
improvementE2 : -889.2869612220591
improvementE3 : -889.2855047405527
improvementE2 : -889.2855021341156
improvementE3 : -889.2854334363075
improvementE1 : -889.2853868071057
improvementE3 : -889.2853823733608
improvementE1 : -889.2853183292398
improvementE3 : -889.2853167290585
improvementE1 : -889.2853140636495
improvementE1 : -889.2853083252583
improvementE3 : -889.2850627503473
improvementE3 : -888.9805097128336
improvementE3 : -888.9801926732233
improvementE2 : -888.9801899166931
improvementE3 : -888.9801766338834
improvementE2 : -888.9801747946764
improvementE1 : -888.9800622753548
improvementE1 : -888.9800564694292
improvementE3 : -888.9800543395443
improvementE1 : -888.9800527473136
improvementE1 : -888.9800425009171
improvementE2 : -888.3307250267886
improvementE2 : -888.3307221030336
improvementE3 : -888.3307188400225
improvementE1 : -888.3307166968398
improvementE1 : -888.3274568122256
improvementE1 : -888.3274493301184
improvementE3 : -888.3274461385208
improvementE2 : -888.3273380027189
improvementE3 : -888.3273354566269
improvementE2 : -888.3273341477442
improvementE1 : -888.3270808460943
improvementE2 : -878.674556448633
improvementE2 : -878.6744958978286
improvementE1 : -878.674374372559
improvementE2 : -878.6743659648204
improvementE1 : -878.6743379427149
improvementE3 : -878.6742670355504
improvementE2 : -878.6742604136456
improvementE2 : -878.6742326527664
improvementE3 : -878.6742291267572
improvementE2 : -878.6742238229198
improvementE3 : -878.6741309246976
improvementE3 : -878.6741259592275
improvementE2 : -878.6721827494187
improvementE1 : -848.7747632057744
improvementE1 : -848.7747556221391
improvementE1 : -848.7736493039957
improvementE1 : -848.7724760529151
improvementE2 : -848.7724335524151
improvementE1 : -848.7694829230737
improvementE3 : -848.0013359038919
improvementE2 : -831.1048909030468
improvementE3 : -831.1038721555217
improvementE1 : -831.1005316795183
improvementE2 : -831.1001031808985
improvementE3 : -831.1000980009019
improvementE1 : -831.0943694126902
improvementE3 : -831.093894768048
improvementE3 : -831.0938660359118
improvementE3 : -827.8646747552878
improvementE3 : -827.8643465358294
improvementE1 : -827.8642574924323
improvementE1 : -826.3529112674449
improvementE3 : -826.3528944977118
improvementE3 : -826.3519286304959
improvementE1 : -808.2239644232865
improvementE3 : -808.22242415669
improvementE3 : -805.176629626836
improvementE3 : -805.1760560948559
improvementE3 : -805.1760425692422
improvementE2 : -805.1758981111803
improvementE3 : -805.1758666981166
improvementE1 : -802.2768486469798
improvementE2 : -802.2759902084882
improvementE2 : -802.271173063078
improvementE1 : -802.2711717028935
improvementE1 : -800.2465573774065
improvementE3 : -800.2443591854162
improvementE2 : -800.2442721299716
improvementE3 : -797.2395453340175
improvementE2 : -797.2254288993979
improvementE1 : -797.2248646729136
improvementE1 : -797.2234413043656
improvementE1 : -797.2233504035812
improvementE1 : -797.1558668222069
improvementE2 : -797.0308489794769
improvementE3 : -797.030749222487
improvementE2 : -795.1706196794277
improvementE1 : -795.048168784819
improvementE3 : -795.0473520688212
improvementE3 : -795.0453821829401
improvementE3 : -795.0449784398029
improvementE2 : -795.0422078742025
improvementE2 : -795.0417415950383
improvementE3 : -785.9674555287344
improvementE1 : -785.9333752455718
improvementE2 : -785.931972426955
improvementE3 : -785.931965426251
improvementE3 : -785.931758032743
improvementE2 : -783.8819087920822
improvementE3 : -783.8810338877797
improvementE2 : -783.8809605618662
improvementE1 : -783.8633149688445
improvementE1 : -783.8631820904427
improvementE3 : -783.846324166851
improvementE3 : -783.8443646224085
improvementE1 : -783.8443206495866
improvementE1 : -783.8443195893976
improvementE2 : -779.7814280943561
improvementE3 : -779.7785217775197
improvementE2 : -779.778457150456
improvementE3 : -779.7784249135314
improvementE1 : -779.7780950733011
improvementE3 : -779.7780475135671
improvementE1 : -779.6494878122406
improvementE3 : -779.6298303282009
improvementE2 : -779.629813690968
improvementE2 : -779.6296889137175
logL = -5725.149597065434
Removing 0 markers
Second round
improvementE3 : -779.6296877014693
improvementE2 : -770.9333230707019
improvementE1 : -770.9333053922435
improvementE2 : -770.9323334850192
improvementE1 : -770.9314214736489
improvementE2 : -767.7009401481565
improvementE1 : -767.7009314735205
improvementE1 : -767.7009304249515
improvementE1 : -767.700711966905
improvementE1 : -767.6996962786627
improvementE3 : -767.6993691257505
improvementE2 : -767.6993601365547
improvementE1 : -767.6951400418438
improvementE1 : -767.6951284387535
improvementE1 : -767.6949888326686
improvementE2 : -767.6859328016405
improvementE2 : -767.6824467590864
improvementE3 : -765.9893835053092
improvementE3 : -765.9893722381144
improvementE2 : -765.9891356627514
improvementE2 : -765.9891342125344
improvementE1 : -765.9881888121578
improvementE1 : -765.986662354126
improvementE3 : -765.9866151344602
improvementE3 : -765.9865824795687
improvementE2 : -765.986576776076
improvementE1 : -765.9865190510374
improvementE3 : -765.9865072164007
improvementE2 : -765.8898936408148
improvementE1 : -765.8898474861941
improvementE2 : -765.8897234517779
improvementE3 : -765.8896236924359
improvementE3 : -762.1015252382183
improvementE2 : -762.1015229004731
improvementE1 : -757.212069244997
improvementE3 : -757.211964460641
improvementE2 : -757.2119494735697
improvementE1 : -752.933483418466
improvementE3 : -752.9332361155278
improvementE1 : -752.933231047845
improvementE3 : -752.9311013670268
improvementE3 : -749.3434642099232
improvementE1 : -749.3434627168633
improvementE2 : -749.3434430331297
improvementE2 : -749.3434418313929
improvementE2 : -749.3433149205305
improvementE3 : -749.3431734751439
improvementE2 : -749.3431701212672
improvementE3 : -749.3431682026248
improvementE2 : -749.343163537766
improvementE3 : -749.3428522385047
improvementE1 : -749.3420373910087
improvementE3 : -742.6427863331458
improvementE3 : -742.6427136160812
improvementE1 : -742.6427104426132
improvementE2 : -742.642677449426
improvementE3 : -742.6423259268737
improvementE3 : -742.6007211535298
improvementE3 : -742.6007096118535
improvementE1 : -742.6006692807744
improvementE1 : -742.6006673970662
improvementE3 : -742.3873458013504
improvementE3 : -742.3873357638099
improvementE1 : -738.779403906216
improvementE1 : -738.7794013916887
improvementE3 : -738.7766737570305
improvementE3 : -738.7766104366291
improvementE2 : -738.7766062588323
improvementE3 : -731.7969023412575
improvementE2 : -731.7915455589696
improvementE1 : -731.791525515295
improvementE3 : -731.7910400232431
improvementE3 : -731.7909547571647
improvementE3 : -731.79069162022
improvementE3 : -731.7906316394976
improvementE2 : -731.7905998687331
improvementE3 : -731.7905479994928
improvementE3 : -731.7896139467396
improvementE3 : -731.7888177571745
improvementE1 : -731.7789753605182
improvementE3 : -731.7789735712518
improvementE1 : -731.7789725465022
improvementE2 : -731.7785976740844
improvementE3 : -731.778594812796
improvementE2 : -731.778592518102
improvementE1 : -731.7784145857781
improvementE1 : -731.7784114433936
improvementE2 : -731.7403325573792
improvementE3 : -731.7403281586705
improvementE2 : -731.7402183234406
improvementE2 : -731.7401138492155
improvementE2 : -731.7400221197022
improvementE2 : -731.7370583750707
improvementE1 : -731.7370074270507
improvementE1 : -731.7370037796697
improvementE2 : -731.7370003208216
improvementE3 : -731.7296018733305
improvementE1 : -731.292526870129
improvementE1 : -731.2925181073332
improvementE3 : -731.2888027242391
improvementE2 : -731.2887984128191
improvementE1 : -731.2887928818498
improvementE1 : -731.2483383911515
improvementE1 : -731.2482974776656
improvementE2 : -731.2482926977863
improvementE3 : -731.1290646317874
improvementE3 : -731.1219854023125
improvementE3 : -731.121984293547
improvementE3 : -731.121971872884
improvementE1 : -731.1219142146076
improvementE1 : -731.1217432906047
improvementE2 : -731.1197862978647
improvementE3 : -731.1192736087379
improvementE3 : -731.103633933519
improvementE2 : -731.1036329057508
improvementE3 : -731.1036288573198
improvementE1 : -730.0877719593475
improvementE3 : -730.0872623750683
improvementE1 : -730.0872538572771
improvementE1 : -730.0872514515994
improvementE2 : -730.0872021604757
improvementE1 : -730.0870928284645
improvementE3 : -730.0870900821468
improvementE3 : -730.0870888861003
improvementE3 : -730.0870763040293
improvementE1 : -730.0869934581834
improvementE2 : -730.0869752597132
improvementE3 : -730.0868399658953
improvementE3 : -730.0868372481893
improvementE1 : -730.0868324384369
improvementE2 : -730.0867102192578
improvementE1 : -730.086708818756
improvementE3 : -730.0840916188017
improvementE3 : -730.0840849310339
improvementE2 : -730.084080743643
improvementE3 : -730.0840745643102
improvementE2 : -730.0840707189623
improvementE2 : -730.0840593486586
improvementE3 : -730.0840525122453
improvementE2 : -730.0839970687447
improvementE3 : -730.0839932669539
improvementE3 : -730.0839922544242
improvementE1 : -730.0839814309137
improvementE2 : -730.083980061139
improvementE3 : -730.0839298095708
improvementE3 : -730.0839266463322
improvementE2 : -730.0839255261058
improvementE3 : -730.0839237344883
improvementE1 : -730.0839055327621
improvementE3 : -730.0839043724061
improvementE2 : -730.0839022566122
