0->0 : 0
0->1 : 0
0->2 : 0
       Error rate = 0.0
1->0 : 0
1->1 : 0
1->2 : 0
       Error rate = 0.0
2->0 : 0
2->1 : 0
2->2 : 0
       Error rate = 0.0
0,2->0,2 : 1340462
  0,2->1 : 0
1,2->1,2 : 0
  1,2->0 : 0
       Error rate = 0.0
Maternally informative markers = 0 (of 12028)
Paternally informative markers = 12028
Maternally or paternally informative markers = 12028
Removed 0 children
Removed 0 markers
Number of LGs = 41
***Family = fam_08 chromosome = 18 numMarkers = 265 maternal informative markers 0 (paternal informative markers 265)
***Family = fam_01 chromosome = 18 numMarkers = 265 maternal informative markers 0 (paternal informative markers 265)
***Family = fam_09 chromosome = 18 numMarkers = 265 maternal informative markers 0 (paternal informative markers 265)
265->201
201->201
All pairs
join 43 and 57 score = 0.0 sizes 1,1
join 57 and 75 score = 0.0 sizes 2,1
join 7 and 43 score = 0.0 sizes 1,3
join 32 and 113 score = 0.0 sizes 1,1
join 7 and 82 score = 0.0 sizes 4,1
join 71 and 146 score = 0.0 sizes 1,1
join 72 and 113 score = 0.0 sizes 1,2
join 42 and 162 score = 0.0 sizes 1,1
join 42 and 132 score = 0.0 sizes 2,1
join 74 and 151 score = 0.0 sizes 1,1
join 9 and 32 score = 0.0 sizes 1,3
join 1 and 9 score = 0.0 sizes 1,4
join 54 and 149 score = 0.0 sizes 1,1
join 146 and 149 score = 0.0 sizes 2,2
join 64 and 75 score = 0.0 sizes 1,5
join 11 and 153 score = 0.0 sizes 1,1
join 129 and 134 score = 0.0 sizes 1,1
join 134 and 136 score = 0.0 sizes 2,1
join 11 and 64 score = 0.0 sizes 2,6
join 122 and 125 score = 0.0 sizes 1,1
join 83 and 101 score = 0.0 sizes 1,1
join 61 and 101 score = 0.0 sizes 1,2
join 12 and 178 score = 0.0 sizes 1,1
join 12 and 122 score = 0.0 sizes 2,2
join 125 and 131 score = 0.0 sizes 4,1
join 13 and 131 score = 0.0 sizes 1,5
join 111 and 172 score = 0.0 sizes 1,1
join 71 and 169 score = 0.0 sizes 4,1
join 82 and 166 score = 0.0 sizes 8,1
join 35 and 78 score = 0.0 sizes 1,1
join 78 and 88 score = 0.0 sizes 2,1
join 80 and 169 score = 0.0 sizes 1,5
join 54 and 72 score = 0.0 sizes 6,5
join 80 and 162 score = 0.0 sizes 11,3
join 1 and 73 score = 0.0 sizes 14,1
join 117 and 159 score = 0.0 sizes 1,1
join 8 and 53 score = 0.0 sizes 1,1
join 74 and 156 score = 0.0 sizes 2,1
join 13 and 151 score = 0.0 sizes 6,3
join 114 and 178 score = 0.0 sizes 1,9
join 33 and 46 score = 0.0 sizes 1,1
join 33 and 180 score = 0.0 sizes 2,1
join 41 and 136 score = 0.0 sizes 1,3
join 190 and 193 score = 0.0 sizes 1,1
join 92 and 111 score = 0.0 sizes 1,2
join 92 and 144 score = 0.0 sizes 3,1
join 81 and 144 score = 0.0 sizes 1,4
join 81 and 143 score = 0.0 sizes 5,1
join 24 and 53 score = 0.0 sizes 1,2
join 132 and 166 score = 0.0 sizes 15,9
join 153 and 177 score = 0.0 sizes 24,1
join 41 and 45 score = 0.0 sizes 4,1
join 45 and 103 score = 0.0 sizes 5,1
join 129 and 195 score = 0.0 sizes 6,1
join 168 and 193 score = 0.0 sizes 1,2
join 89 and 191 score = 0.0 sizes 1,1
join 89 and 117 score = 0.0 sizes 2,2
join 66 and 95 score = 0.0 sizes 1,1
join 148 and 200 score = 0.0 sizes 1,1
join 35 and 174 score = 0.0 sizes 3,1
join 25 and 174 score = 0.0 sizes 1,4
join 56 and 112 score = 0.0 sizes 1,1
join 68 and 159 score = 0.0 sizes 1,4
join 28 and 68 score = 0.0 sizes 1,5
join 0 and 172 score = 0.0 sizes 1,6
join 38 and 96 score = 0.0 sizes 1,1
join 38 and 85 score = 0.0 sizes 2,1
join 85 and 93 score = 0.0 sizes 3,1
join 107 and 124 score = 0.0 sizes 1,1
join 103 and 107 score = 0.0 sizes 7,2
join 56 and 195 score = 0.0 sizes 2,9
join 76 and 118 score = 0.0 sizes 1,1
join 137 and 145 score = 0.0 sizes 1,1
join 8 and 177 score = 0.0 sizes 3,25
join 18 and 138 score = 0.0 sizes 1,1
join 18 and 115 score = 0.0 sizes 2,1
join 55 and 67 score = 0.0 sizes 1,1
join 24 and 55 score = 0.0 sizes 28,2
join 67 and 200 score = 0.0 sizes 30,2
join 73 and 167 score = 0.0 sizes 32,1
join 36 and 192 score = 0.0 sizes 1,1
join 83 and 147 score = 0.0 sizes 3,1
join 0 and 194 score = 0.0 sizes 7,1
join 5 and 99 score = 0.0 sizes 1,1
join 143 and 152 score = 0.0 sizes 8,1
join 137 and 155 score = 0.0 sizes 2,1
join 34 and 161 score = 0.0 sizes 1,1
join 161 and 170 score = 0.0 sizes 2,1
join 34 and 105 score = 0.0 sizes 3,1
join 104 and 170 score = 0.0 sizes 1,4
join 44 and 133 score = 0.0 sizes 1,1
join 17 and 145 score = 0.0 sizes 1,3
All pairs
join 58 and 88 score = 0.0 sizes 1,5
join 190 and 198 score = 0.0 sizes 3,1
join 84 and 133 score = 0.0 sizes 1,2
join 84 and 110 score = 0.0 sizes 3,1
join 140 and 189 score = 0.0 sizes 1,1
join 17 and 165 score = 0.0 sizes 4,1
join 66 and 158 score = 0.0 sizes 2,1
join 148 and 154 score = 0.0 sizes 33,1
join 5 and 156 score = 0.0 sizes 2,10
join 86 and 165 score = 0.0 sizes 1,5
join 120 and 130 score = 0.0 sizes 1,1
join 160 and 189 score = 0.0 sizes 1,2
join 128 and 141 score = 0.0 sizes 1,1
join 135 and 141 score = 0.0 sizes 1,2
join 27 and 128 score = 0.0 sizes 1,3
join 48 and 135 score = 0.0 sizes 1,4
join 2 and 65 score = 0.0 sizes 1,1
join 29 and 183 score = 0.0 sizes 1,1
join 176 and 188 score = 0.0 sizes 1,1
join 2 and 16 score = 0.0 sizes 2,1
join 16 and 183 score = 0.0 sizes 3,2
join 70 and 77 score = 0.0 sizes 1,1
join 65 and 70 score = 0.0 sizes 5,2
join 27 and 29 score = 0.0 sizes 5,7
join 36 and 176 score = 0.006097560975609756 sizes 2,2
join 61 and 155 score = 0.005952380952380952 sizes 4,6
join 52 and 199 score = 0.0 sizes 1,1
join 126 and 187 score = 0.0 sizes 1,1
join 25 and 152 score = 0.006289308176100629 sizes 6,9
join 58 and 147 score = 0.006024096385542169 sizes 15,10
join 31 and 46 score = 0.005376344086021506 sizes 1,3
join 102 and 180 score = 0.0 sizes 1,4
join 116 and 199 score = 0.0 sizes 1,2
join 19 and 160 score = 0.0 sizes 1,3
join 95 and 114 score = 0.006060606060606061 sizes 3,12
join 167 and 194 score = 0.006097560975609756 sizes 34,25
join 21 and 102 score = 0.007462686567164179 sizes 1,5
join 96 and 106 score = 0.0 sizes 4,1
join 19 and 115 score = 0.0 sizes 4,3
join 52 and 98 score = 0.0 sizes 3,1
join 104 and 184 score = 0.0 sizes 5,1
join 109 and 184 score = 0.0 sizes 1,6
join 97 and 127 score = 0.0 sizes 1,1
join 127 and 163 score = 0.0 sizes 2,1
join 48 and 123 score = 0.0 sizes 12,1
join 4 and 119 score = 0.0 sizes 1,1
join 4 and 192 score = 0.0 sizes 2,4
join 77 and 130 score = 0.0 sizes 13,2
join 69 and 164 score = 0.0 sizes 1,1
join 157 and 196 score = 0.0 sizes 1,1
join 94 and 196 score = 0.0 sizes 1,2
join 22 and 44 score = 0.006097560975609756 sizes 1,4
join 22 and 126 score = 0.006060606060606061 sizes 5,2
join 20 and 197 score = 0.0 sizes 1,1
join 30 and 62 score = 0.0 sizes 1,1
join 60 and 62 score = 0.0 sizes 1,2
join 30 and 186 score = 0.0 sizes 3,1
join 109 and 186 score = 0.0 sizes 7,4
join 97 and 164 score = 0.0 sizes 3,2
join 108 and 181 score = 0.0 sizes 1,1
join 110 and 120 score = 0.015384615384615385 sizes 7,15
join 10 and 123 score = 0.0 sizes 1,22
join 10 and 179 score = 0.0 sizes 23,1
join 63 and 87 score = 0.0 sizes 1,1
join 90 and 140 score = 0.0 sizes 1,7
join 90 and 139 score = 0.0 sizes 8,1
join 51 and 124 score = 0.0 sizes 1,11
join 119 and 171 score = 0.0 sizes 6,1
join 40 and 49 score = 0.0 sizes 1,1
join 23 and 40 score = 0.0 sizes 1,2
join 23 and 163 score = 0.0 sizes 3,5
join 49 and 175 score = 0.0 sizes 8,1
join 69 and 168 score = 0.0 sizes 9,4
join 91 and 179 score = 0.0 sizes 1,24
join 93 and 150 score = 0.0125 sizes 5,1
join 175 and 185 score = 0.0 sizes 13,1
join 26 and 158 score = 0.013071895424836602 sizes 1,15
join 26 and 50 score = 0.0 sizes 16,1
join 50 and 116 score = 0.0 sizes 17,4
join 47 and 94 score = 0.0 sizes 1,3
join 3 and 51 score = 0.0 sizes 1,12
join 14 and 112 score = 0.018867924528301886 sizes 1,13
join 14 and 99 score = 0.025477707006369428 sizes 14,21
join 63 and 197 score = 0.0 sizes 2,2
join 39 and 108 score = 0.0 sizes 1,2
join 150 and 198 score = 0.019736842105263157 sizes 6,14
join 60 and 139 score = 0.0 sizes 11,9
join 86 and 105 score = 0.015748031496062992 sizes 59,20
join 138 and 182 score = 0.01875 sizes 79,1
All pairs
join 91 and 142 score = 0.0 sizes 25,1
join 187 and 188 score = 0.02 sizes 26,7
join 28 and 76 score = 0.037037037037037035 sizes 6,2
join 15 and 20 score = 0.037037037037037035 sizes 1,4
join 15 and 39 score = 0.038461538461538464 sizes 5,3
join 79 and 154 score = 0.02127659574468085 sizes 1,80
join 6 and 47 score = 0.045454545454545456 sizes 1,4
join 31 and 37 score = 0.041666666666666664 sizes 6,1
join 21 and 118 score = 0.0375 sizes 7,8
join 6 and 142 score = 0.045454545454545456 sizes 5,33
join 100 and 181 score = 0.04 sizes 1,8
join 87 and 98 score = 0.045454545454545456 sizes 9,35
join 100 and 171 score = 0.038461538461538464 sizes 44,38
join 3 and 173 score = 0.07692307692307693 sizes 82,1
join 121 and 157 score = 0.15384615384615385 sizes 1,83
join 59 and 173 score = 0.17857142857142858 sizes 1,84
join 106 and 191 score = 0.16911764705882354 sizes 20,15
join 37 and 59 score = 0.14814814814814814 sizes 35,85
join 121 and 182 score = 0.0 sizes 120,81
score = 1.3754662314804662
improvementE2 : -671.8569919307542
improvementE1 : -671.8569652172365
improvementE3 : -671.8557671409308
improvementE2 : -671.3513146290122
improvementE1 : -671.3513132483047
improvementE2 : -671.3512861179443
improvementE3 : -671.3493541557681
improvementE1 : -671.349344762971
improvementE2 : -666.7830909400351
improvementE3 : -666.783080978021
improvementE1 : -666.2487333880324
improvementE3 : -666.2396132229367
improvementE3 : -666.2301293514695
improvementE2 : -666.2301272040229
improvementE3 : -666.23011733345
improvementE1 : -666.2300997654629
improvementE3 : -666.2211117990778
improvementE2 : -665.8151687544126
improvementE3 : -665.814935621667
improvementE2 : -665.7354958696219
improvementE3 : -665.7354901138943
improvementE3 : -665.7269244766003
improvementE2 : -665.7268427387768
improvementE3 : -665.7268157606093
improvementE3 : -665.7211298271745
improvementE3 : -665.6868835354699
improvementE1 : -665.6864169492103
improvementE1 : -665.6864158188722
improvementE3 : -665.1111612283989
improvementE2 : -665.1110436241415
improvementE2 : -665.1110365996833
improvementE2 : -663.1104145157519
improvementE3 : -662.9172328483724
improvementE3 : -658.9675907529029
improvementE2 : -655.7779043076328
improvementE2 : -655.7771608778444
improvementE1 : -655.759671868073
improvementE3 : -655.7596121418896
improvementE1 : -655.7184962909295
improvementE3 : -655.7184539184912
improvementE3 : -655.7181238718842
improvementE3 : -655.708112509767
improvementE1 : -655.708041018057
improvementE3 : -651.6237648860827
improvementE3 : -651.6188875008997
improvementE3 : -651.6188664864692
improvementE2 : -651.6188232371067
improvementE3 : -651.6188172617543
improvementE2 : -651.6187869106609
improvementE3 : -651.5083945832886
improvementE1 : -651.2879273092747
improvementE3 : -651.2787943352464
improvementE3 : -651.2764389534498
improvementE3 : -650.7292014939653
improvementE2 : -650.7291999442302
improvementE1 : -650.729190679135
improvementE3 : -650.7291642773962
improvementE3 : -650.7288629007932
improvementE3 : -647.0052466460445
improvementE2 : -647.0049986784982
improvementE1 : -647.0041536597514
improvementE3 : -647.0041387128979
improvementE2 : -646.9919322833099
improvementE2 : -646.9919277702103
improvementE3 : -646.9919101955538
improvementE2 : -646.991642446744
improvementE2 : -646.9909388034729
improvementE3 : -646.987438750894
improvementE3 : -646.986833608819
improvementE1 : -646.9867065884445
improvementE3 : -645.0350806752247
improvementE3 : -645.0317156235756
improvementE3 : -645.031162867486
improvementE3 : -645.0311584653159
improvementE1 : -645.0310333586943
improvementE1 : -644.9759376084154
improvementE3 : -644.9758965700242
improvementE3 : -641.7065773556848
improvementE3 : -633.5641812603386
improvementE2 : -631.5074258556956
improvementE1 : -631.5073656502937
improvementE3 : -624.6381552288341
improvementE2 : -624.6274879672819
improvementE2 : -624.5871325772837
improvementE3 : -621.7200941790943
improvementE3 : -620.6668766797244
improvementE2 : -620.6668635143837
improvementE3 : -620.6668623474643
improvementE2 : -620.666861172891
improvementE3 : -620.6660205117219
improvementE3 : -620.661346560121
improvementE3 : -620.6612469433001
improvementE1 : -620.6612187013558
improvementE2 : -571.8912276020312
improvementE3 : -571.891222897068
improvementE3 : -571.2487510959456
improvementE3 : -571.2474392575934
improvementE3 : -571.2426523670802
improvementE2 : -571.2426384898704
improvementE1 : -571.2426143077091
improvementE1 : -571.24261041985
improvementE1 : -571.2424863896292
improvementE1 : -571.2424809405668
improvementE3 : -566.5891779559831
improvementE3 : -566.5891755418929
improvementE3 : -562.3787094737703
improvementE1 : -562.3773884671931
improvementE1 : -562.3771297794847
improvementE3 : -562.3771222192266
improvementE3 : -562.3721226554449
improvementE2 : -562.3721181421553
improvementE1 : -562.3720706509253
improvementE3 : -562.3694700771116
improvementE3 : -562.3694012077926
improvementE3 : -562.3693945131649
improvementE2 : -562.3671554862216
improvementE2 : -562.3593281474299
improvementE2 : -562.3476619149402
improvementE3 : -562.3388901178694
improvementE3 : -560.2359394453265
improvementE3 : -560.2359270908262
improvementE3 : -560.235802805273
improvementE3 : -560.2316040830212
improvementE2 : -560.2315991241348
improvementE3 : -559.874248385319
improvementE2 : -559.6227925295507
improvementE2 : -559.622728467026
improvementE1 : -559.6225832731288
improvementE3 : -559.6225796597575
improvementE1 : -559.6225516257839
improvementE1 : -559.6224763293778
improvementE2 : -559.6224723437294
improvementE2 : -559.6195057905911
improvementE3 : -559.6186472312404
improvementE2 : -559.618617648544
improvementE1 : -559.6186121850816
improvementE3 : -559.618534966457
improvementE2 : -559.6185326336065
improvementE3 : -559.6185217632078
improvementE3 : -559.6072188595901
improvementE3 : -558.362250258943
improvementE3 : -558.3621948480173
improvementE3 : -558.3621866322871
improvementE3 : -558.3620086752086
improvementE2 : -558.350699066681
improvementE2 : -558.3501019254065
improvementE2 : -558.3500585271843
improvementE3 : -553.7548300425774
improvementE3 : -553.7547792846701
improvementE3 : -548.4740514077688
improvementE1 : -548.4740340725727
improvementE3 : -548.4739328592093
improvementE1 : -548.4735826823057
improvementE3 : -548.4735764367049
improvementE1 : -548.473561065123
improvementE3 : -548.4411386697398
improvementE2 : -548.4388696863194
improvementE2 : -548.4388685671759
improvementE1 : -548.4388628886373
improvementE3 : -548.4388042003086
improvementE1 : -548.4387421540683
improvementE2 : -548.4387409445321
improvementE3 : -533.5747481990817
improvementE2 : -533.57474390057
improvementE1 : -533.5747175305871
improvementE1 : -533.5744216022272
improvementE2 : -533.574414566124
improvementE3 : -533.5744006133277
improvementE2 : -532.57462051218
improvementE2 : -532.5746177380576
improvementE3 : -532.5745967540577
improvementE3 : -532.5744682764641
improvementE1 : -532.5744656554047
improvementE2 : -532.5744602242639
improvementE3 : -532.5675493251352
improvementE1 : -532.5675419371145
improvementE1 : -532.5672558710306
improvementE3 : -532.5671037183074
improvementE3 : -532.5669162477534
improvementE3 : -532.5650898732557
improvementE2 : -532.5626764283952
improvementE2 : -532.562674926512
improvementE3 : -532.5626687888509
improvementE1 : -530.9310669931524
improvementE1 : -530.9310651679478
improvementE2 : -530.9310635106701
improvementE2 : -529.1138348306476
improvementE3 : -529.1138327944092
improvementE2 : -529.1138314444777
improvementE3 : -529.1138154457004
improvementE2 : -529.1060351589958
improvementE1 : -529.1058627643886
improvementE1 : -529.1058593063005
improvementE1 : -529.1051847187354
improvementE2 : -529.1049950495498
improvementE3 : -529.1049940248954
improvementE3 : -529.1049923546211
improvementE1 : -529.1042122920628
improvementE1 : -529.1042041817748
improvementE3 : -529.1041889238649
improvementE3 : -529.104093422512
improvementE3 : -529.1038906359613
improvementE1 : -529.1037907515499
improvementE3 : -529.1037894271988
improvementE3 : -529.1037798694965
improvementE3 : -529.0987882957395
improvementE2 : -528.9651265314767
improvementE1 : -528.9651140164735
improvementE1 : -528.9650833237255
improvementE3 : -528.9646428234073
improvementE3 : -528.9645570235778
improvementE2 : -523.70557127174
improvementE2 : -504.38832693719957
improvementE2 : -504.26499867055657
improvementE1 : -504.264965840742
improvementE2 : -504.23007926188615
improvementE1 : -504.23006485089815
improvementE3 : -504.2300548026645
improvementE2 : -504.2300537128872
improvementE3 : -504.23005034357715
improvementE2 : -504.2300485473553
improvementE1 : -504.21681078684634
improvementE1 : -504.21680077787715
improvementE1 : -504.2166521706728
improvementE2 : -504.13786382148515
improvementE1 : -504.13785533909385
improvementE1 : -504.13785389473753
improvementE1 : -504.13782929576394
improvementE3 : -501.4821620439865
improvementE1 : -501.48195110271854
improvementE2 : -501.48193691798343
improvementE3 : -501.48183794320465
improvementE2 : -501.478105969269
improvementE1 : -501.4781044154599
improvementE1 : -501.47800310339994
improvementE1 : -501.4780018730747
improvementE2 : -501.4779992441887
improvementE1 : -501.4779931884157
improvementE2 : -501.4747554408941
improvementE3 : -501.4157336243813
improvementE1 : -501.41567572421025
improvementE1 : -501.4156557649085
improvementE2 : -501.41565413654774
improvementE2 : -501.40621497781484
improvementE1 : -501.3712074709672
improvementE3 : -501.3711846533865
improvementE3 : -501.3266210224387
improvementE1 : -501.3266098453243
improvementE3 : -501.2851569688047
improvementE2 : -501.28496063351645
improvementE3 : -501.2720016053108
improvementE1 : -501.27200052513274
improvementE3 : -501.23724611498585
improvementE2 : -501.23719087682184
improvementE3 : -501.23402339921245
improvementE2 : -501.2335146275608
improvementE2 : -500.76758312585184
improvementE2 : -500.76758049503326
improvementE3 : -500.7675286930486
improvementE1 : -500.7537397935329
improvementE3 : -500.6038862068567
improvementE3 : -500.6038669189605
improvementE2 : -500.6038650450537
improvementE3 : -500.603784574967
improvementE3 : -495.4805616718516
improvementE3 : -495.48056038572594
improvementE1 : -495.48003616637726
improvementE1 : -495.48001929597103
improvementE1 : -495.47913692802103
improvementE3 : -495.47867625848914
improvementE3 : -495.478675002214
improvementE1 : -495.47865466796327
improvementE2 : -495.4786525580292
improvementE3 : -495.47836755722216
improvementE3 : -495.47794130507975
improvementE3 : -487.29378284232894
improvementE2 : -487.2937036836095
improvementE3 : -487.2936331900726
improvementE3 : -487.2936315732161
improvementE3 : -487.2927355829255
improvementE1 : -487.2888093286917
improvementE3 : -487.2888048755281
improvementE1 : -487.28773671499
improvementE1 : -487.2874265441426
improvementE2 : -487.287420258263
improvementE1 : -487.2874091201814
improvementE1 : -487.28740775128534
improvementE2 : -487.28735934847805
improvementE1 : -481.8212837523603
improvementE1 : -481.8208806142846
improvementE1 : -481.8208486829114
improvementE3 : -481.8208152397235
improvementE1 : -481.820807015231
improvementE2 : -481.8208056158076
improvementE1 : -481.82073419272604
improvementE1 : -481.82067976772515
improvementE2 : -481.82049456076487
improvementE3 : -481.80276713183656
improvementE3 : -481.7856763176289
improvementE2 : -481.7855538120826
improvementE1 : -481.785549225521
improvementE1 : -481.7831543011734
improvementE1 : -481.78314991906984
improvementE1 : -481.7752219490721
improvementE2 : -480.8442570459301
improvementE2 : -480.84425589703665
improvementE1 : -480.8438720894486
improvementE3 : -480.8438587879063
improvementE1 : -480.8438560255242
improvementE2 : -480.84384225779917
improvementE3 : -480.8436181692527
improvementE1 : -480.8427319774144
improvementE3 : -480.84254487008036
improvementE1 : -480.7928395710803
improvementE1 : -480.79282468544596
improvementE3 : -480.792645201991
improvementE2 : -480.79181096206935
improvementE2 : -480.7167175565954
improvementE2 : -480.7039891954652
improvementE3 : -480.70398377021576
improvementE1 : -479.9924298817794
improvementE1 : -479.9924287138084
improvementE3 : -479.9924215544442
improvementE3 : -479.9922848662427
improvementE3 : -479.99228167160095
improvementE3 : -479.9750172952109
improvementE3 : -479.97499187665954
improvementE2 : -479.9719371056773
improvementE3 : -479.9714557889904
improvementE1 : -479.9714545430538
improvementE3 : -479.9713063219371
improvementE2 : -479.9713013429997
improvementE1 : -479.9712985444152
improvementE2 : -479.9712956859298
improvementE3 : -479.97128356962054
improvementE3 : -479.97110604479747
improvementE3 : -479.96850441572735
improvementE3 : -479.9685014414966
improvementE2 : -479.9684998155986
improvementE1 : -479.96849849485875
improvementE3 : -479.9684786329058
improvementE3 : -479.9677754635495
improvementE2 : -479.9677649907642
improvementE1 : -479.9677614268652
improvementE2 : -476.90557076398846
improvementE2 : -476.90556686717684
improvementE3 : -476.90555936925256
improvementE3 : -476.9055278527521
improvementE3 : -476.905497747619
improvementE3 : -476.90548678422095
improvementE3 : -476.90543055504355
improvementE1 : -476.90537831309683
improvementE2 : -476.8740027444965
improvementE2 : -476.87400071868035
improvementE2 : -467.20506702360177
improvementE1 : -467.20506504144146
improvementE1 : -467.20506244800816
improvementE2 : -467.1979236137543
improvementE1 : -467.1979225212162
improvementE3 : -467.19792063245615
improvementE1 : -467.19791230825535
improvementE2 : -467.1978985509511
improvementE3 : -467.1978946951754
improvementE3 : -467.19789338106756
improvementE2 : -467.197870642459
improvementE1 : -467.19786873303707
improvementE1 : -467.1975507786225
improvementE2 : -467.19751984147007
improvementE3 : -467.1975121221492
improvementE3 : -467.1913056859312
improvementE1 : -467.1912817454437
improvementE1 : -467.1912692896506
improvementE2 : -467.1897382817052
improvementE2 : -467.18973698053475
improvementE1 : -467.1896660704663
improvementE2 : -467.1896569071786
improvementE3 : -467.189632343115
improvementE2 : -467.1896310771655
improvementE2 : -467.18962827166285
improvementE1 : -467.1896073161032
improvementE1 : -467.18960160372535
improvementE1 : -467.18959853701153
improvementE2 : -467.1895737201096
improvementE3 : -467.18957062376853
improvementE2 : -467.18956907347587
improvementE2 : -467.1894805800279
improvementE3 : -460.1493691001532
improvementE2 : -460.1493640969029
improvementE3 : -460.14935468777594
improvementE2 : -460.1471299063514
improvementE1 : -460.1471150127131
improvementE2 : -460.14708143182236
improvementE2 : -460.14703994437076
improvementE1 : -460.1470328756412
improvementE2 : -456.87805687392705
improvementE1 : -456.87805234041895
improvementE2 : -456.8779739770566
improvementE3 : -456.87594005122986
improvementE1 : -456.87591544866075
improvementE2 : -456.87586364162314
improvementE3 : -452.23882557717366
improvementE2 : -452.23834446107713
improvementE2 : -452.2383098386036
improvementE1 : -452.2321956509026
improvementE2 : -452.2321763177735
improvementE2 : -452.2321747542501
improvementE3 : -452.23216738174733
improvementE3 : -452.2321636759856
improvementE3 : -452.2321530437168
improvementE3 : -452.2310936585502
improvementE1 : -452.2310917903274
improvementE2 : -452.23089574259194
improvementE3 : -452.23086407929225
improvementE3 : -452.22949556994246
improvementE3 : -452.2294930089342
improvementE3 : -452.2294915379343
improvementE3 : -452.2294885336
improvementE3 : -452.2294855027226
improvementE3 : -452.2294839331939
improvementE3 : -452.2294754650115
improvementE2 : -452.22947432505197
improvementE2 : -452.22947202165017
logL = -3080.3959722968402
Removing 0 markers
Second round
improvementE2 : -452.2294694447527
improvementE2 : -452.2289191983014
improvementE3 : -452.22891654654995
improvementE3 : -452.22891501275694
improvementE1 : -452.2288444324766
improvementE3 : -452.2288416176093
improvementE2 : -434.76035097457327
improvementE2 : -434.7603375014291
improvementE3 : -434.7603346791999
improvementE1 : -434.7602274694537
improvementE2 : -434.76022105432736
improvementE2 : -434.7601523464922
improvementE1 : -434.76014588836
improvementE1 : -434.7601333960817
improvementE2 : -434.7601162023837
improvementE3 : -434.76011441984355
improvementE1 : -434.76009852903013
improvementE1 : -434.74615056792805
improvementE2 : -434.74613940181337
improvementE2 : -434.745215781043
improvementE2 : -434.74521466840025
improvementE3 : -434.74519988473736
improvementE3 : -434.7451782231041
improvementE2 : -434.7447837299244
improvementE1 : -434.74478247616173
improvementE1 : -434.74477030801205
improvementE2 : -434.739080416451
improvementE3 : -434.73101408506506
improvementE1 : -434.7310055623156
improvementE3 : -434.71565570991464
improvementE2 : -434.7153992390989
improvementE2 : -434.6962006045303
improvementE2 : -434.6600807665947
improvementE3 : -434.6397649660234
improvementE2 : -434.63831649065605
improvementE2 : -434.63808487229545
improvementE3 : -430.4761574773228
improvementE1 : -430.4760352992558
improvementE2 : -430.4760336515942
improvementE3 : -430.4760044009692
improvementE1 : -430.476001719582
improvementE3 : -430.4759717429287
improvementE1 : -430.4759699083589
improvementE3 : -429.8907643179181
improvementE3 : -429.89074532571874
improvementE2 : -429.8907442912255
improvementE2 : -429.89070798124885
improvementE1 : -429.89067997797866
improvementE1 : -429.8906763987601
improvementE1 : -429.8903393187461
improvementE2 : -429.8903356825733
improvementE1 : -429.89032938402784
improvementE2 : -429.89032479606914
improvementE1 : -429.8903039993339
improvementE2 : -429.8494973482062
improvementE3 : -429.8494962363348
improvementE2 : -429.8493298964118
improvementE3 : -429.8493251853214
improvementE1 : -429.84932336509183
improvementE2 : -429.8493111321052
improvementE1 : -429.84928643561443
improvementE2 : -429.8492721907126
improvementE2 : -429.84926096857134
improvementE1 : -429.84925930918297
improvementE1 : -429.84925792039024
improvementE1 : -429.8492515547984
improvementE1 : -429.84924817521664
improvementE1 : -429.8492454337153
improvementE1 : -429.84923651350414
improvementE2 : -429.8492232668079
improvementE3 : -429.84917052191724
improvementE2 : -429.84916903190594
improvementE3 : -429.8491627994176
improvementE2 : -429.84872681687784
improvementE2 : -429.8487254483289
improvementE2 : -429.8487220532198
improvementE3 : -429.84872099321507
improvementE2 : -429.8487141348132
improvementE3 : -429.84870991582255
improvementE1 : -429.84870883571125
improvementE1 : -429.7719463430386
improvementE1 : -429.7190809570676
improvementE1 : -429.71118484491734
improvementE1 : -429.711174012236
improvementE1 : -429.6973547905166
improvementE2 : -428.39008262995674
improvementE1 : -428.3023398266498
improvementE3 : -428.2122058923082
improvementE1 : -428.212101266873
improvementE2 : -428.21209232829585
improvementE3 : -428.2092524866408
improvementE3 : -428.20809380223204
improvementE2 : -428.01537610171874
improvementE1 : -428.0152366484256
improvementE1 : -428.0152245999903
improvementE3 : -427.8195651714304
improvementE1 : -427.81956266088855
improvementE1 : -427.8162388400876
improvementE3 : -427.8160734756041
improvementE2 : -427.8152796108666
improvementE1 : -427.75158536365984
improvementE3 : -427.75136791808296
improvementE3 : -427.7500672758712
improvementE2 : -427.75006518760574
