0->0 : 0
0->1 : 0
0->2 : 0
       Error rate = 0.0
1->0 : 0
1->1 : 0
1->2 : 0
       Error rate = 0.0
2->0 : 0
2->1 : 0
2->2 : 0
       Error rate = 0.0
0,2->0,2 : 1336466
  0,2->1 : 0
1,2->1,2 : 0
  1,2->0 : 0
       Error rate = 0.0
Maternally informative markers = 0 (of 12151)
Paternally informative markers = 12151
Maternally or paternally informative markers = 12151
Removed 0 children
Removed 0 markers
Number of LGs = 37
***Family = fam_08 chromosome = 22 numMarkers = 275 maternal informative markers 0 (paternal informative markers 275)
***Family = fam_01 chromosome = 22 numMarkers = 275 maternal informative markers 0 (paternal informative markers 275)
***Family = fam_09 chromosome = 22 numMarkers = 275 maternal informative markers 0 (paternal informative markers 275)
275->179
179->179
All pairs
join 56 and 128 score = 0.0 sizes 1,1
join 4 and 32 score = 0.0 sizes 1,1
join 4 and 29 score = 0.0 sizes 2,1
join 22 and 143 score = 0.0 sizes 1,1
join 22 and 56 score = 0.0 sizes 2,2
join 33 and 115 score = 0.0 sizes 1,1
join 107 and 174 score = 0.0 sizes 1,1
join 46 and 107 score = 0.0 sizes 1,2
join 35 and 106 score = 0.0 sizes 1,1
join 35 and 131 score = 0.0 sizes 2,1
join 5 and 26 score = 0.0 sizes 1,1
join 26 and 115 score = 0.0 sizes 2,2
join 5 and 18 score = 0.0 sizes 4,1
join 130 and 131 score = 0.0 sizes 1,3
join 71 and 130 score = 0.0 sizes 1,4
join 164 and 176 score = 0.0 sizes 1,1
join 80 and 176 score = 0.0 sizes 1,2
join 25 and 164 score = 0.0 sizes 1,3
join 57 and 137 score = 0.0 sizes 1,1
join 46 and 137 score = 0.0 sizes 3,2
join 20 and 57 score = 0.0 sizes 1,5
join 33 and 71 score = 0.0 sizes 5,5
join 139 and 143 score = 0.0 sizes 1,4
join 159 and 177 score = 0.0 sizes 1,1
join 63 and 158 score = 0.0 sizes 1,1
join 102 and 167 score = 0.0 sizes 1,1
join 20 and 42 score = 0.0 sizes 6,1
join 59 and 139 score = 0.0 sizes 1,5
join 18 and 59 score = 0.0 sizes 10,6
join 106 and 112 score = 0.0 sizes 16,1
join 63 and 177 score = 0.0 sizes 2,2
join 108 and 159 score = 0.0 sizes 1,4
join 6 and 153 score = 0.0 sizes 1,1
join 42 and 69 score = 0.0 sizes 7,1
join 69 and 90 score = 0.0 sizes 8,1
join 6 and 27 score = 0.0 sizes 2,1
join 62 and 119 score = 0.0 sizes 1,1
join 29 and 113 score = 0.0 sizes 3,1
join 49 and 101 score = 0.0 sizes 1,1
join 101 and 128 score = 0.0 sizes 2,17
join 90 and 158 score = 0.0 sizes 9,5
join 144 and 174 score = 0.0 sizes 1,14
join 62 and 120 score = 0.0 sizes 2,1
join 113 and 148 score = 0.0 sizes 4,1
join 16 and 32 score = 0.0 sizes 1,5
join 1 and 117 score = 0.0 sizes 1,1
join 84 and 117 score = 0.0 sizes 1,2
join 43 and 84 score = 0.0 sizes 1,3
join 147 and 156 score = 0.0 sizes 1,1
join 39 and 147 score = 0.0 sizes 1,2
join 49 and 144 score = 0.0 sizes 19,15
join 78 and 167 score = 0.0 sizes 1,2
join 68 and 151 score = 0.0 sizes 1,1
join 52 and 153 score = 0.0 sizes 1,3
join 85 and 108 score = 0.0 sizes 1,34
join 123 and 125 score = 0.0 sizes 1,1
join 44 and 74 score = 0.0 sizes 1,1
join 25 and 44 score = 0.0 sizes 4,2
join 19 and 80 score = 0.0 sizes 1,6
join 8 and 127 score = 0.0 sizes 1,1
join 81 and 146 score = 0.0 sizes 1,1
join 34 and 39 score = 0.0 sizes 1,3
join 142 and 156 score = 0.0 sizes 1,4
join 83 and 105 score = 0.0 sizes 1,1
join 110 and 146 score = 0.0 sizes 1,2
join 24 and 124 score = 0.0 sizes 1,1
join 112 and 160 score = 0.0 sizes 35,1
join 85 and 111 score = 0.0 sizes 36,1
join 1 and 152 score = 0.0 sizes 4,1
join 98 and 152 score = 0.0 sizes 1,5
join 10 and 74 score = 0.0 sizes 1,7
join 65 and 86 score = 0.0 sizes 1,1
join 86 and 145 score = 0.0 sizes 2,1
join 12 and 145 score = 0.0 sizes 1,3
join 8 and 178 score = 0.0 sizes 2,1
join 165 and 178 score = 0.0 sizes 1,3
join 9 and 16 score = 0.0 sizes 1,6
join 9 and 78 score = 0.0 sizes 7,3
join 13 and 102 score = 0.0 sizes 1,10
join 81 and 120 score = 0.0 sizes 3,3
All pairs
join 48 and 96 score = 0.0 sizes 1,1
join 40 and 96 score = 0.0 sizes 1,2
join 7 and 94 score = 0.0 sizes 1,1
join 68 and 116 score = 0.0 sizes 2,1
join 19 and 83 score = 0.0 sizes 8,2
join 23 and 103 score = 0.0 sizes 1,1
join 14 and 34 score = 0.0 sizes 1,5
join 27 and 111 score = 0.0 sizes 4,37
join 43 and 121 score = 0.0 sizes 6,1
join 73 and 165 score = 0.0 sizes 1,4
join 0 and 40 score = 0.0 sizes 1,3
join 10 and 161 score = 0.0 sizes 10,1
join 61 and 135 score = 0.0 sizes 1,1
join 52 and 125 score = 0.0 sizes 41,2
join 61 and 140 score = 0.0 sizes 2,1
join 2 and 114 score = 0.0 sizes 1,1
join 2 and 148 score = 0.0 sizes 2,11
join 17 and 67 score = 0.0 sizes 1,1
join 17 and 163 score = 0.0 sizes 2,1
join 21 and 70 score = 0.0 sizes 1,1
join 14 and 21 score = 0.0 sizes 6,2
join 7 and 109 score = 0.0 sizes 2,1
join 15 and 173 score = 0.0 sizes 1,1
join 23 and 95 score = 0.0 sizes 2,1
join 67 and 171 score = 0.0 sizes 3,1
join 119 and 168 score = 0.0 sizes 6,1
join 51 and 76 score = 0.0 sizes 1,1
join 76 and 94 score = 0.0 sizes 2,3
join 65 and 75 score = 0.0 sizes 4,1
join 13 and 79 score = 0.0 sizes 13,1
join 70 and 141 score = 0.0 sizes 8,1
join 55 and 124 score = 0.006172839506172839 sizes 1,2
join 50 and 88 score = 0.0 sizes 1,1
join 92 and 121 score = 0.0 sizes 1,7
join 53 and 155 score = 0.0 sizes 1,1
join 45 and 64 score = 0.0 sizes 1,1
join 47 and 129 score = 0.0 sizes 1,1
join 154 and 169 score = 0.0 sizes 1,1
join 79 and 160 score = 0.006535947712418301 sizes 14,43
join 87 and 129 score = 0.0 sizes 1,2
join 47 and 136 score = 0.0 sizes 3,1
join 87 and 141 score = 0.0 sizes 4,9
join 50 and 54 score = 0.0 sizes 2,1
join 41 and 88 score = 0.0 sizes 1,3
join 36 and 54 score = 0.0 sizes 1,4
join 48 and 140 score = 0.006896551724137931 sizes 4,3
join 58 and 135 score = 0.007751937984496124 sizes 1,7
join 0 and 73 score = 0.007142857142857143 sizes 8,5
join 166 and 168 score = 0.0 sizes 1,7
join 136 and 172 score = 0.0 sizes 13,1
join 64 and 132 score = 0.0 sizes 2,1
join 100 and 134 score = 0.0 sizes 1,1
join 11 and 126 score = 0.0 sizes 1,1
join 118 and 133 score = 0.0 sizes 1,1
join 122 and 162 score = 0.0 sizes 1,1
join 97 and 116 score = 0.0 sizes 1,3
join 51 and 97 score = 0.0 sizes 5,4
join 99 and 171 score = 0.0 sizes 1,4
join 99 and 104 score = 0.0 sizes 5,1
join 15 and 36 score = 0.0 sizes 2,5
join 126 and 161 score = 0.0 sizes 2,11
join 11 and 77 score = 0.0 sizes 13,1
join 92 and 133 score = 0.015625 sizes 8,2
join 100 and 138 score = 0.0 sizes 2,1
join 91 and 93 score = 0.0 sizes 1,1
join 38 and 91 score = 0.0 sizes 1,2
join 104 and 162 score = 0.0 sizes 6,2
join 103 and 151 score = 0.012345679012345678 sizes 3,9
join 12 and 95 score = 0.006097560975609756 sizes 5,12
join 41 and 166 score = 0.0 sizes 7,8
join 105 and 109 score = 0.012658227848101266 sizes 14,17
join 60 and 154 score = 0.0 sizes 1,2
join 98 and 114 score = 0.013245033112582781 sizes 10,57
join 118 and 173 score = 0.014814814814814815 sizes 67,15
join 31 and 172 score = 0.0 sizes 1,14
join 142 and 170 score = 0.007462686567164179 sizes 15,1
join 31 and 149 score = 0.0 sizes 16,1
join 28 and 149 score = 0.0 sizes 1,17
join 122 and 134 score = 0.0 sizes 8,3
join 45 and 157 score = 0.0 sizes 3,1
join 82 and 157 score = 0.0 sizes 1,4
join 93 and 155 score = 0.0 sizes 3,2
All pairs
join 89 and 150 score = 0.0 sizes 1,1
join 28 and 77 score = 0.03571428571428571 sizes 18,31
join 110 and 170 score = 0.022900763358778626 sizes 82,49
join 53 and 75 score = 0.03076923076923077 sizes 5,131
join 66 and 169 score = 0.03225806451612903 sizes 1,3
join 55 and 163 score = 0.056962025316455694 sizes 3,11
join 24 and 37 score = 0.04 sizes 14,1
join 30 and 82 score = 0.07692307692307693 sizes 1,5
join 30 and 66 score = 0.07692307692307693 sizes 6,4
join 38 and 60 score = 0.07692307692307693 sizes 136,10
join 127 and 175 score = 0.07051282051282051 sizes 13,1
join 37 and 150 score = 0.041666666666666664 sizes 15,2
join 132 and 138 score = 0.07692307692307693 sizes 146,17
join 72 and 89 score = 0.06896551724137931 sizes 1,163
join 58 and 123 score = 0.18110236220472442 sizes 14,164
join 3 and 72 score = 0.4166666666666667 sizes 1,178
score = 1.421959847060146
improvementE3 : -668.6238768648783
improvementE3 : -668.6237930292193
improvementE3 : -668.5365830567866
improvementE2 : -668.5353114566705
improvementE3 : -668.3898514821703
improvementE1 : -668.3897930214619
improvementE3 : -668.3348580112654
improvementE2 : -668.2048947898942
improvementE3 : -668.2048923511428
improvementE2 : -668.191525918195
improvementE1 : -668.1673794875243
improvementE2 : -668.167294041735
improvementE3 : -668.1476422704343
improvementE1 : -668.125744923864
improvementE1 : -667.971080846106
improvementE3 : -667.9427381819639
improvementE1 : -665.6288009056371
improvementE1 : -665.6287925102756
improvementE1 : -665.048385663189
improvementE3 : -665.01240501543
improvementE1 : -665.0123243986825
improvementE3 : -665.0123205304665
improvementE3 : -655.0614244073879
improvementE3 : -655.0614224017555
improvementE2 : -655.0604752773254
improvementE2 : -621.026812035609
improvementE1 : -621.0265652023434
improvementE2 : -620.8558092230139
improvementE3 : -620.8557770016905
improvementE3 : -620.8461787533856
improvementE2 : -620.8454527040599
improvementE3 : -620.8454488516034
improvementE2 : -620.8454336454853
improvementE2 : -620.8454252297211
improvementE2 : -619.8458650587543
improvementE3 : -619.845863621317
improvementE3 : -619.845792146861
improvementE1 : -619.8454980224119
improvementE3 : -618.8876357980021
improvementE3 : -611.4255248209413
improvementE3 : -608.6080445604597
improvementE2 : -608.6069678809149
improvementE2 : -608.6069593554787
improvementE1 : -608.606829104976
improvementE3 : -608.6048139165403
improvementE2 : -607.4587124262224
improvementE3 : -607.4585000518055
improvementE3 : -607.3813691053278
improvementE2 : -607.3802367077797
improvementE2 : -607.3800994978703
improvementE1 : -607.2855631287445
improvementE3 : -606.7678106562204
improvementE3 : -606.7677386926639
improvementE3 : -606.7660652713039
improvementE2 : -558.3059573672783
improvementE3 : -558.3059562207702
improvementE1 : -558.0702139404467
improvementE1 : -558.0640550605463
improvementE2 : -558.0037601057418
improvementE1 : -557.0285481628871
improvementE2 : -557.0285212453236
improvementE3 : -557.0283442101784
improvementE2 : -557.0283231949629
improvementE1 : -557.025296187295
improvementE1 : -557.0252848730628
improvementE3 : -557.0252822810469
improvementE3 : -557.0252778356532
improvementE1 : -557.0249665528963
improvementE1 : -557.0245926236935
improvementE2 : -555.48760597193
improvementE1 : -555.4850792216703
improvementE1 : -555.4850748417189
improvementE3 : -555.4848565799261
improvementE2 : -552.323298483024
improvementE1 : -552.1919456326846
improvementE1 : -552.1007027797242
improvementE1 : -544.7434375114649
improvementE3 : -544.7422419230895
improvementE3 : -544.7392527306424
improvementE1 : -544.7072506623766
improvementE1 : -544.7071523130126
improvementE2 : -544.706605877298
improvementE2 : -544.7058296247428
improvementE1 : -544.7058277632809
improvementE2 : -544.7041467113172
improvementE1 : -544.7041435082122
improvementE2 : -544.7041354001485
improvementE1 : -544.7041341452314
improvementE3 : -541.5260043457469
improvementE2 : -541.5260018127062
improvementE1 : -541.5168998145032
improvementE3 : -541.5168708561191
improvementE2 : -541.516827584375
improvementE3 : -541.5168195936183
improvementE3 : -541.4964296831022
improvementE2 : -541.4964054898082
improvementE3 : -541.1108095341929
improvementE2 : -541.1107107783787
improvementE1 : -541.1106280808791
improvementE1 : -541.1104274597299
improvementE3 : -541.1104181317992
improvementE3 : -541.10779605423
improvementE3 : -541.1077215583907
improvementE1 : -541.0534244948312
improvementE1 : -541.0534075995083
improvementE3 : -539.3460625757642
improvementE3 : -539.3460198873713
improvementE1 : -539.3460107428282
improvementE1 : -539.3338124944632
improvementE3 : -539.2129476271471
improvementE1 : -539.212936438845
improvementE1 : -539.2120797487764
improvementE3 : -539.1831531904875
improvementE1 : -539.1831175950012
improvementE1 : -539.1824047393307
improvementE3 : -539.1824032062015
improvementE2 : -539.1823938421062
improvementE2 : -538.6977913984646
improvementE1 : -538.6977876252115
improvementE3 : -538.6975840666972
improvementE3 : -538.6975658270419
improvementE3 : -538.6965944301594
improvementE3 : -538.6964882409656
improvementE1 : -538.6961782483329
improvementE1 : -538.4078907530906
improvementE1 : -538.2793615960136
improvementE2 : -538.2790251537508
improvementE1 : -538.2790211004442
improvementE1 : -538.2665738511398
improvementE3 : -537.8169959065721
improvementE1 : -537.8169910316692
improvementE1 : -537.8169814925342
improvementE3 : -531.4394423898646
improvementE3 : -531.4329763342807
improvementE3 : -531.4326894062434
improvementE3 : -531.4326855758283
improvementE2 : -529.0112585364294
improvementE3 : -529.0112512249607
improvementE3 : -529.0109706570024
improvementE3 : -529.0088767742959
improvementE3 : -529.0007483748775
improvementE3 : -528.001449381182
improvementE1 : -528.0014420190005
improvementE1 : -528.0006787340329
improvementE2 : -528.0006106171633
improvementE1 : -528.0006034748055
improvementE1 : -528.00031086667
improvementE1 : -528.0003069851277
improvementE3 : -528.000305489214
improvementE1 : -528.0001944668625
improvementE3 : -528.0001763848414
improvementE2 : -527.9847019986734
improvementE3 : -527.9847002667982
improvementE3 : -527.9833985547921
improvementE1 : -527.9833744163377
improvementE1 : -527.9832555149183
improvementE2 : -527.9831553813995
improvementE1 : -527.9831503527291
improvementE3 : -521.0817099635422
improvementE2 : -521.0813474352483
improvementE2 : -521.0813463102273
improvementE1 : -521.081155739636
improvementE3 : -521.0807499236154
improvementE2 : -521.0807449446771
improvementE3 : -521.08074238008
improvementE2 : -521.0789907385281
improvementE1 : -521.0785424349981
improvementE2 : -521.0784750983621
improvementE2 : -521.0782479930111
improvementE1 : -503.6826329057414
improvementE3 : -503.60146756260025
improvementE2 : -503.6014575864189
improvementE2 : -503.6013034761038
improvementE1 : -503.6013008993809
improvementE2 : -503.6012480832046
improvementE3 : -503.5642229243629
improvementE2 : -490.7438717707888
improvementE1 : -490.7437450292891
improvementE2 : -490.7437261644736
improvementE1 : -490.6780132921976
improvementE1 : -490.67800865159796
improvementE2 : -490.67799693596095
improvementE1 : -490.6744018331131
improvementE2 : -490.67439770026505
improvementE3 : -487.32323370320097
improvementE3 : -487.3228726121963
improvementE3 : -487.3228562625129
improvementE1 : -481.30762782340634
improvementE2 : -481.15664253559277
improvementE3 : -476.58663990402977
improvementE3 : -467.1968326189933
improvementE1 : -463.29192294164994
improvementE3 : -450.7702923954731
improvementE2 : -450.7630957933615
improvementE3 : -450.75196636020326
improvementE1 : -450.7519428968941
improvementE1 : -450.75184101868996
improvementE3 : -450.72818458743063
improvementE1 : -446.4085508548708
improvementE2 : -446.4085349786924
improvementE3 : -446.40852363122343
improvementE3 : -446.1980975011807
improvementE2 : -446.1980130154525
improvementE1 : -446.19797528760137
improvementE1 : -446.1948235838037
improvementE3 : -446.1948101579476
improvementE3 : -446.19480019983735
improvementE2 : -446.1947872468509
improvementE3 : -445.1152179173066
improvementE1 : -445.0862697948332
improvementE2 : -445.08389914432155
improvementE3 : -445.02447331814506
improvementE1 : -445.0232831259431
improvementE3 : -445.02260844482703
improvementE1 : -445.02254874384454
improvementE2 : -445.0224554933081
improvementE2 : -445.0222253001729
improvementE2 : -445.02219692959176
improvementE1 : -445.0209864740103
improvementE2 : -445.0209686231986
improvementE2 : -444.8665870052776
improvementE2 : -444.8622395995338
improvementE1 : -441.46431376724416
improvementE2 : -441.46430583993015
improvementE1 : -441.46426607958534
improvementE1 : -441.4642595824516
improvementE2 : -441.46419346880054
improvementE1 : -441.4641826503301
improvementE2 : -441.44754771699127
improvementE2 : -441.445982028817
improvementE3 : -439.2766236402528
improvementE1 : -439.2686577749086
improvementE3 : -439.22990266470913
improvementE3 : -439.2284667714367
improvementE3 : -439.22839732862894
improvementE3 : -439.2283504082789
improvementE3 : -434.29270174431974
improvementE1 : -434.29267740825554
improvementE3 : -434.17819101612855
improvementE3 : -434.1781635315457
improvementE2 : -434.12431473181323
improvementE2 : -434.1242367163567
improvementE2 : -434.1242290536693
improvementE1 : -434.12397220834396
improvementE3 : -434.06546935873564
improvementE1 : -434.0654610371606
improvementE3 : -434.04854218529954
improvementE1 : -434.04852025685415
improvementE2 : -434.04851483647445
improvementE3 : -434.0484153113611
improvementE1 : -434.04841124141586
improvementE1 : -434.0483907792109
improvementE2 : -434.048389630582
improvementE3 : -434.0483707971013
improvementE3 : -434.04836019292526
improvementE1 : -434.048224961545
improvementE2 : -434.0482123026387
improvementE3 : -434.0465222738997
improvementE3 : -434.0448225240647
improvementE3 : -434.0401831193335
improvementE1 : -434.03870766714596
improvementE1 : -434.0384719288692
improvementE2 : -428.5301006584576
improvementE1 : -428.53009947191566
improvementE2 : -428.530088802405
improvementE1 : -428.51750429233795
improvementE2 : -428.494817512961
improvementE1 : -425.09224548395514
improvementE2 : -425.0920523031363
improvementE3 : -420.0418573164914
improvementE3 : -420.0409804285229
improvementE1 : -420.038146443447
improvementE2 : -420.0381445936552
improvementE2 : -420.0381416830104
improvementE3 : -420.0381313972817
improvementE1 : -420.0381204739683
improvementE1 : -420.03803499884856
improvementE1 : -420.01557398027626
improvementE1 : -420.01557152705857
improvementE1 : -420.01548717120596
improvementE3 : -420.01548579608715
improvementE3 : -420.01548121658186
improvementE2 : -420.01542721868793
improvementE2 : -420.0144241867701
improvementE2 : -420.0143794827821
logL = -3037.6753078079723
Removing 0 markers
Second round
improvementE1 : -420.01397826123457
improvementE3 : -420.0010958145924
improvementE1 : -420.0010684892958
improvementE3 : -419.9151813063504
improvementE2 : -419.91514709712845
improvementE1 : -419.9151416830329
improvementE3 : -419.91513552129743
improvementE2 : -419.91387601130134
improvementE2 : -419.9138716586235
improvementE1 : -419.91384379483816
improvementE2 : -419.9138424938124
improvementE2 : -419.91384105606653
improvementE2 : -419.85552522697554
improvementE3 : -419.8545075443633
improvementE2 : -419.8545046351093
improvementE3 : -419.85449984259856
improvementE1 : -419.8533313220318
improvementE2 : -419.8533136247303
improvementE2 : -419.8533106711747
improvementE1 : -419.85306313474956
improvementE3 : -419.8312907228286
improvementE2 : -419.83082958003024
improvementE3 : -419.7559779671691
improvementE3 : -419.7559766379299
improvementE3 : -419.7559754016375
improvementE3 : -419.75597417536534
improvementE3 : -419.7559729416014
improvementE3 : -419.75597184701485
improvementE1 : -419.75596773192
improvementE3 : -419.7557590854374
