0->0 : 0
0->1 : 0
0->2 : 0
       Error rate = 0.0
1->0 : 0
1->1 : 0
1->2 : 0
       Error rate = 0.0
2->0 : 0
2->1 : 0
2->2 : 0
       Error rate = 0.0
0,2->0,2 : 1336466
  0,2->1 : 0
1,2->1,2 : 0
  1,2->0 : 0
       Error rate = 0.0
Maternally informative markers = 0 (of 12151)
Paternally informative markers = 12151
Maternally or paternally informative markers = 12151
Removed 0 children
Removed 0 markers
Number of LGs = 37
***Family = fam_08 chromosome = 32 numMarkers = 228 maternal informative markers 0 (paternal informative markers 228)
***Family = fam_01 chromosome = 32 numMarkers = 228 maternal informative markers 0 (paternal informative markers 228)
***Family = fam_09 chromosome = 32 numMarkers = 228 maternal informative markers 0 (paternal informative markers 228)
228->156
156->156
All pairs
join 36 and 63 score = 0.0 sizes 1,1
join 23 and 133 score = 0.0 sizes 1,1
join 8 and 89 score = 0.0 sizes 1,1
join 33 and 107 score = 0.0 sizes 1,1
join 6 and 126 score = 0.0 sizes 1,1
join 38 and 89 score = 0.0 sizes 1,2
join 59 and 63 score = 0.0 sizes 1,2
join 36 and 65 score = 0.0 sizes 3,1
join 43 and 127 score = 0.0 sizes 1,1
join 43 and 126 score = 0.0 sizes 2,2
join 19 and 64 score = 0.0 sizes 1,1
join 8 and 115 score = 0.0 sizes 3,1
join 12 and 47 score = 0.0 sizes 1,1
join 47 and 93 score = 0.0 sizes 2,1
join 5 and 66 score = 0.0 sizes 1,1
join 5 and 140 score = 0.0 sizes 2,1
join 42 and 130 score = 0.0 sizes 1,1
join 93 and 130 score = 0.0 sizes 3,2
join 12 and 121 score = 0.0 sizes 5,1
join 42 and 56 score = 0.0 sizes 6,1
join 38 and 70 score = 0.0 sizes 4,1
join 70 and 119 score = 0.0 sizes 5,1
join 4 and 115 score = 0.0 sizes 1,6
join 4 and 20 score = 0.0 sizes 7,1
join 19 and 65 score = 0.0 sizes 2,4
join 59 and 127 score = 0.0 sizes 6,4
join 32 and 141 score = 0.0 sizes 1,1
join 14 and 141 score = 0.0 sizes 1,2
join 10 and 14 score = 0.0 sizes 1,3
join 25 and 80 score = 0.0 sizes 1,1
join 25 and 108 score = 0.0 sizes 2,1
join 30 and 108 score = 0.0 sizes 1,3
join 30 and 82 score = 0.0 sizes 4,1
join 82 and 92 score = 0.0 sizes 5,1
join 27 and 80 score = 0.0 sizes 1,6
join 76 and 92 score = 0.0 sizes 1,7
join 27 and 97 score = 0.0 sizes 8,1
join 117 and 119 score = 0.0 sizes 1,8
join 68 and 121 score = 0.0 sizes 1,7
join 64 and 109 score = 0.0 sizes 10,1
join 109 and 114 score = 0.0 sizes 11,1
join 33 and 56 score = 0.0 sizes 2,8
join 131 and 145 score = 0.0 sizes 1,1
join 11 and 26 score = 0.0 sizes 1,1
join 57 and 123 score = 0.0 sizes 1,1
join 34 and 132 score = 0.0 sizes 1,1
join 106 and 132 score = 0.0 sizes 1,2
join 6 and 26 score = 0.0 sizes 12,2
join 97 and 117 score = 0.0 sizes 9,9
join 10 and 41 score = 0.0 sizes 4,1
join 66 and 123 score = 0.0 sizes 3,2
join 24 and 140 score = 0.0 sizes 1,5
join 18 and 24 score = 0.0 sizes 1,6
join 51 and 149 score = 0.0 sizes 1,1
join 129 and 131 score = 0.0 sizes 1,2
join 28 and 129 score = 0.0 sizes 1,3
join 28 and 118 score = 0.0 sizes 4,1
join 69 and 145 score = 0.0 sizes 1,5
join 1 and 69 score = 0.0 sizes 1,6
join 118 and 128 score = 0.0 sizes 7,1
join 45 and 114 score = 0.0 sizes 1,14
join 39 and 122 score = 0.0 sizes 1,1
join 68 and 155 score = 0.0 sizes 10,1
join 11 and 102 score = 0.0 sizes 15,1
join 102 and 113 score = 0.0 sizes 16,1
join 40 and 58 score = 0.0 sizes 1,1
join 58 and 84 score = 0.0 sizes 2,1
join 84 and 88 score = 0.0 sizes 3,1
join 103 and 138 score = 0.0 sizes 1,1
join 94 and 137 score = 0.0 sizes 1,1
join 21 and 133 score = 0.0 sizes 1,2
join 55 and 95 score = 0.0 sizes 1,1
join 78 and 142 score = 0.0 sizes 1,1
join 0 and 53 score = 0.0 sizes 1,1
join 0 and 81 score = 0.0 sizes 2,1
join 40 and 96 score = 0.0 sizes 4,1
join 110 and 143 score = 0.0 sizes 1,1
join 1 and 134 score = 0.0 sizes 8,1
join 15 and 22 score = 0.005291005291005291 sizes 1,1
join 49 and 139 score = 0.0 sizes 1,1
All pairs
join 52 and 73 score = 0.0 sizes 1,1
join 72 and 120 score = 0.0 sizes 1,1
join 29 and 148 score = 0.006024096385542169 sizes 1,1
join 46 and 111 score = 0.0 sizes 1,1
join 78 and 143 score = 0.0 sizes 2,2
join 49 and 105 score = 0.0 sizes 2,1
join 17 and 57 score = 0.006493506493506494 sizes 1,7
join 124 and 139 score = 0.0 sizes 1,3
join 51 and 122 score = 0.0064516129032258064 sizes 2,2
join 54 and 86 score = 0.0 sizes 1,1
join 20 and 152 score = 0.006944444444444444 sizes 18,1
join 45 and 76 score = 0.006329113924050633 sizes 17,19
join 55 and 138 score = 0.006896551724137931 sizes 2,2
join 111 and 128 score = 0.006211180124223602 sizes 2,9
join 88 and 152 score = 0.00641025641025641 sizes 5,36
join 41 and 71 score = 0.0 sizes 5,1
join 71 and 144 score = 0.0 sizes 6,1
join 7 and 146 score = 0.0 sizes 1,1
join 91 and 153 score = 0.0 sizes 1,1
join 16 and 153 score = 0.006622516556291391 sizes 1,2
join 15 and 147 score = 0.00558659217877095 sizes 2,1
join 7 and 90 score = 0.0 sizes 2,1
join 23 and 146 score = 0.0 sizes 3,3
join 83 and 136 score = 0.0 sizes 1,1
join 75 and 81 score = 0.013245033112582781 sizes 1,3
join 75 and 124 score = 0.0 sizes 4,4
join 13 and 53 score = 0.0 sizes 1,8
join 13 and 35 score = 0.0 sizes 9,1
join 112 and 144 score = 0.0 sizes 1,7
join 91 and 136 score = 0.0 sizes 3,2
join 50 and 112 score = 0.0 sizes 1,8
join 99 and 155 score = 0.0 sizes 1,11
join 61 and 99 score = 0.0 sizes 1,12
join 87 and 103 score = 0.0 sizes 1,4
join 85 and 100 score = 0.0 sizes 1,1
join 85 and 86 score = 0.0 sizes 2,2
join 50 and 54 score = 0.0 sizes 9,4
join 3 and 21 score = 0.0 sizes 1,6
join 3 and 67 score = 0.0 sizes 7,1
join 61 and 90 score = 0.0 sizes 13,8
join 67 and 135 score = 0.0 sizes 21,1
join 105 and 113 score = 0.0 sizes 10,41
join 35 and 110 score = 0.0 sizes 51,4
join 94 and 101 score = 0.006756756756756757 sizes 2,1
join 120 and 151 score = 0.014285714285714285 sizes 2,1
join 72 and 142 score = 0.012658227848101266 sizes 3,55
join 32 and 116 score = 0.01282051282051282 sizes 13,1
join 100 and 134 score = 0.0 sizes 14,11
join 22 and 46 score = 0.01092896174863388 sizes 3,25
join 106 and 150 score = 0.006535947712418301 sizes 3,1
join 98 and 150 score = 0.0 sizes 1,4
join 29 and 96 score = 0.013157894736842105 sizes 2,58
join 74 and 151 score = 0.014184397163120567 sizes 1,60
join 37 and 125 score = 0.0 sizes 1,1
join 39 and 52 score = 0.024691358024691357 sizes 4,2
join 37 and 48 score = 0.0 sizes 2,1
join 34 and 95 score = 0.01775147928994083 sizes 5,5
join 73 and 154 score = 0.0379746835443038 sizes 6,1
join 79 and 107 score = 0.030303030303030304 sizes 1,22
join 31 and 147 score = 0.029239766081871343 sizes 1,28
join 17 and 31 score = 0.04516129032258064 sizes 8,29
join 44 and 154 score = 0.034482758620689655 sizes 1,7
join 60 and 77 score = 0.03571428571428571 sizes 1,1
join 60 and 98 score = 0.03225806451612903 sizes 2,10
join 16 and 149 score = 0.037037037037037035 sizes 5,8
join 44 and 125 score = 0.034482758620689655 sizes 13,3
join 87 and 104 score = 0.037037037037037035 sizes 12,1
All pairs
join 18 and 74 score = 0.06 sizes 37,61
join 79 and 137 score = 0.08387096774193549 sizes 23,3
join 2 and 77 score = 0.07407407407407407 sizes 1,13
join 48 and 62 score = 0.14814814814814814 sizes 16,1
join 101 and 116 score = 0.16891891891891891 sizes 26,98
join 104 and 135 score = 0.125 sizes 14,124
join 9 and 62 score = 0.2857142857142857 sizes 1,17
join 2 and 83 score = 0.2962962962962963 sizes 138,18
score = 1.8119905626260828
improvementE1 : -903.2461671025452
improvementE2 : -903.1907677262873
improvementE2 : -903.190766567463
improvementE3 : -903.1843104277503
improvementE2 : -903.1842509794566
improvementE2 : -903.1842483217266
improvementE3 : -903.1760231287544
improvementE3 : -903.1735659637392
improvementE2 : -903.0629883522475
improvementE1 : -903.0629775309145
improvementE1 : -903.0613431671708
improvementE1 : -903.0613131349135
improvementE3 : -888.165630763798
improvementE3 : -886.178531816516
improvementE2 : -886.1318127722641
improvementE3 : -886.1296659068487
improvementE3 : -886.1292575397422
improvementE3 : -886.1292436172143
improvementE1 : -886.1291338834927
improvementE3 : -886.0301980851762
improvementE2 : -886.0301965793511
improvementE1 : -886.0130287157481
improvementE3 : -886.0126817845521
improvementE3 : -885.9455725651765
improvementE3 : -885.9453562838934
improvementE3 : -882.7976248234091
improvementE2 : -882.797406433157
improvementE3 : -882.7970989659183
improvementE2 : -882.7968346873317
improvementE3 : -882.7968217578609
improvementE1 : -882.7961667333001
improvementE1 : -882.7823396888057
improvementE3 : -880.4066211406692
improvementE2 : -880.2651489490194
improvementE1 : -867.9452884325541
improvementE3 : -867.9452366591648
improvementE1 : -867.801627058349
improvementE2 : -867.7723849865649
improvementE2 : -867.7723685477044
improvementE2 : -867.7723328636207
improvementE1 : -867.7723316487081
improvementE1 : -867.6896690804441
improvementE3 : -867.6753579725269
improvementE3 : -867.6747743491965
improvementE3 : -867.6743333984709
improvementE3 : -867.674331736844
improvementE2 : -860.773026249391
improvementE1 : -860.772785536576
improvementE1 : -860.7727753444985
improvementE1 : -853.9197103987595
improvementE2 : -853.918202150018
improvementE3 : -853.5352092411925
improvementE3 : -849.3026978045826
improvementE1 : -846.2683877574591
improvementE1 : -846.2681161898025
improvementE1 : -846.2669450591075
improvementE2 : -846.2669355176203
improvementE3 : -846.2669320686119
improvementE3 : -846.2011489316872
improvementE3 : -846.2011412358568
improvementE1 : -846.2011399663241
improvementE2 : -846.2006125253092
improvementE1 : -846.2006114526798
improvementE2 : -846.2005324708758
improvementE3 : -846.2005230402559
improvementE2 : -817.6464398574874
improvementE3 : -817.6305841414687
improvementE1 : -814.0958873332287
improvementE3 : -813.8874396353481
improvementE2 : -813.8873396993301
improvementE1 : -813.8873370858585
improvementE1 : -813.8873354884036
improvementE3 : -799.6623869661505
improvementE3 : -799.6615594807477
improvementE2 : -799.5871145270053
improvementE1 : -799.5868410970502
improvementE3 : -788.693262866927
improvementE3 : -788.286718012525
improvementE3 : -788.2827939123442
improvementE1 : -788.2826935040257
improvementE3 : -768.5744329438412
improvementE3 : -768.5743949180635
improvementE3 : -759.7469563022678
improvementE1 : -759.3074784296898
improvementE1 : -759.3073748091197
improvementE2 : -759.3073737381194
improvementE2 : -759.3073708483585
improvementE3 : -759.3073696052054
improvementE3 : -759.3073669273283
improvementE2 : -759.3071918986703
improvementE1 : -759.3071907285604
improvementE1 : -759.1651592694983
improvementE2 : -759.1651124045624
improvementE1 : -759.1448001417887
improvementE3 : -759.1409584015448
improvementE1 : -759.1409530335409
improvementE1 : -759.1407845121831
improvementE1 : -736.5555197287613
improvementE3 : -690.09957193226
improvementE3 : -690.0974168438645
improvementE2 : -690.0974018601079
improvementE3 : -690.0973733963899
improvementE1 : -690.0961763669355
improvementE1 : -690.096102226469
improvementE1 : -690.0956468290044
improvementE1 : -690.0956453045492
improvementE2 : -690.0956122755183
improvementE3 : -684.9260227213135
improvementE1 : -677.069197459906
improvementE3 : -674.4612555814547
improvementE3 : -674.4611926959808
improvementE2 : -674.4611902798731
improvementE3 : -664.4844551104748
improvementE2 : -661.862813561839
improvementE3 : -661.8628124005041
improvementE3 : -661.8622785443857
improvementE2 : -661.8603660366803
improvementE1 : -661.8603222983365
improvementE1 : -661.8602620965717
improvementE2 : -661.8601408679938
improvementE2 : -661.8593830855016
improvementE3 : -661.249878788107
improvementE1 : -657.5183224375154
improvementE1 : -653.7777913019911
improvementE3 : -653.7201695043589
improvementE1 : -653.7200722676652
improvementE1 : -653.7139708447949
improvementE1 : -653.713847434693
improvementE3 : -653.7138406324734
improvementE1 : -653.0012744779956
improvementE1 : -653.00127272432
improvementE3 : -653.0011994897402
improvementE2 : -649.6132759238294
improvementE2 : -649.6129466700047
improvementE1 : -648.3134920465403
improvementE1 : -648.3134240686434
improvementE1 : -648.313411475596
improvementE3 : -648.2904108293817
improvementE1 : -648.2903826461469
improvementE1 : -648.2903695977911
improvementE2 : -648.290368447341
improvementE3 : -648.2893823522004
improvementE3 : -648.2890631692233
improvementE3 : -648.2890485443523
improvementE1 : -648.2889832077974
improvementE2 : -648.2889793352599
improvementE3 : -642.0314553350055
improvementE1 : -642.0314477058045
improvementE3 : -640.0342465056094
improvementE3 : -637.792581319972
improvementE3 : -637.7925769837202
improvementE1 : -637.7912933638238
improvementE2 : -637.7912889647062
improvementE3 : -637.7906943912061
improvementE3 : -637.7906932601552
improvementE1 : -637.7906530306554
improvementE1 : -637.7904732098712
improvementE1 : -637.7169679927929
improvementE1 : -637.604740111112
improvementE3 : -632.9489547110825
improvementE1 : -632.9489496801405
improvementE3 : -620.3567008040015
improvementE3 : -620.3566988240966
improvementE2 : -620.3562809833038
improvementE2 : -620.2229012946544
improvementE2 : -620.2200071261747
improvementE1 : -620.2200037473013
improvementE1 : -620.1925400387108
improvementE3 : -620.1879113463756
improvementE3 : -620.187882034812
improvementE2 : -620.1874886870703
improvementE3 : -620.1874486198406
improvementE2 : -620.1778243538121
improvementE3 : -619.9139277904669
improvementE1 : -605.7508373627472
improvementE3 : -605.7508362687386
improvementE3 : -605.7134090241285
improvementE2 : -605.652880374148
improvementE1 : -605.640989931276
improvementE2 : -605.6245346006938
improvementE3 : -605.6110317398311
improvementE2 : -605.3313696499761
improvementE3 : -605.331368135629
improvementE2 : -605.3307601185572
improvementE1 : -605.2907646570593
improvementE3 : -605.0439697035447
improvementE1 : -605.0411195092736
improvementE3 : -605.0411183958213
improvementE2 : -605.0329664807907
improvementE3 : -605.0328810295621
improvementE3 : -605.0328698706835
improvementE2 : -605.0328681221708
improvementE3 : -605.0308019526703
improvementE1 : -605.0306980269329
improvementE3 : -605.0306659681644
improvementE3 : -605.0306299716149
improvementE3 : -605.0304412706141
improvementE3 : -602.8996080893834
improvementE1 : -602.8996035181709
improvementE1 : -602.8995018841581
improvementE2 : -600.7207158813549
improvementE3 : -596.7325150641827
improvementE1 : -595.2673645393756
improvementE2 : -595.2673634112703
improvementE2 : -595.2673125071755
improvementE1 : -595.267310345422
improvementE1 : -595.2066884912169
improvementE2 : -595.2007410969704
improvementE3 : -595.200503540826
improvementE3 : -595.1328118988644
improvementE3 : -594.5632308919343
improvementE3 : -594.5115356395986
improvementE2 : -594.5115336828767
improvementE2 : -594.4930381273981
improvementE3 : -594.4929219954199
improvementE1 : -594.4929201935488
improvementE1 : -594.4929184394182
improvementE2 : -594.3845849136926
improvementE3 : -594.3845820910531
improvementE3 : -594.3845343225938
improvementE2 : -594.3619713576852
improvementE3 : -591.7522732656356
improvementE2 : -591.7482007681958
improvementE2 : -591.7354152678918
improvementE3 : -591.7350930035293
improvementE2 : -591.7350669861006
improvementE3 : -591.735058509402
improvementE3 : -591.735049127166
improvementE2 : -591.2437346394067
improvementE3 : -591.2437317594433
improvementE1 : -591.2432883636122
improvementE3 : -591.2432853558054
improvementE1 : -582.3997388567193
improvementE1 : -582.399344754693
improvementE1 : -582.3993397391362
improvementE2 : -578.7780760653151
improvementE3 : -578.7774548047228
improvementE2 : -575.0629488714596
improvementE3 : -575.0629441292403
improvementE3 : -575.0629428106699
improvementE2 : -575.0629388478241
improvementE2 : -575.0629370192532
improvementE1 : -575.0629318432473
improvementE2 : -575.0629220572794
improvementE2 : -575.0629193597277
improvementE2 : -567.2525971723317
improvementE2 : -567.2431053255568
improvementE3 : -567.2426078446556
improvementE1 : -567.242597631043
improvementE2 : -567.2422183379157
improvementE3 : -567.2034684523179
improvementE3 : -567.184053144716
improvementE2 : -567.1814718106974
improvementE3 : -567.181445782707
improvementE3 : -567.1814348739723
improvementE3 : -567.1814331325734
improvementE3 : -567.1684245658737
improvementE3 : -567.1679988891453
improvementE2 : -567.1679923487047
improvementE2 : -567.1679908629965
improvementE1 : -567.1679835584807
improvementE1 : -567.1679825106655
improvementE2 : -567.1679813071402
improvementE3 : -567.1679457401839
improvementE2 : -567.1677976733251
improvementE2 : -567.1677949259911
improvementE3 : -563.9661071306779
improvementE1 : -563.9661054382594
improvementE3 : -563.9179928365783
improvementE2 : -563.9179612819592
improvementE1 : -563.9179593496249
improvementE1 : -563.9179073810615
improvementE3 : -563.9179053914039
improvementE2 : -563.9179042578924
improvementE2 : -563.9179012513666
improvementE1 : -563.9178977120661
improvementE1 : -560.9890195297189
improvementE1 : -560.9890095680455
improvementE2 : -560.9890076887209
improvementE3 : -560.9879183130525
improvementE2 : -560.9879154491364
improvementE3 : -560.9879120193646
improvementE2 : -560.9879077439525
improvementE2 : -560.987906419545
improvementE1 : -560.9875844665567
improvementE1 : -560.9875821617363
improvementE3 : -560.9875311370695
improvementE3 : -560.9858618914632
improvementE3 : -560.984353752663
improvementE2 : -560.9779908407615
improvementE3 : -560.9779883866811
improvementE3 : -560.962678025177
improvementE3 : -560.9626301982969
improvementE2 : -560.9626188426138
improvementE3 : -560.7254373526098
improvementE1 : -560.7254092477283
improvementE2 : -560.7253536033339
improvementE3 : -560.4607798079403
improvementE2 : -560.4369706886703
improvementE3 : -554.7627645444081
improvementE2 : -554.7623147991162
improvementE3 : -554.4223060159673
improvementE3 : -554.4146247434065
improvementE2 : -554.4146176274703
improvementE2 : -554.414613170932
improvementE1 : -554.4023338664231
improvementE3 : -554.4023318417887
improvementE2 : -554.3926845052503
improvementE3 : -554.3926798734191
improvementE2 : -554.3926725841836
improvementE3 : -554.3890501697883
improvementE2 : -554.389025918766
improvementE2 : -554.3890085247995
logL = -2981.898072071855
Removing 0 markers
Second round
improvementE2 : -554.1363835776397
improvementE1 : -554.1363823138922
improvementE1 : -554.136355758171
improvementE2 : -554.1363520641394
improvementE1 : -554.1338209828701
improvementE3 : -554.1188520144847
improvementE1 : -554.1186678007575
improvementE2 : -554.1186563884942
improvementE3 : -554.1181722186941
improvementE1 : -554.1150397840672
improvementE1 : -554.1150387219071
improvementE3 : -554.1150367439418
improvementE1 : -554.1148320955313
improvementE3 : -554.1148291051011
improvementE1 : -554.1148221887686
improvementE1 : -554.1148181111414
improvementE1 : -554.1148168021882
improvementE3 : -554.1148155395879
improvementE3 : -554.1148144701888
improvementE1 : -554.1148082846274
improvementE3 : -552.1284055945656
improvementE2 : -552.1283998668165
improvementE3 : -551.8652536706013
improvementE1 : -551.8652521415327
improvementE3 : -551.8652503021849
improvementE2 : -551.8652491606972
improvementE3 : -551.8652383936284
improvementE1 : -551.8652311128515
improvementE3 : -551.8652233329044
improvementE1 : -551.8652219600326
improvementE3 : -551.865220623818
improvementE1 : -551.865179002405
improvementE2 : -551.8609307816063
improvementE1 : -551.8608954565627
improvementE2 : -551.860894136677
improvementE2 : -551.8608794129495
improvementE1 : -551.8608782721732
improvementE1 : -551.8608580879722
improvementE3 : -551.8608517077943
improvementE1 : -551.8608457732968
improvementE3 : -551.8608398844224
improvementE1 : -551.8608313205186
improvementE2 : -551.8608251901284
improvementE3 : -551.8608223663608
improvementE3 : -551.8608191882499
improvementE3 : -551.8608121573596
improvementE3 : -551.8608073312134
improvementE3 : -550.8607347241752
improvementE3 : -550.8607066706344
improvementE3 : -550.8606647306522
improvementE1 : -550.8606597826633
improvementE3 : -550.8606544161191
