0->0 : 0
0->1 : 0
0->2 : 0
       Error rate = 0.0
1->0 : 0
1->1 : 0
1->2 : 0
       Error rate = 0.0
2->0 : 0
2->1 : 0
2->2 : 0
       Error rate = 0.0
0,2->0,2 : 1338190
  0,2->1 : 0
1,2->1,2 : 0
  1,2->0 : 0
       Error rate = 0.0
Maternally informative markers = 0 (of 12194)
Paternally informative markers = 12194
Maternally or paternally informative markers = 12194
Removed 0 children
Removed 0 markers
Number of LGs = 37
***Family = fam_08 chromosome = 37 numMarkers = 131 maternal informative markers 0 (paternal informative markers 131)
***Family = fam_01 chromosome = 37 numMarkers = 131 maternal informative markers 0 (paternal informative markers 131)
***Family = fam_09 chromosome = 37 numMarkers = 131 maternal informative markers 0 (paternal informative markers 131)
131->114
114->114
All pairs
join 29 and 62 score = 0.0 sizes 1,1
join 87 and 88 score = 0.0 sizes 1,1
join 42 and 43 score = 0.0 sizes 1,1
join 36 and 57 score = 0.0 sizes 1,1
join 3 and 28 score = 0.0 sizes 1,1
join 6 and 26 score = 0.0 sizes 1,1
join 46 and 51 score = 0.0 sizes 1,1
join 10 and 71 score = 0.0 sizes 1,1
join 16 and 47 score = 0.0 sizes 1,1
join 71 and 93 score = 0.0 sizes 2,1
join 10 and 58 score = 0.0 sizes 3,1
join 89 and 93 score = 0.0 sizes 1,4
join 18 and 86 score = 0.0 sizes 1,1
join 20 and 89 score = 0.0 sizes 1,5
join 40 and 95 score = 0.0 sizes 1,1
join 12 and 95 score = 0.0 sizes 1,2
join 42 and 80 score = 0.0 sizes 2,1
join 43 and 100 score = 0.0 sizes 3,1
join 28 and 113 score = 0.0 sizes 2,1
join 26 and 57 score = 0.0 sizes 2,2
join 12 and 19 score = 0.0 sizes 3,1
join 19 and 48 score = 0.0 sizes 4,1
join 2 and 75 score = 0.0 sizes 1,1
join 2 and 46 score = 0.0 sizes 2,2
join 39 and 65 score = 0.0 sizes 1,1
join 29 and 40 score = 0.005050505050505051 sizes 2,5
join 62 and 69 score = 0.0 sizes 7,1
join 18 and 87 score = 0.0 sizes 2,2
join 32 and 108 score = 0.0 sizes 1,1
join 47 and 69 score = 0.005263157894736842 sizes 2,8
join 77 and 82 score = 0.0 sizes 1,1
join 75 and 77 score = 0.0 sizes 4,2
join 52 and 107 score = 0.0 sizes 1,1
join 34 and 98 score = 0.0 sizes 1,1
join 61 and 66 score = 0.0 sizes 1,1
join 66 and 109 score = 0.0 sizes 2,1
join 16 and 17 score = 0.0 sizes 10,1
join 63 and 80 score = 0.0058823529411764705 sizes 1,4
join 24 and 92 score = 0.006060606060606061 sizes 1,1
join 37 and 110 score = 0.007246376811594203 sizes 1,1
join 53 and 100 score = 0.006211180124223602 sizes 1,5
join 27 and 83 score = 0.0 sizes 1,1
join 73 and 83 score = 0.0 sizes 1,2
join 9 and 90 score = 0.0070921985815602835 sizes 1,1
join 64 and 90 score = 0.006578947368421052 sizes 1,2
join 50 and 85 score = 0.0 sizes 1,1
join 67 and 109 score = 0.0078125 sizes 1,3
join 3 and 22 score = 0.006369426751592357 sizes 3,1
join 37 and 108 score = 0.0 sizes 2,2
join 105 and 110 score = 0.007936507936507936 sizes 1,4
join 1 and 65 score = 0.006802721088435374 sizes 1,2
join 70 and 79 score = 0.0 sizes 1,1
join 70 and 97 score = 0.0 sizes 2,1
join 44 and 82 score = 0.006711409395973154 sizes 1,6
join 24 and 111 score = 0.006060606060606061 sizes 2,1
join 38 and 45 score = 0.0 sizes 1,1
join 50 and 73 score = 0.0 sizes 2,3
join 85 and 113 score = 0.0 sizes 5,4
join 55 and 107 score = 0.0 sizes 1,2
join 54 and 64 score = 0.0189873417721519 sizes 1,3
join 9 and 81 score = 0.013157894736842105 sizes 4,1
join 41 and 67 score = 0.014705882352941176 sizes 1,4
join 1 and 38 score = 0.011904761904761904 sizes 3,2
join 63 and 103 score = 0.01744186046511628 sizes 6,1
join 35 and 39 score = 0.012195121951219513 sizes 1,5
join 17 and 45 score = 0.0 sizes 11,6
join 48 and 104 score = 0.013333333333333334 sizes 17,1
join 34 and 56 score = 0.0 sizes 2,1
join 15 and 56 score = 0.0 sizes 1,3
join 21 and 54 score = 0.018518518518518517 sizes 1,5
join 11 and 13 score = 0.01910828025477707 sizes 1,1
join 13 and 103 score = 0.01910828025477707 sizes 2,7
join 5 and 76 score = 0.0 sizes 1,1
join 59 and 76 score = 0.0 sizes 1,2
join 31 and 102 score = 0.0 sizes 1,1
join 101 and 102 score = 0.0 sizes 1,2
join 21 and 96 score = 0.023529411764705882 sizes 6,1
join 94 and 97 score = 0.0196078431372549 sizes 1,3
join 32 and 88 score = 0.0 sizes 5,4
join 61 and 68 score = 0.0125 sizes 5,1
join 4 and 68 score = 0.025157232704402517 sizes 1,6
join 41 and 91 score = 0.023952095808383235 sizes 7,1
join 5 and 94 score = 0.019230769230769232 sizes 3,4
join 4 and 30 score = 0.026845637583892617 sizes 8,1
join 33 and 91 score = 0.030120481927710843 sizes 1,9
join 51 and 98 score = 0.022727272727272728 sizes 7,4
join 72 and 86 score = 0.03546099290780142 sizes 1,9
All pairs
join 23 and 111 score = 0.012121212121212121 sizes 1,3
join 53 and 96 score = 0.023529411764705882 sizes 9,7
join 7 and 84 score = 0.032679738562091505 sizes 1,1
join 11 and 84 score = 0.02531645569620253 sizes 16,2
join 58 and 106 score = 0.02877697841726619 sizes 6,1
join 6 and 22 score = 0.03067484662576687 sizes 4,9
join 35 and 92 score = 0.024096385542168676 sizes 18,4
join 30 and 78 score = 0.038461538461538464 sizes 10,1
join 15 and 59 score = 0.03333333333333333 sizes 11,7
join 36 and 105 score = 0.04477611940298507 sizes 13,10
join 52 and 104 score = 0.034482758620689655 sizes 3,22
join 23 and 99 score = 0.037037037037037035 sizes 25,1
join 7 and 99 score = 0.043795620437956206 sizes 18,26
join 14 and 60 score = 0.03225806451612903 sizes 1,1
join 79 and 106 score = 0.03488372093023256 sizes 18,7
join 0 and 49 score = 0.041916167664670656 sizes 1,1
join 33 and 112 score = 0.0472972972972973 sizes 11,1
join 49 and 112 score = 0.06040268456375839 sizes 2,12
join 0 and 81 score = 0.06770833333333333 sizes 14,44
join 31 and 74 score = 0.08695652173913043 sizes 3,1
join 27 and 101 score = 0.07692307692307693 sizes 23,4
join 8 and 44 score = 0.07746478873239436 sizes 1,25
join 55 and 72 score = 0.1 sizes 58,27
join 25 and 78 score = 0.152317880794702 sizes 1,85
join 14 and 74 score = 0.2413793103448276 sizes 2,86
All pairs
join 8 and 60 score = 0.0 sizes 26,88
score = 1.9172607922650766
improvementE3 : -1004.0766318014003
improvementE2 : -1002.4207060156092
improvementE3 : -1002.408381277968
improvementE3 : -995.4301648663854
improvementE1 : -995.4299453896775
improvementE2 : -994.9754343934754
improvementE3 : -990.0838685717596
improvementE3 : -985.4496977572617
improvementE1 : -985.4491854963104
improvementE3 : -984.4958936902327
improvementE3 : -981.2007721775062
improvementE1 : -981.192992967863
improvementE3 : -978.1410368776781
improvementE3 : -977.0568836922674
improvementE3 : -977.046246924514
improvementE1 : -977.0336957608623
improvementE1 : -975.6737334732585
improvementE1 : -970.351954085566
improvementE3 : -961.7689221314511
improvementE3 : -961.7672467759963
improvementE2 : -961.7658608457101
improvementE1 : -960.8362638282118
improvementE1 : -958.260414254989
improvementE3 : -958.2062425035441
improvementE3 : -958.1453917995048
improvementE1 : -957.5108009555514
improvementE2 : -956.4409378514529
improvementE3 : -955.5776305876179
improvementE2 : -955.520600603552
improvementE1 : -933.8613875692787
improvementE2 : -933.8571827495458
improvementE3 : -933.7693969549247
improvementE3 : -933.769390628827
improvementE3 : -933.354188354582
improvementE3 : -933.3541242398791
improvementE1 : -933.3529548599267
improvementE1 : -931.6146455019342
improvementE3 : -931.6146054569726
improvementE1 : -929.0099399264125
improvementE3 : -924.4312278455452
improvementE2 : -924.4312035213968
improvementE3 : -924.4308092702681
improvementE2 : -924.4308065882145
improvementE2 : -924.4301776736934
improvementE3 : -924.4300132893674
improvementE2 : -924.4300074187696
improvementE1 : -924.3945184294461
improvementE3 : -924.3915499111666
improvementE1 : -924.3915420138825
improvementE3 : -924.3915118398803
improvementE2 : -924.3914701470832
improvementE1 : -924.385677275489
improvementE1 : -924.38552794372
improvementE3 : -924.3802031464869
improvementE1 : -924.3801930240916
improvementE2 : -924.3801912483103
improvementE2 : -924.3801841790548
improvementE1 : -924.3792379979112
improvementE2 : -924.3791834176835
improvementE1 : -918.1792377762498
improvementE3 : -918.1784451131801
improvementE2 : -913.5535337815714
improvementE3 : -913.553524133971
improvementE1 : -913.5521600907717
improvementE1 : -913.5244505267543
improvementE2 : -912.1283475991438
improvementE2 : -912.1281778193819
improvementE1 : -912.127603889668
improvementE3 : -907.7968594652906
improvementE3 : -907.7897821185832
improvementE1 : -887.624182679387
improvementE3 : -887.6239004047721
improvementE3 : -887.6238659301711
improvementE1 : -887.6232739007893
improvementE2 : -887.6202304904097
improvementE3 : -887.6202290086138
improvementE1 : -887.4056940450837
improvementE3 : -887.4026081103437
improvementE2 : -887.4026053759284
improvementE2 : -887.4026013673174
improvementE2 : -886.0361108814777
improvementE3 : -886.0227421828608
improvementE1 : -886.0227333410041
improvementE2 : -886.022705148662
improvementE2 : -886.0225825285125
improvementE3 : -885.7655687959068
improvementE2 : -885.7637281675059
improvementE3 : -885.7637271406994
improvementE3 : -885.7622580356154
improvementE3 : -885.7622256634393
improvementE2 : -885.7605218216798
improvementE2 : -885.7240530655376
improvementE2 : -885.7240381047927
improvementE2 : -884.7244087664191
improvementE1 : -884.7218501417991
improvementE1 : -884.7218487908331
improvementE3 : -884.7180707762261
improvementE3 : -884.7173255754383
improvementE3 : -884.7032318987251
improvementE3 : -884.7006056347057
improvementE3 : -884.6991696462765
improvementE2 : -884.6991679842615
improvementE3 : -884.6437544223097
improvementE1 : -883.3523538168348
improvementE3 : -883.3523389386431
improvementE3 : -883.3523314455433
improvementE2 : -883.3523135158447
improvementE3 : -883.3365699608543
improvementE3 : -883.335093968608
improvementE1 : -883.3345165310654
improvementE3 : -883.334408373619
improvementE1 : -883.3331140598051
improvementE2 : -883.333105165877
improvementE1 : -882.6039086361039
improvementE2 : -882.6008035674523
improvementE2 : -882.5983209885179
improvementE3 : -882.5982965277742
improvementE3 : -882.5982529187609
improvementE2 : -882.5982442275432
improvementE2 : -882.5908396255273
improvementE2 : -882.5905738958835
improvementE2 : -882.5838290064755
improvementE2 : -882.5830327863272
improvementE1 : -882.5145304348194
improvementE2 : -882.5145189557759
improvementE1 : -882.5144798802404
improvementE2 : -882.5131684908147
improvementE1 : -880.9180132828026
improvementE2 : -880.9180122573902
improvementE1 : -880.916487452429
improvementE3 : -880.9164838920693
improvementE3 : -880.9082705315466
improvementE2 : -879.7266817434438
improvementE2 : -879.7266696320406
improvementE3 : -879.3819689809516
improvementE3 : -879.3819562946032
improvementE1 : -879.3819026442362
improvementE3 : -875.1229392300395
improvementE1 : -873.2019871845672
improvementE3 : -873.2019491731802
improvementE1 : -873.1992548069263
improvementE3 : -873.19924986578
improvementE1 : -873.1992427068695
improvementE2 : -873.1991474798874
improvementE3 : -873.1991220665595
improvementE2 : -873.1990871117167
improvementE1 : -873.1990779226517
improvementE1 : -873.0761492870773
improvementE1 : -873.0761017761304
improvementE1 : -873.0761006535417
improvementE2 : -873.0753126712657
improvementE2 : -872.7907380603775
improvementE2 : -872.7907073407075
improvementE3 : -872.6877213582626
improvementE3 : -872.6877009360908
improvementE3 : -872.6876898908654
improvementE3 : -872.6876474981519
improvementE2 : -872.6872987520788
improvementE1 : -872.6757734073236
improvementE2 : -872.6756655191223
improvementE2 : -872.6756541378419
improvementE3 : -872.6756524549118
improvementE2 : -871.7143243598402
improvementE2 : -871.7142901650033
improvementE1 : -871.7142446370025
improvementE2 : -871.7142384683445
improvementE2 : -871.7141819021282
improvementE3 : -871.7141799697645
improvementE2 : -871.7065309679781
improvementE2 : -871.7065288073768
improvementE1 : -871.7065239104862
improvementE1 : -871.6956646758248
improvementE3 : -869.1030849098396
improvementE1 : -869.1030807906935
improvementE1 : -869.0783086660406
improvementE3 : -865.9132891661899
improvementE3 : -865.9132863600772
improvementE3 : -865.913252654712
improvementE2 : -865.9132432419528
improvementE3 : -865.9126707192652
improvementE3 : -865.9123277644051
improvementE1 : -865.9123262013957
improvementE3 : -865.9110075025701
improvementE1 : -865.8677684088848
improvementE3 : -865.8677636679984
improvementE3 : -865.867761207542
improvementE3 : -865.8676605555635
improvementE2 : -865.8676524606384
improvementE1 : -865.1902933871102
improvementE2 : -849.7297375637276
improvementE2 : -849.7296438107355
improvementE2 : -849.7296287807599
improvementE3 : -849.7295872147332
improvementE1 : -849.7271200624886
improvementE3 : -842.0946289727451
improvementE1 : -842.0942552973626
improvementE3 : -819.915956213518
improvementE1 : -819.9159473747303
improvementE3 : -819.9159305655562
improvementE3 : -816.7627270708809
improvementE3 : -816.7609345459324
improvementE2 : -816.7609331470351
improvementE3 : -816.760928184141
improvementE1 : -816.7494788454179
improvementE2 : -815.8842480955632
improvementE1 : -815.8542176018614
improvementE1 : -815.8542152068105
improvementE1 : -813.1101153998184
improvementE3 : -810.7802450449511
improvementE1 : -810.7800673800526
improvementE3 : -810.772180533271
improvementE3 : -810.770088703253
improvementE2 : -792.9420108271019
improvementE3 : -791.9796602490039
improvementE1 : -791.979561951706
improvementE2 : -791.8009521013555
improvementE1 : -791.8009337892289
improvementE2 : -791.8009087474006
improvementE2 : -791.8009059555583
improvementE2 : -791.8009013913253
improvementE1 : -791.8008794152894
improvementE3 : -791.5269068024189
improvementE3 : -791.464292933709
improvementE3 : -791.4642827146208
improvementE1 : -791.4642765921308
improvementE3 : -791.4642738647816
improvementE2 : -791.4642645737092
improvementE2 : -791.464259079896
improvementE1 : -791.4642395904604
improvementE2 : -791.4028412616486
improvementE3 : -791.4028353036435
improvementE1 : -791.4028167800845
improvementE2 : -791.4028088240289
improvementE3 : -791.4026855244934
improvementE3 : -791.4026524984966
improvementE2 : -791.0895478590611
improvementE3 : -791.0785331103888
improvementE2 : -791.0724944899246
improvementE1 : -791.0723646760155
improvementE1 : -791.0626928461204
improvementE3 : -791.0616670320426
improvementE2 : -789.1291612082073
improvementE3 : -789.1286867908444
improvementE2 : -789.1264158238399
improvementE2 : -789.126393202399
improvementE3 : -782.9400694219464
improvementE3 : -782.8394664261107
improvementE1 : -782.8385564504928
improvementE3 : -782.8374739640485
improvementE1 : -782.8361104870868
improvementE2 : -782.8360464302606
improvementE2 : -782.8358314850944
improvementE1 : -782.8356307960029
improvementE1 : -782.8356199493306
improvementE3 : -782.8356182645117
improvementE1 : -782.8346717843785
improvementE2 : -782.8346635261813
improvementE1 : -782.8342507549072
improvementE3 : -782.8341871366231
improvementE3 : -782.8341823268594
improvementE2 : -782.6624271165836
improvementE2 : -782.577333645536
improvementE3 : -782.5688004271442
improvementE1 : -782.5684072870902
improvementE2 : -782.5683654709792
improvementE3 : -782.5428884767595
improvementE1 : -782.5353468531798
logL = -2637.7672834971895
Removing 0 markers
Second round
improvementE1 : -782.5353237096117
improvementE3 : -782.4781862698737
improvementE2 : -782.4669682691415
improvementE3 : -782.3897494622618
improvementE3 : -782.3897462110921
improvementE3 : -782.3894364333279
improvementE2 : -782.3866160352455
improvementE3 : -782.3862756079103
improvementE3 : -782.3862685965557
improvementE1 : -782.386234469943
improvementE2 : -782.3862233552064
improvementE3 : -782.3659960512235
improvementE3 : -782.3659149191327
improvementE2 : -782.3659029075669
improvementE3 : -782.3655256397154
improvementE1 : -782.2820738153993
improvementE1 : -782.2819260523787
improvementE1 : -782.2819183564297
improvementE3 : -782.2407336467707
improvementE3 : -782.2405715810723
improvementE3 : -781.839228133966
improvementE3 : -781.8391619140584
improvementE2 : -781.8391510745654
improvementE1 : -781.8391353171545
improvementE1 : -781.7998237090217
improvementE3 : -781.7995751228029
improvementE3 : -781.7995140788707
improvementE3 : -781.7994425189569
improvementE3 : -781.7989375744985
improvementE1 : -781.7989216980612
improvementE3 : -781.7987372307167
improvementE1 : -781.7987249876014
improvementE2 : -781.7987224060372
improvementE2 : -781.7726751454088
improvementE2 : -780.0503129909265
improvementE3 : -780.0503093046942
improvementE1 : -779.0513517236889
improvementE2 : -775.8241283760245
improvementE3 : -775.8238234444208
improvementE1 : -775.8238188195292
improvementE2 : -773.586187058579
improvementE2 : -773.5860424385753
improvementE2 : -773.5291939727355
improvementE3 : -773.5291616127337
improvementE2 : -773.529159251679
improvementE1 : -773.5289592212309
improvementE3 : -773.5289581902271
improvementE2 : -773.5289566801617
improvementE2 : -773.5289555368046
improvementE3 : -773.5288856051246
improvementE3 : -773.5276774042778
improvementE3 : -773.5266109323095
improvementE3 : -773.5264007477557
improvementE2 : -773.5260304111849
improvementE1 : -773.025660005291
improvementE2 : -770.9890395227792
improvementE2 : -770.9889711677764
improvementE3 : -770.988890258981
improvementE1 : -770.9887516555502
improvementE1 : -770.656119558205
improvementE3 : -770.6530231167756
improvementE2 : -770.6529465489066
improvementE3 : -770.6499718890437
improvementE2 : -769.8663902009941
improvementE3 : -769.7839655295917
improvementE3 : -769.7838670483706
improvementE3 : -769.7838377756711
improvementE3 : -763.6366218219795
improvementE3 : -763.6366131116486
improvementE2 : -763.6365381451186
improvementE3 : -763.635416878769
improvementE1 : -763.6354021256784
improvementE3 : -763.6354005565513
improvementE3 : -763.635397975188
improvementE3 : -763.6353886709173
improvementE3 : -763.6353864594037
improvementE2 : -763.6353849056676
improvementE1 : -763.6353554886105
improvementE2 : -763.6353544316426
improvementE2 : -763.6353490918818
improvementE3 : -763.6065803672989
improvementE1 : -763.6047794512361
improvementE3 : -763.6047768252186
improvementE3 : -763.6047666760867
improvementE1 : -763.6047444252621
improvementE1 : -763.6047416897787
improvementE3 : -754.1542736989513
