0->0 : 0
0->1 : 0
0->2 : 0
       Error rate = 0.0
1->0 : 0
1->1 : 0
1->2 : 0
       Error rate = 0.0
2->0 : 0
2->1 : 0
2->2 : 0
       Error rate = 0.0
0,2->0,2 : 1340462
  0,2->1 : 0
1,2->1,2 : 0
  1,2->0 : 0
       Error rate = 0.0
Maternally informative markers = 0 (of 12028)
Paternally informative markers = 12028
Maternally or paternally informative markers = 12028
Removed 0 children
Removed 0 markers
Number of LGs = 41
***Family = fam_08 chromosome = 39 numMarkers = 6 maternal informative markers 0 (paternal informative markers 6)
***Family = fam_01 chromosome = 39 numMarkers = 6 maternal informative markers 0 (paternal informative markers 6)
***Family = fam_09 chromosome = 39 numMarkers = 6 maternal informative markers 0 (paternal informative markers 6)
6->5
5->5
All pairs
join 1 and 3 score = 0.0 sizes 1,1
join 2 and 3 score = 0.0 sizes 1,2
join 0 and 2 score = 0.0 sizes 1,3
join 0 and 4 score = 0.0 sizes 4,1
score = 0.0
improvementE1 : -21.720862663110555
improvementE1 : -21.708646085330425
improvementE3 : -21.708471860361534
improvementE2 : -21.705432586483205
improvementE3 : -21.70518149390069
improvementE2 : -21.690208702981426
logL = -21.43862466966971
Removing 0 markers
Second round
improvementE3 : -21.69020248737273
