0->0 : 0
0->1 : 0
0->2 : 0
       Error rate = 0.0
1->0 : 0
1->1 : 0
1->2 : 0
       Error rate = 0.0
2->0 : 0
2->1 : 0
2->2 : 0
       Error rate = 0.0
0,2->0,2 : 1338190
  0,2->1 : 0
1,2->1,2 : 0
  1,2->0 : 0
       Error rate = 0.0
Maternally informative markers = 0 (of 12194)
Paternally informative markers = 12194
Maternally or paternally informative markers = 12194
Removed 0 children
Removed 0 markers
Number of LGs = 37
***Family = fam_08 chromosome = 4 numMarkers = 409 maternal informative markers 0 (paternal informative markers 409)
***Family = fam_01 chromosome = 4 numMarkers = 409 maternal informative markers 0 (paternal informative markers 409)
***Family = fam_09 chromosome = 4 numMarkers = 409 maternal informative markers 0 (paternal informative markers 408)
409->339
339->339
All pairs
join 0 and 337 score = 0.0 sizes 1,1
join 44 and 86 score = 0.0 sizes 1,1
join 154 and 185 score = 0.0 sizes 1,1
join 185 and 337 score = 0.0 sizes 2,2
join 44 and 257 score = 0.0 sizes 2,1
join 0 and 161 score = 0.0 sizes 4,1
join 86 and 279 score = 0.0 sizes 3,1
join 221 and 257 score = 0.0 sizes 1,4
join 279 and 321 score = 0.0 sizes 5,1
join 16 and 212 score = 0.0 sizes 1,1
join 178 and 212 score = 0.0 sizes 1,2
join 161 and 178 score = 0.0 sizes 5,3
join 159 and 254 score = 0.0 sizes 1,1
join 13 and 21 score = 0.0 sizes 1,1
join 21 and 259 score = 0.0 sizes 2,1
join 259 and 292 score = 0.0 sizes 3,1
join 89 and 157 score = 0.0 sizes 1,1
join 13 and 24 score = 0.0 sizes 4,1
join 159 and 190 score = 0.0 sizes 2,1
join 172 and 286 score = 0.0 sizes 1,1
join 54 and 60 score = 0.0 sizes 1,1
join 60 and 310 score = 0.0 sizes 2,1
join 117 and 310 score = 0.0 sizes 1,3
join 5 and 114 score = 0.0 sizes 1,1
join 114 and 154 score = 0.0 sizes 2,8
join 128 and 214 score = 0.0 sizes 1,1
join 214 and 238 score = 0.0 sizes 2,1
join 39 and 167 score = 0.0 sizes 1,1
join 117 and 286 score = 0.0 sizes 4,2
join 108 and 332 score = 0.0 sizes 1,1
join 16 and 45 score = 0.0 sizes 10,1
join 92 and 332 score = 0.0 sizes 1,2
join 108 and 235 score = 0.0 sizes 3,1
join 96 and 120 score = 0.0 sizes 1,1
join 150 and 211 score = 0.0 sizes 1,1
join 174 and 190 score = 0.0 sizes 1,3
join 40 and 299 score = 0.0 sizes 1,1
join 27 and 40 score = 0.0 sizes 1,2
join 96 and 278 score = 0.0 sizes 2,1
join 24 and 120 score = 0.0 sizes 5,3
join 92 and 302 score = 0.0 sizes 4,1
join 172 and 235 score = 0.0 sizes 6,5
join 47 and 122 score = 0.0 sizes 1,1
join 78 and 202 score = 0.0 sizes 1,1
join 78 and 312 score = 0.0 sizes 2,1
join 100 and 312 score = 0.0 sizes 1,3
join 144 and 150 score = 0.0 sizes 1,2
join 144 and 222 score = 0.0 sizes 3,1
join 76 and 222 score = 0.0 sizes 1,4
join 155 and 239 score = 0.0 sizes 1,1
join 43 and 46 score = 0.0 sizes 1,1
join 76 and 189 score = 0.0 sizes 5,1
join 5 and 211 score = 0.0 sizes 11,6
join 216 and 304 score = 0.0 sizes 1,1
join 243 and 253 score = 0.0 sizes 1,1
join 170 and 229 score = 0.0 sizes 1,1
join 100 and 329 score = 0.0 sizes 4,1
join 15 and 194 score = 0.0 sizes 1,1
join 49 and 151 score = 0.0 sizes 1,1
join 151 and 200 score = 0.0 sizes 2,1
join 38 and 103 score = 0.0 sizes 1,1
join 30 and 306 score = 0.0 sizes 1,1
join 30 and 302 score = 0.0 sizes 2,11
join 1 and 87 score = 0.0 sizes 1,1
join 87 and 316 score = 0.0 sizes 2,1
join 1 and 22 score = 0.0 sizes 3,1
join 126 and 147 score = 0.0 sizes 1,1
join 43 and 278 score = 0.0 sizes 2,8
join 180 and 231 score = 0.0 sizes 1,1
join 231 and 304 score = 0.0 sizes 2,2
join 157 and 317 score = 0.0 sizes 2,1
join 193 and 284 score = 0.0 sizes 1,1
join 113 and 173 score = 0.0 sizes 1,1
join 57 and 229 score = 0.0 sizes 1,2
join 25 and 273 score = 0.0 sizes 1,1
join 155 and 191 score = 0.0 sizes 2,1
join 49 and 221 score = 0.0 sizes 3,6
join 200 and 204 score = 0.0 sizes 9,1
join 234 and 275 score = 0.0 sizes 1,1
join 29 and 216 score = 0.0 sizes 1,4
join 184 and 207 score = 0.0 sizes 1,1
join 53 and 207 score = 0.0 sizes 1,2
join 53 and 119 score = 0.0 sizes 3,1
join 149 and 195 score = 0.0 sizes 1,1
join 195 and 323 score = 0.0 sizes 2,1
join 113 and 149 score = 0.0 sizes 2,3
join 228 and 323 score = 0.0 sizes 1,5
join 224 and 228 score = 0.0 sizes 1,6
join 224 and 276 score = 0.0 sizes 7,1
join 63 and 123 score = 0.0 sizes 1,1
join 29 and 287 score = 0.0 sizes 5,1
join 174 and 237 score = 0.0 sizes 4,1
join 70 and 85 score = 0.0 sizes 1,1
join 51 and 191 score = 0.0 sizes 1,3
join 162 and 284 score = 0.0 sizes 1,2
join 193 and 305 score = 0.0 sizes 3,1
join 110 and 184 score = 0.0 sizes 1,4
join 194 and 240 score = 0.0 sizes 2,1
join 45 and 158 score = 0.0 sizes 17,1
join 204 and 291 score = 0.0 sizes 10,1
join 199 and 321 score = 0.0 sizes 1,11
join 210 and 292 score = 0.0 sizes 1,10
join 46 and 199 score = 0.0 sizes 11,12
join 12 and 62 score = 0.0 sizes 1,1
join 62 and 226 score = 0.0 sizes 2,1
join 80 and 118 score = 0.0 sizes 1,1
join 101 and 271 score = 0.0 sizes 1,1
join 28 and 206 score = 0.0 sizes 1,1
join 283 and 289 score = 0.0 sizes 1,1
join 6 and 34 score = 0.0 sizes 1,1
join 313 and 317 score = 0.0 sizes 1,3
join 213 and 243 score = 0.0 sizes 1,2
join 35 and 315 score = 0.0 sizes 1,1
join 295 and 315 score = 0.0 sizes 1,2
join 8 and 35 score = 0.0 sizes 1,3
join 8 and 319 score = 0.0 sizes 4,1
join 77 and 183 score = 0.0 sizes 1,1
join 77 and 94 score = 0.0 sizes 2,1
join 275 and 324 score = 0.0 sizes 2,1
join 111 and 335 score = 0.0 sizes 1,1
join 134 and 335 score = 0.0 sizes 1,2
join 170 and 281 score = 0.0 sizes 3,1
join 27 and 147 score = 0.0 sizes 3,2
join 80 and 300 score = 0.0 sizes 2,1
join 112 and 273 score = 0.0 sizes 1,2
join 41 and 258 score = 0.0 sizes 1,1
join 237 and 261 score = 0.0 sizes 5,1
join 25 and 72 score = 0.0 sizes 3,1
join 253 and 283 score = 0.0 sizes 3,2
join 300 and 338 score = 0.0 sizes 3,1
join 331 and 338 score = 0.0 sizes 1,4
join 176 and 255 score = 0.0 sizes 1,1
join 85 and 246 score = 0.0 sizes 2,1
join 70 and 232 score = 0.0 sizes 3,1
join 10 and 202 score = 0.0 sizes 1,5
join 10 and 58 score = 0.0 sizes 6,1
join 128 and 217 score = 0.0 sizes 3,1
join 107 and 143 score = 0.0 sizes 1,1
join 138 and 143 score = 0.0 sizes 1,2
join 90 and 329 score = 0.0 sizes 1,7
join 89 and 180 score = 0.0 sizes 4,6
join 55 and 219 score = 0.0 sizes 1,1
join 142 and 209 score = 0.0 sizes 1,1
join 4 and 23 score = 0.0 sizes 1,1
join 4 and 11 score = 0.0 sizes 2,1
join 213 and 277 score = 0.0 sizes 5,1
join 6 and 47 score = 0.0 sizes 2,2
join 187 and 254 score = 0.0 sizes 1,6
join 186 and 248 score = 0.0 sizes 1,1
join 186 and 311 score = 0.0 sizes 2,1
join 36 and 173 score = 0.0 sizes 1,8
join 51 and 276 score = 0.0 sizes 4,9
join 64 and 67 score = 0.0 sizes 1,1
join 74 and 244 score = 0.0 sizes 1,1
join 74 and 208 score = 0.0 sizes 2,1
join 101 and 264 score = 0.0 sizes 2,1
join 102 and 271 score = 0.0 sizes 1,3
join 22 and 65 score = 0.0 sizes 4,1
join 168 and 281 score = 0.0 sizes 1,4
join 26 and 189 score = 0.0 sizes 1,18
join 50 and 158 score = 0.0 sizes 1,19
join 63 and 285 score = 0.0 sizes 2,1
join 75 and 299 score = 0.0 sizes 1,5
join 65 and 167 score = 0.0 sizes 5,2
join 9 and 95 score = 0.0 sizes 1,1
join 177 and 247 score = 0.0 sizes 1,1
join 133 and 210 score = 0.0 sizes 1,23
join 145 and 293 score = 0.0 sizes 1,1
join 28 and 227 score = 0.0 sizes 2,1
join 105 and 227 score = 0.0 sizes 1,3
join 32 and 106 score = 0.0 sizes 1,1
join 82 and 241 score = 0.0 sizes 1,1
join 82 and 137 score = 0.0 sizes 2,1
join 39 and 272 score = 0.0 sizes 7,1
join 181 and 272 score = 0.0 sizes 1,8
join 19 and 181 score = 0.0 sizes 1,9
join 73 and 81 score = 0.0 sizes 1,1
join 19 and 79 score = 0.0 sizes 10,1
join 34 and 297 score = 0.0 sizes 4,1
join 270 and 289 score = 0.0 sizes 1,6
join 105 and 232 score = 0.004830917874396135 sizes 4,4
join 124 and 290 score = 0.0 sizes 1,1
join 288 and 290 score = 0.0 sizes 1,2
All pairs
join 56 and 258 score = 0.0 sizes 1,2
join 164 and 217 score = 0.0 sizes 1,4
join 9 and 280 score = 0.0 sizes 2,1
join 250 and 301 score = 0.0 sizes 1,1
join 252 and 325 score = 0.0 sizes 1,1
join 90 and 251 score = 0.0 sizes 8,1
join 176 and 326 score = 0.0 sizes 2,1
join 230 and 327 score = 0.0 sizes 1,1
join 220 and 223 score = 0.0 sizes 1,1
join 112 and 296 score = 0.0058823529411764705 sizes 4,1
join 31 and 93 score = 0.0 sizes 1,1
join 103 and 245 score = 0.0 sizes 2,1
join 11 and 142 score = 0.00546448087431694 sizes 3,2
join 26 and 320 score = 0.0 sizes 20,1
join 124 and 307 score = 0.0 sizes 3,1
join 240 and 301 score = 0.006369426751592357 sizes 3,2
join 15 and 137 score = 0.0 sizes 5,3
join 241 and 333 score = 0.0 sizes 8,1
join 141 and 197 score = 0.0 sizes 1,1
join 81 and 141 score = 0.0 sizes 2,2
join 152 and 171 score = 0.0 sizes 1,1
join 282 and 287 score = 0.006211180124223602 sizes 1,10
join 171 and 333 score = 0.0 sizes 2,9
join 168 and 187 score = 0.007352941176470588 sizes 5,7
join 69 and 270 score = 0.0 sizes 1,7
join 72 and 119 score = 0.00546448087431694 sizes 5,5
join 183 and 251 score = 0.006578947368421052 sizes 3,9
join 139 and 219 score = 0.0064516129032258064 sizes 1,2
join 261 and 308 score = 0.0 sizes 12,1
join 57 and 94 score = 0.006535947712418301 sizes 13,12
join 93 and 265 score = 0.0 sizes 2,1
join 122 and 265 score = 0.0 sizes 5,3
join 97 and 135 score = 0.0 sizes 1,1
join 83 and 245 score = 0.0 sizes 1,3
join 38 and 307 score = 0.0 sizes 4,4
join 23 and 98 score = 0.007518796992481203 sizes 5,1
join 97 and 238 score = 0.0 sizes 2,5
join 135 and 263 score = 0.0 sizes 7,1
join 50 and 296 score = 0.007194244604316547 sizes 21,10
join 37 and 182 score = 0.0 sizes 1,1
join 262 and 288 score = 0.0 sizes 1,8
join 104 and 266 score = 0.0 sizes 1,1
join 37 and 104 score = 0.0 sizes 2,2
join 33 and 88 score = 0.0 sizes 1,1
join 64 and 106 score = 0.0 sizes 2,2
join 99 and 148 score = 0.0 sizes 1,1
join 239 and 250 score = 0.013888888888888888 sizes 13,11
join 109 and 162 score = 0.0 sizes 1,4
join 255 and 260 score = 0.006493506493506494 sizes 3,1
join 146 and 260 score = 0.007874015748031496 sizes 1,4
join 59 and 282 score = 0.0 sizes 1,11
join 68 and 145 score = 0.007407407407407408 sizes 1,2
join 7 and 264 score = 0.0 sizes 1,4
join 54 and 206 score = 0.006578947368421052 sizes 13,8
join 2 and 109 score = 0.0 sizes 1,5
join 164 and 294 score = 0.012195121951219513 sizes 8,1
join 17 and 308 score = 0.0 sizes 1,25
join 58 and 303 score = 0.0 sizes 26,1
join 52 and 303 score = 0.0 sizes 1,27
join 116 and 236 score = 0.0 sizes 1,1
join 83 and 236 score = 0.0 sizes 9,2
join 71 and 218 score = 0.0 sizes 1,1
join 121 and 336 score = 0.0 sizes 1,1
join 130 and 336 score = 0.0 sizes 1,2
join 314 and 316 score = 0.0 sizes 1,11
join 2 and 192 score = 0.0 sizes 6,1
join 125 and 163 score = 0.0 sizes 1,1
join 125 and 298 score = 0.0 sizes 2,1
join 138 and 274 score = 0.0 sizes 3,1
join 41 and 208 score = 0.007462686567164179 sizes 3,3
join 56 and 69 score = 0.0 sizes 6,8
join 177 and 277 score = 0.006060606060606061 sizes 2,14
join 123 and 201 score = 0.0 sizes 3,1
join 179 and 201 score = 0.0 sizes 1,4
join 234 and 285 score = 0.012121212121212121 sizes 3,5
join 3 and 179 score = 0.0 sizes 1,8
join 153 and 324 score = 0.0 sizes 1,9
join 198 and 256 score = 0.0 sizes 1,1
join 79 and 256 score = 0.0 sizes 12,2
join 218 and 330 score = 0.0 sizes 2,1
join 36 and 55 score = 0.012738853503184714 sizes 24,3
join 18 and 152 score = 0.0 sizes 1,27
join 48 and 132 score = 0.0 sizes 1,1
join 33 and 48 score = 0.0 sizes 2,2
join 61 and 132 score = 0.0 sizes 1,4
join 42 and 309 score = 0.0 sizes 1,1
join 42 and 166 score = 0.0 sizes 2,1
join 20 and 309 score = 0.0 sizes 1,3
join 220 and 298 score = 0.0 sizes 2,3
join 131 and 163 score = 0.0 sizes 1,5
join 17 and 130 score = 0.0 sizes 28,3
join 293 and 327 score = 0.013333333333333334 sizes 3,2
join 166 and 328 score = 0.0 sizes 4,1
join 20 and 59 score = 0.0 sizes 5,12
join 209 and 313 score = 0.007462686567164179 sizes 6,17
join 118 and 169 score = 0.0 sizes 5,1
join 129 and 169 score = 0.0 sizes 1,6
join 66 and 91 score = 0.0 sizes 1,1
join 91 and 267 score = 0.0 sizes 2,1
join 31 and 61 score = 0.0 sizes 8,5
join 88 and 233 score = 0.0 sizes 13,1
join 182 and 196 score = 0.0 sizes 4,1
join 266 and 318 score = 0.0 sizes 5,1
join 314 and 334 score = 0.0 sizes 14,1
join 192 and 334 score = 0.0 sizes 7,15
join 115 and 328 score = 0.0 sizes 1,23
join 32 and 131 score = 0.0 sizes 4,6
join 252 and 263 score = 0.0 sizes 2,9
join 84 and 188 score = 0.0 sizes 1,1
join 84 and 136 score = 0.0 sizes 2,1
join 139 and 280 score = 0.017964071856287425 sizes 28,3
join 18 and 52 score = 0.0 sizes 31,31
join 248 and 322 score = 0.014925373134328358 sizes 3,1
join 107 and 127 score = 0.014814814814814815 sizes 4,1
join 156 and 165 score = 0.0 sizes 1,1
join 14 and 156 score = 0.0 sizes 1,2
join 98 and 110 score = 0.020689655172413793 sizes 24,31
join 247 and 318 score = 0.0 sizes 16,6
join 133 and 306 score = 0.014598540145985401 sizes 24,21
join 197 and 226 score = 0.0 sizes 4,3
join 3 and 242 score = 0.0 sizes 10,1
join 262 and 269 score = 0.0 sizes 11,1
join 116 and 203 score = 0.0 sizes 12,1
join 165 and 203 score = 0.0 sizes 3,13
join 67 and 230 score = 0.016666666666666666 sizes 10,5
join 127 and 223 score = 0.02158273381294964 sizes 5,15
join 126 and 322 score = 0.02459016393442623 sizes 6,4
join 269 and 311 score = 0.0 sizes 16,10
join 225 and 330 score = 0.0 sizes 1,3
join 305 and 319 score = 0.025974025974025976 sizes 22,5
join 205 and 244 score = 0.025477707006369428 sizes 1,22
join 175 and 233 score = 0.038461538461538464 sizes 1,14
join 102 and 297 score = 0.034013605442176874 sizes 5,15
join 73 and 153 score = 0.02040816326530612 sizes 7,11
join 129 and 274 score = 0.03333333333333333 sizes 7,20
join 75 and 246 score = 0.04580152671755725 sizes 26,45
join 95 and 140 score = 0.03333333333333333 sizes 62,1
join 66 and 121 score = 0.03333333333333333 sizes 3,63
join 111 and 146 score = 0.046511627906976744 sizes 3,5
All pairs
join 160 and 268 score = 0.0 sizes 1,1
join 134 and 295 score = 0.06097560975609756 sizes 8,27
join 196 and 215 score = 0.07407407407407407 sizes 23,1
join 99 and 225 score = 0.07692307692307693 sizes 2,4
join 7 and 188 score = 0.08695652173913043 sizes 20,3
join 160 and 267 score = 0.1111111111111111 sizes 2,66
join 140 and 331 score = 0.0967741935483871 sizes 68,27
join 294 and 320 score = 0.07142857142857142 sizes 11,55
join 12 and 325 score = 0.08588957055214724 sizes 18,66
join 205 and 291 score = 0.12080536912751678 sizes 24,71
join 136 and 198 score = 0.13636363636363635 sizes 23,35
join 215 and 249 score = 0.25 sizes 95,1
join 71 and 249 score = 0.11538461538461539 sizes 6,96
join 115 and 148 score = 0.20689655172413793 sizes 84,102
join 68 and 326 score = 0.2627118644067797 sizes 95,58
join 14 and 268 score = 0.39285714285714285 sizes 186,153
score = 2.8211047195157435
improvementE1 : -1394.335603155207
improvementE1 : -1394.243015269778
improvementE3 : -1394.1656673202942
improvementE2 : -1394.1656502102805
improvementE3 : -1394.1656259289414
improvementE3 : -1394.1592932629983
improvementE1 : -1394.1592922318587
improvementE1 : -1394.1592911258772
improvementE3 : -1394.1537048251248
improvementE2 : -1394.1537020466048
improvementE1 : -1394.1536191749774
improvementE3 : -1394.1531985433512
improvementE3 : -1394.0618197944189
improvementE2 : -1394.0296750494015
improvementE2 : -1394.0074921784365
improvementE3 : -1394.0071649561623
improvementE2 : -1394.0071134014552
improvementE3 : -1394.0061955580868
improvementE3 : -1393.8499331432238
improvementE1 : -1393.8428248511168
improvementE2 : -1393.8425517705266
improvementE3 : -1393.6993021738576
improvementE1 : -1393.6596633474408
improvementE3 : -1393.6401171974662
improvementE1 : -1393.640031844348
improvementE1 : -1393.6399354107846
improvementE2 : -1393.6378644709896
improvementE2 : -1393.6029595171103
improvementE2 : -1393.6027669548293
improvementE3 : -1393.6027656058309
improvementE1 : -1392.6105962693514
improvementE2 : -1392.6105638353038
improvementE2 : -1392.6088880360635
improvementE2 : -1392.606927630052
improvementE1 : -1391.6194858889676
improvementE2 : -1371.7446321999569
improvementE2 : -1371.7445921512033
improvementE1 : -1371.744520507822
improvementE1 : -1371.62640072941
improvementE2 : -1371.626394663922
improvementE1 : -1370.9761178057565
improvementE2 : -1370.9759888389053
improvementE3 : -1370.9707830708476
improvementE1 : -1370.970609661927
improvementE3 : -1370.3026205712688
improvementE1 : -1370.302616872779
improvementE3 : -1370.2634141395688
improvementE3 : -1370.142457706242
improvementE3 : -1370.1270662211205
improvementE2 : -1370.1268098138153
improvementE3 : -1370.1266193844165
improvementE1 : -1370.1239808573375
improvementE2 : -1368.4613535187734
improvementE2 : -1368.4603677530213
improvementE1 : -1368.4602882942277
improvementE1 : -1368.4600485244027
improvementE1 : -1368.4529353901912
improvementE2 : -1368.3882608594577
improvementE3 : -1368.380374998539
improvementE1 : -1368.3731054050866
improvementE2 : -1368.3731013473002
improvementE3 : -1368.3565539869423
improvementE1 : -1368.3564748469248
improvementE1 : -1368.3461374397643
improvementE2 : -1368.3430313577046
improvementE2 : -1368.3411436228125
improvementE2 : -1368.340724860379
improvementE1 : -1368.3406927792598
improvementE2 : -1368.3378597027013
improvementE2 : -1289.2087896415762
improvementE2 : -1289.208459390487
improvementE2 : -1289.2022610103022
improvementE1 : -1289.2021883078023
improvementE3 : -1289.1462322866505
improvementE2 : -1289.1460256273522
improvementE2 : -1284.7609235200898
improvementE1 : -1284.7595691779557
improvementE2 : -1280.732534261499
improvementE3 : -1280.7324923119024
improvementE2 : -1280.7324902938694
improvementE1 : -1280.732487130237
improvementE2 : -1280.7080839071868
improvementE2 : -1280.703541499407
improvementE3 : -1278.1636549303703
improvementE1 : -1278.1632367556454
improvementE2 : -1278.0449910679213
improvementE2 : -1278.0445186497977
improvementE3 : -1278.044517076278
improvementE1 : -1277.9738863555208
improvementE1 : -1277.9730781439418
improvementE1 : -1277.9675759344
improvementE2 : -1270.9792540765493
improvementE1 : -1270.915018026487
improvementE3 : -1270.9081026810718
improvementE2 : -1270.908094619086
improvementE3 : -1270.9064691194094
improvementE3 : -1270.9007831863992
improvementE3 : -1270.899497538667
improvementE3 : -1270.899491590886
improvementE1 : -1270.8990104110096
improvementE1 : -1270.8834009569655
improvementE1 : -1270.883255454511
improvementE2 : -1270.8818832948693
improvementE2 : -1261.1792318674661
improvementE1 : -1260.78920128765
improvementE2 : -1260.7838205323396
improvementE2 : -1260.7686557915708
improvementE3 : -1260.7682418183535
improvementE2 : -1260.7681976296872
improvementE1 : -1260.7670736118557
improvementE3 : -1260.7071311084267
improvementE2 : -1260.70712922239
improvementE3 : -1260.545285105166
improvementE1 : -1254.632696911433
improvementE3 : -1254.521259226151
improvementE1 : -1254.5212073444527
improvementE3 : -1254.5211688583631
improvementE2 : -1254.430392223811
improvementE2 : -1254.4303660217442
improvementE3 : -1250.7770471586464
improvementE3 : -1250.7758836455432
improvementE2 : -1250.77587385309
improvementE3 : -1250.7187129695092
improvementE2 : -1250.6742594842717
improvementE2 : -1250.6742567893657
improvementE2 : -1183.419930810185
improvementE1 : -1182.5271395066618
improvementE3 : -1182.5266953953728
improvementE2 : -1182.5266827884413
improvementE1 : -1179.5088208997527
improvementE2 : -1179.5080827492884
improvementE2 : -1179.5080539271048
improvementE3 : -1179.4741494036894
improvementE2 : -1178.2817570598272
improvementE3 : -1177.9035445974682
improvementE3 : -1174.7063326466678
improvementE1 : -1173.2340395171846
improvementE3 : -1172.8001016768114
improvementE3 : -1168.3865132971466
improvementE1 : -1168.3864854817652
improvementE3 : -1168.3795175347059
improvementE2 : -1168.3795159746646
improvementE1 : -1168.3786203196582
improvementE1 : -1168.3382342520313
improvementE3 : -1168.1091187254146
improvementE1 : -1168.1082764059247
improvementE2 : -1168.1065959953407
improvementE3 : -1166.9610305198175
improvementE1 : -1166.9610277442653
improvementE1 : -1166.9609776544935
improvementE1 : -1166.9564008241914
improvementE2 : -1166.885429071258
improvementE1 : -1166.8675604262967
improvementE3 : -1166.867376322567
improvementE1 : -1166.8672011625745
improvementE2 : -1166.8671991816107
improvementE2 : -1166.8665079741222
improvementE3 : -1166.8664901788247
improvementE2 : -1166.8514214420586
improvementE1 : -1166.800094523619
improvementE1 : -1166.5316709383392
improvementE3 : -1163.4354985490631
improvementE1 : -1163.385132540558
improvementE1 : -1163.3851230118935
improvementE1 : -1163.38160869676
improvementE3 : -1163.3815910173832
improvementE2 : -1163.3812707677343
improvementE3 : -1163.38120608645
improvementE3 : -1163.3811860614087
improvementE2 : -1163.3155757620043
improvementE1 : -1163.314859272929
improvementE1 : -1163.3143744459662
improvementE2 : -1155.092104306982
improvementE2 : -1155.091964266832
improvementE1 : -1155.0906792801832
improvementE1 : -1155.0872555888823
improvementE1 : -1154.965891635637
improvementE3 : -1154.9592737947023
improvementE3 : -1154.9591944690847
improvementE2 : -1147.5406819444338
improvementE3 : -1147.540665133468
improvementE3 : -1147.3296083456314
improvementE2 : -1147.2056075498826
improvementE2 : -1147.204691326358
improvementE1 : -1147.2044383061857
improvementE1 : -1147.195631353298
improvementE3 : -1147.195627570595
improvementE3 : -1147.195521187293
improvementE1 : -1147.182830928764
improvementE3 : -1147.1824132076572
improvementE1 : -1147.1824039561548
improvementE2 : -1147.1816467321687
improvementE1 : -1147.1810841883714
improvementE2 : -1147.0643571490214
improvementE1 : -1147.0643312473903
improvementE1 : -1147.0642211154573
improvementE3 : -1147.064219485747
improvementE3 : -1144.0445662283241
improvementE3 : -1143.596075968478
improvementE2 : -1143.5960611490673
improvementE3 : -1097.5601743267007
improvementE3 : -1097.5501305357752
improvementE2 : -1088.115389071598
improvementE2 : -1088.1153678594774
improvementE2 : -1052.2260843160652
improvementE2 : -1052.170323048945
improvementE3 : -1052.1661635532823
improvementE3 : -1052.1661558967744
improvementE1 : -1052.1631451767885
improvementE1 : -1052.162933680403
improvementE3 : -1049.0501278355482
improvementE3 : -1049.0483095751988
improvementE3 : -1048.951693419855
improvementE3 : -1048.8450871175642
improvementE2 : -1048.844950972441
improvementE3 : -1048.8047420210032
improvementE3 : -1047.7105566548867
improvementE1 : -1047.7091048119792
improvementE1 : -1047.6960990449857
improvementE1 : -1047.6776078216112
improvementE1 : -1047.677536166546
improvementE3 : -1047.6775348427414
improvementE2 : -1047.6773090379554
improvementE1 : -1047.6677584860513
improvementE3 : -1047.667752470129
improvementE1 : -1047.666486894504
improvementE2 : -1046.6252750745216
improvementE2 : -1046.6252683496964
improvementE1 : -1046.6252629959777
improvementE2 : -1046.5961797554887
improvementE3 : -1044.3273907326206
improvementE1 : -1044.3056353465727
improvementE3 : -1044.1891865788189
improvementE1 : -1044.1891081914368
improvementE3 : -1044.1889903639062
improvementE3 : -1044.1876562641996
improvementE3 : -1044.1875817404598
improvementE3 : -1044.1871701586836
improvementE3 : -1044.1837622003382
improvementE3 : -1043.1849986856678
improvementE2 : -1043.1849626065832
improvementE1 : -1043.1633101192738
improvementE2 : -1043.1337364492365
improvementE2 : -1043.1316050304233
improvementE3 : -1042.9737281070916
improvementE1 : -1042.9737262826065
improvementE1 : -1042.9730414114847
improvementE3 : -1042.8468797472315
improvementE3 : -1042.8467001583494
improvementE3 : -1042.8465899488942
improvementE2 : -1042.8464882301846
improvementE3 : -1042.8464501597355
improvementE3 : -1042.8464484447054
improvementE2 : -1042.8464464518863
improvementE1 : -1042.846231779753
improvementE1 : -1042.8462116213623
improvementE3 : -1042.4411663693534
improvementE3 : -1040.6576098586775
improvementE3 : -1033.3265571179254
improvementE1 : -1033.3265488712914
improvementE1 : -1033.326547212857
improvementE2 : -1025.1720251666352
improvementE3 : -1025.1513536905302
improvementE3 : -1025.140942460459
improvementE2 : -1025.1409395935289
improvementE3 : -1025.1403425325916
improvementE3 : -1025.1394846336725
improvementE2 : -1025.1394812743197
improvementE3 : -1017.468688401674
improvementE1 : -1017.4685393661182
improvementE2 : -1017.4685373733746
improvementE1 : -1017.4685303031948
improvementE1 : -1017.4684518860237
improvementE2 : -1015.1804375877642
improvementE1 : -1015.1804073904145
improvementE1 : -1015.1803622372254
improvementE2 : -1015.180140837896
improvementE1 : -1015.1801108932358
improvementE3 : -1015.1796633464145
improvementE2 : -1015.1796538402007
improvementE1 : -1014.2224039832405
improvementE2 : -1014.1904159370611
improvementE1 : -1014.190405703099
improvementE2 : -1014.1903990546971
improvementE1 : -1014.1727300061833
improvementE3 : -1014.1727208209784
improvementE3 : -1014.1724234044258
improvementE3 : -1014.1723309113619
improvementE3 : -1014.1081414438788
improvementE1 : -1014.1079822492507
improvementE3 : -996.7204938130484
improvementE3 : -996.720489174841
improvementE3 : -996.720458805401
improvementE1 : -996.7202134313341
improvementE2 : -996.7199530126255
improvementE3 : -994.9054635292181
improvementE3 : -994.8477306739119
improvementE3 : -994.8476752330969
improvementE1 : -994.8405694192437
improvementE1 : -983.2529629922028
improvementE3 : -983.2504218097415
improvementE3 : -981.0116500320768
improvementE3 : -981.0116460026225
improvementE2 : -981.0116421673218
improvementE3 : -978.9741365899597
improvementE3 : -978.9740509649612
improvementE3 : -971.0290741595644
improvementE3 : -971.0290721928194
improvementE3 : -970.2398859675357
improvementE1 : -970.2350969913917
improvementE2 : -970.2350672880561
improvementE1 : -970.2350536336596
improvementE3 : -970.235039065335
improvementE3 : -970.2286873148573
improvementE3 : -970.228553554339
improvementE3 : -970.2275929756248
improvementE2 : -970.2275514830361
improvementE3 : -970.227531753819
improvementE3 : -970.2267376116275
improvementE1 : -970.2265762560784
improvementE3 : -970.2264501793169
improvementE2 : -970.226438875003
improvementE3 : -966.2376772735788
improvementE1 : -966.2105119618768
improvementE3 : -966.2105096334586
improvementE3 : -966.1788641125371
improvementE2 : -966.1788318922261
improvementE3 : -966.1788065984153
improvementE3 : -966.1787959932041
improvementE1 : -962.5968261037422
improvementE1 : -962.5967706326556
improvementE2 : -962.5961486580112
improvementE3 : -962.5961427991707
improvementE2 : -962.5958964146317
improvementE1 : -962.5958934561298
improvementE1 : -962.5958642347005
improvementE3 : -962.5958284462124
improvementE3 : -962.1443748679491
improvementE3 : -962.144348709327
improvementE3 : -962.1443463052333
improvementE3 : -962.1442942822398
improvementE3 : -960.736178396844
improvementE3 : -960.7361712225327
improvementE1 : -960.7361507722973
improvementE3 : -960.7361271610803
improvementE1 : -960.7361222101285
improvementE2 : -960.7361201244943
improvementE2 : -960.7358340747961
improvementE1 : -960.7342355465626
improvementE1 : -960.7342315885448
improvementE2 : -960.7328468522007
improvementE1 : -960.732845756994
improvementE3 : -960.7328440757477
improvementE1 : -960.654728144012
improvementE2 : -960.6547260153487
improvementE1 : -949.5976216918191
improvementE1 : -949.5969997560927
improvementE3 : -949.5967372409905
improvementE2 : -949.5967238295772
improvementE2 : -949.5966597270202
improvementE3 : -949.4765761962457
improvementE2 : -949.0078352858894
improvementE1 : -949.0077928151194
improvementE3 : -949.0074819890549
improvementE3 : -949.0071555335645
improvementE2 : -949.0071432600436
improvementE3 : -947.1705460561205
improvementE3 : -947.1702797709356
improvementE3 : -947.0009663423294
improvementE1 : -947.0009638985906
improvementE2 : -947.0009174329526
improvementE3 : -945.1366221906753
improvementE3 : -942.2325881751046
improvementE2 : -942.2325803345212
improvementE3 : -942.2325780753359
improvementE1 : -942.2318095462547
improvementE2 : -942.2318076288356
improvementE2 : -942.2229128493425
improvementE3 : -942.2228989981961
improvementE1 : -942.2226951602797
improvementE1 : -942.2226361820942
improvementE3 : -942.2226258255006
improvementE1 : -942.2226234872879
improvementE3 : -942.0219382034247
improvementE3 : -942.0218703770365
improvementE3 : -934.832998509854
improvementE1 : -934.8329972155169
improvementE2 : -934.8210213735497
improvementE3 : -934.8210199700904
improvementE3 : -934.8203938685233
improvementE2 : -934.8203832529726
improvementE3 : -934.7598230547616
improvementE3 : -934.7598213639984
improvementE2 : -934.751216542375
improvementE3 : -934.4845439995829
improvementE1 : -934.4845402694269
improvementE1 : -934.4312027074168
improvementE3 : -934.4311880848466
improvementE2 : -933.6122153848662
improvementE2 : -933.6121182607196
improvementE2 : -933.6098837965036
improvementE3 : -933.6098813061506
improvementE1 : -933.5472826838735
improvementE1 : -933.535275546448
improvementE2 : -933.4811182649821
improvementE3 : -933.4495117254622
improvementE2 : -933.4448602818369
improvementE1 : -933.4447359736265
improvementE1 : -933.4334143540276
improvementE2 : -933.4334067555696
improvementE3 : -933.4303372094387
improvementE1 : -933.4302766242777
improvementE1 : -933.4296895213724
improvementE1 : -932.6465437302496
improvementE3 : -932.6465370581801
improvementE3 : -930.8346040837688
improvementE3 : -929.1009246513523
improvementE2 : -928.6543490574234
improvementE3 : -928.6540672862099
improvementE3 : -928.6538724763407
improvementE3 : -928.6538558274285
improvementE3 : -928.653852731809
improvementE2 : -928.5912373011801
improvementE2 : -923.4483930225939
improvementE1 : -923.4479597862083
improvementE2 : -923.4455980648354
improvementE2 : -923.4455964399115
improvementE3 : -923.4299379674208
improvementE1 : -923.4299360087305
improvementE3 : -923.4299185834861
improvementE2 : -923.4281694135836
improvementE2 : -923.3631016394615
improvementE1 : -920.2063028352835
improvementE2 : -920.2063009606321
improvementE3 : -920.2062963243849
improvementE2 : -920.1381324885783
improvementE3 : -918.7422501214322
improvementE3 : -918.7417692264861
improvementE3 : -913.6967607027452
improvementE2 : -913.691388751535
improvementE2 : -913.6913723508254
improvementE3 : -913.0534037504589
improvementE1 : -913.051544378586
improvementE3 : -913.0514944488519
improvementE1 : -913.0514628270114
improvementE3 : -904.6088197821791
improvementE3 : -904.608761743814
improvementE3 : -904.6057867151932
improvementE1 : -904.6057850186254
improvementE3 : -904.6057827066059
improvementE2 : -904.6057814717914
improvementE1 : -904.6057771382804
improvementE3 : -904.6057759598907
improvementE3 : -904.6057586419261
improvementE2 : -893.2654304767259
improvementE1 : -893.2654271645813
improvementE3 : -893.2653846392786
improvementE3 : -893.2653833509336
improvementE1 : -893.2556914846047
improvementE1 : -893.2556723723392
improvementE1 : -893.2556691876285
improvementE2 : -893.2021375712577
improvementE1 : -893.2020690750053
improvementE1 : -893.2020668912952
improvementE1 : -891.8254537900343
improvementE3 : -891.8251088958584
improvementE2 : -891.820573917762
improvementE3 : -891.8205726943877
improvementE1 : -891.8205439962409
improvementE2 : -891.8205221614811
improvementE3 : -891.8196429423219
improvementE3 : -891.8196204183245
improvementE2 : -891.7849352831997
improvementE3 : -890.3619891931726
improvementE3 : -890.3619818003478
improvementE2 : -890.3619333445408
improvementE1 : -890.3619263335299
improvementE2 : -890.3616527476075
improvementE3 : -890.3616496699436
improvementE1 : -890.3594228148759
improvementE3 : -890.3594216988571
improvementE2 : -890.2844226126925
improvementE2 : -890.2843892559579
improvementE3 : -890.2843859230953
improvementE2 : -890.2843708663937
improvementE3 : -890.2843477972528
improvementE3 : -890.2814438990936
improvementE2 : -890.2813498527173
improvementE3 : -890.2813423018591
improvementE2 : -890.281334013425
improvementE2 : -890.2769719697776
improvementE3 : -890.276348335324
improvementE3 : -890.2763434165056
improvementE2 : -890.2763405550811
improvementE3 : -890.2763378829329
improvementE1 : -890.276336820891
improvementE3 : -890.2763314751572
improvementE1 : -890.2405981980488
improvementE3 : -889.9797302974957
improvementE1 : -889.97958700062
improvementE1 : -889.9795505845827
improvementE3 : -889.9795484502032
improvementE3 : -889.9790606524774
improvementE1 : -888.8378286110972
improvementE1 : -888.8369096168788
improvementE2 : -888.8368977775765
improvementE3 : -888.8367352852331
improvementE2 : -888.8363746362942
improvementE2 : -888.8334318659698
improvementE3 : -888.8334264999884
improvementE2 : -888.8334186290999
improvementE2 : -888.8329913052895
improvementE2 : -888.8329133580995
improvementE3 : -888.4471822730624
improvementE2 : -888.3582367375915
improvementE3 : -888.3582345764066
improvementE1 : -886.6252848862063
improvementE1 : -886.6252802693689
improvementE3 : -886.5914149469204
improvementE3 : -886.591410478871
improvementE1 : -886.5914038028455
improvementE1 : -886.591399062348
improvementE3 : -886.5913909643822
improvementE1 : -886.5913787486979
improvementE2 : -886.5912923779447
improvementE1 : -886.591290395966
improvementE1 : -886.4781448617323
improvementE1 : -886.4770112845571
improvementE3 : -886.4770042729832
improvementE3 : -886.4769992189457
improvementE3 : -886.476975482786
improvementE1 : -881.4313157217791
improvementE1 : -879.4846082643097
improvementE1 : -879.4778993026803
improvementE3 : -876.575782191226
improvementE2 : -876.5756849925901
improvementE2 : -876.5756778773298
improvementE3 : -876.5756764807844
improvementE3 : -876.5754836149117
improvementE1 : -876.1389569812063
improvementE1 : -876.1359828835416
improvementE3 : -876.1024994278437
improvementE3 : -876.1022696570966
improvementE3 : -876.1014840007025
improvementE3 : -876.1014418670732
improvementE2 : -876.0951045184266
improvementE3 : -876.0950992231096
improvementE1 : -875.0407450431691
improvementE1 : -875.0326039198626
improvementE2 : -875.0321456197382
improvementE3 : -875.0320458423652
improvementE1 : -875.019897877537
improvementE1 : -875.0198967192866
improvementE3 : -871.9216566284261
improvementE1 : -871.9216553738993
improvementE1 : -871.9163381239018
improvementE1 : -871.9163291062353
improvementE2 : -871.9163278753289
improvementE3 : -871.9160473368228
improvementE1 : -871.9157226856204
improvementE1 : -871.845870196555
improvementE2 : -871.7426309577487
improvementE3 : -871.7426268533052
improvementE1 : -871.7426256004659
improvementE1 : -871.7426243692441
improvementE1 : -871.7426111055743
improvementE2 : -871.742499600013
improvementE3 : -871.7082279655386
improvementE3 : -871.7073946878651
improvementE3 : -871.707391795654
improvementE3 : -871.7073838511742
improvementE1 : -871.7072949377412
improvementE1 : -871.7061462206
improvementE3 : -869.5609166390185
improvementE1 : -869.5384805812457
improvementE2 : -869.5380966493848
improvementE3 : -869.4506974032993
improvementE1 : -869.4503249218953
improvementE3 : -869.4503195474929
improvementE3 : -868.9345502142528
improvementE1 : -868.9345076534651
improvementE3 : -868.9344993610714
improvementE3 : -868.9344802424243
improvementE3 : -868.9344149259539
improvementE1 : -868.9343567513191
improvementE2 : -868.9310286495908
improvementE3 : -868.9308706584901
improvementE1 : -868.9308694612293
improvementE3 : -868.9031552499497
improvementE1 : -866.5463390719088
improvementE2 : -866.546333044126
improvementE3 : -866.5463277427315
improvementE3 : -866.5463243686639
improvementE1 : -866.5462593751017
improvementE2 : -866.5462343344632
improvementE2 : -866.546196715648
improvementE2 : -866.2812446462129
improvementE1 : -866.2812271281231
improvementE3 : -866.2808816606827
improvementE2 : -866.2195529957509
improvementE3 : -866.219164306931
improvementE3 : -866.2190576589187
improvementE2 : -866.1786672530734
improvementE3 : -866.1783270417723
improvementE1 : -866.1781550964561
improvementE2 : -866.1781485282191
improvementE3 : -866.1779938061317
improvementE3 : -863.4122339687909
improvementE3 : -863.4068853488775
improvementE3 : -863.4068802749563
improvementE3 : -863.3862965836828
improvementE1 : -863.3071826322899
improvementE1 : -863.3071794677044
improvementE1 : -863.2744243580883
improvementE3 : -863.2742265290266
improvementE2 : -863.2742247814002
improvementE1 : -863.2741931470573
improvementE3 : -863.2741921220664
improvementE3 : -862.8653377496636
improvementE1 : -862.8364109104767
improvementE1 : -862.834182696336
improvementE1 : -862.8341807502582
improvementE2 : -862.7896860000119
improvementE3 : -859.3831681785415
improvementE2 : -859.3827103913137
improvementE1 : -857.9574503638996
improvementE2 : -857.95739371326
improvementE3 : -857.9573841516594
improvementE1 : -857.8867977105031
improvementE2 : -857.88679414823
improvementE1 : -857.8857869792108
improvementE3 : -857.8857741241484
improvementE2 : -857.8857702340442
improvementE2 : -857.8841484242736
improvementE1 : -857.8841456661818
improvementE3 : -857.8841054624024
improvementE1 : -857.8834681647685
improvementE2 : -857.8783846046051
improvementE3 : -855.9566580882946
improvementE3 : -855.9560221195319
improvementE2 : -855.8743467936456
improvementE2 : -855.8743457833339
improvementE2 : -851.778146900561
improvementE1 : -851.7246961840116
improvementE3 : -851.724693658776
improvementE1 : -851.7246252987653
improvementE3 : -851.724623865338
improvementE3 : -851.7246228116741
improvementE1 : -851.7246162714849
improvementE3 : -851.7244065074871
improvementE3 : -851.7243878895273
improvementE3 : -851.7243513007319
improvementE1 : -851.7242225038509
improvementE3 : -851.7239095037228
improvementE2 : -851.7238675193502
improvementE3 : -851.7178087709476
improvementE2 : -851.4063808590142
improvementE3 : -851.4063654810006
improvementE1 : -851.3428987829938
improvementE3 : -851.342877968903
improvementE3 : -851.342876179344
improvementE2 : -851.3412081258225
improvementE2 : -851.34077633915
improvementE2 : -851.3407639704673
improvementE2 : -851.3407605196024
improvementE1 : -851.0592121368214
improvementE2 : -851.0548790720624
improvementE3 : -851.0548739717677
improvementE1 : -851.0153888128635
improvementE1 : -851.0153858763607
improvementE2 : -851.0153624244618
improvementE2 : -851.0152977599842
improvementE2 : -850.7880911302906
improvementE1 : -850.7876220827677
improvementE1 : -850.787605614567
improvementE2 : -850.7874473595807
improvementE1 : -850.7874294875528
improvementE3 : -850.7874273405458
improvementE1 : -850.7874246737164
improvementE3 : -850.7874211870252
improvementE1 : -850.7858828777686
improvementE3 : -850.7856376908217
improvementE3 : -850.7856353639282
improvementE1 : -850.7855735547416
improvementE3 : -850.7845708156918
improvementE3 : -850.7845693919238
improvementE1 : -850.7845666852124
improvementE2 : -850.7845311265609
improvementE1 : -850.783579986706
improvementE3 : -850.7834002675468
improvementE1 : -850.7207618262983
improvementE3 : -850.588659234711
improvementE1 : -850.5886574696538
improvementE3 : -850.5819833392661
improvementE3 : -850.5818774741394
improvementE3 : -850.5818739810314
improvementE1 : -850.5818707092113
improvementE1 : -850.5818688511505
improvementE1 : -850.5818676010933
improvementE2 : -849.0072523084314
improvementE3 : -849.0072499529042
improvementE1 : -849.0072076942203
improvementE2 : -849.0071671467326
improvementE3 : -849.00663313778
improvementE3 : -849.0062913636935
improvementE1 : -849.0062503409212
improvementE1 : -849.0062472615228
improvementE3 : -849.0060502634328
improvementE1 : -849.00604731841
improvementE1 : -849.0060439607018
improvementE1 : -849.0060350464324
improvementE3 : -849.0060329871147
improvementE3 : -849.0060198434187
improvementE1 : -849.0059957906321
improvementE2 : -849.0059924971133
improvementE3 : -849.005972499008
improvementE1 : -849.0059485352575
improvementE1 : -849.0058153725258
improvementE1 : -849.0057447138284
improvementE1 : -849.0056406067956
improvementE1 : -848.4238694531739
improvementE2 : -848.4236422366306
improvementE1 : -847.9757385032964
improvementE3 : -847.9700050298184
improvementE1 : -847.9529821203279
improvementE1 : -847.9016097193244
improvementE3 : -847.9016053946299
improvementE3 : -847.9009576454516
improvementE1 : -847.7184740818044
improvementE2 : -847.7184729516416
improvementE2 : -847.7184271611194
improvementE2 : -847.7181045216126
improvementE1 : -847.7180721362789
improvementE3 : -847.6385722588058
improvementE3 : -847.6384325053623
improvementE3 : -847.6384303025861
improvementE2 : -847.6379827730462
improvementE3 : -847.6379792958662
improvementE2 : -847.6379762307554
improvementE1 : -847.6378949543104
improvementE2 : -847.6378925465287
improvementE3 : -847.6378513669564
improvementE3 : -847.6378238007468
improvementE3 : -847.6377743320912
improvementE3 : -847.6330874803134
improvementE3 : -847.6330483122246
improvementE1 : -847.6330376107538
improvementE3 : -843.2797508920554
improvementE2 : -843.2679214789569
improvementE3 : -843.2678849737949
improvementE1 : -843.2678630617072
improvementE1 : -843.2678340668457
improvementE3 : -843.2678307990728
improvementE1 : -841.5364850781631
improvementE2 : -841.5364840702267
improvementE1 : -841.536480009584
improvementE3 : -841.4587317447636
improvementE3 : -840.9127436432636
improvementE2 : -840.9126210305851
improvementE2 : -840.9119063211313
improvementE3 : -840.9116992462162
improvementE3 : -840.8682826865968
improvementE3 : -840.8682772504756
improvementE3 : -838.3097402318198
improvementE2 : -838.3097391236369
improvementE2 : -838.309718138984
improvementE2 : -838.3096554620299
improvementE1 : -838.1273713100254
improvementE1 : -838.0714294801639
improvementE2 : -838.0713903877613
improvementE1 : -837.9918974874222
improvementE2 : -837.9918929412066
improvementE3 : -837.9467262312133
improvementE3 : -837.7142250248448
improvementE2 : -837.4208399060938
improvementE2 : -837.3557849211477
improvementE2 : -837.3557813447956
improvementE1 : -837.355771893437
improvementE3 : -837.0383537332294
improvementE3 : -837.0382550780204
improvementE2 : -837.0382536355354
improvementE3 : -828.8926763988516
improvementE2 : -828.8629009259507
improvementE2 : -828.8628979832389
improvementE2 : -828.8628942217125
improvementE1 : -828.862720696392
improvementE1 : -828.8627076572263
improvementE3 : -828.8626633412891
improvementE3 : -828.8614024573264
improvementE2 : -828.8590710781428
improvementE1 : -828.8590256280878
improvementE2 : -828.8041644888632
improvementE3 : -828.7042860158123
improvementE2 : -828.7039449606511
improvementE1 : -828.7038259141556
improvementE2 : -828.703704779742
improvementE1 : -828.6797283460816
improvementE3 : -828.0869340040302
improvementE3 : -828.0865070364964
improvementE1 : -826.9253009930761
improvementE1 : -826.9243155985674
improvementE2 : -792.0180574840406
improvementE3 : -791.8013216766451
improvementE1 : -791.5972728870839
improvementE1 : -791.59726858165
improvementE1 : -791.5972653848197
improvementE1 : -791.5965839475324
improvementE2 : -791.5688507314296
improvementE2 : -791.5677589244955
improvementE2 : -791.5638130660334
improvementE3 : -791.4513349934505
improvementE3 : -790.0533092097071
improvementE2 : -790.0533067590547
improvementE3 : -790.0533054242854
improvementE1 : -790.0532541317796
improvementE1 : -790.0532527092322
improvementE3 : -790.0532509064193
improvementE3 : -790.0529811188528
improvementE3 : -790.0529343191686
improvementE2 : -790.0529286307999
improvementE2 : -790.0529222534938
improvementE2 : -778.9643758124685
improvementE3 : -778.9643658106595
improvementE1 : -778.9641761724511
improvementE2 : -778.9641712613915
improvementE3 : -778.9641306928139
improvementE3 : -778.9640176993678
improvementE1 : -778.9519832249915
improvementE2 : -778.9519789210487
improvementE3 : -778.9519747165772
improvementE2 : -778.9518259075951
improvementE3 : -778.9518183178819
improvementE3 : -778.9516886401659
improvementE2 : -778.9516109871657
improvementE3 : -778.9515251326034
improvementE2 : -778.9514477488557
improvementE3 : -778.9514382434957
improvementE1 : -778.4187964679656
improvementE3 : -778.4100427915323
improvementE1 : -778.410027351419
improvementE3 : -778.4100123963146
improvementE3 : -778.410008371792
improvementE3 : -778.4099072118643
improvementE3 : -778.4098244183001
improvementE3 : -778.409773409734
improvementE2 : -768.1737112955748
improvementE1 : -768.1699467796727
improvementE1 : -768.1699451583793
improvementE1 : -768.1699431053114
improvementE2 : -768.1699419567718
logL = -9564.862827149122
Removing 0 markers
Second round
improvementE3 : -768.1694919343325
improvementE3 : -768.1694032182288
improvementE1 : -768.1693377104107
improvementE3 : -768.1693335521865
improvementE1 : -768.1693323481742
improvementE1 : -768.1693300496532
improvementE1 : -768.1693280405599
improvementE3 : -768.1683570491533
improvementE2 : -768.1683216519883
improvementE3 : -768.1661422979361
improvementE1 : -768.1661412086635
improvementE1 : -768.1661360202419
improvementE2 : -768.1661170844656
improvementE2 : -768.1661160289775
improvementE3 : -768.1660937072006
improvementE1 : -768.1657925144723
improvementE3 : -768.1656681357747
improvementE3 : -768.1656623620141
improvementE2 : -768.1656604413519
improvementE3 : -768.1656591732051
improvementE1 : -768.1656568962301
improvementE3 : -768.1563989304691
improvementE1 : -768.1563291227081
improvementE1 : -768.1562387155715
improvementE3 : -768.1562369865474
improvementE2 : -768.1561696655779
improvementE1 : -768.1561679679221
improvementE2 : -768.156163616765
improvementE1 : -768.1557390568352
improvementE2 : -768.1557352902579
improvementE2 : -768.1557330415088
improvementE1 : -768.1557319652267
improvementE2 : -768.155657872651
improvementE1 : -768.1556502953006
improvementE2 : -768.155649174623
improvementE3 : -768.1556236629865
improvementE3 : -768.1554942681933
improvementE3 : -768.1554928520377
improvementE3 : -768.1123849158138
improvementE3 : -768.112383143399
improvementE2 : -768.1121068244912
improvementE3 : -768.1121013638219
improvementE3 : -768.1120899735606
improvementE1 : -768.1119573093426
improvementE1 : -768.1118265104068
improvementE1 : -768.1118243660476
improvementE1 : -768.1118231470332
improvementE3 : -768.1117997607411
improvementE3 : -768.1117975056956
improvementE3 : -768.1117672775019
improvementE3 : -768.1117582369826
improvementE2 : -768.1117448360546
improvementE1 : -768.1117301996976
improvementE3 : -768.1117175246923
improvementE3 : -768.1117050793946
improvementE3 : -768.1116909716754
improvementE3 : -768.1116847279438
improvementE1 : -768.0972032368182
improvementE3 : -768.0971951525114
improvementE1 : -766.076116870948
improvementE3 : -766.076105162059
improvementE3 : -766.0758882146864
improvementE2 : -766.0707216542053
improvementE2 : -766.0706402121109
improvementE2 : -766.0706346930334
improvementE3 : -766.0700530857576
improvementE3 : -766.0700167044562
improvementE1 : -766.0700054283648
improvementE3 : -763.5429163363781
improvementE3 : -763.340258509608
improvementE3 : -763.3397093656304
improvementE2 : -763.3391975920701
improvementE3 : -763.3391862574136
improvementE2 : -763.3391833157149
improvementE3 : -763.339172518881
improvementE3 : -763.339142172927
improvementE3 : -760.85478510624
improvementE2 : -760.8547828025069
improvementE3 : -760.854757719176
improvementE3 : -760.6828270634351
improvementE1 : -760.6827279430395
improvementE3 : -760.6647517209652
improvementE3 : -760.664749863931
improvementE3 : -760.6647477820173
improvementE1 : -760.6647050052305
improvementE3 : -760.6646745681854
improvementE1 : -760.664671816541
improvementE1 : -760.6646498534892
improvementE1 : -760.6646480248821
improvementE2 : -760.6646175690099
improvementE3 : -758.7376265461039
improvementE2 : -758.7376255102472
improvementE2 : -758.5182636607877
improvementE1 : -758.5039006168743
improvementE2 : -758.5038785670902
improvementE3 : -758.503873428338
improvementE2 : -758.5038716977174
improvementE2 : -758.5026485124272
improvementE1 : -758.5026231073358
improvementE1 : -758.4962929760775
improvementE2 : -758.4962869637818
improvementE2 : -758.4962737509551
improvementE3 : -756.5118700539509
improvementE3 : -756.5118636936269
improvementE2 : -756.5117490598259
improvementE3 : -756.5112365319221
improvementE3 : -756.5112219056273
improvementE3 : -756.511173296012
improvementE3 : -756.511126279989
improvementE1 : -756.5109802449128
improvementE2 : -756.5109790381074
improvementE2 : -756.5096790351184
improvementE2 : -756.5096705668827
improvementE2 : -756.215305947619
improvementE1 : -756.1938019978851
improvementE1 : -756.1937979987537
improvementE2 : -755.5376606418029
improvementE3 : -755.5375262805819
improvementE1 : -755.5374919644951
improvementE3 : -755.3181140415536
improvementE1 : -755.316753895068
improvementE2 : -755.3167365425035
improvementE3 : -755.3155712253662
improvementE3 : -755.3091083982806
improvementE1 : -755.3090068959557
improvementE1 : -755.2544110330691
improvementE3 : -753.5907152069296
improvementE2 : -753.0395581153684
improvementE1 : -753.0394588832615
improvementE2 : -753.0393995538323
improvementE1 : -753.0389560350657
improvementE2 : -753.0389543233456
improvementE1 : -753.0388565964981
improvementE3 : -753.0356995962128
improvementE3 : -752.6837205020322
improvementE3 : -752.673828551548
improvementE3 : -752.5758327866579
improvementE3 : -752.5662655646469
improvementE2 : -752.5626323645408
improvementE2 : -752.5626302093864
improvementE2 : -752.5281065893166
improvementE3 : -752.5280985876275
improvementE2 : -752.5237909229469
improvementE1 : -752.5105320712678
improvementE3 : -752.5105308914917
improvementE2 : -752.5105222640336
improvementE3 : -752.5101521794886
improvementE2 : -752.5100428427997
improvementE2 : -752.5100416234379
improvementE3 : -752.5100155892885
improvementE3 : -749.9552194823743
improvementE1 : -749.9552183290474
improvementE3 : -746.2552844778738
improvementE2 : -746.2552833518346
improvementE2 : -746.2551609138831
improvementE2 : -746.2551597379013
improvementE3 : -746.0331085020417
improvementE2 : -746.0328739407618
improvementE2 : -746.0308551381395
improvementE1 : -746.0308368240873
improvementE2 : -746.0308021599478
improvementE2 : -746.0069909575637
improvementE1 : -746.0069898058372
improvementE2 : -746.006967327991
improvementE2 : -746.0069632485895
improvementE2 : -746.0069619376493
improvementE3 : -746.0068902934557
improvementE1 : -745.9093171979655
improvementE1 : -745.908093591219
improvementE1 : -745.9080752296841
improvementE1 : -745.908059921713
improvementE3 : -745.9080557482054
improvementE3 : -745.9078768016409
improvementE1 : -745.9078681134323
improvementE3 : -745.9078612546824
improvementE3 : -745.8802620055806
improvementE3 : -745.8802285564707
improvementE2 : -745.8802269507038
improvementE2 : -745.880202115289
improvementE1 : -745.8766034275446
improvementE2 : -745.8766008809605
improvementE3 : -745.876536370262
improvementE1 : -745.8764893631915
improvementE2 : -745.8764882267335
improvementE2 : -740.5306351856292
improvementE3 : -740.5306341371911
