0->0 : 0
0->1 : 0
0->2 : 0
       Error rate = 0.0
1->0 : 0
1->1 : 0
1->2 : 0
       Error rate = 0.0
2->0 : 0
2->1 : 0
2->2 : 0
       Error rate = 0.0
0,2->0,2 : 1336466
  0,2->1 : 0
1,2->1,2 : 0
  1,2->0 : 0
       Error rate = 0.0
Maternally informative markers = 0 (of 12151)
Paternally informative markers = 12151
Maternally or paternally informative markers = 12151
Removed 0 children
Removed 0 markers
Number of LGs = 37
***Family = fam_08 chromosome = 17 numMarkers = 266 maternal informative markers 0 (paternal informative markers 266)
***Family = fam_01 chromosome = 17 numMarkers = 266 maternal informative markers 0 (paternal informative markers 265)
***Family = fam_09 chromosome = 17 numMarkers = 266 maternal informative markers 0 (paternal informative markers 266)
266->195
195->195
All pairs
join 51 and 186 score = 0.0 sizes 1,1
join 7 and 186 score = 0.0 sizes 1,2
join 59 and 120 score = 0.0 sizes 1,1
join 108 and 120 score = 0.0 sizes 1,2
join 19 and 93 score = 0.0 sizes 1,1
join 81 and 194 score = 0.0 sizes 1,1
join 7 and 194 score = 0.0 sizes 3,2
join 115 and 175 score = 0.0 sizes 1,1
join 10 and 115 score = 0.0 sizes 1,2
join 41 and 81 score = 0.0 sizes 1,5
join 10 and 41 score = 0.0 sizes 3,6
join 16 and 161 score = 0.0 sizes 1,1
join 36 and 159 score = 0.0 sizes 1,1
join 167 and 180 score = 0.0 sizes 1,1
join 93 and 172 score = 0.0 sizes 2,1
join 148 and 157 score = 0.0 sizes 1,1
join 80 and 157 score = 0.0 sizes 1,2
join 80 and 85 score = 0.0 sizes 3,1
join 140 and 148 score = 0.0 sizes 1,4
join 172 and 176 score = 0.0 sizes 3,1
join 176 and 190 score = 0.0 sizes 4,1
join 59 and 104 score = 0.0 sizes 3,1
join 68 and 135 score = 0.0 sizes 1,1
join 136 and 192 score = 0.0 sizes 1,1
join 40 and 85 score = 0.0 sizes 1,5
join 40 and 51 score = 0.0 sizes 6,9
join 111 and 140 score = 0.0 sizes 1,15
join 44 and 125 score = 0.0 sizes 1,1
join 72 and 105 score = 0.0 sizes 1,1
join 107 and 187 score = 0.0 sizes 1,1
join 87 and 187 score = 0.0 sizes 1,2
join 87 and 108 score = 0.0 sizes 3,4
join 57 and 104 score = 0.0 sizes 1,7
join 17 and 42 score = 0.0 sizes 1,1
join 44 and 66 score = 0.0 sizes 2,1
join 178 and 182 score = 0.0 sizes 1,1
join 135 and 182 score = 0.0 sizes 2,2
join 73 and 175 score = 0.0 sizes 1,16
join 67 and 73 score = 0.0 sizes 1,17
join 62 and 111 score = 0.0 sizes 1,18
join 28 and 164 score = 0.0 sizes 1,1
join 28 and 103 score = 0.0 sizes 2,1
join 103 and 128 score = 0.0 sizes 3,1
join 55 and 190 score = 0.0 sizes 1,5
join 22 and 165 score = 0.0 sizes 1,1
join 82 and 121 score = 0.0 sizes 1,1
join 36 and 75 score = 0.0 sizes 2,1
join 61 and 99 score = 0.0 sizes 1,1
join 88 and 94 score = 0.0 sizes 1,1
join 35 and 94 score = 0.0 sizes 1,2
join 35 and 58 score = 0.0 sizes 3,1
join 29 and 58 score = 0.0 sizes 1,4
join 19 and 99 score = 0.0 sizes 6,2
join 55 and 86 score = 0.0 sizes 8,1
join 86 and 90 score = 0.0 sizes 9,1
join 90 and 185 score = 0.0 sizes 10,1
join 13 and 163 score = 0.0 sizes 1,1
join 47 and 100 score = 0.0 sizes 1,1
join 100 and 181 score = 0.0 sizes 2,1
join 167 and 181 score = 0.0 sizes 2,3
join 109 and 127 score = 0.0 sizes 1,1
join 109 and 166 score = 0.0 sizes 2,1
join 23 and 39 score = 0.0 sizes 1,1
join 39 and 127 score = 0.0 sizes 2,3
join 72 and 106 score = 0.0 sizes 2,1
join 71 and 106 score = 0.0 sizes 1,3
join 27 and 31 score = 0.0 sizes 1,1
join 18 and 133 score = 0.0 sizes 1,1
join 133 and 180 score = 0.0 sizes 2,5
join 5 and 18 score = 0.0 sizes 1,7
join 47 and 138 score = 0.0 sizes 8,1
join 5 and 185 score = 0.0 sizes 9,11
join 67 and 138 score = 0.0 sizes 19,20
join 61 and 110 score = 0.0 sizes 39,1
join 0 and 183 score = 0.0 sizes 1,1
join 68 and 137 score = 0.0 sizes 4,1
join 29 and 159 score = 0.0 sizes 5,3
join 79 and 136 score = 0.0 sizes 1,2
join 79 and 173 score = 0.0 sizes 3,1
join 88 and 189 score = 0.0 sizes 8,1
join 32 and 107 score = 0.0 sizes 1,8
join 124 and 163 score = 0.0 sizes 1,2
join 52 and 161 score = 0.0 sizes 1,2
join 71 and 91 score = 0.0 sizes 4,1
join 151 and 188 score = 0.0 sizes 1,1
join 66 and 75 score = 0.0 sizes 3,9
join 34 and 139 score = 0.0 sizes 1,1
join 14 and 23 score = 0.0 sizes 1,5
join 77 and 146 score = 0.0 sizes 1,1
join 77 and 164 score = 0.0 sizes 2,4
join 8 and 192 score = 0.0 sizes 1,4
join 25 and 173 score = 0.0 sizes 1,5
All pairs
join 113 and 114 score = 0.0 sizes 1,1
join 162 and 189 score = 0.0 sizes 1,12
join 9 and 121 score = 0.0 sizes 1,2
join 25 and 30 score = 0.0 sizes 6,1
join 27 and 62 score = 0.0 sizes 2,40
join 64 and 128 score = 0.0 sizes 1,6
join 12 and 184 score = 0.0 sizes 1,1
join 15 and 123 score = 0.0 sizes 1,1
join 84 and 171 score = 0.0 sizes 1,1
join 12 and 82 score = 0.0 sizes 2,3
join 122 and 170 score = 0.0 sizes 1,1
join 65 and 123 score = 0.0 sizes 1,2
join 97 and 113 score = 0.0 sizes 1,2
join 4 and 130 score = 0.0 sizes 1,1
join 13 and 130 score = 0.0 sizes 3,2
join 3 and 162 score = 0.0 sizes 1,13
join 33 and 143 score = 0.0 sizes 1,1
join 63 and 193 score = 0.006134969325153374 sizes 1,1
join 112 and 126 score = 0.0 sizes 1,1
join 56 and 151 score = 0.0 sizes 1,2
join 17 and 92 score = 0.0 sizes 2,1
join 42 and 134 score = 0.006060606060606061 sizes 3,1
join 129 and 147 score = 0.0 sizes 1,1
join 34 and 52 score = 0.006329113924050633 sizes 2,3
join 97 and 124 score = 0.006172839506172839 sizes 3,5
join 37 and 112 score = 0.0 sizes 1,2
join 31 and 105 score = 0.006134969325153374 sizes 42,5
join 143 and 150 score = 0.0 sizes 2,1
join 16 and 132 score = 0.005434782608695652 sizes 5,1
join 37 and 179 score = 0.0 sizes 3,1
join 114 and 166 score = 0.00625 sizes 8,6
join 57 and 165 score = 0.006993006993006993 sizes 9,2
join 3 and 134 score = 0.01092896174863388 sizes 14,4
join 63 and 158 score = 0.006578947368421052 sizes 2,1
join 20 and 144 score = 0.0 sizes 1,1
join 20 and 24 score = 0.0 sizes 2,1
join 11 and 168 score = 0.006211180124223602 sizes 1,1
join 101 and 149 score = 0.0 sizes 1,1
join 49 and 101 score = 0.0 sizes 1,2
join 96 and 119 score = 0.0 sizes 1,1
join 24 and 32 score = 0.0 sizes 3,11
join 46 and 184 score = 0.007874015748031496 sizes 1,5
join 1 and 95 score = 0.0 sizes 1,1
join 91 and 179 score = 0.0 sizes 47,4
join 9 and 110 score = 0.007246376811594203 sizes 6,51
join 46 and 125 score = 0.007407407407407408 sizes 57,18
join 33 and 126 score = 0.0 sizes 3,75
join 30 and 146 score = 0.01098901098901099 sizes 7,7
join 15 and 26 score = 0.0 sizes 3,1
join 26 and 183 score = 0.0 sizes 4,2
join 48 and 119 score = 0.0 sizes 1,2
join 132 and 177 score = 0.0 sizes 6,1
join 139 and 149 score = 0.0 sizes 7,3
join 96 and 154 score = 0.0 sizes 3,1
join 95 and 141 score = 0.0 sizes 2,1
join 102 and 141 score = 0.0 sizes 1,3
join 45 and 102 score = 0.0 sizes 1,4
join 6 and 153 score = 0.0 sizes 1,1
join 76 and 169 score = 0.0 sizes 1,1
join 48 and 84 score = 0.0 sizes 4,2
join 11 and 69 score = 0.0 sizes 2,1
join 6 and 98 score = 0.0 sizes 2,1
join 14 and 117 score = 0.0 sizes 14,1
join 116 and 188 score = 0.0 sizes 1,3
join 116 and 191 score = 0.0 sizes 4,1
join 64 and 147 score = 0.0 sizes 14,2
join 21 and 171 score = 0.0 sizes 1,6
join 43 and 156 score = 0.0 sizes 1,1
join 145 and 160 score = 0.0 sizes 1,1
join 74 and 160 score = 0.0 sizes 1,2
join 155 and 191 score = 0.0 sizes 1,5
join 70 and 155 score = 0.0 sizes 1,6
join 70 and 168 score = 0.0 sizes 7,3
join 45 and 76 score = 0.0 sizes 5,2
join 122 and 169 score = 0.012422360248447204 sizes 2,7
join 1 and 49 score = 0.0 sizes 9,10
join 118 and 152 score = 0.0 sizes 1,1
join 117 and 152 score = 0.0 sizes 15,2
join 118 and 153 score = 0.0 sizes 17,3
join 2 and 150 score = 0.0 sizes 1,78
join 0 and 170 score = 0.027586206896551724 sizes 6,19
join 21 and 69 score = 0.0 sizes 7,10
join 8 and 178 score = 0.03937007874015748 sizes 16,5
join 98 and 137 score = 0.0 sizes 20,21
join 4 and 174 score = 0.020833333333333332 sizes 41,1
join 22 and 174 score = 0.02531645569620253 sizes 14,42
join 78 and 158 score = 0.022727272727272728 sizes 1,3
join 92 and 193 score = 0.042682926829268296 sizes 79,4
join 2 and 38 score = 0.03333333333333333 sizes 83,1
join 38 and 142 score = 0.034482758620689655 sizes 84,1
All pairs
join 50 and 65 score = 0.03164556962025317 sizes 1,25
join 74 and 129 score = 0.03333333333333333 sizes 3,56
join 83 and 154 score = 0.03571428571428571 sizes 1,17
join 60 and 144 score = 0.045454545454545456 sizes 1,59
join 54 and 177 score = 0.06666666666666667 sizes 1,26
join 60 and 142 score = 0.125 sizes 60,85
join 53 and 78 score = 0.12056737588652482 sizes 1,145
join 54 and 89 score = 0.0967741935483871 sizes 27,1
join 50 and 56 score = 0.09937888198757763 sizes 28,18
join 43 and 145 score = 0.17391304347826086 sizes 2,146
join 89 and 156 score = 0.0 sizes 46,148
join 53 and 131 score = 0.3082191780821918 sizes 194,1
score = 1.5021679881374443
improvementE2 : -813.6637716577967
improvementE2 : -813.6634900162509
improvementE2 : -803.2026976411764
improvementE3 : -803.202442983791
improvementE2 : -803.2013974064319
improvementE3 : -802.581714687125
improvementE1 : -802.5331946347262
improvementE1 : -802.5331934776442
improvementE3 : -799.3932581556062
improvementE3 : -799.3746518085352
improvementE3 : -799.353226932986
improvementE1 : -776.3738380148004
improvementE3 : -776.3601564516562
improvementE3 : -776.2404208621845
improvementE2 : -776.2403059416306
improvementE1 : -776.2402262171083
improvementE1 : -776.2402075235607
improvementE2 : -776.2401354050226
improvementE2 : -776.2399614296813
improvementE2 : -776.1651795656603
improvementE1 : -776.1529355171479
improvementE1 : -776.1529206128207
improvementE3 : -776.1523555119226
improvementE3 : -776.1417359847895
improvementE3 : -776.1414635986449
improvementE1 : -776.1413094625211
improvementE1 : -776.1408082465347
improvementE1 : -776.1403523007992
improvementE2 : -776.1398473338895
improvementE2 : -776.139841695608
improvementE3 : -776.1397968135444
improvementE2 : -775.649568743713
improvementE3 : -775.6458493446263
improvementE1 : -775.6457924219606
improvementE2 : -775.5835045465931
improvementE1 : -775.5830172711819
improvementE2 : -775.5802977321916
improvementE3 : -775.5393743047923
improvementE2 : -775.5350070127867
improvementE2 : -775.5262189453207
improvementE3 : -775.5254016224088
improvementE3 : -775.5253038888397
improvementE2 : -775.4848582735863
improvementE3 : -775.4847715515099
improvementE2 : -772.3976480169813
improvementE1 : -772.3875234765717
improvementE1 : -772.3875115267584
improvementE3 : -772.3875013720053
improvementE3 : -772.3100075783975
improvementE2 : -771.9576107398047
improvementE3 : -759.5349322713414
improvementE1 : -759.4806007827194
improvementE3 : -759.4804447023863
improvementE2 : -759.480435247819
improvementE2 : -759.4803969201907
improvementE3 : -759.1343270362511
improvementE2 : -759.1201023008541
improvementE2 : -759.1192375540886
improvementE1 : -759.1192252866836
improvementE2 : -759.1189743724009
improvementE1 : -759.118963307351
improvementE2 : -759.1048449000581
improvementE2 : -759.0911578303645
improvementE3 : -758.0492045441702
improvementE1 : -758.0489834735789
improvementE2 : -746.4466815311496
improvementE3 : -746.4422661741216
improvementE3 : -735.1798813030437
improvementE3 : -735.1669791132304
improvementE1 : -735.0963745171808
improvementE2 : -730.1955547408495
improvementE1 : -730.193305025216
improvementE2 : -728.5065286702204
improvementE2 : -728.5025704323746
improvementE3 : -728.4116944321352
improvementE1 : -728.3450783620813
improvementE2 : -728.345043754835
improvementE1 : -728.3367880842709
improvementE1 : -727.6451279171511
improvementE3 : -727.6450889731279
improvementE3 : -727.2510939107644
improvementE2 : -727.2329231416107
improvementE1 : -727.2255963012376
improvementE1 : -727.1269154056621
improvementE1 : -726.3297269850946
improvementE1 : -726.3296980335705
improvementE2 : -718.1007288978606
improvementE2 : -718.1002492017974
improvementE3 : -715.7998321983977
improvementE1 : -712.1270569559545
improvementE2 : -712.1270158533666
improvementE3 : -710.237931675917
improvementE1 : -710.226737491711
improvementE2 : -703.0059400294837
improvementE3 : -702.9820008998861
improvementE3 : -702.9819935721291
improvementE3 : -702.4142287569684
improvementE2 : -702.4142216799145
improvementE2 : -702.413290158317
improvementE1 : -702.4128666344836
improvementE3 : -702.4127485425486
improvementE2 : -702.4123708670912
improvementE2 : -702.4115524320764
improvementE2 : -702.4089631783281
improvementE1 : -702.4077924641131
improvementE1 : -702.407783620244
improvementE1 : -702.4074938043392
improvementE2 : -702.407306280369
improvementE2 : -688.0398727432159
improvementE1 : -687.0797363611974
improvementE2 : -687.0797241902669
improvementE1 : -687.0796869759008
improvementE3 : -687.0743718047804
improvementE3 : -687.0741947950655
improvementE3 : -687.0741813700618
improvementE3 : -683.734622969198
improvementE2 : -681.6302730125843
improvementE3 : -680.7889331727644
improvementE2 : -680.7774116872838
improvementE3 : -680.7772915040207
improvementE3 : -680.7706979470756
improvementE3 : -680.7706123352908
improvementE3 : -676.9659180742337
improvementE3 : -676.965174288347
improvementE3 : -669.687522846919
improvementE1 : -665.7490566608435
improvementE2 : -665.706172144809
improvementE1 : -663.7062621246521
improvementE3 : -663.706205274659
improvementE3 : -663.7061894487776
improvementE3 : -663.7061634953243
improvementE3 : -661.9252902191918
improvementE2 : -661.9086754179325
improvementE1 : -661.9068273752076
improvementE3 : -661.6588392050639
improvementE2 : -661.4591130177655
improvementE3 : -661.459064654325
improvementE1 : -661.4590618577552
improvementE2 : -661.4589560707509
improvementE1 : -660.8558312301979
improvementE1 : -660.8557811264152
improvementE3 : -660.8554684793621
improvementE3 : -660.6553793360299
improvementE1 : -660.6184877822152
improvementE1 : -660.6184863796595
improvementE1 : -660.6105812893368
improvementE2 : -660.5946890135106
improvementE2 : -660.5914070550475
improvementE2 : -656.4261379426882
improvementE3 : -656.4260219789904
improvementE3 : -656.4259768380671
improvementE3 : -656.4259327234168
improvementE1 : -656.4249911369332
improvementE3 : -656.4239457187157
improvementE3 : -656.4238773154792
improvementE3 : -656.4236167421502
improvementE3 : -644.9328052650286
improvementE2 : -644.9326737723956
improvementE1 : -644.8738541461994
improvementE1 : -644.8735171368089
improvementE1 : -644.8735142097639
improvementE2 : -629.9776954946535
improvementE1 : -629.9775923985003
improvementE1 : -629.976663243808
improvementE3 : -628.4837438887402
improvementE1 : -628.4820795185311
improvementE3 : -628.3629364982764
improvementE3 : -628.2455602820094
improvementE2 : -628.2448809174921
improvementE2 : -628.2448673189915
improvementE2 : -628.2448654157879
improvementE2 : -628.2448592523963
improvementE2 : -628.2448541426866
improvementE3 : -628.244282102632
improvementE2 : -628.2440232481013
improvementE3 : -628.1508970694064
improvementE2 : -628.1506988900386
improvementE1 : -628.1443223483811
improvementE3 : -628.1436375515556
improvementE3 : -615.7133790670869
improvementE3 : -615.7133033471478
improvementE1 : -615.7089876494196
improvementE1 : -615.703477618596
improvementE3 : -595.0168906184131
improvementE3 : -595.0079388189919
improvementE1 : -594.999027712094
improvementE3 : -592.8049074690572
improvementE3 : -590.1624713114339
improvementE3 : -590.1624591975384
improvementE3 : -588.389036105649
improvementE3 : -588.3873886306092
improvementE2 : -588.387386772431
improvementE1 : -588.3766556378425
improvementE2 : -588.3762437298096
improvementE1 : -588.3762088481586
improvementE1 : -588.3762069175035
improvementE2 : -588.3742629267654
improvementE3 : -588.374260778302
improvementE2 : -588.3705047976646
improvementE2 : -588.3705025993652
improvementE1 : -588.3705002415415
improvementE3 : -588.370324840814
improvementE3 : -588.3700609625731
improvementE1 : -588.2688225018937
improvementE1 : -588.2688195130647
improvementE3 : -587.4618225323334
improvementE3 : -587.4609503048464
improvementE3 : -583.571167937055
improvementE1 : -583.5147781578385
improvementE3 : -583.5147760215343
improvementE3 : -583.3177868434692
improvementE2 : -583.312969030522
improvementE2 : -583.2930776207778
improvementE3 : -583.2929421858107
improvementE3 : -583.2929196699273
improvementE2 : -583.2928400635066
improvementE2 : -583.2924727116983
improvementE3 : -581.1225005407779
improvementE1 : -581.1224875245932
improvementE2 : -581.1140969061282
improvementE3 : -581.114092613146
improvementE3 : -581.1140913134786
improvementE2 : -581.1136456431716
improvementE3 : -581.1066570576302
improvementE3 : -581.106489011186
improvementE1 : -581.1064844984708
improvementE3 : -581.106481429634
improvementE3 : -581.1064315065582
improvementE2 : -581.1063727239639
improvementE3 : -581.0962307148102
improvementE3 : -581.0846074668607
improvementE3 : -580.1500581315622
improvementE2 : -580.1500541934303
improvementE3 : -580.1500357300217
improvementE3 : -579.7419820683799
improvementE1 : -579.7419143045182
improvementE2 : -579.7328513217419
improvementE2 : -579.7328174277509
improvementE1 : -579.7328138456513
improvementE3 : -579.7328028766799
improvementE3 : -579.7327990846047
improvementE1 : -579.7327899312619
improvementE1 : -579.7178113961638
improvementE3 : -577.4631110921423
improvementE1 : -577.3861499738271
improvementE3 : -577.3861486415069
improvementE1 : -577.2696826726988
improvementE3 : -577.2696685998594
improvementE1 : -577.2675085766687
improvementE2 : -577.2674776979202
improvementE2 : -577.2674748826523
improvementE3 : -574.3980638613725
improvementE1 : -574.3980295238046
improvementE1 : -574.3980262335126
improvementE3 : -574.3980189064519
improvementE3 : -574.3980143278109
improvementE1 : -574.3980072628297
improvementE2 : -572.7055469457332
improvementE2 : -572.7051984410173
improvementE1 : -572.5306488573945
improvementE2 : -572.5299639882293
improvementE1 : -572.5295714527858
improvementE2 : -572.5295428801699
improvementE1 : -572.4511422738069
improvementE2 : -572.4511339828238
improvementE3 : -572.4508123743436
improvementE2 : -572.4508107500881
improvementE3 : -572.4507389233627
improvementE2 : -572.4507354343878
improvementE1 : -572.4491887849767
improvementE1 : -572.4491871856656
improvementE3 : -572.4488725380022
improvementE2 : -572.4488705356532
improvementE3 : -572.4488598654564
improvementE1 : -572.4488587903405
improvementE2 : -572.4143166749082
improvementE3 : -572.3986755429371
improvementE3 : -572.3985416166041
improvementE3 : -572.3894054257474
improvementE3 : -572.3766345534491
improvementE3 : -572.3766223034072
improvementE3 : -569.6943333633039
improvementE1 : -567.1608369906708
improvementE3 : -567.1607513456784
improvementE3 : -567.1607376191118
improvementE2 : -567.1607358865075
improvementE2 : -567.1607299946425
improvementE2 : -542.0249897343733
improvementE3 : -542.0244840225257
improvementE2 : -542.0244821507874
improvementE3 : -542.0244810599718
improvementE2 : -542.0244783569888
improvementE1 : -542.0241376648532
improvementE3 : -541.948171131429
improvementE2 : -541.9480849625716
improvementE3 : -541.889820146735
improvementE3 : -541.8896687089024
improvementE2 : -541.889667239622
improvementE2 : -540.0788510730612
improvementE3 : -540.0788309546938
improvementE1 : -540.0788185506408
improvementE3 : -540.0788175459534
improvementE3 : -540.0788155200049
improvementE1 : -540.0788006457566
improvementE2 : -540.0787938495168
improvementE2 : -540.0786004690783
improvementE3 : -540.078594516471
improvementE2 : -540.0641903056514
improvementE1 : -540.064152472595
improvementE3 : -540.0626520880406
improvementE3 : -540.0605104428968
improvementE1 : -540.0604896900395
improvementE3 : -539.9605124785326
improvementE2 : -539.960508770021
improvementE3 : -539.9605074577855
improvementE1 : -539.9603157000531
improvementE2 : -539.9602834602106
improvementE1 : -539.9473560347394
improvementE3 : -539.9473523498592
improvementE2 : -539.9471420602355
improvementE1 : -538.663294847526
improvementE3 : -538.6632081653925
improvementE1 : -538.6536135447475
improvementE2 : -538.6534432407516
improvementE3 : -534.733519233349
improvementE2 : -534.6856170110859
improvementE1 : -534.6855905160267
improvementE2 : -534.685368808817
improvementE1 : -534.6852845491504
improvementE3 : -534.6752894808245
improvementE2 : -534.6751072099539
improvementE2 : -534.6750725352819
improvementE2 : -533.9313874883821
improvementE2 : -529.2862403263293
improvementE3 : -529.2837553047991
improvementE3 : -529.2835347343265
improvementE1 : -529.2730437457103
improvementE3 : -529.2729063234061
improvementE2 : -529.2729045403611
improvementE3 : -528.2512753714507
improvementE2 : -528.251271141491
improvementE1 : -527.4086516717846
improvementE3 : -527.408644484186
improvementE2 : -527.4086336360723
improvementE3 : -527.4086260329436
improvementE1 : -527.4086071672675
improvementE1 : -527.4086032208493
improvementE3 : -527.4085991124689
improvementE3 : -526.4086067654173
improvementE1 : -526.4086056900675
improvementE3 : -526.3771111901948
improvementE3 : -526.3767691350658
improvementE2 : -526.0752419437274
improvementE1 : -526.0752348658585
improvementE3 : -525.0063963341731
improvementE1 : -524.7864191157161
improvementE2 : -524.7863793159113
improvementE1 : -523.7863893480472
improvementE2 : -523.7863855197153
improvementE3 : -520.1226249912431
improvementE1 : -520.122621681131
improvementE1 : -515.8958863517953
improvementE3 : -515.8958224206865
improvementE3 : -515.8958207900212
improvementE3 : -515.8958195156622
improvementE1 : -515.8955861277254
improvementE2 : -515.8955841650525
improvementE3 : -515.8955776113378
improvementE3 : -515.8951304128518
improvementE3 : -515.8809478902791
improvementE1 : -515.8808110233438
improvementE3 : -515.8807960513868
improvementE1 : -515.8807799133529
improvementE2 : -515.8807581801528
improvementE2 : -515.880756349977
improvementE1 : -515.8807506888854
improvementE3 : -515.8807324381545
improvementE3 : -515.8807207273853
improvementE1 : -515.592005473916
improvementE1 : -515.5862779941751
improvementE2 : -515.5862766016769
improvementE1 : -515.5862629241335
improvementE3 : -515.5862608575142
improvementE1 : -515.5862355560981
improvementE3 : -515.5862208075544
improvementE3 : -515.5851340354011
improvementE2 : -515.5851308350661
improvementE3 : -515.5851256542727
improvementE2 : -515.5851224646867
improvementE2 : -515.585118868628
improvementE1 : -515.5851155293332
improvementE3 : -515.5851120970071
improvementE1 : -508.39514076684367
improvementE3 : -508.39510452344695
improvementE3 : -508.3951028541112
improvementE1 : -508.3950835453649
improvementE1 : -508.3950742874496
improvementE3 : -508.3839025267328
improvementE2 : -508.38390076829756
improvementE3 : -508.37328028449116
improvementE3 : -508.37326893111015
improvementE2 : -508.3732673603812
improvementE3 : -508.37325592503754
improvementE3 : -508.37324221654507
improvementE2 : -508.37322663700525
improvementE1 : -508.367420541011
improvementE1 : -508.3674172963597
improvementE3 : -508.3674054201551
improvementE1 : -508.36739060090326
improvementE3 : -508.3611417815334
improvementE1 : -508.3611368956207
improvementE3 : -508.36112916920365
improvementE3 : -508.3611247625852
improvementE3 : -508.361118381606
improvementE2 : -508.3607465000658
improvementE3 : -508.36073452309336
logL = -3577.6933450567603
Removing 0 markers
Second round
improvementE1 : -508.3607268701825
improvementE2 : -508.3607240655579
improvementE2 : -508.36072174331116
improvementE2 : -508.36071814538883
improvementE3 : -508.36070863471383
improvementE3 : -508.360690118477
improvementE3 : -508.360688159246
improvementE1 : -508.36068332826807
improvementE3 : -507.78138829363644
improvementE2 : -507.7813844572405
improvementE3 : -507.78137460178795
improvementE3 : -507.73213168670185
improvementE3 : -507.73212912134926
improvementE2 : -507.7321145426697
improvementE3 : -507.7321001753928
improvementE1 : -507.73209669195796
improvementE2 : -507.7320386146763
improvementE3 : -507.7320307653072
improvementE2 : -507.732026467918
improvementE2 : -507.71978460677224
improvementE1 : -507.7197615231019
improvementE1 : -507.71976051774396
improvementE2 : -507.7197588127835
improvementE3 : -507.7196148325787
improvementE1 : -507.7195779859986
improvementE1 : -507.71957669550255
improvementE3 : -507.71957447160196
improvementE2 : -507.7195731599521
improvementE3 : -507.71956242293953
improvementE3 : -507.719550735246
improvementE3 : -507.71952518596964
improvementE3 : -507.7195214051414
improvementE3 : -507.7195152979589
improvementE3 : -507.7195131951773
improvementE3 : -507.7195092354504
improvementE1 : -507.71950272946947
improvementE3 : -507.7194972054613
improvementE3 : -504.93683315434015
improvementE1 : -504.9367148013196
improvementE1 : -504.5346898862331
improvementE3 : -504.53468734746883
improvementE1 : -504.18309291395116
improvementE3 : -504.1830660022971
improvementE3 : -504.1570455154469
improvementE3 : -504.1548035184299
improvementE2 : -504.1517716281051
improvementE3 : -504.1517682444372
improvementE2 : -504.144451446422
improvementE3 : -504.1420265338226
improvementE2 : -504.1417637246233
improvementE1 : -504.1302684090237
improvementE3 : -504.13006901563807
improvementE1 : -504.13003233606713
improvementE1 : -504.1298618098049
improvementE1 : -504.1297918761695
improvementE1 : -504.1297090667641
improvementE1 : -504.1296996370886
improvementE2 : -504.1296883352582
improvementE2 : -504.12967394069625
improvementE2 : -504.12966776155747
improvementE2 : -504.1296545735958
improvementE3 : -504.12959172105855
improvementE1 : -504.12959005043456
improvementE3 : -504.1295800012208
improvementE1 : -504.1295785669919
improvementE2 : -504.12957377601214
improvementE3 : -504.1292310744306
improvementE1 : -504.1292225173318
improvementE3 : -504.12136718891844
improvementE1 : -504.1213563147934
improvementE1 : -504.12134469194064
improvementE3 : -504.1213348840609
improvementE2 : -504.1213308402856
improvementE1 : -504.121328336661
improvementE2 : -504.1213177400846
improvementE2 : -504.12127843234106
improvementE3 : -504.1212773616671
improvementE1 : -504.12126728549663
improvementE3 : -504.1212649433341
improvementE1 : -504.12123469229834
improvementE2 : -504.1212320827365
improvementE1 : -504.1212279304303
improvementE3 : -504.12122512974355
