0->0 : 0
0->1 : 0
0->2 : 0
       Error rate = 0.0
1->0 : 0
1->1 : 0
1->2 : 0
       Error rate = 0.0
2->0 : 0
2->1 : 0
2->2 : 0
       Error rate = 0.0
0,2->0,2 : 1338190
  0,2->1 : 0
1,2->1,2 : 0
  1,2->0 : 0
       Error rate = 0.0
Maternally informative markers = 0 (of 12194)
Paternally informative markers = 12194
Maternally or paternally informative markers = 12194
Removed 0 children
Removed 0 markers
Number of LGs = 37
***Family = fam_08 chromosome = 25 numMarkers = 257 maternal informative markers 0 (paternal informative markers 257)
***Family = fam_01 chromosome = 25 numMarkers = 257 maternal informative markers 0 (paternal informative markers 257)
***Family = fam_09 chromosome = 25 numMarkers = 257 maternal informative markers 0 (paternal informative markers 257)
257->191
191->191
All pairs
join 174 and 180 score = 0.0 sizes 1,1
join 54 and 107 score = 0.0 sizes 1,1
join 9 and 174 score = 0.0 sizes 1,2
join 9 and 85 score = 0.0 sizes 3,1
join 94 and 112 score = 0.0 sizes 1,1
join 76 and 171 score = 0.0 sizes 1,1
join 76 and 85 score = 0.0 sizes 2,4
join 81 and 180 score = 0.0 sizes 1,6
join 2 and 81 score = 0.0 sizes 1,7
join 41 and 146 score = 0.0 sizes 1,1
join 111 and 112 score = 0.0 sizes 1,2
join 94 and 118 score = 0.0 sizes 3,1
join 22 and 177 score = 0.0 sizes 1,1
join 97 and 127 score = 0.0 sizes 1,1
join 97 and 181 score = 0.0 sizes 2,1
join 41 and 167 score = 0.0 sizes 2,1
join 3 and 146 score = 0.0 sizes 1,3
join 26 and 177 score = 0.0 sizes 1,2
join 26 and 181 score = 0.0 sizes 3,3
join 72 and 140 score = 0.0 sizes 1,1
join 72 and 116 score = 0.0 sizes 2,1
join 2 and 111 score = 0.0 sizes 8,4
join 165 and 171 score = 0.0 sizes 1,12
join 57 and 165 score = 0.0 sizes 1,13
join 118 and 127 score = 0.0 sizes 14,6
join 106 and 130 score = 0.0 sizes 1,1
join 33 and 130 score = 0.0 sizes 1,2
join 53 and 166 score = 0.0 sizes 1,1
join 5 and 19 score = 0.0 sizes 1,1
join 54 and 100 score = 0.0 sizes 2,1
join 134 and 164 score = 0.0 sizes 1,1
join 21 and 67 score = 0.0 sizes 1,1
join 28 and 105 score = 0.0 sizes 1,1
join 51 and 105 score = 0.0 sizes 1,2
join 51 and 74 score = 0.0 sizes 3,1
join 34 and 96 score = 0.0 sizes 1,1
join 5 and 8 score = 0.0 sizes 2,1
join 19 and 47 score = 0.0 sizes 3,1
join 8 and 88 score = 0.0 sizes 4,1
join 47 and 52 score = 0.0 sizes 5,1
join 52 and 57 score = 0.0 sizes 6,20
join 35 and 131 score = 0.0 sizes 1,1
join 88 and 185 score = 0.0 sizes 26,1
join 22 and 124 score = 0.0 sizes 27,1
join 55 and 108 score = 0.0 sizes 1,1
join 55 and 189 score = 0.0 sizes 2,1
join 73 and 128 score = 0.0 sizes 1,1
join 73 and 106 score = 0.0 sizes 2,3
join 128 and 178 score = 0.0 sizes 5,1
join 13 and 84 score = 0.0 sizes 1,1
join 44 and 110 score = 0.0 sizes 1,1
join 131 and 143 score = 0.0 sizes 2,1
join 35 and 110 score = 0.0 sizes 3,2
join 1 and 189 score = 0.0 sizes 1,3
join 1 and 141 score = 0.0 sizes 4,1
join 23 and 40 score = 0.0 sizes 1,1
join 53 and 67 score = 0.0 sizes 2,2
join 99 and 166 score = 0.0 sizes 1,4
join 21 and 116 score = 0.0 sizes 5,3
join 140 and 157 score = 0.0 sizes 8,1
join 115 and 167 score = 0.0 sizes 1,4
join 58 and 60 score = 0.0 sizes 1,1
join 60 and 185 score = 0.0 sizes 2,28
join 58 and 147 score = 0.0 sizes 30,1
join 3 and 169 score = 0.0 sizes 5,1
join 56 and 169 score = 0.0 sizes 1,6
join 43 and 179 score = 0.0 sizes 1,1
join 49 and 121 score = 0.0 sizes 1,1
join 61 and 163 score = 0.0 sizes 1,1
join 155 and 170 score = 0.0 sizes 1,1
join 80 and 155 score = 0.0 sizes 1,2
join 64 and 100 score = 0.0 sizes 1,3
join 80 and 86 score = 0.0 sizes 3,1
join 86 and 172 score = 0.0 sizes 4,1
join 37 and 164 score = 0.0 sizes 1,2
join 17 and 176 score = 0.0 sizes 1,1
join 27 and 61 score = 0.0 sizes 1,2
join 33 and 121 score = 0.0 sizes 6,2
join 24 and 27 score = 0.0 sizes 1,3
join 84 and 162 score = 0.0 sizes 2,1
join 69 and 89 score = 0.0 sizes 1,1
join 123 and 178 score = 0.0 sizes 1,8
join 7 and 102 score = 0.0 sizes 1,1
join 102 and 138 score = 0.0 sizes 2,1
join 141 and 147 score = 0.0 sizes 5,31
All pairs
join 99 and 122 score = 0.0 sizes 9,1
join 6 and 45 score = 0.0 sizes 1,1
join 11 and 28 score = 0.0 sizes 1,4
join 113 and 117 score = 0.0 sizes 1,1
join 11 and 83 score = 0.0 sizes 5,1
join 78 and 117 score = 0.0 sizes 1,2
join 113 and 152 score = 0.0 sizes 3,1
join 48 and 190 score = 0.0 sizes 1,1
join 32 and 71 score = 0.0 sizes 1,1
join 66 and 119 score = 0.0 sizes 1,1
join 68 and 182 score = 0.0 sizes 1,1
join 48 and 83 score = 0.0 sizes 2,6
join 78 and 142 score = 0.0 sizes 4,1
join 142 and 190 score = 0.0 sizes 5,8
join 132 and 158 score = 0.0 sizes 1,1
join 183 and 188 score = 0.0 sizes 1,1
join 14 and 183 score = 0.0 sizes 1,2
join 14 and 132 score = 0.0 sizes 3,2
join 152 and 184 score = 0.0 sizes 13,1
join 158 and 184 score = 0.0 sizes 5,14
join 0 and 134 score = 0.006535947712418301 sizes 1,3
join 44 and 93 score = 0.0 sizes 5,1
join 66 and 122 score = 0.006535947712418301 sizes 2,10
join 119 and 126 score = 0.006578947368421052 sizes 12,1
join 32 and 36 score = 0.0 sizes 2,1
join 82 and 107 score = 0.0 sizes 1,4
join 64 and 77 score = 0.0 sizes 5,1
join 20 and 179 score = 0.0 sizes 1,2
join 43 and 109 score = 0.005780346820809248 sizes 3,1
join 120 and 124 score = 0.006578947368421052 sizes 1,36
join 96 and 170 score = 0.00641025641025641 sizes 2,5
join 0 and 40 score = 0.0064516129032258064 sizes 4,2
join 36 and 101 score = 0.0 sizes 3,1
join 109 and 173 score = 0.0 sizes 4,1
join 95 and 103 score = 0.0 sizes 1,1
join 125 and 133 score = 0.0 sizes 1,1
join 136 and 144 score = 0.0 sizes 1,1
join 154 and 156 score = 0.0 sizes 1,1
join 69 and 182 score = 0.0 sizes 2,2
join 62 and 144 score = 0.0 sizes 1,2
join 156 and 186 score = 0.0 sizes 2,1
join 15 and 101 score = 0.0 sizes 1,4
join 15 and 188 score = 0.0 sizes 5,19
join 74 and 126 score = 0.006097560975609756 sizes 24,13
join 137 and 157 score = 0.005952380952380952 sizes 1,37
join 29 and 187 score = 0.0 sizes 1,1
join 46 and 75 score = 0.0 sizes 1,1
join 10 and 123 score = 0.0 sizes 1,9
join 10 and 62 score = 0.0 sizes 10,3
join 17 and 163 score = 0.01282051282051282 sizes 2,4
join 34 and 162 score = 0.012578616352201259 sizes 7,3
join 138 and 153 score = 0.012345679012345678 sizes 3,1
join 77 and 92 score = 0.0 sizes 6,1
join 38 and 92 score = 0.0 sizes 1,7
join 12 and 87 score = 0.0 sizes 1,1
join 133 and 143 score = 0.0 sizes 2,6
join 45 and 56 score = 0.013793103448275862 sizes 2,7
join 37 and 82 score = 0.014285714285714285 sizes 6,8
join 38 and 42 score = 0.0 sizes 14,1
join 16 and 114 score = 0.0 sizes 1,1
join 108 and 148 score = 0.013245033112582781 sizes 37,1
join 91 and 148 score = 0.0 sizes 1,38
join 154 and 173 score = 0.0 sizes 3,5
join 20 and 46 score = 0.022556390977443608 sizes 8,2
join 75 and 161 score = 0.0 sizes 10,1
join 16 and 50 score = 0.0 sizes 2,1
join 24 and 114 score = 0.0 sizes 6,3
join 63 and 135 score = 0.0 sizes 1,1
join 63 and 104 score = 0.0 sizes 2,1
join 70 and 135 score = 0.0 sizes 1,3
join 98 and 136 score = 0.0 sizes 1,13
join 42 and 137 score = 0.013333333333333334 sizes 15,38
join 25 and 29 score = 0.0 sizes 1,2
join 139 and 168 score = 0.0 sizes 1,1
join 129 and 187 score = 0.0 sizes 1,3
join 25 and 31 score = 0.0 sizes 4,1
join 31 and 71 score = 0.0 sizes 5,53
join 93 and 139 score = 0.025477707006369428 sizes 8,2
join 6 and 23 score = 0.025 sizes 9,58
join 30 and 68 score = 0.0 sizes 1,4
join 120 and 129 score = 0.03571428571428571 sizes 39,67
join 103 and 176 score = 0.04 sizes 2,9
join 13 and 87 score = 0.0 sizes 10,2
All pairs
join 30 and 145 score = 0.04 sizes 5,1
join 18 and 90 score = 0.038461538461538464 sizes 1,1
join 50 and 59 score = 0.03571428571428571 sizes 11,1
join 95 and 159 score = 0.04 sizes 12,1
join 59 and 186 score = 0.04 sizes 13,11
join 145 and 160 score = 0.0 sizes 6,1
join 49 and 65 score = 0.06299212598425197 sizes 14,1
join 12 and 104 score = 0.06451612903225806 sizes 12,4
join 89 and 172 score = 0.07051282051282051 sizes 7,16
join 160 and 168 score = 0.07692307692307693 sizes 23,10
join 70 and 149 score = 0.07407407407407407 sizes 33,1
join 4 and 90 score = 0.08333333333333333 sizes 1,2
join 115 and 153 score = 0.0880503144654088 sizes 106,4
join 91 and 150 score = 0.09090909090909091 sizes 110,1
join 98 and 151 score = 0.07692307692307693 sizes 15,1
join 65 and 79 score = 0.11612903225806452 sizes 16,1
join 4 and 159 score = 0.23076923076923078 sizes 3,24
join 7 and 79 score = 0.23529411764705882 sizes 111,17
join 149 and 150 score = 0.18518518518518517 sizes 34,128
join 39 and 175 score = 0.21739130434782608 sizes 1,1
join 18 and 39 score = 0.0 sizes 27,2
join 125 and 161 score = 0.3333333333333333 sizes 162,29
score = 2.49858439416094
improvementE2 : -1303.5797700025707
improvementE3 : -1303.57975478767
improvementE3 : -1303.5795162404597
improvementE2 : -1303.016901927902
improvementE1 : -1302.9142917832296
improvementE2 : -1302.9142723437067
improvementE2 : -1302.912933947638
improvementE2 : -1302.9127799475114
improvementE2 : -1224.28323845906
improvementE3 : -1224.2719238575187
improvementE2 : -1224.2718017814227
improvementE3 : -1224.2287341213319
improvementE2 : -1224.228193654471
improvementE1 : -1223.432343423542
improvementE2 : -1177.9863830601626
improvementE1 : -1177.918977903767
improvementE3 : -1176.7032081598331
improvementE2 : -1176.703096906661
improvementE2 : -1152.7140254265669
improvementE1 : -1152.7140164329467
improvementE2 : -1113.951774248807
improvementE2 : -1113.9492662899142
improvementE2 : -1113.9492641902245
improvementE3 : -1113.9489272565725
improvementE1 : -1113.9485818873293
improvementE1 : -1113.9468441510571
improvementE2 : -1097.7781301443802
improvementE2 : -1092.5693377608745
improvementE3 : -1092.5692737194229
improvementE1 : -1091.9102796624938
improvementE2 : -1091.9102786363937
improvementE2 : -1088.9487631946627
improvementE3 : -1088.9453321707858
improvementE2 : -1088.7573675647764
improvementE1 : -1063.3440233841832
improvementE2 : -1063.3439651427161
improvementE1 : -1063.3439639593025
improvementE2 : -1063.343952001258
improvementE2 : -1063.3352764847568
improvementE3 : -1063.3352385307453
improvementE1 : -1063.3344135823477
improvementE1 : -1063.3343845231109
improvementE1 : -1063.334243238845
improvementE2 : -1063.334241442485
improvementE2 : -1063.3337812850086
improvementE2 : -1063.3337659603835
improvementE3 : -1063.333733314344
improvementE1 : -1063.3337203057508
improvementE2 : -1060.7214197808346
improvementE1 : -1060.7203022911935
improvementE2 : -1056.2617195042717
improvementE1 : -1056.2607038645508
improvementE1 : -1056.2606967097
improvementE2 : -1056.1469077273393
improvementE1 : -1056.1283208977022
improvementE1 : -1056.1181533532051
improvementE2 : -1056.105543511565
improvementE3 : -1056.1011337127202
improvementE2 : -1017.24961565164
improvementE3 : -1017.151549008049
improvementE3 : -1017.1506431520953
improvementE3 : -1016.8821907263052
improvementE2 : -1016.8641502167136
improvementE3 : -1016.8641488646082
improvementE2 : -1005.749062062624
improvementE2 : -998.7479995046172
improvementE2 : -998.7447418380281
improvementE1 : -998.7446688960207
improvementE1 : -998.7441739038395
improvementE3 : -998.7181301986253
improvementE3 : -998.7180442588149
improvementE1 : -998.7180009098155
improvementE2 : -998.7179736668566
improvementE2 : -998.6298111834205
improvementE2 : -997.3939955468943
improvementE3 : -997.3928671511237
improvementE1 : -983.0514117096993
improvementE2 : -983.0507717156732
improvementE3 : -982.8308106395453
improvementE2 : -982.8239470104921
improvementE2 : -982.8238731982754
improvementE3 : -982.8238670312219
improvementE1 : -982.8235031113229
improvementE3 : -982.8041537425341
improvementE3 : -982.7986327399367
improvementE2 : -982.798630743835
improvementE3 : -980.7910327992361
improvementE3 : -979.4624924663686
improvementE3 : -979.4623880409288
improvementE3 : -979.4623589579636
improvementE3 : -979.4569414709517
improvementE1 : -975.9824258291461
improvementE2 : -975.9475237393946
improvementE1 : -975.9475110574618
improvementE3 : -975.9223927093931
improvementE3 : -975.7636900690575
improvementE2 : -975.7636818501239
improvementE3 : -975.7636717835894
improvementE3 : -974.872300675718
improvementE2 : -974.8598853135097
improvementE1 : -971.0295333134889
improvementE3 : -967.1255784619574
improvementE3 : -967.1254492625542
improvementE2 : -967.123904219257
improvementE3 : -963.8918287350713
improvementE3 : -963.8911075125827
improvementE3 : -963.8897513570344
improvementE1 : -963.8897503110412
improvementE3 : -963.8897252464745
improvementE3 : -963.8894223718971
improvementE2 : -963.8894124858313
improvementE3 : -963.8872543207021
improvementE2 : -963.8871575033183
improvementE2 : -963.8869252486337
improvementE2 : -963.8858998062843
improvementE1 : -963.8588226101631
improvementE2 : -957.9302616185197
improvementE3 : -957.9204090625241
improvementE2 : -957.8490674890674
improvementE3 : -954.6454227706274
improvementE2 : -954.6416608012113
improvementE1 : -954.6416565398745
improvementE3 : -954.576511036251
improvementE2 : -954.5765066010093
improvementE3 : -954.5765055820118
improvementE2 : -944.549350249748
improvementE2 : -944.5418869359354
improvementE2 : -944.5417427742051
improvementE3 : -944.5416791518605
improvementE2 : -944.3591661048947
improvementE3 : -944.1974832095607
improvementE1 : -944.1974758673826
improvementE2 : -944.1826642906491
improvementE3 : -942.9176059096583
improvementE2 : -940.9629554228511
improvementE2 : -939.8990887087855
improvementE3 : -939.8937863061332
improvementE3 : -939.888907115076
improvementE3 : -939.8887685332926
improvementE3 : -932.7569696460201
improvementE2 : -931.7275488648619
improvementE2 : -931.7204616869291
improvementE2 : -931.7204544953391
improvementE2 : -926.7213864455512
improvementE1 : -926.6954555280179
improvementE1 : -926.6954519266147
improvementE3 : -926.6881770496374
improvementE3 : -926.6878724541905
improvementE1 : -926.6802222602225
improvementE1 : -926.6681098357027
improvementE3 : -926.6680484092647
improvementE1 : -926.6678907036331
improvementE1 : -922.0300316989445
improvementE3 : -921.7532687647333
improvementE3 : -920.3546756421048
improvementE2 : -920.3546651294134
improvementE2 : -918.3084495885889
improvementE3 : -918.3084229826525
improvementE2 : -918.3073872466733
improvementE3 : -918.3070373627454
improvementE2 : -918.3070217168931
improvementE2 : -914.3189123916189
improvementE3 : -906.9978547641651
improvementE3 : -906.9477479264591
improvementE2 : -906.9476245528781
improvementE3 : -906.8676521051946
improvementE3 : -906.8676360898895
improvementE3 : -903.5391849206069
improvementE3 : -903.5275969635915
improvementE3 : -900.7107047956615
improvementE3 : -900.7106993254976
improvementE1 : -900.71066712145
improvementE3 : -859.6939305175318
improvementE3 : -859.6939203999151
improvementE3 : -857.5533437441123
improvementE3 : -857.5437473342604
improvementE3 : -857.5436485055998
improvementE3 : -857.5436451972492
improvementE1 : -857.5436409535141
improvementE2 : -854.0231810504398
improvementE2 : -854.0231674777972
improvementE3 : -853.9852030347556
improvementE1 : -853.9841665627139
improvementE3 : -853.9839552877693
improvementE3 : -853.9839464290891
improvementE1 : -853.9837942340966
improvementE3 : -853.9836308760205
improvementE1 : -853.7352795344109
improvementE3 : -853.735205346253
improvementE1 : -851.6805025821991
improvementE3 : -851.6804578380213
improvementE1 : -851.6802040085194
improvementE2 : -851.6799065158165
improvementE2 : -851.6112133145009
improvementE1 : -851.610399474616
improvementE3 : -851.6098625707536
improvementE1 : -848.5138173679804
improvementE3 : -845.1600721331653
improvementE1 : -845.1588825507638
improvementE2 : -845.1588272777741
improvementE3 : -837.9980635931113
improvementE3 : -837.9980625194015
improvementE2 : -837.9980562826295
improvementE1 : -837.9976284900753
improvementE2 : -836.4307383636076
improvementE3 : -836.4307241918652
improvementE1 : -836.4013746009974
improvementE1 : -831.1654601408615
improvementE2 : -831.1653060569239
improvementE2 : -831.1635365701615
improvementE1 : -830.3464788037543
improvementE1 : -830.3107340731527
improvementE2 : -830.3100883161744
improvementE3 : -829.2445570829137
improvementE3 : -829.2442796645927
improvementE1 : -829.2442695924722
improvementE1 : -829.2441946281044
improvementE3 : -829.2132454993375
improvementE1 : -828.5103510303636
improvementE1 : -810.7595414255418
improvementE3 : -806.8871639644556
improvementE3 : -806.8870894224989
improvementE3 : -805.296582524026
improvementE3 : -805.2963399524765
improvementE3 : -805.2251086611707
improvementE2 : -805.2250971654998
improvementE1 : -805.2249599245018
improvementE3 : -805.1405809122388
improvementE3 : -805.1405294571334
improvementE1 : -805.1405233194603
improvementE3 : -805.1405062355228
improvementE1 : -805.1405042486151
improvementE1 : -805.1379975412586
improvementE2 : -805.1379739967479
improvementE3 : -805.1100195236554
improvementE2 : -805.1100147574339
improvementE3 : -805.1100116844714
improvementE1 : -805.106227978436
improvementE2 : -805.0848445088408
improvementE1 : -805.0848359761121
improvementE3 : -804.9694326967838
improvementE1 : -804.9694314818354
improvementE2 : -794.9359375444533
improvementE3 : -794.7252973700618
improvementE3 : -792.150461886082
improvementE1 : -792.1389405940934
improvementE2 : -792.138892287117
improvementE3 : -792.1388912219829
improvementE1 : -792.1388887717269
improvementE3 : -792.1386609816427
improvementE3 : -790.7235093178117
improvementE2 : -790.7234632790774
improvementE3 : -790.7234019999621
improvementE1 : -790.7233411751731
improvementE1 : -790.7233391629202
improvementE3 : -790.7094143992815
improvementE1 : -787.6525424171173
improvementE1 : -787.6485552560109
improvementE1 : -787.4476663198088
improvementE2 : -787.4476512018882
improvementE2 : -787.4476391940758
improvementE1 : -787.4475958229989
improvementE3 : -787.4475911704986
improvementE1 : -787.4467219983926
improvementE3 : -787.446720398913
improvementE3 : -785.6070214939489
improvementE1 : -785.6064176645173
improvementE2 : -785.5604946507963
improvementE3 : -780.1663404531699
improvementE1 : -777.7555904819426
improvementE1 : -777.7553567893352
improvementE1 : -777.7529503715518
improvementE3 : -777.7529463835463
improvementE1 : -777.7529329731086
improvementE3 : -777.7526541691831
improvementE1 : -777.7526530091991
improvementE3 : -777.5491311652979
improvementE3 : -777.549101056861
improvementE2 : -777.2945740581972
improvementE1 : -776.9075169431815
improvementE2 : -776.9067000006769
improvementE2 : -776.9049606460173
improvementE3 : -776.8770571649352
improvementE2 : -776.8770536966554
improvementE2 : -776.8770202018286
improvementE3 : -776.876972408053
improvementE1 : -776.8761958964315
improvementE1 : -776.8761932818483
improvementE3 : -776.8757064476099
improvementE2 : -776.8755767449863
improvementE3 : -776.8579057237323
improvementE3 : -776.6501768133907
improvementE2 : -776.6501731976117
improvementE1 : -776.6488954308277
improvementE3 : -776.6481170241389
improvementE3 : -776.6457720811732
improvementE1 : -776.6457342884269
improvementE3 : -776.5297152290674
improvementE1 : -776.529691846637
improvementE3 : -776.521833660563
improvementE2 : -775.707889144533
improvementE1 : -775.7078755262849
improvementE2 : -775.6882235508655
improvementE2 : -775.6735961286764
improvementE1 : -775.6734281270951
improvementE2 : -775.6733587943083
improvementE3 : -775.6519169747079
improvementE3 : -775.558566378802
improvementE2 : -772.7515376314196
improvementE2 : -772.7514725489558
improvementE3 : -772.7514413290044
improvementE1 : -772.7479683158095
improvementE1 : -772.7479668864053
improvementE1 : -772.7479528023252
improvementE3 : -772.7479439961106
improvementE1 : -772.7376740878442
improvementE3 : -772.7197350106807
improvementE1 : -764.8315213279529
improvementE3 : -755.4018172107128
improvementE1 : -755.4018032761668
improvementE1 : -755.0094580976474
improvementE1 : -754.2338067762071
improvementE3 : -754.2244907023559
improvementE3 : -753.7945623421809
improvementE2 : -753.794469015788
improvementE1 : -753.7942850208076
improvementE2 : -753.7942491613873
improvementE1 : -753.3501075753059
improvementE3 : -749.115519880901
improvementE1 : -749.1154909163879
improvementE3 : -748.7847334991325
improvementE3 : -748.7770020482355
improvementE3 : -748.7710392669287
improvementE1 : -748.771029261131
improvementE3 : -748.7679945086672
improvementE2 : -748.7679676394332
improvementE1 : -748.7679244945273
improvementE1 : -748.7679220506652
improvementE3 : -748.7677733046278
improvementE3 : -741.932050489314
improvementE3 : -741.9319932721269
improvementE3 : -741.4880768487404
improvementE3 : -741.4879506363299
improvementE2 : -741.4862935831597
improvementE2 : -741.4840006261857
improvementE2 : -741.4216745322112
improvementE1 : -741.421618977129
improvementE2 : -741.4197399678753
improvementE2 : -741.4197373871261
improvementE3 : -741.3461590689485
improvementE3 : -741.3461566332218
improvementE3 : -741.3460665533496
improvementE2 : -741.3249816873105
improvementE3 : -741.3249783176303
improvementE1 : -741.2201028734921
improvementE3 : -738.6311127266811
improvementE1 : -738.6310946029178
improvementE1 : -738.604901136669
improvementE2 : -738.6048996246099
improvementE3 : -738.60445178807
improvementE3 : -738.6044494747445
improvementE2 : -738.6044412682395
improvementE2 : -738.6035087472588
improvementE1 : -738.5993334777068
improvementE3 : -737.5778519921712
improvementE3 : -737.5764476694053
improvementE1 : -737.5764411142898
improvementE2 : -737.5763862690787
improvementE3 : -737.5763823963016
improvementE1 : -737.5763750506107
improvementE3 : -737.3937535439783
improvementE3 : -737.3936385648212
improvementE1 : -737.3935029572696
improvementE2 : -737.3934978642556
improvementE3 : -737.392803817301
improvementE1 : -737.392776608569
improvementE3 : -737.392773897501
improvementE1 : -737.3892900950574
improvementE2 : -737.3847675939402
improvementE3 : -737.3826120806376
improvementE1 : -737.3825647265367
improvementE2 : -737.3825119470868
improvementE3 : -737.3824940573921
improvementE3 : -737.3824869912607
improvementE1 : -737.3824696441086
improvementE1 : -737.382467964612
improvementE1 : -737.3818220056781
improvementE1 : -737.3816406087506
improvementE3 : -737.3816073327581
improvementE1 : -734.3573123860383
improvementE2 : -734.3573052896193
improvementE3 : -734.3573029467168
improvementE2 : -734.3572990523144
improvementE1 : -734.3572968084177
improvementE3 : -734.230290651627
improvementE2 : -734.2302849092962
improvementE3 : -734.2302786475993
improvementE1 : -734.2302288060969
improvementE3 : -734.2249575127604
improvementE2 : -730.5117203780577
improvementE3 : -730.5117132599981
improvementE1 : -730.5115036637881
improvementE3 : -730.5114867994205
improvementE3 : -730.1881573668536
improvementE2 : -730.1876490572183
improvementE3 : -730.1873557512001
improvementE3 : -730.1873277619798
improvementE3 : -730.1873261197991
improvementE3 : -730.1864632413378
improvementE2 : -730.1864387034408
improvementE1 : -730.1846341060425
improvementE3 : -730.1842393973152
improvementE1 : -730.184225965864
improvementE3 : -730.1842244177128
improvementE3 : -730.1842152717802
improvementE3 : -726.9372334980633
improvementE3 : -726.9371091906282
improvementE1 : -726.937101900703
improvementE2 : -726.9370174232797
improvementE3 : -726.9370013261429
improvementE2 : -726.9369972424713
improvementE3 : -726.9369961069656
improvementE1 : -726.936682515817
improvementE3 : -726.8099357433169
improvementE1 : -726.8099320370757
improvementE2 : -726.8098893347666
improvementE3 : -726.8098880995691
improvementE2 : -726.8098854572676
improvementE3 : -726.8098834295188
improvementE1 : -726.8098458198931
improvementE2 : -726.8098422585399
improvementE1 : -726.8093678125443
improvementE3 : -726.8066669631951
improvementE2 : -726.8065908949447
improvementE1 : -726.7861540650189
improvementE1 : -726.786141940297
improvementE2 : -726.7860412482312
improvementE3 : -726.7860396830474
improvementE2 : -726.7860375132857
improvementE3 : -726.7859820307361
improvementE2 : -726.7859755355167
improvementE2 : -726.7858746350364
improvementE2 : -726.6886784918427
improvementE3 : -726.6886337605795
improvementE2 : -726.6877918908037
improvementE3 : -726.6872187775687
improvementE1 : -726.5238238552479
improvementE1 : -725.9845291988986
improvementE3 : -725.9844809149013
improvementE1 : -725.9844672447106
improvementE2 : -725.9844655846682
improvementE2 : -725.9844115249512
improvementE3 : -725.6393095764647
improvementE3 : -725.638680762662
improvementE2 : -725.6386517020962
improvementE1 : -725.638650070131
improvementE2 : -725.6386461307825
improvementE3 : -725.6386222802284
improvementE2 : -725.6385289692053
improvementE1 : -725.6385048932823
improvementE3 : -725.5564656055002
improvementE2 : -725.5558051143387
improvementE1 : -725.5557982523301
improvementE1 : -725.5556155549917
improvementE1 : -725.5556140559347
improvementE1 : -722.9108149951511
improvementE2 : -722.9108032542254
improvementE2 : -722.9108003374741
improvementE3 : -722.9107989071603
improvementE3 : -722.8806979161259
improvementE2 : -722.8806948929865
improvementE3 : -722.88035784049
improvementE1 : -722.7972937117947
improvementE1 : -722.7970012023097
improvementE1 : -722.7969974135924
improvementE1 : -722.796988025096
improvementE3 : -722.7076782618117
improvementE3 : -722.7073685122239
improvementE2 : -722.7073043205321
improvementE1 : -722.707258659898
improvementE1 : -722.561301047276
improvementE3 : -722.0885885684336
improvementE1 : -722.0885593513455
improvementE3 : -722.0877823567794
improvementE1 : -721.9366410110347
improvementE1 : -721.9366296824979
improvementE3 : -721.936625594511
improvementE2 : -721.9366196642859
improvementE3 : -721.9365601831857
improvementE3 : -721.9365537552977
improvementE1 : -721.9339968670972
improvementE2 : -721.9338046158781
improvementE2 : -721.9338006821915
improvementE3 : -721.9337859249298
improvementE2 : -721.9337776409111
improvementE1 : -721.933590475099
improvementE3 : -721.9335869740571
improvementE2 : -721.9335177610203
improvementE2 : -721.9090975773319
improvementE2 : -721.9090638072196
improvementE3 : -721.8856684271691
improvementE3 : -721.8855625923035
improvementE3 : -721.8852417018245
improvementE1 : -721.8850017275474
improvementE2 : -721.8849976717693
improvementE3 : -721.8843588689688
improvementE3 : -721.8842115938384
improvementE2 : -721.8839853367144
improvementE2 : -721.8839821800232
improvementE3 : -721.8839439099355
improvementE1 : -721.8838758063869
improvementE2 : -721.8838746621436
improvementE1 : -721.8835456109973
improvementE2 : -721.8825487515765
improvementE1 : -721.8825466872202
improvementE1 : -721.8825444279266
improvementE1 : -721.8824684102241
improvementE2 : -721.8811726188774
improvementE3 : -721.8808139043763
improvementE3 : -721.8808062599742
improvementE2 : -721.8808043770345
improvementE2 : -721.8788506239448
improvementE2 : -721.8788477725918
improvementE1 : -721.8788458856445
improvementE1 : -721.878777998085
improvementE2 : -721.8787743334402
improvementE3 : -721.8787698234498
improvementE1 : -721.8787602180983
improvementE1 : -721.8785309845093
improvementE2 : -721.8540949881552
improvementE3 : -721.8530060367167
improvementE1 : -721.8529923705617
improvementE2 : -721.8528937867217
improvementE1 : -721.852840208327
improvementE1 : -721.852836625462
improvementE1 : -721.852825900525
improvementE1 : -721.8528237728988
improvementE3 : -721.8137086535487
improvementE3 : -721.8137045044377
improvementE2 : -721.8134325968344
improvementE1 : -721.8127482048833
improvementE2 : -721.812675403514
improvementE3 : -721.8126734615221
improvementE2 : -721.8125431626299
improvementE2 : -721.8125419286712
improvementE2 : -721.812537375512
improvementE2 : -721.8125316900928
improvementE2 : -721.8125249157675
improvementE1 : -721.8125216355097
improvementE1 : -721.8125177249133
improvementE2 : -721.8125154821357
improvementE3 : -721.8125136045994
improvementE3 : -721.8125096266474
improvementE3 : -721.8124683435667
improvementE3 : -721.8124662995883
improvementE1 : -721.8124131244497
improvementE2 : -721.8123956614929
improvementE2 : -721.8123923542291
improvementE2 : -721.812194844745
improvementE3 : -721.81218460785
improvementE1 : -721.8118532459973
improvementE1 : -721.8118506989808
improvementE3 : -721.8117793379126
improvementE1 : -721.809430257504
improvementE2 : -721.7612870135804
improvementE3 : -721.7612686630794
improvementE2 : -721.761266995449
improvementE2 : -721.7612413519053
improvementE2 : -721.7612217011244
improvementE3 : -721.7611961623815
improvementE1 : -721.7611949960385
improvementE3 : -721.7611735733034
improvementE1 : -721.761172419589
improvementE3 : -721.761162014185
improvementE2 : -721.7570281466774
improvementE3 : -721.7570156681732
improvementE1 : -721.7570146531821
improvementE2 : -721.7570127647457
improvementE3 : -721.7570033252314
improvementE3 : -721.7569121769584
improvementE1 : -721.7566743925644
improvementE3 : -721.7566685730303
improvementE2 : -721.7566624587346
improvementE1 : -721.7566551689438
improvementE2 : -721.7565523931172
improvementE3 : -721.7565506798178
improvementE3 : -715.0666721326395
improvementE1 : -715.0662885185377
improvementE3 : -715.0662769770496
improvementE1 : -715.0662736970118
improvementE2 : -697.182640142971
improvementE1 : -697.1825436486301
improvementE3 : -697.1737951691711
improvementE1 : -697.173769914703
improvementE1 : -697.1713735052303
improvementE1 : -697.1702813601171
improvementE3 : -697.1695161057273
improvementE3 : -697.1695125742963
improvementE3 : -697.169511260072
improvementE3 : -697.1694915417598
improvementE1 : -697.1694438902887
improvementE3 : -697.1641798063708
improvementE2 : -697.1641722202944
improvementE1 : -697.1641661745316
improvementE2 : -697.1639355289179
improvementE1 : -697.1639333740321
improvementE2 : -697.1639310710933
improvementE1 : -697.1625802585004
improvementE1 : -697.162574924454
improvementE3 : -697.1622556460046
improvementE1 : -697.1622543142696
improvementE3 : -697.1622456408745
improvementE1 : -697.1621652861996
improvementE2 : -697.1619820579823
improvementE2 : -697.1616620888847
improvementE1 : -697.1616576747122
improvementE3 : -697.1616246084268
improvementE1 : -697.1615779849741
improvementE3 : -687.2585464862871
improvementE2 : -687.2584180096385
improvementE3 : -685.9238464745933
improvementE3 : -685.923278606836
improvementE2 : -685.9232772683096
improvementE2 : -685.9221082858619
improvementE3 : -685.9221072192888
improvementE2 : -685.9220770111187
improvementE2 : -685.9220695092906
improvementE1 : -682.9137998122404
improvementE2 : -682.913731181938
improvementE1 : -682.9133208536987
improvementE2 : -682.9133093949089
improvementE3 : -682.9132222318547
improvementE3 : -682.9132148139183
improvementE2 : -682.9132089351104
improvementE3 : -682.9131485109003
improvementE3 : -682.9128303295493
improvementE1 : -682.9127863249315
improvementE1 : -682.9127673630576
improvementE3 : -682.9127634897685
improvementE2 : -682.912718586379
improvementE2 : -682.9127084702745
improvementE3 : -682.9125938764748
improvementE3 : -682.9125338690737
improvementE2 : -682.9080945208498
improvementE2 : -682.9065303561745
improvementE3 : -678.8490505637822
improvementE1 : -678.8490451314949
improvementE2 : -678.8490370673409
improvementE3 : -678.8490284437253
improvementE1 : -678.8490053891458
improvementE2 : -678.7888065816956
improvementE1 : -678.7887705812495
improvementE1 : -678.7887533556479
improvementE2 : -678.7886357780585
improvementE1 : -678.788527181075
improvementE3 : -678.7884986267395
improvementE2 : -678.7884049138656
improvementE2 : -678.7883973761493
improvementE2 : -678.7883963541592
improvementE3 : -678.7883849063278
improvementE3 : -678.7635675857871
improvementE2 : -678.7635645715866
improvementE2 : -678.7565871501574
improvementE1 : -678.7565026125558
improvementE2 : -678.7564875157573
improvementE2 : -678.7554636745604
improvementE3 : -678.7554526783761
improvementE3 : -678.7553671505941
improvementE2 : -678.7553643969675
improvementE3 : -678.7553626463334
improvementE3 : -678.7553470366133
improvementE3 : -678.7553229915939
improvementE3 : -678.7552005098669
improvementE2 : -678.7551988176922
improvementE3 : -678.7551947839538
improvementE1 : -678.645043029485
improvementE3 : -678.6450400786409
improvementE2 : -678.645022703012
improvementE3 : -678.6449129190769
improvementE2 : -678.6448466405662
improvementE2 : -678.6448436216242
improvementE3 : -678.644819708486
improvementE1 : -678.644817646242
improvementE2 : -678.6448163662039
improvementE1 : -678.6448142390684
improvementE1 : -678.6440735208464
improvementE3 : -678.5653391161022
improvementE3 : -678.5651766043804
improvementE2 : -678.5651748044816
improvementE3 : -678.5651501076577
improvementE2 : -678.5651356861135
improvementE2 : -678.5651343652335
improvementE1 : -678.5651333162937
improvementE1 : -678.5651100398752
improvementE1 : -678.5651088982418
improvementE2 : -678.5650963606645
improvementE1 : -678.5163674962281
improvementE3 : -678.5162434929084
improvementE3 : -678.5162331895029
improvementE1 : -678.5161515890211
improvementE3 : -678.5046888741437
improvementE3 : -678.5042281894787
improvementE3 : -678.5042263371539
improvementE2 : -678.5042243073184
improvementE3 : -678.504118414586
improvementE2 : -678.5040898623442
improvementE3 : -678.5040745848764
improvementE1 : -678.5038567149263
improvementE1 : -678.502952852386
improvementE1 : -678.5029205927426
improvementE1 : -678.5025710666796
improvementE3 : -678.4985551059608
improvementE2 : -678.4985209823221
improvementE1 : -678.4985129668421
improvementE1 : -678.4982499904191
improvementE3 : -678.4981742281547
improvementE2 : -678.4981712129918
improvementE1 : -678.4981699583018
improvementE1 : -678.498167434239
improvementE3 : -678.4903020146012
improvementE2 : -678.4897055718061
improvementE1 : -678.48970246996
improvementE1 : -678.48969902275
improvementE2 : -678.4896932095994
improvementE3 : -678.4896865315549
improvementE2 : -678.4896715028408
improvementE3 : -678.4896704908067
improvementE3 : -678.4895768761234
improvementE3 : -666.5341532578373
improvementE1 : -666.5235155794472
improvementE2 : -666.523501965832
improvementE2 : -666.5189809661625
improvementE2 : -666.5189678755007
improvementE2 : -666.5189359983227
improvementE3 : -666.5189248175097
improvementE1 : -666.5189116823819
improvementE2 : -666.5188342574704
improvementE3 : -666.5183662543725
improvementE2 : -666.5183399058442
improvementE2 : -666.5153119858758
improvementE1 : -666.515269489659
improvementE3 : -666.5152297047532
improvementE2 : -666.5152038400727
improvementE1 : -666.5151684954988
improvementE1 : -666.5150934080611
improvementE3 : -666.5150890286222
improvementE2 : -666.5146026291043
improvementE3 : -666.514084566942
improvementE1 : -666.5140816993899
improvementE2 : -666.514069584788
improvementE2 : -666.5140654262292
improvementE3 : -666.5140565616352
improvementE3 : -666.5140373181903
improvementE1 : -666.5140314787101
improvementE3 : -666.5140269987093
improvementE1 : -666.5125864519783
improvementE3 : -666.5124275836805
improvementE1 : -666.5123973982106
improvementE1 : -666.5123955320104
improvementE3 : -666.5123587926033
improvementE2 : -666.5123573766165
improvementE1 : -666.5123539192491
improvementE2 : -666.5123225472154
improvementE3 : -666.496104941175
logL = -3605.3047618970973
Removing 0 markers
Second round
improvementE3 : -666.4881561337779
improvementE2 : -666.4095939296785
improvementE3 : -663.3364476458446
improvementE1 : -663.3364298828424
improvementE2 : -663.3363930611089
improvementE3 : -663.3363294181185
improvementE1 : -663.3363249585689
improvementE3 : -663.3363198386267
improvementE1 : -663.3361994972668
improvementE2 : -663.2979120675079
improvementE3 : -663.297908214055
improvementE3 : -663.2979026566233
improvementE1 : -663.2979016537074
improvementE3 : -663.2978934445516
improvementE3 : -663.2978881431143
improvementE2 : -663.2978468549452
improvementE2 : -663.2869850285872
improvementE3 : -663.2869734568471
improvementE3 : -663.2869521068799
improvementE1 : -663.2869505338708
improvementE3 : -663.2867135178245
improvementE2 : -663.2866817890608
improvementE2 : -663.2866503399001
improvementE2 : -663.2866268994337
improvementE1 : -663.2866206712324
improvementE1 : -663.2729083766665
improvementE3 : -663.2728735264966
improvementE2 : -663.2728609402054
improvementE3 : -663.2728546755611
improvementE1 : -663.27285323611
improvementE2 : -663.2728285788346
improvementE1 : -663.2728199834862
improvementE2 : -663.2728180715455
improvementE1 : -663.2728168183312
improvementE2 : -663.272716416747
improvementE3 : -663.2727135042658
improvementE3 : -663.2726996930016
improvementE1 : -663.2725389340028
improvementE1 : -663.2725284870796
improvementE2 : -663.272476428252
improvementE1 : -663.2724407526161
improvementE1 : -663.2724386953571
improvementE3 : -663.272434527893
improvementE3 : -663.2723841113864
improvementE2 : -663.2722794736678
improvementE2 : -663.2722783471055
improvementE2 : -663.2722460905377
improvementE2 : -663.271655619031
improvementE2 : -663.2716291790016
improvementE1 : -663.2716005774087
improvementE3 : -663.2715094582476
improvementE2 : -663.2714949696494
improvementE3 : -663.2714880863402
improvementE3 : -663.2712592591768
improvementE3 : -663.271215794294
improvementE1 : -663.2711952016084
improvementE3 : -663.2709011965926
improvementE3 : -663.2708633889044
improvementE1 : -663.2708494432359
improvementE2 : -663.2708444175994
improvementE3 : -663.2708245703243
improvementE2 : -663.2708124007554
improvementE3 : -663.2708096326967
improvementE1 : -663.2708076309352
improvementE1 : -663.2708048081198
improvementE3 : -663.270726083191
improvementE3 : -663.2706831068884
improvementE3 : -663.270678381399
improvementE2 : -663.2706679547448
improvementE3 : -663.2706656073431
improvementE1 : -663.2570308338247
improvementE3 : -663.2570295393689
improvementE1 : -663.2570270601198
improvementE3 : -663.2570105538739
improvementE3 : -663.2569644744797
improvementE2 : -663.256955683615
improvementE3 : -663.256914740148
improvementE2 : -663.2568114415288
improvementE3 : -663.255687459232
improvementE2 : -663.2556512401682
improvementE2 : -663.2556500675632
improvementE3 : -663.255563532878
improvementE2 : -663.2555618409544
improvementE1 : -663.2555550192073
improvementE3 : -663.2554221853097
improvementE2 : -663.255393920922
improvementE3 : -663.2553480172069
improvementE2 : -663.2541873879887
improvementE3 : -663.2533852025412
improvementE2 : -663.2532998595254
improvementE3 : -663.2532260681294
improvementE3 : -663.2531534910743
improvementE3 : -663.2531480792481
improvementE1 : -663.2517634128624
improvementE3 : -663.2472818367603
improvementE2 : -663.2472586438428
improvementE2 : -663.2472551838772
improvementE3 : -663.2471832754561
improvementE3 : -663.2471128230451
improvementE3 : -663.247109734569
improvementE3 : -663.2471004919557
improvementE2 : -663.2470975889105
improvementE3 : -663.2470884487038
improvementE1 : -663.2469783903246
improvementE1 : -663.2469747478343
improvementE2 : -663.2469684087682
improvementE3 : -663.24696717659
improvementE3 : -663.2468999609821
improvementE1 : -663.2465146922244
improvementE3 : -663.2465121872827
improvementE1 : -663.2464861220803
improvementE1 : -663.2464676594761
improvementE1 : -663.2464409771814
improvementE3 : -663.2463874997758
improvementE3 : -663.2463240852248
improvementE1 : -663.2463193058121
improvementE3 : -663.2463179989036
improvementE2 : -663.2463136714271
improvementE2 : -663.246310863444
improvementE1 : -663.2462970249558
improvementE1 : -663.2460711614337
improvementE3 : -663.2460683891304
improvementE3 : -663.2460526769448
improvementE3 : -663.2460503292069
improvementE3 : -663.2459940757362
improvementE3 : -663.2459930743781
improvementE3 : -663.2459848589208
improvementE3 : -663.2459726410139
improvementE3 : -663.2459596705846
improvementE3 : -663.2459575864355
improvementE1 : -663.2459217278762
improvementE3 : -654.7882278576249
improvementE1 : -654.7882268061826
improvementE3 : -654.7880969262
improvementE1 : -654.7880958510264
improvementE3 : -654.788079300116
improvementE2 : -654.7880068835846
improvementE2 : -654.787662270514
improvementE3 : -654.7876603440111
improvementE1 : -654.7876584223668
improvementE3 : -654.7876074401995
improvementE3 : -654.7876032729812
improvementE1 : -654.7874060565892
improvementE2 : -654.7873506831768
improvementE1 : -654.7873143822952
improvementE3 : -654.787310311433
improvementE2 : -654.7873024011881
improvementE1 : -654.7872644075669
improvementE3 : -654.7872415865421
improvementE3 : -654.7872397851561
improvementE2 : -654.7872270871401
improvementE3 : -654.7872250168809
improvementE3 : -654.7872021336611
improvementE1 : -654.7871993448605
improvementE2 : -654.7871970689407
improvementE1 : -654.7871944627054
improvementE2 : -654.7871834358082
improvementE2 : -654.787182278048
improvementE2 : -654.7779821971455
improvementE2 : -654.7778692594873
improvementE3 : -654.7775857203324
improvementE3 : -654.7775800233942
improvementE2 : -654.7775628307136
improvementE1 : -654.7773462535774
improvementE3 : -654.7773232892155
improvementE2 : -654.777321445272
improvementE3 : -654.7773129519364
improvementE3 : -654.7773031476563
improvementE3 : -654.7772909936366
improvementE1 : -654.7772880779711
improvementE3 : -654.7772811851568
improvementE1 : -654.777193440181
improvementE3 : -654.7771924244219
improvementE1 : -654.7771904874811
improvementE3 : -654.7771795761875
improvementE1 : -654.7771587860525
improvementE3 : -654.7771474154358
improvementE3 : -654.7771460396145
improvementE1 : -654.7768117451918
improvementE1 : -654.7767908486242
improvementE3 : -653.7838802494102
improvementE2 : -653.7838781865107
improvementE3 : -653.7838733005083
improvementE2 : -653.7838722110548
improvementE2 : -653.7838697557789
improvementE2 : -653.7824303572602
improvementE2 : -653.7823802138751
improvementE3 : -653.7823762917376
improvementE3 : -653.7823752455236
improvementE2 : -653.7820256318546
improvementE2 : -653.782021017855
improvementE3 : -653.7820178222759
improvementE1 : -653.7820154853787
improvementE1 : -653.7820002575926
improvementE2 : -653.7819901686311
improvementE1 : -653.7817915449049
improvementE3 : -653.7817897046747
improvementE2 : -653.7817879691472
improvementE2 : -653.763005775965
improvementE2 : -653.7629929001287
improvementE3 : -653.7629900991982
improvementE2 : -653.7629881296921
improvementE2 : -653.762983253273
improvementE3 : -653.7629818736197
improvementE2 : -653.7629806151912
improvementE3 : -653.7629794738814
improvementE2 : -653.7629776934187
improvementE2 : -653.7629755935577
