0->0 : 0
0->1 : 0
0->2 : 0
       Error rate = 0.0
1->0 : 0
1->1 : 0
1->2 : 0
       Error rate = 0.0
2->0 : 0
2->1 : 0
2->2 : 0
       Error rate = 0.0
0,2->0,2 : 1338190
  0,2->1 : 0
1,2->1,2 : 0
  1,2->0 : 0
       Error rate = 0.0
Maternally informative markers = 0 (of 12194)
Paternally informative markers = 12194
Maternally or paternally informative markers = 12194
Removed 0 children
Removed 0 markers
Number of LGs = 37
***Family = fam_08 chromosome = 10 numMarkers = 321 maternal informative markers 0 (paternal informative markers 321)
***Family = fam_01 chromosome = 10 numMarkers = 321 maternal informative markers 0 (paternal informative markers 321)
***Family = fam_09 chromosome = 10 numMarkers = 321 maternal informative markers 0 (paternal informative markers 321)
321->262
262->262
All pairs
join 14 and 139 score = 0.0 sizes 1,1
join 139 and 234 score = 0.0 sizes 2,1
join 16 and 71 score = 0.0 sizes 1,1
join 16 and 182 score = 0.0 sizes 2,1
join 89 and 136 score = 0.0 sizes 1,1
join 106 and 111 score = 0.0 sizes 1,1
join 35 and 171 score = 0.0 sizes 1,1
join 59 and 89 score = 0.0 sizes 1,2
join 132 and 133 score = 0.0 sizes 1,1
join 59 and 163 score = 0.0 sizes 3,1
join 14 and 163 score = 0.0 sizes 3,4
join 41 and 118 score = 0.0 sizes 1,1
join 118 and 173 score = 0.0 sizes 2,1
join 4 and 26 score = 0.0 sizes 1,1
join 153 and 169 score = 0.0 sizes 1,1
join 116 and 177 score = 0.0 sizes 1,1
join 67 and 182 score = 0.0 sizes 1,3
join 132 and 151 score = 0.0 sizes 2,1
join 151 and 207 score = 0.0 sizes 3,1
join 100 and 147 score = 0.0 sizes 1,1
join 76 and 170 score = 0.0 sizes 1,1
join 64 and 167 score = 0.0 sizes 1,1
join 103 and 205 score = 0.0 sizes 1,1
join 121 and 161 score = 0.0 sizes 1,1
join 41 and 52 score = 0.0 sizes 3,1
join 33 and 235 score = 0.0 sizes 1,1
join 75 and 259 score = 0.0 sizes 1,1
join 154 and 225 score = 0.0 sizes 1,1
join 105 and 223 score = 0.0 sizes 1,1
join 4 and 18 score = 0.0 sizes 2,1
join 35 and 95 score = 0.0 sizes 2,1
join 121 and 171 score = 0.0 sizes 2,3
join 154 and 220 score = 0.0 sizes 2,1
join 105 and 175 score = 0.0 sizes 2,1
join 65 and 200 score = 0.0 sizes 1,1
join 136 and 187 score = 0.0 sizes 7,1
join 168 and 234 score = 0.0 sizes 1,8
join 42 and 168 score = 0.0 sizes 1,9
join 161 and 233 score = 0.0 sizes 5,1
join 80 and 209 score = 0.0 sizes 1,1
join 9 and 66 score = 0.0 sizes 1,1
join 66 and 211 score = 0.0 sizes 2,1
join 46 and 176 score = 0.0 sizes 1,1
join 30 and 177 score = 0.0 sizes 1,2
join 106 and 220 score = 0.0 sizes 2,3
join 47 and 94 score = 0.0 sizes 1,1
join 204 and 248 score = 0.0 sizes 1,1
join 25 and 204 score = 0.0 sizes 1,2
join 25 and 167 score = 0.0 sizes 3,2
join 64 and 159 score = 0.0 sizes 5,1
join 52 and 248 score = 0.0 sizes 4,6
join 135 and 201 score = 0.0 sizes 1,1
join 135 and 196 score = 0.0 sizes 2,1
join 133 and 196 score = 0.0 sizes 4,3
join 85 and 100 score = 0.0 sizes 1,2
join 48 and 153 score = 0.0 sizes 1,2
join 101 and 117 score = 0.0 sizes 1,1
join 47 and 101 score = 0.0 sizes 2,2
join 169 and 176 score = 0.0 sizes 3,2
join 46 and 116 score = 0.0 sizes 5,3
join 144 and 253 score = 0.0 sizes 1,1
join 111 and 144 score = 0.0 sizes 5,2
join 85 and 172 score = 0.0 sizes 3,1
join 81 and 172 score = 0.0 sizes 1,4
join 34 and 147 score = 0.0 sizes 1,5
join 81 and 211 score = 0.0 sizes 6,3
join 96 and 246 score = 0.0 sizes 1,1
join 96 and 227 score = 0.0 sizes 2,1
join 32 and 109 score = 0.0 sizes 1,1
join 160 and 226 score = 0.0 sizes 1,1
join 109 and 160 score = 0.0 sizes 2,2
join 33 and 170 score = 0.0 sizes 2,2
join 157 and 179 score = 0.0 sizes 1,1
join 120 and 207 score = 0.0 sizes 1,7
join 2 and 30 score = 0.0 sizes 1,8
join 164 and 242 score = 0.0 sizes 1,1
join 83 and 226 score = 0.0 sizes 1,4
join 7 and 34 score = 0.0 sizes 1,9
join 11 and 44 score = 0.0 sizes 1,1
join 44 and 217 score = 0.0 sizes 2,1
join 11 and 198 score = 0.0 sizes 3,1
join 173 and 221 score = 0.0 sizes 10,1
join 140 and 250 score = 0.0 sizes 1,1
join 94 and 214 score = 0.0 sizes 4,1
join 113 and 117 score = 0.0 sizes 1,5
join 36 and 67 score = 0.0 sizes 1,4
join 127 and 242 score = 0.0 sizes 1,2
join 127 and 208 score = 0.0 sizes 3,1
join 29 and 208 score = 0.0 sizes 1,4
join 55 and 107 score = 0.0 sizes 1,1
join 124 and 134 score = 0.0 sizes 1,1
join 42 and 115 score = 0.0 sizes 10,1
join 6 and 129 score = 0.0 sizes 1,1
join 123 and 157 score = 0.006172839506172839 sizes 1,2
join 181 and 201 score = 0.006211180124223602 sizes 1,8
join 181 and 225 score = 0.0 sizes 9,7
join 55 and 65 score = 0.0053475935828877 sizes 2,2
join 19 and 194 score = 0.0 sizes 1,1
join 1 and 19 score = 0.0 sizes 1,2
join 17 and 114 score = 0.0 sizes 1,1
join 73 and 145 score = 0.0 sizes 1,1
join 129 and 141 score = 0.0 sizes 2,1
join 68 and 86 score = 0.0 sizes 1,1
join 18 and 178 score = 0.0 sizes 3,1
join 164 and 192 score = 0.005813953488372093 sizes 5,1
join 45 and 216 score = 0.0 sizes 1,1
join 244 and 257 score = 0.006134969325153374 sizes 1,1
join 62 and 254 score = 0.0 sizes 1,1
join 97 and 254 score = 0.0 sizes 1,2
join 2 and 62 score = 0.005291005291005291 sizes 9,3
join 120 and 187 score = 0.006060606060606061 sizes 16,11
join 5 and 178 score = 0.0 sizes 1,4
join 104 and 205 score = 0.005952380952380952 sizes 1,2
join 104 and 257 score = 0.006097560975609756 sizes 3,2
join 8 and 231 score = 0.0 sizes 1,1
join 179 and 197 score = 0.007042253521126761 sizes 3,1
join 56 and 258 score = 0.0 sizes 1,1
join 56 and 189 score = 0.0 sizes 2,1
join 40 and 71 score = 0.0 sizes 1,5
join 134 and 183 score = 0.0 sizes 2,1
join 22 and 141 score = 0.0 sizes 1,3
join 60 and 210 score = 0.011904761904761904 sizes 1,1
join 23 and 103 score = 0.00641025641025641 sizes 1,5
join 140 and 246 score = 0.005988023952095809 sizes 2,3
join 80 and 159 score = 0.007874015748031496 sizes 2,11
join 73 and 75 score = 0.009216589861751152 sizes 2,2
join 24 and 233 score = 0.0055248618784530384 sizes 1,6
join 6 and 95 score = 0.0 sizes 4,7
join 24 and 253 score = 0.006024096385542169 sizes 11,27
join 5 and 88 score = 0.0 sizes 5,1
join 119 and 193 score = 0.0 sizes 1,1
join 88 and 223 score = 0.0 sizes 6,3
join 26 and 185 score = 0.013071895424836602 sizes 9,1
join 10 and 79 score = 0.0 sizes 1,1
join 63 and 126 score = 0.0 sizes 1,1
join 108 and 203 score = 0.0 sizes 1,1
join 8 and 203 score = 0.0 sizes 2,2
join 3 and 231 score = 0.0 sizes 1,4
join 49 and 185 score = 0.006802721088435374 sizes 1,10
join 20 and 97 score = 0.0 sizes 1,12
join 78 and 98 score = 0.0 sizes 1,1
join 142 and 202 score = 0.0 sizes 1,1
join 212 and 250 score = 0.0 sizes 1,5
join 40 and 98 score = 0.0 sizes 6,2
join 156 and 213 score = 0.0 sizes 1,1
join 195 and 213 score = 0.0 sizes 1,2
join 195 and 200 score = 0.0 sizes 3,4
join 23 and 130 score = 0.015228426395939087 sizes 6,1
join 113 and 174 score = 0.006134969325153374 sizes 6,1
join 86 and 90 score = 0.0 sizes 2,1
join 32 and 54 score = 0.0 sizes 5,1
join 112 and 131 score = 0.0 sizes 1,1
join 21 and 237 score = 0.0 sizes 1,1
All pairs
join 150 and 230 score = 0.0 sizes 1,1
join 63 and 110 score = 0.0 sizes 2,1
join 131 and 150 score = 0.0 sizes 2,2
join 12 and 93 score = 0.0 sizes 1,1
join 0 and 260 score = 0.0 sizes 1,1
join 60 and 192 score = 0.011904761904761904 sizes 2,6
join 122 and 197 score = 0.006896551724137931 sizes 1,4
join 38 and 148 score = 0.0 sizes 1,1
join 202 and 236 score = 0.0 sizes 2,1
join 93 and 119 score = 0.0 sizes 2,2
join 76 and 122 score = 0.00546448087431694 sizes 4,5
join 10 and 145 score = 0.0 sizes 2,4
join 209 and 212 score = 0.0 sizes 13,6
join 110 and 221 score = 0.0 sizes 3,19
join 29 and 215 score = 0.012422360248447204 sizes 8,1
join 70 and 244 score = 0.006711409395973154 sizes 1,7
join 17 and 142 score = 0.0 sizes 2,3
join 84 and 232 score = 0.0 sizes 1,1
join 130 and 210 score = 0.01764705882352941 sizes 8,9
join 79 and 237 score = 0.0 sizes 6,2
join 102 and 236 score = 0.0 sizes 1,5
join 38 and 102 score = 0.0 sizes 2,6
join 36 and 48 score = 0.013071895424836602 sizes 8,13
join 20 and 217 score = 0.010526315789473684 sizes 21,4
join 49 and 191 score = 0.0 sizes 11,1
join 174 and 175 score = 0.012738853503184714 sizes 7,12
join 184 and 255 score = 0.014492753623188406 sizes 1,1
join 152 and 184 score = 0.013422818791946308 sizes 1,2
join 50 and 224 score = 0.0 sizes 1,1
join 50 and 165 score = 0.0 sizes 2,1
join 78 and 165 score = 0.0 sizes 25,3
join 12 and 87 score = 0.0 sizes 4,1
join 152 and 190 score = 0.023809523809523808 sizes 3,1
join 162 and 255 score = 0.0196078431372549 sizes 1,4
join 190 and 218 score = 0.012269938650306749 sizes 5,1
join 68 and 114 score = 0.01818181818181818 sizes 3,8
join 107 and 183 score = 0.0196078431372549 sizes 7,3
join 15 and 224 score = 0.018518518518518517 sizes 1,28
join 1 and 235 score = 0.018867924528301886 sizes 3,9
join 53 and 188 score = 0.017543859649122806 sizes 1,1
join 53 and 128 score = 0.02127659574468085 sizes 2,1
join 162 and 261 score = 0.024096385542168676 sizes 6,1
join 69 and 218 score = 0.017857142857142856 sizes 1,7
join 15 and 199 score = 0.0 sizes 29,1
join 216 and 259 score = 0.02097902097902098 sizes 2,8
join 45 and 84 score = 0.0 sizes 10,2
join 74 and 219 score = 0.0 sizes 1,1
join 37 and 146 score = 0.023529411764705882 sizes 1,1
join 37 and 230 score = 0.022556390977443608 sizes 2,4
join 166 and 215 score = 0.023668639053254437 sizes 1,17
join 51 and 247 score = 0.013513513513513514 sizes 1,1
join 99 and 228 score = 0.0 sizes 1,1
join 115 and 228 score = 0.0 sizes 38,2
join 227 and 258 score = 0.02564102564102564 sizes 22,3
join 13 and 240 score = 0.025 sizes 1,1
join 3 and 180 score = 0.0 sizes 5,1
join 58 and 241 score = 0.0 sizes 1,1
join 43 and 238 score = 0.020134228187919462 sizes 1,1
join 238 and 240 score = 0.02976190476190476 sizes 2,2
join 91 and 260 score = 0.02631578947368421 sizes 1,2
join 83 and 91 score = 0.023809523809523808 sizes 6,3
join 188 and 251 score = 0.024096385542168676 sizes 3,1
join 13 and 206 score = 0.02531645569620253 sizes 4,1
join 43 and 186 score = 0.02631578947368421 sizes 5,1
join 72 and 128 score = 0.03597122302158273 sizes 1,4
join 72 and 138 score = 0.024096385542168676 sizes 5,1
join 7 and 214 score = 0.01910828025477707 sizes 10,19
join 138 and 149 score = 0.029940119760479042 sizes 6,1
join 70 and 186 score = 0.032679738562091505 sizes 18,6
join 28 and 51 score = 0.025974025974025976 sizes 1,2
join 99 and 156 score = 0.038461538461538464 sizes 40,10
join 155 and 206 score = 0.04430379746835443 sizes 1,24
join 92 and 149 score = 0.041666666666666664 sizes 1,7
join 249 and 261 score = 0.03680981595092025 sizes 1,8
join 166 and 256 score = 0.043209876543209874 sizes 25,1
join 57 and 189 score = 0.039473684210526314 sizes 1,25
join 155 and 249 score = 0.04142011834319527 sizes 26,9
join 148 and 193 score = 0.043478260869565216 sizes 11,5
join 9 and 124 score = 0.04032258064516129 sizes 29,50
join 27 and 194 score = 0.037037037037037035 sizes 1,12
join 22 and 87 score = 0.037037037037037035 sizes 79,16
join 57 and 108 score = 0.03896103896103896 sizes 26,6
join 74 and 90 score = 0.041666666666666664 sizes 2,95
join 27 and 199 score = 0.037037037037037035 sizes 13,30
join 92 and 243 score = 0.04216867469879518 sizes 8,1
join 69 and 243 score = 0.05357142857142857 sizes 35,9
join 31 and 112 score = 0.06622516556291391 sizes 1,6
join 77 and 256 score = 0.055900621118012424 sizes 1,44
join 232 and 252 score = 0.07142857142857142 sizes 12,1
join 77 and 137 score = 0.06711409395973154 sizes 45,1
join 28 and 58 score = 0.07692307692307693 sizes 3,2
join 31 and 247 score = 0.061224489795918366 sizes 7,5
All pairs
join 39 and 137 score = 0.0684931506849315 sizes 1,46
join 61 and 229 score = 0.07142857142857142 sizes 1,1
join 191 and 239 score = 0.07407407407407407 sizes 97,1
join 146 and 198 score = 0.08484848484848485 sizes 12,43
join 180 and 245 score = 0.08 sizes 32,1
join 0 and 143 score = 0.07692307692307693 sizes 9,1
join 158 and 219 score = 0.11538461538461539 sizes 1,98
join 158 and 252 score = 0.06666666666666667 sizes 99,13
join 229 and 251 score = 0.11585365853658537 sizes 2,47
join 143 and 222 score = 0.1724137931034483 sizes 10,1
join 54 and 61 score = 0.23333333333333334 sizes 11,49
join 125 and 241 score = 0.17391304347826086 sizes 1,55
join 126 and 222 score = 0.26666666666666666 sizes 33,60
join 39 and 125 score = 0.0 sizes 93,56
join 82 and 245 score = 0.0 sizes 1,149
join 21 and 123 score = 0.0 sizes 112,150
score = 3.64508988013698
improvementE3 : -2276.8785222550714
improvementE2 : -2271.7777494617685
improvementE1 : -2250.4506991079675
improvementE1 : -2250.4458848185845
improvementE2 : -2250.1534912353254
improvementE1 : -2250.06518309262
improvementE3 : -2250.065094181559
improvementE1 : -2250.0538037107035
improvementE2 : -2250.027153308356
improvementE3 : -2250.0127275953587
improvementE2 : -2250.002036010035
improvementE3 : -2249.993359770928
improvementE3 : -2249.992552348639
improvementE2 : -2244.8733717058494
improvementE3 : -2244.8728240752203
improvementE2 : -2224.910645273304
improvementE3 : -2224.7574057336296
improvementE1 : -2224.7570322806296
improvementE3 : -2224.695488336553
improvementE2 : -2224.6945321290964
improvementE2 : -2224.6945244118374
improvementE1 : -2220.9479062835
improvementE2 : -2220.8618480991704
improvementE2 : -2212.8854911237922
improvementE2 : -2212.885489571652
improvementE1 : -2212.885338967906
improvementE2 : -2212.321954056088
improvementE1 : -2212.32108692245
improvementE3 : -2212.320962399229
improvementE2 : -2212.3209583766393
improvementE3 : -2212.2857063914453
improvementE1 : -2211.102123722581
improvementE3 : -2211.071515259333
improvementE1 : -2210.8809478145413
improvementE3 : -2210.8800927585216
improvementE1 : -2210.096665580973
improvementE3 : -2209.1713090206545
improvementE1 : -2209.167903465756
improvementE3 : -2209.1678631793075
improvementE2 : -2209.1658606588217
improvementE3 : -2209.0059401937706
improvementE2 : -2207.037408535729
improvementE2 : -2206.225616175171
improvementE2 : -2206.224061115774
improvementE1 : -2206.223562300331
improvementE1 : -2201.7702806500215
improvementE1 : -2201.769917999106
improvementE3 : -2200.023737909593
improvementE1 : -2200.0236326778327
improvementE2 : -2200.023404279256
improvementE2 : -2199.5002403703675
improvementE3 : -2199.4852118595627
improvementE2 : -2198.963610075416
improvementE2 : -2198.6558729556036
improvementE2 : -2198.655476910476
improvementE3 : -2198.6455603694594
improvementE3 : -2198.6100450679496
improvementE2 : -2198.6100355244935
improvementE1 : -2198.6091453631493
improvementE2 : -2197.4046956293914
improvementE3 : -2197.4046342741194
improvementE3 : -2191.1589551897587
improvementE2 : -2190.3547085614236
improvementE1 : -2181.499829863434
improvementE3 : -2181.4998225374593
improvementE3 : -2181.491650366902
improvementE1 : -2181.350186322996
improvementE2 : -2181.349966272046
improvementE1 : -2179.413249227289
improvementE1 : -2179.413027073012
improvementE2 : -2179.174529006009
improvementE2 : -2179.174498652219
improvementE3 : -2167.2494922936894
improvementE3 : -2167.127335014543
improvementE2 : -2167.127075487183
improvementE1 : -2167.1270383584447
improvementE2 : -2167.126235113993
improvementE1 : -2167.12170912725
improvementE3 : -2167.097321815927
improvementE3 : -2167.094199939839
improvementE3 : -2167.0941927571444
improvementE2 : -2166.1171939103706
improvementE3 : -2166.1016726465186
improvementE2 : -2122.449925340896
improvementE2 : -2119.5624020166206
improvementE1 : -2119.5623084683516
improvementE2 : -2118.9987443761033
improvementE2 : -2108.6770524581734
improvementE1 : -2108.6452990315174
improvementE3 : -2108.638832910415
improvementE1 : -2101.5340076954208
improvementE2 : -2101.5339351407297
improvementE1 : -2098.751876796717
improvementE2 : -2098.7507761237325
improvementE2 : -2089.172952508072
improvementE1 : -2089.152970102198
improvementE1 : -2089.1529654192436
improvementE1 : -2084.392298293559
improvementE1 : -2084.3921925392715
improvementE2 : -2039.1217966082745
improvementE2 : -2039.0393928080641
improvementE3 : -2038.5611999285766
improvementE1 : -2038.55798764133
improvementE1 : -2038.5447770181631
improvementE3 : -2023.2226734961364
improvementE3 : -2023.1901306718405
improvementE1 : -2023.1900909735207
improvementE3 : -2021.0976885429654
improvementE1 : -2021.097652782703
improvementE3 : -2021.0142319600857
improvementE3 : -2016.140349102102
improvementE1 : -2016.1164930871578
improvementE1 : -2016.1162808171573
improvementE3 : -2016.1162317780222
improvementE3 : -2014.9754046835164
improvementE3 : -2011.7179551518857
improvementE2 : -2011.3831949801174
improvementE3 : -2011.0583870228982
improvementE3 : -2011.0582275282816
improvementE1 : -2008.8819860352567
improvementE2 : -2008.8818867664318
improvementE2 : -2008.869263876764
improvementE2 : -2005.2752391224426
improvementE1 : -2005.274939026757
improvementE3 : -2005.2746740911098
improvementE1 : -2005.2745806765947
improvementE2 : -2004.956338326494
improvementE1 : -2000.1366657063875
improvementE3 : -2000.1366628549758
improvementE3 : -1999.6575263883399
improvementE3 : -1999.615726452092
improvementE1 : -1997.3004411266072
improvementE3 : -1997.2863467729308
improvementE3 : -1997.2312676517506
improvementE3 : -1996.3469185528052
improvementE1 : -1996.3466464595176
improvementE2 : -1953.5434477799129
improvementE2 : -1953.5431142518635
improvementE2 : -1951.5442244434514
improvementE1 : -1949.548048719277
improvementE1 : -1949.5474979375124
improvementE2 : -1949.3683847595819
improvementE3 : -1945.7964347907282
improvementE3 : -1945.1826242458783
improvementE3 : -1945.182622018699
improvementE1 : -1945.1826070448242
improvementE1 : -1945.1825957415872
improvementE3 : -1942.9343879669173
improvementE1 : -1942.9328678231466
improvementE3 : -1942.9328601659652
improvementE1 : -1942.9327576025266
improvementE2 : -1942.8902469867448
improvementE2 : -1942.8898137854374
improvementE2 : -1942.889776201197
improvementE3 : -1942.8264563404305
improvementE2 : -1942.826350463531
improvementE1 : -1935.3013940654637
improvementE1 : -1935.3002025272463
improvementE1 : -1935.300034984226
improvementE3 : -1934.1736172689
improvementE1 : -1934.1736115337976
improvementE2 : -1934.1721632637752
improvementE3 : -1933.99605877761
improvementE2 : -1933.9960570964513
improvementE2 : -1932.720083798151
improvementE2 : -1932.3811712322597
improvementE2 : -1932.3692686143843
improvementE1 : -1931.8544580200212
improvementE1 : -1931.8544529933872
improvementE3 : -1931.8540862697141
improvementE3 : -1931.853994163454
improvementE3 : -1931.8222383018726
improvementE3 : -1931.8220716071194
improvementE3 : -1931.8220168767145
improvementE3 : -1931.8207090436224
improvementE1 : -1931.8206949262328
improvementE3 : -1931.8206852717406
improvementE2 : -1931.8206716463778
improvementE2 : -1931.5815530818134
improvementE3 : -1926.137055052427
improvementE2 : -1925.0763068876834
improvementE3 : -1918.3910568713436
improvementE2 : -1918.3567884082042
improvementE1 : -1918.3398949612235
improvementE1 : -1918.2895543487778
improvementE3 : -1918.2402069002999
improvementE3 : -1917.9372329880955
improvementE1 : -1917.936811247269
improvementE1 : -1917.9368100706972
improvementE1 : -1915.8010366671876
improvementE2 : -1915.8003577456873
improvementE2 : -1915.7983338261438
improvementE3 : -1915.7981615138717
improvementE3 : -1915.7979613054054
improvementE2 : -1915.797924148663
improvementE2 : -1915.7974929142101
improvementE2 : -1915.7974674139182
improvementE2 : -1913.801373217092
improvementE1 : -1913.7632023716233
improvementE3 : -1913.1780667551966
improvementE2 : -1913.170846066838
improvementE1 : -1912.8540161185767
improvementE2 : -1912.7489478383543
improvementE3 : -1912.3212608193023
improvementE3 : -1912.3212572477673
improvementE3 : -1912.321183068571
improvementE1 : -1912.288767625213
improvementE3 : -1912.2649762833032
improvementE3 : -1912.1637787833224
improvementE3 : -1912.1579118307234
improvementE1 : -1910.1559151753509
improvementE1 : -1910.1558883232758
improvementE2 : -1910.1558870418226
improvementE3 : -1910.1555825642627
improvementE3 : -1910.1477401466727
improvementE3 : -1910.146566295164
improvementE2 : -1908.0711010842572
improvementE3 : -1907.5851843493608
improvementE1 : -1907.585168363071
improvementE3 : -1907.584900977166
improvementE1 : -1904.4906668345684
improvementE2 : -1904.490647836327
improvementE3 : -1904.3525356750495
improvementE3 : -1904.3525163366837
improvementE1 : -1904.3490970685316
improvementE3 : -1893.8406312249822
improvementE3 : -1881.7543812339818
improvementE3 : -1881.204682940575
improvementE1 : -1881.0814008103084
improvementE1 : -1879.7064787324111
improvementE3 : -1879.70632184839
improvementE3 : -1879.7062816149155
improvementE3 : -1874.3667834821508
improvementE2 : -1870.071370903484
improvementE1 : -1870.0711644028747
improvementE1 : -1870.0711618622117
improvementE2 : -1870.064289851464
improvementE3 : -1866.5751335436914
improvementE1 : -1866.572818204889
improvementE3 : -1866.5728166765884
improvementE1 : -1861.85863832928
improvementE3 : -1861.7420572335277
improvementE1 : -1861.7408413093474
improvementE1 : -1861.7202076342724
improvementE1 : -1861.7201347241123
improvementE1 : -1861.65104632565
improvementE3 : -1861.6509994064372
improvementE3 : -1861.4012280136824
improvementE1 : -1861.4010727023244
improvementE2 : -1861.4010715028317
improvementE2 : -1861.4010189690998
improvementE3 : -1861.4007614254585
improvementE1 : -1861.399202233204
improvementE2 : -1861.3988392885922
improvementE3 : -1861.3940133851652
improvementE1 : -1855.4930632751566
improvementE1 : -1855.4929624224003
improvementE3 : -1852.8967569883882
improvementE2 : -1852.8967166329592
improvementE3 : -1852.8635463485177
improvementE2 : -1852.820337417878
improvementE2 : -1852.3950348378878
improvementE2 : -1852.364596711637
improvementE2 : -1852.3632954555524
improvementE3 : -1849.683210898098
improvementE1 : -1849.6643101011312
improvementE3 : -1849.6642509407166
improvementE2 : -1849.6100095771703
improvementE1 : -1849.5648365345382
improvementE3 : -1849.2411268127175
improvementE2 : -1849.2386606297484
improvementE3 : -1837.9561068398455
improvementE3 : -1837.9193851683658
improvementE3 : -1837.9191974859796
improvementE3 : -1837.9191308337058
improvementE1 : -1837.9191297510865
improvementE1 : -1824.8473012034237
improvementE1 : -1824.8404472429308
improvementE2 : -1820.1833844268508
improvementE3 : -1818.1827473235628
improvementE3 : -1811.2130036279582
improvementE1 : -1811.212991755644
improvementE1 : -1811.210719624824
improvementE3 : -1811.2106887140678
improvementE3 : -1811.2068936805706
improvementE2 : -1811.206886313956
improvementE2 : -1809.506192344079
improvementE2 : -1809.5019118391326
improvementE3 : -1809.5018400552315
improvementE2 : -1809.499678476485
improvementE2 : -1809.136756936195
improvementE3 : -1807.526198278295
improvementE2 : -1807.5261347029332
improvementE2 : -1807.4895603097405
improvementE1 : -1807.4895397823716
improvementE3 : -1807.489366569462
improvementE3 : -1807.48931220856
improvementE3 : -1807.4848814929098
improvementE2 : -1804.2694381673334
improvementE2 : -1804.0844605253508
improvementE3 : -1804.0509064980938
improvementE3 : -1804.0452493731218
improvementE1 : -1800.3658412550205
improvementE3 : -1800.313911114229
improvementE1 : -1800.3137311694531
improvementE2 : -1800.3129080433932
improvementE3 : -1800.097553599641
improvementE1 : -1799.992844764132
improvementE3 : -1799.9867757815675
improvementE1 : -1799.9867669415735
improvementE1 : -1799.98639996674
improvementE3 : -1799.9863939878067
improvementE3 : -1799.9862182515978
improvementE1 : -1799.9862125659429
improvementE3 : -1799.9862065452241
improvementE2 : -1799.986148033169
improvementE1 : -1799.9798254511613
improvementE3 : -1799.9796206057715
improvementE1 : -1799.9085781347085
improvementE3 : -1797.4838892204843
improvementE1 : -1797.4838825228562
improvementE3 : -1797.4421406718056
improvementE2 : -1796.9229357803135
improvementE2 : -1796.9228990798479
improvementE3 : -1796.9214889376653
improvementE3 : -1796.9186296085147
improvementE3 : -1796.9177012783705
improvementE1 : -1796.9176996396627
improvementE2 : -1796.917697947482
improvementE2 : -1796.9175542491078
improvementE2 : -1796.8314683924186
improvementE1 : -1796.831358526377
improvementE3 : -1796.8313509232416
improvementE3 : -1796.8062004344938
improvementE1 : -1796.8027835107648
improvementE1 : -1796.8027508333619
improvementE3 : -1796.802729593476
improvementE1 : -1796.7392964650664
improvementE1 : -1795.2409934603331
improvementE3 : -1795.2401339999092
improvementE1 : -1795.2401314855642
improvementE3 : -1795.2400906588252
improvementE1 : -1792.4520244499358
improvementE1 : -1792.4520074513111
improvementE2 : -1792.4520063971304
improvementE3 : -1792.4490342696167
improvementE3 : -1792.4490147456208
improvementE2 : -1792.4487375909816
improvementE1 : -1789.6589603816226
improvementE1 : -1787.4857056457415
improvementE3 : -1787.4857021105777
improvementE1 : -1787.4844632104366
improvementE1 : -1787.4844543820705
improvementE1 : -1787.4642257665319
improvementE1 : -1787.4641453422128
improvementE1 : -1787.3727040311999
improvementE3 : -1783.4710519314592
improvementE1 : -1783.4500088184984
improvementE3 : -1783.4499955266037
improvementE3 : -1783.4499922536077
improvementE2 : -1783.4486106200113
improvementE3 : -1783.4476652480157
improvementE2 : -1783.4470374518621
improvementE3 : -1783.4466848169604
improvementE2 : -1783.4375360535005
improvementE2 : -1783.4238803273593
improvementE3 : -1781.7603160077194
improvementE2 : -1781.760313656527
improvementE2 : -1781.7603067968798
improvementE1 : -1767.721256598122
improvementE3 : -1767.717441353277
improvementE3 : -1767.3114194249133
improvementE1 : -1767.311417382097
improvementE2 : -1767.3114133498311
improvementE1 : -1764.234063028679
improvementE2 : -1764.234057607441
improvementE1 : -1759.2245353457554
improvementE2 : -1759.224527622146
improvementE3 : -1756.6084561203681
improvementE1 : -1756.6077922982968
improvementE3 : -1743.308549060218
improvementE3 : -1743.3027604327717
improvementE2 : -1735.0503648649392
improvementE1 : -1735.050354621718
improvementE3 : -1735.0503525729011
improvementE3 : -1735.0502093661469
improvementE3 : -1735.0502051557658
improvementE3 : -1735.0491825305498
improvementE3 : -1734.889074123872
improvementE2 : -1734.8890252159238
improvementE1 : -1734.8888271561104
improvementE3 : -1734.3309567480246
improvementE3 : -1734.3309556668555
improvementE2 : -1734.3309429797794
improvementE2 : -1734.3180573057098
improvementE1 : -1734.3179465869398
improvementE2 : -1734.3179455768507
improvementE3 : -1725.0615312158754
improvementE1 : -1725.0548709824307
improvementE2 : -1725.0540714796116
improvementE1 : -1725.0485692223285
improvementE2 : -1725.0485669946513
improvementE3 : -1725.0478509219606
improvementE3 : -1725.047833785549
improvementE1 : -1724.5844648807338
improvementE3 : -1724.5838308953275
improvementE3 : -1724.5797495088157
improvementE1 : -1724.5782760646584
improvementE2 : -1724.5774892621841
improvementE2 : -1724.1611646409185
improvementE2 : -1722.2674883489594
improvementE2 : -1722.2674047639905
improvementE3 : -1722.2674036990065
improvementE2 : -1712.8790574028915
improvementE1 : -1712.856464333688
improvementE2 : -1709.759221041231
improvementE2 : -1709.545223353225
improvementE3 : -1709.54521787554
improvementE1 : -1709.2884843244826
improvementE2 : -1697.1687477329667
improvementE3 : -1697.1685159581057
improvementE1 : -1697.168441739825
improvementE2 : -1697.1527793145165
improvementE3 : -1697.152739653437
improvementE1 : -1697.150073665369
improvementE1 : -1697.1498439988252
improvementE3 : -1697.1498391820069
improvementE1 : -1697.1497689319394
improvementE3 : -1697.1497673489137
improvementE2 : -1697.149754954463
improvementE1 : -1697.1496183423842
improvementE3 : -1697.1496144646837
improvementE2 : -1697.1491880510794
improvementE3 : -1697.149185906998
improvementE3 : -1697.1491289689989
improvementE1 : -1697.1486652849017
improvementE3 : -1697.0751853761496
improvementE2 : -1696.9829017682728
improvementE1 : -1696.9814517694151
improvementE2 : -1696.9814468314846
improvementE3 : -1694.981666619654
improvementE1 : -1694.9813102692588
improvementE3 : -1688.0802293532222
improvementE2 : -1688.0802262446357
improvementE3 : -1683.2681024512644
improvementE3 : -1683.2678984114016
improvementE2 : -1683.267881003336
improvementE2 : -1683.2632141709498
improvementE2 : -1683.263080919765
improvementE1 : -1683.2630091671822
improvementE1 : -1683.2630077108872
improvementE1 : -1683.262562172639
improvementE3 : -1683.2371392774778
improvementE1 : -1683.2371327500935
improvementE1 : -1683.2371051511864
improvementE3 : -1683.2354354532488
improvementE3 : -1683.2354341524508
improvementE2 : -1683.2353258577723
improvementE1 : -1682.2403718979604
improvementE3 : -1682.240328696946
improvementE1 : -1682.2403168337828
improvementE2 : -1679.0723266440407
improvementE3 : -1679.0722079481766
improvementE2 : -1679.0722055079873
improvementE1 : -1679.0636884445055
improvementE1 : -1678.0673381520724
improvementE3 : -1678.0669192239125
improvementE1 : -1677.9540830136305
improvementE1 : -1677.940103598947
improvementE1 : -1677.6171532053263
improvementE2 : -1639.359108276552
improvementE1 : -1639.3591072089525
improvementE3 : -1639.3590909189854
improvementE3 : -1639.359088679599
improvementE3 : -1639.3363632396836
improvementE3 : -1639.3362588937662
improvementE1 : -1639.3264515431604
improvementE1 : -1638.8119352527997
improvementE1 : -1638.8119310117272
improvementE3 : -1638.8119185633923
improvementE3 : -1635.824781172227
improvementE2 : -1635.8209933525445
improvementE3 : -1635.8209880342674
improvementE3 : -1635.8209781318333
improvementE2 : -1635.8209746009907
improvementE3 : -1635.8209532803965
improvementE3 : -1635.8027505313146
improvementE3 : -1633.6553281041715
improvementE3 : -1629.5160805548799
improvementE1 : -1629.3383524935236
improvementE2 : -1629.3383498871758
improvementE3 : -1623.9369132488614
improvementE3 : -1611.5334718662566
improvementE1 : -1611.5334551788806
improvementE1 : -1611.4901513361974
improvementE2 : -1611.4692235322682
improvementE3 : -1604.3991118322674
improvementE3 : -1604.3967361461157
improvementE3 : -1604.3960479081668
improvementE2 : -1604.3955438246057
improvementE1 : -1604.3955426442253
improvementE3 : -1604.3944809714512
improvementE3 : -1577.3848248104098
improvementE1 : -1575.3601351132968
improvementE2 : -1575.3601340824937
improvementE1 : -1575.3600896960115
improvementE2 : -1575.3600821442537
improvementE1 : -1575.3481362993607
improvementE2 : -1574.99628207273
improvementE2 : -1574.9954447706427
improvementE3 : -1574.610128716176
improvementE2 : -1571.2445868341251
improvementE3 : -1570.257901420072
improvementE2 : -1570.2578747817897
improvementE3 : -1570.2578730298624
improvementE2 : -1570.2574397572275
improvementE3 : -1567.6420090808956
improvementE3 : -1567.5859109433663
improvementE1 : -1567.5858675024103
improvementE1 : -1567.5857667969894
improvementE1 : -1567.5857630849669
improvementE1 : -1567.585758855703
improvementE2 : -1567.5857552798875
improvementE3 : -1567.5838154340295
improvementE2 : -1567.583793133228
improvementE1 : -1565.8559483088743
improvementE3 : -1562.3102991757082
improvementE2 : -1562.3102125515156
improvementE2 : -1562.298465168646
improvementE1 : -1562.296027435598
improvementE3 : -1562.2960231396646
improvementE2 : -1562.2517826549483
improvementE1 : -1562.2517748795858
improvementE1 : -1557.7174605006471
improvementE3 : -1557.7060465891504
improvementE2 : -1557.7053709491934
improvementE2 : -1557.7049194307938
improvementE1 : -1557.704309398475
improvementE1 : -1557.7043058380314
improvementE3 : -1557.6963626110364
improvementE3 : -1557.688642675023
improvementE2 : -1557.643051640905
improvementE1 : -1557.6387701340805
improvementE2 : -1557.638522447022
improvementE1 : -1557.6108478529386
improvementE3 : -1557.6092511371803
improvementE1 : -1557.6092480631507
improvementE2 : -1557.6089501940492
improvementE1 : -1557.6087324514347
improvementE1 : -1557.6087309085888
improvementE2 : -1557.5936042555231
improvementE3 : -1557.5840855797421
improvementE3 : -1557.578829309941
improvementE2 : -1556.993180262444
improvementE1 : -1556.9931785636586
improvementE1 : -1556.9444124149886
improvementE1 : -1556.9444087711995
improvementE1 : -1556.9444066871695
improvementE2 : -1556.9443794103365
improvementE1 : -1556.9443266278008
improvementE2 : -1556.9442982812689
improvementE3 : -1556.9405255743072
improvementE2 : -1556.9405243539868
improvementE3 : -1556.368365353961
improvementE2 : -1555.6587290634593
improvementE1 : -1555.6585118680973
improvementE3 : -1555.6583182048232
improvementE1 : -1555.6582236802153
improvementE3 : -1555.6543819189765
improvementE2 : -1555.6543618200744
improvementE2 : -1555.6543016753703
improvementE1 : -1555.6250584181475
improvementE1 : -1555.6250571956698
improvementE1 : -1539.9526192594835
improvementE1 : -1539.800448706103
improvementE2 : -1539.8004461130329
improvementE1 : -1539.8004006831009
improvementE3 : -1539.8002960765598
improvementE2 : -1539.8000411591083
improvementE3 : -1539.8000396881362
improvementE1 : -1539.800008524467
improvementE1 : -1539.7997143669463
improvementE2 : -1539.7997105496572
improvementE3 : -1539.7967767967639
improvementE2 : -1539.7965704680473
improvementE1 : -1539.796537828205
improvementE2 : -1529.668588789969
improvementE3 : -1529.668556114357
improvementE1 : -1529.6685489267597
improvementE3 : -1525.7494234635494
improvementE3 : -1525.7494192439092
improvementE3 : -1525.7489120921746
improvementE1 : -1525.7473973176259
improvementE1 : -1525.7473962261975
improvementE2 : -1466.799805877287
improvementE3 : -1466.7997943155115
improvementE2 : -1466.7879180860602
improvementE1 : -1466.7878868683522
improvementE3 : -1466.787885865853
improvementE2 : -1466.7878587228292
improvementE2 : -1466.7878569222382
improvementE3 : -1466.0564517114947
improvementE3 : -1466.0563796556457
improvementE1 : -1466.0560846959524
improvementE3 : -1466.0560705368084
improvementE2 : -1466.0551639519692
improvementE2 : -1463.8333320625952
improvementE1 : -1463.829895512008
improvementE1 : -1463.829885147224
improvementE3 : -1407.8874454012862
improvementE1 : -1406.7053757404478
improvementE3 : -1406.7053683830284
improvementE2 : -1406.6666137160196
improvementE3 : -1406.66653311036
improvementE3 : -1406.6665310709382
improvementE3 : -1406.6657950095532
improvementE1 : -1406.6115178965279
improvementE3 : -1406.6113432391874
improvementE3 : -1406.6113375722164
improvementE2 : -1406.6111923911697
improvementE1 : -1392.0139051436272
improvementE3 : -1392.0133201118256
improvementE2 : -1392.0132938520296
improvementE3 : -1392.0132328813677
improvementE1 : -1392.0082776885322
improvementE1 : -1392.0082332771847
improvementE3 : -1392.0082256782748
improvementE2 : -1392.0082230605958
improvementE2 : -1392.0081510736663
improvementE3 : -1388.7086437833755
improvementE1 : -1388.708374079029
improvementE2 : -1388.7079321246597
improvementE2 : -1388.707790879873
improvementE3 : -1388.7077654998175
improvementE1 : -1388.707762672395
improvementE1 : -1388.7076220557956
improvementE1 : -1384.943179362123
improvementE1 : -1384.9311365988833
improvementE1 : -1384.9310045963257
improvementE3 : -1384.930912282131
improvementE1 : -1384.8528986164392
improvementE3 : -1384.852897244644
improvementE3 : -1384.8528949184297
improvementE2 : -1384.8528936617995
improvementE3 : -1384.8528128629691
improvementE2 : -1382.92322457796
improvementE2 : -1382.9232229419958
improvementE2 : -1382.9230413835157
improvementE3 : -1382.9227294500479
improvementE3 : -1382.9226826316421
improvementE3 : -1382.9226725512704
improvementE1 : -1382.922668122367
improvementE1 : -1382.9226508981142
improvementE3 : -1382.886371969464
improvementE3 : -1382.8848299096826
improvementE3 : -1382.8848019554498
improvementE2 : -1382.8847975290257
improvementE1 : -1382.882136421888
improvementE1 : -1382.8821350266858
improvementE3 : -1382.8820047732838
improvementE1 : -1382.881998008261
improvementE3 : -1382.8819603077145
improvementE1 : -1382.8819531040313
improvementE3 : -1382.8814211362774
improvementE3 : -1382.8776659530731
improvementE3 : -1382.8776538801087
improvementE3 : -1382.3547119162895
improvementE2 : -1382.3505652299198
improvementE3 : -1382.3460163391997
improvementE2 : -1382.3459830713637
improvementE2 : -1382.3450708176429
improvementE3 : -1382.3450479309827
improvementE2 : -1382.3450017982304
improvementE3 : -1382.3449905360908
improvementE3 : -1382.344986526231
improvementE3 : -1382.3449320644231
improvementE1 : -1382.3430606971629
improvementE2 : -1382.3430595712657
improvementE3 : -1382.3430582258543
improvementE1 : -1382.3429910905038
improvementE2 : -1382.342989709558
improvementE1 : -1382.3429853657844
improvementE3 : -1382.3429713401642
improvementE3 : -1382.3429680922036
improvementE1 : -1382.3429644530083
improvementE2 : -1382.3429553486944
improvementE3 : -1382.3429410917765
improvementE3 : -1382.0794430329306
improvementE3 : -1382.079439584272
improvementE2 : -1382.079423205641
improvementE2 : -1382.079405561408
improvementE3 : -1382.0788726968663
improvementE2 : -1382.07881146722
improvementE2 : -1382.0785747058533
improvementE1 : -1382.078573277382
improvementE3 : -1382.078508568692
improvementE1 : -1382.0785005880857
improvementE3 : -1382.0784931555547
improvementE1 : -1382.0784893376265
improvementE2 : -1381.9594005776548
improvementE2 : -1381.9593701260856
improvementE1 : -1381.9593298971433
improvementE3 : -1381.959327923608
improvementE1 : -1381.9593269099832
improvementE2 : -1380.0854195016564
improvementE1 : -1380.0806354372053
improvementE1 : -1380.0806335801612
improvementE2 : -1379.8931144449743
improvementE3 : -1379.8929930814897
improvementE1 : -1378.7544336222923
improvementE3 : -1378.754425644896
improvementE1 : -1378.7544052584133
improvementE1 : -1378.7539229779034
improvementE3 : -1378.7539155115642
improvementE1 : -1378.7539057329318
improvementE2 : -1372.9187706091677
improvementE2 : -1372.9187690227745
improvementE2 : -1372.9187629000503
improvementE2 : -1372.8002813337048
improvementE1 : -1372.800078159194
improvementE3 : -1372.79990482957
improvementE1 : -1372.799721318158
improvementE1 : -1372.7997056874551
logL = -7802.318905786405
Removing 0 markers
Second round
improvementE2 : -1372.795648379915
improvementE3 : -1372.795490315285
improvementE2 : -1372.7945555435485
improvementE1 : -1372.7805159574018
improvementE1 : -1372.780377258242
improvementE1 : -1372.779456519413
improvementE1 : -1372.7792829226748
improvementE3 : -1372.7783446244853
improvementE3 : -1372.7767115993047
improvementE2 : -1372.776500484889
improvementE1 : -1372.776496410977
improvementE3 : -1372.7762799375964
improvementE1 : -1372.774486388421
improvementE1 : -1372.773499652593
improvementE1 : -1372.7730963114966
improvementE3 : -1372.7730944350128
improvementE1 : -1372.7730316240468
improvementE3 : -1372.7730288439516
improvementE3 : -1371.0613449002503
improvementE3 : -1371.0609392206975
improvementE3 : -1371.060915970788
improvementE1 : -1371.0584928505873
improvementE3 : -1371.0584856614983
improvementE2 : -1371.058480139422
improvementE3 : -1370.9427606759723
improvementE3 : -1370.9427352909556
improvementE3 : -1370.9427197390032
improvementE2 : -1370.9416597232585
improvementE2 : -1370.9416073081047
improvementE1 : -1370.9414932819361
improvementE3 : -1370.9414893715834
improvementE1 : -1370.9323654168204
improvementE2 : -1370.9323344486031
improvementE2 : -1370.9207013331065
improvementE3 : -1370.9174749126332
improvementE1 : -1370.9174720844017
improvementE3 : -1370.9158727277045
improvementE3 : -1370.9158712452022
improvementE1 : -1370.915420579021
improvementE3 : -1370.9154021788258
improvementE2 : -1370.6625007426392
improvementE3 : -1368.6710319805043
improvementE2 : -1368.4858708022634
improvementE3 : -1368.4857969053062
improvementE2 : -1368.4263601236603
improvementE2 : -1368.4263077629766
improvementE3 : -1368.4167204319203
improvementE2 : -1368.416717227925
improvementE1 : -1368.4153890084272
improvementE1 : -1368.4153868422725
improvementE1 : -1368.4140988629715
improvementE1 : -1368.4137582863893
improvementE3 : -1368.4137228168615
improvementE2 : -1368.4137215331987
improvementE1 : -1368.4137020825117
improvementE3 : -1368.4135716083617
improvementE3 : -1368.4135697140239
improvementE1 : -1368.4134941025366
improvementE1 : -1368.4134928287115
improvementE2 : -1368.4134881312896
improvementE1 : -1368.4134784138068
improvementE1 : -1368.4134717981042
improvementE2 : -1367.757327204559
improvementE3 : -1367.757324762712
improvementE3 : -1367.7573229861396
improvementE2 : -1367.757311692454
improvementE3 : -1367.7572414448555
improvementE3 : -1367.7571716259915
improvementE3 : -1367.7571251950822
improvementE1 : -1367.7570206949745
improvementE3 : -1367.7495933932282
improvementE3 : -1367.7495874812942
improvementE3 : -1367.7495859147343
improvementE1 : -1367.7495849068666
improvementE3 : -1367.74951510415
improvementE3 : -1361.8569008875293
improvementE2 : -1356.624196675068
improvementE1 : -1356.6241954419716
improvementE2 : -1356.6241939668494
improvementE3 : -1356.4999717481535
improvementE3 : -1356.4999517990702
improvementE1 : -1356.4999500933595
improvementE3 : -1356.4999293984438
improvementE3 : -1356.4999283880306
improvementE2 : -1356.2221424020677
improvementE1 : -1356.206022627453
improvementE3 : -1356.2059933293115
improvementE3 : -1356.2059752896776
improvementE1 : -1356.205006696499
improvementE3 : -1356.2049727808717
improvementE2 : -1356.2049168897859
improvementE2 : -1356.2048495315676
improvementE1 : -1356.2047942380852
improvementE2 : -1356.2040640390996
improvementE1 : -1356.204011997378
improvementE3 : -1356.2039454789772
improvementE2 : -1356.196705424266
improvementE3 : -1356.1965419294957
improvementE3 : -1356.196504132588
