0->0 : 0
0->1 : 0
0->2 : 0
       Error rate = 0.0
1->0 : 0
1->1 : 0
1->2 : 0
       Error rate = 0.0
2->0 : 0
2->1 : 0
2->2 : 0
       Error rate = 0.0
0,2->0,2 : 1338190
  0,2->1 : 0
1,2->1,2 : 0
  1,2->0 : 0
       Error rate = 0.0
Maternally informative markers = 0 (of 12194)
Paternally informative markers = 12194
Maternally or paternally informative markers = 12194
Removed 0 children
Removed 0 markers
Number of LGs = 37
***Family = fam_08 chromosome = 1 numMarkers = 481 maternal informative markers 0 (paternal informative markers 481)
***Family = fam_01 chromosome = 1 numMarkers = 481 maternal informative markers 0 (paternal informative markers 481)
***Family = fam_09 chromosome = 1 numMarkers = 481 maternal informative markers 0 (paternal informative markers 481)
481->343
343->343
All pairs
join 110 and 210 score = 0.0 sizes 1,1
join 78 and 241 score = 0.0 sizes 1,1
join 211 and 241 score = 0.0 sizes 1,2
join 97 and 104 score = 0.0 sizes 1,1
join 51 and 211 score = 0.0 sizes 1,3
join 51 and 176 score = 0.0 sizes 4,1
join 41 and 317 score = 0.0 sizes 1,1
join 193 and 317 score = 0.0 sizes 1,2
join 2 and 35 score = 0.0 sizes 1,1
join 35 and 204 score = 0.0 sizes 2,1
join 63 and 105 score = 0.0 sizes 1,1
join 19 and 63 score = 0.0 sizes 1,2
join 55 and 104 score = 0.0 sizes 1,2
join 78 and 105 score = 0.0 sizes 5,3
join 19 and 90 score = 0.0 sizes 8,1
join 205 and 262 score = 0.0 sizes 1,1
join 90 and 186 score = 0.0 sizes 9,1
join 2 and 324 score = 0.0 sizes 3,1
join 285 and 324 score = 0.0 sizes 1,4
join 117 and 327 score = 0.0 sizes 1,1
join 117 and 184 score = 0.0 sizes 2,1
join 88 and 153 score = 0.0 sizes 1,1
join 95 and 176 score = 0.0 sizes 1,10
join 165 and 186 score = 0.0 sizes 1,11
join 39 and 95 score = 0.0 sizes 1,12
join 99 and 102 score = 0.0 sizes 1,1
join 39 and 341 score = 0.0 sizes 13,1
join 133 and 136 score = 0.0 sizes 1,1
join 37 and 45 score = 0.0 sizes 1,1
join 45 and 129 score = 0.0 sizes 2,1
join 69 and 187 score = 0.0 sizes 1,1
join 69 and 230 score = 0.0 sizes 2,1
join 230 and 332 score = 0.0 sizes 3,1
join 187 and 341 score = 0.0 sizes 4,14
join 293 and 311 score = 0.0 sizes 1,1
join 213 and 323 score = 0.0 sizes 1,1
join 48 and 153 score = 0.0 sizes 1,2
join 88 and 204 score = 0.0 sizes 3,5
join 221 and 285 score = 0.0 sizes 1,8
join 31 and 48 score = 0.0 sizes 1,9
join 31 and 303 score = 0.0 sizes 10,1
join 146 and 303 score = 0.0 sizes 1,11
join 264 and 311 score = 0.0 sizes 1,2
join 30 and 293 score = 0.0 sizes 1,3
join 30 and 114 score = 0.0 sizes 4,1
join 0 and 114 score = 0.0 sizes 1,5
join 127 and 196 score = 0.0 sizes 1,1
join 302 and 333 score = 0.0 sizes 1,1
join 55 and 66 score = 0.0 sizes 3,1
join 97 and 332 score = 0.0 sizes 4,18
join 66 and 77 score = 0.0 sizes 22,1
join 4 and 77 score = 0.0 sizes 1,23
join 129 and 165 score = 0.0 sizes 3,24
join 52 and 262 score = 0.0 sizes 1,2
join 243 and 247 score = 0.0 sizes 1,1
join 159 and 191 score = 0.0 sizes 1,1
join 159 and 193 score = 0.0 sizes 2,3
join 27 and 330 score = 0.0 sizes 1,1
join 59 and 306 score = 0.0 sizes 1,1
join 4 and 172 score = 0.0 sizes 27,1
join 37 and 181 score = 0.0 sizes 28,1
join 96 and 116 score = 0.0 sizes 1,1
join 279 and 292 score = 0.0 sizes 1,1
join 18 and 331 score = 0.0 sizes 1,1
join 3 and 192 score = 0.0 sizes 1,1
join 192 and 259 score = 0.0 sizes 2,1
join 132 and 259 score = 0.0 sizes 1,3
join 16 and 318 score = 0.0 sizes 1,1
join 232 and 321 score = 0.0 sizes 1,1
join 28 and 207 score = 0.0 sizes 1,1
join 28 and 208 score = 0.0 sizes 2,1
join 132 and 147 score = 0.0 sizes 4,1
join 178 and 312 score = 0.0 sizes 1,1
join 178 and 195 score = 0.0 sizes 2,1
join 188 and 195 score = 0.0 sizes 1,3
join 73 and 253 score = 0.0 sizes 1,1
join 137 and 253 score = 0.0 sizes 1,2
join 137 and 185 score = 0.0 sizes 3,1
join 108 and 314 score = 0.0 sizes 1,1
join 215 and 266 score = 0.0 sizes 1,1
join 266 and 273 score = 0.0 sizes 2,1
join 21 and 306 score = 0.0 sizes 1,2
join 269 and 314 score = 0.0 sizes 1,2
join 42 and 128 score = 0.0 sizes 1,1
join 223 and 276 score = 0.0 sizes 1,1
join 82 and 152 score = 0.0 sizes 1,1
join 82 and 310 score = 0.0 sizes 2,1
join 128 and 320 score = 0.0 sizes 2,1
join 232 and 320 score = 0.0 sizes 2,3
join 236 and 281 score = 0.0 sizes 1,1
join 138 and 281 score = 0.0 sizes 1,2
join 75 and 330 score = 0.0 sizes 1,2
join 75 and 172 score = 0.0 sizes 3,29
join 181 and 213 score = 0.0 sizes 32,2
join 27 and 319 score = 0.0 sizes 34,1
join 61 and 267 score = 0.0 sizes 1,1
join 86 and 99 score = 0.0 sizes 1,2
join 316 and 321 score = 0.0 sizes 1,5
join 158 and 226 score = 0.0 sizes 1,1
join 164 and 287 score = 0.0 sizes 1,1
join 197 and 331 score = 0.0 sizes 1,2
join 197 and 199 score = 0.0 sizes 3,1
join 122 and 173 score = 0.0 sizes 1,1
join 46 and 122 score = 0.0 sizes 1,2
join 160 and 207 score = 0.0 sizes 1,3
join 94 and 160 score = 0.0 sizes 1,4
join 94 and 240 score = 0.0 sizes 5,1
join 0 and 240 score = 0.0 sizes 6,6
join 115 and 264 score = 0.0 sizes 1,12
join 81 and 210 score = 0.0 sizes 1,2
join 65 and 92 score = 0.0 sizes 1,1
join 168 and 235 score = 0.0 sizes 1,1
join 133 and 312 score = 0.0 sizes 2,4
join 188 and 190 score = 0.0 sizes 6,1
join 190 and 302 score = 0.0 sizes 7,2
join 10 and 201 score = 0.0 sizes 1,1
join 10 and 279 score = 0.0 sizes 2,2
join 56 and 273 score = 0.0 sizes 1,3
join 205 and 221 score = 0.0 sizes 3,12
join 58 and 118 score = 0.0 sizes 1,1
join 58 and 212 score = 0.0 sizes 2,1
join 118 and 286 score = 0.0 sizes 3,1
join 151 and 282 score = 0.0 sizes 1,1
join 8 and 318 score = 0.0 sizes 1,2
join 70 and 198 score = 0.0 sizes 1,1
join 33 and 164 score = 0.0 sizes 1,2
join 233 and 287 score = 0.0 sizes 1,3
join 123 and 233 score = 0.0 sizes 1,4
join 155 and 228 score = 0.0 sizes 1,1
join 115 and 227 score = 0.0 sizes 13,1
join 146 and 173 score = 0.0 sizes 15,3
join 47 and 243 score = 0.0 sizes 1,2
join 47 and 288 score = 0.0 sizes 3,1
join 250 and 288 score = 0.0 sizes 1,4
join 1 and 250 score = 0.0 sizes 1,5
join 1 and 304 score = 0.0 sizes 6,1
join 80 and 327 score = 0.0 sizes 1,3
join 184 and 265 score = 0.0 sizes 4,1
join 72 and 282 score = 0.0 sizes 1,2
join 32 and 158 score = 0.0 sizes 1,2
join 235 and 295 score = 0.0 sizes 2,1
join 112 and 295 score = 0.0 sizes 1,3
join 157 and 261 score = 0.0 sizes 1,1
join 157 and 236 score = 0.0 sizes 2,3
join 141 and 179 score = 0.0 sizes 1,1
join 145 and 201 score = 0.0 sizes 1,4
join 140 and 268 score = 0.0 sizes 1,1
join 36 and 291 score = 0.0 sizes 1,1
join 36 and 323 score = 0.0 sizes 2,35
join 244 and 319 score = 0.0 sizes 1,37
join 238 and 291 score = 0.0 sizes 1,38
join 23 and 106 score = 0.0 sizes 1,1
join 145 and 335 score = 0.0 sizes 5,1
join 191 and 269 score = 0.0 sizes 5,3
join 283 and 290 score = 0.0 sizes 1,1
join 244 and 290 score = 0.0 sizes 39,2
join 215 and 283 score = 0.0 sizes 4,41
join 24 and 209 score = 0.0 sizes 1,1
join 120 and 310 score = 0.0 sizes 1,3
join 102 and 248 score = 0.0 sizes 3,1
join 116 and 194 score = 0.0 sizes 2,1
join 151 and 194 score = 0.0 sizes 3,3
join 127 and 130 score = 0.0 sizes 2,1
join 107 and 308 score = 0.0 sizes 1,1
join 100 and 308 score = 0.0 sizes 1,2
join 107 and 139 score = 0.0 sizes 3,1
join 17 and 91 score = 0.0 sizes 1,1
join 91 and 261 score = 0.0 sizes 2,5
join 276 and 325 score = 0.0 sizes 2,1
join 219 and 265 score = 0.0 sizes 1,5
join 224 and 274 score = 0.0 sizes 1,1
join 61 and 198 score = 0.0 sizes 2,2
join 9 and 70 score = 0.0 sizes 1,4
join 25 and 109 score = 0.0 sizes 1,1
join 226 and 234 score = 0.0 sizes 3,1
join 72 and 206 score = 0.0 sizes 6,1
join 15 and 144 score = 0.0 sizes 1,1
join 120 and 223 score = 0.006060606060606061 sizes 4,3
join 280 and 300 score = 0.0 sizes 1,1
join 289 and 329 score = 0.0 sizes 1,1
join 3 and 296 score = 0.0 sizes 5,1
join 49 and 68 score = 0.0 sizes 1,1
join 49 and 342 score = 0.0 sizes 2,1
join 12 and 182 score = 0.0 sizes 1,1
join 136 and 229 score = 0.0 sizes 9,1
join 15 and 34 score = 0.0 sizes 2,1
join 34 and 254 score = 0.0 sizes 3,1
join 271 and 335 score = 0.0 sizes 1,6
All pairs
join 228 and 275 score = 0.0 sizes 2,1
join 126 and 305 score = 0.0 sizes 1,1
join 219 and 338 score = 0.0 sizes 6,1
join 38 and 134 score = 0.0 sizes 1,1
join 18 and 203 score = 0.0 sizes 4,1
join 52 and 313 score = 0.0 sizes 18,1
join 16 and 76 score = 0.0 sizes 3,1
join 326 and 337 score = 0.0 sizes 1,1
join 299 and 329 score = 0.0 sizes 1,2
join 255 and 299 score = 0.0 sizes 1,3
join 222 and 289 score = 0.0 sizes 1,4
join 231 and 301 score = 0.0 sizes 1,1
join 89 and 242 score = 0.0 sizes 1,1
join 98 and 242 score = 0.0 sizes 1,2
join 12 and 33 score = 0.0 sizes 2,5
join 22 and 309 score = 0.0 sizes 1,1
join 98 and 309 score = 0.0 sizes 3,2
join 89 and 255 score = 0.0 sizes 5,5
join 73 and 100 score = 0.00625 sizes 4,4
join 222 and 252 score = 0.0 sizes 10,1
join 278 and 340 score = 0.0 sizes 1,1
join 113 and 340 score = 0.0 sizes 1,2
join 163 and 251 score = 0.0 sizes 1,1
join 93 and 163 score = 0.0 sizes 1,2
join 183 and 251 score = 0.0 sizes 1,3
join 179 and 305 score = 0.0064516129032258064 sizes 2,2
join 23 and 141 score = 0.005847953216374269 sizes 2,4
join 203 and 217 score = 0.007462686567164179 sizes 5,1
join 130 and 292 score = 0.006289308176100629 sizes 3,7
join 64 and 119 score = 0.0 sizes 1,1
join 38 and 316 score = 0.00625 sizes 2,6
join 109 and 111 score = 0.007352941176470588 sizes 2,1
join 167 and 252 score = 0.0 sizes 1,11
join 208 and 294 score = 0.006944444444444444 sizes 14,1
join 65 and 174 score = 0.007874015748031496 sizes 2,1
join 254 and 257 score = 0.0 sizes 4,1
join 71 and 92 score = 0.0 sizes 1,3
join 110 and 334 score = 0.006060606060606061 sizes 3,1
join 247 and 301 score = 0.0064516129032258064 sizes 7,2
join 189 and 325 score = 0.0 sizes 1,7
join 199 and 202 score = 0.006289308176100629 sizes 6,1
join 167 and 202 score = 0.0 sizes 12,7
join 150 and 224 score = 0.0 sizes 1,2
join 108 and 249 score = 0.006097560975609756 sizes 8,1
join 249 and 304 score = 0.006060606060606061 sizes 9,9
join 93 and 171 score = 0.0 sizes 4,1
join 84 and 180 score = 0.0 sizes 1,1
join 68 and 84 score = 0.0 sizes 3,2
join 42 and 170 score = 0.0 sizes 8,1
join 106 and 170 score = 0.0 sizes 6,9
join 126 and 245 score = 0.0 sizes 15,1
join 53 and 166 score = 0.0 sizes 1,1
join 171 and 272 score = 0.0 sizes 5,1
join 24 and 218 score = 0.006097560975609756 sizes 2,1
join 209 and 333 score = 0.007142857142857143 sizes 3,10
join 5 and 143 score = 0.0 sizes 1,1
join 71 and 162 score = 0.0 sizes 4,1
join 183 and 220 score = 0.0 sizes 6,1
join 180 and 220 score = 0.0 sizes 5,7
join 8 and 342 score = 0.013986013986013986 sizes 4,12
join 5 and 162 score = 0.0 sizes 2,5
join 229 and 286 score = 0.007936507936507936 sizes 13,4
join 14 and 150 score = 0.0 sizes 1,3
join 112 and 139 score = 0.007142857142857143 sizes 4,8
join 50 and 168 score = 0.0 sizes 1,12
join 113 and 185 score = 0.0 sizes 3,13
join 46 and 152 score = 0.012121212121212121 sizes 19,8
join 169 and 257 score = 0.0 sizes 1,5
join 237 and 298 score = 0.0 sizes 1,1
join 17 and 60 score = 0.0 sizes 7,1
join 131 and 227 score = 0.0 sizes 1,15
join 57 and 234 score = 0.007246376811594203 sizes 1,4
join 238 and 297 score = 0.01282051282051282 sizes 45,1
join 161 and 277 score = 0.0125 sizes 1,1
join 32 and 274 score = 0.015503875968992248 sizes 5,4
join 14 and 124 score = 0.0 sizes 9,1
join 124 and 161 score = 0.0 sizes 10,2
join 144 and 313 score = 0.0 sizes 6,27
join 26 and 101 score = 0.0 sizes 1,1
join 43 and 121 score = 0.0 sizes 1,1
join 13 and 43 score = 0.0 sizes 1,2
join 26 and 239 score = 0.0 sizes 2,1
join 131 and 239 score = 0.0 sizes 16,3
join 267 and 322 score = 0.0 sizes 5,1
join 125 and 175 score = 0.0 sizes 1,1
join 11 and 40 score = 0.018867924528301886 sizes 1,1
join 40 and 62 score = 0.006172839506172839 sizes 2,1
join 11 and 280 score = 0.013422818791946308 sizes 3,2
join 21 and 79 score = 0.0 sizes 3,1
join 56 and 217 score = 0.02142857142857143 sizes 46,19
join 57 and 212 score = 0.013422818791946308 sizes 12,17
join 166 and 218 score = 0.0 sizes 2,29
join 53 and 67 score = 0.0 sizes 31,1
join 248 and 277 score = 0.012422360248447204 sizes 4,32
join 67 and 246 score = 0.0 sizes 36,1
join 134 and 328 score = 0.0 sizes 16,1
join 85 and 338 score = 0.0 sizes 1,7
join 80 and 96 score = 0.011235955056179775 sizes 8,7
join 20 and 22 score = 0.0 sizes 1,65
join 59 and 231 score = 0.0 sizes 4,18
join 29 and 200 score = 0.0 sizes 1,1
join 29 and 326 score = 0.013513513513513514 sizes 2,2
join 140 and 336 score = 0.0 sizes 2,1
join 85 and 278 score = 0.01818181818181818 sizes 15,16
join 174 and 294 score = 0.015873015873015872 sizes 7,19
join 83 and 143 score = 0.0 sizes 1,26
join 101 and 214 score = 0.0 sizes 27,1
join 13 and 135 score = 0.0 sizes 3,1
join 135 and 245 score = 0.0 sizes 4,17
join 74 and 328 score = 0.0 sizes 1,21
join 123 and 334 score = 0.013793103448275862 sizes 7,4
join 119 and 182 score = 0.0 sizes 2,11
join 64 and 315 score = 0.013245033112582781 sizes 13,1
join 125 and 322 score = 0.0 sizes 2,6
join 7 and 76 score = 0.022556390977443608 sizes 1,16
join 7 and 103 score = 0.0 sizes 17,1
join 44 and 103 score = 0.0 sizes 1,18
join 175 and 284 score = 0.0 sizes 8,1
join 196 and 337 score = 0.018072289156626505 sizes 10,4
join 25 and 86 score = 0.025157232704402517 sizes 3,37
join 147 and 149 score = 0.03125 sizes 6,1
join 20 and 177 score = 0.03333333333333333 sizes 66,1
join 260 and 284 score = 0.037037037037037035 sizes 1,9
join 9 and 275 score = 0.037037037037037035 sizes 10,3
join 83 and 270 score = 0.0 sizes 28,1
join 6 and 87 score = 0.034482758620689655 sizes 1,1
join 62 and 138 score = 0.05421686746987952 sizes 5,8
join 60 and 74 score = 0.0 sizes 13,22
join 142 and 200 score = 0.046052631578947366 sizes 1,14
join 41 and 155 score = 0.04054054054054054 sizes 22,13
join 206 and 297 score = 0.04516129032258064 sizes 31,67
join 50 and 81 score = 0.038461538461538464 sizes 98,14
join 111 and 315 score = 0.0425531914893617 sizes 40,112
join 156 and 189 score = 0.037037037037037035 sizes 1,33
All pairs
join 237 and 270 score = 0.043478260869565216 sizes 2,29
join 44 and 296 score = 0.05063291139240506 sizes 19,7
join 154 and 246 score = 0.043478260869565216 sizes 1,152
join 156 and 307 score = 0.08 sizes 34,1
join 169 and 260 score = 0.038461538461538464 sizes 35,35
join 121 and 272 score = 0.08 sizes 35,26
join 149 and 268 score = 0.08695652173913043 sizes 61,3
join 87 and 148 score = 0.038461538461538464 sizes 2,1
join 258 and 263 score = 0.07692307692307693 sizes 1,1
join 258 and 307 score = 0.08 sizes 2,70
join 177 and 225 score = 0.08 sizes 153,1
join 256 and 298 score = 0.13636363636363635 sizes 1,31
join 142 and 300 score = 0.09558823529411764 sizes 15,64
join 6 and 154 score = 0.07142857142857142 sizes 3,154
join 256 and 336 score = 0.24 sizes 32,79
join 225 and 271 score = 0.0 sizes 157,111
join 54 and 339 score = 0.29133858267716534 sizes 1,1
join 216 and 263 score = 0.0 sizes 1,72
join 216 and 339 score = 0.0 sizes 73,2
join 54 and 214 score = 0.3333333333333333 sizes 75,268
score = 2.7812144534355943
improvementE1 : -1545.278235180014
improvementE1 : -1545.2732259966542
improvementE2 : -1534.3141990374459
improvementE2 : -1522.2904735210377
improvementE2 : -1522.2891877136642
improvementE2 : -1522.289182991115
improvementE1 : -1522.1910452353807
improvementE2 : -1522.1906434584062
improvementE3 : -1522.190467518117
improvementE2 : -1519.1120109928193
improvementE1 : -1517.2982474837063
improvementE2 : -1517.2980699644065
improvementE2 : -1517.2980658966594
improvementE2 : -1517.298061892586
improvementE1 : -1517.297352156384
improvementE1 : -1517.2973511010707
improvementE1 : -1517.2953124292355
improvementE1 : -1517.2953075731255
improvementE2 : -1517.2823220270154
improvementE1 : -1517.2778944121148
improvementE2 : -1515.725748621459
improvementE1 : -1515.7257276556004
improvementE3 : -1515.704528403586
improvementE1 : -1515.64330889971
improvementE3 : -1515.643194550896
improvementE1 : -1515.6130851525802
improvementE1 : -1515.5370526801078
improvementE1 : -1515.5370236101162
improvementE3 : -1515.535039665943
improvementE1 : -1515.5348449305318
improvementE2 : -1515.3662611126613
improvementE1 : -1515.3658936530237
improvementE2 : -1515.3658289195446
improvementE2 : -1515.3642580818982
improvementE3 : -1514.5901933728471
improvementE3 : -1514.5858126589287
improvementE2 : -1514.5858001800345
improvementE3 : -1514.568345079342
improvementE2 : -1514.5674862024039
improvementE2 : -1514.5674836964204
improvementE3 : -1514.566420191905
improvementE1 : -1514.495002341443
improvementE3 : -1514.4950008153107
improvementE3 : -1514.4949785867504
improvementE2 : -1514.4942980083365
improvementE3 : -1514.4942825703527
improvementE1 : -1514.4940951383876
improvementE3 : -1514.436135241263
improvementE1 : -1514.4228559721919
improvementE1 : -1513.906068925163
improvementE3 : -1508.4440153855228
improvementE1 : -1508.4340549012377
improvementE2 : -1508.4275927149947
improvementE2 : -1508.3756068822056
improvementE3 : -1508.3755324956392
improvementE2 : -1508.3753643656628
improvementE3 : -1508.375362136188
improvementE3 : -1508.3677229595405
improvementE3 : -1508.1475199524045
improvementE1 : -1508.147011833397
improvementE3 : -1508.0730233871436
improvementE1 : -1508.0728512472192
improvementE2 : -1508.0728418884105
improvementE1 : -1508.0705923851165
improvementE1 : -1508.0677091295258
improvementE3 : -1508.067704840914
improvementE3 : -1508.0675395611963
improvementE2 : -1508.067531194175
improvementE2 : -1508.0664863233717
improvementE3 : -1508.0662597499318
improvementE1 : -1508.0652788555826
improvementE2 : -1508.0488472974855
improvementE3 : -1501.1040091415587
improvementE2 : -1499.5065477925566
improvementE1 : -1496.5387029108833
improvementE2 : -1481.9549373420991
improvementE3 : -1481.9548839921442
improvementE3 : -1473.035835715821
improvementE3 : -1473.0358325357192
improvementE3 : -1472.9632485108211
improvementE3 : -1472.8962797104966
improvementE2 : -1461.5955297121043
improvementE3 : -1458.7307660923177
improvementE1 : -1458.7303356916964
improvementE3 : -1458.6979729011466
improvementE1 : -1458.676568373227
improvementE2 : -1458.6765623052383
improvementE1 : -1458.6765534412839
improvementE3 : -1458.6765283057757
improvementE2 : -1458.6364831868275
improvementE2 : -1458.636476431167
improvementE1 : -1458.6364226724493
improvementE1 : -1458.6356178654487
improvementE3 : -1456.5105080547169
improvementE2 : -1456.510506705104
improvementE2 : -1456.1342327772115
improvementE1 : -1456.1342228380547
improvementE2 : -1456.1342175424265
improvementE3 : -1456.133343314981
improvementE1 : -1456.1333002529823
improvementE2 : -1456.0968389048303
improvementE1 : -1456.0958678431866
improvementE1 : -1456.095804065123
improvementE3 : -1456.0957073017685
improvementE2 : -1456.0871236382445
improvementE1 : -1455.7026183545413
improvementE3 : -1455.6943996674618
improvementE3 : -1455.6923767926407
improvementE3 : -1454.6923790328983
improvementE2 : -1454.6909541829314
improvementE3 : -1454.5749515811326
improvementE2 : -1454.574950529826
improvementE3 : -1454.5745665040477
improvementE2 : -1447.9565458173715
improvementE2 : -1442.886847655321
improvementE3 : -1442.791635889394
improvementE2 : -1436.4478763374489
improvementE1 : -1436.4301210110266
improvementE1 : -1436.4301162731952
improvementE3 : -1436.4301120067607
improvementE3 : -1436.4293601187765
improvementE1 : -1436.4293409617362
improvementE1 : -1436.3852449882397
improvementE2 : -1436.3851204361931
improvementE3 : -1436.3849805353361
improvementE2 : -1436.3787952278824
improvementE1 : -1436.378223339829
improvementE1 : -1436.24869368968
improvementE1 : -1436.2485829164439
improvementE2 : -1436.248235725245
improvementE3 : -1436.2482329003342
improvementE1 : -1436.2359176941984
improvementE3 : -1436.2094867164994
improvementE3 : -1423.5518986832963
improvementE1 : -1423.551664675044
improvementE3 : -1423.550568561759
improvementE1 : -1423.5505673786963
improvementE3 : -1423.5505663024596
improvementE1 : -1423.5503807261346
improvementE1 : -1423.5501363466096
improvementE3 : -1414.2611743353743
improvementE1 : -1414.2611006335978
improvementE1 : -1414.259428520569
improvementE3 : -1410.3304690203304
improvementE1 : -1410.1357238922933
improvementE1 : -1410.135685260238
improvementE3 : -1409.4565807770516
improvementE2 : -1409.4565574846838
improvementE1 : -1409.4355786042993
improvementE2 : -1409.4355278919095
improvementE1 : -1409.4351550635001
improvementE3 : -1409.434657437532
improvementE3 : -1409.4322373871303
improvementE1 : -1407.0399915402522
improvementE2 : -1407.0399872486905
improvementE1 : -1407.0393651475376
improvementE1 : -1407.03934654411
improvementE2 : -1407.0344247701853
improvementE3 : -1407.0342838031509
improvementE2 : -1407.0332676108112
improvementE1 : -1407.0272505296834
improvementE3 : -1407.0269401384717
improvementE1 : -1407.026834196994
improvementE1 : -1406.263024923804
improvementE3 : -1406.2593294311687
improvementE1 : -1406.2568041227314
improvementE2 : -1405.7658197749915
improvementE2 : -1394.8586500589922
improvementE2 : -1394.8582760178047
improvementE2 : -1394.8522195595988
improvementE3 : -1394.4251446983233
improvementE3 : -1394.2643183061657
improvementE3 : -1394.2624950815898
improvementE1 : -1394.2622687782393
improvementE2 : -1394.2298498805717
improvementE1 : -1391.6590158752842
improvementE2 : -1391.658621780683
improvementE3 : -1391.6586118953924
improvementE1 : -1391.6586071458592
improvementE3 : -1391.6585091863676
improvementE1 : -1391.6584536969845
improvementE2 : -1391.6480951245176
improvementE1 : -1391.6463119555528
improvementE1 : -1391.4150704239137
improvementE1 : -1391.4148879994477
improvementE1 : -1390.4058851168165
improvementE3 : -1390.4058488200221
improvementE2 : -1390.4038933919483
improvementE2 : -1390.4020104239432
improvementE1 : -1390.4019244416543
improvementE1 : -1386.0484979471244
improvementE2 : -1386.0434143720558
improvementE2 : -1386.0431119956716
improvementE1 : -1386.043034591415
improvementE2 : -1369.9930081572438
improvementE2 : -1369.9930036407618
improvementE3 : -1369.988557272478
improvementE1 : -1369.9877735327304
improvementE3 : -1369.9854789708838
improvementE2 : -1369.9760671875708
improvementE2 : -1369.9755695463864
improvementE1 : -1369.9752828497944
improvementE2 : -1369.9752441331298
improvementE1 : -1369.9752429079094
improvementE3 : -1369.9752355398073
improvementE2 : -1369.9751782202557
improvementE3 : -1369.214902148659
improvementE1 : -1369.2145068065377
improvementE3 : -1369.2144956731859
improvementE3 : -1358.2189764865589
improvementE1 : -1358.0297652068714
improvementE3 : -1358.0237226251243
improvementE2 : -1358.0139766987113
improvementE1 : -1358.013972289723
improvementE3 : -1358.011334827244
improvementE2 : -1358.0101721456276
improvementE3 : -1358.010154307825
improvementE1 : -1358.0100454727226
improvementE3 : -1358.0070915984545
improvementE2 : -1358.0070866690573
improvementE3 : -1358.0066709924145
improvementE2 : -1357.3542132258767
improvementE1 : -1356.7489203812631
improvementE2 : -1356.7436899297759
improvementE3 : -1356.5007456889375
improvementE1 : -1356.5007421995945
improvementE2 : -1356.50073877274
improvementE3 : -1356.5007373038845
improvementE2 : -1352.2880763292792
improvementE2 : -1352.222334593701
improvementE2 : -1348.448449342252
improvementE3 : -1348.448439924001
improvementE3 : -1347.6666168281804
improvementE3 : -1347.663931198248
improvementE3 : -1347.6638376959581
improvementE3 : -1347.6636751300962
improvementE3 : -1347.6636531131244
improvementE3 : -1347.5060937790183
improvementE1 : -1347.5060738970724
improvementE2 : -1347.4557196989042
improvementE1 : -1347.4551600109808
improvementE3 : -1347.4550068575916
improvementE1 : -1347.395445617628
improvementE1 : -1347.3600984089996
improvementE3 : -1347.3600855316035
improvementE3 : -1347.3594133668378
improvementE1 : -1347.2387221894473
improvementE1 : -1347.029815826124
improvementE2 : -1347.0297813150855
improvementE1 : -1347.0297664881878
improvementE1 : -1347.029518836504
improvementE2 : -1347.0295045968637
improvementE1 : -1347.0273896538995
improvementE2 : -1343.5622665358255
improvementE2 : -1343.562260869528
improvementE3 : -1342.1252848367699
improvementE1 : -1342.1234331500893
improvementE2 : -1342.1233858701653
improvementE1 : -1342.1232087910348
improvementE1 : -1342.121277959459
improvementE3 : -1341.5873556011686
improvementE1 : -1341.587302124784
improvementE2 : -1341.586949186103
improvementE1 : -1341.582709202191
improvementE3 : -1341.5826610930085
improvementE3 : -1341.5796117469308
improvementE1 : -1341.5794022794253
improvementE3 : -1341.5745486144392
improvementE3 : -1339.5623014340865
improvementE3 : -1339.55959134867
improvementE2 : -1339.5595877761948
improvementE3 : -1339.5595757847998
improvementE2 : -1338.8132485077128
improvementE2 : -1338.8132454525462
improvementE1 : -1331.8816239474318
improvementE3 : -1331.881601283756
improvementE3 : -1331.7457932744421
improvementE2 : -1330.6617090413456
improvementE1 : -1330.6616781995654
improvementE2 : -1330.6616650465603
improvementE2 : -1330.6616395352257
improvementE3 : -1330.6615693426243
improvementE2 : -1330.6610221432643
improvementE2 : -1330.6547597879971
improvementE2 : -1330.6546086260805
improvementE1 : -1330.6451835741118
improvementE2 : -1328.5790702253653
improvementE1 : -1328.573431963603
improvementE1 : -1328.5718399080852
improvementE3 : -1328.5715625426578
improvementE2 : -1328.5714791824557
improvementE1 : -1328.570989111769
improvementE1 : -1328.5703660224015
improvementE3 : -1328.56976834471
improvementE1 : -1327.1233551807004
improvementE3 : -1326.765331547571
improvementE3 : -1326.7653136021104
improvementE2 : -1325.1884466000504
improvementE2 : -1325.1884453519497
improvementE2 : -1325.1857601605507
improvementE1 : -1325.1851777999764
improvementE2 : -1325.1851556847528
improvementE2 : -1325.1850772927946
improvementE1 : -1325.1804922258539
improvementE3 : -1325.180417279113
improvementE2 : -1325.1804135981042
improvementE1 : -1321.9492860376624
improvementE2 : -1321.933689722423
improvementE3 : -1321.9329387880255
improvementE3 : -1319.8441397291176
improvementE3 : -1319.7743368032072
improvementE1 : -1319.774104702888
improvementE2 : -1310.736297157554
improvementE2 : -1310.7362116932898
improvementE2 : -1310.7362074064142
improvementE1 : -1310.7361971429757
improvementE3 : -1310.7316456504784
improvementE1 : -1310.7316440159393
improvementE2 : -1302.5110869836744
improvementE2 : -1302.508441690484
improvementE1 : -1302.5083472659614
improvementE3 : -1302.5083249131028
improvementE3 : -1299.1669793586586
improvementE2 : -1299.1669757003776
improvementE3 : -1299.1669392438366
improvementE2 : -1299.0755727496266
improvementE1 : -1299.064015818194
improvementE1 : -1299.063976297144
improvementE2 : -1299.063973640436
improvementE1 : -1299.0639578835053
improvementE3 : -1299.063947687758
improvementE1 : -1299.05926715973
improvementE1 : -1299.0592653372005
improvementE2 : -1299.0432436586054
improvementE3 : -1298.977411398856
improvementE3 : -1298.9772655887728
improvementE1 : -1298.9772625011594
improvementE2 : -1298.977261406264
improvementE2 : -1298.9730620932037
improvementE3 : -1294.817296198699
improvementE2 : -1294.8171882058286
improvementE2 : -1293.0672562083466
improvementE2 : -1292.9612845025863
improvementE1 : -1292.9612254238114
improvementE2 : -1292.961032749551
improvementE2 : -1292.0428597737798
improvementE3 : -1292.0427454614446
improvementE2 : -1292.0427373471775
improvementE1 : -1292.0426577876522
improvementE3 : -1292.0407127535786
improvementE1 : -1289.8234962430865
improvementE3 : -1289.8061385536212
improvementE2 : -1268.5346407856505
improvementE1 : -1268.5342842443702
improvementE1 : -1268.5342271417148
improvementE2 : -1268.5342225879683
improvementE3 : -1265.066876204552
improvementE3 : -1265.0668707153359
improvementE3 : -1265.063172209412
improvementE2 : -1264.7606196270935
improvementE3 : -1264.7573054713885
improvementE1 : -1264.7572966765474
improvementE3 : -1264.7572118176915
improvementE2 : -1264.7572087343533
improvementE3 : -1264.731391337607
improvementE2 : -1264.4951897007734
improvementE3 : -1264.4895839417097
improvementE1 : -1264.4669597946356
improvementE1 : -1264.4669500462712
improvementE3 : -1264.3963794890972
improvementE1 : -1264.396356947785
improvementE1 : -1264.396340324428
improvementE3 : -1264.3953768565682
improvementE1 : -1264.2987366510145
improvementE3 : -1263.4479949478746
improvementE2 : -1263.4476196979745
improvementE3 : -1263.4473620230424
improvementE3 : -1263.072649508354
improvementE2 : -1262.9782191131762
improvementE3 : -1262.9482229273049
improvementE3 : -1258.1417519240576
improvementE2 : -1258.138736504011
improvementE3 : -1258.1387352183178
improvementE2 : -1258.1381634988352
improvementE1 : -1256.7609639810817
improvementE3 : -1256.760947394217
improvementE2 : -1256.7607222994086
improvementE1 : -1256.755795880836
improvementE1 : -1256.7554132551206
improvementE3 : -1254.4055864102265
improvementE1 : -1254.4055614627866
improvementE1 : -1254.4054715241984
improvementE3 : -1254.399807790914
improvementE3 : -1253.3431722747428
improvementE2 : -1253.3431476426551
improvementE1 : -1250.096539421605
improvementE2 : -1247.6287982092704
improvementE1 : -1247.6085999638208
improvementE1 : -1247.6085582308492
improvementE1 : -1247.6085553947546
improvementE3 : -1247.6078206209297
improvementE2 : -1247.6077662116345
improvementE3 : -1246.6177039224299
improvementE1 : -1246.6175549354575
improvementE1 : -1246.6170521096658
improvementE2 : -1246.451603900809
improvementE3 : -1246.4423236344855
improvementE1 : -1246.4423212889124
improvementE2 : -1246.442306810212
improvementE3 : -1246.4422092479736
improvementE1 : -1226.070296277206
improvementE3 : -1226.0691331340395
improvementE2 : -1226.0691293906602
improvementE3 : -1226.0690194582362
improvementE2 : -1226.0621263107255
improvementE3 : -1226.0621251857992
improvementE1 : -1226.061268971572
improvementE1 : -1226.0343894581645
improvementE3 : -1226.0324372120674
improvementE2 : -1226.0324354019954
improvementE3 : -1226.0324289685393
improvementE3 : -1226.0316950189792
improvementE1 : -1226.0315537925828
improvementE1 : -1226.0315513657954
improvementE1 : -1226.031519878399
improvementE3 : -1225.7263673342884
improvementE3 : -1225.7261306660384
improvementE1 : -1225.726084706492
improvementE1 : -1225.5996558535448
improvementE1 : -1225.5985409989257
improvementE3 : -1225.5975888544053
improvementE3 : -1225.5975848890573
improvementE3 : -1225.597386699414
improvementE3 : -1225.597178773397
improvementE2 : -1225.5971765594456
improvementE2 : -1223.3725836847339
improvementE1 : -1223.3677961665453
improvementE2 : -1223.3649985858247
improvementE1 : -1223.364637955477
improvementE3 : -1223.3592107227014
improvementE2 : -1223.3591781340047
improvementE3 : -1223.3590178722138
improvementE1 : -1223.3589303190818
improvementE2 : -1223.358925431739
improvementE2 : -1222.3447073777254
improvementE3 : -1219.5040020389658
improvementE2 : -1219.3107822710826
improvementE1 : -1219.3028458048593
improvementE3 : -1219.3028089134018
improvementE3 : -1219.302807798119
improvementE3 : -1219.3027123342963
improvementE1 : -1219.302438825047
improvementE3 : -1217.568058762032
improvementE2 : -1217.5666165254092
improvementE3 : -1217.5563705668033
improvementE3 : -1217.5560431333702
improvementE1 : -1217.5560400711474
improvementE3 : -1217.555728940154
improvementE1 : -1217.5557202918917
improvementE2 : -1215.1299516713852
improvementE2 : -1215.129608220679
improvementE3 : -1215.128690012637
improvementE3 : -1215.1273851990413
improvementE3 : -1215.1273380729785
improvementE3 : -1212.254446504876
improvementE2 : -1212.254425421428
improvementE3 : -1209.9990049945604
improvementE3 : -1204.1012904100867
improvementE2 : -1204.0844310998118
improvementE3 : -1204.0843422158018
improvementE1 : -1204.0726122097124
improvementE1 : -1204.0726011540903
improvementE2 : -1204.0725974405182
improvementE1 : -1204.0004921581426
improvementE1 : -1203.9976023148697
improvementE2 : -1203.9910627475253
improvementE1 : -1202.994611344239
improvementE3 : -1198.5401606522423
improvementE3 : -1198.5401593391773
improvementE3 : -1198.5400222651149
improvementE2 : -1198.5399482819532
improvementE2 : -1197.6937550826926
improvementE2 : -1197.6912672958706
improvementE3 : -1197.6877510177515
improvementE1 : -1197.6862204613217
improvementE2 : -1197.6861135428367
improvementE2 : -1197.6860115721147
improvementE3 : -1197.6811964270146
improvementE2 : -1197.6803690428694
improvementE3 : -1194.6243937984555
improvementE1 : -1194.6209489492494
improvementE3 : -1194.6208104529883
improvementE3 : -1169.5063965005234
improvementE1 : -1169.5050894750955
improvementE1 : -1169.505079577535
improvementE1 : -1169.4977306553578
improvementE3 : -1169.497719965313
improvementE2 : -1169.4041675934752
improvementE3 : -1169.4041143176805
improvementE1 : -1169.4041072113782
improvementE1 : -1169.3977653572972
improvementE2 : -1169.3976140432624
improvementE1 : -1165.4596918452285
improvementE3 : -1165.4593482425844
improvementE1 : -1165.4589441050443
improvementE1 : -1165.4589413180756
improvementE2 : -1165.4567327998848
improvementE2 : -1165.453699985747
improvementE1 : -1165.4527176439333
improvementE1 : -1165.0795964116453
improvementE3 : -1165.0772892467571
improvementE3 : -1165.0772848788604
improvementE2 : -1165.0764928267863
improvementE2 : -1165.076303323133
improvementE2 : -1165.0761333573248
improvementE2 : -1162.5078810278071
improvementE2 : -1162.5078798111701
improvementE1 : -1162.5078780923996
improvementE3 : -1162.5076651789382
improvementE2 : -1162.5076640261143
improvementE3 : -1162.5075896800909
improvementE2 : -1162.5075874296454
improvementE3 : -1162.507452465807
improvementE3 : -1162.3670526097953
improvementE3 : -1162.365065981014
improvementE3 : -1162.3649780007263
improvementE1 : -1162.36497608528
improvementE2 : -1162.3648129099865
improvementE3 : -1162.3584810911898
improvementE1 : -1162.3583764962254
improvementE2 : -1162.3583715974037
improvementE3 : -1162.3583245814586
improvementE2 : -1162.3579815276835
improvementE3 : -1162.3577850445176
improvementE3 : -1162.3554953441626
improvementE3 : -1162.354719483816
improvementE2 : -1162.3533520327974
improvementE2 : -1156.9260195420925
improvementE3 : -1156.9260042743374
improvementE3 : -1156.9260014616755
improvementE3 : -1148.3872529333375
improvementE2 : -1146.3732306919346
improvementE2 : -1144.86432020206
improvementE1 : -1144.8643178520506
improvementE3 : -1141.0791590758824
improvementE3 : -1141.0789708928241
improvementE2 : -1141.0789680833248
improvementE3 : -1135.5164960429815
improvementE3 : -1135.5156643380324
improvementE2 : -1135.5156495852023
improvementE1 : -1135.5153007403806
improvementE2 : -1135.5152988368877
improvementE2 : -1135.5152908896155
improvementE3 : -1135.51490148206
improvementE1 : -1135.514899742697
improvementE1 : -1135.5147052124369
improvementE2 : -1135.5119115880789
improvementE1 : -1135.5119091845113
improvementE2 : -1135.5118878246549
improvementE2 : -1135.5118635564347
improvementE3 : -1135.5117996507952
improvementE1 : -1135.5115061303177
improvementE3 : -1135.5114818296695
improvementE2 : -1135.5110714362706
improvementE2 : -1135.5110615460972
improvementE2 : -1135.5110514086896
improvementE2 : -1135.4885786943757
improvementE3 : -1135.4885738603825
improvementE2 : -1135.487615273957
improvementE2 : -1135.4875979560466
improvementE2 : -1135.4875353186058
improvementE3 : -1128.8621632964462
improvementE1 : -1125.118316029072
improvementE1 : -1125.1183146622948
improvementE3 : -1125.1182899988692
improvementE1 : -1125.1182866053757
improvementE3 : -1125.1178806171954
improvementE3 : -1125.1177764313893
improvementE1 : -1125.1177505675782
improvementE2 : -1125.1176070095107
improvementE3 : -1125.1172198621186
improvementE2 : -1125.117215435868
improvementE2 : -1125.1172113148946
improvementE3 : -1125.1172056543815
improvementE1 : -1125.1172044665877
improvementE2 : -1121.571165488811
improvementE3 : -1119.234689875174
improvementE3 : -1119.2346835234216
improvementE2 : -1119.2311683370049
improvementE3 : -1119.2311614556857
improvementE3 : -1119.2295008222677
improvementE3 : -1119.2294977116917
improvementE3 : -1119.229484454485
improvementE3 : -1119.2294343881947
improvementE1 : -1119.2294280251444
improvementE1 : -1119.0792719434887
improvementE3 : -1119.0792695870623
improvementE2 : -1116.8132749602983
improvementE2 : -1116.8132574340207
improvementE3 : -1116.813239718475
improvementE2 : -1116.8132220413127
improvementE2 : -1116.7504489205849
improvementE2 : -1116.7469897323922
improvementE3 : -1116.7469427048857
improvementE3 : -1116.7467545774803
improvementE1 : -1116.7467509510843
improvementE3 : -1114.7599946388063
improvementE3 : -1114.759559506098
improvementE3 : -1114.7595110934658
improvementE1 : -1114.759460043048
improvementE1 : -1113.8121588229997
improvementE1 : -1113.8113898242805
improvementE3 : -1113.5209525051928
improvementE2 : -1112.9117201963506
improvementE1 : -1112.9116086627323
improvementE1 : -1112.6227525615584
improvementE3 : -1112.1458386707118
improvementE3 : -1112.1456071819282
improvementE1 : -1112.145602045338
improvementE1 : -1112.1447142738457
improvementE1 : -1112.1446808000112
improvementE1 : -1073.078667707041
improvementE3 : -1073.0786656548462
improvementE1 : -1073.078661808478
improvementE3 : -1073.0786286989028
improvementE2 : -1072.8525826383714
improvementE3 : -1069.2008481156709
improvementE3 : -1069.2007400047146
improvementE2 : -1069.1972016165578
improvementE3 : -1068.932982845221
improvementE1 : -1068.9327327263425
improvementE2 : -1068.9322398758886
improvementE2 : -1068.9315975178893
improvementE3 : -1067.2298691743358
improvementE2 : -1067.2298542488843
improvementE2 : -1067.2294105144424
improvementE2 : -1067.2293716612417
improvementE2 : -1065.0296343882355
improvementE2 : -1065.0277088668909
improvementE3 : -1065.0275731265463
improvementE3 : -1065.0263157383852
improvementE1 : -1065.0262945348245
improvementE3 : -1065.022469100104
improvementE3 : -1065.022439096353
improvementE2 : -1065.0224361459916
improvementE3 : -1065.0220833166763
improvementE3 : -1064.9165697829021
improvementE3 : -1064.8861806402579
improvementE3 : -1064.8861269599452
improvementE3 : -1064.8849594439473
improvementE1 : -1064.88239152789
improvementE3 : -1064.772550630209
improvementE1 : -1064.7725422972287
improvementE1 : -1064.7350050174587
improvementE1 : -1064.7349018722234
improvementE3 : -1064.7348981059165
improvementE3 : -1064.7348945891322
improvementE3 : -1064.734858448856
improvementE3 : -1064.7348411588887
improvementE2 : -1064.73478816864
improvementE3 : -1064.7347850170568
improvementE1 : -1064.734599356665
improvementE1 : -1064.7345877707307
improvementE2 : -1064.6880828607996
improvementE3 : -1064.6880812778004
improvementE3 : -1064.6741375377094
improvementE2 : -1064.6741065745973
improvementE2 : -1064.6500531024076
improvementE1 : -1064.6495606355843
improvementE3 : -1064.6495589019235
improvementE3 : -1064.640446178994
improvementE1 : -1064.6404451714445
improvementE2 : -1061.944218969069
improvementE2 : -1061.9442043216914
improvementE1 : -1061.9408301050676
improvementE2 : -1061.9408203892967
improvementE1 : -1059.1244171366566
improvementE2 : -1056.3417761516457
improvementE1 : -1056.3397897293312
improvementE2 : -1056.3387586926374
improvementE3 : -1056.3387440816919
improvementE1 : -1056.338720250034
improvementE3 : -1056.338651965295
improvementE2 : -1056.2881145826186
improvementE2 : -1055.8692603568218
improvementE1 : -1055.8692349019102
improvementE2 : -1055.8691085181817
improvementE1 : -1055.8641858520664
improvementE2 : -1055.864104097383
improvementE3 : -1055.8610098981603
improvementE3 : -1055.525252514813
improvementE3 : -1055.525235560869
improvementE2 : -1055.524908153435
improvementE2 : -1055.5156029816046
improvementE2 : -1055.5155737105238
improvementE1 : -1055.5155724352026
improvementE3 : -1055.515417863847
improvementE1 : -1055.5154152358314
improvementE1 : -1055.5154066716502
improvementE3 : -1055.495518018106
improvementE1 : -1053.2748019211608
improvementE3 : -1052.0479357711365
improvementE3 : -1048.33653140971
improvementE3 : -1047.9471481714827
improvementE1 : -1047.9470076192542
improvementE2 : -1047.8418101157972
improvementE1 : -1047.6300419590302
improvementE1 : -1047.6085478984546
improvementE3 : -1047.608523591712
improvementE2 : -1047.608522120859
improvementE3 : -1047.6083370046613
improvementE1 : -1047.6082763630666
improvementE3 : -1042.582310472707
improvementE1 : -1042.5823086967416
improvementE3 : -1042.5820785176563
improvementE3 : -1042.5820181540307
improvementE3 : -1042.5819744537189
improvementE1 : -1042.5725524575992
improvementE3 : -1042.557493781228
improvementE1 : -1042.5574911444241
improvementE2 : -1040.5194778385858
improvementE3 : -1040.4459362826017
improvementE3 : -1040.445844572418
improvementE1 : -1040.4458419922457
improvementE2 : -1039.3819787537705
improvementE2 : -1039.3817455907201
improvementE3 : -1039.2858282964871
improvementE1 : -1039.1192518138337
improvementE3 : -1035.7935484196157
improvementE1 : -1035.7912040819074
improvementE2 : -1035.7911806397294
improvementE3 : -1035.6479163454158
improvementE1 : -1035.5853287840343
improvementE3 : -1035.5852889019275
improvementE1 : -1035.5852161805878
improvementE3 : -1035.584749169469
improvementE3 : -1034.8232249559178
improvementE3 : -1034.8231788772614
improvementE1 : -1034.8231420055745
improvementE3 : -1034.823139402482
improvementE3 : -1034.8230923092426
improvementE3 : -1034.8230269307855
improvementE3 : -1034.8229813792245
improvementE1 : -1034.8229007782352
improvementE2 : -1034.8228700293337
improvementE3 : -1034.6113589951613
improvementE2 : -1034.5904546702754
improvementE3 : -1034.5902607840271
improvementE3 : -1034.5902567124074
improvementE3 : -1030.9200219810311
improvementE3 : -1030.9195849641053
improvementE1 : -1030.9186593491863
improvementE3 : -1030.9180364415706
improvementE1 : -1030.9173791222747
improvementE3 : -1030.9051841510432
improvementE2 : -1030.9051552850513
improvementE3 : -1030.9051468356615
improvementE3 : -1030.9040211106935
improvementE3 : -1030.902150459946
improvementE3 : -1030.9019960360524
improvementE3 : -1030.4131544834581
improvementE1 : -1030.4125405981686
improvementE1 : -1030.4124067977846
improvementE3 : -1030.4112383651739
improvementE2 : -1030.4112361914763
improvementE1 : -1030.1517167114612
improvementE1 : -1030.143454964686
improvementE2 : -1029.4681160148132
improvementE1 : -1029.4345007621562
improvementE3 : -1029.4344944027316
improvementE3 : -1029.4344918515785
improvementE2 : -1029.4344098397316
improvementE2 : -1029.3611167980816
improvementE3 : -1029.361055569755
improvementE1 : -1029.3603232010612
improvementE1 : -1029.360303292442
improvementE2 : -1029.3602901100894
improvementE3 : -1029.2170532288378
improvementE3 : -1028.3764167736356
improvementE1 : -1028.376415761154
improvementE2 : -1028.3762920661025
improvementE2 : -1028.3288466167874
improvementE2 : -1028.3288141712364
improvementE1 : -1028.328811429824
improvementE3 : -1028.3287856132276
improvementE1 : -1028.3079173328942
improvementE1 : -1028.307914402816
improvementE2 : -1028.3078885513573
improvementE3 : -1028.2611858454784
improvementE1 : -1027.2673533892948
improvementE3 : -1027.267346235374
improvementE2 : -1027.2672366096294
improvementE3 : -1027.267183461281
improvementE3 : -1027.20082583345
improvementE3 : -1026.6505026217092
improvementE1 : -1026.6489535707506
improvementE3 : -1026.6489486243636
improvementE2 : -1026.6489452164697
improvementE3 : -1026.6487683603289
improvementE1 : -1026.648766893755
improvementE2 : -1026.6487630872862
improvementE1 : -1026.62574580469
improvementE1 : -1026.6257036272839
improvementE1 : -1026.625702469707
improvementE3 : -1026.6256788673322
improvementE3 : -1026.5993567523724
improvementE3 : -1026.5989956140932
improvementE1 : -1026.5989919043996
improvementE2 : -1026.5989878471773
improvementE2 : -1026.5989583477722
improvementE3 : -1026.5971925091794
improvementE2 : -1026.5971876506735
improvementE3 : -1026.5971784897342
improvementE3 : -1026.5971773538977
improvementE2 : -1026.5971755803625
improvementE2 : -1025.5097414374854
improvementE1 : -1019.5583124311381
improvementE3 : -1019.5521874732871
improvementE2 : -1019.5521854332952
improvementE2 : -1019.5514024280152
improvementE3 : -1019.5513982282259
improvementE3 : -1014.3713342063594
improvementE1 : -1012.6837468323695
improvementE3 : -1012.6679265954225
improvementE2 : -1011.4627772531496
improvementE3 : -998.5615465261479
improvementE3 : -998.5615451125113
improvementE3 : -998.5615330718132
improvementE3 : -998.5615084970276
improvementE1 : -998.5614910168099
improvementE2 : -997.9876786332809
improvementE1 : -997.9041833016879
improvementE3 : -997.9041804782503
improvementE2 : -997.9041705668501
improvementE3 : -997.9041688119754
improvementE2 : -997.9041670960746
improvementE1 : -997.9041479035842
improvementE2 : -997.9040017075026
improvementE2 : -997.9029336963123
improvementE3 : -996.8908425292561
improvementE3 : -996.8881257005086
improvementE2 : -996.8881226423686
improvementE1 : -996.872425926951
improvementE2 : -996.8724244784837
improvementE1 : -996.872422406354
improvementE2 : -996.8714013571531
improvementE1 : -996.8712974757354
improvementE1 : -996.8692115618928
improvementE1 : -996.839269219007
improvementE3 : -991.9582560619075
improvementE2 : -991.9582466564972
improvementE1 : -989.544420125196
improvementE3 : -989.5437818727434
improvementE1 : -989.5437789028282
improvementE3 : -989.5437575371279
improvementE2 : -989.5434909142766
improvementE2 : -989.5434726381045
improvementE2 : -989.5434702303907
improvementE2 : -989.5434138430396
improvementE2 : -989.5429184009378
improvementE3 : -985.9186533793007
improvementE2 : -985.9184193492233
improvementE1 : -985.9184180336822
improvementE3 : -985.9176601498523
improvementE2 : -985.917657909665
improvementE1 : -985.9174677386405
improvementE1 : -985.9174647524329
improvementE3 : -985.9164127153325
improvementE2 : -985.7901775758322
improvementE1 : -985.7901686459346
improvementE2 : -985.7901543731301
improvementE3 : -985.7854571413624
improvementE3 : -985.7854239407511
improvementE2 : -985.7854218226887
improvementE3 : -985.7697272381273
improvementE2 : -985.7697019650228
improvementE3 : -985.7690951952054
improvementE3 : -985.7690685697557
improvementE1 : -985.7690604083709
improvementE1 : -985.7690563533832
improvementE3 : -985.7685354167616
improvementE2 : -985.7685320357022
improvementE1 : -985.7685242732174
improvementE3 : -985.7684460675994
improvementE1 : -985.7684442631587
improvementE1 : -985.768442981193
improvementE3 : -985.767841148249
improvementE1 : -981.7053116205811
improvementE3 : -981.7052794300907
improvementE2 : -981.7043106177113
improvementE1 : -981.7043084361098
improvementE2 : -981.7042990590719
improvementE2 : -979.0199756976007
improvementE1 : -979.0197913057387
improvementE1 : -979.0197890107443
improvementE3 : -979.0197236170363
improvementE3 : -979.0191095706599
improvementE3 : -979.0184598496022
improvementE3 : -978.9954867875265
improvementE2 : -978.9952674885484
improvementE2 : -978.9952632753077
improvementE1 : -978.9952619790921
improvementE3 : -978.9952602106314
improvementE3 : -978.9818671554017
improvementE1 : -978.9818262007431
improvementE3 : -978.8949313280598
improvementE3 : -978.7144248679525
improvementE3 : -978.6737520953785
improvementE1 : -978.6731358091123
improvementE2 : -978.5708661381641
improvementE1 : -978.5702807758591
improvementE3 : -978.5529527265763
improvementE3 : -977.5004171025361
improvementE1 : -977.5002129996562
improvementE1 : -977.5001203795307
improvementE2 : -970.2643227325323
improvementE3 : -970.2642823400315
improvementE1 : -970.264280242824
improvementE1 : -970.264254268202
improvementE3 : -970.2642381534279
improvementE1 : -970.2369469567093
improvementE3 : -970.2369355287469
improvementE1 : -970.2295243261725
improvementE2 : -970.2294836780683
improvementE3 : -970.2294695275107
improvementE1 : -970.2294312335011
improvementE3 : -969.5909456308383
improvementE1 : -969.5909260480761
improvementE3 : -969.58991743447
improvementE2 : -969.5899049614525
improvementE1 : -969.5898978656038
improvementE1 : -969.5898774080006
improvementE2 : -969.5898758855244
improvementE3 : -969.5371053553433
improvementE1 : -969.5371015673785
improvementE1 : -969.537091170197
improvementE3 : -969.1996607642105
improvementE2 : -969.1992440914786
improvementE3 : -969.1992409650996
improvementE3 : -969.1992386779743
improvementE3 : -969.199096809374
improvementE3 : -969.1989090483515
improvementE1 : -969.1989036544028
improvementE2 : -969.198884748089
improvementE2 : -969.1988828716676
improvementE3 : -969.1988689990591
improvementE3 : -969.198784430574
improvementE2 : -969.1987454333481
improvementE3 : -969.1987440769465
improvementE2 : -969.1987390865411
improvementE1 : -969.1775027090481
improvementE3 : -969.1774965368649
improvementE1 : -969.1774662297029
improvementE3 : -969.1774623651536
improvementE2 : -969.1774611241852
improvementE3 : -969.1774519661216
improvementE3 : -969.1774497711607
improvementE3 : -969.1774477976059
improvementE3 : -969.1774038069849
improvementE2 : -969.1774016384051
improvementE2 : -969.1773578016498
improvementE2 : -969.1773554176021
improvementE3 : -969.177324001251
improvementE3 : -969.1773159954214
improvementE1 : -969.1773104236639
improvementE1 : -969.1772834195277
improvementE3 : -969.1772721392557
improvementE1 : -966.1466670237061
improvementE2 : -966.1346363079176
improvementE2 : -963.232981292654
improvementE3 : -963.2329773784095
improvementE1 : -963.2329373196167
improvementE2 : -963.232931488744
improvementE3 : -963.2329304626676
improvementE3 : -963.2329288142517
improvementE1 : -963.2329263773678
improvementE3 : -963.2328309004677
improvementE3 : -960.3594740527132
improvementE2 : -960.3585906597593
improvementE3 : -960.3585204590916
improvementE3 : -960.3584681842816
improvementE2 : -960.3584543638567
improvementE2 : -960.3578873446213
improvementE2 : -960.3578412712807
improvementE3 : -960.3578370077748
improvementE3 : -960.3578214524042
improvementE2 : -960.3562596416798
improvementE1 : -960.3562343257297
improvementE1 : -960.3562257896833
improvementE3 : -960.3561912371342
improvementE1 : -958.9915628419513
improvementE3 : -958.9913790423128
improvementE3 : -958.9912111241566
improvementE1 : -958.8912347647827
improvementE2 : -958.8872078882346
improvementE3 : -958.886892211369
improvementE3 : -958.3776449824844
improvementE2 : -958.3776427536488
improvementE2 : -958.3776384838081
improvementE1 : -958.3775534076912
improvementE1 : -958.3775508208187
improvementE1 : -958.3775463138846
improvementE3 : -958.3775068646188
improvementE3 : -958.3775047632226
improvementE3 : -958.3771928628761
improvementE1 : -958.3771813779055
improvementE1 : -958.3771534828704
improvementE3 : -958.3768062481396
improvementE1 : -958.3767992752029
improvementE1 : -958.3767599459301
improvementE1 : -958.3767417037595
improvementE3 : -958.3765080548889
improvementE1 : -958.3668845499509
improvementE2 : -958.3668834440678
improvementE2 : -958.366866416766
improvementE2 : -958.3668547570063
improvementE3 : -958.3665674005102
improvementE1 : -958.3665621068872
improvementE3 : -958.3665543799399
improvementE3 : -958.3665069253171
improvementE3 : -958.3665025254463
improvementE1 : -958.3664868182628
improvementE3 : -956.5647512116599
improvementE1 : -956.5647314175504
improvementE2 : -956.5647290767066
improvementE2 : -956.5647229625229
improvementE1 : -956.5647195932095
improvementE3 : -956.5612709080682
improvementE3 : -956.5612606646063
improvementE3 : -956.5612588728854
improvementE3 : -956.5612484646763
improvementE1 : -956.4193610603301
improvementE3 : -956.2860447797185
improvementE1 : -956.2860418312474
improvementE3 : -956.2860362768499
improvementE2 : -956.2860335977888
improvementE2 : -956.2860320967708
improvementE1 : -956.2860292357062
improvementE2 : -956.2860275279595
improvementE3 : -956.2860264075624
improvementE2 : -956.2858205699284
improvementE3 : -954.1570594807037
improvementE1 : -954.1570569588379
improvementE1 : -954.1570551890723
improvementE3 : -954.1570157087953
improvementE1 : -954.1570109072265
improvementE3 : -954.0443229476482
improvementE3 : -953.8954216351818
improvementE1 : -953.8677062507077
improvementE1 : -953.8677038165602
improvementE2 : -953.8677027312478
improvementE3 : -953.8677000724616
improvementE1 : -953.8675231704298
improvementE3 : -953.8675206828642
improvementE3 : -953.8675181405041
improvementE2 : -953.8675142375712
improvementE3 : -953.8674722910524
improvementE2 : -953.8674698407627
improvementE2 : -953.867466282169
improvementE3 : -953.8674613143342
improvementE3 : -953.8674561225785
improvementE1 : -953.8674549025271
improvementE3 : -953.8671157947356
improvementE3 : -953.8671134601789
improvementE2 : -953.867112160936
improvementE1 : -953.8671108805538
improvementE3 : -953.866976142489
improvementE3 : -953.866946825246
improvementE1 : -953.8669456624987
improvementE2 : -953.8669436174999
improvementE1 : -953.8669408586168
improvementE2 : -953.8669395463211
improvementE3 : -953.8668667319554
improvementE1 : -953.8668645665537
improvementE3 : -953.8668629581852
improvementE3 : -953.8668601435458
improvementE1 : -953.8660422756246
improvementE1 : -953.8660406982938
improvementE2 : -953.8658432055109
improvementE3 : -953.8658414516602
improvementE3 : -953.8658326787137
improvementE3 : -953.8658290983637
improvementE2 : -953.8353011394809
improvementE2 : -953.8350581644297
improvementE2 : -953.8350111998114
improvementE1 : -953.8350090441229
improvementE1 : -953.8349833108417
improvementE3 : -953.8349499345677
improvementE2 : -953.834948624854
improvementE2 : -953.8349247726915
improvementE1 : -953.834919277477
improvementE3 : -953.8347530063127
improvementE3 : -953.8347299252802
improvementE3 : -953.8331146936041
improvementE2 : -953.8331122277763
improvementE1 : -953.8330415148862
improvementE3 : -953.8324460184681
logL = -9979.504558419287
Removing 0 markers
Second round
improvementE2 : -953.830497456168
improvementE1 : -953.8304232743645
improvementE1 : -953.8304213541112
improvementE2 : -953.830418952821
improvementE3 : -953.8304114222773
improvementE3 : -953.8303821112553
improvementE1 : -953.8303732346395
improvementE1 : -953.8303713784292
improvementE3 : -953.8302732670849
improvementE1 : -953.8302488668257
improvementE1 : -953.830219750893
improvementE1 : -953.8302186398276
improvementE3 : -953.8301338120579
improvementE3 : -953.8301304068796
improvementE3 : -952.5122018780693
improvementE3 : -952.5121978274408
improvementE1 : -952.5121843530986
improvementE3 : -952.5121783645272
improvementE1 : -952.512174272212
improvementE3 : -952.511973548185
improvementE3 : -952.5118429611285
improvementE3 : -952.5102016677506
