0->0 : 0
0->1 : 0
0->2 : 0
       Error rate = 0.0
1->0 : 0
1->1 : 0
1->2 : 0
       Error rate = 0.0
2->0 : 0
2->1 : 0
2->2 : 0
       Error rate = 0.0
0,2->0,2 : 1336466
  0,2->1 : 0
1,2->1,2 : 0
  1,2->0 : 0
       Error rate = 0.0
Maternally informative markers = 0 (of 12151)
Paternally informative markers = 12151
Maternally or paternally informative markers = 12151
Removed 0 children
Removed 0 markers
Number of LGs = 37
***Family = fam_08 chromosome = 9 numMarkers = 394 maternal informative markers 0 (paternal informative markers 394)
***Family = fam_01 chromosome = 9 numMarkers = 394 maternal informative markers 0 (paternal informative markers 394)
***Family = fam_09 chromosome = 9 numMarkers = 394 maternal informative markers 0 (paternal informative markers 394)
394->319
319->319
All pairs
join 114 and 286 score = 0.0 sizes 1,1
join 140 and 310 score = 0.0 sizes 1,1
join 26 and 38 score = 0.0 sizes 1,1
join 57 and 160 score = 0.0 sizes 1,1
join 76 and 138 score = 0.0 sizes 1,1
join 70 and 263 score = 0.0 sizes 1,1
join 70 and 75 score = 0.0 sizes 2,1
join 53 and 305 score = 0.0 sizes 1,1
join 93 and 117 score = 0.0 sizes 1,1
join 23 and 255 score = 0.0 sizes 1,1
join 143 and 219 score = 0.0 sizes 1,1
join 16 and 154 score = 0.0 sizes 1,1
join 26 and 219 score = 0.0 sizes 2,2
join 80 and 316 score = 0.0 sizes 1,1
join 214 and 316 score = 0.0 sizes 1,2
join 36 and 125 score = 0.0 sizes 1,1
join 36 and 76 score = 0.0 sizes 2,2
join 93 and 125 score = 0.0 sizes 2,4
join 101 and 164 score = 0.0 sizes 1,1
join 132 and 199 score = 0.0 sizes 1,1
join 152 and 306 score = 0.0 sizes 1,1
join 192 and 234 score = 0.0 sizes 1,1
join 192 and 265 score = 0.0 sizes 2,1
join 178 and 265 score = 0.0 sizes 1,3
join 170 and 302 score = 0.0 sizes 1,1
join 132 and 170 score = 0.0 sizes 2,2
join 90 and 126 score = 0.0 sizes 1,1
join 143 and 293 score = 0.0 sizes 4,1
join 38 and 253 score = 0.0 sizes 5,1
join 115 and 226 score = 0.0 sizes 1,1
join 141 and 226 score = 0.0 sizes 1,2
join 23 and 141 score = 0.0 sizes 2,3
join 142 and 191 score = 0.0 sizes 1,1
join 140 and 278 score = 0.0 sizes 2,1
join 14 and 310 score = 0.0 sizes 1,3
join 4 and 224 score = 0.0 sizes 1,1
join 75 and 208 score = 0.0 sizes 3,1
join 14 and 53 score = 0.0 sizes 4,2
join 208 and 238 score = 0.0 sizes 4,1
join 163 and 218 score = 0.0 sizes 1,1
join 2 and 218 score = 0.0 sizes 1,2
join 2 and 250 score = 0.0 sizes 3,1
join 62 and 163 score = 0.0 sizes 1,4
join 223 and 250 score = 0.0 sizes 1,5
join 230 and 234 score = 0.0 sizes 1,4
join 260 and 289 score = 0.0 sizes 1,1
join 101 and 117 score = 0.0 sizes 2,6
join 113 and 138 score = 0.0 sizes 1,8
join 113 and 169 score = 0.0 sizes 9,1
join 39 and 291 score = 0.0 sizes 1,1
join 39 and 298 score = 0.0 sizes 2,1
join 169 and 184 score = 0.0 sizes 10,1
join 21 and 109 score = 0.0 sizes 1,1
join 71 and 139 score = 0.0 sizes 1,1
join 139 and 210 score = 0.0 sizes 2,1
join 67 and 91 score = 0.0 sizes 1,1
join 47 and 98 score = 0.0 sizes 1,1
join 33 and 288 score = 0.0 sizes 1,1
join 33 and 246 score = 0.0 sizes 2,1
join 189 and 246 score = 0.0 sizes 1,3
join 196 and 286 score = 0.0 sizes 1,2
join 114 and 279 score = 0.0 sizes 3,1
join 199 and 204 score = 0.0 sizes 4,1
join 41 and 224 score = 0.0 sizes 1,2
join 161 and 166 score = 0.0 sizes 1,1
join 55 and 109 score = 0.0 sizes 1,2
join 21 and 107 score = 0.0 sizes 3,1
join 55 and 313 score = 0.0 sizes 4,1
join 17 and 293 score = 0.0 sizes 1,6
join 17 and 259 score = 0.0 sizes 7,1
join 28 and 82 score = 0.0 sizes 1,1
join 142 and 253 score = 0.0 sizes 2,8
join 217 and 302 score = 0.0 sizes 1,5
join 83 and 106 score = 0.0 sizes 1,1
join 4 and 83 score = 0.0 sizes 3,2
join 154 and 185 score = 0.0 sizes 2,1
join 16 and 147 score = 0.0 sizes 3,1
join 279 and 311 score = 0.0 sizes 4,1
join 210 and 237 score = 0.0 sizes 3,1
join 13 and 263 score = 0.0 sizes 1,5
join 9 and 238 score = 0.0 sizes 1,6
join 82 and 90 score = 0.0 sizes 2,2
join 123 and 300 score = 0.0 sizes 1,1
join 67 and 300 score = 0.0 sizes 2,2
join 232 and 278 score = 0.0 sizes 1,6
join 102 and 232 score = 0.0 sizes 1,7
join 173 and 242 score = 0.0 sizes 1,1
join 173 and 204 score = 0.0 sizes 2,6
join 152 and 186 score = 0.0 sizes 2,1
join 272 and 288 score = 0.0 sizes 1,4
join 171 and 189 score = 0.0 sizes 1,5
join 171 and 270 score = 0.0 sizes 6,1
join 98 and 223 score = 0.0 sizes 2,6
join 264 and 268 score = 0.0 sizes 1,1
join 81 and 284 score = 0.0 sizes 1,1
join 184 and 284 score = 0.0 sizes 11,2
join 164 and 295 score = 0.0 sizes 13,1
join 86 and 235 score = 0.0 sizes 1,1
join 18 and 255 score = 0.0 sizes 1,5
join 264 and 289 score = 0.0 sizes 2,2
join 13 and 183 score = 0.0 sizes 7,1
join 217 and 247 score = 0.0 sizes 8,1
join 110 and 242 score = 0.0 sizes 1,9
join 110 and 150 score = 0.0 sizes 10,1
join 99 and 303 score = 0.0 sizes 1,1
join 129 and 303 score = 0.0 sizes 1,2
join 87 and 92 score = 0.0 sizes 1,1
join 46 and 87 score = 0.0 sizes 1,2
join 3 and 201 score = 0.0 sizes 1,1
join 18 and 274 score = 0.0 sizes 6,1
join 47 and 209 score = 0.0 sizes 8,1
join 60 and 252 score = 0.0 sizes 1,1
join 126 and 203 score = 0.0 sizes 4,1
join 136 and 292 score = 0.0 sizes 1,1
join 102 and 136 score = 0.0 sizes 8,2
join 80 and 95 score = 0.0 sizes 3,1
join 60 and 241 score = 0.0 sizes 2,1
join 66 and 160 score = 0.0 sizes 1,2
join 46 and 168 score = 0.0 sizes 3,1
join 191 and 276 score = 0.0 sizes 10,1
join 0 and 213 score = 0.0 sizes 1,1
join 12 and 239 score = 0.0 sizes 1,1
join 12 and 118 score = 0.0 sizes 2,1
join 104 and 276 score = 0.0 sizes 1,11
join 271 and 295 score = 0.0 sizes 1,14
join 251 and 275 score = 0.0 sizes 1,1
join 251 and 317 score = 0.0 sizes 2,1
join 86 and 112 score = 0.0 sizes 2,1
join 19 and 287 score = 0.0 sizes 1,1
join 19 and 72 score = 0.0 sizes 2,1
join 49 and 240 score = 0.0 sizes 1,1
join 49 and 268 score = 0.004651162790697674 sizes 2,4
join 79 and 266 score = 0.0 sizes 1,1
join 45 and 108 score = 0.0 sizes 1,1
join 134 and 201 score = 0.0 sizes 1,2
join 28 and 168 score = 0.006172839506172839 sizes 5,4
join 157 and 275 score = 0.0 sizes 1,3
join 182 and 230 score = 0.006756756756756757 sizes 1,5
join 222 and 283 score = 0.0 sizes 1,1
join 180 and 283 score = 0.0 sizes 1,2
join 35 and 180 score = 0.0 sizes 1,3
join 96 and 193 score = 0.0 sizes 1,1
join 96 and 100 score = 0.0 sizes 2,1
join 166 and 305 score = 0.006369426751592357 sizes 2,10
join 52 and 214 score = 0.006211180124223602 sizes 1,4
join 52 and 172 score = 0.0 sizes 5,1
join 8 and 99 score = 0.006024096385542169 sizes 1,3
join 51 and 64 score = 0.0 sizes 1,1
join 64 and 145 score = 0.0 sizes 2,1
join 56 and 308 score = 0.0 sizes 1,1
join 32 and 202 score = 0.0 sizes 1,1
join 9 and 270 score = 0.006134969325153374 sizes 8,7
join 72 and 156 score = 0.0 sizes 3,1
join 35 and 262 score = 0.0 sizes 4,1
join 175 and 209 score = 0.006756756756756757 sizes 1,9
join 22 and 32 score = 0.0 sizes 1,2
join 178 and 291 score = 0.00641025641025641 sizes 6,3
join 31 and 61 score = 0.005847953216374269 sizes 1,1
join 5 and 112 score = 0.0 sizes 1,3
join 235 and 296 score = 0.006493506493506494 sizes 4,1
join 127 and 183 score = 0.0 sizes 1,15
join 115 and 240 score = 0.005681818181818182 sizes 7,6
join 79 and 104 score = 0.00684931506849315 sizes 2,12
join 10 and 193 score = 0.0 sizes 1,3
join 197 and 213 score = 0.00625 sizes 1,2
join 69 and 119 score = 0.0 sizes 1,1
join 48 and 222 score = 0.0 sizes 1,5
join 130 and 262 score = 0.0 sizes 1,6
join 84 and 231 score = 0.011904761904761904 sizes 1,1
join 145 and 247 score = 0.00641025641025641 sizes 3,11
join 150 and 306 score = 0.00641025641025641 sizes 14,3
join 78 and 294 score = 0.0 sizes 1,1
join 20 and 165 score = 0.0 sizes 1,1
join 20 and 27 score = 0.0 sizes 2,1
join 91 and 157 score = 0.006622516556291391 sizes 4,4
join 185 and 211 score = 0.0 sizes 4,1
join 74 and 318 score = 0.0 sizes 1,1
join 158 and 269 score = 0.0 sizes 1,1
join 22 and 190 score = 0.0 sizes 3,1
join 11 and 37 score = 0.0 sizes 1,1
join 15 and 71 score = 0.0 sizes 1,4
join 48 and 229 score = 0.0 sizes 7,1
join 81 and 272 score = 0.007407407407407408 sizes 15,16
join 6 and 259 score = 0.0 sizes 1,14
join 51 and 197 score = 0.013245033112582781 sizes 17,3
join 122 and 159 score = 0.0 sizes 1,1
join 10 and 119 score = 0.0 sizes 4,2
join 215 and 220 score = 0.0 sizes 1,1
join 41 and 146 score = 0.006172839506172839 sizes 5,1
join 277 and 287 score = 0.0 sizes 1,4
join 161 and 277 score = 0.0 sizes 12,5
join 111 and 297 score = 0.012345679012345678 sizes 1,1
join 25 and 297 score = 0.006535947712418301 sizes 1,2
join 40 and 292 score = 0.008547008547008548 sizes 1,17
join 155 and 200 score = 0.0 sizes 1,1
join 155 and 182 score = 0.0 sizes 2,9
join 200 and 301 score = 0.012903225806451613 sizes 11,1
join 220 and 261 score = 0.0 sizes 2,1
join 159 and 261 score = 0.0 sizes 2,3
join 69 and 122 score = 0.0 sizes 6,5
join 123 and 231 score = 0.00641025641025641 sizes 8,2
All pairs
join 92 and 308 score = 0.006578947368421052 sizes 9,2
join 100 and 290 score = 0.0 sizes 11,1
join 116 and 311 score = 0.006060606060606061 sizes 1,5
join 147 and 239 score = 0.006024096385542169 sizes 5,3
join 172 and 205 score = 0.0 sizes 6,1
join 149 and 299 score = 0.0 sizes 1,1
join 43 and 165 score = 0.0 sizes 1,3
join 77 and 294 score = 0.0 sizes 1,2
join 175 and 187 score = 0.0 sizes 10,1
join 3 and 304 score = 0.01015228426395939 sizes 3,1
join 54 and 313 score = 0.0 sizes 1,5
join 50 and 267 score = 0.0 sizes 1,1
join 74 and 267 score = 0.0 sizes 2,2
join 15 and 162 score = 0.0 sizes 5,1
join 174 and 229 score = 0.0 sizes 1,8
join 133 and 194 score = 0.013422818791946308 sizes 1,1
join 43 and 312 score = 0.0 sizes 4,1
join 120 and 299 score = 0.0 sizes 1,2
join 149 and 245 score = 0.0 sizes 3,1
join 202 and 243 score = 0.0 sizes 4,1
join 24 and 216 score = 0.0 sizes 1,1
join 56 and 62 score = 0.015544041450777202 sizes 11,11
join 61 and 94 score = 0.012195121951219513 sizes 2,1
join 146 and 252 score = 0.013245033112582781 sizes 6,3
join 211 and 282 score = 0.0 sizes 8,1
join 190 and 206 score = 0.0 sizes 5,1
join 243 and 309 score = 0.0 sizes 6,1
join 6 and 227 score = 0.0 sizes 15,1
join 106 and 174 score = 0.0 sizes 9,9
join 54 and 158 score = 0.0 sizes 6,2
join 111 and 244 score = 0.0 sizes 3,1
join 187 and 312 score = 0.0 sizes 22,5
join 94 and 151 score = 0.019867549668874173 sizes 3,1
join 188 and 249 score = 0.0 sizes 1,1
join 285 and 296 score = 0.014084507042253521 sizes 1,5
join 5 and 31 score = 0.0 sizes 6,4
join 196 and 198 score = 0.0 sizes 6,1
join 127 and 260 score = 0.0125 sizes 31,13
join 1 and 301 score = 0.01818181818181818 sizes 1,12
join 29 and 151 score = 0.01948051948051948 sizes 1,10
join 88 and 124 score = 0.01775147928994083 sizes 1,1
join 45 and 269 score = 0.0 sizes 2,8
join 8 and 258 score = 0.01818181818181818 sizes 4,1
join 124 and 129 score = 0.01875 sizes 2,5
join 88 and 315 score = 0.01775147928994083 sizes 7,1
join 221 and 258 score = 0.022556390977443608 sizes 1,8
join 137 and 221 score = 0.022222222222222223 sizes 1,9
join 285 and 315 score = 0.0196078431372549 sizes 11,10
join 30 and 137 score = 0.028368794326241134 sizes 1,21
join 30 and 179 score = 0.020833333333333332 sizes 22,1
join 27 and 176 score = 0.0 sizes 27,1
join 186 and 290 score = 0.013605442176870748 sizes 20,12
join 25 and 280 score = 0.032467532467532464 sizes 4,1
join 44 and 245 score = 0.0 sizes 1,4
join 66 and 134 score = 0.03125 sizes 3,4
join 57 and 84 score = 0.023668639053254437 sizes 7,10
join 1 and 181 score = 0.03125 sizes 13,1
join 181 and 254 score = 0.03225806451612903 sizes 14,1
join 248 and 254 score = 0.0 sizes 1,15
join 266 and 274 score = 0.02727272727272727 sizes 16,44
join 207 and 227 score = 0.0 sizes 1,60
join 144 and 207 score = 0.0 sizes 1,61
join 236 and 298 score = 0.025 sizes 1,16
join 133 and 236 score = 0.02054794520547945 sizes 2,17
join 85 and 148 score = 0.03333333333333333 sizes 1,1
join 130 and 177 score = 0.0 sizes 18,1
join 167 and 212 score = 0.03571428571428571 sizes 1,1
join 34 and 131 score = 0.0 sizes 1,1
join 59 and 215 score = 0.0 sizes 1,32
join 11 and 59 score = 0.0 sizes 2,33
join 0 and 237 score = 0.03496503496503497 sizes 35,6
join 271 and 273 score = 0.03076923076923077 sizes 62,1
join 176 and 314 score = 0.038461538461538464 sizes 28,1
join 7 and 241 score = 0.03496503496503497 sizes 1,19
join 135 and 156 score = 0.03333333333333333 sizes 1,18
join 40 and 194 score = 0.030303030303030304 sizes 19,19
join 68 and 228 score = 0.034482758620689655 sizes 1,1
join 228 and 307 score = 0.034482758620689655 sizes 2,1
join 68 and 167 score = 0.03333333333333333 sizes 3,2
join 34 and 120 score = 0.03571428571428571 sizes 2,5
join 44 and 318 score = 0.034482758620689655 sizes 7,4
join 108 and 203 score = 0.04375 sizes 10,29
join 206 and 314 score = 0.038461538461538464 sizes 7,39
join 29 and 42 score = 0.03821656050955414 sizes 23,1
join 63 and 248 score = 0.03571428571428571 sizes 1,38
join 233 and 256 score = 0.034482758620689655 sizes 1,1
join 85 and 89 score = 0.034482758620689655 sizes 2,1
join 97 and 195 score = 0.04 sizes 1,1
join 65 and 89 score = 0.06666666666666667 sizes 1,3
join 50 and 282 score = 0.03571428571428571 sizes 11,9
join 118 and 304 score = 0.04430379746835443 sizes 20,17
join 73 and 148 score = 0.06896551724137931 sizes 1,4
join 244 and 249 score = 0.07142857142857142 sizes 5,2
join 131 and 177 score = 0.04 sizes 37,20
join 24 and 105 score = 0.06060606060606061 sizes 2,1
join 212 and 281 score = 0.10344827586206896 sizes 5,1
join 103 and 307 score = 0.034482758620689655 sizes 1,6
join 105 and 281 score = 0.06666666666666667 sizes 3,7
join 162 and 195 score = 0.09090909090909091 sizes 41,2
join 97 and 153 score = 0.07692307692307693 sizes 43,1
join 116 and 280 score = 0.06626506024096386 sizes 7,7
join 257 and 309 score = 0.1 sizes 1,46
join 78 and 257 score = 0.07142857142857142 sizes 3,47
join 77 and 153 score = 0.07142857142857142 sizes 50,44
join 73 and 103 score = 0.10714285714285714 sizes 5,10
join 58 and 256 score = 0.13333333333333333 sizes 1,2
join 58 and 128 score = 0.04 sizes 3,1
All pairs
join 121 and 225 score = 0.08 sizes 1,1
join 198 and 225 score = 0.08 sizes 14,2
join 144 and 233 score = 0.08333333333333333 sizes 63,4
join 37 and 128 score = 0.12 sizes 94,67
join 95 and 273 score = 0.16546762589928057 sizes 7,161
join 7 and 107 score = 0.14383561643835616 sizes 57,168
join 63 and 216 score = 0.13333333333333333 sizes 39,15
join 65 and 188 score = 0.14285714285714285 sizes 54,16
join 121 and 317 score = 0.0 sizes 70,225
join 42 and 135 score = 0.0 sizes 24,295
score = 3.7901951139961856
improvementE3 : -1799.3688744360727
improvementE1 : -1799.2368584549429
improvementE1 : -1799.2264050852198
improvementE1 : -1799.220861371148
improvementE2 : -1799.164615077037
improvementE2 : -1799.155390505175
improvementE3 : -1795.9922490656695
improvementE2 : -1795.9921906122509
improvementE3 : -1795.9708933200636
improvementE3 : -1795.9680043604008
improvementE2 : -1795.7636228449853
improvementE2 : -1795.7630276731345
improvementE1 : -1795.7626554885821
improvementE3 : -1795.711355481371
improvementE1 : -1795.7102695786498
improvementE1 : -1795.7098373391157
improvementE2 : -1795.7098362614738
improvementE3 : -1795.627426113391
improvementE2 : -1795.5867734171475
improvementE3 : -1795.5344023362343
improvementE3 : -1795.481438499204
improvementE3 : -1795.4551660147326
improvementE2 : -1795.386343247365
improvementE2 : -1795.3849706790998
improvementE1 : -1795.352367014067
improvementE1 : -1794.6745536945916
improvementE2 : -1794.4558298059599
improvementE2 : -1793.1774518726468
improvementE3 : -1793.1772704891207
improvementE1 : -1793.1767897994757
improvementE2 : -1792.259087217297
improvementE1 : -1792.191708819122
improvementE2 : -1792.0717368127175
improvementE2 : -1791.9307024557033
improvementE3 : -1791.9079407719069
improvementE3 : -1791.8062455797967
improvementE3 : -1785.981326455462
improvementE3 : -1785.9518092968954
improvementE2 : -1785.9517001529625
improvementE3 : -1785.9039013183376
improvementE2 : -1785.9010879797986
improvementE1 : -1785.8964264143017
improvementE2 : -1785.8963260776957
improvementE3 : -1785.8380712573708
improvementE3 : -1785.7662207630642
improvementE3 : -1785.7661801768882
improvementE3 : -1785.7661729668887
improvementE2 : -1785.3821089672958
improvementE2 : -1785.3741251986523
improvementE2 : -1785.3731399465519
improvementE2 : -1754.9664021200053
improvementE2 : -1754.9661478226426
improvementE1 : -1754.9273066854364
improvementE2 : -1754.927228519886
improvementE3 : -1754.3311579201186
improvementE2 : -1686.1413388918622
improvementE3 : -1686.1398583852292
improvementE1 : -1686.1392622437127
improvementE1 : -1686.139260854483
improvementE2 : -1686.1384140535151
improvementE3 : -1686.1213178887454
improvementE1 : -1686.0904233614315
improvementE3 : -1685.2274588988876
improvementE3 : -1685.22174287011
improvementE1 : -1685.2216772500747
improvementE2 : -1685.221615927463
improvementE3 : -1684.2718811477134
improvementE3 : -1684.2704287820918
improvementE1 : -1684.2679594892538
improvementE1 : -1682.7658348315406
improvementE1 : -1682.7652483596382
improvementE2 : -1677.4386977587014
improvementE3 : -1677.1191091311357
improvementE3 : -1677.1162687211834
improvementE2 : -1677.1153543976334
improvementE3 : -1676.9509212851397
improvementE2 : -1676.9509162070149
improvementE1 : -1676.9506694258807
improvementE3 : -1676.9499240765858
improvementE2 : -1676.7786626747686
improvementE2 : -1676.5831096483976
improvementE3 : -1676.5535461452068
improvementE1 : -1676.4734078110512
improvementE3 : -1676.4467276891296
improvementE3 : -1676.4212295481211
improvementE2 : -1676.4211629226781
improvementE3 : -1676.4189890455675
improvementE3 : -1676.4122042888207
improvementE1 : -1676.4120426195616
improvementE2 : -1676.4119621109671
improvementE3 : -1676.4119599188296
improvementE2 : -1676.411719083884
improvementE1 : -1676.411669193265
improvementE2 : -1674.411514365879
improvementE3 : -1674.4114626058176
improvementE1 : -1674.4113644825698
improvementE3 : -1672.7815587573964
improvementE2 : -1671.7866788797774
improvementE3 : -1671.7850033837196
improvementE3 : -1671.769191423747
improvementE1 : -1671.764536925443
improvementE2 : -1671.764388077277
improvementE2 : -1671.7643855041147
improvementE2 : -1671.0284127213893
improvementE3 : -1671.0284043900308
improvementE1 : -1671.021739032665
improvementE2 : -1671.0217372147954
improvementE3 : -1669.2862538142804
improvementE1 : -1669.2862042962374
improvementE3 : -1668.8049563887096
improvementE1 : -1664.689634065956
improvementE2 : -1664.6896037813578
improvementE2 : -1664.6830635007527
improvementE2 : -1662.2571722489586
improvementE2 : -1659.1489011811657
improvementE2 : -1659.1308058625566
improvementE1 : -1659.130754664326
improvementE2 : -1659.1296635866545
improvementE3 : -1659.0784472758523
improvementE1 : -1658.1209873530302
improvementE2 : -1622.6155429673554
improvementE3 : -1622.6152025108531
improvementE3 : -1622.5785599128142
improvementE1 : -1622.5001865682093
improvementE3 : -1622.500183712444
improvementE3 : -1622.4922754889553
improvementE1 : -1622.3414175151493
improvementE2 : -1622.3413936148845
improvementE3 : -1621.3901620799684
improvementE2 : -1612.6022673264092
improvementE1 : -1612.5383406588205
improvementE3 : -1612.0042887300633
improvementE3 : -1612.0018371221686
improvementE3 : -1606.0527311664569
improvementE2 : -1605.9679775574173
improvementE2 : -1605.9647342295325
improvementE3 : -1605.9523455960593
improvementE3 : -1604.2116481405042
improvementE3 : -1604.2111402282321
improvementE3 : -1603.0906814601449
improvementE1 : -1603.0906556960235
improvementE3 : -1599.5188260687648
improvementE3 : -1599.3832515224333
improvementE1 : -1598.701294888285
improvementE2 : -1598.642961485201
improvementE3 : -1596.260067019809
improvementE3 : -1596.260043521018
improvementE1 : -1596.260029286807
improvementE3 : -1596.2597651739675
improvementE2 : -1596.259694833585
improvementE3 : -1596.2596232538504
improvementE3 : -1596.2587278262035
improvementE1 : -1596.2587219951665
improvementE2 : -1596.2583719020195
improvementE3 : -1596.2580780838666
improvementE3 : -1596.1845856045015
improvementE2 : -1596.0361848519274
improvementE1 : -1595.8968734463533
improvementE2 : -1595.896792880725
improvementE2 : -1595.6342935133755
improvementE3 : -1593.9930027938212
improvementE2 : -1593.9929610743338
improvementE3 : -1593.9699850454272
improvementE1 : -1593.969858762154
improvementE1 : -1593.9698549607199
improvementE1 : -1593.969587363354
improvementE2 : -1593.9695145489686
improvementE2 : -1589.9221218248322
improvementE3 : -1589.5744410242287
improvementE2 : -1589.5738751010254
improvementE3 : -1589.5738717606828
improvementE3 : -1589.5706360063239
improvementE3 : -1589.5614513415292
improvementE2 : -1589.561426665458
improvementE3 : -1585.5474845557828
improvementE3 : -1585.4889549631864
improvementE3 : -1585.4337910547963
improvementE2 : -1585.4248781396097
improvementE1 : -1585.4241959939736
improvementE2 : -1584.4846666024014
improvementE1 : -1584.438462474026
improvementE1 : -1580.5191712459884
improvementE3 : -1578.1559924363848
improvementE3 : -1578.1559880593754
improvementE3 : -1578.1559861978176
improvementE1 : -1578.1488706138484
improvementE3 : -1578.1471196086704
improvementE3 : -1578.1451446768976
improvementE2 : -1578.1451402744692
improvementE3 : -1578.1450388259427
improvementE2 : -1578.1450197111085
improvementE1 : -1578.143949559497
improvementE3 : -1573.9498266205374
improvementE1 : -1573.949449417904
improvementE1 : -1573.9235904002103
improvementE2 : -1573.923587878711
improvementE3 : -1573.9235240385065
improvementE2 : -1573.9234607026901
improvementE3 : -1573.9233903877835
improvementE3 : -1570.2685892538657
improvementE3 : -1570.268579083016
improvementE1 : -1570.2685611833588
improvementE3 : -1570.105706461965
improvementE3 : -1570.0537785628599
improvementE2 : -1569.1437710583632
improvementE3 : -1569.1431035757992
improvementE3 : -1564.4212430375287
improvementE2 : -1564.4212270561366
improvementE2 : -1564.420965280348
improvementE3 : -1560.515494309076
improvementE3 : -1560.50014309587
improvementE3 : -1560.5001378628353
improvementE1 : -1560.4982552441775
improvementE1 : -1560.4580138483082
improvementE1 : -1560.4320895355258
improvementE1 : -1560.4283411045408
improvementE2 : -1560.38577279567
improvementE3 : -1560.3794776858517
improvementE3 : -1560.3734407691682
improvementE2 : -1560.3734258185027
improvementE1 : -1556.9013444166908
improvementE2 : -1556.9006675963014
improvementE1 : -1556.9000473532965
improvementE3 : -1556.899577206318
improvementE1 : -1556.8995477952744
improvementE1 : -1556.8995463359975
improvementE2 : -1556.8994390592186
improvementE3 : -1556.8993206504006
improvementE3 : -1556.8968831506832
improvementE3 : -1556.8347083439085
improvementE3 : -1554.8371331428914
improvementE3 : -1554.8371006848092
improvementE1 : -1554.8370979065285
improvementE1 : -1554.8370965433537
improvementE3 : -1550.5214080117812
improvementE2 : -1550.5214021680176
improvementE2 : -1548.3031149368953
improvementE2 : -1548.303027947537
improvementE1 : -1548.300863736683
improvementE2 : -1547.8410735206935
improvementE1 : -1547.8410614674997
improvementE3 : -1547.8409832091822
improvementE1 : -1547.8329029009774
improvementE3 : -1547.8071599577045
improvementE3 : -1547.8071502149628
improvementE3 : -1547.806777547833
improvementE2 : -1544.7822415016985
improvementE1 : -1544.7514870669975
improvementE2 : -1544.7506054331166
improvementE1 : -1544.7504566302473
improvementE2 : -1544.7504535891244
improvementE3 : -1544.0630063909098
improvementE3 : -1544.0505764516365
improvementE2 : -1544.0495514110469
improvementE3 : -1532.9289561451474
improvementE2 : -1532.928941530166
improvementE1 : -1532.9288869615168
improvementE3 : -1532.9284555746385
improvementE1 : -1532.928442696217
improvementE1 : -1532.928098427651
improvementE3 : -1532.9280335050983
improvementE2 : -1532.928031850366
improvementE3 : -1532.9251402119912
improvementE3 : -1532.3982636107562
improvementE1 : -1532.3977337502763
improvementE1 : -1532.3705319484554
improvementE3 : -1532.370459103829
improvementE3 : -1532.369750435403
improvementE3 : -1532.3684669467432
improvementE2 : -1532.361666480158
improvementE2 : -1532.361642398152
improvementE3 : -1532.360474669421
improvementE1 : -1532.3596938924652
improvementE2 : -1532.3595439401656
improvementE3 : -1531.6346826662111
improvementE1 : -1531.557641422728
improvementE3 : -1531.5511237924425
improvementE3 : -1531.5416273693618
improvementE3 : -1531.5043972482922
improvementE2 : -1531.5042915647753
improvementE2 : -1531.5041278864778
improvementE3 : -1531.5040700182044
improvementE3 : -1531.5032781510631
improvementE3 : -1531.502619184418
improvementE1 : -1531.5024856168473
improvementE3 : -1531.5024447978367
improvementE2 : -1493.8131830091788
improvementE1 : -1493.813170331473
improvementE2 : -1492.4596979846583
improvementE1 : -1492.4592282886506
improvementE2 : -1492.458625960403
improvementE1 : -1492.4586236743946
improvementE3 : -1492.4539525284436
improvementE1 : -1492.452860144833
improvementE3 : -1491.1234452014114
improvementE1 : -1491.1234398862457
improvementE2 : -1490.4471225858788
improvementE2 : -1490.4471210938782
improvementE2 : -1490.4443041936142
improvementE2 : -1489.4497376339848
improvementE3 : -1488.3720756455618
improvementE3 : -1488.3616586154085
improvementE1 : -1488.3613662915877
improvementE2 : -1485.7563704810107
improvementE3 : -1485.7562795200142
improvementE3 : -1481.108467229492
improvementE3 : -1481.099605009288
improvementE1 : -1481.0861726044639
improvementE1 : -1481.081143652157
improvementE2 : -1481.0811358405476
improvementE1 : -1481.0732528026097
improvementE3 : -1480.9661134444978
improvementE1 : -1480.5624435497805
improvementE2 : -1480.559907496252
improvementE2 : -1480.5598489708646
improvementE2 : -1480.5598472289173
improvementE2 : -1480.559808443453
improvementE2 : -1480.5598065377203
improvementE1 : -1480.5597928826173
improvementE3 : -1480.5588421716332
improvementE3 : -1480.5587960867297
improvementE2 : -1480.5587298228074
improvementE2 : -1480.55869970014
improvementE3 : -1477.823578492309
improvementE1 : -1477.7975299117088
improvementE3 : -1477.797518243813
improvementE2 : -1475.8286466498762
improvementE1 : -1475.8285214741827
improvementE1 : -1472.7605763865067
improvementE3 : -1471.4588418401177
improvementE2 : -1471.4588099238467
improvementE1 : -1471.457684329118
improvementE1 : -1471.270051415565
improvementE2 : -1471.2660393404492
improvementE1 : -1471.266036307978
improvementE2 : -1471.2660261413425
improvementE2 : -1471.262263166809
improvementE1 : -1471.262255910402
improvementE3 : -1470.3375007861573
improvementE3 : -1469.5613488099987
improvementE1 : -1469.5305219595716
improvementE3 : -1469.530358107651
improvementE2 : -1469.530341195221
improvementE2 : -1463.0205924684228
improvementE1 : -1463.0205667529613
improvementE2 : -1463.0141711098267
improvementE1 : -1463.0141104349932
improvementE3 : -1463.0129289628426
improvementE3 : -1463.0125950685392
improvementE3 : -1463.0001058742318
improvementE2 : -1463.0001019979527
improvementE3 : -1462.9989344858345
improvementE1 : -1462.9988778318816
improvementE3 : -1462.9963058756255
improvementE3 : -1462.9962417421712
improvementE3 : -1462.8250736878153
improvementE2 : -1462.8246079801283
improvementE1 : -1462.8240509503607
improvementE2 : -1462.8239691428835
improvementE3 : -1462.8239636012663
improvementE2 : -1462.262111742782
improvementE2 : -1462.2621062516464
improvementE2 : -1462.260672899877
improvementE3 : -1462.2606566149088
improvementE3 : -1461.955266287863
improvementE2 : -1461.9552536947986
improvementE3 : -1461.9549959419674
improvementE3 : -1423.5262288257732
improvementE3 : -1421.2850597675401
improvementE3 : -1421.2849574438737
improvementE2 : -1420.9440923222267
improvementE3 : -1420.725307585667
improvementE1 : -1420.7253020818614
improvementE1 : -1420.722428421488
improvementE3 : -1420.6720671203768
improvementE3 : -1420.6672892785123
improvementE1 : -1420.650449599822
improvementE1 : -1420.650448375639
improvementE3 : -1417.6918768192772
improvementE3 : -1414.335964475592
improvementE2 : -1414.335690300573
improvementE2 : -1414.3348668542953
improvementE2 : -1414.3346361118702
improvementE1 : -1414.3287348300896
improvementE2 : -1414.326356543258
improvementE1 : -1414.3263486271105
improvementE2 : -1414.3249928844864
improvementE3 : -1412.7848693274796
improvementE3 : -1409.3272539698678
improvementE1 : -1405.6015336513922
improvementE3 : -1405.58869447994
improvementE3 : -1405.5886920211426
improvementE1 : -1404.132579906764
improvementE1 : -1404.132311548929
improvementE3 : -1404.132276783234
improvementE2 : -1404.1317396878965
improvementE1 : -1404.1022519297744
improvementE1 : -1402.495043298587
improvementE3 : -1402.4940741237629
improvementE2 : -1402.4940583787418
improvementE1 : -1402.494056781014
improvementE3 : -1393.7524607504774
improvementE1 : -1393.7523173216196
improvementE3 : -1393.7523162594325
improvementE3 : -1391.765513569719
improvementE1 : -1391.7655107816136
improvementE2 : -1391.7342453751742
improvementE1 : -1391.7329441087072
improvementE3 : -1390.2328336290561
improvementE1 : -1390.2310464958628
improvementE2 : -1390.2310287715025
improvementE2 : -1390.2310047470191
improvementE1 : -1390.230901525661
improvementE3 : -1390.230741275433
improvementE1 : -1390.0640105481893
improvementE1 : -1389.9943670961384
improvementE3 : -1389.99433839506
improvementE3 : -1389.9942670279909
improvementE1 : -1389.9941497050054
improvementE3 : -1389.9941455036746
improvementE2 : -1389.985553843107
improvementE3 : -1388.504850958922
improvementE3 : -1388.2088383835173
improvementE1 : -1388.205561210857
improvementE2 : -1387.911035263969
improvementE3 : -1387.9110313142687
improvementE2 : -1386.9468920908523
improvementE1 : -1386.9468896526996
improvementE3 : -1386.9349126348457
improvementE1 : -1386.9341666814043
improvementE3 : -1384.6014204942967
improvementE1 : -1384.6012288424613
improvementE3 : -1384.601190027981
improvementE3 : -1384.5942111755926
improvementE2 : -1384.593779462355
improvementE2 : -1384.5937706866466
improvementE1 : -1384.5937513205504
improvementE3 : -1384.5937093366651
improvementE2 : -1384.1458327886712
improvementE3 : -1384.145809149807
improvementE3 : -1384.1456105313732
improvementE3 : -1384.1276539291111
improvementE1 : -1384.1276509529444
improvementE2 : -1384.1075096471839
improvementE2 : -1384.1074866100082
improvementE1 : -1384.1072925674998
improvementE3 : -1384.080714562956
improvementE3 : -1384.0618520193548
improvementE2 : -1384.061790409938
improvementE3 : -1384.0594334670195
improvementE2 : -1384.0593335353512
improvementE3 : -1384.0582799897345
improvementE2 : -1384.0566902427
improvementE2 : -1384.0359042193088
improvementE1 : -1383.9823939659152
improvementE3 : -1383.9822111229146
improvementE1 : -1383.9822082201313
improvementE2 : -1383.9822070750586
improvementE3 : -1383.9816125272928
improvementE2 : -1383.8546325277312
improvementE1 : -1383.849497478645
improvementE2 : -1370.5538768941292
improvementE1 : -1370.553843650279
improvementE1 : -1370.553683845243
improvementE2 : -1370.5532313656308
improvementE2 : -1370.532316929508
improvementE2 : -1370.5322005543394
improvementE3 : -1365.9110871903667
improvementE3 : -1365.9109221410117
improvementE3 : -1363.577663432107
improvementE3 : -1363.576450414263
improvementE3 : -1363.5747070014681
improvementE1 : -1363.5746728758168
improvementE2 : -1363.5419495214578
improvementE1 : -1363.539523757152
improvementE2 : -1363.539448708094
improvementE3 : -1363.5182656279303
improvementE1 : -1363.0260836634661
improvementE3 : -1363.025776052662
improvementE1 : -1363.0257618344376
improvementE3 : -1359.983315226531
improvementE1 : -1359.9722893862256
improvementE3 : -1359.9683495530794
improvementE3 : -1359.9682965795832
improvementE1 : -1359.9682812140798
improvementE3 : -1359.966115673084
improvementE1 : -1359.9660937242943
improvementE1 : -1357.9958912610005
improvementE3 : -1357.9958836353971
improvementE1 : -1357.995855806129
improvementE3 : -1357.995836999906
improvementE1 : -1350.795959424426
improvementE1 : -1350.7959532762538
improvementE1 : -1350.7959337395482
improvementE3 : -1350.181644818303
improvementE1 : -1350.1815211488265
improvementE1 : -1350.1814414003843
improvementE2 : -1350.1813965111573
improvementE2 : -1350.1813136953342
improvementE2 : -1350.1812759962265
improvementE2 : -1350.1812696796098
improvementE3 : -1350.154715034557
improvementE1 : -1350.1547132150433
improvementE2 : -1350.1544386976648
improvementE1 : -1350.154406238017
improvementE3 : -1350.1474247592903
improvementE1 : -1350.1474196358542
improvementE3 : -1350.1474151084772
improvementE3 : -1350.1474114197947
improvementE3 : -1350.1474094441328
improvementE3 : -1350.147404048762
improvementE3 : -1350.14726946786
improvementE1 : -1349.9767196368362
improvementE2 : -1349.976568388279
improvementE1 : -1349.976565338776
improvementE3 : -1349.9765545123287
improvementE1 : -1349.9764357243348
improvementE3 : -1340.9699226034527
improvementE1 : -1334.2318037689106
improvementE3 : -1334.2318024677706
improvementE1 : -1330.9612826107416
improvementE3 : -1327.6748919050801
improvementE3 : -1327.6711804218398
improvementE1 : -1327.6711645256055
improvementE2 : -1327.671022487832
improvementE3 : -1327.1173595780056
improvementE3 : -1327.117358375839
improvementE3 : -1327.1139248089498
improvementE3 : -1327.1139217135683
improvementE2 : -1327.1139081253586
improvementE1 : -1327.113595458203
improvementE1 : -1327.1128641990197
improvementE2 : -1274.4530864862652
improvementE3 : -1274.4530573317948
improvementE1 : -1274.4530414207918
improvementE2 : -1274.3817046383335
improvementE2 : -1274.3319416693207
improvementE2 : -1273.9718980467533
improvementE2 : -1273.8864620785666
improvementE1 : -1273.886439727911
improvementE3 : -1266.3273924892014
improvementE2 : -1266.3273913529638
improvementE1 : -1266.3268126420808
improvementE3 : -1266.3267907850177
improvementE3 : -1266.29204689153
improvementE1 : -1266.2920455883511
improvementE3 : -1266.2920070019945
improvementE2 : -1266.2919903821448
improvementE2 : -1266.2919625188151
improvementE3 : -1266.2919604809977
improvementE1 : -1266.290054461238
improvementE3 : -1266.290007124494
improvementE3 : -1266.2895545552105
improvementE3 : -1266.0213347744102
improvementE1 : -1266.0210903418097
improvementE3 : -1266.0206938010174
improvementE1 : -1265.0231216968264
improvementE2 : -1265.0231064068475
improvementE2 : -1265.0231044749678
improvementE3 : -1264.9761030343714
improvementE3 : -1264.9761003678332
improvementE2 : -1264.4584436750447
improvementE1 : -1262.2494926855911
improvementE1 : -1262.2494797521506
improvementE1 : -1262.0612692402465
improvementE3 : -1262.0593751131426
improvementE2 : -1262.057083369172
improvementE3 : -1262.0570795570043
improvementE3 : -1262.0561117226798
improvementE3 : -1262.0561080004084
improvementE3 : -1262.0499404124002
improvementE1 : -1262.0499386747033
improvementE1 : -1262.027761414668
improvementE2 : -1262.0277396270408
improvementE2 : -1262.0277149896326
improvementE1 : -1261.8984246660539
improvementE1 : -1261.8980658256812
improvementE2 : -1261.8942444871452
improvementE3 : -1261.8933735663886
improvementE1 : -1261.1708739433714
improvementE3 : -1261.1705933026533
improvementE2 : -1261.170542085254
improvementE3 : -1261.1695487624547
improvementE1 : -1261.1692283642624
improvementE2 : -1261.1175801014483
improvementE3 : -1261.1175781199988
improvementE2 : -1261.1051543545486
improvementE3 : -1261.1051529597087
improvementE1 : -1261.10515081827
improvementE1 : -1261.1048308068557
improvementE1 : -1261.1046999627274
improvementE3 : -1260.5054495081465
improvementE3 : -1260.4762410039114
improvementE3 : -1260.4761163536655
improvementE3 : -1260.4759082794978
improvementE2 : -1260.4758659214176
improvementE1 : -1260.4758600112027
improvementE3 : -1260.4733035860042
improvementE3 : -1260.4732352815272
improvementE3 : -1260.4550760303962
improvementE1 : -1260.4548734284258
improvementE1 : -1258.5195559235292
improvementE1 : -1258.517568137635
improvementE1 : -1258.5175655437235
improvementE1 : -1258.5006153272495
improvementE1 : -1258.500541082487
improvementE1 : -1258.5003768450867
improvementE2 : -1258.5003737172074
improvementE2 : -1258.4672275645062
improvementE2 : -1258.464356045194
improvementE2 : -1258.464352231771
improvementE1 : -1257.2650905886521
improvementE2 : -1257.2650533713845
improvementE2 : -1257.261392779851
improvementE2 : -1257.2561141947633
improvementE2 : -1257.2560956223656
improvementE2 : -1255.1809249988864
improvementE3 : -1255.1809185714624
improvementE3 : -1253.1051448741007
improvementE2 : -1253.1051159116967
improvementE3 : -1252.9768642710337
improvementE1 : -1252.9674245879169
improvementE1 : -1252.9668308968517
improvementE2 : -1252.9668293416944
improvementE2 : -1250.2625189462638
improvementE2 : -1250.2613292383269
improvementE3 : -1250.2612639805884
improvementE3 : -1250.0582833744606
improvementE1 : -1246.5593154751896
improvementE2 : -1246.5591585212312
improvementE1 : -1246.5590328554817
improvementE2 : -1246.5589934988116
improvementE2 : -1246.5589579984942
improvementE1 : -1246.5585666725228
improvementE2 : -1246.5190989145722
improvementE1 : -1246.5190977137327
improvementE1 : -1246.5190955369053
improvementE2 : -1246.5176773638968
improvementE3 : -1246.517046426351
improvementE2 : -1246.481169197087
improvementE2 : -1246.4811564549364
improvementE2 : -1245.5331124978654
improvementE1 : -1245.5328894465297
improvementE2 : -1241.0253068212223
improvementE3 : -1241.0253026168207
improvementE1 : -1241.0246059427225
improvementE1 : -1241.0245177256352
improvementE3 : -1241.0235096050874
improvementE3 : -1241.0235062723436
improvementE2 : -1241.0123057125397
improvementE3 : -1241.012303196942
improvementE3 : -1241.012270472505
improvementE1 : -1241.0121833955259
improvementE1 : -1241.0121787243654
improvementE1 : -1241.0120503541473
improvementE1 : -1241.0120454151374
improvementE2 : -1240.9690574411584
improvementE1 : -1240.9690509880625
improvementE3 : -1240.9690422638287
improvementE1 : -1240.9690377441398
improvementE3 : -1240.968879388769
improvementE3 : -1236.3237401812376
improvementE3 : -1236.3237363489009
improvementE2 : -1236.3216352558609
improvementE2 : -1236.3216029630084
improvementE3 : -1236.2736661912859
improvementE3 : -1236.2564549547992
improvementE3 : -1236.1792937907048
improvementE1 : -1236.1790127895654
improvementE2 : -1236.1788002859282
improvementE3 : -1236.1773876793372
improvementE2 : -1236.1773844984314
improvementE3 : -1236.1773456476244
improvementE2 : -1235.50733796849
improvementE1 : -1235.5072101880583
improvementE1 : -1235.5072090934495
improvementE1 : -1235.5071139167462
improvementE3 : -1235.0775163603132
improvementE3 : -1235.0607090385201
improvementE3 : -1235.0606999855415
improvementE1 : -1235.0606723924764
improvementE3 : -1235.0606709247952
improvementE3 : -1235.0606666580493
improvementE3 : -1235.060664232886
improvementE3 : -1235.0606582740684
improvementE2 : -1235.060656846947
improvementE3 : -1235.0606533033006
improvementE2 : -1235.0600602984694
improvementE2 : -1235.0600534061878
improvementE3 : -1235.0589274504396
improvementE2 : -1235.0589188570348
improvementE3 : -1235.058914952921
improvementE3 : -1235.0589128751244
improvementE2 : -1235.058859108513
improvementE1 : -1235.0588573079049
improvementE2 : -1234.2305745931963
improvementE3 : -1234.1590860239914
improvementE2 : -1234.1590492390153
improvementE1 : -1234.1589750941394
improvementE1 : -1234.1588713014644
improvementE1 : -1234.1588572239823
improvementE3 : -1234.1588541245526
improvementE3 : -1234.1588494307398
improvementE2 : -1234.1585258646269
improvementE2 : -1234.1585207611677
improvementE2 : -1226.5159355220144
improvementE1 : -1226.5142602987337
improvementE2 : -1225.954077185176
improvementE3 : -1225.9531671688637
improvementE2 : -1225.9531630362683
improvementE1 : -1225.953146197413
improvementE1 : -1225.9521836924462
improvementE1 : -1225.952091429382
improvementE3 : -1225.9495370635805
improvementE2 : -1225.9495337029148
improvementE3 : -1225.9477903348097
improvementE1 : -1225.9477828614217
improvementE3 : -1225.9474504836749
improvementE3 : -1225.9474360597287
improvementE1 : -1225.9474308031176
improvementE1 : -1225.9474131107145
improvementE3 : -1225.0625884781991
improvementE1 : -1225.0623871760827
improvementE2 : -1224.0646324787317
improvementE1 : -1224.0645986461545
improvementE3 : -1224.0645749204887
improvementE2 : -1224.0645614054679
improvementE3 : -1224.064489962076
improvementE2 : -1224.0644889321024
improvementE3 : -1223.968046487121
improvementE2 : -1223.9679399369193
improvementE1 : -1223.9671161014585
improvementE2 : -1223.9658165455633
improvementE3 : -1223.9657344052405
improvementE2 : -1223.9655643080173
improvementE2 : -1223.9654091536404
improvementE3 : -1223.9654037073178
improvementE1 : -1223.9648550809345
improvementE2 : -1223.9648533051932
improvementE1 : -1223.963175333331
improvementE1 : -1223.9631711914658
improvementE1 : -1223.961939976156
improvementE2 : -1223.9602535298022
improvementE2 : -1223.9602445091894
improvementE1 : -1223.9598130439274
improvementE3 : -1223.9597995494507
improvementE3 : -1223.9597915144645
improvementE1 : -1223.958736220634
improvementE1 : -1223.9587340494322
improvementE1 : -1223.5675010543237
improvementE2 : -1223.5674793381945
improvementE3 : -1223.5667563371408
improvementE3 : -1223.5667552134923
improvementE1 : -1223.5667283276186
improvementE1 : -1223.5667019132457
improvementE3 : -1223.5654617943665
improvementE2 : -1223.5654541826289
improvementE3 : -1223.565449867068
improvementE3 : -1223.5654257442393
improvementE3 : -1223.56397559567
improvementE2 : -1218.847793859076
improvementE3 : -1218.8477913332213
improvementE2 : -1218.8475106156427
improvementE2 : -1218.8475028040311
improvementE2 : -1218.8473596037843
improvementE1 : -1218.8421560352922
improvementE3 : -1218.8393865791973
improvementE1 : -1218.839334668711
improvementE2 : -1218.839299469758
improvementE1 : -1218.8183004953116
improvementE1 : -1218.815898249029
improvementE3 : -1218.8138806421716
improvementE1 : -1218.813831548067
improvementE3 : -1218.8137723053774
improvementE1 : -1218.8135768022253
improvementE2 : -1218.8135702464285
improvementE1 : -1218.8134039406277
improvementE2 : -1216.4696990940197
improvementE3 : -1216.4682173963274
improvementE3 : -1216.468129574862
improvementE3 : -1216.468127713838
improvementE1 : -1216.4681236367796
improvementE3 : -1216.4680469614023
improvementE1 : -1216.468044234377
improvementE3 : -1216.4678843484328
improvementE1 : -1216.4678733590836
improvementE3 : -1216.467861843556
improvementE1 : -1216.467832240781
improvementE3 : -1216.4678025344294
improvementE2 : -1216.467764810022
improvementE2 : -1216.459585506424
improvementE3 : -1216.4594899769336
improvementE3 : -1209.0379877365415
improvementE1 : -1208.9945810714416
improvementE3 : -1208.9945644015002
improvementE3 : -1208.9945586590102
improvementE1 : -1208.9934862813252
improvementE2 : -1208.993483958147
improvementE1 : -1208.993462152137
improvementE3 : -1208.9933077702028
improvementE1 : -1208.9932876976807
improvementE3 : -1208.9922107053276
improvementE1 : -1208.9922082973708
improvementE1 : -1208.99213520471
improvementE3 : -1208.9921245515384
improvementE3 : -1208.9912715586001
improvementE2 : -1208.9912705509741
improvementE3 : -1208.9846609834826
improvementE3 : -1208.9846436237535
improvementE2 : -1208.9846365833032
improvementE2 : -1208.9846338415737
improvementE1 : -1206.2116215405445
improvementE3 : -1206.211238478233
improvementE3 : -1206.211156409043
improvementE3 : -1206.2111550511136
improvementE2 : -1206.2097230853728
improvementE3 : -1205.6807365662141
improvementE1 : -1205.6805431601724
improvementE2 : -1205.6654325463373
improvementE1 : -1205.6654295321619
improvementE3 : -1205.6647480357067
improvementE1 : -1205.664668220582
improvementE1 : -1205.6646066486232
improvementE3 : -1205.1616174581231
improvementE3 : -1205.1616149277622
improvementE1 : -1204.4256683190197
improvementE3 : -1204.4256641113984
improvementE3 : -1204.4228611146302
improvementE2 : -1204.4217435392804
improvementE3 : -1204.4215730039696
improvementE1 : -1204.4215714007578
improvementE1 : -1204.4215645104546
improvementE3 : -1204.4149611131234
improvementE3 : -1204.4048783144317
improvementE2 : -1204.4048709492379
improvementE3 : -1204.4025847625724
improvementE3 : -1204.4019649239103
improvementE3 : -1196.654030072149
improvementE1 : -1196.6531587482414
improvementE2 : -1196.6530508728233
improvementE1 : -1196.6530376089759
improvementE1 : -1196.6528479993635
improvementE2 : -1196.6527673550277
improvementE3 : -1196.6527588177798
improvementE3 : -1196.6525097965618
improvementE2 : -1196.6525059488254
improvementE3 : -1196.6523986420939
improvementE2 : -1196.6523956381843
improvementE3 : -1196.6523801628864
improvementE3 : -1196.6523757344908
improvementE1 : -1196.6523743422556
improvementE3 : -1196.6523683135133
improvementE1 : -1196.6523655512267
improvementE2 : -1196.6523628604098
improvementE1 : -1196.6521503901313
improvementE3 : -1196.65193488526
improvementE1 : -1196.6018229944002
improvementE2 : -1196.6017959516705
improvementE3 : -1196.5936586888026
improvementE3 : -1196.5936572383848
improvementE2 : -1196.5936503453897
improvementE3 : -1192.7960506887475
improvementE1 : -1192.7960449512912
improvementE1 : -1192.796000325413
improvementE2 : -1192.7956867716948
improvementE3 : -1192.7955155108943
improvementE2 : -1192.7955124138473
improvementE3 : -1192.7949617249433
improvementE3 : -1192.7949384528815
improvementE2 : -1192.794695929903
improvementE3 : -1192.7946869921118
improvementE1 : -1192.7946805999723
improvementE2 : -1192.7798721483828
improvementE2 : -1192.7798545702751
improvementE1 : -1192.7795868219573
improvementE3 : -1192.7795831291983
improvementE3 : -1192.779580266052
improvementE1 : -1192.7795780767688
improvementE3 : -1192.7795575474852
improvementE2 : -1192.77946496114
improvementE3 : -1192.7789568607193
improvementE3 : -1192.6513381162567
improvementE3 : -1192.6504651644375
improvementE3 : -1192.6500153330194
improvementE2 : -1192.6482181857893
improvementE2 : -1192.6482159876
improvementE2 : -1192.648207808108
improvementE1 : -1192.648206636561
improvementE1 : -1177.338597938755
improvementE2 : -1177.3385952936087
improvementE1 : -1177.3385884743402
improvementE1 : -1177.3384139468499
improvementE2 : -1177.3384089490687
improvementE3 : -1177.338403053835
improvementE2 : -1177.3381306052415
improvementE2 : -1177.33812053674
improvementE1 : -1177.3210115829393
improvementE2 : -1177.3209891513163
improvementE2 : -1177.320980689552
improvementE3 : -1177.3205825585428
improvementE3 : -1177.320580627626
improvementE1 : -1177.320442998769
improvementE1 : -1176.8217599456304
improvementE3 : -1176.821752967763
improvementE3 : -1176.821683332213
improvementE1 : -1176.8216224187631
improvementE3 : -1176.8216194902752
improvementE3 : -1176.8215880103505
improvementE2 : -1176.821069229754
improvementE3 : -1176.8209239313087
improvementE1 : -1176.7887266272865
improvementE3 : -1176.7883814138622
improvementE3 : -1176.7883624162769
improvementE1 : -1176.3740989628495
improvementE1 : -1176.3740422653827
improvementE2 : -1176.372927208657
improvementE2 : -1172.6244041579675
improvementE2 : -1172.624341398574
improvementE1 : -1172.6243237676708
improvementE3 : -1172.624322439794
improvementE2 : -1172.624305583572
improvementE2 : -1172.6233542134783
improvementE1 : -1169.71565734971
improvementE1 : -1169.7156432493896
improvementE3 : -1165.8643349755835
improvementE2 : -1165.8643163260251
improvementE3 : -1165.8642631219986
improvementE1 : -1162.616794088538
improvementE3 : -1162.616678566069
improvementE2 : -1162.616672651001
improvementE1 : -1162.6166708843948
improvementE3 : -1162.6166676287148
improvementE2 : -1162.6166423812265
improvementE1 : -1162.6166262814427
improvementE1 : -1162.6165841114594
improvementE1 : -1162.616573937055
improvementE3 : -1162.6165543124307
improvementE3 : -1158.8431410204614
improvementE2 : -1158.7934712151618
improvementE3 : -1158.7934600852873
improvementE3 : -1158.7855721057058
improvementE2 : -1158.7855640070766
improvementE2 : -1158.7855566295357
improvementE2 : -1158.7855516972313
improvementE2 : -1158.7855488428493
improvementE2 : -1158.7855436677332
improvementE3 : -1158.7852510705811
improvementE2 : -1158.7849617435459
improvementE1 : -1158.7849541202506
improvementE1 : -1158.7849487252993
improvementE2 : -1158.7842478006319
improvementE3 : -1158.7842231778543
improvementE1 : -1158.784221374509
improvementE3 : -1154.8243700075714
improvementE2 : -1154.8242565048502
improvementE1 : -1154.8241969042515
improvementE3 : -1154.7819883596703
improvementE3 : -1154.7817135435982
improvementE3 : -1154.7817059468623
improvementE2 : -1154.7817022081017
improvementE2 : -1154.7816947784727
improvementE3 : -1154.7816869107828
improvementE1 : -1154.781639960137
improvementE3 : -1154.7816140401687
improvementE2 : -1154.7815713032146
improvementE3 : -1154.781464287466
improvementE2 : -1154.6179300684657
improvementE3 : -1151.5597435365246
improvementE3 : -1151.5595198708763
improvementE3 : -1151.5591198046327
improvementE1 : -1151.558666034354
improvementE3 : -1151.558664797897
improvementE2 : -1151.558530287497
improvementE1 : -1151.5585102934592
improvementE3 : -1151.5585053795921
improvementE2 : -1151.5584900493
improvementE1 : -1151.5584542458985
improvementE3 : -1151.5576332890707
improvementE1 : -1151.557565194984
improvementE3 : -1151.5575109303832
improvementE1 : -1151.5575046098907
improvementE3 : -1151.557367794133
improvementE1 : -1151.5570316889048
improvementE1 : -1151.5566480674743
improvementE3 : -1151.556358489399
improvementE1 : -1147.6965032064732
improvementE2 : -1147.6964997987343
improvementE2 : -1144.9795941110522
improvementE3 : -1144.9774412846937
improvementE3 : -1144.8935548237857
improvementE2 : -1144.893549525944
improvementE2 : -1144.8935220834428
improvementE3 : -1144.8934846745715
improvementE2 : -1144.8934796533117
improvementE2 : -1144.8934475406409
improvementE3 : -1144.8933611600128
improvementE2 : -1144.7801649143614
improvementE3 : -1144.7785137483434
improvementE3 : -1144.7570735381942
improvementE2 : -1143.6841085515382
improvementE1 : -1143.6840956263964
improvementE2 : -1143.6840307100492
improvementE1 : -1143.6840289272475
improvementE1 : -1143.6840225483334
improvementE2 : -1143.678825440998
improvementE1 : -1143.678824352109
improvementE1 : -1143.6787280337744
improvementE1 : -1143.6783671662224
improvementE1 : -1142.44412214811
improvementE1 : -1142.4439807922884
improvementE1 : -1142.4439686331239
improvementE1 : -1142.4438143481416
improvementE3 : -1142.4438053217236
improvementE3 : -1142.441054050422
improvementE3 : -1142.441052675049
improvementE3 : -1142.441045204563
improvementE2 : -1142.4404528826017
improvementE2 : -1142.4404490748946
improvementE1 : -1142.4404437880496
improvementE3 : -1142.4403873619117
improvementE2 : -1142.4403386742188
improvementE3 : -1142.4402984669744
improvementE1 : -1142.4401883251953
improvementE3 : -1142.4401727036766
improvementE3 : -1142.4401709390577
improvementE3 : -1142.436738823757
improvementE3 : -1136.531190742013
improvementE2 : -1136.5311875856737
improvementE3 : -1136.5310601019273
improvementE2 : -1136.4886470878048
improvementE3 : -1136.488621555808
improvementE3 : -1136.3043782285972
improvementE2 : -1136.3043705974064
improvementE2 : -1136.3043691086625
improvementE3 : -1136.3043323320524
improvementE3 : -1135.813587472277
improvementE3 : -1135.8135603003727
improvementE1 : -1135.8135278473733
improvementE3 : -1135.8134368373976
improvementE3 : -1135.8131307661438
improvementE1 : -1135.8129789574095
improvementE1 : -1132.365953158901
improvementE1 : -1132.3645052657803
improvementE1 : -1132.3644842232243
improvementE3 : -1132.3644649048897
improvementE3 : -1132.3644612113649
improvementE1 : -1132.3644601686985
improvementE1 : -1132.3642416457492
improvementE3 : -1132.3642401261482
improvementE2 : -1132.356659949609
improvementE2 : -1132.356614142193
improvementE1 : -1132.356611334755
improvementE1 : -1132.3566096637553
improvementE1 : -1132.355561310611
improvementE3 : -1132.3555581475907
improvementE2 : -1132.3555564889589
improvementE3 : -1132.3555553343163
improvementE1 : -1132.3555499167892
improvementE3 : -1132.355545808433
improvementE1 : -1132.3555405081383
improvementE2 : -1132.3555378665008
improvementE2 : -1132.3555304787565
improvementE1 : -1132.35552781134
improvementE2 : -1132.3555208626233
improvementE3 : -1132.3544576764593
improvementE2 : -1132.354455919191
improvementE1 : -1132.3544531045527
improvementE2 : -1132.3539778416925
improvementE1 : -1132.3539699757825
improvementE3 : -1132.3538817909077
improvementE3 : -1132.3538799352586
improvementE3 : -1132.3538781897773
improvementE3 : -1132.3538740252461
improvementE2 : -1132.3206069670277
improvementE1 : -1132.3205959057532
improvementE2 : -1132.3201971464152
improvementE1 : -1132.319718613569
improvementE1 : -1132.319717543182
improvementE3 : -1132.3196885512773
improvementE3 : -1132.3196866198691
improvementE2 : -1132.3196840691296
improvementE2 : -1131.3554861929615
improvementE2 : -1131.3554817673844
improvementE2 : -1131.3554378206786
improvementE2 : -1131.3554355449573
improvementE2 : -1131.322908570544
improvementE1 : -1131.3229071882092
improvementE2 : -1131.3210147613652
improvementE3 : -1131.3210134677067
improvementE2 : -1131.3209888794604
improvementE3 : -1131.3050044899917
improvementE3 : -1131.3049440031232
improvementE1 : -1131.3049185426667
improvementE2 : -1131.304903615919
improvementE1 : -1131.304895165742
improvementE2 : -1131.3047881790262
improvementE3 : -1131.3044309454203
improvementE2 : -1131.3044194533563
improvementE2 : -1131.3044033334313
improvementE2 : -1131.3043923500659
improvementE2 : -1131.3043646184842
improvementE1 : -1131.304363349932
improvementE1 : -1131.3042843073165
improvementE1 : -1131.3041970374395
improvementE3 : -1131.3041749710665
improvementE3 : -1131.30410711752
improvementE1 : -1131.3032941239078
improvementE1 : -1131.3030115300771
improvementE2 : -1131.3029070376474
improvementE3 : -1131.302888650279
improvementE3 : -1131.302885239573
improvementE1 : -1131.302880747548
improvementE1 : -1131.3028759408433
improvementE3 : -1131.302844318513
improvementE3 : -1131.3028313399022
improvementE3 : -1131.3028280869903
improvementE3 : -1131.3028257272642
improvementE3 : -1131.3028216382222
improvementE1 : -1131.3027512718922
improvementE3 : -1131.3027485477328
improvementE3 : -1131.3027358291906
improvementE2 : -1131.3027232951667
improvementE1 : -1131.3027211649332
logL = -8233.00202783821
Removing 0 markers
Second round
improvementE1 : -1131.3026954013687
improvementE3 : -1127.497367033503
improvementE3 : -1127.4973650298832
improvementE2 : -1127.4972346271716
improvementE3 : -1127.495933602265
improvementE2 : -1127.4959324829713
improvementE3 : -1127.4958827846967
improvementE2 : -1127.495881063849
improvementE1 : -1127.495873115728
improvementE2 : -1127.4958713443636
improvementE3 : -1127.4956752663682
improvementE3 : -1123.619220339232
improvementE2 : -1123.6192115680299
improvementE2 : -1123.6191827750415
improvementE3 : -1123.6191807119142
improvementE2 : -1123.599293196483
improvementE1 : -1123.5991947017706
improvementE3 : -1123.599140883846
improvementE2 : -1123.5991375919589
improvementE2 : -1123.5991291672685
improvementE3 : -1123.5991202082414
improvementE2 : -1123.599102856031
improvementE2 : -1123.5990886177433
improvementE2 : -1123.5990484227207
improvementE3 : -1123.5988731173134
improvementE1 : -1123.5988719268958
improvementE3 : -1123.5988635753179
improvementE2 : -1123.598859672535
improvementE3 : -1123.5988535083006
improvementE1 : -1123.598851924362
improvementE2 : -1123.5988231361866
improvementE3 : -1123.5988198871325
improvementE1 : -1123.5988170017772
improvementE3 : -1123.5988154115885
improvementE2 : -1123.5988138361788
improvementE1 : -1123.5987076698418
improvementE2 : -1123.5986976686067
improvementE3 : -1123.5985963635144
improvementE1 : -1123.5985942155548
improvementE1 : -1123.59857541236
improvementE3 : -1123.5983787469422
improvementE2 : -1123.5983735304305
improvementE2 : -1123.5983692323819
improvementE1 : -1123.5983679220897
improvementE2 : -1123.5981926424317
improvementE1 : -1123.581633522568
improvementE2 : -1123.5772922210645
improvementE1 : -1123.577102497004
improvementE1 : -1123.574764894618
improvementE2 : -1123.574761277569
improvementE1 : -1123.574732636294
improvementE2 : -1123.5747225845976
improvementE3 : -1123.574457050177
improvementE2 : -1123.5744230809707
improvementE3 : -1123.5744159152998
improvementE3 : -1123.5731213122347
improvementE2 : -1123.5720913598043
improvementE3 : -1123.5720455199776
improvementE1 : -1123.5683836294002
improvementE1 : -1123.568331819748
improvementE2 : -1123.5682899970018
improvementE3 : -1123.5682764498606
improvementE1 : -1123.4908969974158
improvementE1 : -1123.490863921359
improvementE3 : -1123.4908601498296
improvementE1 : -1123.4818829297046
improvementE3 : -1123.4818663940564
improvementE1 : -1123.4612295955794
improvementE3 : -1123.4612209720692
improvementE3 : -1123.4612199139292
improvementE2 : -1123.4612087927776
improvementE1 : -1123.4612062052797
improvementE1 : -1123.450600828427
improvementE3 : -1123.437951203143
improvementE1 : -1123.4379487522092
improvementE1 : -1123.4281801953925
improvementE2 : -1123.4277155708905
improvementE1 : -1123.4277051328195
improvementE3 : -1123.4249307887126
improvementE2 : -1123.4238624357777
improvementE2 : -1123.4237368479796
improvementE3 : -1123.4235536876356
improvementE2 : -1123.4235488272805
improvementE2 : -1123.4235258810718
improvementE1 : -1123.4233454918303
