0->0 : 0
0->1 : 0
0->2 : 0
       Error rate = 0.0
1->0 : 0
1->1 : 0
1->2 : 0
       Error rate = 0.0
2->0 : 0
2->1 : 0
2->2 : 0
       Error rate = 0.0
0,2->0,2 : 1338190
  0,2->1 : 0
1,2->1,2 : 0
  1,2->0 : 0
       Error rate = 0.0
Maternally informative markers = 0 (of 12194)
Paternally informative markers = 12194
Maternally or paternally informative markers = 12194
Removed 0 children
Removed 0 markers
Number of LGs = 37
***Family = fam_08 chromosome = 16 numMarkers = 286 maternal informative markers 0 (paternal informative markers 286)
***Family = fam_01 chromosome = 16 numMarkers = 286 maternal informative markers 0 (paternal informative markers 286)
***Family = fam_09 chromosome = 16 numMarkers = 286 maternal informative markers 0 (paternal informative markers 286)
286->226
226->226
All pairs
join 154 and 155 score = 0.0 sizes 1,1
join 95 and 181 score = 0.0 sizes 1,1
join 89 and 159 score = 0.0 sizes 1,1
join 106 and 107 score = 0.0 sizes 1,1
join 74 and 170 score = 0.0 sizes 1,1
join 109 and 113 score = 0.0 sizes 1,1
join 54 and 201 score = 0.0 sizes 1,1
join 80 and 153 score = 0.0 sizes 1,1
join 81 and 153 score = 0.0 sizes 1,2
join 70 and 154 score = 0.0 sizes 1,2
join 131 and 205 score = 0.0 sizes 1,1
join 58 and 59 score = 0.0 sizes 1,1
join 52 and 80 score = 0.0 sizes 1,3
join 81 and 192 score = 0.0 sizes 4,1
join 33 and 144 score = 0.0 sizes 1,1
join 52 and 160 score = 0.0 sizes 5,1
join 120 and 160 score = 0.0 sizes 1,6
join 72 and 144 score = 0.0 sizes 1,2
join 59 and 72 score = 0.0 sizes 2,3
join 33 and 157 score = 0.0 sizes 5,1
join 58 and 198 score = 0.0 sizes 6,1
join 82 and 109 score = 0.0 sizes 1,2
join 113 and 122 score = 0.0 sizes 3,1
join 152 and 169 score = 0.0 sizes 1,1
join 152 and 205 score = 0.0 sizes 2,2
join 47 and 68 score = 0.0 sizes 1,1
join 2 and 70 score = 0.0 sizes 1,3
join 133 and 192 score = 0.0 sizes 1,7
join 120 and 150 score = 0.0 sizes 8,1
join 47 and 211 score = 0.0 sizes 2,1
join 83 and 128 score = 0.0 sizes 1,1
join 65 and 104 score = 0.0 sizes 1,1
join 3 and 65 score = 0.0 sizes 1,2
join 19 and 129 score = 0.0 sizes 1,1
join 19 and 100 score = 0.0 sizes 2,1
join 12 and 201 score = 0.0 sizes 1,2
join 74 and 188 score = 0.0 sizes 2,1
join 10 and 134 score = 0.0 sizes 1,1
join 15 and 134 score = 0.0 sizes 1,2
join 161 and 199 score = 0.0 sizes 1,1
join 23 and 161 score = 0.0 sizes 1,2
join 186 and 221 score = 0.0 sizes 1,1
join 2 and 159 score = 0.0 sizes 4,2
join 104 and 194 score = 0.0 sizes 3,1
join 3 and 54 score = 0.0 sizes 4,3
join 12 and 44 score = 0.0 sizes 7,1
join 82 and 123 score = 0.0 sizes 4,1
join 26 and 199 score = 0.0 sizes 1,3
join 23 and 185 score = 0.0 sizes 4,1
join 123 and 194 score = 0.0 sizes 5,8
join 0 and 95 score = 0.0 sizes 1,2
join 0 and 182 score = 0.0 sizes 3,1
join 118 and 182 score = 0.0 sizes 1,4
join 118 and 136 score = 0.0 sizes 5,1
join 14 and 162 score = 0.0 sizes 1,1
join 14 and 176 score = 0.0 sizes 2,1
join 96 and 114 score = 0.0 sizes 1,1
join 79 and 99 score = 0.0 sizes 1,1
join 79 and 156 score = 0.0 sizes 2,1
join 67 and 170 score = 0.0 sizes 1,3
join 76 and 188 score = 0.0 sizes 1,4
join 151 and 207 score = 0.0 sizes 1,1
join 151 and 186 score = 0.0 sizes 2,2
join 105 and 164 score = 0.0 sizes 1,1
join 75 and 78 score = 0.0 sizes 1,1
join 202 and 211 score = 0.0 sizes 1,3
join 131 and 139 score = 0.0 sizes 4,1
join 36 and 207 score = 0.0 sizes 1,4
join 22 and 122 score = 0.0 sizes 1,13
join 1 and 22 score = 0.0 sizes 1,14
join 1 and 115 score = 0.0 sizes 15,1
join 13 and 183 score = 0.0 sizes 1,1
join 41 and 141 score = 0.0 sizes 1,1
join 148 and 214 score = 0.0 sizes 1,1
join 96 and 225 score = 0.0 sizes 2,1
join 26 and 210 score = 0.0 sizes 5,1
join 62 and 185 score = 0.0 sizes 1,6
join 13 and 78 score = 0.0 sizes 2,2
join 11 and 116 score = 0.0 sizes 1,1
join 166 and 198 score = 0.0 sizes 1,7
join 29 and 61 score = 0.0 sizes 1,1
join 61 and 85 score = 0.0 sizes 2,1
join 44 and 55 score = 0.0 sizes 16,1
join 28 and 176 score = 0.0 sizes 1,3
join 136 and 169 score = 0.0 sizes 6,5
join 64 and 175 score = 0.0 sizes 1,1
join 87 and 187 score = 0.0 sizes 1,1
join 67 and 128 score = 0.0 sizes 5,2
join 11 and 39 score = 0.0 sizes 2,1
join 145 and 163 score = 0.0 sizes 1,1
join 49 and 66 score = 0.0 sizes 1,1
join 66 and 145 score = 0.0 sizes 2,2
join 68 and 165 score = 0.006493506493506494 sizes 4,1
join 89 and 143 score = 0.0 sizes 6,1
join 29 and 99 score = 0.006289308176100629 sizes 3,3
join 141 and 212 score = 0.0 sizes 2,1
join 97 and 146 score = 0.0 sizes 1,1
join 97 and 101 score = 0.0 sizes 2,1
join 40 and 60 score = 0.0 sizes 1,1
join 32 and 40 score = 0.0 sizes 1,2
join 221 and 222 score = 0.006578947368421052 sizes 5,1
join 117 and 222 score = 0.0 sizes 1,6
join 166 and 214 score = 0.006622516556291391 sizes 8,2
join 90 and 191 score = 0.0 sizes 1,1
join 90 and 193 score = 0.0 sizes 2,1
join 100 and 191 score = 0.006097560975609756 sizes 3,3
join 148 and 156 score = 0.0064516129032258064 sizes 10,6
join 87 and 101 score = 0.0 sizes 2,3
join 75 and 107 score = 0.006060606060606061 sizes 4,2
join 158 and 213 score = 0.0 sizes 1,1
join 10 and 137 score = 0.0 sizes 3,1
join 50 and 117 score = 0.0 sizes 1,7
join 6 and 187 score = 0.0 sizes 1,5
join 173 and 181 score = 0.005649717514124294 sizes 1,11
join 32 and 139 score = 0.005917159763313609 sizes 3,12
join 105 and 127 score = 0.0 sizes 2,1
join 111 and 140 score = 0.0 sizes 1,1
join 6 and 86 score = 0.0 sizes 6,1
join 102 and 132 score = 0.006024096385542169 sizes 1,1
join 94 and 132 score = 0.0 sizes 1,2
join 218 and 219 score = 0.0 sizes 1,1
join 111 and 112 score = 0.0 sizes 2,1
join 38 and 112 score = 0.0 sizes 1,3
join 124 and 223 score = 0.0 sizes 1,1
join 116 and 121 score = 0.006134969325153374 sizes 3,1
join 98 and 146 score = 0.0 sizes 1,7
join 184 and 203 score = 0.0 sizes 1,1
join 49 and 203 score = 0.0 sizes 4,2
join 163 and 179 score = 0.0 sizes 6,1
join 210 and 218 score = 0.0 sizes 7,2
join 193 and 206 score = 0.010869565217391304 sizes 6,1
join 20 and 206 score = 0.0 sizes 1,7
join 18 and 69 score = 0.0 sizes 1,1
join 4 and 137 score = 0.0 sizes 1,4
join 18 and 173 score = 0.0 sizes 2,15
join 142 and 155 score = 0.006289308176100629 sizes 1,7
join 143 and 183 score = 0.011764705882352941 sizes 8,6
join 197 and 216 score = 0.0 sizes 1,1
join 216 and 217 score = 0.0 sizes 2,1
join 94 and 208 score = 0.0 sizes 3,1
join 184 and 223 score = 0.0 sizes 7,2
join 115 and 178 score = 0.006896551724137931 sizes 17,1
join 55 and 60 score = 0.01282051282051282 sizes 18,17
join 135 and 213 score = 0.0 sizes 1,2
join 108 and 126 score = 0.0 sizes 1,1
join 114 and 168 score = 0.013513513513513514 sizes 3,1
join 142 and 168 score = 0.006329113924050633 sizes 14,4
join 4 and 149 score = 0.0 sizes 5,1
join 21 and 108 score = 0.0 sizes 1,2
All pairs
join 150 and 175 score = 0.006134969325153374 sizes 9,2
join 86 and 174 score = 0.0 sizes 8,1
join 165 and 224 score = 0.0 sizes 5,1
join 42 and 125 score = 0.0 sizes 1,1
join 37 and 46 score = 0.0 sizes 1,1
join 125 and 167 score = 0.0 sizes 2,1
join 110 and 224 score = 0.0 sizes 1,6
join 85 and 202 score = 0.014184397163120567 sizes 16,7
join 30 and 196 score = 0.0 sizes 1,1
join 51 and 190 score = 0.0 sizes 1,1
join 77 and 190 score = 0.0 sizes 1,2
join 9 and 51 score = 0.0 sizes 1,3
join 25 and 204 score = 0.0 sizes 1,1
join 25 and 179 score = 0.0 sizes 2,9
join 119 and 158 score = 0.0 sizes 1,3
join 37 and 119 score = 0.0 sizes 2,4
join 126 and 219 score = 0.0 sizes 3,9
join 50 and 133 score = 0.0 sizes 8,11
join 69 and 177 score = 0.0 sizes 35,1
join 177 and 200 score = 0.0 sizes 36,1
join 31 and 36 score = 0.0 sizes 1,19
join 48 and 140 score = 0.0 sizes 1,4
join 130 and 220 score = 0.0 sizes 1,1
join 27 and 56 score = 0.0 sizes 1,1
join 27 and 196 score = 0.0 sizes 2,2
join 204 and 215 score = 0.0 sizes 11,1
join 209 and 215 score = 0.0 sizes 1,12
join 24 and 209 score = 0.0 sizes 1,13
join 24 and 43 score = 0.0 sizes 14,1
join 91 and 225 score = 0.0 sizes 1,18
join 84 and 157 score = 0.012658227848101266 sizes 1,23
join 103 and 217 score = 0.0 sizes 1,3
join 21 and 127 score = 0.0 sizes 12,3
join 31 and 149 score = 0.0 sizes 20,6
join 15 and 102 score = 0.013071895424836602 sizes 26,4
join 16 and 180 score = 0.0 sizes 1,1
join 30 and 189 score = 0.0 sizes 4,1
join 174 and 200 score = 0.0 sizes 9,37
join 20 and 48 score = 0.0 sizes 8,5
join 39 and 129 score = 0.02142857142857143 sizes 4,13
join 17 and 73 score = 0.0 sizes 1,1
join 106 and 197 score = 0.022727272727272728 sizes 19,4
join 8 and 172 score = 0.0 sizes 1,1
join 71 and 124 score = 0.0 sizes 1,15
join 76 and 138 score = 0.0 sizes 7,1
join 71 and 180 score = 0.03333333333333333 sizes 16,2
join 64 and 135 score = 0.03731343283582089 sizes 30,6
join 7 and 63 score = 0.0 sizes 1,1
join 5 and 57 score = 0.03333333333333333 sizes 1,1
join 7 and 110 score = 0.038461538461538464 sizes 2,24
join 53 and 172 score = 0.041666666666666664 sizes 1,2
join 43 and 212 score = 0.038461538461538464 sizes 18,3
join 46 and 130 score = 0.0 sizes 36,2
join 138 and 220 score = 0.04 sizes 8,38
join 92 and 178 score = 0.04294478527607362 sizes 1,46
join 91 and 98 score = 0.034482758620689655 sizes 23,47
join 93 and 195 score = 0.038461538461538464 sizes 1,1
join 35 and 195 score = 0.0625 sizes 1,2
join 45 and 189 score = 0.038461538461538464 sizes 1,5
join 16 and 56 score = 0.041666666666666664 sizes 21,6
join 34 and 38 score = 0.05 sizes 1,17
join 35 and 63 score = 0.0625 sizes 3,26
join 93 and 167 score = 0.07692307692307693 sizes 29,3
join 41 and 121 score = 0.08280254777070063 sizes 27,18
join 42 and 45 score = 0.06896551724137931 sizes 32,45
join 147 and 208 score = 0.04 sizes 1,46
join 17 and 53 score = 0.09090909090909091 sizes 2,3
join 9 and 88 score = 0.07692307692307693 sizes 4,1
join 77 and 103 score = 0.1111111111111111 sizes 5,70
join 28 and 92 score = 0.10303030303030303 sizes 4,75
All pairs
join 83 and 84 score = 0.10559006211180125 sizes 47,77
join 34 and 57 score = 0.24 sizes 124,2
join 162 and 171 score = 0.19444444444444445 sizes 79,1
join 5 and 73 score = 0.0 sizes 126,5
join 8 and 171 score = 0.0 sizes 131,80
join 62 and 147 score = 0.0 sizes 15,211
score = 2.051294967740733
improvementE1 : -1239.8003456636711
improvementE3 : -1239.7984102905148
improvementE1 : -1238.3524503526055
improvementE3 : -1235.5165338172706
improvementE1 : -1235.2367624251856
improvementE3 : -1235.228969463309
improvementE3 : -1231.0013965466105
improvementE2 : -1231.001088487125
improvementE3 : -1230.9330412980148
improvementE2 : -1230.923570642523
improvementE3 : -1230.9232435742692
improvementE2 : -1230.3639879702
improvementE2 : -1211.0502605575284
improvementE2 : -1211.050140512951
improvementE3 : -1211.0496790750778
improvementE2 : -1210.1785299883222
improvementE1 : -1210.1175338348212
improvementE3 : -1210.1174838122383
improvementE2 : -1210.088636607869
improvementE2 : -1209.8819317158993
improvementE2 : -1209.881929531639
improvementE1 : -1207.783370866296
improvementE3 : -1207.78262177828
improvementE1 : -1207.7269339960694
improvementE3 : -1206.8657480743361
improvementE3 : -1206.8555514746417
improvementE2 : -1206.849502291785
improvementE3 : -1206.8483066528352
improvementE2 : -1206.8437553323308
improvementE2 : -1206.8432794644932
improvementE3 : -1206.7945323887175
improvementE1 : -1206.794531209005
improvementE2 : -1206.7904159984737
improvementE1 : -1206.79031067171
improvementE3 : -1206.7902666935952
improvementE1 : -1206.790109951669
improvementE3 : -1206.6503911197915
improvementE3 : -1203.8338983376234
improvementE2 : -1203.183970745924
improvementE3 : -1203.1323733850732
improvementE1 : -1202.8159690258217
improvementE3 : -1202.4086628598357
improvementE3 : -1201.878561026553
improvementE2 : -1191.4726387948108
improvementE2 : -1191.4725593504304
improvementE3 : -1191.0514159241193
improvementE3 : -1190.9628317851043
improvementE3 : -1190.9628281014645
improvementE2 : -1190.9221125282995
improvementE2 : -1161.9995852411982
improvementE2 : -1161.9991668341445
improvementE3 : -1161.9991638923057
improvementE1 : -1161.99915351706
improvementE2 : -1161.9990845295038
improvementE3 : -1161.9990834413143
improvementE1 : -1161.9989568670685
improvementE1 : -1161.981406525917
improvementE3 : -1161.9151895187824
improvementE2 : -1161.915187382846
improvementE2 : -1161.9148784467993
improvementE3 : -1161.9143280602689
improvementE2 : -1161.910325656499
improvementE2 : -1161.9082639318449
improvementE3 : -1161.9082536051162
improvementE3 : -1161.908252473763
improvementE2 : -1161.8318986618888
improvementE2 : -1161.8103300813682
improvementE2 : -1161.8102377236783
improvementE3 : -1161.8099063153818
improvementE1 : -1161.8096357752484
improvementE1 : -1161.8096304040328
improvementE2 : -1161.773321854782
improvementE3 : -1161.770393355092
improvementE1 : -1158.3526843007162
improvementE1 : -1158.2399693966206
improvementE2 : -1153.271041562792
improvementE2 : -1136.3615042396973
improvementE2 : -1134.3151942649995
improvementE1 : -1134.28332041477
improvementE2 : -1134.2520284622105
improvementE2 : -1134.2514815293996
improvementE3 : -1134.2512415051447
improvementE2 : -1134.25060305208
improvementE2 : -1134.2475593191061
improvementE1 : -1134.2473709178748
improvementE1 : -1130.9366760661774
improvementE2 : -1130.8388273943228
improvementE3 : -1130.838818834301
improvementE3 : -1130.837614319843
improvementE3 : -1130.8375511017252
improvementE1 : -1130.8017963509978
improvementE1 : -1130.8017110928074
improvementE3 : -1128.5253831180303
improvementE2 : -1128.489832991118
improvementE1 : -1128.4285347607436
improvementE1 : -1128.4207457496661
improvementE2 : -1128.4205645621114
improvementE2 : -1128.379064191624
improvementE3 : -1128.3603309206437
improvementE1 : -1128.3552726133173
improvementE2 : -1126.544808275872
improvementE3 : -1126.534823752016
improvementE3 : -1126.5347152259228
improvementE1 : -1126.5346931561207
improvementE1 : -1126.534420336609
improvementE1 : -1126.53420791007
improvementE3 : -1118.5942909855148
improvementE2 : -1118.5941131766097
improvementE1 : -1112.2548750972128
improvementE1 : -1112.254772753226
improvementE1 : -1112.2388269570831
improvementE3 : -1112.2375686499238
improvementE2 : -1112.237311612843
improvementE1 : -1112.2178007200541
improvementE2 : -1112.1539021586227
improvementE2 : -1110.7954445000632
improvementE2 : -1110.7954407423726
improvementE2 : -1110.525563889721
improvementE2 : -1110.5244070197882
improvementE2 : -1109.3695085940808
improvementE1 : -1109.337964181933
improvementE1 : -1109.0348284185914
improvementE2 : -1109.034352169317
improvementE1 : -1105.8238425801146
improvementE1 : -1105.8002868950234
improvementE2 : -1105.7696524369546
improvementE1 : -1105.7686117958024
improvementE3 : -1105.7686039751286
improvementE2 : -1105.7292856115375
improvementE1 : -1105.7292748025402
improvementE3 : -1105.728405899933
improvementE3 : -1105.728404874604
improvementE2 : -1105.72671384962
improvementE3 : -1105.492517244289
improvementE2 : -1105.4909515345996
improvementE2 : -1095.0985454861043
improvementE2 : -1095.0984283157168
improvementE1 : -1095.0984071969265
improvementE3 : -1093.767212317141
improvementE1 : -1093.767195298124
improvementE1 : -1093.7662645645428
improvementE3 : -1093.766245174559
improvementE2 : -1093.7658697036898
improvementE3 : -1093.765835142795
improvementE1 : -1093.7651513817768
improvementE2 : -1093.678794206079
improvementE1 : -1093.6787548652082
improvementE3 : -1093.6753888488715
improvementE2 : -1093.6482068202654
improvementE1 : -1093.6481176442421
improvementE2 : -1093.64811625117
improvementE2 : -1090.8182402393581
improvementE1 : -1090.8182224123382
improvementE3 : -1090.8149586352738
improvementE3 : -1090.8110827075334
improvementE3 : -1053.1078114593702
improvementE2 : -1053.1078091332113
improvementE3 : -1053.1043426261272
improvementE3 : -1053.1010964199445
improvementE3 : -1053.063097773948
improvementE1 : -1053.061518297979
improvementE2 : -1053.0352855796673
improvementE2 : -1053.0349540976645
improvementE1 : -1053.0345214399133
improvementE1 : -1053.0344096303788
improvementE2 : -1052.9259254163194
improvementE3 : -1052.7873878657663
improvementE3 : -1051.7873877323295
improvementE1 : -1051.7873210927023
improvementE3 : -1051.7867905419625
improvementE3 : -1051.786776321333
improvementE3 : -1051.7864958217162
improvementE3 : -1051.7856886272614
improvementE1 : -1051.760982492412
improvementE3 : -1051.7609811165432
improvementE1 : -1051.7486848650324
improvementE3 : -1051.748673367769
improvementE1 : -1051.7484152524194
improvementE3 : -1051.7463253586093
improvementE1 : -1051.7463207112196
improvementE2 : -1047.8721227012406
improvementE2 : -1047.8583377469618
improvementE3 : -1047.8569006721168
improvementE3 : -1047.8567206089956
improvementE2 : -1047.7809396251964
improvementE2 : -1047.780905374948
improvementE2 : -1047.7808945169818
improvementE2 : -1041.642117902214
improvementE1 : -1041.6420062179695
improvementE3 : -1041.6406015542398
improvementE3 : -1041.6385922400202
improvementE3 : -1041.3784446959753
improvementE3 : -1028.3865958575739
improvementE1 : -1027.626515402692
improvementE1 : -1027.6263359528098
improvementE3 : -1016.6140307523498
improvementE2 : -1016.613254534
improvementE3 : -1013.3432098695753
improvementE2 : -1013.3432026340734
improvementE3 : -1013.3431161855551
improvementE1 : -1013.3430963822897
improvementE3 : -1013.3400187354812
improvementE3 : -999.4095309813596
improvementE3 : -999.4095275387593
improvementE3 : -999.2582789241046
improvementE3 : -999.2450912997942
improvementE1 : -999.2444024039704
improvementE2 : -999.2443942768655
improvementE1 : -999.0215183638634
improvementE2 : -999.0167993271358
improvementE1 : -999.0167979924876
improvementE2 : -999.0167878839636
improvementE1 : -999.0162011345589
improvementE2 : -999.0107845302028
improvementE1 : -999.0107134948578
improvementE3 : -999.0105632006217
improvementE3 : -998.0366603647375
improvementE3 : -997.9878755061528
improvementE2 : -997.9738954155057
improvementE1 : -997.973681997969
improvementE2 : -997.9730853218709
improvementE3 : -994.9256629962002
improvementE3 : -994.9233341358558
improvementE3 : -994.92304939574
improvementE1 : -994.9230483867002
improvementE1 : -994.9230332879827
improvementE3 : -994.8831961200164
improvementE2 : -994.8831843674404
improvementE2 : -994.8831143344783
improvementE3 : -994.8830677453711
improvementE1 : -994.882285132888
improvementE1 : -994.8822768539818
improvementE3 : -994.8820041114479
improvementE2 : -994.8820013615772
improvementE3 : -941.1085329348275
improvementE3 : -941.1074374802307
improvementE2 : -941.1064322561956
improvementE2 : -940.2993678660329
improvementE2 : -940.2993449200062
improvementE2 : -940.2990637593321
improvementE1 : -940.2990003438854
improvementE2 : -940.2989978227811
improvementE3 : -940.2989849420625
improvementE2 : -940.2989688125648
improvementE3 : -940.276783329653
improvementE2 : -940.2713089108848
improvementE2 : -940.2656172745014
improvementE1 : -940.2425323842115
improvementE3 : -940.242146337586
improvementE1 : -940.241948404519
improvementE3 : -940.2417423950386
improvementE3 : -940.241702290935
improvementE3 : -940.0848952792322
improvementE2 : -939.9865582739948
improvementE1 : -939.9840714807627
improvementE1 : -939.3777886812233
improvementE3 : -939.3777866123814
improvementE3 : -939.3564246007544
improvementE1 : -939.3564002373517
improvementE1 : -939.3128206912523
improvementE3 : -939.31195607601
improvementE3 : -934.1411857313853
improvementE2 : -934.0438702167083
improvementE3 : -934.0434201248738
improvementE3 : -934.0402738172203
improvementE3 : -934.0402697257673
improvementE2 : -934.037704440547
improvementE1 : -934.037667935855
improvementE3 : -934.0209011870338
improvementE3 : -934.0208835348345
improvementE2 : -934.0208768201151
improvementE2 : -934.019158231892
improvementE2 : -934.019048317412
improvementE2 : -934.0188817181923
improvementE3 : -934.018821219654
improvementE3 : -932.5910053249605
improvementE3 : -932.5909779780519
improvementE3 : -932.5908573914226
improvementE1 : -932.5653499824462
improvementE2 : -932.5653448505187
improvementE3 : -932.5653368447634
improvementE1 : -932.4917393139389
improvementE3 : -932.4917257772518
improvementE3 : -932.4879036251575
improvementE3 : -932.4871875726271
improvementE2 : -928.146601014412
improvementE3 : -928.1465774942295
improvementE3 : -924.1182223184982
improvementE1 : -924.1180251330177
improvementE3 : -924.1180218097845
improvementE3 : -924.118009861423
improvementE1 : -924.1179326406544
improvementE1 : -924.1177697668074
improvementE1 : -924.1177650720691
improvementE3 : -924.1177189725416
improvementE1 : -924.1177150684929
improvementE1 : -924.1168378537932
improvementE3 : -924.1167762276044
improvementE1 : -924.1167715843281
improvementE3 : -924.1167680276418
improvementE3 : -924.113272941534
improvementE3 : -924.1132403184448
improvementE3 : -924.1123692050376
improvementE3 : -924.1123076187146
improvementE3 : -924.1123064624439
improvementE3 : -924.1121495448315
improvementE1 : -924.1121427102119
improvementE1 : -924.1121261152337
improvementE1 : -924.1120272334455
improvementE2 : -924.1120260480594
improvementE3 : -924.1119463183528
improvementE1 : -924.1119157745027
improvementE2 : -924.111833713925
improvementE2 : -921.7593717146988
improvementE1 : -921.759122855263
improvementE3 : -918.4060105663693
improvementE3 : -918.4059495621917
improvementE3 : -918.4059482972493
improvementE1 : -918.0932176945906
improvementE2 : -918.0930627982086
improvementE3 : -918.0929735333152
improvementE2 : -918.0923875199329
improvementE1 : -915.2538013575064
improvementE3 : -915.2532984506458
improvementE1 : -915.2531441938393
improvementE3 : -914.9681048118586
improvementE3 : -914.9668286580697
improvementE2 : -914.9668243002388
improvementE2 : -912.2545818031335
improvementE3 : -912.2525344403908
improvementE1 : -911.6447435431677
improvementE1 : -911.644741069342
improvementE3 : -911.6428435354627
improvementE2 : -911.6428281358639
improvementE1 : -911.6428231402599
improvementE3 : -911.6428174983721
improvementE2 : -911.6292020674339
improvementE3 : -903.8255442148427
improvementE1 : -899.9518836633034
improvementE2 : -896.6527939053901
improvementE2 : -896.6527764560609
improvementE1 : -896.6527709102332
improvementE1 : -896.6526642092904
improvementE3 : -896.6522359202434
improvementE2 : -896.652134155781
improvementE2 : -896.6521198199542
improvementE1 : -891.4102020614557
improvementE1 : -891.4101357352589
improvementE3 : -891.4101161402975
improvementE1 : -891.4099488267932
improvementE3 : -891.409941509962
improvementE2 : -891.4087224850385
improvementE3 : -887.5349171126683
improvementE3 : -887.5347396444225
improvementE3 : -887.5346757007046
improvementE1 : -886.2309725957932
improvementE1 : -886.2250018470866
improvementE3 : -886.0251613032993
improvementE3 : -885.9906455001371
improvementE2 : -885.8693054941538
improvementE2 : -885.8693014597532
improvementE2 : -885.8692889228012
improvementE3 : -885.8692855269065
improvementE3 : -885.8692811768346
improvementE1 : -885.869251538681
improvementE1 : -885.7148311978292
improvementE1 : -885.4871310119511
improvementE2 : -885.4871167729491
improvementE2 : -885.4777084934566
improvementE1 : -883.3808167763121
improvementE2 : -883.3800023102056
improvementE2 : -883.3799818929159
improvementE3 : -883.3792028270693
improvementE3 : -883.3743592864685
improvementE2 : -883.3554648658962
improvementE2 : -883.3554198562788
improvementE3 : -883.355301148783
improvementE2 : -883.3543528745726
improvementE3 : -883.354334477693
improvementE1 : -883.3524642533929
improvementE2 : -883.3498274845781
improvementE3 : -883.3498162928445
improvementE2 : -883.349814568391
improvementE1 : -883.3498092802855
improvementE3 : -883.3497879121842
improvementE3 : -883.3497452553136
improvementE3 : -878.5120870300713
improvementE1 : -878.5090243487407
improvementE2 : -877.5090256996773
improvementE3 : -876.832156054956
improvementE1 : -876.8321533069657
improvementE2 : -876.8321100192322
improvementE3 : -876.8320842141118
improvementE2 : -876.643866970884
improvementE1 : -876.6438619899158
improvementE1 : -876.643859593564
improvementE1 : -876.6438234748601
improvementE2 : -876.6438221314601
improvementE3 : -876.6438090920823
improvementE3 : -876.6214491059121
improvementE1 : -876.6214416076288
improvementE1 : -875.4074732340877
improvementE3 : -874.8050313160104
improvementE1 : -874.8050260982744
improvementE3 : -874.770031971111
improvementE3 : -874.7677777473499
improvementE3 : -874.2344591809774
improvementE1 : -874.2338786349278
improvementE1 : -874.2336359765492
improvementE1 : -874.1804229880294
improvementE3 : -874.1802076318038
improvementE2 : -874.1802061668614
improvementE2 : -874.1800598497122
improvementE2 : -874.1800549046328
improvementE1 : -874.122042412496
improvementE3 : -874.1218755173503
improvementE3 : -874.1215751087145
improvementE2 : -839.9140357760042
improvementE3 : -839.8691833738226
improvementE3 : -839.8685875888575
improvementE3 : -838.8685875714334
improvementE1 : -838.8684830539308
improvementE3 : -838.86839500465
improvementE3 : -838.8683925373555
improvementE1 : -838.8675141688185
improvementE1 : -838.8672585445522
improvementE1 : -834.2066217302364
improvementE2 : -834.1663716499102
improvementE1 : -834.1663354328573
improvementE2 : -834.1663342580173
improvementE1 : -834.1662618953463
improvementE3 : -834.1617019763687
improvementE2 : -834.1565417031467
improvementE3 : -834.1565172300083
improvementE1 : -834.1564274264475
improvementE3 : -834.156410863633
improvementE3 : -834.1412966619067
improvementE3 : -834.141292847988
improvementE3 : -834.1282678820116
improvementE3 : -831.7345568357553
improvementE1 : -828.5970838389906
improvementE1 : -828.5958246457843
improvementE2 : -828.5956914110488
improvementE3 : -828.5956763171878
improvementE1 : -828.5956654879087
improvementE3 : -826.7046379256182
improvementE3 : -826.7044658177844
improvementE1 : -826.7044631774196
improvementE2 : -826.7044416173975
improvementE2 : -826.7044388897182
improvementE3 : -826.7043584442829
improvementE3 : -826.7043351819843
improvementE2 : -826.7043087621985
improvementE1 : -826.704299915631
improvementE2 : -826.6743811051946
improvementE3 : -826.6743528830475
improvementE1 : -826.6742881394294
improvementE3 : -826.6716503367875
improvementE3 : -826.6716487334525
improvementE2 : -826.6687257197539
improvementE3 : -826.6687237925048
improvementE2 : -825.146563101707
improvementE1 : -825.1458745768019
improvementE1 : -825.1458149346875
improvementE3 : -825.1372948032262
improvementE2 : -825.1369291472766
improvementE3 : -825.1343023067055
improvementE3 : -824.9719085249444
improvementE3 : -824.9711909744982
improvementE3 : -824.964368109244
improvementE3 : -824.9642437406757
improvementE3 : -821.7913257842669
improvementE2 : -821.7835450197038
improvementE2 : -821.7834085838496
improvementE2 : -815.2394446453269
improvementE3 : -814.3495495851762
improvementE3 : -814.213116774931
improvementE3 : -814.1218611515542
improvementE2 : -814.1218581115163
improvementE3 : -814.1117986481595
improvementE1 : -814.111763811015
improvementE3 : -814.1117478020112
improvementE1 : -814.1116949323253
improvementE3 : -814.0984227656378
improvementE1 : -814.0984157747102
improvementE3 : -814.0983881333159
improvementE1 : -814.0983793069655
improvementE2 : -814.0983103691506
improvementE2 : -814.0983047637308
improvementE1 : -814.098289813344
improvementE1 : -814.0982679930156
improvementE3 : -810.7042453342106
improvementE3 : -810.7042008411877
improvementE3 : -806.8461707014224
improvementE3 : -806.8461669348973
improvementE1 : -806.8461523731378
improvementE3 : -806.8461277648942
improvementE2 : -806.8461161903394
improvementE1 : -806.8460092219271
improvementE2 : -806.846005491747
improvementE2 : -806.8429060110464
improvementE3 : -806.842903931114
improvementE3 : -806.842639882253
improvementE2 : -806.8423069844551
improvementE1 : -806.8422059480025
improvementE2 : -803.6059648489071
improvementE1 : -803.6057061107891
improvementE2 : -803.6053408651127
improvementE3 : -803.6052994446379
improvementE2 : -803.6052383482521
improvementE1 : -803.6037099122941
improvementE1 : -803.6037009437687
improvementE3 : -803.6036897626814
improvementE2 : -803.6035070145872
improvementE2 : -803.5987799457424
improvementE2 : -800.3718295636778
improvementE3 : -800.3344917342158
improvementE1 : -800.2161364688368
improvementE1 : -799.2646980819641
improvementE2 : -799.2646954257533
improvementE2 : -799.2646194369127
improvementE3 : -799.2646178409142
improvementE3 : -799.0476180104736
improvementE1 : -799.0475015764441
improvementE3 : -799.0474832246389
improvementE3 : -799.0474677016018
improvementE3 : -799.0474641329691
improvementE2 : -799.0474347997994
improvementE3 : -799.0447815591504
improvementE1 : -799.037629102234
improvementE3 : -799.0375932490969
improvementE3 : -799.0375691289225
improvementE1 : -799.0373500347796
improvementE3 : -799.0280486432841
improvementE2 : -799.007985822431
improvementE1 : -799.0079583977591
improvementE2 : -798.5272502460247
improvementE2 : -798.5269489419438
improvementE3 : -798.5269415389472
improvementE2 : -798.5268402652742
improvementE2 : -798.5268064765131
improvementE3 : -798.5267451000007
improvementE1 : -798.5264404450008
improvementE2 : -798.526437844136
improvementE3 : -798.5264294273228
improvementE1 : -797.854602149769
improvementE1 : -797.8545977808167
improvementE1 : -797.854466020855
improvementE1 : -797.8544417455956
improvementE2 : -797.853285201733
improvementE3 : -797.8532230096964
improvementE3 : -797.8530549421823
improvementE3 : -797.853003598801
improvementE1 : -797.8529704331748
improvementE2 : -797.8529682001172
improvementE3 : -797.8529475084832
improvementE3 : -797.7877403825942
improvementE2 : -797.7877155438888
improvementE3 : -797.7876626044773
improvementE2 : -796.1525532546074
improvementE2 : -796.1525053709959
improvementE2 : -796.1525039667986
improvementE2 : -796.1524795217596
improvementE2 : -796.1520916044175
improvementE1 : -796.0432770355135
improvementE2 : -796.0432697971492
improvementE3 : -796.0427563220408
improvementE1 : -796.0308859285111
improvementE3 : -796.0308832343889
improvementE1 : -795.9329653296248
improvementE2 : -795.837491760493
improvementE2 : -795.8374621632333
improvementE3 : -795.8212089383652
improvementE2 : -795.8212051790713
improvementE2 : -795.8211456513208
improvementE2 : -795.8140476527375
improvementE2 : -795.8132140486342
improvementE1 : -793.2092897189382
improvementE1 : -793.2057418127303
improvementE3 : -793.2057363066109
improvementE3 : -793.2057242185324
improvementE3 : -790.0034115649469
improvementE3 : -790.003378232611
improvementE2 : -790.0032647715528
improvementE1 : -790.0027836149121
improvementE1 : -790.0027804584021
improvementE1 : -789.8639877056437
improvementE3 : -789.8635214910272
improvementE1 : -770.4080269004198
improvementE3 : -770.4066681760933
improvementE1 : -769.1110028452689
improvementE2 : -769.108299708896
improvementE3 : -769.108288647272
improvementE2 : -769.1082781434569
improvementE3 : -769.1082727423352
improvementE3 : -769.1082672241414
improvementE1 : -769.0914439442412
improvementE2 : -769.0913407277794
improvementE2 : -769.0910685193855
improvementE2 : -769.0892293846723
improvementE1 : -769.0892165170818
improvementE3 : -769.0891266927648
improvementE1 : -769.0891074420144
improvementE3 : -769.0890990263413
improvementE2 : -769.0220082971366
improvementE1 : -769.0216479576068
improvementE3 : -769.0216402638939
improvementE2 : -764.3883419890875
improvementE2 : -764.3879438001484
improvementE2 : -764.3762561490499
improvementE1 : -764.3759211818619
improvementE3 : -762.4290093182863
improvementE2 : -762.4288716836267
improvementE1 : -762.4280295498842
improvementE3 : -762.4279859336165
improvementE3 : -762.4279804479474
improvementE1 : -762.4278903595587
improvementE1 : -759.4177812752482
improvementE3 : -759.4166836340266
improvementE1 : -759.4166811311919
improvementE2 : -759.4166794739691
improvementE2 : -759.4166033982112
improvementE1 : -759.2826663429416
improvementE3 : -759.2647077491406
improvementE1 : -759.2627381239937
improvementE3 : -756.9936529961371
improvementE3 : -756.9932687861267
improvementE3 : -755.9821233566104
improvementE1 : -755.9804885188086
improvementE1 : -755.9804352508881
improvementE3 : -755.9804032202021
improvementE3 : -755.8435383831675
improvementE3 : -755.0983083257902
improvementE1 : -755.0975416834376
improvementE3 : -755.0974005866399
improvementE2 : -755.0973924944215
improvementE3 : -755.0960690827201
improvementE2 : -755.096066255539
improvementE3 : -753.233342239315
improvementE1 : -753.2333046916388
improvementE3 : -753.233298989557
improvementE1 : -753.2275245736037
improvementE3 : -753.2274934695865
improvementE2 : -753.221622940988
improvementE1 : -753.2195278590954
improvementE2 : -753.2195230643217
improvementE3 : -753.2144035924662
improvementE2 : -753.2142986714513
improvementE2 : -753.2127074555945
improvementE3 : -753.2125555974619
improvementE1 : -753.2096898961152
improvementE2 : -753.206960054003
improvementE3 : -753.2069585338265
improvementE2 : -753.206957492084
improvementE1 : -753.2067066038314
improvementE3 : -753.2067006171803
improvementE2 : -753.2062736255687
improvementE1 : -751.8241873554114
improvementE1 : -751.8238993859713
improvementE1 : -751.8228119074369
improvementE3 : -751.7954401321124
improvementE2 : -751.7954320166773
improvementE1 : -751.7954295356186
improvementE2 : -751.7209533394023
improvementE3 : -748.9862975584647
improvementE2 : -748.986294355082
improvementE3 : -748.9862878815824
improvementE3 : -748.9862854131848
improvementE3 : -748.9173787187308
improvementE2 : -748.9172084905424
improvementE1 : -748.9170191586733
improvementE3 : -748.9170176825327
improvementE3 : -748.9160193573953
improvementE2 : -747.8755648500714
improvementE1 : -747.8752369718808
improvementE3 : -747.8752309099295
improvementE3 : -747.8712257639354
improvementE1 : -747.8712245572075
improvementE3 : -747.6789504350445
improvementE1 : -747.6774414256081
improvementE1 : -747.6735590747883
improvementE2 : -747.6730664171719
improvementE3 : -747.6727282265153
improvementE1 : -747.6723902660167
improvementE1 : -747.6722388650198
improvementE2 : -747.672221258387
improvementE2 : -747.6722110874134
improvementE1 : -747.6722034736688
improvementE3 : -747.6021937647429
improvementE1 : -747.6021130016878
improvementE3 : -747.602105468909
improvementE2 : -745.5156084079055
improvementE3 : -745.3339072602998
improvementE2 : -745.3338944180698
improvementE1 : -745.3271471929121
improvementE3 : -742.2752031389934
improvementE3 : -742.2752010329987
improvementE1 : -742.2449110028758
improvementE3 : -742.2446961019645
improvementE3 : -742.2398713945108
improvementE3 : -742.2397553181013
improvementE1 : -742.2389157167877
improvementE1 : -738.9669154084872
improvementE1 : -738.9549643938086
improvementE1 : -738.9549566157508
improvementE2 : -738.9466830025012
improvementE3 : -738.9466757858561
improvementE1 : -738.9466743505009
improvementE1 : -738.9389937760657
improvementE2 : -738.895197893735
improvementE1 : -736.8953667410981
improvementE3 : -736.8953311249668
improvementE1 : -736.8952928938786
improvementE3 : -736.8951842116774
improvementE3 : -736.8951819784497
improvementE3 : -736.8951757915409
improvementE3 : -736.8562375296295
improvementE3 : -736.8562292386273
improvementE1 : -736.8512862345826
improvementE3 : -736.8512851739249
improvementE3 : -736.8512664215427
improvementE3 : -730.0211438894465
improvementE3 : -730.0208336097185
improvementE3 : -730.0208305249328
improvementE2 : -730.020780834937
improvementE3 : -726.3190397140975
improvementE1 : -723.8119953882574
improvementE1 : -723.8119919389462
improvementE2 : -723.8119900006393
improvementE2 : -723.811984823579
improvementE3 : -723.8119747823406
improvementE1 : -723.8119714074755
improvementE3 : -723.811960648871
improvementE2 : -723.8119113685261
improvementE2 : -723.3840077989137
improvementE3 : -723.231922391557
improvementE3 : -723.2314917593621
improvementE1 : -723.231483682521
improvementE3 : -723.2314825873917
improvementE3 : -723.2314074234405
improvementE3 : -723.2314060412516
improvementE3 : -723.2295677176062
improvementE1 : -723.2292253665171
improvementE3 : -722.9932878434494
improvementE2 : -722.9932675228333
improvementE2 : -722.9932656103786
logL = -5102.315741663035
Removing 0 markers
Second round
improvementE3 : -722.9931810993075
improvementE1 : -722.606719120537
improvementE1 : -722.6066930563452
improvementE3 : -722.6066813387542
improvementE3 : -722.6066796535182
improvementE1 : -722.6066786372685
improvementE2 : -722.6066769654553
improvementE3 : -722.5226765752946
improvementE2 : -722.5226747059335
improvementE3 : -722.5129859122912
improvementE2 : -722.2265230860489
improvementE3 : -722.226502811734
improvementE3 : -722.2264685576504
improvementE3 : -721.8588715527007
improvementE3 : -721.8588241187333
improvementE2 : -721.8587384086115
improvementE3 : -721.8586534928859
improvementE1 : -721.8581236860335
improvementE2 : -721.8581050071698
improvementE1 : -721.8580926762311
improvementE3 : -721.8579239868684
improvementE3 : -721.8512855228703
improvementE1 : -721.8512776010866
improvementE3 : -721.8450246989692
improvementE3 : -721.8448240966145
improvementE1 : -721.7525638333207
improvementE3 : -721.7525607021346
improvementE3 : -721.7525592243186
improvementE2 : -721.7525577586475
improvementE1 : -721.7525519713322
improvementE3 : -721.7525509022554
improvementE2 : -721.7525496335809
improvementE3 : -721.7495540774579
improvementE3 : -721.749544564316
improvementE3 : -721.7495336172203
improvementE3 : -721.6770154382792
improvementE1 : -721.6770137304641
improvementE3 : -721.6769299798991
improvementE3 : -721.676804467276
improvementE2 : -721.6766909066755
improvementE1 : -721.6643400973671
improvementE1 : -721.663885647886
improvementE1 : -721.663138819684
improvementE1 : -721.6630295622266
improvementE1 : -721.6624768515117
improvementE1 : -721.6621751727857
improvementE3 : -721.6621724147078
improvementE3 : -721.6617791066963
improvementE3 : -721.6604696429674
improvementE1 : -721.6604167413288
improvementE2 : -721.6603947885139
improvementE3 : -721.6603900792875
improvementE3 : -721.6603831453591
improvementE2 : -721.6603777912883
improvementE1 : -721.6603761579487
improvementE3 : -721.660344055724
improvementE3 : -721.6601955020774
improvementE1 : -721.5823991633688
improvementE2 : -721.5731950193946
improvementE3 : -721.5731913139041
improvementE3 : -721.5731901277215
improvementE1 : -721.5731867465552
improvementE2 : -721.5731854514263
improvementE2 : -721.5731749400732
improvementE1 : -721.5731522963192
improvementE1 : -721.5731454366571
improvementE1 : -721.5731436050087
improvementE3 : -721.5727156378098
improvementE2 : -721.5727119144265
improvementE1 : -721.5727026885481
improvementE1 : -721.5726937977076
improvementE2 : -721.5726901994638
improvementE2 : -721.5726092333882
improvementE2 : -721.5725735932051
improvementE1 : -721.5724019709307
improvementE1 : -721.5723585931861
improvementE3 : -721.5721533514243
improvementE3 : -721.5721499464184
improvementE1 : -721.5721480432692
improvementE3 : -721.5721278670253
improvementE1 : -721.5721034599749
improvementE1 : -721.5721005946901
improvementE2 : -721.5720983433466
