0->0 : 0
0->1 : 0
0->2 : 0
       Error rate = 0.0
1->0 : 0
1->1 : 0
1->2 : 0
       Error rate = 0.0
2->0 : 0
2->1 : 0
2->2 : 0
       Error rate = 0.0
0,2->0,2 : 1338190
  0,2->1 : 0
1,2->1,2 : 0
  1,2->0 : 0
       Error rate = 0.0
Maternally informative markers = 0 (of 12194)
Paternally informative markers = 12194
Maternally or paternally informative markers = 12194
Removed 0 children
Removed 0 markers
Number of LGs = 37
***Family = fam_08 chromosome = 23 numMarkers = 275 maternal informative markers 0 (paternal informative markers 251)
***Family = fam_01 chromosome = 23 numMarkers = 275 maternal informative markers 0 (paternal informative markers 275)
***Family = fam_09 chromosome = 23 numMarkers = 275 maternal informative markers 0 (paternal informative markers 275)
275->187
187->187
All pairs
join 56 and 116 score = 0.0 sizes 1,1
join 93 and 116 score = 0.0 sizes 1,2
join 93 and 96 score = 0.0 sizes 3,1
join 56 and 172 score = 0.0 sizes 4,1
join 67 and 154 score = 0.0 sizes 1,1
join 125 and 166 score = 0.0 sizes 1,1
join 161 and 172 score = 0.0 sizes 1,5
join 150 and 161 score = 0.0 sizes 1,6
join 65 and 154 score = 0.0 sizes 1,2
join 53 and 174 score = 0.0 sizes 1,1
join 25 and 100 score = 0.0 sizes 1,1
join 0 and 25 score = 0.0 sizes 1,2
join 0 and 67 score = 0.0 sizes 3,3
join 100 and 102 score = 0.0 sizes 6,1
join 102 and 165 score = 0.0 sizes 7,1
join 65 and 96 score = 0.0 sizes 8,7
join 42 and 99 score = 0.0 sizes 1,1
join 81 and 94 score = 0.0 sizes 1,1
join 42 and 170 score = 0.0 sizes 2,1
join 99 and 138 score = 0.0 sizes 3,1
join 51 and 186 score = 0.0 sizes 1,1
join 92 and 135 score = 0.0 sizes 1,1
join 94 and 111 score = 0.0 sizes 2,1
join 7 and 81 score = 0.0 sizes 1,3
join 58 and 107 score = 0.0 sizes 1,1
join 51 and 107 score = 0.0 sizes 2,2
join 58 and 60 score = 0.0 sizes 4,1
join 29 and 158 score = 0.0 sizes 1,1
join 95 and 164 score = 0.0 sizes 1,1
join 72 and 164 score = 0.0 sizes 1,2
join 53 and 92 score = 0.0 sizes 2,2
join 38 and 180 score = 0.0 sizes 1,1
join 41 and 45 score = 0.0 sizes 1,1
join 141 and 170 score = 0.0 sizes 1,4
join 7 and 22 score = 0.0 sizes 4,1
join 22 and 128 score = 0.0 sizes 5,1
join 57 and 137 score = 0.0 sizes 1,1
join 166 and 179 score = 0.0 sizes 2,1
join 6 and 148 score = 0.0 sizes 1,1
join 137 and 184 score = 0.0 sizes 2,1
join 57 and 173 score = 0.0 sizes 3,1
join 9 and 173 score = 0.0 sizes 1,4
join 95 and 126 score = 0.0 sizes 3,1
join 26 and 126 score = 0.0 sizes 1,4
join 26 and 184 score = 0.0 sizes 5,5
join 37 and 124 score = 0.0 sizes 1,1
join 124 and 178 score = 0.0 sizes 2,1
join 165 and 178 score = 0.0 sizes 15,3
join 37 and 52 score = 0.0 sizes 18,1
join 76 and 138 score = 0.0 sizes 1,5
join 52 and 141 score = 0.0 sizes 19,6
join 135 and 181 score = 0.0 sizes 4,1
join 106 and 136 score = 0.0 sizes 1,1
join 6 and 136 score = 0.0 sizes 2,2
join 41 and 66 score = 0.0 sizes 2,1
join 40 and 163 score = 0.0 sizes 1,1
join 1 and 36 score = 0.0 sizes 1,1
join 2 and 60 score = 0.0 sizes 1,5
join 45 and 144 score = 0.0 sizes 3,1
join 106 and 157 score = 0.0 sizes 4,1
join 129 and 144 score = 0.0 sizes 1,4
join 1 and 38 score = 0.0 sizes 2,2
join 4 and 155 score = 0.0 sizes 1,1
join 16 and 86 score = 0.0 sizes 1,1
join 16 and 133 score = 0.0 sizes 2,1
join 129 and 183 score = 0.0 sizes 5,1
join 66 and 163 score = 0.0 sizes 6,2
join 73 and 133 score = 0.0 sizes 1,3
join 150 and 180 score = 0.0 sizes 25,4
join 46 and 63 score = 0.0 sizes 1,1
join 63 and 122 score = 0.0 sizes 2,1
join 9 and 153 score = 0.0 sizes 10,1
join 69 and 153 score = 0.0 sizes 1,11
join 87 and 168 score = 0.0 sizes 1,1
join 131 and 168 score = 0.0 sizes 1,2
join 61 and 79 score = 0.0 sizes 1,1
join 120 and 181 score = 0.0 sizes 1,5
join 13 and 120 score = 0.0 sizes 1,6
join 29 and 47 score = 0.0 sizes 2,1
All pairs
join 5 and 157 score = 0.0 sizes 1,5
join 47 and 119 score = 0.0 sizes 3,1
join 72 and 131 score = 0.0 sizes 12,3
join 19 and 89 score = 0.0 sizes 1,1
join 111 and 149 score = 0.0 sizes 6,1
join 27 and 114 score = 0.0 sizes 1,1
join 87 and 160 score = 0.0 sizes 15,1
join 31 and 35 score = 0.0 sizes 1,1
join 17 and 59 score = 0.0 sizes 1,1
join 35 and 44 score = 0.0 sizes 2,1
join 4 and 61 score = 0.005681818181818182 sizes 2,2
join 12 and 31 score = 0.0 sizes 1,3
join 85 and 127 score = 0.0 sizes 1,1
join 43 and 127 score = 0.0 sizes 1,2
join 85 and 171 score = 0.0 sizes 3,1
join 171 and 176 score = 0.0 sizes 4,1
join 43 and 44 score = 0.0 sizes 5,4
join 8 and 54 score = 0.0 sizes 1,1
join 34 and 105 score = 0.0 sizes 1,1
join 3 and 12 score = 0.0 sizes 1,9
join 8 and 176 score = 0.0 sizes 2,10
join 5 and 77 score = 0.005128205128205128 sizes 6,1
join 118 and 125 score = 0.005376344086021506 sizes 1,3
join 30 and 182 score = 0.0 sizes 1,1
join 146 and 182 score = 0.0 sizes 1,2
join 30 and 64 score = 0.0 sizes 3,1
join 14 and 64 score = 0.0 sizes 1,4
join 54 and 108 score = 0.0 sizes 12,1
join 80 and 108 score = 0.0 sizes 1,13
join 3 and 88 score = 0.0 sizes 14,1
join 80 and 146 score = 0.0 sizes 15,5
join 118 and 139 score = 0.0 sizes 4,1
join 139 and 177 score = 0.0 sizes 5,1
join 48 and 59 score = 0.0 sizes 1,2
join 103 and 149 score = 0.0 sizes 1,7
join 34 and 121 score = 0.0 sizes 2,1
join 11 and 46 score = 0.0 sizes 1,3
join 50 and 75 score = 0.0 sizes 1,1
join 82 and 119 score = 0.006896551724137931 sizes 1,4
join 117 and 145 score = 0.0 sizes 1,1
join 110 and 117 score = 0.0 sizes 1,2
join 2 and 145 score = 0.006369426751592357 sizes 6,3
join 14 and 75 score = 0.0 sizes 20,2
join 89 and 155 score = 0.00625 sizes 2,4
join 19 and 73 score = 0.0055248618784530384 sizes 6,4
join 39 and 152 score = 0.0 sizes 1,1
join 32 and 39 score = 0.0 sizes 1,2
join 147 and 152 score = 0.0 sizes 1,3
join 55 and 74 score = 0.0 sizes 1,1
join 23 and 77 score = 0.006060606060606061 sizes 1,7
join 50 and 91 score = 0.0 sizes 22,1
join 18 and 88 score = 0.0 sizes 1,23
join 18 and 177 score = 0.0 sizes 24,6
join 55 and 147 score = 0.0 sizes 2,4
join 28 and 74 score = 0.0 sizes 1,6
join 123 and 183 score = 0.006097560975609756 sizes 1,8
join 114 and 148 score = 0.01282051282051282 sizes 2,8
join 27 and 105 score = 0.0 sizes 10,3
join 76 and 91 score = 0.0 sizes 29,30
join 17 and 122 score = 0.013071895424836602 sizes 3,4
join 68 and 97 score = 0.0 sizes 1,1
join 71 and 140 score = 0.0 sizes 1,1
join 21 and 140 score = 0.0 sizes 1,2
join 21 and 32 score = 0.0 sizes 3,7
join 28 and 49 score = 0.0 sizes 10,1
join 109 and 156 score = 0.0 sizes 1,1
join 151 and 156 score = 0.0 sizes 1,2
join 70 and 151 score = 0.0 sizes 1,3
join 132 and 175 score = 0.0 sizes 1,1
join 15 and 143 score = 0.0 sizes 1,1
join 15 and 103 score = 0.0 sizes 2,8
join 20 and 160 score = 0.006369426751592357 sizes 1,16
join 69 and 98 score = 0.006896551724137931 sizes 17,1
join 97 and 175 score = 0.0 sizes 2,2
join 71 and 109 score = 0.0 sizes 11,4
join 24 and 174 score = 0.0 sizes 1,7
join 101 and 169 score = 0.0 sizes 1,1
join 113 and 169 score = 0.0 sizes 1,2
join 13 and 62 score = 0.012269938650306749 sizes 8,1
All pairs
join 98 and 115 score = 0.01639344262295082 sizes 18,1
join 36 and 115 score = 0.015267175572519083 sizes 59,19
join 90 and 112 score = 0.019230769230769232 sizes 1,1
join 121 and 134 score = 0.0 sizes 13,1
join 110 and 134 score = 0.0 sizes 9,14
join 40 and 128 score = 0.02027027027027027 sizes 9,10
join 10 and 48 score = 0.02564102564102564 sizes 1,7
join 78 and 90 score = 0.0 sizes 1,2
join 86 and 186 score = 0.037037037037037035 sizes 10,23
join 130 and 143 score = 0.0 sizes 1,19
join 33 and 70 score = 0.034482758620689655 sizes 1,15
join 23 and 82 score = 0.034722222222222224 sizes 33,5
join 10 and 62 score = 0.031446540880503145 sizes 8,9
join 11 and 142 score = 0.038461538461538464 sizes 17,1
join 113 and 142 score = 0.04 sizes 3,18
join 84 and 132 score = 0.03571428571428571 sizes 1,4
join 123 and 158 score = 0.05333333333333334 sizes 20,38
join 33 and 104 score = 0.034482758620689655 sizes 16,1
join 104 and 130 score = 0.037037037037037035 sizes 17,58
join 20 and 83 score = 0.08552631578947369 sizes 78,1
join 68 and 78 score = 0.10714285714285714 sizes 5,3
join 49 and 162 score = 0.08 sizes 75,1
join 79 and 185 score = 0.11515151515151516 sizes 76,1
join 83 and 159 score = 0.13725490196078433 sizes 79,1
join 24 and 112 score = 0.11538461538461539 sizes 21,8
join 162 and 167 score = 0.13043478260869565 sizes 77,1
join 101 and 179 score = 0.0 sizes 29,80
join 159 and 167 score = 0.0 sizes 109,78
score = 1.3492288834606427
improvementE2 : -818.1483673785647
improvementE3 : -818.1475217374852
improvementE2 : -818.1303621482534
improvementE2 : -818.0588694000312
improvementE1 : -805.7273216650294
improvementE2 : -803.4112639890322
improvementE3 : -803.4108003382163
improvementE1 : -803.3333961840436
improvementE3 : -803.318271397042
improvementE1 : -803.3181307540724
improvementE2 : -803.1631472603556
improvementE1 : -800.6325168512726
improvementE3 : -800.6149289033638
improvementE3 : -793.8867084788064
improvementE1 : -793.8862195006816
improvementE3 : -793.8721271795388
improvementE3 : -793.8720965030375
improvementE2 : -793.8720034326668
improvementE3 : -793.8719982330485
improvementE3 : -793.8719958316368
improvementE3 : -793.871937739428
improvementE3 : -793.8719024176015
improvementE3 : -793.011208609791
improvementE1 : -793.0108502054438
improvementE3 : -793.010660080352
improvementE2 : -792.9739027739904
improvementE3 : -792.9738976114616
improvementE3 : -792.9302043869845
improvementE3 : -792.9301706463443
improvementE3 : -792.9301239441868
improvementE3 : -792.929799224542
improvementE3 : -792.9297750296328
improvementE3 : -792.2138757991075
improvementE1 : -792.2138457529336
improvementE3 : -792.2096686679706
improvementE2 : -792.1528917774463
improvementE3 : -792.1337193887115
improvementE3 : -792.1113118929663
improvementE3 : -792.0301490430463
improvementE3 : -791.9622007850478
improvementE1 : -791.9621912805194
improvementE3 : -791.9621368367655
improvementE1 : -791.9620848310118
improvementE1 : -791.9620740791786
improvementE3 : -791.063087101116
improvementE3 : -791.0630193783837
improvementE1 : -791.0630145469468
improvementE3 : -791.0629984535381
improvementE2 : -791.0629950665727
improvementE2 : -791.0629813617533
improvementE3 : -791.0629429400749
improvementE1 : -791.044698317495
improvementE1 : -791.0279232473392
improvementE1 : -790.9961638476786
improvementE3 : -790.996142658272
improvementE3 : -790.9961251306468
improvementE2 : -790.9961219868975
improvementE2 : -790.9959962411167
improvementE1 : -790.9316963044281
improvementE3 : -790.1308123485329
improvementE2 : -790.1308014945355
improvementE2 : -790.1306124319067
improvementE2 : -790.1306099911144
improvementE2 : -790.124641209012
improvementE2 : -790.0870730209757
improvementE3 : -790.0869820913313
improvementE3 : -790.0869794427965
improvementE3 : -790.0869623172022
improvementE1 : -790.0526436764358
improvementE2 : -789.9816147252438
improvementE2 : -789.9813724482465
improvementE1 : -788.1382897730954
improvementE1 : -788.138162341791
improvementE2 : -788.1381572902371
improvementE2 : -788.074902924864
improvementE1 : -788.0748960654881
improvementE3 : -788.0748607215104
improvementE3 : -788.0747876169371
improvementE3 : -788.0747488983873
improvementE2 : -783.3654155578502
improvementE1 : -783.365407043342
improvementE3 : -783.3651910209676
improvementE1 : -783.3651412534921
improvementE2 : -783.365128821823
improvementE1 : -783.3651027591604
improvementE1 : -783.3647768671846
improvementE3 : -783.3618280741255
improvementE1 : -783.3618270683451
improvementE2 : -783.2993426264893
improvementE1 : -769.736800538049
improvementE1 : -769.736706802295
improvementE3 : -769.7367040704268
improvementE3 : -769.7266094213187
improvementE3 : -769.7224388893787
improvementE3 : -769.3257638191177
improvementE2 : -769.3253343585452
improvementE3 : -769.3252534751706
improvementE3 : -768.2907841406864
improvementE2 : -768.2907570529007
improvementE2 : -768.2715144534802
improvementE1 : -768.2712912229483
improvementE2 : -768.2712260826195
improvementE3 : -760.5399135645084
improvementE2 : -760.539910665803
improvementE3 : -760.5396372812711
improvementE2 : -756.4417836631624
improvementE3 : -756.4417612199568
improvementE1 : -756.4415107334892
improvementE3 : -753.1339440862803
improvementE3 : -753.130412185774
improvementE3 : -753.12847818515
improvementE3 : -753.0060458360722
improvementE3 : -753.0055398854197
improvementE1 : -752.9928455128396
improvementE1 : -752.9928419747291
improvementE3 : -752.9927468508048
improvementE2 : -752.9927458315153
improvementE3 : -752.9927363672248
improvementE1 : -752.9927311137681
improvementE3 : -752.9914389969299
improvementE1 : -752.980453016784
improvementE3 : -752.9804260446431
improvementE1 : -752.9799278210435
improvementE3 : -752.9796421342346
improvementE2 : -751.6886840689044
improvementE3 : -751.6884890587057
improvementE3 : -751.6750674572796
improvementE2 : -751.6747081476601
improvementE2 : -751.6746411847779
improvementE1 : -749.8486957493694
improvementE2 : -749.8483131328564
improvementE3 : -749.8483098455866
improvementE3 : -749.8482482417487
improvementE1 : -749.8479837973075
improvementE3 : -749.847609039499
improvementE3 : -749.8476073682914
improvementE3 : -749.8474024772753
improvementE2 : -749.847127969739
improvementE3 : -749.8465581046779
improvementE3 : -749.8464519384818
improvementE2 : -749.8446009557769
improvementE3 : -749.8444744405142
improvementE1 : -745.7779652550864
improvementE3 : -745.7779499303965
improvementE3 : -745.7779464104408
improvementE3 : -745.7779390094397
improvementE3 : -745.7773031957938
improvementE2 : -745.7753491544959
improvementE2 : -745.7735223117166
improvementE1 : -745.7735210177711
improvementE2 : -745.7734141894434
improvementE2 : -745.7370770026647
improvementE1 : -745.7368992103836
improvementE3 : -745.7368965627124
improvementE1 : -745.7367605153592
improvementE1 : -745.7335701038542
improvementE2 : -745.7244754566564
improvementE1 : -745.7244734428037
improvementE1 : -745.7243243837684
improvementE2 : -745.7240927085269
improvementE2 : -745.7238601156307
improvementE3 : -745.7238590651448
improvementE3 : -745.723837129545
improvementE2 : -740.8519269914742
improvementE2 : -740.851883944638
improvementE2 : -740.851861732958
improvementE1 : -740.8518598661553
improvementE2 : -740.8518569092137
improvementE1 : -740.8517485767525
improvementE2 : -740.8516906358477
improvementE3 : -737.1753040655865
improvementE2 : -737.1751608223492
improvementE2 : -737.1751556196339
improvementE1 : -737.1750721671924
improvementE2 : -639.2241757151785
improvementE1 : -639.2223055580187
improvementE1 : -639.2223017863857
improvementE3 : -631.7461867809504
improvementE1 : -631.7459858319737
improvementE2 : -631.7457022788326
improvementE2 : -631.6947020843623
improvementE2 : -631.5697684093402
improvementE2 : -631.5697667163121
improvementE1 : -631.5697213762614
improvementE1 : -629.4785954053984
improvementE1 : -629.4204731879076
improvementE2 : -629.4204678943861
improvementE3 : -629.4197732193937
improvementE3 : -629.4197152305139
improvementE2 : -629.4195802869926
improvementE2 : -629.4195495781892
improvementE3 : -629.4195235685647
improvementE2 : -629.4194954571991
improvementE3 : -629.392993835798
improvementE3 : -629.3929677164786
improvementE2 : -629.3929596410399
improvementE3 : -629.3929558955003
improvementE3 : -629.3928854197852
improvementE1 : -629.3928844104271
improvementE3 : -629.3925418785866
improvementE2 : -629.2974108902758
improvementE2 : -629.2974059379112
improvementE3 : -629.2973701099085
improvementE1 : -629.2904979061734
improvementE2 : -629.2903848536123
improvementE2 : -629.2902479343156
improvementE2 : -629.0342790564957
improvementE3 : -629.0342127711976
improvementE1 : -629.0341811456713
improvementE1 : -627.9329027158828
improvementE1 : -627.9329000502528
improvementE1 : -627.9328832512483
improvementE3 : -627.696758884837
improvementE2 : -627.6967488443975
improvementE2 : -627.6966611692036
improvementE2 : -627.6966411209471
improvementE3 : -627.6966396983115
improvementE1 : -627.696569387726
improvementE2 : -627.6965682643757
improvementE1 : -627.6965646551612
improvementE3 : -627.6229448681756
improvementE3 : -627.6229423518611
improvementE2 : -627.622873689918
improvementE3 : -627.6228723410289
improvementE2 : -627.6228709465195
improvementE1 : -627.6228699005553
improvementE3 : -625.4035024057425
improvementE1 : -625.403494425223
improvementE3 : -625.4034515902385
improvementE3 : -625.4034479855641
improvementE1 : -625.4034197220938
improvementE3 : -625.4034174399479
improvementE1 : -625.4034156766729
improvementE3 : -625.4034145336452
improvementE3 : -624.8166634652786
improvementE2 : -624.816622461173
improvementE3 : -624.7768412363183
improvementE3 : -624.7767998859686
improvementE3 : -624.7767909463764
improvementE2 : -624.7767269822443
improvementE2 : -624.7767231555449
improvementE1 : -624.7766246586818
improvementE2 : -624.7766156710292
improvementE2 : -624.7765833221702
improvementE2 : -624.7765675090375
improvementE3 : -624.7765582614899
improvementE1 : -624.7765567276219
improvementE1 : -624.7765465470319
improvementE3 : -624.7765366333534
improvementE3 : -624.7305446715046
improvementE1 : -624.7284359421269
improvementE2 : -624.7145328669167
improvementE3 : -624.7145317690988
improvementE3 : -624.7145224075368
improvementE2 : -624.7145087162764
improvementE3 : -624.7013431429178
improvementE3 : -624.6714705868644
improvementE1 : -623.9657378755273
improvementE1 : -623.9631274438868
improvementE3 : -623.9631086373067
improvementE3 : -623.9613955912153
improvementE3 : -623.9606432451424
improvementE3 : -623.9606336376107
improvementE3 : -622.7108531122944
improvementE1 : -622.7108317275963
improvementE1 : -622.7108306229541
improvementE2 : -622.7107911809942
improvementE1 : -622.7107538544444
improvementE3 : -622.710752511816
improvementE3 : -622.6942979521607
improvementE2 : -622.6942680100167
improvementE1 : -622.6936405697966
improvementE3 : -622.6863074332282
improvementE1 : -622.6863058946155
improvementE2 : -622.686287000756
improvementE3 : -622.654657805781
improvementE3 : -622.6546545780157
improvementE1 : -622.6546527820451
improvementE3 : -622.6544829781428
improvementE1 : -622.6544418451151
improvementE2 : -622.654429320713
improvementE3 : -622.65442791394
improvementE3 : -622.6096381632856
improvementE2 : -622.6096299036142
improvementE1 : -622.6096193577055
improvementE2 : -622.5851713265652
improvementE3 : -622.5851702439065
improvementE2 : -622.5851586942448
improvementE3 : -622.5851569175186
improvementE2 : -610.5107768715948
improvementE3 : -610.5107669756082
improvementE2 : -601.5348716690169
improvementE2 : -601.5348533755322
improvementE3 : -601.5348091998984
improvementE2 : -601.5347971488846
improvementE3 : -601.5344892158124
improvementE1 : -601.5315085627531
improvementE2 : -601.5315073987763
improvementE3 : -601.5314961660248
improvementE3 : -601.5314885962318
improvementE1 : -601.456108371343
improvementE2 : -601.4561027647394
improvementE2 : -601.4560502761597
improvementE2 : -601.4560472579312
improvementE3 : -601.4560019350746
improvementE3 : -601.357422142629
improvementE3 : -601.3574183666291
improvementE2 : -601.1966557075332
improvementE3 : -601.1169980439872
improvementE3 : -601.1169902031082
improvementE1 : -600.952305950599
improvementE3 : -600.9523005710673
improvementE3 : -595.4162603185234
improvementE2 : -595.4162421884023
improvementE2 : -595.4162148432774
improvementE2 : -595.4161989437125
improvementE2 : -595.415010973146
improvementE3 : -595.4150079819669
improvementE3 : -595.4150060589486
improvementE1 : -595.4149883915609
improvementE3 : -595.4122874095717
improvementE1 : -595.2046094638431
improvementE2 : -595.2045981228339
improvementE1 : -595.2045889123194
improvementE3 : -595.2045833972747
improvementE3 : -595.2045772039783
improvementE3 : -595.2045757152395
improvementE3 : -595.2045730852739
improvementE2 : -595.2045538975536
improvementE2 : -595.204551541693
improvementE3 : -594.906029412429
improvementE3 : -594.9060230551763
improvementE2 : -594.9003108898286
improvementE3 : -594.7924352679072
improvementE1 : -594.7744580354271
improvementE2 : -594.7253982510105
improvementE3 : -594.7253937506428
improvementE3 : -594.725391187856
improvementE3 : -594.7253866327299
improvementE1 : -594.7253841566289
improvementE2 : -594.7253822886248
improvementE3 : -594.7253806106607
improvementE3 : -594.7221850965213
improvementE2 : -591.6500954650935
improvementE2 : -591.6500939796533
improvementE1 : -591.6497641336138
improvementE2 : -588.3144909179982
improvementE3 : -588.3144870858862
improvementE1 : -588.3119457778785
improvementE2 : -588.3116788472776
improvementE1 : -588.311115395544
improvementE1 : -588.3008118956951
improvementE3 : -588.3008103400591
improvementE3 : -588.3008072894727
improvementE3 : -587.8478716973873
improvementE3 : -587.8053595613305
improvementE3 : -587.8053567136684
improvementE2 : -587.8053550478587
improvementE2 : -587.8050442557217
improvementE1 : -587.6987433277626
improvementE2 : -587.6968800775994
improvementE2 : -587.6968259305843
improvementE2 : -587.696793010542
improvementE2 : -587.6967891570516
improvementE2 : -587.696128523203
improvementE2 : -587.696029156448
improvementE3 : -587.6960058115152
improvementE1 : -587.6959912992165
improvementE2 : -587.6958896161091
improvementE2 : -587.6958846432233
improvementE2 : -587.6958236596249
improvementE2 : -587.6881727355689
improvementE3 : -587.6880255272342
improvementE1 : -587.6880240734241
improvementE3 : -587.6877106127193
improvementE2 : -587.687706323509
improvementE2 : -587.6614282374051
improvementE2 : -587.6613280935467
improvementE3 : -587.660980158813
improvementE2 : -587.6592680873329
improvementE2 : -587.6592416310589
improvementE3 : -587.6588290574671
improvementE2 : -587.6588137179542
improvementE1 : -587.6588118010595
improvementE2 : -587.6558152377338
improvementE3 : -587.6545047488361
improvementE1 : -587.6544954486621
improvementE3 : -587.6544920256357
improvementE3 : -587.6544907392439
improvementE1 : -587.6539414390711
improvementE3 : -587.6539282579403
improvementE3 : -587.6539165332003
improvementE3 : -587.6538825140053
improvementE3 : -587.6400577664919
improvementE3 : -587.6400526940859
improvementE1 : -587.6368338997735
improvementE3 : -585.4772560208899
improvementE2 : -585.4772455857207
improvementE2 : -584.4775989783864
improvementE3 : -584.4775962902248
improvementE3 : -584.4651957923713
improvementE1 : -584.464286315965
improvementE1 : -584.4640127241183
improvementE2 : -584.4639971931414
improvementE1 : -584.4639874304115
improvementE3 : -584.4633649230741
improvementE1 : -584.4633223449622
improvementE1 : -584.4622857955521
improvementE1 : -584.4577681660384
improvementE2 : -584.4563444425304
improvementE1 : -584.4558867551364
improvementE1 : -584.4553158720564
improvementE3 : -584.4552585382517
improvementE2 : -584.4552566027754
improvementE2 : -584.455238778866
improvementE3 : -584.452358829599
improvementE3 : -584.4523334964183
improvementE3 : -584.4523274410856
improvementE1 : -584.4523146012754
improvementE2 : -580.3215171985867
improvementE1 : -576.0346432640126
improvementE2 : -576.0342943144555
improvementE2 : -576.0342921269869
improvementE2 : -576.0342854084054
improvementE2 : -576.0325447809048
improvementE3 : -576.032530364819
improvementE1 : -576.0325221998808
improvementE2 : -576.0090342622552
improvementE2 : -576.0078500189454
improvementE3 : -576.0073844664964
improvementE1 : -576.0073723805176
improvementE2 : -567.6732000218433
improvementE3 : -567.6731877469113
improvementE3 : -567.6731864810997
improvementE1 : -567.6731517298938
improvementE3 : -567.6730763308678
improvementE2 : -567.6526993661324
improvementE2 : -567.6526980958154
improvementE3 : -567.6526904360494
improvementE3 : -567.6525805242886
improvementE1 : -567.6525793329861
improvementE3 : -565.7982836140504
improvementE3 : -565.7982825913061
improvementE3 : -565.7973888139697
improvementE1 : -565.7972152302946
improvementE3 : -565.7972094080526
improvementE2 : -565.7968986472024
improvementE2 : -565.796891175137
improvementE2 : -565.7968695827005
improvementE3 : -536.4034962063688
improvementE2 : -536.4034933025936
improvementE3 : -536.4032671876832
improvementE3 : -536.4027940782297
improvementE2 : -536.4027930277992
improvementE1 : -536.4027822165552
improvementE2 : -536.4027639416058
improvementE3 : -536.4027597396486
improvementE3 : -536.4027551963211
improvementE3 : -536.3847373178962
improvementE1 : -536.3843893688429
improvementE2 : -536.2650187463582
improvementE3 : -536.2648966881425
improvementE2 : -536.2648937980377
improvementE1 : -536.2648876851913
improvementE1 : -536.2647784257642
improvementE2 : -536.2646291385031
improvementE3 : -536.2645758970233
improvementE2 : -536.2644992261398
improvementE3 : -536.2644976365357
improvementE3 : -536.2643066809962
improvementE3 : -536.2639479203094
improvementE3 : -536.2637672677824
improvementE1 : -536.2636682541113
improvementE3 : -534.6400112215159
improvementE1 : -534.6388790168971
improvementE2 : -534.6367409600659
improvementE2 : -534.6367234253603
improvementE1 : -534.6365709710321
improvementE3 : -534.6332031227239
improvementE3 : -534.6331980387456
improvementE3 : -534.6331833709421
improvementE3 : -534.63318116551
improvementE1 : -534.6329970093002
improvementE2 : -534.632981028819
improvementE3 : -534.6329492304023
improvementE3 : -534.6329353775147
improvementE1 : -534.6251908016629
improvementE3 : -534.6251313796133
improvementE2 : -534.6248309302719
improvementE1 : -534.62475257816
improvementE3 : -534.6247210441061
improvementE1 : -534.6245739337554
improvementE3 : -534.6245007578625
improvementE3 : -534.279885847717
improvementE3 : -534.2798844518239
improvementE1 : -534.2798738676411
improvementE1 : -534.2798427889134
improvementE2 : -534.2796551497942
improvementE3 : -534.2796273289064
improvementE3 : -534.2790734240427
improvementE2 : -534.279059601594
improvementE2 : -534.2790559309724
improvementE2 : -530.2333341261018
improvementE2 : -530.2333160679736
improvementE1 : -530.2332402569969
improvementE3 : -530.2332172288468
improvementE3 : -530.2330167761063
improvementE1 : -530.2330151407278
improvementE3 : -530.2328224303812
improvementE1 : -530.232805936143
improvementE3 : -530.2326236583476
improvementE3 : -530.2325743937947
improvementE3 : -530.2324016379707
improvementE2 : -530.230958824026
improvementE2 : -530.230498683128
improvementE3 : -530.2304913442632
improvementE2 : -530.2304866780794
improvementE1 : -530.2301700892701
improvementE1 : -530.2301526250268
logL = -2895.2135766520346
Removing 0 markers
Second round
improvementE3 : -530.2189777748969
improvementE1 : -527.6395339435023
improvementE3 : -527.5308372810293
improvementE3 : -527.5308312962749
improvementE1 : -527.5308239817089
improvementE1 : -527.5305811010237
improvementE1 : -527.5305768488718
improvementE1 : -527.5305754826601
improvementE3 : -527.5305426673024
improvementE1 : -527.3695322253222
improvementE3 : -527.3694311183892
improvementE2 : -527.367310345121
improvementE1 : -527.367261798624
improvementE3 : -527.3671588192055
improvementE3 : -527.3385143850958
improvementE1 : -527.3385099565046
improvementE3 : -527.3384596390401
improvementE3 : -527.3384565468533
improvementE1 : -527.3384137341836
improvementE3 : -527.3383771320522
improvementE3 : -527.3383749010006
improvementE3 : -527.3383619156394
improvementE1 : -527.3383525903691
improvementE3 : -527.33832238346
improvementE2 : -527.3383209451963
improvementE1 : -527.3377082070269
improvementE1 : -527.3376972771114
improvementE2 : -527.3376958991296
improvementE3 : -527.337509369613
improvementE1 : -527.3375078153459
improvementE3 : -527.3375061200859
improvementE3 : -527.3375042899675
improvementE3 : -527.3375021003145
improvementE2 : -527.3374538119884
improvementE2 : -527.3374501424221
improvementE1 : -527.3374464563524
improvementE2 : -527.3374432377775
improvementE1 : -527.3372790442324
improvementE3 : -527.3372769120439
improvementE3 : -527.3120918763327
improvementE1 : -527.3120900942944
improvementE3 : -527.252535370345
improvementE3 : -526.6667525790058
improvementE1 : -526.666719988235
improvementE1 : -526.6648270273794
improvementE3 : -526.6648231523336
improvementE1 : -526.6648166416201
improvementE1 : -526.663748967849
improvementE3 : -526.663718064021
improvementE2 : -526.6631898915575
improvementE2 : -526.663185569369
improvementE2 : -526.6631831750444
improvementE3 : -526.6631596747361
improvementE2 : -526.6631361527647
improvementE1 : -526.6631335819208
improvementE1 : -526.6631253252024
improvementE3 : -526.6631180240888
improvementE2 : -526.6629794339317
improvementE3 : -526.6629478174984
improvementE2 : -526.6626482505675
improvementE1 : -526.662641539646
improvementE3 : -526.6626398370821
improvementE2 : -526.6625976943038
improvementE3 : -526.6625686320155
improvementE2 : -526.6623277290425
improvementE3 : -526.6622197178368
improvementE3 : -526.6621211714983
improvementE1 : -526.6621134026832
improvementE3 : -526.6620870833207
improvementE2 : -526.6619046975362
improvementE3 : -526.6618811913424
improvementE3 : -526.6618584939085
improvementE3 : -526.6618357095392
improvementE2 : -526.66182384433
improvementE3 : -526.6618120694902
improvementE1 : -526.6617558355038
improvementE1 : -526.6617296936067
improvementE3 : -526.6616332151154
improvementE1 : -526.6616314922019
improvementE3 : -526.6616235080521
improvementE2 : -526.6615616819787
improvementE3 : -526.6615374132161
improvementE3 : -526.6615133273879
improvementE3 : -526.6613432013544
improvementE3 : -526.6613034813732
improvementE3 : -526.6612649528602
improvementE3 : -526.6612181260381
improvementE3 : -526.6612014221816
improvementE1 : -526.6611910198569
improvementE1 : -526.3913777509277
improvementE2 : -526.3908444735798
improvementE1 : -526.3908416182551
improvementE2 : -526.3908385895518
improvementE3 : -526.390835924348
improvementE2 : -526.390819233879
improvementE3 : -526.390793717115
improvementE3 : -526.3907198551221
improvementE3 : -526.3888268351843
improvementE2 : -526.3888090881765
improvementE3 : -526.3885926062779
improvementE3 : -526.3885583275155
improvementE2 : -526.3885550982837
improvementE3 : -526.3885271995366
improvementE3 : -526.3881899660945
improvementE1 : -526.3881555899366
improvementE1 : -526.3881407428482
improvementE1 : -526.3858807239385
improvementE3 : -526.3856621860024
improvementE1 : -526.3855323742641
improvementE3 : -526.3854411834947
improvementE3 : -526.3854190567549
improvementE3 : -526.3851746267416
improvementE1 : -526.3851494763076
improvementE3 : -526.384927481484
improvementE3 : -526.3846888559772
improvementE3 : -526.3845427367658
improvementE2 : -526.3845366400101
improvementE2 : -526.3845172077201
improvementE2 : -526.3841489914628
improvementE3 : -526.384021843197
improvementE2 : -526.3840059980446
improvementE3 : -526.3839869698555
improvementE2 : -526.383972532587
improvementE1 : -526.3839197555718
improvementE2 : -524.4782832135144
improvementE1 : -524.4782817765658
improvementE2 : -524.4725787453372
improvementE3 : -524.4725768102577
improvementE1 : -524.472568705794
improvementE1 : -524.4725658588393
improvementE3 : -524.4647957782099
improvementE1 : -524.4647940121959
improvementE2 : -524.4647884718468
improvementE1 : -524.4647872569801
improvementE3 : -524.4557967935607
improvementE3 : -524.4556380580352
improvementE1 : -524.4553293494513
improvementE1 : -524.4256217076065
improvementE3 : -524.4254090119252
improvementE2 : -524.4253342661989
improvementE3 : -524.4251979044986
improvementE1 : -524.4251967193063
improvementE1 : -524.4205268451027
improvementE1 : -524.420524766175
improvementE1 : -524.4205177990402
improvementE3 : -524.4202647609159
improvementE1 : -524.4202623175834
improvementE3 : -524.4200312220826
improvementE3 : -524.4198085577984
improvementE3 : -524.4197030996459
improvementE2 : -524.4196997521609
improvementE3 : -524.4196623044877
improvementE2 : -524.4196197958856
improvementE3 : -524.4196130014246
improvementE1 : -524.4196038840789
improvementE3 : -524.4195050975666
improvementE1 : -524.414382044276
improvementE2 : -524.4137311936547
improvementE2 : -524.4137298318474
improvementE2 : -524.4137227088868
improvementE2 : -524.4137216106649
improvementE2 : -524.4136619306831
improvementE3 : -524.4135614315261
improvementE3 : -524.41335825265
improvementE1 : -524.4133431086841
improvementE1 : -524.4132991785007
improvementE2 : -524.4132822723923
improvementE3 : -524.4112690308419
improvementE1 : -524.4112677514279
improvementE1 : -524.4112660987535
improvementE2 : -524.4112643267404
improvementE1 : -524.4062361868013
improvementE2 : -524.4062237860717
improvementE3 : -524.4062219132913
improvementE2 : -524.4052771833055
improvementE2 : -524.4052737531292
improvementE3 : -524.4052510616672
improvementE3 : -524.4051866334062
improvementE1 : -524.4051855103646
improvementE2 : -524.4051837895167
improvementE1 : -524.4051262092528
improvementE3 : -524.405119326015
improvementE1 : -524.405095489522
improvementE3 : -524.4050823266579
improvementE3 : -524.4050768425861
improvementE1 : -524.4050754149683
improvementE2 : -524.4050716628515
improvementE2 : -524.4050693211999
improvementE1 : -524.3772171764431
improvementE2 : -524.3760373435882
improvementE2 : -524.3760155537441
improvementE3 : -524.3760075403197
improvementE3 : -524.376006371081
improvementE2 : -524.3760043510017
improvementE1 : -524.3760021635075
improvementE1 : -524.3759880971311
improvementE1 : -524.3759388186879
improvementE2 : -524.3759358724602
improvementE1 : -524.3759341150234
improvementE3 : -524.3759167182847
improvementE1 : -524.3759083497298
improvementE3 : -524.3759003528846
improvementE2 : -524.3758955092544
improvementE2 : -524.3758901743583
improvementE2 : -524.3758810919841
improvementE1 : -524.3758800538853
improvementE3 : -524.3758737760093
improvementE2 : -524.3758686509882
improvementE1 : -524.374288359366
improvementE3 : -524.374287304903
improvementE1 : -524.3737444977057
improvementE1 : -524.3737431137847
improvementE1 : -524.3736685769431
improvementE1 : -524.3736427668384
improvementE3 : -524.373636274116
improvementE1 : -524.373634475384
improvementE3 : -524.3733917764937
improvementE1 : -524.3733903973192
improvementE3 : -524.3733834653701
improvementE3 : -524.3733428563655
improvementE1 : -524.3723910515253
improvementE1 : -524.3723894197024
improvementE3 : -524.3721986574274
improvementE3 : -524.3721762590966
improvementE1 : -524.3721371009306
improvementE3 : -524.3721351425233
improvementE2 : -524.3721323677221
improvementE3 : -524.371973666062
improvementE3 : -524.3718420163552
improvementE3 : -524.371781755319
improvementE2 : -524.3717745640461
improvementE3 : -524.3717731966619
improvementE3 : -524.3717428781576
improvementE3 : -524.371741562652
improvementE3 : -524.3716862253524
improvementE3 : -524.3715698404412
improvementE2 : -524.3715533769468
improvementE2 : -524.3715404118873
improvementE3 : -524.3715251244628
improvementE1 : -524.3715024064741
improvementE3 : -524.3714574530893
improvementE3 : -524.3714492970548
improvementE3 : -524.3714459503424
improvementE1 : -524.3714314914843
improvementE3 : -524.3714288309319
improvementE3 : -524.3714123681555
improvementE1 : -524.3712317752749
improvementE3 : -524.3711506731202
improvementE3 : -524.3711174850962
improvementE3 : -524.3711150051959
improvementE3 : -524.3711014820135
improvementE3 : -524.3710888649956
improvementE2 : -524.3710795577058
improvementE2 : -524.3710756712932
improvementE1 : -524.3710744855481
improvementE1 : -524.3710720814915
improvementE2 : -524.3710702311489
improvementE1 : -524.3710622923686
improvementE3 : -524.3710583585207
improvementE2 : -524.3710573030608
improvementE3 : -524.3710553148815
improvementE3 : -524.3710541204455
improvementE3 : -524.371048495766
improvementE3 : -524.3710440311797
improvementE1 : -524.3710417122325
improvementE2 : -524.3710393798017
improvementE3 : -524.3710358644585
improvementE3 : -524.3710348270611
improvementE2 : -524.3710330282992
improvementE1 : -524.3710318891065
improvementE1 : -524.371026536315
improvementE3 : -524.371024717684
improvementE2 : -524.3710216020958
improvementE2 : -524.3710095921684
improvementE3 : -524.371003531307
improvementE1 : -524.3710019475453
improvementE3 : -524.3710005955041
improvementE3 : -524.3709993078853
improvementE2 : -524.37099568446
improvementE3 : -524.3709833089656
improvementE2 : -524.3709819259716
improvementE3 : -524.3709687373233
improvementE1 : -524.3709675353451
improvementE1 : -523.3725970035196
improvementE3 : -523.372594017938
improvementE3 : -523.372536306307
improvementE3 : -523.372485112972
improvementE1 : -523.3724839199149
improvementE1 : -523.3724815593534
improvementE2 : -523.3724714478149
improvementE2 : -523.372444023782
improvementE1 : -523.372442951447
improvementE3 : -520.4040813065974
improvementE2 : -520.404079669772
improvementE1 : -520.4040633280185
improvementE1 : -520.4040622706812
improvementE3 : -520.4040531867752
improvementE3 : -520.4040480326901
improvementE2 : -520.4040312050683
improvementE3 : -520.40402967203
improvementE3 : -520.123528975207
improvementE2 : -520.12352714
improvementE3 : -520.1228470913934
improvementE1 : -520.1228456580675
improvementE3 : -520.1228359520488
improvementE2 : -520.1228318314421
improvementE3 : -520.0697530284916
improvementE3 : -516.1536107557405
improvementE1 : -516.1535929829968
improvementE1 : -516.1535782091961
improvementE3 : -516.1511961073493
improvementE1 : -516.1511949129069
improvementE3 : -516.1507413109114
improvementE3 : -516.1507194561295
