0->0 : 0
0->1 : 0
0->2 : 0
       Error rate = 0.0
1->0 : 0
1->1 : 0
1->2 : 0
       Error rate = 0.0
2->0 : 0
2->1 : 0
2->2 : 0
       Error rate = 0.0
0,2->0,2 : 1338190
  0,2->1 : 0
1,2->1,2 : 0
  1,2->0 : 0
       Error rate = 0.0
Maternally informative markers = 0 (of 12194)
Paternally informative markers = 12194
Maternally or paternally informative markers = 12194
Removed 0 children
Removed 0 markers
Number of LGs = 37
***Family = fam_08 chromosome = 26 numMarkers = 222 maternal informative markers 0 (paternal informative markers 221)
***Family = fam_01 chromosome = 26 numMarkers = 222 maternal informative markers 0 (paternal informative markers 222)
***Family = fam_09 chromosome = 26 numMarkers = 222 maternal informative markers 0 (paternal informative markers 222)
222->181
181->181
All pairs
join 5 and 68 score = 0.0 sizes 1,1
join 68 and 79 score = 0.0 sizes 2,1
join 54 and 90 score = 0.0 sizes 1,1
join 121 and 155 score = 0.0 sizes 1,1
join 28 and 107 score = 0.0 sizes 1,1
join 16 and 152 score = 0.0 sizes 1,1
join 19 and 172 score = 0.0 sizes 1,1
join 171 and 172 score = 0.0 sizes 1,2
join 94 and 171 score = 0.0 sizes 1,3
join 1 and 44 score = 0.0 sizes 1,1
join 1 and 94 score = 0.0 sizes 2,4
join 44 and 73 score = 0.0 sizes 6,1
join 37 and 56 score = 0.0 sizes 1,1
join 16 and 155 score = 0.0 sizes 2,2
join 27 and 118 score = 0.0 sizes 1,1
join 27 and 37 score = 0.0 sizes 2,2
join 56 and 143 score = 0.0 sizes 4,1
join 100 and 164 score = 0.0 sizes 1,1
join 78 and 164 score = 0.0 sizes 1,2
join 86 and 123 score = 0.0 sizes 1,1
join 5 and 123 score = 0.0 sizes 3,2
join 12 and 137 score = 0.0 sizes 1,1
join 54 and 79 score = 0.0 sizes 2,5
join 66 and 86 score = 0.0 sizes 1,7
join 22 and 101 score = 0.0 sizes 1,1
join 22 and 139 score = 0.0 sizes 2,1
join 66 and 139 score = 0.0 sizes 8,3
join 34 and 81 score = 0.0 sizes 1,1
join 49 and 93 score = 0.0 sizes 1,1
join 77 and 143 score = 0.0 sizes 1,5
join 81 and 152 score = 0.0 sizes 2,4
join 19 and 101 score = 0.0 sizes 7,11
join 42 and 102 score = 0.0 sizes 1,1
join 102 and 137 score = 0.0 sizes 2,2
join 12 and 141 score = 0.0 sizes 4,1
join 71 and 141 score = 0.0 sizes 1,5
join 35 and 169 score = 0.0 sizes 1,1
join 35 and 61 score = 0.0 sizes 2,1
join 24 and 174 score = 0.0 sizes 1,1
join 100 and 107 score = 0.0 sizes 3,2
join 65 and 78 score = 0.0 sizes 1,5
join 34 and 128 score = 0.0 sizes 6,1
join 82 and 90 score = 0.0 sizes 1,18
join 73 and 83 score = 0.0 sizes 19,1
join 104 and 169 score = 0.0 sizes 1,3
join 99 and 167 score = 0.0 sizes 1,1
join 135 and 167 score = 0.0 sizes 1,2
join 41 and 45 score = 0.0 sizes 1,1
join 76 and 77 score = 0.0 sizes 1,6
join 121 and 122 score = 0.0 sizes 7,1
join 93 and 120 score = 0.0 sizes 2,1
join 26 and 149 score = 0.0 sizes 1,1
join 42 and 46 score = 0.0 sizes 6,1
join 0 and 162 score = 0.0 sizes 1,1
join 11 and 116 score = 0.0 sizes 1,1
join 127 and 153 score = 0.0 sizes 1,1
join 61 and 153 score = 0.0 sizes 4,2
join 108 and 127 score = 0.0 sizes 1,6
join 50 and 104 score = 0.0 sizes 1,7
join 3 and 76 score = 0.0 sizes 1,7
join 46 and 106 score = 0.0 sizes 7,1
join 71 and 177 score = 0.0 sizes 8,1
join 50 and 106 score = 0.0 sizes 8,9
join 30 and 108 score = 0.0 sizes 1,17
join 30 and 88 score = 0.0 sizes 18,1
join 8 and 125 score = 0.0 sizes 1,1
join 52 and 125 score = 0.0 sizes 1,2
join 8 and 146 score = 0.0 sizes 3,1
join 146 and 158 score = 0.0 sizes 4,1
join 28 and 63 score = 0.0 sizes 6,1
join 110 and 142 score = 0.0 sizes 1,1
join 49 and 135 score = 0.0 sizes 3,3
join 39 and 99 score = 0.0 sizes 1,6
join 39 and 51 score = 0.0 sizes 7,1
join 173 and 174 score = 0.0 sizes 1,2
join 9 and 65 score = 0.0 sizes 1,7
join 9 and 129 score = 0.0 sizes 8,1
join 53 and 95 score = 0.0 sizes 1,1
join 3 and 160 score = 0.0 sizes 8,1
join 126 and 156 score = 0.0 sizes 1,1
join 131 and 162 score = 0.0 sizes 1,2
join 82 and 88 score = 0.0 sizes 20,19
join 58 and 147 score = 0.0 sizes 1,1
join 13 and 58 score = 0.0 sizes 1,2
join 26 and 48 score = 0.0 sizes 2,1
join 0 and 134 score = 0.0 sizes 3,1
All pairs
join 17 and 83 score = 0.0 sizes 1,39
join 41 and 95 score = 0.0 sizes 2,2
join 157 and 159 score = 0.0 sizes 1,1
join 62 and 178 score = 0.0 sizes 1,1
join 138 and 156 score = 0.0 sizes 1,2
join 69 and 119 score = 0.0 sizes 1,1
join 178 and 180 score = 0.0 sizes 2,1
join 23 and 175 score = 0.0 sizes 1,1
join 10 and 166 score = 0.0 sizes 1,1
join 116 and 150 score = 0.0 sizes 2,1
join 15 and 136 score = 0.0 sizes 1,1
join 122 and 148 score = 0.0 sizes 8,1
join 136 and 144 score = 0.0 sizes 2,1
join 15 and 175 score = 0.0 sizes 3,2
join 7 and 29 score = 0.0 sizes 1,1
join 7 and 130 score = 0.0 sizes 2,1
join 25 and 92 score = 0.0 sizes 1,1
join 23 and 25 score = 0.0 sizes 5,2
join 64 and 144 score = 0.0 sizes 1,7
join 11 and 89 score = 0.005494505494505495 sizes 3,1
join 53 and 120 score = 0.006944444444444444 sizes 4,8
join 114 and 134 score = 0.0 sizes 1,4
join 31 and 124 score = 0.0 sizes 1,1
join 57 and 124 score = 0.0 sizes 1,2
join 31 and 64 score = 0.0 sizes 3,8
join 92 and 150 score = 0.0 sizes 11,4
join 114 and 115 score = 0.0 sizes 5,1
join 21 and 115 score = 0.0 sizes 1,6
join 69 and 74 score = 0.007936507936507936 sizes 2,1
join 87 and 91 score = 0.005208333333333333 sizes 1,1
join 33 and 128 score = 0.006622516556291391 sizes 1,9
join 112 and 118 score = 0.006622516556291391 sizes 1,9
join 132 and 165 score = 0.0 sizes 1,1
join 33 and 48 score = 0.006211180124223602 sizes 10,3
join 55 and 57 score = 0.0 sizes 1,15
join 18 and 176 score = 0.0 sizes 1,1
join 18 and 21 score = 0.0 sizes 2,7
join 62 and 126 score = 0.006211180124223602 sizes 3,3
join 132 and 170 score = 0.0 sizes 2,1
join 85 and 130 score = 0.0 sizes 1,3
join 29 and 163 score = 0.0 sizes 4,1
join 32 and 163 score = 0.0 sizes 1,5
join 20 and 32 score = 0.0 sizes 1,6
join 43 and 160 score = 0.006172839506172839 sizes 1,10
join 55 and 63 score = 0.0 sizes 16,9
join 111 and 157 score = 0.006172839506172839 sizes 1,2
join 67 and 80 score = 0.0 sizes 1,1
join 80 and 98 score = 0.0 sizes 2,1
join 36 and 165 score = 0.0 sizes 1,3
join 151 and 170 score = 0.0 sizes 1,4
join 151 and 176 score = 0.0 sizes 5,9
join 131 and 158 score = 0.005494505494505495 sizes 14,5
join 89 and 168 score = 0.0 sizes 25,1
join 13 and 38 score = 0.0 sizes 3,1
join 97 and 149 score = 0.0 sizes 1,13
join 113 and 148 score = 0.0 sizes 1,14
join 113 and 133 score = 0.0 sizes 15,1
join 133 and 159 score = 0.0 sizes 16,3
join 111 and 119 score = 0.006289308176100629 sizes 19,3
join 47 and 72 score = 0.0 sizes 1,1
join 47 and 74 score = 0.0 sizes 2,22
join 20 and 110 score = 0.0 sizes 7,2
join 85 and 140 score = 0.0 sizes 9,1
join 91 and 179 score = 0.0 sizes 2,1
join 87 and 173 score = 0.012195121951219513 sizes 3,3
join 43 and 67 score = 0.0 sizes 11,3
join 38 and 60 score = 0.0 sizes 4,1
join 4 and 140 score = 0.0 sizes 1,10
join 17 and 52 score = 0.018404907975460124 sizes 40,19
join 36 and 168 score = 0.0 sizes 59,26
join 96 and 109 score = 0.0 sizes 1,1
join 103 and 166 score = 0.02666666666666667 sizes 1,2
join 60 and 138 score = 0.0 sizes 5,6
All pairs
join 59 and 117 score = 0.0 sizes 1,1
join 70 and 117 score = 0.0 sizes 1,2
join 98 and 161 score = 0.0 sizes 14,1
join 112 and 129 score = 0.026143790849673203 sizes 15,85
join 24 and 103 score = 0.03289473684210526 sizes 6,3
join 70 and 161 score = 0.041666666666666664 sizes 3,100
join 14 and 51 score = 0.034482758620689655 sizes 1,12
join 45 and 180 score = 0.036585365853658534 sizes 13,11
join 10 and 142 score = 0.0379746835443038 sizes 9,11
join 59 and 97 score = 0.04 sizes 103,24
join 14 and 72 score = 0.034482758620689655 sizes 24,127
join 4 and 145 score = 0.034482758620689655 sizes 20,1
join 105 and 145 score = 0.04 sizes 1,21
join 2 and 75 score = 0.04 sizes 1,1
join 96 and 105 score = 0.041666666666666664 sizes 2,22
join 6 and 179 score = 0.11538461538461539 sizes 1,24
join 109 and 154 score = 0.11538461538461539 sizes 25,1
join 40 and 75 score = 0.1724137931034483 sizes 1,2
join 84 and 177 score = 0.2012987012987013 sizes 1,151
join 2 and 6 score = 0.3076923076923077 sizes 3,26
join 40 and 147 score = 0.0 sizes 29,152
score = 1.4852015929949505
improvementE3 : -691.5841508741139
improvementE3 : -691.477424485151
improvementE2 : -690.8463751431717
improvementE2 : -690.8463028291068
improvementE1 : -690.8356528079125
improvementE2 : -690.8356455048863
improvementE3 : -690.8353456065685
improvementE2 : -682.6797742647791
improvementE1 : -680.2706307566291
improvementE2 : -679.2047188425233
improvementE2 : -679.1731850036488
improvementE2 : -679.1728904963202
improvementE3 : -679.1660770446498
improvementE2 : -679.1660758088365
improvementE3 : -679.1652249144167
improvementE2 : -679.1648881278811
improvementE3 : -679.1636073364127
improvementE2 : -679.163462237269
improvementE3 : -679.1634354157288
improvementE1 : -679.085519530594
improvementE3 : -679.0855183054229
improvementE2 : -679.0854656228078
improvementE2 : -679.085387687448
improvementE3 : -679.0841344310711
improvementE1 : -679.0808169883926
improvementE3 : -675.6222425529575
improvementE3 : -675.621612747693
improvementE3 : -672.5233503683006
improvementE2 : -672.5070546207389
improvementE1 : -672.5067989837876
improvementE3 : -672.5065958225302
improvementE1 : -672.5062943951968
improvementE3 : -672.4200993911825
improvementE3 : -671.6941458551041
improvementE2 : -671.6917356870308
improvementE3 : -652.2375620646667
improvementE3 : -652.2348602394683
improvementE3 : -652.2345693164821
improvementE3 : -651.793151315918
improvementE2 : -651.7917436468185
improvementE3 : -651.7846023592837
improvementE2 : -651.6817490879581
improvementE3 : -651.6388141993593
improvementE3 : -651.6362857147354
improvementE1 : -651.6360236732005
improvementE3 : -651.6085741758818
improvementE3 : -651.6085729976173
improvementE2 : -651.6076991622002
improvementE3 : -651.6068458275923
improvementE1 : -651.5167677618784
improvementE2 : -651.516580288602
improvementE3 : -651.516293350508
improvementE1 : -651.5162363919542
improvementE1 : -651.5162335231778
improvementE1 : -651.5129784280564
improvementE2 : -651.5045665811629
improvementE1 : -651.4662120608141
improvementE3 : -651.4661181169275
improvementE3 : -651.46587882121
improvementE2 : -651.4653085143864
improvementE3 : -651.4651862530127
improvementE2 : -651.4634624207752
improvementE2 : -651.4602240246801
improvementE3 : -650.9338673105066
improvementE2 : -650.788620041792
improvementE3 : -650.788272848848
improvementE2 : -650.7880065782481
improvementE2 : -650.7808280127344
improvementE2 : -650.7804469740263
improvementE3 : -650.1440025441314
improvementE1 : -650.1393005696704
improvementE3 : -650.1390476606593
improvementE3 : -650.1390378901189
improvementE2 : -640.1270708242364
improvementE3 : -640.1210574119416
improvementE1 : -640.077381829065
improvementE3 : -639.6758554418489
improvementE1 : -639.66136523408
improvementE3 : -639.5710950153127
improvementE1 : -639.5697459304199
improvementE1 : -639.5695547469809
improvementE2 : -639.4605417880839
improvementE3 : -639.4520055352374
improvementE3 : -639.4518614583109
improvementE1 : -639.4518484342809
improvementE2 : -639.4517482139205
improvementE3 : -639.4517073298997
improvementE3 : -639.451541148364
improvementE1 : -639.4515328099084
improvementE3 : -639.4515308700371
improvementE3 : -638.6984250796368
improvementE1 : -634.2288818415402
improvementE1 : -634.227505303864
improvementE3 : -634.0782650826372
improvementE3 : -634.0760355256633
improvementE1 : -634.075878416889
improvementE3 : -634.0661324020298
improvementE1 : -634.0660251226604
improvementE1 : -634.0659289132957
improvementE1 : -634.0659013980903
improvementE1 : -634.0658833256391
improvementE3 : -634.065806110754
improvementE3 : -634.0657849512388
improvementE2 : -634.0657089547303
improvementE3 : -630.1680715875116
improvementE3 : -630.1679753517496
improvementE1 : -630.1678259784444
improvementE2 : -630.1678197416272
improvementE3 : -626.4018827646961
improvementE3 : -621.7441962429924
improvementE2 : -611.2275217800593
improvementE1 : -611.2197353644166
improvementE2 : -608.4052745951569
improvementE3 : -608.4044067983874
improvementE2 : -608.4042527577234
improvementE3 : -608.3981345031934
improvementE2 : -604.5317242881208
improvementE1 : -604.52477289066
improvementE3 : -604.5247698650344
improvementE3 : -604.5095071496315
improvementE2 : -604.4329186502367
improvementE1 : -604.4328926841615
improvementE2 : -604.432683334916
improvementE1 : -604.4326759616278
improvementE3 : -604.4325889415036
improvementE1 : -603.4965331866188
improvementE3 : -603.496493223126
improvementE3 : -603.4960802712897
improvementE1 : -603.4960781515053
improvementE2 : -597.9127688745041
improvementE2 : -597.9121759042835
improvementE3 : -597.9105497853451
improvementE3 : -597.9022749828262
improvementE3 : -597.902109959375
improvementE3 : -597.9017764024636
improvementE2 : -597.9013232938785
improvementE1 : -597.9010339638833
improvementE3 : -597.9010231791631
improvementE2 : -597.9007427660633
improvementE3 : -597.8679309168547
improvementE1 : -597.6496422790281
improvementE2 : -594.3951175363508
improvementE2 : -594.394355943088
improvementE3 : -594.2945249997947
improvementE1 : -593.6877940633194
improvementE2 : -593.6658991214581
improvementE2 : -593.6658979892688
improvementE1 : -590.1969956503023
improvementE3 : -590.196857639972
improvementE1 : -581.0609809699477
improvementE3 : -581.0608648351391
improvementE3 : -580.4676629450474
improvementE3 : -579.269740927168
improvementE3 : -579.2697265902623
improvementE2 : -579.2696594150627
improvementE2 : -579.2670383127986
improvementE2 : -564.8906728516771
improvementE2 : -564.8904692209132
improvementE1 : -564.8897824176931
improvementE2 : -564.8897651162787
improvementE3 : -564.883622859034
improvementE2 : -564.7887294879058
improvementE1 : -564.7886759971094
improvementE3 : -564.7886746767574
improvementE2 : -564.7886506232793
improvementE3 : -563.9513043164677
improvementE2 : -563.9512402766621
improvementE1 : -563.9512052030152
improvementE2 : -563.9010777560189
improvementE3 : -563.901066029331
improvementE3 : -563.9010638741906
improvementE3 : -563.9006235528577
improvementE3 : -563.9006219178261
improvementE2 : -560.1447961481394
improvementE3 : -560.1447948106488
improvementE3 : -560.1222821391839
improvementE2 : -556.482614604964
improvementE1 : -556.4819340045142
improvementE3 : -556.4819214399255
improvementE2 : -556.4765024565354
improvementE3 : -556.4752685811679
improvementE1 : -556.4752668188532
improvementE3 : -553.9183617644451
improvementE2 : -553.918075702513
improvementE3 : -553.9180604239402
improvementE2 : -553.9180260810313
improvementE3 : -553.9180142158923
improvementE1 : -553.8931294151839
improvementE3 : -553.8920412883219
improvementE1 : -553.8909857554706
improvementE2 : -553.8907993117086
improvementE3 : -553.890718604739
improvementE3 : -553.8907163728386
improvementE3 : -553.8710485139287
improvementE1 : -553.8709737872446
improvementE3 : -553.8709719571043
improvementE1 : -553.8703055622602
improvementE3 : -549.6478706142939
improvementE3 : -549.6429653547809
improvementE2 : -549.6429511365955
improvementE2 : -549.6429499993294
improvementE1 : -548.9997164850749
improvementE3 : -548.2784006086148
improvementE1 : -548.2783988697332
improvementE3 : -548.2781540798983
improvementE1 : -548.2777196568408
improvementE1 : -548.2771109971916
improvementE3 : -548.2770873352495
improvementE2 : -548.2770858268455
improvementE1 : -548.2174984856712
improvementE1 : -548.2151136528278
improvementE3 : -548.2150672840555
improvementE1 : -548.2150639831561
improvementE3 : -548.2149948300541
improvementE2 : -548.2141368014526
improvementE3 : -548.2140824818151
improvementE1 : -548.214080117418
improvementE3 : -544.3053237427416
improvementE1 : -544.3051985831494
improvementE2 : -544.3051970985589
improvementE3 : -544.3051960341853
improvementE3 : -537.4753023654466
improvementE3 : -536.9839454465349
improvementE3 : -536.9838884208216
improvementE3 : -536.926564093113
improvementE3 : -536.9252316675356
improvementE1 : -536.9252171275668
improvementE3 : -536.8242766726702
improvementE2 : -536.8238515415904
improvementE1 : -536.8238337486316
improvementE2 : -536.8119493620529
improvementE2 : -536.8119135917366
improvementE2 : -536.7637545573643
improvementE1 : -536.7495311142969
improvementE3 : -536.7495262617306
improvementE1 : -536.749044530553
improvementE2 : -536.7372818019261
improvementE3 : -536.7335845573386
improvementE3 : -536.7335806953345
improvementE3 : -533.3059824660924
improvementE3 : -533.3059554466497
improvementE1 : -533.3059527484568
improvementE1 : -533.3059511392624
improvementE3 : -533.2164206788977
improvementE2 : -533.2163946778231
improvementE3 : -533.2163672746469
improvementE1 : -533.2162662921183
improvementE1 : -529.5824847549698
improvementE2 : -529.5824831140942
improvementE3 : -529.5547288214681
improvementE2 : -529.5547044247485
improvementE2 : -529.554677945644
improvementE1 : -529.5543358221262
improvementE1 : -529.5543179192136
improvementE3 : -529.5532191831622
improvementE3 : -529.4437058805881
improvementE3 : -529.417872120315
improvementE3 : -529.4177196137052
improvementE3 : -529.4177158442211
improvementE2 : -529.3965280147329
improvementE1 : -529.3964696692008
improvementE1 : -529.3964586398444
improvementE2 : -529.3964254168711
improvementE1 : -529.3963788058445
improvementE3 : -529.3960972857435
improvementE2 : -529.3329368284816
logL = -2888.3602561382404
Removing 0 markers
Second round
improvementE2 : -529.3329292380898
improvementE1 : -529.24648173321
improvementE2 : -529.2424417217165
improvementE1 : -529.2360274459222
improvementE2 : -529.229987682781
improvementE3 : -529.2250232222057
improvementE1 : -529.2136289054872
improvementE1 : -529.203018938016
improvementE3 : -529.2029397478892
improvementE2 : -529.2014121554059
improvementE2 : -529.2013979015334
improvementE1 : -529.2013877122188
improvementE2 : -529.2013674826701
improvementE2 : -529.2013664560499
