0->0 : 0
0->1 : 0
0->2 : 0
       Error rate = 0.0
1->0 : 0
1->1 : 0
1->2 : 0
       Error rate = 0.0
2->0 : 0
2->1 : 0
2->2 : 0
       Error rate = 0.0
0,2->0,2 : 1336466
  0,2->1 : 0
1,2->1,2 : 0
  1,2->0 : 0
       Error rate = 0.0
Maternally informative markers = 0 (of 12151)
Paternally informative markers = 12151
Maternally or paternally informative markers = 12151
Removed 0 children
Removed 0 markers
Number of LGs = 37
***Family = fam_08 chromosome = 35 numMarkers = 179 maternal informative markers 0 (paternal informative markers 179)
***Family = fam_01 chromosome = 35 numMarkers = 179 maternal informative markers 0 (paternal informative markers 179)
***Family = fam_09 chromosome = 35 numMarkers = 179 maternal informative markers 0 (paternal informative markers 179)
179->141
141->141
All pairs
join 95 and 107 score = 0.0 sizes 1,1
join 60 and 125 score = 0.0 sizes 1,1
join 60 and 128 score = 0.0 sizes 2,1
join 97 and 120 score = 0.0 sizes 1,1
join 6 and 32 score = 0.0 sizes 1,1
join 66 and 109 score = 0.0 sizes 1,1
join 96 and 125 score = 0.0 sizes 1,3
join 96 and 132 score = 0.0 sizes 4,1
join 77 and 122 score = 0.0 sizes 1,1
join 46 and 117 score = 0.0 sizes 1,1
join 7 and 95 score = 0.0 sizes 1,2
join 7 and 54 score = 0.0 sizes 3,1
join 32 and 106 score = 0.0 sizes 2,1
join 15 and 128 score = 0.0 sizes 1,5
join 11 and 15 score = 0.0 sizes 1,6
join 46 and 132 score = 0.0 sizes 2,7
join 81 and 124 score = 0.0 sizes 1,1
join 56 and 107 score = 0.0 sizes 1,4
join 91 and 101 score = 0.0 sizes 1,1
join 38 and 101 score = 0.0 sizes 1,2
join 19 and 38 score = 0.0 sizes 1,3
join 4 and 80 score = 0.0 sizes 1,1
join 61 and 117 score = 0.0 sizes 1,9
join 11 and 48 score = 0.0 sizes 10,1
join 8 and 48 score = 0.0 sizes 1,11
join 6 and 78 score = 0.0 sizes 3,1
join 106 and 116 score = 0.0 sizes 4,1
join 27 and 63 score = 0.0 sizes 1,1
join 22 and 27 score = 0.0 sizes 1,2
join 8 and 129 score = 0.0 sizes 12,1
join 62 and 79 score = 0.0 sizes 1,1
join 34 and 76 score = 0.0 sizes 1,1
join 9 and 76 score = 0.0 sizes 1,2
join 34 and 99 score = 0.0 sizes 3,1
join 16 and 99 score = 0.0 sizes 1,4
join 53 and 135 score = 0.0 sizes 1,1
join 65 and 84 score = 0.0 sizes 1,1
join 120 and 139 score = 0.0 sizes 2,1
join 82 and 97 score = 0.0 sizes 1,3
join 3 and 118 score = 0.0 sizes 1,1
join 13 and 56 score = 0.0 sizes 1,5
join 45 and 64 score = 0.0 sizes 1,1
join 91 and 114 score = 0.0 sizes 4,1
join 74 and 114 score = 0.0 sizes 1,5
join 64 and 103 score = 0.0 sizes 2,1
join 36 and 78 score = 0.0 sizes 1,5
join 21 and 75 score = 0.0 sizes 1,1
join 61 and 138 score = 0.0 sizes 13,1
join 9 and 110 score = 0.006211180124223602 sizes 5,1
join 24 and 36 score = 0.0 sizes 1,6
join 21 and 67 score = 0.0 sizes 2,1
join 112 and 131 score = 0.0 sizes 1,1
join 65 and 137 score = 0.00546448087431694 sizes 2,1
join 53 and 137 score = 0.0 sizes 2,3
join 4 and 10 score = 0.0 sizes 2,1
join 50 and 127 score = 0.006134969325153374 sizes 1,1
join 26 and 102 score = 0.0 sizes 1,1
join 75 and 102 score = 0.0 sizes 3,2
join 26 and 70 score = 0.0 sizes 5,1
join 23 and 138 score = 0.005988023952095809 sizes 1,14
join 55 and 118 score = 0.006329113924050633 sizes 1,2
join 55 and 112 score = 0.006493506493506494 sizes 3,2
join 0 and 23 score = 0.006666666666666667 sizes 1,15
join 42 and 47 score = 0.0 sizes 1,1
join 47 and 105 score = 0.0 sizes 2,1
join 42 and 81 score = 0.0053475935828877 sizes 3,2
join 41 and 100 score = 0.0 sizes 1,1
join 17 and 41 score = 0.006329113924050633 sizes 1,2
join 77 and 139 score = 0.0 sizes 2,4
join 54 and 131 score = 0.006024096385542169 sizes 6,5
join 5 and 129 score = 0.011904761904761904 sizes 1,16
join 52 and 72 score = 0.006060606060606061 sizes 1,1
join 67 and 84 score = 0.0 sizes 6,5
join 43 and 90 score = 0.0 sizes 1,1
join 45 and 116 score = 0.007462686567164179 sizes 3,7
join 24 and 105 score = 0.0 sizes 10,5
join 39 and 100 score = 0.0 sizes 1,3
join 62 and 86 score = 0.0 sizes 2,1
join 57 and 85 score = 0.0 sizes 1,1
join 25 and 57 score = 0.0 sizes 1,2
join 25 and 90 score = 0.0 sizes 3,2
join 85 and 93 score = 0.0 sizes 5,1
join 43 and 51 score = 0.0 sizes 6,1
join 39 and 58 score = 0.0 sizes 4,1
join 18 and 130 score = 0.0 sizes 1,1
join 3 and 130 score = 0.0 sizes 11,2
join 5 and 20 score = 0.012121212121212121 sizes 17,1
join 0 and 50 score = 0.013605442176870748 sizes 18,2
join 22 and 37 score = 0.0 sizes 3,1
All pairs
join 59 and 104 score = 0.0 sizes 1,1
join 51 and 82 score = 0.012903225806451613 sizes 7,6
join 10 and 109 score = 0.0 sizes 3,2
join 49 and 63 score = 0.0 sizes 1,4
join 2 and 59 score = 0.0 sizes 1,2
join 88 and 121 score = 0.0 sizes 1,1
join 29 and 72 score = 0.014925373134328358 sizes 1,2
join 16 and 74 score = 0.013071895424836602 sizes 6,6
join 20 and 30 score = 0.012121212121212121 sizes 20,1
join 30 and 68 score = 0.011976047904191617 sizes 21,1
join 19 and 135 score = 0.01910828025477707 sizes 12,11
join 33 and 122 score = 0.0 sizes 1,13
join 35 and 68 score = 0.01764705882352941 sizes 1,22
join 29 and 103 score = 0.016 sizes 3,15
join 35 and 119 score = 0.023668639053254437 sizes 23,1
join 126 and 134 score = 0.02127659574468085 sizes 1,1
join 18 and 87 score = 0.0 sizes 13,1
join 119 and 133 score = 0.029585798816568046 sizes 24,1
join 127 and 134 score = 0.020689655172413793 sizes 25,2
join 92 and 140 score = 0.030864197530864196 sizes 1,1
join 92 and 98 score = 0.031055900621118012 sizes 2,1
join 17 and 79 score = 0.026143790849673203 sizes 5,3
join 12 and 40 score = 0.03636363636363636 sizes 1,1
join 44 and 133 score = 0.039473684210526314 sizes 1,27
join 66 and 115 score = 0.031055900621118012 sizes 5,1
join 70 and 94 score = 0.0 sizes 23,1
join 1 and 113 score = 0.0 sizes 1,1
join 13 and 52 score = 0.02857142857142857 sizes 14,18
join 12 and 98 score = 0.042682926829268296 sizes 2,3
join 73 and 140 score = 0.041666666666666664 sizes 1,5
join 49 and 83 score = 0.038461538461538464 sizes 5,1
join 14 and 33 score = 0.0 sizes 1,14
join 44 and 73 score = 0.046052631578947366 sizes 28,6
join 1 and 83 score = 0.041666666666666664 sizes 2,6
join 113 and 123 score = 0.037037037037037035 sizes 8,1
join 86 and 111 score = 0.043478260869565216 sizes 8,1
join 58 and 121 score = 0.038461538461538464 sizes 9,2
join 40 and 89 score = 0.059880239520958084 sizes 34,1
join 31 and 110 score = 0.06875 sizes 1,24
join 94 and 123 score = 0.03571428571428571 sizes 25,9
join 28 and 126 score = 0.06666666666666667 sizes 1,35
join 31 and 89 score = 0.07317073170731707 sizes 34,36
join 37 and 93 score = 0.0625 sizes 70,15
join 28 and 108 score = 0.07462686567164178 sizes 85,1
All pairs
join 14 and 111 score = 0.043478260869565216 sizes 86,11
join 71 and 88 score = 0.14285714285714285 sizes 1,97
join 108 and 136 score = 0.12666666666666668 sizes 98,1
join 69 and 71 score = 0.14814814814814814 sizes 1,99
join 124 and 136 score = 0.2484076433121019 sizes 32,100
join 2 and 80 score = 0.0 sizes 3,6
join 87 and 115 score = 0.0 sizes 132,9
score = 2.02901969281344
improvementE1 : -756.6744220842804
improvementE3 : -755.6270582672606
improvementE2 : -752.9689583634104
improvementE2 : -752.9619551909392
improvementE3 : -752.9457965005615
improvementE2 : -752.9457346954397
improvementE3 : -752.8580871182
improvementE1 : -752.8573535807677
improvementE3 : -752.5628573272335
improvementE1 : -752.3814980434543
improvementE1 : -748.850954746441
improvementE3 : -748.8509413718207
improvementE2 : -724.6901073792316
improvementE1 : -724.1408869460515
improvementE3 : -724.1298888299547
improvementE2 : -723.8495983354828
improvementE2 : -723.8488349125145
improvementE2 : -711.432713298758
improvementE2 : -711.4325647605299
improvementE2 : -711.4313868998133
improvementE3 : -708.4246989029086
improvementE2 : -708.3406838280241
improvementE3 : -708.3405689589645
improvementE1 : -708.2357418755606
improvementE2 : -708.2356651339691
improvementE2 : -704.3992832242708
improvementE2 : -703.2646513656692
improvementE3 : -703.2636759765471
improvementE2 : -703.1896290438237
improvementE1 : -703.1876270399989
improvementE1 : -703.105264777036
improvementE3 : -702.5177516186627
improvementE1 : -702.5174338118073
improvementE2 : -702.5173231071847
improvementE1 : -702.4903943222663
improvementE1 : -699.5950275180738
improvementE1 : -698.8717585336052
improvementE1 : -698.8715275316814
improvementE2 : -698.6726759627095
improvementE3 : -698.6726497876307
improvementE2 : -672.8924526216502
improvementE3 : -672.8249436023522
improvementE3 : -670.2633976435595
improvementE1 : -668.8749894300054
improvementE2 : -668.8746487966392
improvementE3 : -667.0206510643466
improvementE3 : -667.0021863883125
improvementE1 : -666.8864259082479
improvementE1 : -666.8864101102109
improvementE2 : -666.8862192914278
improvementE2 : -666.8822831528374
improvementE2 : -666.8694306128538
improvementE3 : -666.8653601933008
improvementE2 : -666.8651261500172
improvementE3 : -666.863427850643
improvementE3 : -666.8634085374567
improvementE2 : -666.8632779227637
improvementE3 : -666.8631054947938
improvementE3 : -666.8536318742847
improvementE3 : -666.8536299554146
improvementE2 : -666.8535576163285
improvementE1 : -666.8532455477471
improvementE3 : -666.8095364811813
improvementE1 : -666.8092877884379
improvementE1 : -666.8040900522068
improvementE2 : -666.3698048463981
improvementE3 : -666.3697891741314
improvementE2 : -666.3697796257893
improvementE3 : -666.2700707701603
improvementE1 : -666.2700629926201
improvementE2 : -666.0662505818536
improvementE3 : -665.7182784427284
improvementE3 : -665.7182624039822
improvementE1 : -665.7180866289128
improvementE2 : -665.3685217537281
improvementE1 : -665.3684014604819
improvementE1 : -665.368365014665
improvementE2 : -665.2904350171555
improvementE2 : -664.7012535401144
improvementE3 : -664.7011949811422
improvementE1 : -664.7009969882678
improvementE3 : -664.700541732496
improvementE1 : -664.4874316816065
improvementE2 : -664.4872687011041
improvementE1 : -664.3928855843889
improvementE3 : -664.3924817873268
improvementE2 : -664.392406411587
improvementE2 : -664.3923426235219
improvementE2 : -664.2857002013055
improvementE3 : -660.314774847435
improvementE3 : -659.967365928942
improvementE3 : -659.9666863215128
improvementE2 : -659.9662202418033
improvementE1 : -658.9765360849758
improvementE2 : -658.9765338630926
improvementE2 : -658.9753212822253
improvementE2 : -658.9735330149651
improvementE1 : -658.965810070376
improvementE2 : -658.9658080628335
improvementE3 : -658.7466514563165
improvementE3 : -658.7464357869694
improvementE3 : -658.7464314961292
improvementE1 : -658.6875447502022
improvementE1 : -657.747705284139
improvementE3 : -657.739399162361
improvementE2 : -657.739395615315
improvementE2 : -657.3052984649684
improvementE1 : -657.3052965972831
improvementE1 : -657.30485232104
improvementE1 : -657.3026495881845
improvementE2 : -657.3024115820754
improvementE2 : -657.2940792720779
improvementE3 : -657.2853755533695
improvementE1 : -657.2853713812556
improvementE3 : -657.2842492550291
improvementE1 : -657.2840932073574
improvementE1 : -657.2820397521305
improvementE3 : -656.6354655287436
improvementE2 : -656.6354629420775
improvementE1 : -656.6353627807878
improvementE3 : -656.6284076814976
improvementE3 : -656.5998430413782
improvementE3 : -656.5998387572713
improvementE3 : -651.7623961811593
improvementE1 : -651.7621933015375
improvementE1 : -651.7435620583972
improvementE3 : -651.4265841179049
improvementE2 : -651.426574828665
improvementE2 : -651.4109792683689
improvementE2 : -651.4109777049204
improvementE3 : -651.4107139961454
improvementE3 : -651.2107317775044
improvementE2 : -651.2107306730054
improvementE2 : -651.2107246905974
improvementE2 : -651.2104563395173
improvementE2 : -650.5360294964973
improvementE2 : -650.5352193810156
improvementE2 : -649.763092489834
improvementE2 : -649.7606165853182
improvementE2 : -649.7606150165725
improvementE2 : -649.7606106151579
improvementE1 : -649.7605975834409
improvementE2 : -649.7605962611673
improvementE3 : -649.7186212087632
improvementE1 : -649.7180676767498
improvementE3 : -649.7180247037819
improvementE2 : -649.71799483648
improvementE2 : -649.716093782238
improvementE3 : -649.7158443459286
improvementE3 : -648.5654100924473
improvementE2 : -648.5651545131666
improvementE2 : -648.5651496065218
improvementE3 : -648.5651429296624
improvementE3 : -645.0107224101023
improvementE3 : -644.805014471003
improvementE3 : -644.8050132822697
improvementE3 : -644.7681333982958
improvementE3 : -638.4407409619714
improvementE3 : -638.4403191302782
improvementE3 : -638.4399272257938
improvementE1 : -638.4399241902006
improvementE2 : -638.4398799662412
improvementE2 : -638.3342434504945
improvementE1 : -638.3013463397097
improvementE1 : -638.3013452414658
improvementE3 : -638.2496349086085
improvementE1 : -637.1085789137313
improvementE1 : -637.1085691190793
improvementE3 : -634.795703692469
improvementE1 : -634.7899527592779
improvementE2 : -634.7899240224651
improvementE1 : -634.7899225989278
improvementE2 : -634.7836131002849
improvementE3 : -634.7644949928524
improvementE3 : -634.4557882823888
improvementE2 : -633.3789496511157
improvementE3 : -632.8253050636793
improvementE3 : -632.8253033984273
improvementE3 : -632.7082397319583
improvementE2 : -632.2385990899508
improvementE2 : -632.2385915717933
improvementE1 : -632.2385674959388
improvementE2 : -632.2385430074088
improvementE2 : -632.235874745628
improvementE3 : -632.2351748711949
improvementE3 : -632.235147459154
improvementE3 : -632.2350944346676
improvementE3 : -632.2227715263843
improvementE1 : -632.2197762042764
improvementE3 : -632.0197884778397
improvementE2 : -629.2572056638008
improvementE1 : -629.2571737204155
improvementE2 : -629.0571850897171
improvementE2 : -629.0570415634295
improvementE1 : -629.0570404542281
improvementE3 : -629.0569712400337
improvementE2 : -627.1077701156969
improvementE2 : -627.107768560447
improvementE2 : -627.1077672725525
improvementE3 : -625.0010355658702
improvementE1 : -624.998544899817
improvementE3 : -624.1175373925525
improvementE1 : -622.0622794877393
improvementE2 : -620.7222593503794
improvementE2 : -612.4753641049458
improvementE3 : -611.6217889406787
improvementE2 : -611.6216101298882
improvementE3 : -611.6214910462008
improvementE3 : -611.6214896580877
improvementE2 : -611.6203607149168
improvementE3 : -611.6193051816275
improvementE3 : -611.6112576443352
improvementE3 : -609.6293668716897
improvementE3 : -609.6240546947444
improvementE1 : -609.6154502419625
improvementE3 : -609.6152625767445
improvementE2 : -609.6151968522832
improvementE3 : -609.6122695406698
improvementE3 : -609.4122907331747
improvementE1 : -609.4120392052214
improvementE1 : -609.4119593655475
improvementE2 : -609.411128716457
improvementE1 : -609.4109719455878
improvementE1 : -609.3106860339954
improvementE3 : -609.3106841344027
improvementE3 : -609.3106823606859
improvementE3 : -609.310675782918
improvementE1 : -609.3106727166163
improvementE2 : -609.310639111631
improvementE3 : -609.3106090516677
improvementE1 : -604.7517233285372
improvementE1 : -600.5483933932962
improvementE3 : -600.5483849441107
improvementE3 : -600.5483831386608
improvementE2 : -600.5470493863238
improvementE3 : -600.5469669123155
improvementE1 : -600.546352615986
improvementE2 : -595.368234488991
improvementE2 : -594.2637761741728
improvementE1 : -594.2627469850092
improvementE1 : -594.2625452522475
improvementE1 : -592.6813559160719
improvementE3 : -592.6812600946226
improvementE3 : -592.595480219662
improvementE2 : -592.5954717587075
improvementE2 : -592.1713196896243
improvementE2 : -591.8002363190204
improvementE2 : -591.8002038791507
improvementE3 : -587.9535320633604
improvementE2 : -587.9530533570115
improvementE3 : -587.9530486554306
improvementE2 : -587.8534652003165
improvementE3 : -587.853453049462
improvementE3 : -587.8534506478292
improvementE2 : -587.8534334747447
improvementE3 : -587.8523339135764
improvementE2 : -587.8523241595242
improvementE2 : -587.8504110635974
improvementE2 : -587.8500831155869
improvementE3 : -587.5883298068466
improvementE3 : -587.5883265721104
improvementE3 : -586.6618803897034
improvementE2 : -586.6618778001553
improvementE2 : -586.4876499833009
improvementE2 : -586.3494327756607
improvementE3 : -586.3410765936827
improvementE3 : -586.3410595045954
improvementE1 : -586.3368427524518
improvementE2 : -586.3365373278563
improvementE1 : -586.335901046406
improvementE1 : -586.3357708075281
improvementE1 : -585.236455073377
improvementE3 : -585.2364490727998
improvementE1 : -585.236389363712
improvementE2 : -585.2363883053978
improvementE2 : -585.2363866409071
improvementE3 : -585.2363581971401
improvementE2 : -584.6550547548349
improvementE3 : -584.6550488416242
improvementE1 : -584.6411957291397
improvementE2 : -584.6411930351416
improvementE3 : -584.6411871888901
improvementE3 : -583.8412772679123
improvementE1 : -583.8402276404852
improvementE3 : -583.8402237072262
improvementE2 : -583.8402212511791
improvementE3 : -583.8402083388152
improvementE3 : -583.8402055738464
improvementE1 : -583.8402022578817
improvementE2 : -583.7824981607746
improvementE3 : -583.7824681358636
improvementE1 : -583.767974386894
improvementE1 : -583.7679265151293
improvementE3 : -583.767839753937
improvementE2 : -583.0858121525954
improvementE2 : -583.0833567574665
improvementE1 : -583.0832765586925
improvementE1 : -583.0832705347137
improvementE1 : -583.0724064701832
improvementE3 : -583.0714099522587
improvementE2 : -582.3346582418264
improvementE3 : -582.3342438386438
improvementE1 : -582.333958592196
improvementE2 : -582.3335125383343
improvementE3 : -582.333456929859
improvementE1 : -582.3331976933129
improvementE1 : -582.3328476648412
improvementE3 : -582.2645563794181
improvementE2 : -581.4658089408442
improvementE3 : -581.4650641315349
improvementE1 : -581.4650050537994
improvementE1 : -581.4650033545386
improvementE3 : -581.4216253609799
improvementE2 : -581.4211708785732
improvementE3 : -581.4211343833152
improvementE3 : -581.4183399325824
improvementE3 : -581.4183292161736
improvementE3 : -581.4183088923073
improvementE3 : -581.4182776519884
improvementE3 : -581.4182662127387
improvementE3 : -581.4182491237693
improvementE3 : -581.4019380141427
improvementE3 : -580.4722247180225
improvementE3 : -579.2429901027009
improvementE3 : -574.3171939676125
improvementE3 : -574.2799396277862
improvementE3 : -574.2798704377617
improvementE3 : -574.2798591773295
improvementE3 : -574.2782692290442
improvementE2 : -574.2717593162331
improvementE2 : -574.2713824235286
improvementE3 : -574.2673188869259
improvementE2 : -574.2654086547908
improvementE3 : -574.2650773253806
improvementE2 : -574.264843285928
improvementE2 : -574.264841300112
improvementE3 : -574.2501793021914
improvementE1 : -574.2500145625602
improvementE3 : -568.7141639960212
improvementE2 : -568.7121455755395
improvementE3 : -568.5618110355546
improvementE2 : -568.5617773013128
improvementE3 : -568.5614630846354
improvementE2 : -568.5613766565849
improvementE3 : -568.5613559773044
improvementE3 : -568.5357473414193
improvementE2 : -568.3357473749562
improvementE1 : -568.33570724717
improvementE3 : -567.6294489968669
improvementE1 : -567.629190558929
improvementE1 : -567.6256642603585
improvementE3 : -567.6256593381447
improvementE3 : -567.6228512581905
logL = -2368.3236287186305
Removing 0 markers
Second round
improvementE3 : -567.5975235744603
improvementE2 : -567.597452618007
improvementE2 : -567.5180193494233
improvementE2 : -567.517930942607
improvementE1 : -567.517916388972
improvementE1 : -567.5067676582792
improvementE3 : -567.3264271918032
improvementE3 : -567.3264259792276
improvementE1 : -567.3262667588981
improvementE2 : -567.3262637418657
improvementE2 : -567.2993445455455
improvementE3 : -567.0344187391694
improvementE2 : -567.0343989157708
improvementE3 : -567.0298254874376
improvementE2 : -567.0294259962271
improvementE1 : -567.029406236278
improvementE1 : -567.0288061386593
improvementE1 : -567.0288034646244
improvementE2 : -567.0287668050081
improvementE3 : -567.0287320814856
improvementE1 : -567.028531199334
improvementE1 : -567.0284807218268
improvementE2 : -567.0284713723428
improvementE2 : -567.0284561120167
improvementE1 : -567.0284244432803
improvementE2 : -567.0284197106726
improvementE2 : -567.0283390004032
improvementE3 : -567.0282451722504
improvementE3 : -567.0282434065848
improvementE2 : -567.0282390503037
improvementE3 : -567.0276824526594
improvementE1 : -567.0276798369357
improvementE3 : -567.0276752727103
improvementE2 : -567.0276360622312
improvementE2 : -567.0276271707451
improvementE1 : -567.021779276214
improvementE1 : -567.0217155620759
improvementE3 : -567.0216813423566
improvementE2 : -567.0216299794687
improvementE2 : -567.0216215642059
improvementE2 : -567.0215772645282
improvementE3 : -567.0215699213433
improvementE2 : -567.0215686786978
improvementE2 : -567.0194632163567
improvementE1 : -567.0194570914533
improvementE1 : -567.0194551330086
improvementE1 : -567.0194218868941
improvementE1 : -567.0142356716284
improvementE3 : -567.0141915501
improvementE3 : -567.0133619607808
improvementE3 : -567.0133412354752
improvementE1 : -564.777543734015
improvementE3 : -564.7775256544999
improvementE2 : -564.776692272503
improvementE3 : -564.7766820165463
