0->0 : 0
0->1 : 0
0->2 : 0
       Error rate = 0.0
1->0 : 0
1->1 : 0
1->2 : 0
       Error rate = 0.0
2->0 : 0
2->1 : 0
2->2 : 0
       Error rate = 0.0
0,2->0,2 : 1336466
  0,2->1 : 0
1,2->1,2 : 0
  1,2->0 : 0
       Error rate = 0.0
Maternally informative markers = 0 (of 12151)
Paternally informative markers = 12151
Maternally or paternally informative markers = 12151
Removed 0 children
Removed 0 markers
Number of LGs = 37
***Family = fam_08 chromosome = 31 numMarkers = 232 maternal informative markers 0 (paternal informative markers 231)
***Family = fam_01 chromosome = 31 numMarkers = 232 maternal informative markers 0 (paternal informative markers 232)
***Family = fam_09 chromosome = 31 numMarkers = 232 maternal informative markers 0 (paternal informative markers 232)
232->174
174->174
All pairs
join 5 and 71 score = 0.0 sizes 1,1
join 89 and 111 score = 0.0 sizes 1,1
join 53 and 89 score = 0.0 sizes 1,2
join 86 and 119 score = 0.0 sizes 1,1
join 86 and 100 score = 0.0 sizes 2,1
join 35 and 100 score = 0.0 sizes 1,3
join 35 and 133 score = 0.0 sizes 4,1
join 105 and 133 score = 0.0 sizes 1,5
join 56 and 87 score = 0.0 sizes 1,1
join 51 and 87 score = 0.0 sizes 1,2
join 47 and 78 score = 0.0 sizes 1,1
join 42 and 59 score = 0.0 sizes 1,1
join 59 and 107 score = 0.0 sizes 2,1
join 0 and 97 score = 0.0 sizes 1,1
join 45 and 97 score = 0.0 sizes 1,2
join 80 and 137 score = 0.0 sizes 1,1
join 80 and 111 score = 0.0 sizes 2,3
join 42 and 53 score = 0.0 sizes 3,5
join 50 and 116 score = 0.0 sizes 1,1
join 0 and 50 score = 0.0 sizes 3,2
join 12 and 60 score = 0.0 sizes 1,1
join 58 and 78 score = 0.0 sizes 1,2
join 33 and 163 score = 0.0 sizes 1,1
join 29 and 45 score = 0.0 sizes 1,5
join 29 and 119 score = 0.0 sizes 6,6
join 88 and 116 score = 0.0 sizes 1,12
join 105 and 107 score = 0.0 sizes 13,8
join 68 and 146 score = 0.0 sizes 1,1
join 114 and 149 score = 0.0 sizes 1,1
join 34 and 114 score = 0.0 sizes 1,2
join 82 and 137 score = 0.0 sizes 1,21
join 88 and 161 score = 0.0 sizes 22,1
join 17 and 82 score = 0.0 sizes 1,23
join 17 and 38 score = 0.0 sizes 24,1
join 152 and 157 score = 0.0 sizes 1,1
join 125 and 171 score = 0.0 sizes 1,1
join 61 and 83 score = 0.0 sizes 1,1
join 60 and 144 score = 0.0 sizes 2,1
join 144 and 155 score = 0.0 sizes 3,1
join 12 and 38 score = 0.0 sizes 4,25
join 152 and 161 score = 0.0 sizes 2,29
join 48 and 157 score = 0.0 sizes 1,31
join 128 and 166 score = 0.0 sizes 1,1
join 101 and 163 score = 0.0 sizes 1,2
join 23 and 130 score = 0.0 sizes 1,1
join 23 and 36 score = 0.0 sizes 2,1
join 46 and 169 score = 0.0 sizes 1,1
join 22 and 46 score = 0.0 sizes 1,2
join 66 and 169 score = 0.0 sizes 1,3
join 47 and 168 score = 0.0 sizes 3,1
join 52 and 168 score = 0.0 sizes 1,4
join 5 and 79 score = 0.0 sizes 2,1
join 125 and 127 score = 0.0 sizes 2,1
join 108 and 127 score = 0.0 sizes 1,3
join 28 and 129 score = 0.0 sizes 1,1
join 54 and 103 score = 0.0 sizes 1,1
join 58 and 126 score = 0.0 sizes 5,1
join 51 and 109 score = 0.0 sizes 3,1
join 94 and 155 score = 0.0 sizes 1,32
join 94 and 136 score = 0.0 sizes 33,1
join 102 and 173 score = 0.0 sizes 1,1
join 106 and 117 score = 0.0 sizes 1,1
join 34 and 159 score = 0.0 sizes 3,1
join 68 and 139 score = 0.0 sizes 2,1
join 43 and 136 score = 0.0 sizes 1,34
join 81 and 122 score = 0.0 sizes 1,1
join 81 and 134 score = 0.0 sizes 2,1
join 69 and 99 score = 0.0 sizes 1,1
join 9 and 56 score = 0.0 sizes 1,4
join 142 and 156 score = 0.0 sizes 1,1
join 65 and 156 score = 0.0 sizes 1,2
join 102 and 142 score = 0.0 sizes 2,3
join 2 and 3 score = 0.0 sizes 1,1
join 7 and 128 score = 0.0 sizes 1,2
join 25 and 113 score = 0.0 sizes 1,1
join 26 and 109 score = 0.0 sizes 1,5
All pairs
join 10 and 95 score = 0.0 sizes 1,1
join 21 and 118 score = 0.0 sizes 1,1
join 66 and 98 score = 0.005319148936170213 sizes 4,1
join 90 and 98 score = 0.0 sizes 1,5
join 27 and 90 score = 0.0 sizes 1,6
join 14 and 147 score = 0.0 sizes 1,1
join 14 and 165 score = 0.0 sizes 2,1
join 71 and 165 score = 0.0 sizes 3,3
join 57 and 123 score = 0.0 sizes 1,1
join 21 and 123 score = 0.0 sizes 2,2
join 6 and 132 score = 0.0 sizes 1,1
join 1 and 164 score = 0.0 sizes 1,1
join 28 and 70 score = 0.0055248618784530384 sizes 2,1
join 126 and 143 score = 0.007352941176470588 sizes 6,1
join 1 and 143 score = 0.0 sizes 2,7
join 54 and 112 score = 0.006211180124223602 sizes 2,1
join 40 and 57 score = 0.0 sizes 1,4
join 118 and 140 score = 0.0 sizes 5,1
join 31 and 40 score = 0.0 sizes 1,6
join 139 and 173 score = 0.00546448087431694 sizes 3,5
join 146 and 166 score = 0.006172839506172839 sizes 8,3
join 49 and 132 score = 0.006711409395973154 sizes 1,2
join 49 and 170 score = 0.0064516129032258064 sizes 3,1
join 15 and 30 score = 0.0 sizes 1,1
join 15 and 160 score = 0.0 sizes 2,1
join 30 and 75 score = 0.0 sizes 3,1
join 154 and 172 score = 0.0 sizes 1,1
join 31 and 154 score = 0.0 sizes 7,2
join 138 and 172 score = 0.0 sizes 1,9
join 85 and 95 score = 0.006369426751592357 sizes 1,2
join 27 and 130 score = 0.007194244604316547 sizes 7,3
join 3 and 108 score = 0.0064516129032258064 sizes 2,4
join 2 and 160 score = 0.0 sizes 6,4
join 75 and 113 score = 0.005376344086021506 sizes 10,2
join 9 and 64 score = 0.0 sizes 6,1
join 140 and 141 score = 0.0 sizes 10,1
join 20 and 138 score = 0.0 sizes 1,11
join 11 and 20 score = 0.0 sizes 1,12
join 22 and 141 score = 0.0 sizes 10,13
join 11 and 16 score = 0.0 sizes 23,1
join 70 and 158 score = 0.0 sizes 3,1
join 69 and 162 score = 0.006756756756756757 sizes 2,1
join 73 and 104 score = 0.0 sizes 1,1
join 24 and 104 score = 0.0 sizes 1,2
join 73 and 153 score = 0.0 sizes 3,1
join 16 and 153 score = 0.0 sizes 24,4
join 8 and 110 score = 0.0 sizes 1,1
join 8 and 164 score = 0.0 sizes 2,9
join 96 and 110 score = 0.0 sizes 1,11
join 13 and 151 score = 0.0 sizes 1,1
join 151 and 158 score = 0.0 sizes 2,4
join 52 and 134 score = 0.013071895424836602 sizes 12,3
join 91 and 122 score = 0.0 sizes 1,15
join 91 and 150 score = 0.0 sizes 16,1
join 124 and 149 score = 0.0 sizes 1,4
join 79 and 106 score = 0.00625 sizes 6,2
join 6 and 147 score = 0.007352941176470588 sizes 4,8
join 85 and 170 score = 0.012987012987012988 sizes 3,12
join 37 and 67 score = 0.0 sizes 1,1
join 135 and 167 score = 0.0 sizes 1,1
join 55 and 171 score = 0.0 sizes 1,12
join 26 and 36 score = 0.011695906432748537 sizes 7,28
join 24 and 145 score = 0.0 sizes 35,1
join 13 and 44 score = 0.0 sizes 6,1
join 112 and 129 score = 0.011904761904761904 sizes 3,7
join 76 and 96 score = 0.0 sizes 1,17
join 83 and 101 score = 0.012422360248447204 sizes 2,3
join 41 and 61 score = 0.0 sizes 1,5
join 32 and 41 score = 0.0 sizes 1,6
join 74 and 121 score = 0.0 sizes 1,1
join 67 and 72 score = 0.0 sizes 2,1
join 44 and 159 score = 0.0 sizes 10,5
join 93 and 150 score = 0.0 sizes 1,18
join 19 and 32 score = 0.0 sizes 1,7
All pairs
join 84 and 162 score = 0.0 sizes 1,3
join 39 and 115 score = 0.0 sizes 1,1
join 63 and 120 score = 0.0 sizes 1,1
join 65 and 74 score = 0.0 sizes 11,2
join 19 and 92 score = 0.03333333333333333 sizes 8,1
join 62 and 84 score = 0.0 sizes 1,4
join 77 and 135 score = 0.03571428571428571 sizes 1,2
join 77 and 120 score = 0.037037037037037035 sizes 3,2
join 25 and 131 score = 0.037267080745341616 sizes 13,1
join 99 and 117 score = 0.036231884057971016 sizes 5,15
join 76 and 145 score = 0.05 sizes 19,36
join 39 and 93 score = 0.038461538461538464 sizes 2,55
join 18 and 103 score = 0.038461538461538464 sizes 1,15
join 18 and 121 score = 0.037037037037037035 sizes 16,13
join 62 and 115 score = 0.07407407407407407 sizes 20,57
join 7 and 33 score = 0.08 sizes 29,9
join 37 and 92 score = 0.037037037037037035 sizes 3,38
join 10 and 148 score = 0.07575757575757576 sizes 77,1
join 55 and 63 score = 0.10714285714285714 sizes 14,5
join 43 and 148 score = 0.13114754098360656 sizes 35,78
join 72 and 167 score = 0.1111111111111111 sizes 41,19
join 48 and 124 score = 0.0 sizes 113,60
join 4 and 131 score = 0.0 sizes 1,173
score = 1.1168556690255411
improvementE2 : -761.9384108464436
improvementE2 : -761.938392896214
improvementE1 : -761.931412958345
improvementE1 : -761.9162091421873
improvementE2 : -761.8800534817633
improvementE3 : -761.8198998992601
improvementE2 : -757.2769887514952
improvementE2 : -757.2752274657396
improvementE3 : -757.2158864933447
improvementE1 : -757.2131073483747
improvementE2 : -757.2130943948373
improvementE3 : -757.2086387392438
improvementE3 : -740.0011776715133
improvementE1 : -740.0011601252971
improvementE1 : -740.0011121774103
improvementE3 : -740.0010147871501
improvementE2 : -740.0009737093084
improvementE2 : -740.0009251454736
improvementE1 : -739.9979860437294
improvementE3 : -739.9895475122265
improvementE3 : -739.9099108274415
improvementE2 : -739.9095789300067
improvementE1 : -739.9064814331751
improvementE3 : -738.3616400860848
improvementE2 : -738.3616387797447
improvementE3 : -738.2763151074231
improvementE2 : -730.3549333795619
improvementE2 : -730.3498261859321
improvementE1 : -730.349163302922
improvementE2 : -690.5864109952262
improvementE2 : -690.5864088086032
improvementE2 : -690.5637913117985
improvementE2 : -690.5632316784227
improvementE3 : -690.5631264147446
improvementE2 : -690.5630489854356
improvementE2 : -690.5622075656919
improvementE1 : -690.5621982060803
improvementE2 : -690.5381223989737
improvementE3 : -690.5377169652998
improvementE1 : -690.5376914094189
improvementE2 : -690.5376873876255
improvementE2 : -690.5333964872651
improvementE2 : -690.5333209746836
improvementE1 : -690.5333183023107
improvementE2 : -687.7095315378781
improvementE1 : -687.613634520583
improvementE1 : -687.5607083690594
improvementE2 : -687.5607027407526
improvementE3 : -687.560354108805
improvementE2 : -687.5603515136745
improvementE1 : -685.152842754571
improvementE3 : -685.1522662523522
improvementE2 : -685.1522650906139
improvementE3 : -682.189080752095
improvementE2 : -682.1863713328028
improvementE3 : -682.1861143437857
improvementE3 : -682.0902395805645
improvementE3 : -682.0902292330079
improvementE3 : -682.0874625983986
improvementE3 : -679.8591353904048
improvementE2 : -679.8591276451314
improvementE2 : -679.8589586725973
improvementE2 : -679.8587802278175
improvementE3 : -679.8587730019281
improvementE2 : -679.8587671657478
improvementE1 : -679.8583379015456
improvementE3 : -679.8583118244421
improvementE1 : -679.8581081077007
improvementE3 : -679.8573237961989
improvementE2 : -679.8569714078667
improvementE1 : -679.8565357835447
improvementE1 : -679.8565137717776
improvementE3 : -679.7940754661048
improvementE3 : -679.7679858621784
improvementE1 : -679.7679353733506
improvementE3 : -679.7675075105741
improvementE2 : -679.7674145755651
improvementE3 : -677.8153072481005
improvementE3 : -677.8152971606762
improvementE2 : -669.7734300549253
improvementE1 : -669.7734289944694
improvementE2 : -669.7730155549332
improvementE3 : -669.7730066290464
improvementE2 : -669.7729895545724
improvementE3 : -669.7728557627197
improvementE1 : -669.7728404463612
improvementE3 : -669.7728260174167
improvementE1 : -669.7728202814798
improvementE3 : -669.7724407627874
improvementE2 : -669.7721876212192
improvementE2 : -669.7721863157375
improvementE3 : -669.7719869357518
improvementE2 : -669.7719385433843
improvementE1 : -669.7717343311174
improvementE1 : -669.7716346031893
improvementE1 : -669.7714982245852
improvementE3 : -669.7714668281903
improvementE1 : -669.7714514117471
improvementE3 : -669.759004859419
improvementE2 : -669.7589938272648
improvementE3 : -669.7586708707997
improvementE3 : -669.7585418113334
improvementE2 : -669.7585145907838
improvementE2 : -669.7585099117546
improvementE1 : -669.7584069140213
improvementE1 : -669.7582369881582
improvementE2 : -669.7578265448442
improvementE2 : -667.7831073104221
improvementE1 : -667.7830800371883
improvementE3 : -667.7829146341741
improvementE3 : -667.7828904051828
improvementE1 : -667.7828884530568
improvementE3 : -667.375361780686
improvementE2 : -667.375341656108
improvementE1 : -667.3753397808081
improvementE3 : -667.3750157763361
improvementE3 : -667.353074908984
improvementE3 : -667.1227707566225
improvementE2 : -666.7734943657106
improvementE3 : -666.7661904433439
improvementE3 : -666.765004671008
improvementE2 : -666.764998119392
improvementE3 : -666.5089966934177
improvementE1 : -666.5039224533266
improvementE2 : -666.5026116390834
improvementE2 : -666.5022617549641
improvementE1 : -666.5022596405473
improvementE3 : -666.5018930214093
improvementE1 : -666.5015716564653
improvementE1 : -666.5012542182758
improvementE2 : -666.50114319371
improvementE2 : -666.4991453490956
improvementE3 : -666.4990949316041
improvementE3 : -666.4883825710485
improvementE3 : -666.4881046049252
improvementE2 : -663.2934980865194
improvementE1 : -663.2687983787815
improvementE1 : -663.2687832593764
improvementE3 : -663.2687605122069
improvementE3 : -663.2687008323514
improvementE1 : -663.2680923272894
improvementE2 : -663.268071830169
improvementE3 : -663.1301086220599
improvementE2 : -663.1299941417465
improvementE3 : -663.1299876668284
improvementE3 : -663.1288378347683
improvementE3 : -663.128593486893
improvementE1 : -663.0631487610377
improvementE2 : -663.0313768888759
improvementE3 : -663.0240549493052
improvementE2 : -663.0240058620577
improvementE3 : -663.0237895590021
improvementE1 : -663.0236633207396
improvementE3 : -662.9168584594948
improvementE1 : -662.8888527143556
improvementE3 : -662.8888451037319
improvementE2 : -662.8884378287446
improvementE3 : -662.888392503608
improvementE3 : -662.8883523162742
improvementE3 : -662.8883500564723
improvementE3 : -662.8883482898409
improvementE2 : -662.8882284820297
improvementE3 : -662.88805821318
improvementE2 : -662.8880565544039
improvementE2 : -662.8879914204003
improvementE2 : -614.0788961390174
improvementE3 : -614.0788790095041
improvementE3 : -610.9138393120165
improvementE3 : -608.9712825606973
improvementE3 : -606.9951913478021
improvementE1 : -606.995190087229
improvementE1 : -606.9951809668407
improvementE3 : -606.8884543537873
improvementE1 : -604.6909082875968
improvementE3 : -601.8847277211304
improvementE1 : -599.0718941211449
improvementE3 : -598.6217574106033
improvementE2 : -598.6217481702236
improvementE2 : -562.8304355494136
improvementE1 : -560.353873097591
improvementE3 : -559.8856528268038
improvementE3 : -559.8855932632505
improvementE3 : -559.8855589832667
improvementE1 : -559.8855576312267
improvementE1 : -559.8524466098595
improvementE3 : -559.8524406797762
improvementE3 : -559.8524340274404
improvementE2 : -559.8524105604911
improvementE1 : -559.8523223431018
improvementE2 : -559.8523208906524
improvementE3 : -552.8572549078294
improvementE3 : -552.8572261206912
improvementE2 : -552.8572192999987
improvementE1 : -544.9599158385912
improvementE1 : -544.9597284624764
improvementE3 : -544.9592119740762
improvementE2 : -543.7533422432414
improvementE1 : -543.7532897519189
improvementE3 : -543.753267846002
improvementE2 : -543.7532645087854
improvementE3 : -529.2988551282227
improvementE3 : -529.2986847729162
improvementE1 : -529.2986813640252
improvementE1 : -529.2986773464469
improvementE1 : -529.298599906177
improvementE3 : -519.4657831804032
improvementE3 : -519.465780061293
improvementE2 : -519.4642905346066
improvementE3 : -519.4642892215986
improvementE3 : -519.4642515825052
improvementE3 : -516.5443907875613
improvementE3 : -516.5442370526794
improvementE3 : -516.5441911141523
improvementE2 : -516.5441897726365
improvementE2 : -515.5526579214247
improvementE3 : -515.5465604714641
improvementE2 : -515.5465558921762
improvementE1 : -515.5465518188082
improvementE1 : -515.5465345833836
improvementE3 : -515.5465332302923
improvementE3 : -515.5464922653114
improvementE3 : -515.5464832132648
improvementE1 : -515.5464807626333
improvementE3 : -515.5463392049589
improvementE3 : -515.3092874227518
improvementE1 : -515.3087864283659
improvementE3 : -515.3087850253419
improvementE3 : -515.3087835657107
improvementE1 : -515.1258135025569
improvementE3 : -515.1256371730898
improvementE2 : -515.1255190617414
improvementE2 : -515.1252380159852
improvementE1 : -515.1252283009678
improvementE1 : -514.6216658604274
improvementE3 : -514.4887062669691
improvementE3 : -514.4886824900832
improvementE3 : -514.4886463872908
improvementE1 : -514.4886451650509
improvementE1 : -514.3368972225596
improvementE2 : -490.3101841496766
improvementE1 : -490.3100779099493
improvementE2 : -490.3096609994347
improvementE3 : -490.30959935156295
improvementE1 : -490.30515496007155
improvementE1 : -490.3051390510767
improvementE2 : -490.2672281616886
improvementE2 : -490.2669014932366
improvementE1 : -490.2668995721001
improvementE3 : -490.15995474023737
improvementE1 : -490.1599298091177
improvementE1 : -490.1599157436674
improvementE3 : -487.92810845223124
improvementE2 : -462.426019729903
improvementE3 : -462.42587081455844
improvementE3 : -460.50394081745947
improvementE1 : -460.49832266051675
improvementE3 : -460.49823221131254
improvementE2 : -460.464199302792
improvementE2 : -460.46419281593546
improvementE1 : -460.46403494556984
improvementE2 : -460.46403310559947
improvementE3 : -459.4147729780369
improvementE1 : -459.37884828249236
improvementE3 : -457.95116748877393
improvementE2 : -457.9509772505504
improvementE3 : -456.01601142773046
improvementE1 : -456.01586840657666
improvementE1 : -456.0158632594037
improvementE3 : -455.09157991609214
improvementE2 : -455.0915612785009
improvementE1 : -455.0915423220668
improvementE3 : -455.06078305622333
improvementE2 : -452.9382633963539
improvementE3 : -452.93403475383417
improvementE3 : -452.93360108511115
improvementE3 : -452.9335217629961
improvementE1 : -452.9335062496085
improvementE2 : -452.93338310713045
improvementE1 : -452.92877433688227
improvementE2 : -452.9287613670956
improvementE3 : -452.928751818952
improvementE3 : -452.92873475812905
improvementE3 : -452.92833541766726
improvementE3 : -452.91991071853374
improvementE1 : -452.91989054322687
improvementE1 : -452.91457359819657
improvementE2 : -452.914544176266
improvementE2 : -452.91454268870444
improvementE1 : -452.9145259266044
improvementE3 : -452.91401266055374
improvementE3 : -452.7197423975726
improvementE3 : -452.71967580032407
improvementE1 : -450.20686289238705
improvementE1 : -450.1583013545259
improvementE2 : -450.1582907656755
improvementE1 : -450.0506804404428
improvementE1 : -447.78393829197904
improvementE1 : -447.78236195822905
improvementE1 : -447.6531116996484
improvementE2 : -447.65281329000396
improvementE2 : -447.65280878779737
improvementE3 : -447.58992770361544
improvementE1 : -447.58071089195863
improvementE3 : -447.5396313461353
improvementE3 : -447.53534743318403
improvementE3 : -447.53474442939876
improvementE2 : -447.4469544462423
improvementE3 : -447.44004764415257
improvementE1 : -447.440034081529
improvementE3 : -447.2290357000175
improvementE1 : -447.22165632123773
improvementE2 : -447.22140964786763
improvementE3 : -447.2214053322473
improvementE2 : -447.21787634910527
improvementE3 : -445.04901671498465
improvementE3 : -445.0483141458084
improvementE3 : -445.0483053431244
improvementE2 : -445.0205855734843
improvementE3 : -438.3229757339919
improvementE2 : -438.32296038743425
improvementE2 : -438.3229542704792
improvementE3 : -438.32273667699087
improvementE1 : -438.3216021608295
improvementE3 : -438.32152752598364
improvementE2 : -438.32151308661633
improvementE1 : -438.3214423720754
improvementE3 : -431.1896208265878
improvementE2 : -431.1816144646435
improvementE3 : -431.18047230819883
improvementE3 : -431.18039724598395
improvementE3 : -431.1713640310497
improvementE3 : -431.17136207209245
improvementE1 : -431.124090247454
improvementE1 : -428.87656835062705
improvementE1 : -428.8765658224399
improvementE1 : -428.8755147046262
improvementE1 : -428.8755075241779
improvementE1 : -428.87546527445517
improvementE1 : -428.8754584808511
improvementE3 : -428.8754493656009
improvementE3 : -428.87539639895016
improvementE1 : -428.8753727380915
improvementE3 : -428.8753280065138
improvementE1 : -428.8752843941039
improvementE2 : -426.99065084736725
improvementE2 : -426.9887835025314
improvementE1 : -426.98878092386644
improvementE1 : -426.9886684983495
improvementE3 : -426.9885632605128
improvementE2 : -426.98854661960235
improvementE3 : -426.98853134401486
improvementE1 : -426.97088438991335
improvementE3 : -426.97087986749943
improvementE2 : -426.9617064665639
improvementE2 : -426.96163395165746
improvementE3 : -426.93121854581625
improvementE1 : -426.93117219408515
improvementE3 : -426.93117090723035
improvementE1 : -426.90302300616594
improvementE3 : -426.9029667308737
improvementE3 : -426.9029442811888
improvementE1 : -426.9029249915478
improvementE3 : -426.90288944436173
improvementE3 : -426.89790486940376
improvementE3 : -426.89790058079814
improvementE3 : -426.896997579755
improvementE2 : -426.8968341485637
improvementE1 : -426.8968327481259
improvementE3 : -426.87304782832103
improvementE1 : -426.87304501249554
improvementE2 : -426.8728046635498
improvementE3 : -426.87280215003705
improvementE3 : -426.87254915060953
improvementE1 : -426.8725359836094
improvementE3 : -426.8724041850561
improvementE3 : -424.58929598433133
logL = -2984.485467214928
Removing 0 markers
Second round
improvementE3 : -424.58928754542757
improvementE1 : -422.2841675673564
improvementE2 : -422.15266055503935
improvementE3 : -422.1486265481123
improvementE1 : -422.1486161955285
improvementE1 : -422.14858599211146
improvementE1 : -422.1485365570884
improvementE3 : -422.14853022041893
improvementE3 : -422.1485291307248
improvementE3 : -422.14852415355784
improvementE2 : -422.1480515066704
improvementE3 : -422.1473298543318
improvementE3 : -422.1470369200266
improvementE2 : -422.13888450784964
improvementE3 : -422.1363955698139
improvementE3 : -422.1363180657757
improvementE1 : -422.1311013383667
improvementE1 : -422.13091237307714
improvementE2 : -422.13030260843044
improvementE2 : -422.1300534551705
improvementE1 : -422.13002879511106
improvementE3 : -422.12999891453984
improvementE3 : -422.1299969659853
improvementE2 : -422.12999592663994
improvementE3 : -422.12971201931714
improvementE1 : -422.12964517098277
improvementE1 : -422.1296410762012
improvementE2 : -422.1296398474696
improvementE1 : -422.12189358126517
improvementE2 : -422.1218913380374
improvementE1 : -422.1217479406335
improvementE1 : -422.1217369961294
improvementE2 : -422.12066719907074
improvementE3 : -422.12065182357907
improvementE1 : -421.8377667920311
improvementE3 : -421.83775069028496
improvementE3 : -421.8377476327059
improvementE3 : -421.837678145605
improvementE2 : -421.83766947350045
improvementE3 : -418.952213707201
improvementE3 : -418.9522044665709
improvementE1 : -418.9522019696101
improvementE1 : -418.9519862561864
improvementE3 : -416.0335798226733
improvementE3 : -416.03357879382474
improvementE3 : -416.0332924963105
improvementE3 : -416.0332326176191
improvementE3 : -416.0332302963746
improvementE3 : -416.0332259244822
