0->0 : 0
0->1 : 0
0->2 : 0
       Error rate = 0.0
1->0 : 0
1->1 : 0
1->2 : 0
       Error rate = 0.0
2->0 : 0
2->1 : 0
2->2 : 0
       Error rate = 0.0
0,2->0,2 : 1336466
  0,2->1 : 0
1,2->1,2 : 0
  1,2->0 : 0
       Error rate = 0.0
Maternally informative markers = 0 (of 12151)
Paternally informative markers = 12151
Maternally or paternally informative markers = 12151
Removed 0 children
Removed 0 markers
Number of LGs = 37
***Family = fam_08 chromosome = 19 numMarkers = 267 maternal informative markers 0 (paternal informative markers 267)
***Family = fam_01 chromosome = 19 numMarkers = 267 maternal informative markers 0 (paternal informative markers 267)
***Family = fam_09 chromosome = 19 numMarkers = 267 maternal informative markers 0 (paternal informative markers 267)
267->199
199->199
All pairs
join 89 and 133 score = 0.0 sizes 1,1
join 134 and 168 score = 0.0 sizes 1,1
join 34 and 58 score = 0.0 sizes 1,1
join 29 and 58 score = 0.0 sizes 1,2
join 34 and 192 score = 0.0 sizes 3,1
join 171 and 192 score = 0.0 sizes 1,4
join 127 and 161 score = 0.0 sizes 1,1
join 8 and 102 score = 0.0 sizes 1,1
join 46 and 177 score = 0.0 sizes 1,1
join 168 and 169 score = 0.0 sizes 2,1
join 141 and 153 score = 0.0 sizes 1,1
join 68 and 169 score = 0.0 sizes 1,3
join 132 and 134 score = 0.0 sizes 1,4
join 68 and 129 score = 0.0 sizes 5,1
join 46 and 61 score = 0.0 sizes 2,1
join 143 and 196 score = 0.0 sizes 1,1
join 8 and 132 score = 0.0 sizes 2,6
join 104 and 108 score = 0.0 sizes 1,1
join 96 and 104 score = 0.0 sizes 1,2
join 108 and 155 score = 0.0 sizes 3,1
join 117 and 144 score = 0.0 sizes 1,1
join 79 and 121 score = 0.0 sizes 1,1
join 24 and 121 score = 0.0 sizes 1,2
join 14 and 196 score = 0.0 sizes 1,2
join 90 and 143 score = 0.0 sizes 1,3
join 90 and 180 score = 0.0 sizes 4,1
join 102 and 144 score = 0.0 sizes 8,2
join 48 and 181 score = 0.0 sizes 1,1
join 96 and 114 score = 0.0 sizes 4,1
join 42 and 148 score = 0.0 sizes 1,1
join 29 and 79 score = 0.0 sizes 5,3
join 64 and 126 score = 0.0 sizes 1,1
join 43 and 76 score = 0.0 sizes 1,1
join 41 and 43 score = 0.0 sizes 1,2
join 11 and 66 score = 0.0 sizes 1,1
join 117 and 155 score = 0.0 sizes 10,5
join 181 and 195 score = 0.0 sizes 2,1
join 55 and 160 score = 0.0 sizes 1,1
join 55 and 89 score = 0.0 sizes 2,2
join 4 and 105 score = 0.0 sizes 1,1
join 4 and 72 score = 0.0 sizes 2,1
join 59 and 72 score = 0.0 sizes 1,3
join 41 and 142 score = 0.0 sizes 3,1
join 0 and 13 score = 0.0 sizes 1,1
join 0 and 127 score = 0.0 sizes 2,2
join 13 and 162 score = 0.0 sizes 4,1
join 66 and 109 score = 0.0 sizes 2,1
join 47 and 109 score = 0.0 sizes 1,3
join 6 and 12 score = 0.0 sizes 1,1
join 67 and 126 score = 0.0 sizes 1,2
join 49 and 140 score = 0.0 sizes 1,1
join 49 and 167 score = 0.0 sizes 2,1
join 81 and 179 score = 0.0 sizes 1,1
join 47 and 87 score = 0.0 sizes 4,1
join 93 and 107 score = 0.0 sizes 1,1
join 164 and 195 score = 0.0 sizes 1,3
join 61 and 159 score = 0.005319148936170213 sizes 3,1
join 159 and 185 score = 0.0 sizes 4,1
join 22 and 185 score = 0.0 sizes 1,5
join 18 and 30 score = 0.0 sizes 1,1
join 37 and 116 score = 0.0 sizes 1,1
join 37 and 129 score = 0.0 sizes 2,15
join 116 and 187 score = 0.0 sizes 17,1
join 115 and 171 score = 0.005988023952095809 sizes 1,8
join 24 and 81 score = 0.006622516556291391 sizes 9,2
join 146 and 153 score = 0.0 sizes 1,2
join 161 and 173 score = 0.005235602094240838 sizes 5,1
join 80 and 107 score = 0.006329113924050633 sizes 1,2
join 87 and 92 score = 0.006493506493506494 sizes 5,1
join 11 and 145 score = 0.006134969325153374 sizes 6,1
join 56 and 147 score = 0.006097560975609756 sizes 1,1
join 45 and 56 score = 0.006097560975609756 sizes 1,2
join 123 and 150 score = 0.0 sizes 1,1
join 151 and 190 score = 0.0 sizes 1,1
join 40 and 139 score = 0.0 sizes 1,1
join 18 and 27 score = 0.0 sizes 2,1
join 5 and 30 score = 0.0 sizes 1,3
join 1 and 135 score = 0.0 sizes 1,1
join 1 and 26 score = 0.0 sizes 2,1
join 76 and 194 score = 0.007936507936507936 sizes 4,1
join 5 and 173 score = 0.0 sizes 4,6
join 140 and 148 score = 0.006756756756756757 sizes 3,2
join 27 and 146 score = 0.0 sizes 10,3
join 23 and 157 score = 0.0 sizes 1,1
join 23 and 166 score = 0.0 sizes 2,1
join 69 and 97 score = 0.014598540145985401 sizes 1,1
join 22 and 135 score = 0.0 sizes 6,3
join 25 and 26 score = 0.0 sizes 1,9
join 25 and 138 score = 0.010101010101010102 sizes 10,1
join 15 and 145 score = 0.012048192771084338 sizes 1,7
join 3 and 92 score = 0.006172839506172839 sizes 1,8
join 3 and 174 score = 0.006134969325153374 sizes 9,1
join 2 and 80 score = 0.0 sizes 1,3
join 28 and 141 score = 0.006944444444444444 sizes 1,13
join 28 and 82 score = 0.0 sizes 14,1
join 154 and 191 score = 0.011764705882352941 sizes 1,1
join 115 and 197 score = 0.011976047904191617 sizes 11,1
All pairs
join 19 and 136 score = 0.006172839506172839 sizes 1,1
join 12 and 136 score = 0.006329113924050633 sizes 2,2
join 97 and 114 score = 0.0072992700729927005 sizes 2,18
join 166 and 193 score = 0.0 sizes 3,1
join 10 and 133 score = 0.0 sizes 1,4
join 118 and 175 score = 0.0 sizes 1,1
join 7 and 40 score = 0.006666666666666667 sizes 1,2
join 63 and 123 score = 0.0 sizes 1,2
join 105 and 162 score = 0.013333333333333334 sizes 4,15
join 15 and 191 score = 0.011834319526627219 sizes 10,2
join 14 and 35 score = 0.0 sizes 5,1
join 19 and 35 score = 0.0 sizes 4,6
join 93 and 147 score = 0.012987012987012988 sizes 4,3
join 71 and 164 score = 0.0 sizes 1,4
join 21 and 71 score = 0.0 sizes 1,5
join 88 and 157 score = 0.0 sizes 1,4
join 45 and 91 score = 0.018518518518518517 sizes 7,1
join 6 and 190 score = 0.01910828025477707 sizes 10,2
join 125 and 139 score = 0.01935483870967742 sizes 1,3
join 7 and 39 score = 0.0 sizes 4,1
join 149 and 179 score = 0.017341040462427744 sizes 1,12
join 83 and 91 score = 0.025157232704402517 sizes 1,8
join 60 and 85 score = 0.0 sizes 1,1
join 165 and 197 score = 0.012121212121212121 sizes 1,13
join 149 and 158 score = 0.01744186046511628 sizes 14,1
join 48 and 167 score = 0.025 sizes 6,5
join 103 and 177 score = 0.012195121951219513 sizes 1,11
join 152 and 165 score = 0.017857142857142856 sizes 1,15
join 120 and 152 score = 0.029585798816568046 sizes 1,16
join 95 and 156 score = 0.0 sizes 1,1
join 95 and 150 score = 0.0 sizes 2,3
join 163 and 184 score = 0.025974025974025976 sizes 1,1
join 67 and 151 score = 0.024691358024691357 sizes 3,12
join 53 and 59 score = 0.024390243902439025 sizes 1,19
join 138 and 163 score = 0.024539877300613498 sizes 12,2
join 130 and 158 score = 0.029069767441860465 sizes 1,17
join 86 and 154 score = 0.029069767441860465 sizes 1,12
join 57 and 174 score = 0.025477707006369428 sizes 1,13
join 17 and 187 score = 0.024539877300613498 sizes 1,20
join 70 and 122 score = 0.0 sizes 1,1
join 70 and 120 score = 0.023809523809523808 sizes 2,18
join 57 and 189 score = 0.024539877300613498 sizes 14,1
join 33 and 189 score = 0.0 sizes 1,15
join 98 and 178 score = 0.03225806451612903 sizes 1,1
join 60 and 130 score = 0.03571428571428571 sizes 2,20
join 83 and 122 score = 0.034482758620689655 sizes 9,22
join 2 and 113 score = 0.029411764705882353 sizes 31,1
join 54 and 184 score = 0.03164556962025317 sizes 1,14
join 54 and 86 score = 0.029239766081871343 sizes 15,16
join 16 and 188 score = 0.043795620437956206 sizes 1,1
join 170 and 176 score = 0.0 sizes 1,1
join 52 and 176 score = 0.03333333333333333 sizes 1,2
join 44 and 53 score = 0.03571428571428571 sizes 1,20
join 16 and 137 score = 0.031746031746031744 sizes 2,1
join 131 and 137 score = 0.025 sizes 1,3
join 125 and 160 score = 0.04697986577181208 sizes 5,5
join 20 and 21 score = 0.038461538461538464 sizes 1,11
join 17 and 74 score = 0.037267080745341616 sizes 21,1
join 74 and 103 score = 0.043209876543209874 sizes 22,31
join 31 and 51 score = 0.0 sizes 1,1
join 69 and 101 score = 0.0472972972972973 sizes 53,1
join 63 and 198 score = 0.034482758620689655 sizes 5,1
join 38 and 50 score = 0.03825136612021858 sizes 1,1
join 50 and 101 score = 0.04294478527607362 sizes 2,54
join 32 and 33 score = 0.038461538461538464 sizes 1,56
join 100 and 156 score = 0.038461538461538464 sizes 1,6
join 85 and 110 score = 0.03571428571428571 sizes 32,1
join 110 and 183 score = 0.037037037037037035 sizes 33,1
join 9 and 113 score = 0.029411764705882353 sizes 1,34
join 10 and 51 score = 0.04 sizes 10,2
join 31 and 194 score = 0.04 sizes 12,5
join 20 and 39 score = 0.043478260869565216 sizes 12,17
join 42 and 180 score = 0.034482758620689655 sizes 29,15
join 64 and 82 score = 0.03870967741935484 sizes 44,21
join 38 and 112 score = 0.038461538461538464 sizes 57,1
All pairs
join 99 and 119 score = 0.0 sizes 1,1
join 106 and 193 score = 0.037037037037037035 sizes 1,5
join 62 and 88 score = 0.038461538461538464 sizes 1,6
join 170 and 198 score = 0.06896551724137931 sizes 3,7
join 73 and 131 score = 0.05185185185185185 sizes 1,4
join 32 and 65 score = 0.06451612903225806 sizes 58,1
join 111 and 183 score = 0.08333333333333333 sizes 1,35
join 100 and 106 score = 0.0625 sizes 10,7
join 94 and 124 score = 0.06666666666666667 sizes 1,1
join 9 and 84 score = 0.09090909090909091 sizes 36,1
join 111 and 188 score = 0.08108108108108109 sizes 37,5
join 84 and 172 score = 0.06060606060606061 sizes 42,1
join 119 and 175 score = 0.1 sizes 2,2
join 182 and 186 score = 0.1111111111111111 sizes 1,1
join 94 and 182 score = 0.10714285714285714 sizes 2,2
join 36 and 44 score = 0.09411764705882353 sizes 1,65
join 36 and 112 score = 0.08823529411764706 sizes 66,59
join 128 and 178 score = 0.10344827586206896 sizes 1,2
join 65 and 78 score = 0.1 sizes 125,1
join 128 and 172 score = 0.1 sizes 3,43
join 62 and 75 score = 0.1724137931034483 sizes 17,1
join 78 and 186 score = 0.16666666666666666 sizes 126,4
join 52 and 124 score = 0.22580645161290322 sizes 18,130
join 75 and 98 score = 0.2 sizes 148,46
join 77 and 118 score = 0.17391304347826086 sizes 1,4
join 77 and 142 score = 0.0 sizes 5,194
score = 4.237395541839332
improvementE2 : -1555.3384303159355
improvementE3 : -1555.3106538929999
improvementE2 : -1555.3020863801314
improvementE2 : -1555.2995411566856
improvementE2 : -1548.4720111867373
improvementE3 : -1548.0296986881776
improvementE3 : -1548.0295641507555
improvementE1 : -1547.039329267893
improvementE3 : -1545.8506932066591
improvementE1 : -1545.8473822484953
improvementE3 : -1545.843133771922
improvementE3 : -1545.3717450594118
improvementE2 : -1545.369610163788
improvementE1 : -1545.3688873791998
improvementE2 : -1538.7982487987615
improvementE2 : -1538.5683938798181
improvementE3 : -1538.5584118726777
improvementE1 : -1538.5583244152801
improvementE3 : -1538.468447868099
improvementE3 : -1535.416323541474
improvementE2 : -1535.413149905948
improvementE3 : -1535.4015782031524
improvementE2 : -1528.2822653838869
improvementE2 : -1528.2812232853003
improvementE3 : -1526.2801031211734
improvementE3 : -1526.2781161070175
improvementE3 : -1526.014500768324
improvementE3 : -1525.784774835991
improvementE2 : -1525.7820063428514
improvementE3 : -1525.2235942397162
improvementE3 : -1525.055009852354
improvementE1 : -1525.0447002179653
improvementE2 : -1525.0438165929372
improvementE3 : -1524.9606029255292
improvementE3 : -1524.651778316526
improvementE3 : -1524.522767848648
improvementE2 : -1520.5291181680373
improvementE3 : -1517.49804926299
improvementE1 : -1514.0422200478977
improvementE1 : -1513.8903971246164
improvementE3 : -1513.890382304538
improvementE3 : -1513.551432666999
improvementE3 : -1512.0035740050216
improvementE3 : -1512.0035685189641
improvementE3 : -1511.9938277152946
improvementE2 : -1511.99356792869
improvementE1 : -1510.644216290427
improvementE3 : -1510.64414342368
improvementE1 : -1510.6441418957038
improvementE3 : -1487.9115110745315
improvementE3 : -1487.301579761764
improvementE3 : -1487.3014545367337
improvementE2 : -1487.3014510264406
improvementE3 : -1484.07446705789
improvementE3 : -1482.545137208935
improvementE3 : -1482.5044853382149
improvementE3 : -1482.504467988303
improvementE1 : -1482.4833400733608
improvementE2 : -1482.4831136895189
improvementE3 : -1482.48281430151
improvementE3 : -1478.890321914778
improvementE1 : -1478.88999631552
improvementE1 : -1476.938486644549
improvementE1 : -1476.9383709642098
improvementE3 : -1474.0118530921652
improvementE2 : -1474.0118481352379
improvementE3 : -1469.3993699135892
improvementE2 : -1469.3985870958827
improvementE3 : -1469.3841690093204
improvementE1 : -1469.383489651397
improvementE1 : -1469.331294645532
improvementE3 : -1469.3311109796737
improvementE3 : -1468.9353241292465
improvementE3 : -1467.8698814599115
improvementE1 : -1467.6961895303134
improvementE3 : -1467.4956638377407
improvementE1 : -1467.4924809278714
improvementE2 : -1467.4923332169888
improvementE1 : -1467.4917633603723
improvementE1 : -1467.4600340987677
improvementE2 : -1467.4600301993491
improvementE2 : -1467.4539272946581
improvementE1 : -1467.4403877805232
improvementE1 : -1467.4392706819708
improvementE2 : -1467.4391356060041
improvementE2 : -1467.0789723469188
improvementE1 : -1467.0789712154437
improvementE3 : -1467.0417735928002
improvementE3 : -1466.8497562759972
improvementE3 : -1466.8029322296275
improvementE2 : -1466.8029301575366
improvementE1 : -1466.8029286905694
improvementE3 : -1466.800471172885
improvementE3 : -1457.8550173801768
improvementE2 : -1457.8504567574078
improvementE3 : -1457.7135587572716
improvementE2 : -1456.6055404460571
improvementE2 : -1456.6055358172202
improvementE3 : -1456.6055302158434
improvementE2 : -1456.605494037633
improvementE1 : -1456.6054012771024
improvementE1 : -1456.6053929459192
improvementE3 : -1456.6053433003606
improvementE2 : -1454.7732531755212
improvementE1 : -1454.7727567553457
improvementE1 : -1451.1093800348754
improvementE2 : -1451.1034794757456
improvementE3 : -1446.963874500326
improvementE2 : -1446.9638702597879
improvementE3 : -1446.9619167510632
improvementE3 : -1446.960260469537
improvementE3 : -1446.6857973735587
improvementE1 : -1446.6849894100396
improvementE2 : -1430.9255005408704
improvementE2 : -1430.9254774786873
improvementE1 : -1430.9251892297766
improvementE3 : -1430.9214935951195
improvementE3 : -1430.8418377046582
improvementE1 : -1430.8383224135437
improvementE3 : -1430.8383182711882
improvementE3 : -1430.8287712492433
improvementE2 : -1429.8185344529365
improvementE2 : -1429.8184039216176
improvementE2 : -1429.8184004330308
improvementE1 : -1429.818396354459
improvementE3 : -1429.7889964324117
improvementE2 : -1429.7398927386062
improvementE2 : -1429.7372937649611
improvementE3 : -1429.5009880536907
improvementE1 : -1429.5009866514233
improvementE1 : -1429.5009573691027
improvementE2 : -1427.7791831468421
improvementE3 : -1426.0270532847458
improvementE3 : -1426.0205907366837
improvementE3 : -1426.0022264794975
improvementE3 : -1425.9959783273985
improvementE3 : -1425.994757339465
improvementE1 : -1425.9609197984446
improvementE2 : -1407.1627623046106
improvementE3 : -1407.1578969500256
improvementE2 : -1402.8244918161838
improvementE3 : -1402.8243680177734
improvementE3 : -1398.880389587107
improvementE1 : -1398.8802358038597
improvementE3 : -1398.8296289880811
improvementE1 : -1398.8073088857964
improvementE1 : -1398.8071249411707
improvementE1 : -1398.8070856028803
improvementE3 : -1398.8065912037625
improvementE2 : -1398.8065859479743
improvementE1 : -1394.1119607914407
improvementE3 : -1394.1116074381284
improvementE2 : -1394.0258369274243
improvementE3 : -1394.0258321060405
improvementE3 : -1394.0258134935855
improvementE1 : -1394.0238875014884
improvementE3 : -1394.0207587526916
improvementE1 : -1394.0138527764589
improvementE3 : -1394.011439537692
improvementE3 : -1394.0106537937752
improvementE3 : -1394.0106520591057
improvementE3 : -1393.8016308674946
improvementE2 : -1393.801207920394
improvementE3 : -1393.79206013414
improvementE2 : -1393.79140783447
improvementE2 : -1393.7894161936988
improvementE2 : -1393.7883101306415
improvementE3 : -1393.7850880816982
improvementE1 : -1393.7778770247944
improvementE1 : -1393.7733671464634
improvementE2 : -1393.773107697838
improvementE3 : -1393.7729346798387
improvementE1 : -1393.762243312646
improvementE3 : -1393.7585689861444
improvementE3 : -1393.7559292805508
improvementE3 : -1389.4379164249713
improvementE3 : -1389.3692462236581
improvementE1 : -1388.4019754273922
improvementE1 : -1388.389136412632
improvementE1 : -1388.3883865793337
improvementE3 : -1388.3820537204404
improvementE3 : -1384.8661414147796
improvementE1 : -1384.8632483487943
improvementE3 : -1377.3501829829338
improvementE3 : -1376.656159366028
improvementE3 : -1376.656014321997
improvementE3 : -1374.8947263420348
improvementE3 : -1374.8946480446425
improvementE2 : -1374.8946444459334
improvementE2 : -1374.8737191415803
improvementE3 : -1367.6431357453005
improvementE3 : -1367.0672493414545
improvementE2 : -1367.0656754291253
improvementE2 : -1366.809169590313
improvementE1 : -1364.5017334470463
improvementE1 : -1364.0963869019208
improvementE3 : -1364.0963856010126
improvementE1 : -1362.8229994674616
improvementE2 : -1362.822882992305
improvementE2 : -1360.822862726824
improvementE1 : -1358.8221632590444
improvementE1 : -1358.8207428881533
improvementE1 : -1358.8205780647831
improvementE3 : -1358.8197154220175
improvementE3 : -1358.8196449970815
improvementE2 : -1358.8143989372834
improvementE2 : -1358.8142555295271
improvementE2 : -1357.8194692238249
improvementE1 : -1357.8194516701262
improvementE3 : -1357.8152106657953
improvementE3 : -1357.8152094385496
improvementE1 : -1357.3119162145429
improvementE2 : -1353.855352078193
improvementE3 : -1353.8524359466905
improvementE3 : -1353.852382539211
improvementE1 : -1353.851811928365
improvementE1 : -1353.8347125150076
improvementE1 : -1353.247462195517
improvementE3 : -1353.2470276477482
improvementE3 : -1350.7374124691737
improvementE3 : -1350.729171139495
improvementE3 : -1350.6894032673022
improvementE3 : -1350.689363434726
improvementE2 : -1350.6893491242654
improvementE2 : -1350.6891829339706
improvementE3 : -1350.6887693508606
improvementE3 : -1350.688757735326
improvementE1 : -1350.682769800324
improvementE1 : -1350.6827564387643
improvementE3 : -1350.6744079025223
improvementE2 : -1350.6530124482347
improvementE3 : -1350.6245762314713
improvementE1 : -1350.6245343418868
improvementE3 : -1350.6228814550068
improvementE2 : -1347.3522865317634
improvementE1 : -1340.2731382802478
improvementE1 : -1340.2714733426697
improvementE3 : -1340.26606649835
improvementE2 : -1340.2660636020325
improvementE3 : -1340.2658051051285
improvementE2 : -1338.2658051121402
improvementE3 : -1338.211574400012
improvementE1 : -1336.383118889747
improvementE1 : -1335.4074233673482
improvementE2 : -1335.4072233055667
improvementE3 : -1332.7060133604218
improvementE2 : -1331.6976193213327
improvementE3 : -1331.6929835272063
improvementE2 : -1331.69290261532
improvementE3 : -1331.6818310914227
improvementE1 : -1331.6812162228707
improvementE2 : -1331.680994323302
improvementE2 : -1331.6807345036887
improvementE2 : -1331.6717102579287
improvementE1 : -1331.6711835731282
improvementE2 : -1331.6700958505671
improvementE3 : -1331.6650482858668
improvementE3 : -1331.6638262766405
improvementE3 : -1329.6662899088751
improvementE1 : -1329.666269895357
improvementE3 : -1328.8438607077196
improvementE3 : -1328.8438569151156
improvementE1 : -1328.8438553110557
improvementE1 : -1328.843449412287
improvementE3 : -1326.871923023387
improvementE3 : -1326.8698692865182
improvementE3 : -1323.3700032766296
improvementE1 : -1315.2784230453794
improvementE2 : -1315.2784019444707
improvementE2 : -1315.1643056783064
improvementE2 : -1315.1623324523948
improvementE3 : -1315.1623106554625
improvementE1 : -1315.16148683426
improvementE2 : -1315.1613383405384
improvementE3 : -1315.0636920247498
improvementE1 : -1315.0634524397615
improvementE1 : -1315.0633333627839
improvementE3 : -1313.237039849716
improvementE1 : -1313.2370158372128
improvementE3 : -1313.235938330724
improvementE2 : -1313.2357331899793
improvementE3 : -1313.233591774757
improvementE1 : -1313.2333386120852
improvementE2 : -1313.221547318019
improvementE3 : -1313.1506652773683
improvementE2 : -1313.1506636332883
improvementE2 : -1312.618637800525
improvementE1 : -1312.618467939566
improvementE2 : -1312.5833139852568
improvementE1 : -1312.583312370316
improvementE2 : -1312.583304401667
improvementE2 : -1312.581381692225
improvementE1 : -1306.408008965805
improvementE1 : -1306.4070507208517
improvementE2 : -1306.400417184765
improvementE3 : -1306.4003585434002
improvementE3 : -1306.4002962194031
improvementE1 : -1306.4002854627038
improvementE2 : -1306.397437795903
improvementE3 : -1306.3963598829118
improvementE3 : -1306.3958395788534
improvementE3 : -1301.9014028411057
improvementE1 : -1301.9011736154005
improvementE3 : -1300.0888265685448
improvementE3 : -1300.0862061820094
improvementE2 : -1300.085133993344
improvementE3 : -1299.3422946298988
improvementE3 : -1299.1148035226179
improvementE1 : -1299.0932556628122
improvementE3 : -1299.0932413204546
improvementE2 : -1299.0932368786462
improvementE3 : -1299.0924255013842
improvementE2 : -1299.058435880751
improvementE1 : -1299.0583656455815
improvementE1 : -1299.0583604561832
improvementE3 : -1298.116051247855
improvementE1 : -1298.115941358887
improvementE3 : -1298.114119393971
improvementE3 : -1298.0126384175087
improvementE3 : -1295.2732935060546
improvementE2 : -1295.2731340074529
improvementE1 : -1295.2341200966748
improvementE3 : -1295.2293688783793
improvementE2 : -1295.2293661888875
improvementE2 : -1295.2266455205463
improvementE1 : -1295.2265411977892
improvementE2 : -1295.0768591799833
improvementE3 : -1294.7833192479475
improvementE1 : -1294.7831575813775
improvementE3 : -1293.2332450873964
improvementE1 : -1293.2328947183655
improvementE3 : -1293.2320415648676
improvementE2 : -1288.116026711817
improvementE2 : -1288.1159875528188
improvementE3 : -1288.090181238982
improvementE2 : -1288.0899845729984
improvementE1 : -1288.0105765853687
improvementE1 : -1287.6189786037728
improvementE3 : -1287.6186227583335
improvementE2 : -1287.618601339229
improvementE1 : -1287.6176003317664
improvementE3 : -1287.6175097088876
improvementE3 : -1284.4239310334813
improvementE2 : -1284.392440310039
improvementE3 : -1284.392389316482
improvementE1 : -1284.382776536103
improvementE3 : -1284.2593879415813
improvementE1 : -1283.1816643083891
improvementE2 : -1283.1816623012944
improvementE3 : -1283.1815137528254
improvementE3 : -1283.1814990922926
improvementE1 : -1283.1814282465457
improvementE3 : -1283.1814267509617
improvementE1 : -1283.180388037441
improvementE1 : -1283.1802922965917
improvementE3 : -1283.1800308970346
improvementE2 : -1283.1738907328436
improvementE1 : -1283.1635011267372
improvementE3 : -1283.1534157117148
improvementE2 : -1283.1534063151935
improvementE1 : -1283.153319394962
improvementE1 : -1283.153177723043
improvementE3 : -1283.151946841574
improvementE3 : -1283.146993293966
improvementE1 : -1283.1467895295236
improvementE3 : -1279.525578958729
improvementE3 : -1279.5249667454423
improvementE3 : -1279.1734778780437
improvementE2 : -1277.1742937433976
improvementE1 : -1277.1742201247812
improvementE3 : -1277.1739206821258
improvementE3 : -1277.173412675215
improvementE1 : -1277.0575859897413
improvementE3 : -1277.0565168112162
improvementE3 : -1277.0564963099603
improvementE1 : -1277.0564943878092
improvementE3 : -1275.6623158795842
improvementE1 : -1275.6620632891622
improvementE2 : -1275.6619290058952
improvementE2 : -1275.6616139459356
improvementE1 : -1275.661602753124
improvementE3 : -1275.5813496404423
improvementE3 : -1272.2424056527707
improvementE1 : -1272.2410938452413
improvementE1 : -1272.241087022358
improvementE2 : -1272.240576690901
improvementE1 : -1271.8719436132449
improvementE1 : -1271.8719353297251
improvementE1 : -1271.871930716533
improvementE3 : -1264.204597577361
improvementE3 : -1264.203467276687
improvementE2 : -1264.2034599836493
improvementE3 : -1264.201846666068
improvementE3 : -1262.8628823053077
improvementE1 : -1262.862816262615
improvementE2 : -1262.5856474351717
improvementE1 : -1262.5856440570433
improvementE1 : -1262.486254863899
improvementE1 : -1262.4857344542816
improvementE2 : -1262.4857327493685
improvementE3 : -1262.4796032501304
improvementE3 : -1262.4795865288424
improvementE2 : -1262.4795393658053
improvementE1 : -1262.4757359735281
improvementE1 : -1262.475715976172
improvementE2 : -1262.4756299106496
improvementE1 : -1262.4749135065877
improvementE2 : -1262.4595337790186
improvementE2 : -1262.4476542741302
improvementE2 : -1262.4461124355043
improvementE2 : -1262.4427532983277
improvementE3 : -1262.4416724694606
improvementE3 : -1262.4408332708135
improvementE3 : -1262.4406837764398
improvementE3 : -1262.4405660486768
improvementE2 : -1262.4401807207453
improvementE3 : -1262.439362712034
improvementE3 : -1262.439354754656
improvementE2 : -1262.2790983084428
improvementE3 : -1261.9049896538622
improvementE2 : -1261.9004077278391
improvementE3 : -1261.89970228739
improvementE1 : -1261.8996907534238
improvementE3 : -1261.889448639384
improvementE1 : -1261.8888196030052
improvementE2 : -1261.8888038077107
improvementE3 : -1261.888345150368
improvementE1 : -1261.887847181374
improvementE1 : -1261.8877781107988
improvementE1 : -1261.8870150620414
improvementE3 : -1261.8867843918301
improvementE1 : -1260.4853666879906
improvementE3 : -1258.454262697847
improvementE3 : -1258.4542615469716
improvementE3 : -1258.4542593868005
improvementE2 : -1256.4563795459253
improvementE3 : -1254.4564234418863
improvementE2 : -1254.4457511107546
improvementE3 : -1248.1660200633587
improvementE3 : -1248.1515049344266
improvementE3 : -1248.1509188307691
improvementE3 : -1248.1509154298517
improvementE1 : -1248.1509084387858
improvementE1 : -1248.1495283398654
improvementE3 : -1248.1495241147854
improvementE3 : -1248.1463824486948
improvementE3 : -1248.1436356541853
improvementE2 : -1248.1417798514003
improvementE1 : -1248.141768600417
improvementE3 : -1248.0630925633927
improvementE2 : -1248.0630883088038
improvementE2 : -1248.0626143312302
improvementE3 : -1247.9298441270503
improvementE3 : -1247.929841477569
improvementE3 : -1247.9298216107777
improvementE3 : -1247.9197268262758
improvementE3 : -1247.919724585157
improvementE1 : -1247.9194677385005
improvementE3 : -1247.9193829075568
improvementE1 : -1247.9193817493347
improvementE3 : -1247.9118390204535
improvementE1 : -1247.9118373069118
improvementE3 : -1247.910530229809
improvementE3 : -1247.9028353780955
improvementE1 : -1247.89745094222
improvementE1 : -1247.8973714639603
improvementE1 : -1247.897370299539
improvementE2 : -1247.8973299366753
improvementE3 : -1247.89493388537
improvementE2 : -1247.894753889339
improvementE3 : -1246.4492018205344
improvementE1 : -1246.4491279811907
improvementE3 : -1246.4489554226893
improvementE3 : -1246.4472658954824
improvementE3 : -1246.4461687752964
improvementE1 : -1246.4432754305935
improvementE2 : -1246.4432729252712
improvementE1 : -1246.443209230761
improvementE1 : -1246.4431181703253
improvementE3 : -1246.442451205683
improvementE3 : -1246.4420135792366
improvementE2 : -1246.4415745526358
improvementE3 : -1246.4404414663954
improvementE1 : -1246.4402186239097
improvementE3 : -1246.4402162444799
improvementE1 : -1246.4302414275799
improvementE3 : -1246.4302127092567
improvementE1 : -1246.4301759031123
improvementE3 : -1246.4301719473701
improvementE1 : -1246.4298379846089
improvementE2 : -1246.429828341524
improvementE1 : -1246.4297964402936
improvementE1 : -1246.429695245312
improvementE3 : -1246.3632073855686
improvementE1 : -1246.3632023393782
improvementE1 : -1246.3566134224234
improvementE3 : -1246.3566107489178
improvementE3 : -1246.3555005455391
improvementE3 : -1246.349912035249
improvementE1 : -1246.3499076683943
improvementE1 : -1246.3499062833812
improvementE1 : -1246.349842577677
improvementE3 : -1246.3495414389772
improvementE3 : -1245.3496511502017
improvementE1 : -1245.3496495394415
improvementE1 : -1245.3496101200142
improvementE2 : -1245.349583391041
improvementE3 : -1245.3491900744007
improvementE3 : -1243.3361272828415
improvementE3 : -1243.336025236384
improvementE3 : -1243.335779289353
improvementE2 : -1243.3357424259002
improvementE3 : -1243.3324609932474
improvementE1 : -1243.3324597245114
improvementE2 : -1243.3324581152979
improvementE3 : -1242.4660809402149
improvementE3 : -1242.4660782329615
improvementE3 : -1242.4660667487633
improvementE1 : -1240.4847147029661
improvementE2 : -1240.389658071952
improvementE3 : -1240.3299347097357
improvementE3 : -1239.6240967013273
improvementE2 : -1239.6240890820723
improvementE1 : -1239.623976287982
improvementE3 : -1239.6239731859039
improvementE3 : -1239.6226490546003
improvementE3 : -1239.6019133805871
improvementE2 : -1239.601904613508
improvementE1 : -1239.6018664411567
improvementE3 : -1239.6018219269972
improvementE1 : -1239.597681806265
improvementE1 : -1239.5976701565428
improvementE3 : -1239.5976017104083
improvementE3 : -1239.5714068555194
improvementE1 : -1239.571389877407
improvementE1 : -1239.5619327423728
improvementE1 : -1239.5619288017874
improvementE3 : -1239.5573616326913
improvementE3 : -1239.5573280764343
improvementE3 : -1239.5569636694463
improvementE2 : -1239.5569169137984
improvementE2 : -1239.5361443868333
improvementE2 : -1239.5361364214841
improvementE3 : -1239.5347728885604
improvementE2 : -1239.5122920609188
improvementE2 : -1239.5122894195886
improvementE2 : -1239.512216462011
improvementE3 : -1238.530106900001
improvementE2 : -1238.525694131213
improvementE2 : -1238.5250774629994
improvementE1 : -1238.5248615695755
improvementE2 : -1238.4511143796035
improvementE2 : -1238.4508432173316
improvementE3 : -1238.4304193103162
improvementE2 : -1238.4301806625958
improvementE1 : -1238.4300840147828
improvementE2 : -1238.4300360303582
improvementE3 : -1238.4300344503197
improvementE3 : -1238.4300296788524
improvementE3 : -1238.430027070041
improvementE3 : -1238.4299934541614
improvementE2 : -1238.4290622559922
improvementE1 : -1238.4290426678353
improvementE1 : -1238.4290398183173
improvementE1 : -1238.4290355166613
improvementE1 : -1238.4288717151821
improvementE3 : -1238.4260271159578
improvementE1 : -1238.423974803294
improvementE3 : -1238.423958730426
improvementE2 : -1238.4239564272411
improvementE1 : -1238.423942706208
improvementE2 : -1238.4238775568983
improvementE3 : -1238.4211320109516
improvementE3 : -1238.4211090850706
improvementE2 : -1238.421107286707
improvementE1 : -1238.4211046727487
improvementE2 : -1238.4210952395981
improvementE3 : -1238.4209963629896
improvementE1 : -1238.420769108618
improvementE3 : -1238.420744991629
improvementE1 : -1238.4204492235017
improvementE3 : -1238.4204068508107
improvementE2 : -1238.4191370900412
improvementE3 : -1238.417115867432
improvementE2 : -1238.4162696369635
improvementE1 : -1238.4162639768174
improvementE2 : -1238.4162487747294
improvementE1 : -1236.3925672415203
improvementE3 : -1236.3911073272889
improvementE3 : -1236.3894159009033
improvementE1 : -1236.388915887824
improvementE1 : -1236.3826491329473
improvementE1 : -1236.3816307141092
improvementE3 : -1230.1569795555006
improvementE3 : -1230.1569021690798
improvementE2 : -1230.1568993926821
improvementE2 : -1230.156869909829
improvementE3 : -1230.1567726575709
improvementE3 : -1230.1567644907789
improvementE2 : -1230.156012228116
improvementE1 : -1230.1540930502783
improvementE3 : -1230.1540884800243
improvementE3 : -1230.1539716321142
improvementE2 : -1230.1539293268465
improvementE2 : -1230.1539165900044
improvementE3 : -1230.1538756803275
improvementE1 : -1230.1538634218261
improvementE3 : -1230.1538585575413
improvementE2 : -1230.1538467572204
improvementE3 : -1230.1528972621604
improvementE3 : -1229.9927062261304
improvementE3 : -1229.9914460032414
improvementE2 : -1229.9913350432844
improvementE3 : -1229.9913134785993
improvementE2 : -1229.9912962673175
improvementE3 : -1229.9911609547903
improvementE3 : -1229.9911581766378
improvementE2 : -1229.9907416022975
improvementE2 : -1229.9890271470188
improvementE1 : -1229.9885262493303
improvementE3 : -1229.9468896004942
improvementE3 : -1229.9467275851412
improvementE3 : -1229.9463150621323
improvementE1 : -1229.9461726270815
improvementE1 : -1229.9461704748019
improvementE2 : -1229.946091045977
improvementE1 : -1229.9460385943216
improvementE2 : -1229.9460248011142
improvementE1 : -1229.9460140564358
improvementE2 : -1229.9459759570605
improvementE1 : -1229.9458946635264
improvementE3 : -1229.9458708363957
improvementE3 : -1229.945822752807
improvementE1 : -1229.945819122421
improvementE1 : -1229.945814847331
improvementE3 : -1229.9458051781596
improvementE3 : -1229.9457518388556
improvementE1 : -1229.9457494658493
improvementE3 : -1229.945718612957
improvementE1 : -1229.9456350872351
improvementE2 : -1229.9455267599265
improvementE1 : -1229.9455252766863
improvementE2 : -1229.9451929614993
improvementE3 : -1229.9451919169137
improvementE1 : -1229.9436738340344
improvementE2 : -1229.9436699961702
improvementE3 : -1229.9435667583562
improvementE1 : -1229.9435556048388
improvementE1 : -1229.942932631374
improvementE2 : -1229.942862505289
improvementE3 : -1229.9428610608775
improvementE3 : -1229.7940485294898
improvementE3 : -1229.7940427967178
improvementE2 : -1224.5848769684244
improvementE1 : -1224.5847889986899
improvementE3 : -1224.5847715473433
improvementE3 : -1224.584768457403
improvementE3 : -1224.5847453601623
improvementE2 : -1224.5847313593908
improvementE2 : -1224.5847237101275
improvementE1 : -1224.5847039566956
improvementE2 : -1224.5847010857115
improvementE2 : -1224.5846905347858
improvementE1 : -1224.5844793978256
improvementE2 : -1215.6762203812223
improvementE3 : -1215.6761213422747
improvementE1 : -1215.6759621400806
improvementE3 : -1215.675951950298
improvementE1 : -1215.675464736974
improvementE3 : -1215.6750760091682
improvementE1 : -1215.6750736648855
improvementE1 : -1215.6750136277692
improvementE2 : -1215.6750103277445
improvementE3 : -1215.6750092169523
improvementE3 : -1215.6745248915727
improvementE3 : -1215.674474520607
improvementE3 : -1215.674458504709
improvementE3 : -1215.6744371402278
improvementE1 : -1212.7815196304155
improvementE3 : -1209.7404646980062
improvementE2 : -1209.7404628620013
improvementE3 : -1209.7404611934785
improvementE1 : -1209.7404225946034
improvementE2 : -1209.7403212082231
improvementE1 : -1209.7403195667762
improvementE3 : -1209.7393857142847
improvementE3 : -1209.7393838797584
improvementE3 : -1209.7393631582877
improvementE2 : -1209.5480496538853
improvementE1 : -1209.548036384767
improvementE1 : -1209.547909718498
improvementE3 : -1209.54790837726
logL = -3337.0666589678476
Removing 0 markers
Second round
improvementE3 : -1209.5472168962583
improvementE3 : -1209.5464069757202
improvementE2 : -1209.5463275185407
improvementE3 : -1209.5463262429248
improvementE1 : -1209.5462994676889
improvementE1 : -1209.5462873456217
improvementE3 : -1209.546286104277
improvementE2 : -1209.5461699501375
improvementE3 : -1209.5461670866155
improvementE1 : -1209.5461627846926
improvementE1 : -1207.6903069686573
improvementE3 : -1207.6902876569015
improvementE3 : -1207.6902846203743
improvementE3 : -1207.575763197076
improvementE2 : -1207.575749575359
improvementE1 : -1207.5752335475051
improvementE3 : -1207.5736287007653
improvementE2 : -1207.5734555354406
improvementE2 : -1207.5732742099894
improvementE1 : -1207.5718664063677
improvementE2 : -1207.57107186959
improvementE1 : -1207.5689461866757
improvementE1 : -1207.568934343665
improvementE1 : -1207.5684737054385
improvementE1 : -1207.5684665722852
improvementE1 : -1207.5684630286964
improvementE1 : -1207.566748278757
improvementE1 : -1207.5667244967422
improvementE3 : -1207.5650087121396
improvementE1 : -1207.5649692156735
improvementE3 : -1207.5649568850179
improvementE3 : -1207.5632729836857
improvementE3 : -1207.561408454615
improvementE1 : -1207.5613715907107
improvementE3 : -1207.5613101288923
improvementE3 : -1207.5613081196486
improvementE2 : -1207.5607744352906
improvementE3 : -1207.5607723446103
improvementE3 : -1207.5603547434935
improvementE3 : -1207.5603220862108
improvementE1 : -1207.5403343426287
improvementE2 : -1207.540333019499
improvementE3 : -1207.5398851069842
improvementE2 : -1207.5398840972043
improvementE2 : -1207.5398413786697
improvementE1 : -1207.5391172552236
improvementE1 : -1207.5390543065005
improvementE3 : -1207.5390518368165
improvementE2 : -1207.5390192960924
improvementE2 : -1207.5389919795075
improvementE1 : -1207.538971536877
improvementE2 : -1207.5389631583964
improvementE1 : -1207.538442443138
improvementE3 : -1207.1679161050074
improvementE2 : -1207.1679120055023
improvementE2 : -1205.8431453468593
improvementE2 : -1205.8426066649909
improvementE2 : -1205.8421225743768
improvementE1 : -1205.8415191908794
improvementE3 : -1205.841476367027
improvementE3 : -1205.8398961206785
improvementE2 : -1205.637858796249
improvementE3 : -1205.6368858728424
improvementE1 : -1205.6367786196647
improvementE2 : -1205.5372808082852
improvementE2 : -1205.5357865095407
improvementE3 : -1205.5348563515731
improvementE1 : -1205.5340096501222
improvementE3 : -1205.5320427093895
improvementE3 : -1205.5312679854878
improvementE3 : -1204.9429211097317
improvementE1 : -1204.939538479619
improvementE2 : -1204.9373407514065
improvementE1 : -1204.9373333342492
improvementE2 : -1203.700926058151
improvementE3 : -1203.699833000621
improvementE3 : -1203.6987850040477
improvementE3 : -1203.6521898187498
improvementE3 : -1203.6479582574343
improvementE3 : -1203.6479545664959
improvementE3 : -1203.6477219584144
improvementE1 : -1203.6477190076446
improvementE2 : -1203.6474037046446
improvementE1 : -1203.6471557785546
improvementE3 : -1203.6470822708652
improvementE3 : -1203.6469762489473
improvementE2 : -1203.62348639654
improvementE1 : -1203.6234616602937
improvementE2 : -1203.623121682786
improvementE2 : -1203.623029193231
improvementE3 : -1203.6229608620317
improvementE1 : -1203.609326030245
improvementE3 : -1203.6000392523906
improvementE2 : -1203.2829661517872
improvementE1 : -1203.2829487146687
improvementE2 : -1203.2828820191407
improvementE2 : -1203.2827481382471
improvementE3 : -1203.2827462070873
improvementE3 : -1202.967761365992
improvementE3 : -1202.9677549176185
improvementE3 : -1202.9397649829707
improvementE1 : -1202.9056641081406
improvementE2 : -1202.9046059540883
improvementE3 : -1202.8113861528536
improvementE1 : -1202.811019357755
improvementE2 : -1202.7968503051247
improvementE2 : -1202.7965257432074
improvementE1 : -1202.7964119180695
improvementE3 : -1202.7963515649424
improvementE3 : -1202.796242463855
improvementE3 : -1202.7812130163716
improvementE1 : -1202.7811805177678
improvementE2 : -1202.6115103308211
improvementE3 : -1202.6086869823052
improvementE1 : -1195.4842817098781
improvementE2 : -1195.4389624862624
improvementE2 : -1195.4388570214426
improvementE3 : -1195.438849069014
improvementE3 : -1195.4380310596948
improvementE2 : -1195.4380162247353
improvementE1 : -1195.4380100179442
improvementE2 : -1195.3994034411196
improvementE3 : -1195.3993913871645
improvementE3 : -1195.398635351526
improvementE1 : -1195.3986311525364
improvementE2 : -1195.3985161542603
improvementE3 : -1195.3946830537006
improvementE2 : -1195.393968315063
improvementE2 : -1195.3939654554501
improvementE2 : -1195.3885834279486
improvementE3 : -1195.3885612166196
improvementE1 : -1194.0885593560479
improvementE2 : -1194.086376874192
improvementE2 : -1194.0863176170692
improvementE1 : -1194.085952396507
improvementE1 : -1194.0846003466122
improvementE3 : -1194.0843443599051
improvementE3 : -1194.0839558929251
improvementE3 : -1194.0839161697245
improvementE1 : -1194.083905019469
improvementE3 : -1194.083354931613
improvementE3 : -1194.082783447132
improvementE1 : -1194.0798666199923
improvementE1 : -1194.0775042785335
improvementE3 : -1194.0773755413775
improvementE3 : -1194.0767824875227
improvementE2 : -1194.0767775559589
improvementE3 : -1194.0767143680819
improvementE1 : -1194.0767024654074
improvementE3 : -1194.07669088382
improvementE2 : -1194.0766765393605
improvementE1 : -1194.0756792370012
improvementE2 : -1194.0756485430543
improvementE3 : -1194.0755973449272
improvementE1 : -1194.075595300421
improvementE3 : -1194.075523287292
improvementE3 : -1194.0754877105478
improvementE3 : -1194.0754618383148
improvementE1 : -1194.075460196265
improvementE1 : -1194.0753917731845
improvementE3 : -1194.0753768950476
improvementE1 : -1194.074954802833
improvementE3 : -1194.0748643299821
improvementE1 : -1194.0746885254125
improvementE3 : -1194.0746724882056
improvementE1 : -1194.0746480770254
improvementE3 : -1194.0746385219568
improvementE3 : -1192.0769081231865
improvementE1 : -1192.0767605097617
