0->0 : 0
0->1 : 0
0->2 : 0
       Error rate = 0.0
1->0 : 0
1->1 : 0
1->2 : 0
       Error rate = 0.0
2->0 : 0
2->1 : 0
2->2 : 0
       Error rate = 0.0
0,2->0,2 : 1338190
  0,2->1 : 0
1,2->1,2 : 0
  1,2->0 : 0
       Error rate = 0.0
Maternally informative markers = 0 (of 12194)
Paternally informative markers = 12194
Maternally or paternally informative markers = 12194
Removed 0 children
Removed 0 markers
Number of LGs = 37
***Family = fam_08 chromosome = 33 numMarkers = 192 maternal informative markers 0 (paternal informative markers 192)
***Family = fam_01 chromosome = 33 numMarkers = 192 maternal informative markers 0 (paternal informative markers 191)
***Family = fam_09 chromosome = 33 numMarkers = 192 maternal informative markers 0 (paternal informative markers 192)
192->151
151->151
All pairs
join 28 and 55 score = 0.0 sizes 1,1
join 28 and 29 score = 0.0 sizes 2,1
join 29 and 148 score = 0.0 sizes 3,1
join 51 and 113 score = 0.0 sizes 1,1
join 24 and 27 score = 0.0 sizes 1,1
join 44 and 113 score = 0.0 sizes 1,2
join 31 and 44 score = 0.0 sizes 1,3
join 2 and 72 score = 0.0 sizes 1,1
join 2 and 121 score = 0.0 sizes 2,1
join 55 and 121 score = 0.0 sizes 4,3
join 27 and 87 score = 0.0 sizes 2,1
join 5 and 145 score = 0.0 sizes 1,1
join 122 and 141 score = 0.0 sizes 1,1
join 33 and 122 score = 0.0 sizes 1,2
join 39 and 140 score = 0.0 sizes 1,1
join 46 and 136 score = 0.0 sizes 1,1
join 5 and 114 score = 0.0 sizes 2,1
join 57 and 88 score = 0.0 sizes 1,1
join 52 and 57 score = 0.0 sizes 1,2
join 77 and 123 score = 0.0 sizes 1,1
join 21 and 88 score = 0.0 sizes 1,3
join 21 and 33 score = 0.0 sizes 4,3
join 64 and 72 score = 0.0 sizes 1,7
join 64 and 140 score = 0.0 sizes 8,2
join 83 and 145 score = 0.0 sizes 1,3
join 8 and 142 score = 0.0 sizes 1,1
join 0 and 8 score = 0.0 sizes 1,2
join 39 and 136 score = 0.0 sizes 10,2
join 130 and 138 score = 0.0 sizes 1,1
join 68 and 147 score = 0.0 sizes 1,1
join 70 and 85 score = 0.0 sizes 1,1
join 138 and 150 score = 0.0 sizes 2,1
join 148 and 150 score = 0.0 sizes 12,3
join 123 and 147 score = 0.0 sizes 2,2
join 78 and 130 score = 0.0 sizes 1,15
join 46 and 107 score = 0.0 sizes 16,1
join 76 and 78 score = 0.0 sizes 1,17
join 49 and 76 score = 0.0 sizes 1,18
join 13 and 59 score = 0.0 sizes 1,1
join 13 and 141 score = 0.0 sizes 2,7
join 103 and 139 score = 0.0 sizes 1,1
join 26 and 139 score = 0.0 sizes 1,2
join 26 and 101 score = 0.0 sizes 3,1
join 79 and 103 score = 0.0 sizes 1,4
join 79 and 117 score = 0.0 sizes 5,1
join 100 and 132 score = 0.0 sizes 1,1
join 54 and 95 score = 0.0 sizes 1,1
join 58 and 114 score = 0.0 sizes 1,4
join 77 and 127 score = 0.0 sizes 4,1
join 102 and 132 score = 0.0 sizes 1,2
join 58 and 102 score = 0.0 sizes 5,3
join 70 and 119 score = 0.0 sizes 2,1
join 85 and 94 score = 0.0 sizes 3,1
join 1 and 117 score = 0.0 sizes 1,6
join 23 and 24 score = 0.0 sizes 1,3
join 87 and 111 score = 0.0 sizes 4,1
join 23 and 131 score = 0.0 sizes 5,1
join 91 and 93 score = 0.0 sizes 1,1
join 51 and 107 score = 0.0 sizes 4,19
join 49 and 134 score = 0.0 sizes 23,1
join 9 and 134 score = 0.0 sizes 1,24
join 19 and 59 score = 0.0 sizes 1,9
join 37 and 52 score = 0.0 sizes 1,10
join 37 and 38 score = 0.0 sizes 11,1
join 50 and 118 score = 0.0 sizes 1,1
join 50 and 144 score = 0.0 sizes 2,1
join 9 and 112 score = 0.0 sizes 25,1
join 31 and 48 score = 0.0 sizes 26,1
All pairs
join 6 and 95 score = 0.0 sizes 1,2
join 20 and 98 score = 0.0 sizes 1,1
join 10 and 91 score = 0.0 sizes 1,2
join 25 and 62 score = 0.0 sizes 1,1
join 15 and 65 score = 0.0 sizes 1,1
join 11 and 101 score = 0.0 sizes 1,7
join 40 and 69 score = 0.0 sizes 1,1
join 1 and 34 score = 0.0 sizes 8,1
join 48 and 62 score = 0.0 sizes 27,2
join 42 and 54 score = 0.0 sizes 1,3
join 93 and 143 score = 0.0 sizes 3,1
join 74 and 149 score = 0.0 sizes 1,1
join 11 and 32 score = 0.0 sizes 9,1
join 17 and 73 score = 0.0 sizes 1,1
join 80 and 125 score = 0.0 sizes 1,1
join 63 and 92 score = 0.0 sizes 1,1
join 105 and 144 score = 0.0049261083743842365 sizes 1,3
join 96 and 142 score = 0.0 sizes 1,3
join 41 and 73 score = 0.0 sizes 1,2
join 20 and 22 score = 0.0 sizes 2,1
join 43 and 119 score = 0.0 sizes 1,4
join 43 and 89 score = 0.0 sizes 5,1
join 81 and 143 score = 0.0 sizes 1,4
join 97 and 111 score = 0.006211180124223602 sizes 1,6
join 69 and 149 score = 0.0064516129032258064 sizes 2,2
join 18 and 104 score = 0.0 sizes 1,1
join 19 and 83 score = 0.006289308176100629 sizes 12,8
join 17 and 120 score = 0.005376344086021506 sizes 3,1
join 0 and 118 score = 0.006622516556291391 sizes 4,4
join 32 and 125 score = 0.007518796992481203 sizes 10,2
join 61 and 63 score = 0.011111111111111112 sizes 1,2
join 38 and 112 score = 0.007874015748031496 sizes 20,29
join 81 and 100 score = 0.007462686567164179 sizes 5,49
join 92 and 105 score = 0.007042253521126761 sizes 3,8
join 4 and 137 score = 0.0 sizes 1,1
join 98 and 120 score = 0.0111731843575419 sizes 3,4
join 30 and 99 score = 0.0 sizes 1,1
join 30 and 45 score = 0.007352941176470588 sizes 2,1
join 12 and 137 score = 0.0 sizes 1,2
join 15 and 18 score = 0.0 sizes 2,2
join 7 and 35 score = 0.0 sizes 1,1
join 40 and 61 score = 0.0064516129032258064 sizes 4,11
join 3 and 90 score = 0.0 sizes 1,1
join 3 and 133 score = 0.0 sizes 2,1
join 82 and 133 score = 0.0 sizes 1,3
join 89 and 90 score = 0.0 sizes 6,4
join 16 and 80 score = 0.0 sizes 1,12
join 7 and 16 score = 0.0 sizes 2,13
join 66 and 109 score = 0.0 sizes 1,1
join 22 and 109 score = 0.0 sizes 7,2
join 128 and 146 score = 0.0 sizes 1,1
join 99 and 146 score = 0.0 sizes 3,2
join 41 and 124 score = 0.014184397163120567 sizes 9,1
join 10 and 94 score = 0.007462686567164179 sizes 54,10
join 82 and 106 score = 0.0 sizes 64,1
join 4 and 106 score = 0.0 sizes 3,65
join 6 and 104 score = 0.0 sizes 4,4
join 14 and 108 score = 0.007194244604316547 sizes 1,1
join 108 and 127 score = 0.01935483870967742 sizes 2,5
join 12 and 47 score = 0.0 sizes 68,1
join 35 and 47 score = 0.0 sizes 15,69
join 115 and 116 score = 0.0 sizes 1,1
join 42 and 97 score = 0.012987012987012988 sizes 8,7
join 14 and 34 score = 0.029411764705882353 sizes 7,84
join 45 and 74 score = 0.016129032258064516 sizes 5,15
join 84 and 129 score = 0.0 sizes 1,1
join 36 and 84 score = 0.0 sizes 1,2
join 129 and 135 score = 0.018867924528301886 sizes 3,1
join 67 and 110 score = 0.0 sizes 1,1
join 68 and 96 score = 0.022727272727272728 sizes 91,20
join 67 and 128 score = 0.041666666666666664 sizes 2,111
join 60 and 116 score = 0.038461538461538464 sizes 1,2
join 71 and 115 score = 0.04 sizes 1,3
All pairs
join 86 and 135 score = 0.0 sizes 1,4
join 65 and 126 score = 0.043209876543209874 sizes 15,1
join 36 and 66 score = 0.03571428571428571 sizes 5,10
join 124 and 131 score = 0.0472972972972973 sizes 15,16
join 75 and 86 score = 0.10344827586206896 sizes 1,31
join 56 and 110 score = 0.10344827586206896 sizes 1,113
join 53 and 126 score = 0.13333333333333333 sizes 1,32
join 25 and 60 score = 0.19230769230769232 sizes 114,4
join 71 and 75 score = 0.2222222222222222 sizes 118,33
score = 1.2512923111185974
improvementE1 : -635.6625219623646
improvementE2 : -635.662496277063
improvementE3 : -635.6614541005974
improvementE1 : -635.6614398286906
improvementE1 : -635.5954978864595
improvementE3 : -635.59545440309
improvementE2 : -622.1817296796838
improvementE1 : -622.181353750095
improvementE1 : -622.1811157413231
improvementE1 : -619.5874406217462
improvementE1 : -619.5855036117562
improvementE1 : -619.5848656252514
improvementE3 : -619.5770823481417
improvementE3 : -616.1430851221656
improvementE3 : -616.1430831043482
improvementE3 : -616.0190546020502
improvementE1 : -616.0115091778509
improvementE2 : -616.011162905362
improvementE3 : -616.0111617293094
improvementE3 : -616.0029271231632
improvementE2 : -616.0029260913051
improvementE1 : -614.4591882356597
improvementE3 : -614.440179487958
improvementE3 : -614.4380544995875
improvementE2 : -614.4380126449394
improvementE3 : -614.4290597857553
improvementE3 : -614.4243637833622
improvementE2 : -614.4242404971792
improvementE1 : -614.0473531168686
improvementE3 : -614.0467695135478
improvementE2 : -614.046091974186
improvementE2 : -614.0460760432493
improvementE1 : -614.0453813298284
improvementE2 : -614.0380987948249
improvementE2 : -611.1765644315502
improvementE1 : -611.176193408494
improvementE2 : -611.1744405793884
improvementE1 : -611.174429144929
improvementE2 : -611.1725144634242
improvementE1 : -611.1700894661527
improvementE3 : -605.6033169596599
improvementE3 : -605.6025936525737
improvementE3 : -605.6025347592397
improvementE3 : -605.6023964282326
improvementE3 : -605.6002652454792
improvementE2 : -605.6001969373735
improvementE2 : -605.3807786705022
improvementE3 : -595.1355400172929
improvementE1 : -595.0946841404292
improvementE3 : -595.0946807641158
improvementE1 : -595.0878628310013
improvementE3 : -595.0873379873686
improvementE3 : -595.0872365841692
improvementE1 : -595.0872260142039
improvementE2 : -595.0840103042931
improvementE3 : -595.0840006881083
improvementE1 : -595.0839900490944
improvementE1 : -595.0838822969517
improvementE1 : -595.0548333107529
improvementE2 : -595.0548277941601
improvementE1 : -595.0548214399101
improvementE1 : -595.0548184233942
improvementE3 : -595.0548134808128
improvementE2 : -594.6279677670118
improvementE3 : -594.6241296215359
improvementE2 : -592.8952788210152
improvementE3 : -585.9248902118002
improvementE3 : -585.9233523707767
improvementE2 : -585.9212349763718
improvementE2 : -583.9212163596787
improvementE3 : -582.098450618393
improvementE2 : -582.0983046872632
improvementE1 : -580.205403167532
improvementE2 : -580.2053403022944
improvementE1 : -580.2041546655101
improvementE3 : -580.2022886717218
improvementE1 : -580.2022713628376
improvementE2 : -580.2018378126934
improvementE2 : -580.2017752753807
improvementE1 : -580.2017740555814
improvementE2 : -580.1958060334442
improvementE3 : -580.1957612478342
improvementE3 : -580.1944556416751
improvementE2 : -580.1944485083911
improvementE3 : -580.0936522374021
improvementE3 : -580.0935104710643
improvementE1 : -580.0935017080535
improvementE2 : -576.8610757877615
improvementE2 : -576.8610557473527
improvementE2 : -576.8608025103044
improvementE2 : -576.8607611731034
improvementE3 : -576.8606624579187
improvementE1 : -576.8606576304037
improvementE2 : -576.8606518738625
improvementE1 : -576.8589829729646
improvementE1 : -576.8580391006576
improvementE1 : -576.8576475419679
improvementE3 : -576.8576322335663
improvementE3 : -576.857630477652
improvementE2 : -576.857589452556
improvementE3 : -576.8575269774346
improvementE3 : -576.8574632205186
improvementE1 : -576.8574594667103
improvementE3 : -576.8574423193136
improvementE2 : -576.6020791708329
improvementE3 : -576.6020708546464
improvementE1 : -576.5930903981375
improvementE1 : -573.3162466616802
improvementE3 : -573.3153540755195
improvementE2 : -573.315301992214
improvementE2 : -573.3135286016982
improvementE2 : -573.3130992135069
improvementE3 : -573.3130335064768
improvementE2 : -573.3129733261612
improvementE3 : -573.3127056297703
improvementE3 : -573.3126981869743
improvementE3 : -573.3124259604317
improvementE3 : -573.3124179084773
improvementE3 : -573.3124001185897
improvementE1 : -573.3123972355723
improvementE3 : -573.312314634815
improvementE2 : -573.3118149435752
improvementE2 : -563.719520964921
improvementE3 : -563.7194567943857
improvementE3 : -563.7188248541964
improvementE2 : -563.7187918323867
improvementE2 : -559.5019037624329
improvementE2 : -556.4294501657623
improvementE2 : -556.4226869234152
improvementE2 : -556.208812485068
improvementE3 : -556.1950143440084
improvementE2 : -552.2809109764505
improvementE3 : -552.2785726781642
improvementE1 : -552.2784570004035
improvementE3 : -552.2784129756229
improvementE3 : -546.7645921573574
improvementE1 : -546.6471280106209
improvementE3 : -543.4036673413038
improvementE3 : -543.4031710122458
improvementE3 : -539.5493355723131
improvementE3 : -539.5475996031398
improvementE1 : -539.5475971621534
improvementE3 : -539.5470620986272
improvementE3 : -536.7282762512355
improvementE2 : -536.7282742679802
improvementE1 : -536.6881296060333
improvementE3 : -536.6851272130389
improvementE1 : -531.7578466477992
improvementE3 : -531.7578452919774
improvementE2 : -531.6612230106734
improvementE1 : -531.6560329546811
improvementE1 : -531.6413287534386
improvementE3 : -531.6060433783825
improvementE1 : -531.6059846634394
improvementE3 : -531.6059766947551
improvementE1 : -531.6003694626129
improvementE2 : -531.5966643620558
improvementE1 : -527.9379696605656
improvementE3 : -527.9379468687507
improvementE2 : -527.9177587057366
improvementE3 : -527.917532414415
improvementE1 : -527.7870099403801
improvementE3 : -527.6931587397607
improvementE3 : -527.6931543853616
improvementE1 : -527.6931497720012
improvementE1 : -527.6668203019796
improvementE3 : -527.3713918903395
improvementE2 : -527.357714501459
improvementE1 : -523.47203781718
improvementE1 : -523.4028545351069
improvementE2 : -523.3996098534012
improvementE3 : -523.375758374034
improvementE2 : -523.3750469685885
improvementE3 : -523.3749256285171
improvementE3 : -523.3524106347902
improvementE3 : -523.3497227751071
improvementE3 : -523.3490675180185
improvementE3 : -523.3488796573386
improvementE3 : -523.2995150660167
improvementE3 : -523.2991024375992
improvementE3 : -523.2990971862843
improvementE2 : -523.288017132721
improvementE2 : -516.8961754696293
improvementE2 : -513.4582021468465
improvementE1 : -513.457784754587
improvementE2 : -513.457769773881
improvementE3 : -513.457764900846
improvementE1 : -513.4572727660347
improvementE3 : -513.4571933972135
improvementE3 : -513.4558644952658
improvementE3 : -513.455718713434
improvementE2 : -513.4556906077021
improvementE2 : -513.4538307352634
improvementE2 : -513.4534159732311
improvementE3 : -513.453284897377
improvementE2 : -513.4532727643957
improvementE1 : -513.4528074469629
improvementE3 : -513.4519644047818
improvementE3 : -513.4519573366737
improvementE3 : -513.4519429945408
improvementE2 : -507.5780518545936
improvementE3 : -507.57592901791463
improvementE2 : -506.17651033038464
improvementE3 : -506.1764416651268
improvementE3 : -506.1764320131125
improvementE2 : -506.17642839758514
improvementE1 : -506.17642721385977
improvementE3 : -506.1764258920946
improvementE3 : -506.1764168061035
improvementE3 : -506.17640713247795
improvementE3 : -506.13935922555993
improvementE2 : -506.13935574172507
improvementE3 : -505.817079475838
improvementE2 : -505.8170769296807
improvementE3 : -505.81704647600765
improvementE2 : -505.81573038660486
improvementE3 : -505.6900132664279
improvementE1 : -505.6900012316177
improvementE3 : -505.67935615797575
improvementE3 : -505.62436279605885
improvementE3 : -505.62435658798347
improvementE1 : -505.62435512414936
improvementE3 : -505.62282629606403
improvementE1 : -505.622824805425
improvementE1 : -505.6228172002246
improvementE3 : -501.45763791637535
improvementE3 : -471.5437541346738
improvementE1 : -471.5437501885312
improvementE2 : -471.54374833323146
logL = -2174.458283791727
Removing 0 markers
Second round
improvementE1 : -458.9660103545465
improvementE1 : -458.9234394761344
improvementE2 : -441.2043693065304
improvementE3 : -440.18143200876995
improvementE3 : -440.18119435708724
improvementE1 : -436.876913596979
improvementE2 : -436.86044024310064
improvementE1 : -436.86042171179844
improvementE2 : -436.85927330396515
improvementE1 : -436.859271598922
improvementE2 : -436.8592678166081
improvementE2 : -436.8592609361985
improvementE2 : -428.2202329987389
improvementE3 : -428.2199039985114
improvementE1 : -428.2197959396662
improvementE1 : -428.219529403282
improvementE2 : -428.2194801174438
improvementE2 : -426.35929493618005
improvementE3 : -426.35069121189326
improvementE1 : -426.324013347038
improvementE1 : -426.3205970089042
improvementE3 : -426.32058964244897
improvementE1 : -426.32057394347294
improvementE2 : -426.2521147006976
improvementE3 : -426.2461260573681
improvementE3 : -426.24612465842694
improvementE3 : -426.24387318494047
improvementE2 : -426.24295998099177
improvementE3 : -426.2292703019636
improvementE1 : -426.22926630741574
improvementE2 : -426.21977850140553
improvementE3 : -426.21975035479306
improvementE3 : -426.2197484899147
improvementE1 : -426.21946115463464
improvementE3 : -426.2193948757784
improvementE3 : -425.3999837271695
improvementE3 : -425.3939115883747
improvementE2 : -425.3937722136818
improvementE2 : -425.3935819117098
improvementE1 : -425.3924244178266
improvementE2 : -425.3921202790998
improvementE2 : -425.3909710432145
improvementE2 : -425.39094608943515
improvementE2 : -425.3909207851804
improvementE3 : -425.3902739971137
improvementE2 : -425.39023574114157
improvementE2 : -425.3893260928209
improvementE2 : -425.3893227186654
improvementE2 : -425.38930138173106
improvementE1 : -425.389245775408
improvementE2 : -425.38924245109456
