0->0 : 0
0->1 : 0
0->2 : 0
       Error rate = 0.0
1->0 : 0
1->1 : 0
1->2 : 0
       Error rate = 0.0
2->0 : 0
2->1 : 0
2->2 : 0
       Error rate = 0.0
0,2->0,2 : 1336466
  0,2->1 : 0
1,2->1,2 : 0
  1,2->0 : 0
       Error rate = 0.0
Maternally informative markers = 0 (of 12151)
Paternally informative markers = 12151
Maternally or paternally informative markers = 12151
Removed 0 children
Removed 0 markers
Number of LGs = 37
***Family = fam_08 chromosome = 12 numMarkers = 353 maternal informative markers 0 (paternal informative markers 353)
***Family = fam_01 chromosome = 12 numMarkers = 353 maternal informative markers 0 (paternal informative markers 353)
***Family = fam_09 chromosome = 12 numMarkers = 353 maternal informative markers 0 (paternal informative markers 353)
353->293
293->293
All pairs
join 213 and 221 score = 0.0 sizes 1,1
join 29 and 244 score = 0.0 sizes 1,1
join 27 and 182 score = 0.0 sizes 1,1
join 89 and 242 score = 0.0 sizes 1,1
join 21 and 271 score = 0.0 sizes 1,1
join 89 and 280 score = 0.0 sizes 2,1
join 213 and 242 score = 0.0 sizes 2,3
join 43 and 186 score = 0.0 sizes 1,1
join 91 and 133 score = 0.0 sizes 1,1
join 88 and 133 score = 0.0 sizes 1,2
join 169 and 277 score = 0.0 sizes 1,1
join 38 and 261 score = 0.0 sizes 1,1
join 66 and 95 score = 0.0 sizes 1,1
join 100 and 108 score = 0.0 sizes 1,1
join 108 and 163 score = 0.0 sizes 2,1
join 196 and 232 score = 0.0 sizes 1,1
join 186 and 208 score = 0.0 sizes 2,1
join 62 and 102 score = 0.0 sizes 1,1
join 50 and 62 score = 0.0 sizes 1,2
join 46 and 91 score = 0.0 sizes 1,3
join 207 and 287 score = 0.0 sizes 1,1
join 222 and 230 score = 0.0 sizes 1,1
join 11 and 27 score = 0.0 sizes 1,2
join 63 and 97 score = 0.0 sizes 1,1
join 6 and 156 score = 0.0 sizes 1,1
join 6 and 102 score = 0.0 sizes 2,3
join 275 and 291 score = 0.0 sizes 1,1
join 196 and 249 score = 0.0 sizes 2,1
join 275 and 277 score = 0.0 sizes 2,2
join 68 and 221 score = 0.0 sizes 1,5
join 163 and 280 score = 0.0 sizes 3,6
join 100 and 169 score = 0.0 sizes 9,4
join 105 and 117 score = 0.0 sizes 1,1
join 77 and 116 score = 0.0 sizes 1,1
join 121 and 161 score = 0.0 sizes 1,1
join 11 and 207 score = 0.0 sizes 3,2
join 13 and 287 score = 0.0 sizes 1,5
join 97 and 273 score = 0.0 sizes 2,1
join 226 and 261 score = 0.0 sizes 1,2
join 167 and 271 score = 0.0 sizes 1,2
join 40 and 167 score = 0.0 sizes 1,3
join 192 and 197 score = 0.0 sizes 1,1
join 151 and 265 score = 0.0 sizes 1,1
join 198 and 199 score = 0.0 sizes 1,1
join 198 and 265 score = 0.0 sizes 2,2
join 192 and 199 score = 0.0 sizes 2,4
join 32 and 269 score = 0.0 sizes 1,1
join 121 and 269 score = 0.0 sizes 2,2
join 88 and 226 score = 0.0 sizes 4,3
join 143 and 203 score = 0.0 sizes 1,1
join 156 and 203 score = 0.0 sizes 5,2
join 50 and 120 score = 0.0 sizes 7,1
join 141 and 266 score = 0.0 sizes 1,1
join 141 and 182 score = 0.0 sizes 2,6
join 77 and 229 score = 0.0 sizes 2,1
join 116 and 216 score = 0.0 sizes 3,1
join 44 and 216 score = 0.0 sizes 1,4
join 178 and 219 score = 0.0 sizes 1,1
join 104 and 105 score = 0.0 sizes 1,2
join 15 and 104 score = 0.0 sizes 1,3
join 15 and 243 score = 0.0 sizes 4,1
join 16 and 162 score = 0.0 sizes 1,1
join 37 and 201 score = 0.0 sizes 1,1
join 37 and 127 score = 0.0 sizes 2,1
join 144 and 158 score = 0.0 sizes 1,1
join 142 and 172 score = 0.0 sizes 1,1
join 54 and 278 score = 0.0 sizes 1,1
join 59 and 215 score = 0.0 sizes 1,1
join 39 and 154 score = 0.0 sizes 1,1
join 8 and 255 score = 0.0 sizes 1,1
join 255 and 268 score = 0.0 sizes 2,1
join 120 and 173 score = 0.0 sizes 8,1
join 150 and 188 score = 0.0 sizes 1,1
join 162 and 188 score = 0.0 sizes 2,2
join 180 and 289 score = 0.0 sizes 1,1
join 40 and 289 score = 0.0 sizes 4,2
join 79 and 142 score = 0.0 sizes 1,2
join 92 and 229 score = 0.0 sizes 1,5
join 267 and 291 score = 0.0 sizes 1,13
join 68 and 73 score = 0.0 sizes 14,1
join 189 and 267 score = 0.0 sizes 1,15
join 173 and 266 score = 0.0 sizes 9,8
join 13 and 150 score = 0.0 sizes 17,4
join 16 and 264 score = 0.0 sizes 21,1
join 124 and 278 score = 0.0 sizes 1,2
join 72 and 124 score = 0.0 sizes 1,3
join 54 and 130 score = 0.0 sizes 4,1
join 126 and 180 score = 0.0 sizes 1,6
join 3 and 155 score = 0.0 sizes 1,1
join 236 and 259 score = 0.0 sizes 1,1
join 153 and 268 score = 0.0 sizes 1,3
join 38 and 208 score = 0.0 sizes 7,3
join 110 and 219 score = 0.0 sizes 1,2
join 29 and 48 score = 0.0 sizes 2,1
join 212 and 288 score = 0.0 sizes 1,1
join 32 and 237 score = 0.0 sizes 4,1
join 42 and 166 score = 0.0 sizes 1,1
join 42 and 128 score = 0.0 sizes 2,1
join 183 and 227 score = 0.0 sizes 1,1
join 151 and 177 score = 0.0 sizes 6,1
join 168 and 232 score = 0.0 sizes 1,3
join 31 and 43 score = 0.0 sizes 1,10
join 131 and 209 score = 0.0 sizes 1,1
join 218 and 281 score = 0.0 sizes 1,1
join 227 and 281 score = 0.0 sizes 2,2
join 117 and 223 score = 0.0 sizes 5,1
join 118 and 144 score = 0.0 sizes 1,2
join 19 and 158 score = 0.0 sizes 1,3
join 22 and 288 score = 0.0 sizes 1,2
join 44 and 245 score = 0.0 sizes 6,1
join 63 and 197 score = 0.005319148936170213 sizes 3,7
join 2 and 127 score = 0.0 sizes 1,3
join 2 and 270 score = 0.0 sizes 4,1
join 53 and 55 score = 0.0 sizes 1,1
join 49 and 73 score = 0.006622516556291391 sizes 1,16
join 4 and 264 score = 0.0 sizes 1,22
join 84 and 107 score = 0.0 sizes 1,1
join 84 and 103 score = 0.0 sizes 2,1
join 161 and 184 score = 0.005494505494505495 sizes 5,1
join 41 and 171 score = 0.006211180124223602 sizes 1,1
join 19 and 171 score = 0.0 sizes 4,2
join 14 and 58 score = 0.0 sizes 1,1
join 3 and 65 score = 0.006172839506172839 sizes 2,1
join 96 and 148 score = 0.0 sizes 1,1
join 115 and 178 score = 0.006666666666666667 sizes 1,3
join 110 and 239 score = 0.0064516129032258064 sizes 4,1
join 9 and 21 score = 0.006802721088435374 sizes 1,7
join 78 and 148 score = 0.0 sizes 1,2
join 10 and 292 score = 0.0 sizes 1,1
join 45 and 262 score = 0.006172839506172839 sizes 1,1
join 92 and 224 score = 0.006060606060606061 sizes 7,1
join 165 and 245 score = 0.0 sizes 1,8
join 59 and 247 score = 0.00641025641025641 sizes 2,1
join 155 and 215 score = 0.007352941176470588 sizes 3,3
join 65 and 243 score = 0.006172839506172839 sizes 6,6
join 112 and 129 score = 0.0 sizes 1,1
join 112 and 252 score = 0.0 sizes 2,1
join 113 and 283 score = 0.0 sizes 1,1
join 126 and 212 score = 0.006666666666666667 sizes 8,3
join 0 and 20 score = 0.010309278350515464 sizes 1,1
join 36 and 67 score = 0.0 sizes 1,1
join 80 and 272 score = 0.0 sizes 1,1
join 170 and 272 score = 0.005780346820809248 sizes 1,2
join 80 and 81 score = 0.0 sizes 3,1
join 81 and 103 score = 0.0 sizes 4,3
join 170 and 189 score = 0.006622516556291391 sizes 7,17
join 0 and 262 score = 0.012345679012345678 sizes 2,2
join 276 and 279 score = 0.0 sizes 1,1
join 48 and 279 score = 0.0 sizes 3,2
join 76 and 244 score = 0.0 sizes 1,5
join 5 and 159 score = 0.0 sizes 1,1
join 33 and 159 score = 0.0 sizes 1,2
join 56 and 79 score = 0.013157894736842105 sizes 1,3
join 47 and 56 score = 0.005813953488372093 sizes 1,4
All pairs
join 210 and 284 score = 0.006060606060606061 sizes 1,1
join 172 and 273 score = 0.006369426751592357 sizes 5,10
join 214 and 241 score = 0.006369426751592357 sizes 1,1
join 5 and 53 score = 0.0 sizes 3,2
join 47 and 87 score = 0.0 sizes 15,1
join 22 and 201 score = 0.006756756756756757 sizes 11,5
join 115 and 160 score = 0.006711409395973154 sizes 5,1
join 231 and 284 score = 0.006369426751592357 sizes 1,2
join 101 and 248 score = 0.0 sizes 1,1
join 45 and 187 score = 0.0 sizes 4,1
join 114 and 176 score = 0.0 sizes 1,1
join 35 and 139 score = 0.0 sizes 1,1
join 46 and 64 score = 0.0 sizes 11,1
join 187 and 239 score = 0.0 sizes 5,6
join 181 and 209 score = 0.0 sizes 1,2
join 181 and 238 score = 0.0 sizes 3,1
join 36 and 220 score = 0.0 sizes 2,1
join 57 and 128 score = 0.0 sizes 1,3
join 166 and 184 score = 0.0106951871657754 sizes 4,6
join 200 and 231 score = 0.012578616352201259 sizes 1,3
join 143 and 248 score = 0.0 sizes 23,2
join 8 and 118 score = 0.012903225806451613 sizes 4,6
join 52 and 153 score = 0.0 sizes 1,10
join 101 and 164 score = 0.0 sizes 25,1
join 109 and 175 score = 0.0 sizes 1,1
join 175 and 214 score = 0.0 sizes 2,2
join 64 and 109 score = 0.0 sizes 12,4
join 58 and 270 score = 0.0 sizes 2,16
join 200 and 263 score = 0.018072289156626505 sizes 4,1
join 238 and 276 score = 0.0 sizes 4,6
join 71 and 220 score = 0.0 sizes 1,3
join 20 and 67 score = 0.0 sizes 11,4
join 71 and 149 score = 0.0 sizes 15,1
join 146 and 259 score = 0.0 sizes 1,2
join 66 and 146 score = 0.0 sizes 2,3
join 86 and 149 score = 0.0 sizes 1,16
join 35 and 96 score = 0.0 sizes 2,3
join 74 and 168 score = 0.0 sizes 1,4
join 165 and 257 score = 0.0 sizes 9,1
join 177 and 193 score = 0.018292682926829267 sizes 16,1
join 87 and 235 score = 0.0 sizes 17,1
join 1 and 235 score = 0.0 sizes 1,18
join 138 and 224 score = 0.0 sizes 1,10
join 179 and 257 score = 0.0 sizes 1,11
join 179 and 246 score = 0.0 sizes 12,1
join 183 and 292 score = 0.015748031496062992 sizes 4,2
join 52 and 125 score = 0.0 sizes 11,1
join 24 and 234 score = 0.0 sizes 1,1
join 228 and 234 score = 0.0 sizes 1,2
join 125 and 285 score = 0.0 sizes 12,1
join 55 and 154 score = 0.0136986301369863 sizes 5,2
join 33 and 51 score = 0.0 sizes 7,1
join 174 and 193 score = 0.01775147928994083 sizes 1,19
join 114 and 131 score = 0.012195121951219513 sizes 2,10
join 76 and 206 score = 0.0 sizes 12,1
join 202 and 206 score = 0.0 sizes 1,13
join 10 and 136 score = 0.0 sizes 6,1
join 39 and 111 score = 0.013071895424836602 sizes 8,1
join 78 and 99 score = 0.0 sizes 5,1
join 41 and 135 score = 0.02054794520547945 sizes 13,1
join 14 and 24 score = 0.0 sizes 18,3
join 9 and 31 score = 0.015873015873015872 sizes 21,16
join 111 and 194 score = 0.0 sizes 9,1
join 176 and 194 score = 0.0 sizes 14,10
join 119 and 228 score = 0.0 sizes 1,37
join 137 and 164 score = 0.0 sizes 1,26
join 137 and 204 score = 0.0 sizes 27,1
join 204 and 218 score = 0.0 sizes 28,7
join 4 and 49 score = 0.02142857142857143 sizes 35,24
join 94 and 130 score = 0.014184397163120567 sizes 1,5
join 17 and 132 score = 0.012345679012345678 sizes 1,1
join 17 and 263 score = 0.018518518518518517 sizes 2,5
join 132 and 240 score = 0.019736842105263157 sizes 7,1
join 25 and 185 score = 0.0 sizes 1,1
join 139 and 185 score = 0.0 sizes 6,2
join 23 and 286 score = 0.0 sizes 1,1
join 60 and 174 score = 0.01818181818181818 sizes 1,20
join 28 and 60 score = 0.018072289156626505 sizes 1,21
join 28 and 123 score = 0.01775147928994083 sizes 22,1
join 61 and 246 score = 0.0 sizes 1,13
join 61 and 233 score = 0.0 sizes 14,1
join 222 and 249 score = 0.017964071856287425 sizes 2,5
join 7 and 123 score = 0.02586206896551724 sizes 1,23
join 113 and 223 score = 0.02531645569620253 sizes 2,12
join 86 and 93 score = 0.03571428571428571 sizes 17,1
join 225 and 240 score = 0.031446540880503145 sizes 1,8
join 160 and 205 score = 0.03680981595092025 sizes 18,1
join 12 and 251 score = 0.03571428571428571 sizes 1,1
join 258 and 285 score = 0.0 sizes 1,14
join 140 and 254 score = 0.04666666666666667 sizes 1,1
join 140 and 225 score = 0.041666666666666664 sizes 2,9
join 7 and 210 score = 0.030612244897959183 sizes 24,11
join 119 and 230 score = 0.021739130434782608 sizes 38,7
join 18 and 283 score = 0.041666666666666664 sizes 1,14
join 134 and 256 score = 0.03225806451612903 sizes 1,1
join 57 and 147 score = 0.0 sizes 10,1
join 107 and 129 score = 0.0392156862745098 sizes 59,3
join 157 and 241 score = 0.04294478527607362 sizes 1,45
join 23 and 74 score = 0.037037037037037035 sizes 2,46
join 190 and 250 score = 0.03225806451612903 sizes 1,1
join 12 and 122 score = 0.034482758620689655 sizes 2,1
join 95 and 147 score = 0.037037037037037035 sizes 5,11
join 233 and 236 score = 0.041666666666666664 sizes 15,16
join 30 and 51 score = 0.034482758620689655 sizes 1,24
join 69 and 253 score = 0.06666666666666667 sizes 1,1
join 256 and 258 score = 0.03225806451612903 sizes 2,15
join 106 and 135 score = 0.04054054054054054 sizes 1,17
All pairs
join 93 and 260 score = 0.06896551724137931 sizes 19,1
join 217 and 274 score = 0.09090909090909091 sizes 1,1
join 18 and 25 score = 0.06666666666666667 sizes 15,8
join 99 and 202 score = 0.045454545454545456 sizes 23,25
join 90 and 190 score = 0.1 sizes 1,2
join 134 and 250 score = 0.0625 sizes 18,3
join 90 and 195 score = 0.06896551724137931 sizes 21,1
join 30 and 157 score = 0.07142857142857142 sizes 48,48
join 69 and 260 score = 0.06896551724137931 sizes 2,20
join 253 and 274 score = 0.06451612903225806 sizes 22,2
join 191 and 205 score = 0.07643312101910828 sizes 1,24
join 34 and 217 score = 0.06451612903225806 sizes 1,25
join 1 and 26 score = 0.09090909090909091 sizes 35,1
join 195 and 211 score = 0.0967741935483871 sizes 22,1
join 85 and 286 score = 0.07407407407407407 sizes 1,96
join 122 and 290 score = 0.10714285714285714 sizes 3,1
join 26 and 83 score = 0.09375 sizes 36,1
join 191 and 254 score = 0.0851063829787234 sizes 26,37
join 34 and 82 score = 0.07407407407407407 sizes 63,1
join 98 and 152 score = 0.07142857142857142 sizes 1,1
join 106 and 237 score = 0.12269938650306748 sizes 23,31
join 282 and 290 score = 0.14814814814814814 sizes 1,4
join 98 and 252 score = 0.11538461538461539 sizes 2,62
join 72 and 247 score = 0.14965986394557823 sizes 6,97
join 85 and 145 score = 0.14814814814814814 sizes 103,1
join 138 and 282 score = 0.16 sizes 54,5
join 82 and 211 score = 0.17857142857142858 sizes 64,59
join 70 and 94 score = 0.2265625 sizes 1,104
join 75 and 145 score = 0.18518518518518517 sizes 1,105
join 75 and 251 score = 0.0 sizes 106,123
join 83 and 136 score = 0.4230769230769231 sizes 229,64
score = 4.764935056461507
improvementE3 : -1987.280146227981
improvementE1 : -1987.2801392253107
improvementE1 : -1985.280768727179
improvementE3 : -1981.1284489822444
improvementE2 : -1981.1283631191436
improvementE3 : -1981.1280318030185
improvementE1 : -1981.0973533681106
improvementE2 : -1981.0972607328247
improvementE3 : -1981.0507334847935
improvementE3 : -1980.7144483007428
improvementE2 : -1980.714431698443
improvementE1 : -1980.7144210156644
improvementE2 : -1980.7033244347358
improvementE3 : -1980.703317600123
improvementE2 : -1980.7021499617488
improvementE3 : -1980.702146003959
improvementE1 : -1980.7021136923222
improvementE1 : -1980.5251071576886
improvementE3 : -1980.4476770656545
improvementE3 : -1976.45895207465
improvementE2 : -1976.4519548249023
improvementE2 : -1976.0092535149113
improvementE3 : -1976.0018966857008
improvementE2 : -1976.0018933920892
improvementE1 : -1976.0017984234673
improvementE3 : -1976.0017312793027
improvementE3 : -1976.0016543447196
improvementE3 : -1976.0016180381215
improvementE2 : -1975.9986114170867
improvementE2 : -1975.9461202345594
improvementE2 : -1974.343209747059
improvementE1 : -1974.3432039034342
improvementE3 : -1973.9560976744208
improvementE1 : -1973.9559274481232
improvementE3 : -1973.9556240444972
improvementE3 : -1973.0501681007756
improvementE1 : -1973.0217295663833
improvementE1 : -1966.8684361876283
improvementE1 : -1966.852585499047
improvementE2 : -1966.851014126284
improvementE2 : -1966.8433946945686
improvementE3 : -1966.841529726312
improvementE1 : -1966.8369261421365
improvementE1 : -1966.8357729701643
improvementE1 : -1966.8128138379814
improvementE1 : -1966.8126902085721
improvementE2 : -1966.7720994078552
improvementE1 : -1966.7715876359553
improvementE1 : -1966.6610429915368
improvementE2 : -1966.2544762644357
improvementE2 : -1966.253935189055
improvementE2 : -1966.2534406706081
improvementE3 : -1966.144357084213
improvementE1 : -1966.1430504583027
improvementE1 : -1966.1248599384667
improvementE3 : -1966.1246209388141
improvementE2 : -1966.1108249231906
improvementE3 : -1965.9825633591624
improvementE1 : -1965.9797553457106
improvementE3 : -1965.9797510174892
improvementE3 : -1965.9756281303926
improvementE1 : -1965.9754103003424
improvementE3 : -1965.9741940221968
improvementE3 : -1916.1859872217462
improvementE3 : -1916.1856712657968
improvementE1 : -1916.1854952752517
improvementE3 : -1914.2307235906706
improvementE2 : -1914.2106948269657
improvementE1 : -1914.2097781549444
improvementE2 : -1914.2097664148853
improvementE2 : -1914.1817788036712
improvementE3 : -1914.1811470636671
improvementE1 : -1914.163658830034
improvementE2 : -1914.163543860347
improvementE2 : -1914.1626348351365
improvementE2 : -1914.161853061153
improvementE1 : -1914.1618435235755
improvementE1 : -1914.1611523486017
improvementE1 : -1914.1611092909584
improvementE1 : -1914.1568811039658
improvementE2 : -1913.8847424647186
improvementE2 : -1913.858841830106
improvementE3 : -1913.8588106084856
improvementE2 : -1913.8554548448299
improvementE3 : -1913.8535840313948
improvementE3 : -1913.8476459721223
improvementE1 : -1913.8422053805964
improvementE2 : -1913.807328028384
improvementE3 : -1913.8073257434019
improvementE2 : -1913.807319680875
improvementE3 : -1913.7914018793263
improvementE1 : -1913.7457839047934
improvementE2 : -1913.7457126146387
improvementE2 : -1913.7435767156906
improvementE3 : -1913.7411734811853
improvementE3 : -1913.7345690950283
improvementE1 : -1913.7345330299495
improvementE3 : -1913.734165691499
improvementE3 : -1913.7338167948308
improvementE2 : -1875.0250534327363
improvementE3 : -1875.025044815222
improvementE1 : -1871.372829965448
improvementE2 : -1871.3728249363676
improvementE3 : -1871.3725613394224
improvementE1 : -1871.3725050296348
improvementE1 : -1871.3683681322689
improvementE1 : -1871.3683629474608
improvementE1 : -1871.3683520093
improvementE3 : -1871.3683372205724
improvementE1 : -1871.3641870036745
improvementE3 : -1871.3640846963772
improvementE1 : -1869.3565917933374
improvementE1 : -1869.3563490843858
improvementE2 : -1864.786933069198
improvementE2 : -1853.140205031521
improvementE3 : -1853.1398003850525
improvementE1 : -1853.1384725965886
improvementE1 : -1853.1363998260001
improvementE1 : -1853.1363964043587
improvementE2 : -1853.1363723708757
improvementE2 : -1853.1287054023958
improvementE1 : -1853.1286192138937
improvementE3 : -1853.1285220012292
improvementE2 : -1853.0844967183923
improvementE1 : -1853.084495294417
improvementE2 : -1853.0644837730624
improvementE3 : -1853.0644814844661
improvementE3 : -1853.06401369793
improvementE2 : -1853.0430481616215
improvementE2 : -1844.006543852495
improvementE3 : -1843.982846536592
improvementE3 : -1843.982381417985
improvementE2 : -1835.0474633173276
improvementE1 : -1832.3742435327206
improvementE3 : -1832.2855785927732
improvementE1 : -1832.2855459707325
improvementE3 : -1832.1842416150232
improvementE1 : -1832.1685932202379
improvementE2 : -1832.1685156288113
improvementE3 : -1831.9923416680858
improvementE3 : -1831.9922478937128
improvementE3 : -1831.9806496653127
improvementE3 : -1831.9806476696263
improvementE2 : -1831.9806438702922
improvementE2 : -1831.9802679832053
improvementE2 : -1831.9764177112734
improvementE3 : -1831.9753236379597
improvementE3 : -1831.9336980572152
improvementE3 : -1831.933628572866
improvementE1 : -1831.862987058399
improvementE3 : -1831.8628941144448
improvementE1 : -1831.8558270099104
improvementE2 : -1829.8978969041293
improvementE2 : -1829.8978204845291
improvementE2 : -1829.8973158206188
improvementE3 : -1828.8971865564386
improvementE1 : -1828.897141528946
improvementE2 : -1828.8971402013165
improvementE3 : -1828.8441794663438
improvementE3 : -1828.8441774480648
improvementE3 : -1825.129947399699
improvementE1 : -1825.1296527764252
improvementE2 : -1825.1280607261667
improvementE3 : -1820.6441764788087
improvementE1 : -1820.6434411056746
improvementE1 : -1820.5635544067072
improvementE3 : -1813.4351656244671
improvementE1 : -1813.4264433562435
improvementE3 : -1796.9147566663114
improvementE1 : -1796.914658427195
improvementE1 : -1796.9140008334446
improvementE3 : -1796.91399292545
improvementE2 : -1796.9139882923375
improvementE3 : -1796.913766897654
improvementE2 : -1796.903990330458
improvementE1 : -1796.9039620021429
improvementE3 : -1796.903061580432
improvementE3 : -1793.401516365793
improvementE2 : -1793.392586238777
improvementE3 : -1793.3925847902265
improvementE3 : -1793.3925816135604
improvementE1 : -1793.392535207977
improvementE1 : -1793.3909843591866
improvementE3 : -1793.3908765500141
improvementE2 : -1791.9115277365865
improvementE2 : -1791.9041884526848
improvementE1 : -1791.8929075622316
improvementE3 : -1791.8928977966698
improvementE3 : -1791.8855362145378
improvementE2 : -1791.8854825590254
improvementE2 : -1791.790883986354
improvementE2 : -1791.727324237448
improvementE3 : -1780.2037540643153
improvementE1 : -1780.196838894562
improvementE2 : -1780.1968283962942
improvementE2 : -1780.1700349245518
improvementE3 : -1780.1280846874545
improvementE3 : -1780.1280836469816
improvementE2 : -1780.1277653903492
improvementE3 : -1780.1273401568515
improvementE3 : -1780.1244965969042
improvementE2 : -1780.124493916826
improvementE3 : -1780.1244809293983
improvementE1 : -1780.124085398758
improvementE3 : -1780.1233940151465
improvementE2 : -1780.123136687342
improvementE3 : -1780.1070188556716
improvementE3 : -1780.1070177388715
improvementE3 : -1773.1882811874427
improvementE3 : -1773.1856740038877
improvementE3 : -1773.1856650648879
improvementE3 : -1772.9105276272692
improvementE3 : -1772.9105252935149
improvementE1 : -1771.5728348830226
improvementE3 : -1771.572831558186
improvementE1 : -1771.5728298578651
improvementE3 : -1771.5728079220073
improvementE3 : -1771.5727981212929
improvementE1 : -1769.5728162405503
improvementE2 : -1769.4514871123854
improvementE1 : -1769.4486969896498
improvementE1 : -1769.4486891737515
improvementE2 : -1769.4437567341206
improvementE3 : -1768.1156549762793
improvementE1 : -1768.1156486992793
improvementE2 : -1768.1154748216152
improvementE3 : -1768.1139954257621
improvementE2 : -1760.7698100112125
improvementE2 : -1760.7698051440225
improvementE3 : -1760.7679427985245
improvementE3 : -1760.7674480698686
improvementE1 : -1760.767308443921
improvementE3 : -1760.760757881351
improvementE3 : -1760.7569168264881
improvementE1 : -1760.756851684081
improvementE3 : -1760.7081655865593
improvementE3 : -1760.7081638114144
improvementE2 : -1755.247836361125
improvementE3 : -1755.2459362783131
improvementE2 : -1740.240741607658
improvementE3 : -1740.2352130556555
improvementE2 : -1740.2351047633952
improvementE3 : -1740.2350742570452
improvementE1 : -1740.2350731718514
improvementE1 : -1740.2350369825992
improvementE3 : -1740.2341855356412
improvementE2 : -1738.1324786386638
improvementE3 : -1738.1324677825703
improvementE1 : -1738.1323136252665
improvementE1 : -1734.2562774514015
improvementE1 : -1734.2561842713494
improvementE3 : -1734.25611963703
improvementE2 : -1734.2560608178871
improvementE3 : -1719.3392585546799
improvementE3 : -1718.9709420291279
improvementE2 : -1718.9709349678017
improvementE3 : -1718.9709148370616
improvementE1 : -1718.9576499933635
improvementE3 : -1718.089647387878
improvementE2 : -1718.08959801708
improvementE3 : -1718.089581726023
improvementE3 : -1718.0895542824464
improvementE2 : -1717.8933671086227
improvementE2 : -1717.8926236767843
improvementE3 : -1717.1714783297086
improvementE1 : -1717.1713663034825
improvementE1 : -1717.1713651068524
improvementE2 : -1716.9740930070352
improvementE1 : -1716.9740582332893
improvementE2 : -1716.9740568003956
improvementE2 : -1716.9738558884105
improvementE3 : -1716.9713735705218
improvementE3 : -1714.9720834754996
improvementE2 : -1714.9720767559445
improvementE1 : -1714.9719463270947
improvementE3 : -1714.9670656665758
improvementE1 : -1714.9257112255177
improvementE3 : -1714.9257035548537
improvementE2 : -1714.923801087337
improvementE2 : -1714.923799659412
improvementE1 : -1713.000160887448
improvementE3 : -1712.9943463481773
improvementE2 : -1712.9943429842308
improvementE1 : -1712.984770707149
improvementE2 : -1712.9410660206536
improvementE1 : -1712.9409881498061
improvementE2 : -1712.940804146379
improvementE2 : -1712.9407670708501
improvementE1 : -1712.9407532403884
improvementE3 : -1712.9341343093524
improvementE3 : -1712.934126187627
improvementE3 : -1712.9340513960499
improvementE1 : -1712.9339822783604
improvementE2 : -1712.9330000704615
improvementE1 : -1712.9322536928878
improvementE3 : -1712.3387571332842
improvementE2 : -1712.338734017953
improvementE3 : -1712.0860693336247
improvementE2 : -1712.0860191265879
improvementE2 : -1712.0860129739192
improvementE3 : -1712.085993470121
improvementE1 : -1712.0859727669826
improvementE2 : -1712.0235206190114
improvementE3 : -1712.0235041434833
improvementE2 : -1712.0191088240363
improvementE1 : -1712.0191032250173
improvementE1 : -1712.0190970865103
improvementE2 : -1712.0184306191989
improvementE1 : -1711.0184306209062
improvementE1 : -1710.8725396875466
improvementE2 : -1698.9818222180343
improvementE1 : -1695.637885198904
improvementE1 : -1695.6378523660428
improvementE3 : -1695.6378468230928
improvementE3 : -1695.6378447188492
improvementE3 : -1695.6376141076225
improvementE1 : -1693.5900888498306
improvementE1 : -1693.5900840039144
improvementE2 : -1693.5900693679373
improvementE1 : -1693.5900534360526
improvementE2 : -1693.5899957826723
improvementE3 : -1693.585673975539
improvementE3 : -1693.5732092445041
improvementE3 : -1693.5728274980897
improvementE3 : -1689.7652112693183
improvementE3 : -1689.7650775717382
improvementE2 : -1642.1896539312356
improvementE3 : -1642.1896485829689
improvementE2 : -1642.1890717131175
improvementE3 : -1640.484827516674
improvementE1 : -1640.4848259671612
improvementE2 : -1640.478066487909
improvementE2 : -1640.4780610860316
improvementE2 : -1632.87295856748
improvementE3 : -1632.872956760576
improvementE3 : -1632.8723494278497
improvementE3 : -1631.2852416900673
improvementE3 : -1631.0438565998593
improvementE3 : -1631.043854918345
improvementE3 : -1631.000951689044
improvementE1 : -1631.0009467581913
improvementE3 : -1630.4618242802321
improvementE1 : -1630.4618130128993
improvementE1 : -1630.461640086326
improvementE3 : -1630.461622213701
improvementE3 : -1630.4614710543533
improvementE1 : -1630.459219908476
improvementE1 : -1630.4591847223692
improvementE1 : -1630.4591592910137
improvementE1 : -1630.4545404521868
improvementE1 : -1630.4542320608316
improvementE2 : -1630.452408080475
improvementE1 : -1630.4523869809416
improvementE2 : -1630.0998301803838
improvementE1 : -1630.0220844964265
improvementE2 : -1630.0199644781128
improvementE3 : -1618.8250453776268
improvementE3 : -1618.8250203467646
improvementE3 : -1618.0420284905326
improvementE1 : -1610.3229877719796
improvementE3 : -1610.322983685085
improvementE3 : -1610.322964122602
improvementE2 : -1610.319783320164
improvementE1 : -1609.3024642327618
improvementE3 : -1609.2076487937156
improvementE1 : -1609.2074680423088
improvementE3 : -1609.2072714369174
improvementE3 : -1594.38419578195
improvementE1 : -1594.3839651407068
improvementE3 : -1592.3848494725974
improvementE2 : -1588.7768186124142
improvementE2 : -1588.7761289737778
improvementE2 : -1588.7641030903537
improvementE3 : -1588.7640996537575
improvementE1 : -1588.764091405263
improvementE2 : -1588.7640847660427
improvementE2 : -1588.764051570378
improvementE3 : -1586.8414422052285
improvementE3 : -1585.5263727911374
improvementE1 : -1583.7841295970336
improvementE3 : -1582.798098754738
improvementE3 : -1582.7946277046026
improvementE3 : -1582.7945862094807
improvementE3 : -1582.6243882137787
improvementE3 : -1582.6243735413732
improvementE1 : -1582.6241020937755
improvementE3 : -1582.6240721048719
improvementE3 : -1582.6209122145542
improvementE3 : -1582.6208999494174
improvementE1 : -1582.6202132757853
improvementE3 : -1582.3315233599606
improvementE3 : -1582.3298802676766
improvementE1 : -1582.3254532774336
improvementE3 : -1582.3254515585054
improvementE3 : -1582.3213562574847
improvementE3 : -1582.321351829486
improvementE3 : -1582.1870160801527
improvementE3 : -1582.187001641867
improvementE3 : -1582.1869854465235
improvementE3 : -1571.0442941809133
improvementE3 : -1571.0442927708198
improvementE2 : -1571.0442848706857
improvementE1 : -1571.044245715208
improvementE3 : -1571.0434296243675
improvementE3 : -1571.040744902375
improvementE1 : -1571.0407433799178
improvementE2 : -1571.0406195828032
improvementE3 : -1571.0406138367312
improvementE3 : -1571.0298063572202
improvementE1 : -1567.2051420261382
improvementE2 : -1567.2050126178742
improvementE3 : -1567.2050114956319
improvementE2 : -1567.2050099958942
improvementE1 : -1567.2050065597446
improvementE3 : -1567.203540037483
improvementE1 : -1567.2035137895227
improvementE1 : -1567.2034725957587
improvementE1 : -1563.9680766306387
improvementE3 : -1561.9657370426598
improvementE3 : -1553.767918625715
improvementE2 : -1553.7663336178962
improvementE2 : -1553.7663307435512
improvementE1 : -1553.766315326322
improvementE2 : -1553.727554918265
improvementE3 : -1552.8325420759168
improvementE2 : -1552.832366734485
improvementE3 : -1552.8323653196433
improvementE2 : -1552.828117079725
improvementE3 : -1552.7855951904905
improvementE2 : -1550.969644075897
improvementE3 : -1550.9695386630765
improvementE3 : -1550.9693957030427
improvementE2 : -1550.9328253374388
improvementE1 : -1550.8595428480025
improvementE1 : -1550.8554157068816
improvementE1 : -1547.191323917515
improvementE2 : -1547.0173728923332
improvementE2 : -1547.0165099648912
improvementE1 : -1547.0164849631924
improvementE1 : -1547.0164772482972
improvementE3 : -1547.0153881116032
improvementE2 : -1547.0152686462716
improvementE1 : -1546.8906514208986
improvementE2 : -1546.8906490078741
improvementE2 : -1546.8906475899075
improvementE3 : -1546.8906423095175
improvementE3 : -1546.8906409433316
improvementE3 : -1546.890627766525
improvementE3 : -1546.885119604071
improvementE1 : -1546.8851145861672
improvementE1 : -1546.8851127877865
improvementE3 : -1546.8851108459037
improvementE3 : -1546.8843642902202
improvementE2 : -1546.8268376683066
improvementE3 : -1546.8255822318224
improvementE2 : -1545.6957752462781
improvementE2 : -1545.6390668831384
improvementE1 : -1545.6385612277513
improvementE1 : -1545.6382530249616
improvementE2 : -1545.6370445771086
improvementE1 : -1545.636688698935
improvementE2 : -1545.635178355089
improvementE1 : -1545.6351548625862
improvementE2 : -1545.635094604288
improvementE1 : -1545.634964727044
improvementE1 : -1545.578728362715
improvementE3 : -1545.5786594514655
improvementE1 : -1545.5786573898765
improvementE1 : -1545.5785919204418
improvementE2 : -1544.7019627233344
improvementE3 : -1544.692919406425
improvementE3 : -1544.6929144124565
improvementE1 : -1544.692500975696
improvementE2 : -1544.6680785212657
improvementE2 : -1544.6680668908523
improvementE1 : -1544.6680552718467
improvementE1 : -1544.6680278438726
improvementE3 : -1544.6680184044817
improvementE1 : -1544.6680173156483
improvementE1 : -1544.6679970708901
improvementE3 : -1544.665093917478
improvementE3 : -1544.663653509488
improvementE2 : -1544.3587493588268
improvementE1 : -1544.3584508583372
improvementE3 : -1544.3583937959938
improvementE1 : -1543.4761283669613
improvementE1 : -1543.4761259631618
improvementE3 : -1543.4761004871218
improvementE3 : -1543.475733962537
improvementE2 : -1543.4755016702823
improvementE2 : -1543.475499865624
improvementE3 : -1543.4754930150614
improvementE3 : -1543.4736798692315
improvementE3 : -1543.4732276701347
improvementE3 : -1543.4732109805977
improvementE2 : -1540.881226211472
improvementE2 : -1540.8811539173748
improvementE2 : -1540.8811527034618
improvementE3 : -1540.8769841526228
improvementE2 : -1540.7657045780372
improvementE3 : -1540.7656964034425
improvementE2 : -1540.7656361185336
improvementE2 : -1540.7429160020579
improvementE3 : -1540.7425354981676
improvementE2 : -1540.7422135008137
improvementE1 : -1540.741812745342
improvementE2 : -1540.7418084108608
improvementE1 : -1540.741801946715
improvementE2 : -1540.702171421949
improvementE3 : -1539.747121822665
improvementE1 : -1539.7446104440128
improvementE2 : -1539.7445680579658
improvementE1 : -1539.7303287196219
improvementE2 : -1539.729431992862
improvementE2 : -1539.7290631877922
improvementE1 : -1538.973169910439
improvementE1 : -1538.9339165488223
improvementE3 : -1538.9338022916158
improvementE1 : -1538.9337610246425
improvementE2 : -1538.767689998041
improvementE1 : -1538.7676060757767
improvementE3 : -1538.767555607688
improvementE3 : -1538.764549185181
improvementE2 : -1538.764541894357
improvementE2 : -1538.7642180250696
improvementE3 : -1538.763403669104
improvementE1 : -1538.7459662885517
improvementE3 : -1538.7459502699444
improvementE2 : -1535.5529389365056
improvementE1 : -1535.5527292978602
improvementE2 : -1535.5525202254496
improvementE1 : -1535.5524191894287
improvementE3 : -1535.5523886009205
improvementE1 : -1535.5523871349392
improvementE3 : -1535.5505254797106
improvementE3 : -1535.5505122923996
improvementE2 : -1535.5505049640922
improvementE2 : -1535.550451970205
improvementE1 : -1535.550298678292
improvementE1 : -1535.5502973561183
improvementE3 : -1535.5416137638804
improvementE1 : -1535.5415851045768
improvementE1 : -1535.5415830286024
improvementE3 : -1535.5400806623065
improvementE3 : -1535.539687745088
improvementE3 : -1535.5185229543679
improvementE2 : -1535.5109741974138
improvementE3 : -1535.5025565694023
improvementE1 : -1535.5025295265907
improvementE1 : -1535.5023796795065
improvementE1 : -1531.7672242609067
improvementE3 : -1531.7671377442693
improvementE1 : -1531.767134941118
improvementE1 : -1531.7671249574678
improvementE3 : -1531.7671238683895
improvementE1 : -1531.7670975176857
improvementE1 : -1527.5416985976603
improvementE2 : -1527.541697379173
improvementE3 : -1527.5416485297285
improvementE1 : -1527.5203054621275
improvementE1 : -1527.520274719277
improvementE1 : -1527.505607666131
improvementE3 : -1527.5015623168176
improvementE1 : -1527.4995302097263
improvementE1 : -1527.4994371649486
improvementE3 : -1527.4984139385406
improvementE3 : -1524.167761652926
improvementE2 : -1524.167760470098
improvementE3 : -1524.1677591617836
improvementE2 : -1524.1670484473025
improvementE1 : -1524.1669921937446
improvementE1 : -1524.166988947918
improvementE3 : -1524.1669871146876
improvementE1 : -1524.1669456303853
improvementE1 : -1524.1669410890254
improvementE1 : -1524.166909510307
improvementE1 : -1524.1669060862746
improvementE3 : -1524.1668943552236
improvementE2 : -1524.165662433826
improvementE2 : -1522.1045773822589
improvementE1 : -1522.104546984187
improvementE2 : -1522.1043739811212
improvementE2 : -1522.1043294698536
improvementE3 : -1522.1037862733242
improvementE2 : -1522.103783900445
improvementE1 : -1522.1037805007495
improvementE1 : -1522.1031861113847
improvementE3 : -1522.1031809134915
improvementE1 : -1522.0764262331772
improvementE1 : -1522.076405882061
improvementE3 : -1522.076397626838
improvementE2 : -1522.0476358828907
improvementE2 : -1522.0476325252748
improvementE3 : -1521.9275978725432
improvementE3 : -1518.6085947589195
improvementE3 : -1518.4772927118804
improvementE2 : -1518.3910669687807
improvementE1 : -1518.3910423949487
improvementE2 : -1518.3858469605216
improvementE2 : -1518.3858309579578
improvementE3 : -1518.3849622168839
improvementE3 : -1518.3848448292606
improvementE3 : -1518.1848683330584
improvementE3 : -1518.1848480409071
improvementE1 : -1518.1848395716465
improvementE1 : -1518.1785806908092
improvementE3 : -1518.1785794069608
improvementE3 : -1518.1785754723364
improvementE2 : -1518.1785650618262
improvementE2 : -1518.1683537271645
improvementE1 : -1518.1683335321227
improvementE3 : -1518.1683323094164
improvementE3 : -1517.204811713249
improvementE3 : -1517.2047908415602
improvementE2 : -1517.2010391126666
improvementE2 : -1517.2010380586044
improvementE2 : -1517.2010304036387
improvementE2 : -1517.2010281151279
improvementE1 : -1517.201018966739
improvementE3 : -1516.9109919761818
improvementE3 : -1516.9108454435366
improvementE3 : -1516.910723101596
improvementE3 : -1516.9105249035265
improvementE1 : -1516.9105163985473
improvementE1 : -1516.8923723737985
improvementE2 : -1516.892345951399
improvementE3 : -1516.8923445157398
improvementE1 : -1516.8781315921888
improvementE3 : -1516.4748613690476
improvementE1 : -1516.4726646607464
improvementE3 : -1516.4720961386083
improvementE2 : -1516.4720938766
improvementE3 : -1516.4705655149214
improvementE1 : -1516.3757815559736
improvementE2 : -1516.36995356171
improvementE3 : -1516.3690252031038
improvementE1 : -1516.3686609339688
improvementE1 : -1516.360883753541
improvementE1 : -1516.3608599216218
improvementE3 : -1513.5713654381907
improvementE2 : -1513.5713315187108
improvementE3 : -1513.5713176055287
improvementE3 : -1513.5713074817984
improvementE2 : -1513.5712834757644
improvementE3 : -1509.7311271654776
improvementE3 : -1509.7311261562181
improvementE1 : -1509.73112461107
improvementE1 : -1509.729742286027
improvementE3 : -1509.7296399969246
improvementE3 : -1509.729638601737
improvementE3 : -1509.7296205704376
improvementE2 : -1509.729586462443
improvementE2 : -1509.7295312680994
improvementE3 : -1509.7295282895448
improvementE3 : -1509.7295017312213
improvementE3 : -1509.7294980709512
improvementE2 : -1509.729474857954
improvementE2 : -1509.5076773812862
improvementE2 : -1509.5076248667276
improvementE2 : -1509.5069719776611
improvementE3 : -1509.363808406646
improvementE3 : -1509.357185933658
improvementE2 : -1509.3519994784888
improvementE3 : -1509.3512980399007
improvementE3 : -1509.3486938791839
improvementE2 : -1509.348394698232
improvementE1 : -1509.348146986207
improvementE1 : -1509.2771986794692
improvementE1 : -1509.2771938689662
improvementE1 : -1509.2596389999644
improvementE1 : -1509.213478599912
improvementE3 : -1509.1791979656177
improvementE2 : -1509.179196442472
improvementE3 : -1509.179171253355
improvementE3 : -1501.7168733609424
improvementE1 : -1501.7168721594155
improvementE3 : -1501.7161421250248
improvementE1 : -1501.7161208192642
improvementE3 : -1501.7161162126645
improvementE3 : -1501.716040069689
improvementE2 : -1501.715646405045
improvementE2 : -1501.7156365104593
improvementE1 : -1501.7156295365546
improvementE3 : -1501.7156220145662
improvementE3 : -1501.7156207221192
improvementE1 : -1501.715612314987
improvementE3 : -1501.7088664694006
improvementE1 : -1501.7084166256845
improvementE1 : -1501.5202296242032
improvementE3 : -1501.520075324888
improvementE3 : -1501.5199860050716
improvementE1 : -1501.5199502655382
improvementE2 : -1501.4956730035183
improvementE2 : -1501.4933985258463
improvementE1 : -1501.493339073389
improvementE1 : -1501.49333544897
improvementE1 : -1501.4933289469113
improvementE1 : -1501.4933144462436
improvementE3 : -1501.493312648175
improvementE3 : -1501.493308699217
improvementE2 : -1501.3663168014032
improvementE3 : -1501.3620699970775
improvementE1 : -1501.3620458582527
improvementE3 : -1501.362010640075
improvementE1 : -1501.357618219833
improvementE3 : -1501.357616573699
improvementE2 : -1501.3574956203602
improvementE3 : -1501.3574924648115
improvementE2 : -1501.3574861939665
improvementE1 : -1501.3574816083315
improvementE3 : -1501.3574805844655
improvementE1 : -1501.3244803549724
improvementE3 : -1501.3244735527971
improvementE1 : -1501.3182821439577
improvementE1 : -1501.2320177832269
improvementE3 : -1501.2319972426708
improvementE3 : -1501.2319716366824
improvementE2 : -1501.2167937393174
improvementE1 : -1501.2167907527141
improvementE2 : -1501.2167830692033
improvementE3 : -1501.2167231766189
improvementE1 : -1501.21671732522
improvementE2 : -1501.2163632533402
improvementE1 : -1501.216348422552
improvementE3 : -1501.2161979089342
improvementE3 : -1501.2161863968545
improvementE3 : -1501.2145244986405
improvementE1 : -1501.2145151210975
improvementE1 : -1501.197347303161
improvementE3 : -1501.197245344614
improvementE3 : -1501.1972303044636
improvementE2 : -1501.197226341284
improvementE2 : -1501.1972242926608
improvementE2 : -1501.1972222986865
improvementE2 : -1501.1971247566432
improvementE3 : -1501.1926204396016
improvementE3 : -1501.192606194665
improvementE2 : -1501.1925712958537
improvementE2 : -1501.192567578212
improvementE2 : -1501.1925630393748
improvementE3 : -1501.1924200120156
improvementE2 : -1501.1924116263494
improvementE1 : -1501.1890850996845
improvementE1 : -1501.1890548643323
improvementE2 : -1501.1888034017488
improvementE2 : -1501.188802350249
improvementE1 : -1501.1887129605138
improvementE1 : -1501.188675207088
improvementE2 : -1501.182287562194
improvementE1 : -1501.1822817646682
improvementE1 : -1501.1822740443856
improvementE3 : -1501.1550222112687
improvementE3 : -1501.1547277574655
improvementE3 : -1501.1062413643895
improvementE3 : -1501.106163279459
improvementE2 : -1501.106108445827
improvementE3 : -1501.106106696789
improvementE1 : -1501.1060434918386
improvementE2 : -1501.1060321839277
improvementE3 : -1498.0400482867312
improvementE3 : -1498.0400441362508
improvementE1 : -1498.0346168268802
improvementE3 : -1498.0346028610381
improvementE1 : -1498.034388478919
improvementE2 : -1498.0288637206036
improvementE2 : -1498.0279620636893
improvementE1 : -1497.997983520284
improvementE3 : -1497.9979823756523
improvementE2 : -1497.9976599561528
improvementE2 : -1497.9976566486296
improvementE1 : -1497.9976546480639
improvementE3 : -1497.9976330001223
improvementE1 : -1497.9976198431782
improvementE1 : -1497.8621309367531
improvementE2 : -1497.8621052731994
improvementE1 : -1497.8621013600455
improvementE3 : -1497.8620799093019
improvementE1 : -1497.6514867623118
improvementE2 : -1496.3167623855368
improvementE3 : -1496.2943499152543
improvementE3 : -1496.2922540732948
improvementE2 : -1496.291036027285
improvementE1 : -1496.2909850087217
improvementE3 : -1496.2909828482525
improvementE1 : -1496.2909652443082
improvementE2 : -1496.2730713014726
improvementE1 : -1496.2730529120367
improvementE1 : -1496.2140209865747
improvementE3 : -1496.1624828885201
improvementE2 : -1496.1624818603536
improvementE2 : -1496.1624805087226
improvementE1 : -1496.158079978779
improvementE2 : -1496.158078360264
improvementE3 : -1496.1580758194978
improvementE3 : -1496.1550973506305
improvementE3 : -1496.1549920036105
improvementE2 : -1496.154589577581
improvementE3 : -1496.154152463587
improvementE1 : -1496.1541470560865
improvementE3 : -1496.1540945431907
improvementE1 : -1495.7732425684708
improvementE1 : -1495.773236396119
improvementE2 : -1495.7732341521437
improvementE3 : -1495.7440713616306
improvementE2 : -1495.7397150849097
improvementE2 : -1495.7397064335676
improvementE1 : -1495.7133187421869
improvementE3 : -1495.7046628302637
improvementE3 : -1495.7044643188706
improvementE3 : -1495.7013730693507
improvementE2 : -1495.696670570303
improvementE2 : -1495.6966600782198
improvementE1 : -1495.6953496128313
improvementE3 : -1495.6953466110622
improvementE2 : -1495.695342730121
improvementE3 : -1495.6953411247105
improvementE3 : -1495.6952724358475
improvementE1 : -1495.6934704617474
improvementE3 : -1495.6933512032572
improvementE1 : -1495.6844358487851
improvementE3 : -1495.6820899711029
improvementE1 : -1495.6815447785498
improvementE3 : -1495.681537048247
improvementE2 : -1495.681529850283
improvementE3 : -1495.6435197177193
improvementE3 : -1495.6435173902476
improvementE1 : -1495.643511961302
improvementE1 : -1495.6433461557535
improvementE1 : -1495.642656454993
improvementE1 : -1493.6440973759868
improvementE3 : -1493.6214793509885
improvementE1 : -1493.620992076068
improvementE3 : -1493.545792810629
improvementE3 : -1493.545455210166
improvementE3 : -1493.5453827994904
improvementE1 : -1493.5453804517788
improvementE1 : -1493.5444609028957
improvementE1 : -1493.5439077719493
improvementE3 : -1493.5437796897672
improvementE3 : -1493.5436205365236
improvementE3 : -1493.542287710468
improvementE1 : -1493.5422856235418
improvementE1 : -1493.542279633724
improvementE2 : -1493.5422062717198
improvementE1 : -1493.5421862188923
improvementE3 : -1493.5419132688087
improvementE3 : -1493.5406878939268
improvementE2 : -1493.5404632249533
improvementE3 : -1493.5404618023913
improvementE1 : -1493.5404595403088
improvementE3 : -1493.5404487598964
improvementE2 : -1493.5404357080283
improvementE2 : -1493.540405810697
improvementE2 : -1493.5404043465637
improvementE3 : -1493.5403853267185
improvementE1 : -1493.5403787995224
improvementE2 : -1493.5396172321282
improvementE3 : -1493.5395950107695
improvementE1 : -1493.539563984782
improvementE1 : -1493.5395562083745
improvementE3 : -1493.5395536565952
improvementE3 : -1493.537845319046
improvementE1 : -1493.5378442921092
improvementE1 : -1493.5370021280446
improvementE3 : -1493.5369928902528
improvementE3 : -1493.5369893192374
improvementE2 : -1493.5369878050697
improvementE2 : -1493.5365484486495
improvementE3 : -1493.5363048712002
improvementE3 : -1493.5362999430145
improvementE2 : -1493.5361362801252
improvementE2 : -1493.5355920369916
improvementE1 : -1493.535572527741
improvementE3 : -1493.5355172469822
improvementE1 : -1493.535516231736
improvementE3 : -1492.939897597927
improvementE3 : -1492.9398849784307
improvementE1 : -1492.9398827229247
improvementE2 : -1492.9398807149005
improvementE3 : -1492.9385587576303
improvementE3 : -1492.9385563433225
improvementE1 : -1492.9383879160987
improvementE2 : -1492.899094702567
improvementE1 : -1492.8990933407324
improvementE1 : -1492.8804007812246
improvementE2 : -1492.8802163833302
improvementE2 : -1492.880100965075
improvementE3 : -1492.8160586778945
improvementE1 : -1492.8160505716628
improvementE1 : -1492.8031433263986
improvementE3 : -1492.80310340207
improvementE1 : -1492.8029494927341
improvementE1 : -1492.8028995192979
improvementE3 : -1492.802896046263
improvementE1 : -1492.802893014423
improvementE1 : -1492.801470117242
improvementE3 : -1492.8002366839855
logL = -8005.308004105845
Removing 0 markers
Second round
improvementE3 : -1492.7746498148974
improvementE3 : -1492.7746448442922
improvementE3 : -1492.7746136001501
improvementE2 : -1492.7744176176475
improvementE2 : -1492.774411986909
improvementE3 : -1492.774408424482
improvementE1 : -1492.774398336687
improvementE3 : -1492.7743968570346
improvementE1 : -1492.7743958014285
improvementE3 : -1492.7743946634814
improvementE2 : -1492.774393291942
improvementE3 : -1492.7743821209372
improvementE3 : -1492.7743288543588
improvementE2 : -1492.7729652663743
improvementE3 : -1492.772963653761
improvementE3 : -1492.7726406485258
improvementE3 : -1492.7725804251804
improvementE1 : -1492.7725788622101
improvementE1 : -1492.7724189112546
improvementE3 : -1492.7720891274541
improvementE2 : -1492.7720698282455
improvementE3 : -1492.5102204317866
improvementE3 : -1492.510162416373
improvementE1 : -1492.5083590263848
improvementE1 : -1492.5080945136656
improvementE1 : -1492.4574101951387
improvementE3 : -1491.3770469031379
improvementE2 : -1491.3770379591106
improvementE3 : -1491.3750957589646
improvementE3 : -1491.374961515715
improvementE2 : -1491.3749588817257
improvementE3 : -1491.3639508859205
improvementE3 : -1491.3638790259406
improvementE2 : -1491.363875035313
improvementE3 : -1491.3638521502057
improvementE3 : -1491.3630134942157
improvementE2 : -1490.0697034817754
improvementE2 : -1490.0664796184305
improvementE3 : -1489.0029151634799
improvementE1 : -1489.002910906147
improvementE3 : -1488.9113377613614
improvementE3 : -1486.925817978846
improvementE1 : -1486.917640612775
improvementE3 : -1486.9175656159657
improvementE1 : -1486.9175621268503
improvementE1 : -1486.703578828492
improvementE1 : -1486.7028819004797
improvementE2 : -1486.6932606962032
improvementE3 : -1486.1830339740015
improvementE1 : -1484.1911004999452
improvementE3 : -1484.169799002334
improvementE3 : -1484.1501193773688
improvementE1 : -1484.1501178957556
improvementE2 : -1484.1500870488185
improvementE1 : -1484.150084632706
improvementE3 : -1484.1320201197486
improvementE3 : -1484.131511446044
improvementE2 : -1484.1315042564102
improvementE3 : -1484.1312135855628
improvementE3 : -1484.131189340579
improvementE3 : -1482.1311909738283
improvementE2 : -1482.131186480326
improvementE3 : -1482.1298080489337
improvementE3 : -1482.1281943367053
improvementE3 : -1482.1281912984075
improvementE3 : -1482.1281847571886
improvementE3 : -1481.91180285975
improvementE3 : -1481.9117572016526
improvementE3 : -1481.9085711849593
improvementE3 : -1481.9085700878022
improvementE1 : -1481.9085563784074
improvementE3 : -1481.9079430040101
improvementE3 : -1481.9016486372484
improvementE2 : -1481.9013560563444
improvementE2 : -1481.9013524576394
improvementE1 : -1481.9012846314426
improvementE3 : -1481.9012809368492
improvementE2 : -1481.9007143353297
improvementE3 : -1481.900696647086
improvementE3 : -1481.9006789874338
improvementE1 : -1481.9006609498874
improvementE2 : -1481.899794500695
improvementE1 : -1481.8997885044234
improvementE1 : -1481.899706090591
improvementE3 : -1481.882179231031
improvementE2 : -1481.880136643804
improvementE2 : -1481.8796656655672
improvementE1 : -1481.8789008436565
improvementE3 : -1481.8787997900663
improvementE3 : -1481.8787412264583
improvementE3 : -1481.8739414951724
improvementE2 : -1481.8739394181423
improvementE2 : -1481.873937655687
improvementE3 : -1481.8738615116442
improvementE2 : -1481.8738430683559
improvementE1 : -1481.873779994386
improvementE2 : -1481.8737377451494
improvementE3 : -1481.7718457915234
improvementE3 : -1481.7718443149847
improvementE2 : -1481.7718411114029
improvementE3 : -1481.7714205093548
improvementE2 : -1481.7714116114157
improvementE2 : -1481.7713433917322
improvementE1 : -1481.7713342814739
improvementE1 : -1481.7713330195234
improvementE2 : -1481.7713317692264
improvementE3 : -1481.7683252091033
improvementE1 : -1481.7676070951477
improvementE1 : -1481.2816501756583
improvementE1 : -1481.2592463138321
improvementE2 : -1481.254688631473
improvementE1 : -1481.2422635161938
improvementE2 : -1481.2422588770141
improvementE1 : -1481.2408069486896
improvementE3 : -1481.2388462000463
improvementE1 : -1481.2089248129244
improvementE1 : -1481.2015201232348
improvementE1 : -1481.2008383484103
improvementE3 : -1481.200723366027
improvementE3 : -1481.1723476582865
improvementE3 : -1481.1584976706972
improvementE1 : -1481.1555932947786
improvementE3 : -1481.1540153747223
improvementE2 : -1481.1141487126092
improvementE3 : -1481.1112562235232
improvementE2 : -1481.1088801598257
improvementE3 : -1481.108566626509
improvementE1 : -1481.1085637462159
improvementE3 : -1481.0695861703023
improvementE3 : -1481.0695761803759
improvementE2 : -1481.063216133805
improvementE3 : -1481.0627338238303
improvementE3 : -1479.7591257460872
improvementE3 : -1479.7581374760798
improvementE3 : -1479.7452336736253
improvementE1 : -1479.7337345038786
improvementE3 : -1479.7336031475807
improvementE3 : -1479.7241130960165
improvementE2 : -1479.7221545542377
improvementE1 : -1479.7220034935667
improvementE1 : -1479.7219967157466
improvementE2 : -1479.7217825455537
improvementE2 : -1479.7211940654167
improvementE1 : -1479.7208704076825
improvementE2 : -1479.7207887235882
improvementE3 : -1479.7197344435767
improvementE1 : -1479.7196498633343
improvementE1 : -1479.7196353268992
improvementE1 : -1479.7195366822357
improvementE3 : -1479.7194672071728
improvementE2 : -1479.7194646328162
improvementE1 : -1479.7194468965495
improvementE3 : -1477.7266463971014
improvementE1 : -1477.7245377898894
improvementE2 : -1477.7245325549698
improvementE3 : -1477.724526695778
improvementE1 : -1477.7244647248854
improvementE3 : -1477.7242706149345
improvementE2 : -1477.7242414284656
improvementE2 : -1477.7234579214114
improvementE2 : -1477.723445816387
improvementE1 : -1477.7234420324585
improvementE2 : -1477.7234409069533
improvementE1 : -1477.72343990553
improvementE1 : -1477.7234387182975
improvementE2 : -1477.723434040191
improvementE2 : -1477.7232784408397
improvementE3 : -1477.7232720979737
improvementE1 : -1477.723270190345
improvementE3 : -1477.7232688572158
improvementE3 : -1477.7232649975647
improvementE3 : -1477.7232427808299
