0->0 : 0
0->1 : 0
0->2 : 0
       Error rate = 0.0
1->0 : 0
1->1 : 0
1->2 : 0
       Error rate = 0.0
2->0 : 0
2->1 : 0
2->2 : 0
       Error rate = 0.0
0,2->0,2 : 1336466
  0,2->1 : 0
1,2->1,2 : 0
  1,2->0 : 0
       Error rate = 0.0
Maternally informative markers = 0 (of 12151)
Paternally informative markers = 12151
Maternally or paternally informative markers = 12151
Removed 0 children
Removed 0 markers
Number of LGs = 37
***Family = fam_08 chromosome = 21 numMarkers = 262 maternal informative markers 0 (paternal informative markers 261)
***Family = fam_01 chromosome = 21 numMarkers = 262 maternal informative markers 0 (paternal informative markers 262)
***Family = fam_09 chromosome = 21 numMarkers = 262 maternal informative markers 0 (paternal informative markers 262)
262->196
196->196
All pairs
join 64 and 110 score = 0.0 sizes 1,1
join 19 and 54 score = 0.0 sizes 1,1
join 115 and 121 score = 0.0 sizes 1,1
join 19 and 125 score = 0.0 sizes 2,1
join 25 and 178 score = 0.0 sizes 1,1
join 173 and 178 score = 0.0 sizes 1,2
join 76 and 173 score = 0.0 sizes 1,3
join 25 and 55 score = 0.0 sizes 4,1
join 110 and 137 score = 0.0 sizes 2,1
join 50 and 69 score = 0.0 sizes 1,1
join 72 and 115 score = 0.0 sizes 1,2
join 113 and 121 score = 0.0 sizes 1,3
join 72 and 176 score = 0.0 sizes 4,1
join 113 and 153 score = 0.0 sizes 5,1
join 76 and 176 score = 0.0 sizes 5,6
join 55 and 81 score = 0.0 sizes 11,1
join 65 and 153 score = 0.0 sizes 1,12
join 65 and 86 score = 0.0 sizes 13,1
join 43 and 154 score = 0.0 sizes 1,1
join 81 and 83 score = 0.0 sizes 14,1
join 8 and 50 score = 0.0 sizes 1,2
join 8 and 83 score = 0.0 sizes 3,15
join 71 and 165 score = 0.0 sizes 1,1
join 87 and 192 score = 0.0 sizes 1,1
join 48 and 195 score = 0.0 sizes 1,1
join 52 and 155 score = 0.0 sizes 1,1
join 54 and 73 score = 0.0 sizes 3,1
join 168 and 195 score = 0.0 sizes 1,2
join 48 and 86 score = 0.0 sizes 3,18
join 69 and 75 score = 0.0 sizes 21,1
join 75 and 160 score = 0.0 sizes 22,1
join 43 and 168 score = 0.0 sizes 2,23
join 148 and 165 score = 0.0 sizes 1,2
join 87 and 161 score = 0.0 sizes 2,1
join 17 and 161 score = 0.0 sizes 1,3
join 122 and 134 score = 0.0 sizes 1,1
join 42 and 111 score = 0.0 sizes 1,1
join 60 and 146 score = 0.0 sizes 1,1
join 146 and 169 score = 0.0 sizes 2,1
join 57 and 150 score = 0.0 sizes 1,1
join 57 and 111 score = 0.0 sizes 2,2
join 22 and 167 score = 0.0 sizes 1,1
join 22 and 58 score = 0.0 sizes 2,1
join 9 and 167 score = 0.0 sizes 1,3
join 33 and 105 score = 0.0 sizes 1,1
join 73 and 105 score = 0.0 sizes 4,2
join 1 and 125 score = 0.0 sizes 1,6
join 1 and 194 score = 0.0 sizes 7,1
join 10 and 45 score = 0.0 sizes 1,1
join 10 and 194 score = 0.0 sizes 2,8
join 26 and 56 score = 0.0 sizes 1,1
join 51 and 88 score = 0.0 sizes 1,1
join 51 and 139 score = 0.0 sizes 2,1
join 31 and 88 score = 0.0 sizes 1,3
join 31 and 192 score = 0.0 sizes 4,4
join 85 and 190 score = 0.0 sizes 1,1
join 33 and 98 score = 0.0 sizes 10,1
join 32 and 52 score = 0.0 sizes 1,2
join 30 and 163 score = 0.0 sizes 1,1
join 53 and 78 score = 0.0 sizes 1,1
join 78 and 101 score = 0.0 sizes 2,1
join 53 and 94 score = 0.0 sizes 3,1
join 45 and 189 score = 0.0 sizes 11,1
join 150 and 189 score = 0.0 sizes 4,12
join 98 and 160 score = 0.0 sizes 16,25
join 29 and 180 score = 0.0 sizes 1,1
join 0 and 129 score = 0.0 sizes 1,1
join 122 and 129 score = 0.0 sizes 2,2
join 24 and 151 score = 0.0 sizes 1,1
join 16 and 60 score = 0.0 sizes 1,3
join 16 and 103 score = 0.0 sizes 4,1
join 137 and 174 score = 0.0 sizes 3,1
join 74 and 128 score = 0.0 sizes 1,1
join 18 and 70 score = 0.0 sizes 1,1
join 68 and 84 score = 0.0 sizes 1,1
join 27 and 100 score = 0.0 sizes 1,1
All pairs
join 15 and 27 score = 0.0 sizes 1,2
join 59 and 64 score = 0.0 sizes 1,4
join 12 and 174 score = 0.0 sizes 1,5
join 49 and 163 score = 0.0 sizes 1,2
join 11 and 30 score = 0.0 sizes 1,3
join 0 and 157 score = 0.0 sizes 4,1
join 141 and 191 score = 0.0 sizes 1,1
join 15 and 172 score = 0.0 sizes 3,1
join 155 and 182 score = 0.0 sizes 3,1
join 42 and 99 score = 0.0 sizes 41,1
join 35 and 85 score = 0.0 sizes 1,2
join 143 and 175 score = 0.0 sizes 1,1
join 17 and 124 score = 0.0 sizes 8,1
join 2 and 140 score = 0.0 sizes 1,1
join 157 and 185 score = 0.0 sizes 5,1
join 156 and 158 score = 0.0 sizes 1,1
join 39 and 41 score = 0.0 sizes 1,1
join 39 and 145 score = 0.0 sizes 2,1
join 26 and 32 score = 0.0 sizes 2,4
join 41 and 138 score = 0.0 sizes 3,1
join 109 and 134 score = 0.0 sizes 1,6
join 177 and 181 score = 0.0 sizes 1,1
join 13 and 61 score = 0.0 sizes 1,1
join 4 and 61 score = 0.0 sizes 1,2
join 13 and 37 score = 0.0 sizes 3,1
join 116 and 177 score = 0.0 sizes 1,2
join 37 and 181 score = 0.0 sizes 4,3
join 21 and 132 score = 0.0 sizes 1,1
join 4 and 66 score = 0.0 sizes 7,1
join 66 and 127 score = 0.0 sizes 8,1
join 3 and 159 score = 0.0 sizes 1,1
join 3 and 127 score = 0.0 sizes 2,9
join 116 and 145 score = 0.0 sizes 11,4
join 9 and 138 score = 0.0 sizes 4,15
join 58 and 154 score = 0.0053475935828877 sizes 19,42
join 59 and 71 score = 0.0 sizes 6,3
join 109 and 159 score = 0.0 sizes 7,61
join 133 and 166 score = 0.0 sizes 1,1
join 164 and 166 score = 0.0 sizes 1,2
join 68 and 133 score = 0.0 sizes 2,3
join 124 and 142 score = 0.0 sizes 9,1
join 94 and 169 score = 0.006493506493506494 sizes 4,5
join 49 and 79 score = 0.0 sizes 4,1
join 35 and 77 score = 0.006097560975609756 sizes 3,1
join 164 and 188 score = 0.0 sizes 5,1
join 6 and 186 score = 0.0 sizes 1,1
join 112 and 158 score = 0.0 sizes 1,2
join 67 and 112 score = 0.0 sizes 1,3
join 118 and 186 score = 0.0 sizes 1,2
join 118 and 184 score = 0.0 sizes 3,1
join 44 and 102 score = 0.0 sizes 1,1
join 128 and 185 score = 0.00641025641025641 sizes 2,68
join 99 and 119 score = 0.0 sizes 70,1
join 89 and 184 score = 0.0 sizes 1,4
join 67 and 180 score = 0.0 sizes 4,2
join 29 and 80 score = 0.0 sizes 6,1
join 2 and 183 score = 0.006944444444444444 sizes 2,1
join 107 and 183 score = 0.00625 sizes 1,3
join 91 and 191 score = 0.0 sizes 1,2
join 28 and 97 score = 0.010582010582010581 sizes 1,1
join 38 and 90 score = 0.0 sizes 1,1
join 12 and 107 score = 0.012422360248447204 sizes 9,4
join 74 and 148 score = 0.011111111111111112 sizes 71,13
join 23 and 102 score = 0.0 sizes 1,2
join 23 and 93 score = 0.0 sizes 3,1
join 80 and 104 score = 0.0 sizes 7,1
join 144 and 188 score = 0.0 sizes 1,6
join 46 and 84 score = 0.0 sizes 1,7
join 44 and 63 score = 0.0 sizes 4,1
join 92 and 95 score = 0.0 sizes 1,1
join 56 and 162 score = 0.0 sizes 6,1
join 47 and 63 score = 0.0 sizes 1,5
join 62 and 114 score = 0.0 sizes 1,1
join 119 and 132 score = 0.015037593984962405 sizes 84,2
join 24 and 123 score = 0.011976047904191617 sizes 2,1
join 18 and 151 score = 0.01282051282051282 sizes 2,3
join 36 and 90 score = 0.0 sizes 1,2
join 82 and 149 score = 0.0 sizes 1,1
join 6 and 149 score = 0.0 sizes 5,2
join 141 and 190 score = 0.012422360248447204 sizes 3,4
join 91 and 95 score = 0.0 sizes 7,2
join 106 and 135 score = 0.0 sizes 1,1
join 101 and 106 score = 0.0 sizes 9,2
join 130 and 162 score = 0.0 sizes 1,7
join 62 and 140 score = 0.0 sizes 2,86
join 89 and 135 score = 0.0 sizes 7,11
join 82 and 117 score = 0.0 sizes 18,1
join 117 and 152 score = 0.0 sizes 19,1
join 34 and 47 score = 0.0 sizes 1,6
join 46 and 152 score = 0.0 sizes 8,20
All pairs
join 36 and 147 score = 0.0 sizes 3,1
join 126 and 171 score = 0.0 sizes 1,1
join 5 and 28 score = 0.0 sizes 1,2
join 171 and 187 score = 0.0 sizes 2,1
join 100 and 103 score = 0.014814814814814815 sizes 4,28
join 142 and 172 score = 0.023076923076923078 sizes 10,32
join 96 and 144 score = 0.0 sizes 1,42
join 7 and 120 score = 0.0 sizes 1,1
join 96 and 170 score = 0.0 sizes 43,1
join 139 and 182 score = 0.02 sizes 44,8
join 77 and 97 score = 0.024390243902439025 sizes 9,3
join 7 and 126 score = 0.041666666666666664 sizes 2,3
join 21 and 193 score = 0.03289473684210526 sizes 88,1
join 93 and 114 score = 0.034482758620689655 sizes 7,89
join 14 and 70 score = 0.027210884353741496 sizes 1,5
join 108 and 143 score = 0.041666666666666664 sizes 1,2
join 131 and 193 score = 0.0273972602739726 sizes 1,96
join 20 and 130 score = 0.03125 sizes 1,52
join 136 and 170 score = 0.038461538461538464 sizes 1,53
join 108 and 123 score = 0.040268456375838924 sizes 3,6
join 156 and 175 score = 0.0684931506849315 sizes 8,9
join 20 and 104 score = 0.03225806451612903 sizes 54,17
join 120 and 179 score = 0.07692307692307693 sizes 5,1
join 5 and 187 score = 0.07142857142857142 sizes 12,6
join 34 and 40 score = 0.08 sizes 97,1
join 14 and 131 score = 0.09027777777777778 sizes 71,98
join 79 and 136 score = 0.19393939393939394 sizes 5,169
join 92 and 147 score = 0.15384615384615385 sizes 18,4
join 11 and 38 score = 0.0 sizes 174,22
score = 1.2886624979778185
improvementE3 : -975.3499183931085
improvementE1 : -975.349786334719
improvementE2 : -975.3490678884733
improvementE1 : -975.3490660267773
improvementE3 : -975.3399056236418
improvementE3 : -975.2392488820758
improvementE3 : -970.4136858364977
improvementE2 : -962.7857625038677
improvementE2 : -962.7808644271428
improvementE3 : -962.7004807188025
improvementE1 : -962.5832304885982
improvementE1 : -962.5830371820506
improvementE3 : -962.4600685873179
improvementE3 : -962.4514927414804
improvementE2 : -962.0706273611919
improvementE2 : -962.0706208161154
improvementE1 : -925.4150890648407
improvementE2 : -925.3347669988283
improvementE3 : -925.332569910453
improvementE3 : -925.3325571415861
improvementE3 : -925.3151718753398
improvementE3 : -922.0766400538687
improvementE3 : -922.0524573382386
improvementE2 : -900.2805471976546
improvementE3 : -900.2805430319436
improvementE3 : -900.166845036481
improvementE3 : -900.166838374151
improvementE3 : -900.1653745926113
improvementE3 : -899.5789853792944
improvementE1 : -899.5789665138944
improvementE2 : -857.3626518804169
improvementE3 : -857.2508798671732
improvementE3 : -857.1340238361967
improvementE1 : -857.133842918285
improvementE3 : -856.9450481488542
improvementE1 : -856.9446811249053
improvementE2 : -856.6599633704639
improvementE3 : -856.6591286665416
improvementE1 : -856.6447405317475
improvementE1 : -856.644683888974
improvementE2 : -845.5349433855897
improvementE3 : -845.5347072537407
improvementE2 : -844.7111608300498
improvementE1 : -844.711152123364
improvementE2 : -844.7111414782973
improvementE3 : -844.7109554501282
improvementE2 : -844.7109368279008
improvementE3 : -844.6932555276685
improvementE2 : -844.6932390193596
improvementE3 : -844.2442949803628
improvementE2 : -843.9022602063864
improvementE2 : -843.9022546348689
improvementE1 : -843.9022518631286
improvementE2 : -843.9020141756012
improvementE2 : -843.3242634407945
improvementE2 : -843.3184823133507
improvementE3 : -843.3183569409792
improvementE3 : -843.3180915237294
improvementE3 : -843.3180885880782
improvementE3 : -837.4709851804083
improvementE1 : -837.4709203631621
improvementE2 : -836.62260186732
improvementE2 : -836.6224015777448
improvementE2 : -836.62141270424
improvementE3 : -836.6163500168211
improvementE2 : -836.6162945469206
improvementE1 : -836.5817431231497
improvementE1 : -836.5817210550284
improvementE2 : -836.5812040397846
improvementE2 : -836.5812009728267
improvementE1 : -836.5811994432216
improvementE3 : -836.5707756987103
improvementE2 : -836.5704606602923
improvementE2 : -836.1912326048273
improvementE1 : -836.1912302199974
improvementE2 : -836.190890859803
improvementE1 : -836.1908891447661
improvementE2 : -836.1903481693776
improvementE1 : -833.7901670114143
improvementE1 : -833.7901249861455
improvementE3 : -833.7587671197692
improvementE3 : -822.8071849694498
improvementE2 : -822.8065544490299
improvementE3 : -822.691653603755
improvementE3 : -822.6916483535441
improvementE3 : -822.6916460698031
improvementE3 : -822.689823724447
improvementE2 : -822.0832397121299
improvementE1 : -822.059247687036
improvementE3 : -822.0301088616243
improvementE2 : -817.9898441782359
improvementE2 : -817.9675128704703
improvementE3 : -817.9302023445273
improvementE1 : -817.874637407319
improvementE1 : -817.8417087997516
improvementE2 : -817.8412892100204
improvementE3 : -817.6540896891934
improvementE2 : -817.6535527484092
improvementE3 : -817.6489670629364
improvementE2 : -817.6488379665175
improvementE1 : -817.6402909828446
improvementE2 : -817.4282892592388
improvementE2 : -817.4269918901944
improvementE3 : -817.4267430821814
improvementE3 : -807.2314875788709
improvementE3 : -807.2314802343606
improvementE2 : -807.2313048813847
improvementE3 : -807.2312329702522
improvementE3 : -789.0755243155577
improvementE1 : -789.0739189330216
improvementE1 : -789.0664116448274
improvementE3 : -789.0660329406371
improvementE1 : -789.0659536503729
improvementE3 : -789.0654496408974
improvementE3 : -789.0462309512507
improvementE3 : -789.041263047689
improvementE2 : -789.0400707497827
improvementE3 : -788.9809359828289
improvementE3 : -788.9809299717961
improvementE2 : -788.9744829066249
improvementE3 : -788.9744807924724
improvementE3 : -788.973655692193
improvementE3 : -788.9736463647084
improvementE1 : -788.9732550976846
improvementE1 : -783.1854568619358
improvementE3 : -783.1854499183725
improvementE2 : -781.3099016283877
improvementE3 : -781.3099004919409
improvementE3 : -781.3098708764387
improvementE2 : -781.3098078432713
improvementE3 : -781.2991320808383
improvementE3 : -780.2547428874134
improvementE3 : -780.2547337122796
improvementE1 : -771.5527527321095
improvementE3 : -771.5150823392744
improvementE1 : -771.5150779642123
improvementE3 : -771.5147821650796
improvementE1 : -771.5119515833901
improvementE2 : -746.3911534516308
improvementE1 : -728.5280832859476
improvementE1 : -710.9862483359361
improvementE3 : -710.9862419710257
improvementE3 : -710.9861547044757
improvementE3 : -710.9861528731393
improvementE2 : -700.3611570105459
improvementE3 : -700.3608417899874
improvementE3 : -700.3608375483087
improvementE1 : -700.3608206036688
improvementE1 : -700.3604228707545
improvementE3 : -700.3604103027772
improvementE2 : -700.3594381899316
improvementE1 : -696.4850602409526
improvementE3 : -696.4843630336841
improvementE3 : -696.4843338129749
improvementE2 : -696.4824443566351
improvementE2 : -696.4271481937451
improvementE1 : -696.4270405533124
improvementE1 : -696.1455000405059
improvementE2 : -696.0455049865498
improvementE3 : -696.0441712736481
improvementE1 : -696.0441445698011
improvementE1 : -693.4499062268058
improvementE2 : -693.449905027979
improvementE1 : -693.4498130647991
improvementE3 : -693.4497984042837
improvementE3 : -693.4241928959145
improvementE2 : -693.4241173922339
improvementE3 : -689.6286204648718
improvementE2 : -689.563244904761
improvementE1 : -689.5581149452096
improvementE2 : -689.5576205947355
improvementE1 : -689.5576126474382
improvementE3 : -689.5374503113912
improvementE3 : -689.5371863594297
improvementE2 : -689.5371839914744
improvementE1 : -689.5369272534165
improvementE3 : -689.5368743314482
improvementE2 : -689.5324744065138
improvementE3 : -689.5273385798505
improvementE2 : -689.5273247223018
improvementE2 : -689.5267780832321
improvementE3 : -689.5266807959483
improvementE2 : -689.5247922512635
improvementE3 : -689.5247909067266
improvementE3 : -689.5160761604241
improvementE3 : -689.516072824151
improvementE2 : -689.5158479451113
improvementE3 : -689.5158444192247
improvementE3 : -681.7024329912115
improvementE3 : -680.7186181821196
improvementE1 : -680.7186029003426
improvementE2 : -680.6402867806147
improvementE1 : -680.6315880845259
improvementE2 : -680.6315773697117
improvementE3 : -680.6308505744844
improvementE3 : -680.6308414403483
improvementE1 : -680.629558205228
improvementE1 : -680.6295103466118
improvementE3 : -680.6295087657014
improvementE2 : -680.6201422713466
improvementE2 : -680.6201384425376
improvementE1 : -680.619724881989
improvementE3 : -680.6055280647174
improvementE3 : -680.6034166924792
improvementE2 : -679.1829910894365
improvementE2 : -672.7791149637453
improvementE1 : -672.7707652861034
improvementE3 : -672.768549066737
improvementE2 : -672.7684492511473
improvementE2 : -672.7683943385005
improvementE1 : -672.7660885036811
improvementE3 : -671.7697771654052
improvementE3 : -671.7381088665693
improvementE1 : -671.7380994994269
improvementE3 : -671.737661233265
improvementE3 : -671.7376389338435
improvementE3 : -671.7233292619494
improvementE3 : -671.7231209921827
improvementE3 : -671.7211015703265
improvementE3 : -671.7076641072018
improvementE2 : -671.7076612047204
improvementE1 : -671.7076594488695
improvementE3 : -671.7049107999767
improvementE3 : -671.6705102667678
improvementE1 : -671.6705080523155
improvementE2 : -671.6705064503874
improvementE3 : -671.6705026433091
improvementE1 : -671.6678034861714
improvementE3 : -667.3207926761432
improvementE3 : -667.2460751372446
improvementE2 : -667.2456189279776
improvementE2 : -656.6620337095
improvementE3 : -656.6620316597716
improvementE3 : -656.5773449593737
improvementE3 : -656.4819478938775
improvementE1 : -656.4816764329371
improvementE1 : -656.4799166718532
improvementE2 : -656.4799151314708
improvementE3 : -646.153041704232
improvementE3 : -646.1530404945177
improvementE1 : -646.1529921599647
improvementE2 : -646.1529861001725
improvementE1 : -646.1529626235653
improvementE2 : -646.1526520404213
improvementE3 : -646.152618784465
improvementE1 : -646.1519652463242
improvementE3 : -646.1519613417079
improvementE3 : -646.1232243960555
improvementE1 : -646.1232182673302
improvementE3 : -642.2587794661288
improvementE3 : -642.258774296206
improvementE3 : -639.9863809610827
improvementE3 : -639.9832065631488
improvementE2 : -639.9830220372735
improvementE2 : -639.982971335493
improvementE2 : -639.9829700469008
improvementE2 : -639.7839897885028
improvementE1 : -639.783557454
improvementE2 : -639.7835552669433
improvementE3 : -639.7759054936209
improvementE2 : -639.6407632474945
improvementE1 : -639.639893846105
improvementE3 : -639.6395509254024
improvementE3 : -639.6275489786838
improvementE2 : -639.6275446352331
improvementE1 : -639.6273406024122
improvementE2 : -639.6045160409009
improvementE1 : -639.6044655665505
improvementE1 : -639.603784884843
improvementE1 : -637.2254118788023
improvementE3 : -637.2253234105451
improvementE3 : -637.2251223445112
improvementE1 : -637.2251189161977
improvementE2 : -637.2251061920172
improvementE2 : -637.2243460918452
improvementE2 : -637.2235126550029
improvementE3 : -637.1574351591379
improvementE1 : -637.156408824107
improvementE1 : -637.0355812484429
improvementE3 : -637.032237683653
improvementE3 : -637.0240763508223
improvementE1 : -627.851146887742
improvementE3 : -627.6759058186922
improvementE2 : -627.671195645007
improvementE3 : -627.6711419825017
improvementE2 : -627.6692611750736
improvementE2 : -627.6692296547503
improvementE3 : -627.6686212719985
improvementE3 : -627.662415097984
improvementE3 : -627.6623772943869
improvementE1 : -627.6620614358926
improvementE1 : -627.6620402134731
improvementE3 : -623.7579231836457
improvementE3 : -623.7579028170669
improvementE2 : -623.7578906057138
improvementE2 : -623.7525368217407
improvementE1 : -619.882249659698
improvementE3 : -619.8822464676509
improvementE1 : -619.882241944435
improvementE3 : -619.8822347986222
improvementE2 : -619.8822322686478
improvementE2 : -619.4587015364402
improvementE3 : -619.2829919706685
improvementE3 : -619.2829398463916
improvementE3 : -619.2828667263816
improvementE3 : -619.2619121892583
improvementE2 : -607.0181700423987
improvementE1 : -607.0176852197251
improvementE3 : -607.0176780085363
improvementE1 : -603.7798407302406
improvementE3 : -603.7798275590287
improvementE2 : -603.7798054994744
improvementE3 : -603.7760408913911
improvementE2 : -603.7555747143668
improvementE3 : -603.7555733096405
improvementE1 : -602.5852731392679
improvementE1 : -602.5851496745681
improvementE3 : -601.8697379658481
improvementE1 : -601.8620167575002
improvementE2 : -601.8577502592811
improvementE3 : -600.7698656846896
improvementE1 : -600.7693338798724
improvementE1 : -599.9080351663016
improvementE3 : -599.9080340710889
improvementE3 : -599.9042827693675
improvementE3 : -599.9036420215276
improvementE1 : -599.9036364122675
improvementE3 : -599.9030712549296
improvementE1 : -599.4138541645716
improvementE2 : -597.6497938273616
improvementE2 : -597.5496840688988
improvementE1 : -597.5496241809933
improvementE3 : -597.5383705405359
improvementE3 : -590.1072124859002
improvementE2 : -589.9873312719847
improvementE3 : -579.4712473344507
improvementE3 : -579.4689358861749
improvementE2 : -577.7735549674242
improvementE1 : -577.5201334341375
improvementE2 : -577.5187838322807
improvementE3 : -577.5187349588175
improvementE1 : -577.5161621023209
improvementE1 : -577.5160386976522
improvementE1 : -577.0258524790258
improvementE1 : -577.0253237631363
improvementE3 : -573.8388966039684
improvementE3 : -573.8388549816457
improvementE2 : -573.8378281895696
improvementE2 : -565.1770944788904
improvementE1 : -565.1770827142809
improvementE3 : -565.1770728472425
improvementE2 : -565.1770300021526
improvementE3 : -562.6347517520348
improvementE1 : -559.367079565866
improvementE2 : -559.3280754664461
improvementE2 : -559.3280523915801
improvementE3 : -559.3272676534032
improvementE3 : -559.3060516128417
improvementE3 : -559.2939345207321
improvementE2 : -559.2442567962953
improvementE1 : -559.2440418827299
improvementE2 : -559.2440386738895
improvementE3 : -559.244036396897
improvementE3 : -559.2428579649752
improvementE3 : -558.6513863304947
improvementE2 : -558.6513768682221
improvementE3 : -558.6256839559677
improvementE2 : -558.6256803048279
improvementE2 : -558.6256692504444
improvementE3 : -558.6170552756237
improvementE1 : -558.617050706432
improvementE3 : -558.6170479916307
improvementE3 : -558.613117141045
improvementE3 : -558.6125415097981
improvementE1 : -532.5030014649226
improvementE1 : -532.5029657426173
improvementE3 : -532.4104809302203
improvementE3 : -532.4101926250751
improvementE3 : -532.2533077642347
improvementE2 : -532.187150901591
improvementE1 : -532.1871201378306
improvementE3 : -532.1870480961989
improvementE1 : -532.1792641047759
improvementE1 : -532.1792579651792
improvementE3 : -532.1792328342143
improvementE3 : -532.179207338981
improvementE2 : -532.1789870827005
improvementE1 : -532.1788822250185
improvementE3 : -532.178787443175
improvementE2 : -532.1787850855903
improvementE2 : -532.1787806080632
improvementE3 : -532.1786411217234
improvementE1 : -532.1786382983678
improvementE3 : -532.1770805842432
improvementE1 : -532.176890973422
improvementE3 : -532.1768478294073
improvementE3 : -532.1767933199737
improvementE2 : -532.1767902400429
improvementE1 : -532.1767879544072
improvementE2 : -531.9419475547247
improvementE1 : -531.9419053436584
improvementE1 : -531.9394262705143
improvementE3 : -531.9392882419022
improvementE2 : -531.3100289353054
improvementE2 : -531.3076597343872
improvementE1 : -531.305511268999
improvementE3 : -531.3054674739153
improvementE1 : -531.30439061526
improvementE2 : -531.3043894580254
improvementE3 : -531.304341776792
improvementE1 : -531.3032062875698
improvementE2 : -531.3032041853639
improvementE2 : -531.3001974907276
improvementE1 : -531.3001608863693
improvementE3 : -531.2999903962483
improvementE2 : -531.2997414154772
improvementE3 : -531.2997348805106
improvementE2 : -531.2997086488566
improvementE3 : -531.2996705480916
improvementE2 : -526.5777442433041
logL = -3228.705415360839
Removing 0 markers
Second round
improvementE1 : -526.577742547189
improvementE3 : -521.8081394379717
improvementE1 : -521.8080556934782
improvementE2 : -521.8079706848579
improvementE3 : -521.8079522102867
improvementE3 : -521.8079173875509
improvementE2 : -521.7980881333444
improvementE3 : -521.7980846435208
improvementE2 : -521.7978650245209
improvementE1 : -521.7978073637441
improvementE2 : -521.7977981486973
improvementE2 : -521.7952672080401
improvementE1 : -521.7952603136991
improvementE2 : -521.7952552509778
improvementE2 : -521.7952419322205
improvementE3 : -521.7952330725448
improvementE3 : -521.794850412238
improvementE3 : -521.7948420603045
improvementE3 : -521.7948388716545
improvementE3 : -521.7948100303418
improvementE3 : -521.7948012036294
improvementE2 : -519.7381477692752
improvementE3 : -519.7381462486164
improvementE3 : -519.7381157875615
improvementE1 : -519.7381146988661
improvementE3 : -511.02615797489744
improvementE1 : -511.02615649938315
improvementE3 : -511.0261325752399
improvementE3 : -511.02613155831045
improvementE1 : -511.02585099441205
improvementE2 : -511.02503051759794
improvementE3 : -511.0250055774086
improvementE1 : -511.0244366432327
