0->0 : 0
0->1 : 0
0->2 : 0
       Error rate = 0.0
1->0 : 0
1->1 : 0
1->2 : 0
       Error rate = 0.0
2->0 : 0
2->1 : 0
2->2 : 0
       Error rate = 0.0
0,2->0,2 : 1340462
  0,2->1 : 0
1,2->1,2 : 0
  1,2->0 : 0
       Error rate = 0.0
Maternally informative markers = 0 (of 12028)
Paternally informative markers = 12028
Maternally or paternally informative markers = 12028
Removed 0 children
Removed 0 markers
Number of LGs = 41
***Family = fam_08 chromosome = 24 numMarkers = 237 maternal informative markers 0 (paternal informative markers 237)
***Family = fam_01 chromosome = 24 numMarkers = 237 maternal informative markers 0 (paternal informative markers 237)
***Family = fam_09 chromosome = 24 numMarkers = 237 maternal informative markers 0 (paternal informative markers 237)
237->182
182->182
All pairs
join 38 and 124 score = 0.0 sizes 1,1
join 38 and 168 score = 0.0 sizes 2,1
join 121 and 124 score = 0.0 sizes 1,3
join 15 and 26 score = 0.0 sizes 1,1
join 29 and 89 score = 0.0 sizes 1,1
join 29 and 129 score = 0.0 sizes 2,1
join 26 and 86 score = 0.0 sizes 2,1
join 15 and 168 score = 0.0 sizes 3,4
join 10 and 121 score = 0.0 sizes 1,7
join 3 and 80 score = 0.0 sizes 1,1
join 28 and 154 score = 0.0 sizes 1,1
join 0 and 153 score = 0.0 sizes 1,1
join 14 and 80 score = 0.0 sizes 1,2
join 3 and 123 score = 0.0 sizes 3,1
join 89 and 123 score = 0.0 sizes 3,4
join 92 and 126 score = 0.0 sizes 1,1
join 32 and 170 score = 0.0 sizes 1,1
join 32 and 42 score = 0.0 sizes 2,1
join 84 and 170 score = 0.0 sizes 1,3
join 86 and 154 score = 0.0 sizes 8,2
join 10 and 35 score = 0.0 sizes 10,1
join 76 and 171 score = 0.0 sizes 1,1
join 35 and 54 score = 0.0 sizes 11,1
join 17 and 126 score = 0.0 sizes 1,2
join 17 and 116 score = 0.0 sizes 3,1
join 99 and 130 score = 0.0 sizes 1,1
join 130 and 174 score = 0.0 sizes 2,1
join 153 and 174 score = 0.0 sizes 2,3
join 79 and 99 score = 0.0 sizes 1,5
join 79 and 116 score = 0.0 sizes 6,4
join 64 and 127 score = 0.0 sizes 1,1
join 115 and 152 score = 0.0 sizes 1,1
join 0 and 150 score = 0.0 sizes 10,1
join 92 and 157 score = 0.0 sizes 11,1
join 138 and 157 score = 0.0 sizes 1,12
join 132 and 163 score = 0.0 sizes 1,1
join 145 and 163 score = 0.0 sizes 1,2
join 42 and 132 score = 0.0 sizes 4,3
join 13 and 145 score = 0.0 sizes 1,7
join 135 and 173 score = 0.0 sizes 1,1
join 70 and 81 score = 0.0 sizes 1,1
join 146 and 169 score = 0.0 sizes 1,1
join 91 and 146 score = 0.0 sizes 1,2
join 91 and 131 score = 0.0 sizes 3,1
join 83 and 155 score = 0.0 sizes 1,1
join 54 and 83 score = 0.0 sizes 12,2
join 106 and 151 score = 0.0 sizes 1,1
join 13 and 133 score = 0.0 sizes 8,1
join 61 and 84 score = 0.0 sizes 1,9
join 71 and 115 score = 0.0 sizes 1,2
join 71 and 129 score = 0.0 sizes 3,7
join 147 and 150 score = 0.0 sizes 1,13
join 36 and 138 score = 0.0 sizes 1,14
join 149 and 177 score = 0.0 sizes 1,1
join 63 and 88 score = 0.0 sizes 1,1
join 88 and 158 score = 0.0 sizes 2,1
join 63 and 69 score = 0.0 sizes 3,1
join 114 and 166 score = 0.0 sizes 1,1
join 120 and 141 score = 0.0 sizes 1,1
join 109 and 144 score = 0.0 sizes 1,1
join 143 and 144 score = 0.0 sizes 1,2
join 125 and 165 score = 0.0 sizes 1,1
join 22 and 28 score = 0.0 sizes 1,14
join 64 and 155 score = 0.0 sizes 2,15
join 36 and 127 score = 0.0 sizes 15,17
join 164 and 180 score = 0.0 sizes 1,1
join 109 and 156 score = 0.0 sizes 3,1
join 100 and 156 score = 0.0 sizes 1,4
join 30 and 133 score = 0.0 sizes 1,10
join 72 and 166 score = 0.0 sizes 1,2
join 33 and 51 score = 0.0 sizes 1,1
join 51 and 161 score = 0.0 sizes 2,1
join 11 and 151 score = 0.0 sizes 1,2
All pairs
join 33 and 137 score = 0.0 sizes 3,1
join 78 and 149 score = 0.0 sizes 1,2
join 152 and 177 score = 0.0 sizes 10,3
join 76 and 162 score = 0.0 sizes 2,1
join 50 and 81 score = 0.0 sizes 1,2
join 68 and 95 score = 0.0 sizes 1,1
join 44 and 68 score = 0.0 sizes 1,2
join 53 and 69 score = 0.0 sizes 1,4
join 167 and 171 score = 0.0 sizes 1,3
join 142 and 162 score = 0.0 sizes 1,4
join 12 and 57 score = 0.0 sizes 1,1
join 96 and 104 score = 0.0 sizes 1,1
join 96 and 169 score = 0.0 sizes 2,4
join 100 and 108 score = 0.0 sizes 5,1
join 22 and 106 score = 0.0 sizes 32,3
join 74 and 135 score = 0.0 sizes 1,2
join 8 and 161 score = 0.0 sizes 1,4
join 60 and 82 score = 0.0 sizes 1,1
join 164 and 165 score = 0.0 sizes 2,2
join 95 and 125 score = 0.0 sizes 3,4
join 94 and 111 score = 0.0 sizes 1,1
join 58 and 94 score = 0.0 sizes 1,2
join 41 and 50 score = 0.0 sizes 1,3
join 12 and 180 score = 0.0 sizes 2,7
join 62 and 78 score = 0.0 sizes 1,13
join 62 and 136 score = 0.0 sizes 14,1
join 11 and 39 score = 0.0 sizes 35,1
join 9 and 60 score = 0.0 sizes 1,2
join 85 and 131 score = 0.0 sizes 1,6
join 104 and 107 score = 0.0 sizes 7,1
join 5 and 158 score = 0.0 sizes 1,5
join 20 and 56 score = 0.0 sizes 1,1
join 87 and 159 score = 0.0 sizes 1,1
join 82 and 98 score = 0.0 sizes 3,1
join 24 and 30 score = 0.0 sizes 1,11
join 87 and 112 score = 0.0 sizes 2,1
join 21 and 37 score = 0.0 sizes 1,1
join 37 and 65 score = 0.0 sizes 2,1
join 41 and 167 score = 0.006578947368421052 sizes 4,5
join 112 and 118 score = 0.0 sizes 3,1
join 110 and 118 score = 0.0 sizes 1,4
join 56 and 120 score = 0.00625 sizes 2,2
join 4 and 65 score = 0.0 sizes 1,3
join 136 and 147 score = 0.007142857142857143 sizes 15,36
join 34 and 102 score = 0.0 sizes 1,1
join 40 and 111 score = 0.0 sizes 1,3
join 175 and 176 score = 0.0 sizes 1,1
join 14 and 55 score = 0.012578616352201259 sizes 51,1
join 75 and 139 score = 0.0 sizes 1,1
join 25 and 75 score = 0.006493506493506494 sizes 1,2
join 122 and 181 score = 0.0 sizes 1,1
join 1 and 181 score = 0.0 sizes 1,2
join 119 and 139 score = 0.0 sizes 1,3
join 40 and 175 score = 0.0 sizes 4,2
join 74 and 102 score = 0.0 sizes 3,2
join 110 and 160 score = 0.0 sizes 5,1
join 5 and 45 score = 0.0 sizes 6,1
join 53 and 113 score = 0.012422360248447204 sizes 7,1
join 2 and 45 score = 0.0 sizes 1,8
join 113 and 178 score = 0.0 sizes 9,1
join 90 and 140 score = 0.0 sizes 1,1
join 31 and 134 score = 0.0 sizes 1,1
join 31 and 52 score = 0.0 sizes 2,1
join 4 and 134 score = 0.0 sizes 4,3
join 25 and 46 score = 0.0 sizes 4,1
join 34 and 119 score = 0.0 sizes 5,5
join 142 and 173 score = 0.016216216216216217 sizes 9,10
join 72 and 160 score = 0.0 sizes 3,6
join 73 and 114 score = 0.013245033112582781 sizes 1,9
join 2 and 140 score = 0.0 sizes 10,2
join 18 and 77 score = 0.012658227848101266 sizes 1,1
join 27 and 61 score = 0.0 sizes 1,12
join 24 and 47 score = 0.006289308176100629 sizes 13,1
join 117 and 178 score = 0.0 sizes 1,12
join 46 and 47 score = 0.0 sizes 19,14
join 90 and 148 score = 0.012345679012345678 sizes 13,1
join 1 and 117 score = 0.0 sizes 3,14
join 18 and 122 score = 0.006172839506172839 sizes 2,17
join 58 and 107 score = 0.007874015748031496 sizes 6,8
join 21 and 176 score = 0.0 sizes 7,14
join 59 and 128 score = 0.0 sizes 1,1
join 39 and 85 score = 0.009523809523809525 sizes 52,21
join 67 and 108 score = 0.016129032258064516 sizes 1,6
join 67 and 141 score = 0.0111731843575419 sizes 7,4
All pairs
join 66 and 77 score = 0.0 sizes 1,19
join 27 and 103 score = 0.0 sizes 33,1
join 7 and 49 score = 0.0 sizes 1,1
join 49 and 179 score = 0.0 sizes 2,1
join 70 and 98 score = 0.02158273381294964 sizes 34,4
join 7 and 103 score = 0.0 sizes 3,38
join 43 and 101 score = 0.0 sizes 1,1
join 43 and 159 score = 0.0 sizes 2,10
join 137 and 143 score = 0.036585365853658534 sizes 5,11
join 128 and 172 score = 0.0 sizes 2,1
join 57 and 73 score = 0.03875968992248062 sizes 9,12
join 93 and 101 score = 0.0 sizes 1,21
join 16 and 52 score = 0.037037037037037035 sizes 1,73
join 16 and 93 score = 0.043478260869565216 sizes 74,22
join 8 and 9 score = 0.08333333333333333 sizes 16,41
join 59 and 179 score = 0.08 sizes 3,57
join 23 and 105 score = 0.07692307692307693 sizes 1,1
join 6 and 19 score = 0.06451612903225806 sizes 1,1
join 19 and 48 score = 0.06896551724137931 sizes 2,1
join 66 and 97 score = 0.043478260869565216 sizes 20,1
join 20 and 148 score = 0.1310344827586207 sizes 60,21
join 23 and 48 score = 0.12 sizes 2,3
join 44 and 97 score = 0.0 sizes 96,81
join 105 and 172 score = 0.0 sizes 5,177
score = 1.0087875210183246
improvementE3 : -455.74689574121845
improvementE1 : -455.74634236714917
improvementE2 : -455.4285046154054
improvementE3 : -455.37808063456237
improvementE1 : -455.37465560615277
improvementE2 : -455.3742600754815
improvementE1 : -455.3732982006033
improvementE1 : -455.3732741888972
improvementE1 : -455.3408654808489
improvementE1 : -453.6927448680906
improvementE3 : -453.6920443263039
improvementE3 : -453.6917852171414
improvementE2 : -453.69153991733583
improvementE2 : -453.6913937734157
improvementE1 : -453.69133597386735
improvementE1 : -453.69023846047253
improvementE3 : -452.38910749928243
improvementE3 : -451.1766535618353
improvementE2 : -451.1714267232097
improvementE2 : -451.17129437989416
improvementE2 : -451.16603861312404
improvementE1 : -450.965083799118
improvementE1 : -450.8878712708753
improvementE2 : -450.88786923103584
improvementE3 : -450.8655984845962
improvementE3 : -450.8651704459171
improvementE1 : -450.86510142231094
improvementE2 : -450.86508894545125
improvementE3 : -450.8615800315337
improvementE3 : -450.86157588380996
improvementE1 : -450.86149026042284
improvementE1 : -450.7544954855435
improvementE2 : -450.7544936685447
improvementE2 : -438.9937045799119
improvementE2 : -413.7878192414876
improvementE2 : -413.7878158199943
improvementE3 : -413.7877933480207
improvementE1 : -413.78733540010404
improvementE3 : -413.78733403598994
improvementE3 : -413.7873286823965
improvementE1 : -413.7199469227566
improvementE3 : -413.7195340511895
improvementE3 : -413.71952705874617
improvementE3 : -413.71951986134104
improvementE3 : -413.71946853787557
improvementE1 : -413.5040226711995
improvementE3 : -411.78313852503106
improvementE2 : -411.6936808062301
improvementE3 : -411.49415138365345
improvementE1 : -409.0209326667423
improvementE3 : -409.02081384066395
improvementE1 : -408.980384493368
improvementE1 : -408.98038170199385
improvementE3 : -408.4940331850848
improvementE3 : -408.4940311862071
improvementE2 : -408.49398538577105
improvementE3 : -408.49388557699143
improvementE2 : -408.45076994745926
improvementE1 : -408.43336195012637
improvementE1 : -407.57258888052684
improvementE3 : -405.7409759410543
improvementE1 : -405.74051294535855
improvementE3 : -405.740479878146
improvementE1 : -405.7404763320693
improvementE2 : -405.7404617975688
improvementE1 : -405.7404577476104
improvementE3 : -405.69483398475705
improvementE3 : -405.6835524497886
improvementE1 : -405.6835238694477
improvementE2 : -405.68352141739985
improvementE3 : -405.68349687324763
improvementE2 : -405.6834832319022
improvementE1 : -405.6831369995025
improvementE2 : -405.682822832224
improvementE1 : -405.67359135562936
improvementE2 : -398.8779786804095
improvementE3 : -398.87793993578373
improvementE3 : -398.877421647524
improvementE2 : -386.1447213114662
improvementE3 : -386.14464292425504
improvementE1 : -386.14451315231014
improvementE1 : -384.92430207747856
improvementE3 : -384.92430006965935
improvementE1 : -384.9242766008715
improvementE3 : -384.9239776270756
improvementE1 : -384.9239715782466
improvementE1 : -383.69822601053437
improvementE1 : -383.6982051020887
improvementE3 : -383.69646415644655
improvementE2 : -382.64922343856205
improvementE2 : -382.649105214251
improvementE2 : -382.60052656951933
improvementE3 : -381.2283136281208
improvementE3 : -381.2280110931964
improvementE3 : -381.2195384180232
improvementE3 : -381.2173336919518
improvementE1 : -381.21721097431094
improvementE3 : -381.20901244151315
improvementE3 : -378.6867168248935
improvementE1 : -378.6858010698841
improvementE3 : -378.68579724225754
improvementE2 : -378.6857803226888
improvementE3 : -378.6829290333961
improvementE3 : -378.6826850915363
improvementE2 : -378.67955932405016
improvementE2 : -378.6688677779623
improvementE3 : -378.6660070988441
improvementE1 : -378.66599878654523
improvementE2 : -378.6655974440381
improvementE1 : -378.664831200063
improvementE1 : -378.66170198978045
improvementE1 : -378.6616848677428
improvementE1 : -378.63632478198235
improvementE3 : -378.6363042876792
improvementE1 : -378.6362889511887
improvementE1 : -378.6362416598474
improvementE3 : -376.0481332057806
improvementE2 : -376.0479498235484
improvementE3 : -376.0461256786482
improvementE2 : -365.07170345222937
improvementE3 : -361.04399693272427
improvementE3 : -361.03121177363136
improvementE3 : -361.0312104797143
improvementE1 : -361.0289167929809
improvementE3 : -354.30251068670606
improvementE3 : -350.99382867149666
improvementE3 : -350.9938206988983
improvementE2 : -350.99352934980055
improvementE3 : -350.993523841807
improvementE1 : -350.99350829762864
improvementE3 : -343.87341186635183
improvementE1 : -343.8734015695168
improvementE2 : -343.87333925120913
improvementE2 : -343.87327617761383
improvementE1 : -343.8732746076008
improvementE1 : -338.198142956649
improvementE2 : -338.1981408100331
improvementE1 : -338.19813943306735
improvementE2 : -338.19813028902735
improvementE3 : -338.19699966175403
improvementE2 : -338.07617105032637
improvementE3 : -338.07616202334015
improvementE1 : -338.07616097262184
improvementE3 : -338.0761401228318
improvementE3 : -338.07611874770816
improvementE2 : -338.07588256485207
improvementE2 : -338.07493252437814
improvementE3 : -336.4152687404183
improvementE3 : -336.4151063130561
improvementE3 : -336.4138643732427
improvementE1 : -336.41288357324765
improvementE3 : -336.4124854718212
improvementE3 : -335.6576602533968
improvementE2 : -335.6575523808913
improvementE1 : -335.6575498494299
improvementE2 : -335.6573044438991
improvementE1 : -335.65724483824835
improvementE3 : -335.65690198154414
improvementE3 : -335.6568983968582
improvementE1 : -335.12806279263845
improvementE3 : -335.10777436371495
improvementE3 : -333.2626427547161
improvementE3 : -331.35955718530323
improvementE3 : -331.35955098554126
improvementE1 : -331.3595427172906
improvementE3 : -331.3592979648735
improvementE2 : -331.35929492144305
improvementE3 : -331.3583941892331
improvementE3 : -331.3583931070484
improvementE1 : -331.358240505329
improvementE3 : -331.35822144785703
improvementE2 : -331.3581602587246
improvementE1 : -331.35811573037927
improvementE2 : -331.3580913489308
improvementE2 : -329.9182147582297
improvementE3 : -329.9102537500236
improvementE1 : -329.9102408600404
improvementE1 : -329.8125669653524
improvementE3 : -329.77159552560903
improvementE2 : -329.77152854855245
improvementE3 : -328.59832496853693
improvementE3 : -328.5354202348158
improvementE2 : -328.5353740480035
improvementE1 : -328.52711410530634
improvementE3 : -326.6862845147732
improvementE3 : -326.6862683758037
improvementE3 : -326.6862522735408
improvementE2 : -326.6862390694881
improvementE2 : -326.68616017512363
improvementE3 : -326.6599243371296
improvementE3 : -326.6599209844861
improvementE3 : -326.6598588321402
improvementE2 : -326.6598436687472
improvementE1 : -325.11842838212215
improvementE1 : -325.0833809801034
improvementE3 : -324.98494562044374
improvementE3 : -324.97811950235314
improvementE2 : -324.97811803671584
improvementE2 : -324.9781037382091
improvementE3 : -322.6591666066448
improvementE1 : -320.41957945288544
improvementE1 : -320.4146286726061
improvementE3 : -320.4146273766912
improvementE2 : -320.414625748435
improvementE2 : -320.4142025086556
improvementE3 : -317.75039900371684
improvementE2 : -317.75039365199893
improvementE3 : -317.2077831285391
improvementE2 : -317.19435217271626
improvementE1 : -317.1925362060537
improvementE1 : -317.1925326177737
improvementE3 : -317.19249309680305
improvementE1 : -317.1924611890371
improvementE2 : -317.19239303744087
improvementE1 : -317.192219479871
improvementE1 : -317.192071383656
improvementE1 : -317.1920697334526
improvementE3 : -317.1920684582445
improvementE1 : -317.19204478387365
improvementE2 : -317.1544398780031
improvementE3 : -313.47542325071834
improvementE3 : -310.37933560892304
improvementE1 : -310.3776623210768
improvementE1 : -310.37762080028597
improvementE1 : -310.3772939536515
improvementE1 : -310.3731411476448
improvementE2 : -310.3731026080647
improvementE1 : -310.37309851312
improvementE3 : -308.45327407112507
improvementE3 : -308.45325430631084
improvementE1 : -308.4532532227879
improvementE1 : -308.45324933048454
improvementE3 : -308.45266322797664
improvementE1 : -308.4526543215223
improvementE3 : -308.4526457424523
improvementE3 : -308.4526313757272
improvementE3 : -308.45263021876593
improvementE3 : -308.4526225999439
improvementE3 : -308.4526121631355
improvementE3 : -308.21640209221346
improvementE2 : -308.2163993421969
improvementE1 : -308.21639244070764
improvementE3 : -308.21639116297484
improvementE3 : -308.21638171480913
improvementE3 : -308.2163714644537
improvementE3 : -308.2163681781222
improvementE2 : -308.21636147401847
improvementE2 : -308.2163602573354
improvementE3 : -308.2091607615579
improvementE3 : -308.2089049916662
improvementE1 : -308.2088550000183
improvementE2 : -308.20882184326587
improvementE2 : -308.20881714318733
improvementE1 : -308.2088014246984
improvementE3 : -308.20878351390326
improvementE2 : -308.2081968317883
improvementE3 : -307.7204260184413
improvementE1 : -307.72042471022655
improvementE1 : -307.72041977986464
improvementE3 : -307.7204029732072
improvementE2 : -307.7204014544575
improvementE3 : -307.0143531349643
improvementE1 : -307.01401767178726
improvementE1 : -307.0140147859513
improvementE3 : -306.99655510570517
improvementE3 : -298.52624836274595
improvementE1 : -298.52624518884187
improvementE2 : -298.52624308201223
improvementE1 : -298.5262397447193
improvementE3 : -297.011146850206
improvementE1 : -297.01113230025743
improvementE1 : -297.01113029611236
improvementE3 : -297.0110270028156
improvementE1 : -297.0109537060233
improvementE2 : -297.0109512455564
improvementE3 : -297.0109475389679
improvementE1 : -297.01094618607414
improvementE3 : -297.0109285791134
improvementE3 : -297.0106759984237
improvementE3 : -297.01067258924695
improvementE2 : -294.0139275420662
improvementE1 : -294.0128576272338
improvementE3 : -294.0128560381213
improvementE1 : -294.01240404647734
improvementE1 : -294.01239383288214
improvementE1 : -294.0103604760958
improvementE1 : -294.0102054340286
improvementE3 : -294.0101455838455
improvementE3 : -294.0100637636572
improvementE1 : -294.01006181699057
improvementE2 : -294.0099820448745
improvementE3 : -294.0099544239046
improvementE2 : -294.00993994586514
improvementE3 : -294.0098125573203
improvementE1 : -294.0096355852508
improvementE2 : -294.0081134634685
improvementE1 : -294.007972907991
improvementE3 : -294.0076726608399
improvementE3 : -294.0076693434475
improvementE2 : -294.0076662882082
improvementE2 : -294.0076532119757
improvementE3 : -294.00764553350115
improvementE2 : -294.00764203451564
improvementE1 : -294.0076405496138
improvementE3 : -294.0076154851441
improvementE1 : -294.0075508492928
improvementE1 : -294.0075414513461
improvementE3 : -294.00754001287135
improvementE2 : -294.007536068084
improvementE1 : -293.42887966815533
improvementE2 : -293.42886842799027
improvementE1 : -293.4288645419687
improvementE3 : -293.4288395323
improvementE1 : -293.22600679979894
improvementE1 : -293.2260013685033
improvementE3 : -293.2259939154185
improvementE1 : -293.2259786078484
improvementE3 : -293.225951003838
improvementE1 : -293.2259062814133
improvementE3 : -293.00332885929004
improvementE1 : -293.003232543746
improvementE3 : -293.0032248409686
improvementE2 : -293.0032232651804
improvementE3 : -293.0032027849625
improvementE2 : -293.0031814160798
improvementE1 : -293.00311295228215
improvementE1 : -293.00310649831306
improvementE3 : -293.00310363604206
improvementE2 : -293.00310095775166
improvementE1 : -293.00309304170486
improvementE1 : -293.00308855290086
improvementE3 : -293.00307927290936
improvementE1 : -293.0030511377343
improvementE3 : -293.0030487672901
improvementE3 : -293.00303958526536
improvementE2 : -293.0030305749233
improvementE3 : -292.99263909576194
improvementE3 : -292.99263588378267
improvementE1 : -292.99262601302104
improvementE2 : -292.9926248612698
improvementE3 : -292.9924888896853
improvementE3 : -292.9924832332613
improvementE3 : -292.99228949114143
improvementE1 : -292.992236251905
improvementE1 : -292.9922237383528
improvementE1 : -292.9900768757471
improvementE1 : -292.9900545889429
improvementE1 : -292.9900530998184
improvementE3 : -292.9900503039694
improvementE2 : -292.9900156394589
improvementE1 : -292.99001406100155
improvementE1 : -292.98901160740184
improvementE2 : -292.9889809104629
improvementE1 : -292.9889791489473
improvementE1 : -292.9889766375442
improvementE3 : -292.9889738483953
improvementE1 : -292.98896698901507
improvementE3 : -292.9888341099113
improvementE2 : -289.8493419331767
improvementE1 : -289.84931323441566
improvementE2 : -289.8493025797235
improvementE3 : -289.84842550073137
improvementE2 : -289.84841870726
improvementE1 : -289.84840788295094
improvementE3 : -289.8484066465225
improvementE2 : -289.84839928307184
improvementE3 : -289.84838532865905
improvementE3 : -289.8473275873897
improvementE1 : -289.8473148337922
improvementE3 : -289.8471923211146
improvementE3 : -289.8471873297832
improvementE2 : -289.84718466965415
improvementE2 : -289.84643984654986
improvementE1 : -289.84643665395515
improvementE1 : -289.84643464856174
improvementE2 : -289.84643173603234
improvementE2 : -289.84582003501225
improvementE1 : -289.84578181496335
improvementE3 : -289.8457553638704
improvementE1 : -289.8457376819049
improvementE3 : -289.84572315449293
improvementE2 : -289.84561269630797
improvementE2 : -289.84561160720665
improvementE3 : -289.8455732596329
improvementE1 : -289.8455705070641
improvementE3 : -289.8454945838881
logL = -2710.7000612355005
Removing 0 markers
Second round
improvementE3 : -289.84549342310373
improvementE3 : -289.8394407174187
