0->0 : 0
0->1 : 0
0->2 : 0
       Error rate = 0.0
1->0 : 0
1->1 : 0
1->2 : 0
       Error rate = 0.0
2->0 : 0
2->1 : 0
2->2 : 0
       Error rate = 0.0
0,2->0,2 : 1338190
  0,2->1 : 0
1,2->1,2 : 0
  1,2->0 : 0
       Error rate = 0.0
Maternally informative markers = 0 (of 12194)
Paternally informative markers = 12194
Maternally or paternally informative markers = 12194
Removed 0 children
Removed 0 markers
Number of LGs = 37
***Family = fam_08 chromosome = 28 numMarkers = 212 maternal informative markers 0 (paternal informative markers 212)
***Family = fam_01 chromosome = 28 numMarkers = 212 maternal informative markers 0 (paternal informative markers 212)
***Family = fam_09 chromosome = 28 numMarkers = 212 maternal informative markers 0 (paternal informative markers 212)
212->184
184->184
All pairs
join 70 and 141 score = 0.0 sizes 1,1
join 16 and 70 score = 0.0 sizes 1,2
join 16 and 136 score = 0.0 sizes 3,1
join 98 and 173 score = 0.0 sizes 1,1
join 14 and 162 score = 0.0 sizes 1,1
join 141 and 168 score = 0.0 sizes 4,1
join 35 and 63 score = 0.0 sizes 1,1
join 96 and 178 score = 0.0 sizes 1,1
join 29 and 162 score = 0.0 sizes 1,2
join 177 and 178 score = 0.0 sizes 1,2
join 14 and 128 score = 0.0 sizes 3,1
join 63 and 99 score = 0.0 sizes 2,1
join 60 and 169 score = 0.0 sizes 1,1
join 49 and 60 score = 0.0 sizes 1,2
join 17 and 99 score = 0.0 sizes 1,3
join 92 and 96 score = 0.0 sizes 1,3
join 38 and 41 score = 0.0 sizes 1,1
join 8 and 48 score = 0.0 sizes 1,1
join 23 and 88 score = 0.0 sizes 1,1
join 23 and 45 score = 0.0 sizes 2,1
join 45 and 69 score = 0.0 sizes 3,1
join 2 and 21 score = 0.0 sizes 1,1
join 21 and 74 score = 0.0 sizes 2,1
join 34 and 114 score = 0.0 sizes 1,1
join 12 and 182 score = 0.0 sizes 1,1
join 69 and 173 score = 0.0 sizes 4,2
join 88 and 108 score = 0.0 sizes 6,1
join 76 and 97 score = 0.0 sizes 1,1
join 78 and 168 score = 0.0 sizes 1,5
join 106 and 132 score = 0.0 sizes 1,1
join 78 and 122 score = 0.0 sizes 6,1
join 20 and 122 score = 0.0 sizes 1,7
join 17 and 136 score = 0.0 sizes 4,8
join 167 and 181 score = 0.0 sizes 1,1
join 62 and 167 score = 0.0 sizes 1,2
join 62 and 146 score = 0.0 sizes 3,1
join 101 and 146 score = 0.0 sizes 1,4
join 24 and 140 score = 0.0 sizes 1,1
join 90 and 98 score = 0.0 sizes 1,7
join 126 and 175 score = 0.0 sizes 1,1
join 18 and 30 score = 0.0 sizes 1,1
join 30 and 107 score = 0.0 sizes 2,1
join 65 and 174 score = 0.0 sizes 1,1
join 73 and 102 score = 0.0 sizes 1,1
join 71 and 73 score = 0.0 sizes 1,2
join 84 and 87 score = 0.0 sizes 1,1
join 39 and 46 score = 0.0 sizes 1,1
join 46 and 65 score = 0.0 sizes 2,2
join 5 and 177 score = 0.0 sizes 1,4
join 92 and 132 score = 0.0 sizes 5,2
join 114 and 144 score = 0.0 sizes 2,1
join 13 and 108 score = 0.0 sizes 1,8
join 13 and 176 score = 0.0 sizes 9,1
join 85 and 180 score = 0.0 sizes 1,1
join 8 and 85 score = 0.0 sizes 2,2
join 1 and 180 score = 0.0 sizes 1,4
join 41 and 149 score = 0.006756756756756757 sizes 2,1
join 22 and 102 score = 0.006024096385542169 sizes 1,3
join 135 and 137 score = 0.0 sizes 1,1
join 9 and 137 score = 0.005847953216374269 sizes 1,2
join 75 and 87 score = 0.004608294930875576 sizes 1,2
join 75 and 153 score = 0.0 sizes 3,1
join 32 and 174 score = 0.0 sizes 1,4
join 76 and 155 score = 0.0 sizes 2,1
join 3 and 83 score = 0.00625 sizes 1,1
join 107 and 140 score = 0.006211180124223602 sizes 3,2
join 26 and 90 score = 0.0 sizes 1,10
join 20 and 110 score = 0.006578947368421052 sizes 12,1
join 53 and 56 score = 0.006578947368421052 sizes 1,1
join 32 and 148 score = 0.01098901098901099 sizes 5,1
join 150 and 179 score = 0.0 sizes 1,1
join 109 and 121 score = 0.0 sizes 1,1
join 79 and 135 score = 0.006172839506172839 sizes 1,3
join 7 and 129 score = 0.006211180124223602 sizes 1,1
join 121 and 130 score = 0.00625 sizes 2,1
join 54 and 64 score = 0.0 sizes 1,1
join 64 and 152 score = 0.0 sizes 2,1
join 54 and 109 score = 0.0 sizes 3,3
join 59 and 89 score = 0.0 sizes 1,1
join 57 and 159 score = 0.0 sizes 1,1
join 82 and 159 score = 0.0 sizes 1,2
join 147 and 149 score = 0.011976047904191617 sizes 1,3
join 38 and 91 score = 0.006024096385542169 sizes 4,1
join 22 and 117 score = 0.011764705882352941 sizes 4,1
join 117 and 163 score = 0.012048192771084338 sizes 5,1
join 35 and 163 score = 0.011976047904191617 sizes 13,6
join 118 and 127 score = 0.0 sizes 1,1
join 82 and 118 score = 0.0 sizes 3,2
All pairs
join 11 and 74 score = 0.0 sizes 1,3
join 26 and 144 score = 0.007407407407407408 sizes 11,3
join 48 and 83 score = 0.005405405405405406 sizes 5,2
join 79 and 120 score = 0.005988023952095809 sizes 4,1
join 1 and 39 score = 0.0 sizes 7,6
join 61 and 81 score = 0.013513513513513514 sizes 1,1
join 37 and 58 score = 0.0 sizes 1,1
join 15 and 58 score = 0.0 sizes 1,2
join 67 and 133 score = 0.0 sizes 1,1
join 7 and 93 score = 0.012987012987012988 sizes 2,1
join 24 and 68 score = 0.0 sizes 5,1
join 4 and 67 score = 0.0 sizes 1,2
join 36 and 55 score = 0.0 sizes 1,1
join 36 and 152 score = 0.0 sizes 2,6
join 47 and 170 score = 0.0 sizes 1,1
join 47 and 68 score = 0.0 sizes 2,6
join 143 and 171 score = 0.0 sizes 1,1
join 44 and 171 score = 0.0 sizes 1,2
join 6 and 9 score = 0.017341040462427744 sizes 1,5
join 2 and 89 score = 0.014285714285714285 sizes 4,2
join 18 and 183 score = 0.010869565217391304 sizes 8,1
join 81 and 130 score = 0.014184397163120567 sizes 2,8
join 93 and 101 score = 0.014184397163120567 sizes 3,5
join 169 and 182 score = 0.015789473684210527 sizes 3,2
join 142 and 147 score = 0.01775147928994083 sizes 1,5
join 52 and 61 score = 0.01744186046511628 sizes 1,10
join 155 and 183 score = 0.012578616352201259 sizes 3,9
join 125 and 158 score = 0.01744186046511628 sizes 1,1
join 33 and 116 score = 0.0 sizes 1,1
join 33 and 59 score = 0.0 sizes 2,6
join 25 and 57 score = 0.0 sizes 1,5
join 127 and 176 score = 0.0 sizes 6,14
join 56 and 86 score = 0.0 sizes 2,1
join 29 and 157 score = 0.0 sizes 4,1
join 100 and 166 score = 0.0 sizes 1,1
join 115 and 166 score = 0.0 sizes 1,2
join 110 and 158 score = 0.018404907975460124 sizes 19,2
join 43 and 71 score = 0.01775147928994083 sizes 1,21
join 10 and 34 score = 0.025974025974025976 sizes 1,20
join 43 and 91 score = 0.023529411764705882 sizes 22,6
join 116 and 170 score = 0.019230769230769232 sizes 8,12
join 5 and 53 score = 0.012987012987012988 sizes 7,3
join 126 and 128 score = 0.0189873417721519 sizes 2,5
join 80 and 157 score = 0.0 sizes 1,7
join 112 and 142 score = 0.023668639053254437 sizes 1,28
join 125 and 134 score = 0.0273972602739726 sizes 29,1
join 10 and 66 score = 0.03289473684210526 sizes 21,1
join 66 and 139 score = 0.02531645569620253 sizes 22,1
join 6 and 105 score = 0.0 sizes 6,1
join 94 and 143 score = 0.0 sizes 1,3
join 15 and 44 score = 0.0 sizes 3,4
join 27 and 94 score = 0.0 sizes 1,7
join 112 and 139 score = 0.02976190476190476 sizes 30,23
join 52 and 134 score = 0.03424657534246575 sizes 11,53
join 103 and 161 score = 0.030864197530864196 sizes 1,1
join 77 and 119 score = 0.033783783783783786 sizes 1,1
join 31 and 131 score = 0.0 sizes 1,1
join 165 and 181 score = 0.03614457831325301 sizes 1,8
join 106 and 175 score = 0.03205128205128205 sizes 10,8
join 80 and 133 score = 0.038461538461538464 sizes 18,3
join 3 and 12 score = 0.03636363636363636 sizes 13,5
join 164 and 172 score = 0.037037037037037035 sizes 1,1
join 42 and 119 score = 0.038461538461538464 sizes 1,2
join 104 and 161 score = 0.04678362573099415 sizes 1,2
join 27 and 104 score = 0.03333333333333333 sizes 8,3
join 103 and 105 score = 0.037037037037037035 sizes 11,7
join 120 and 164 score = 0.0375 sizes 18,2
join 72 and 172 score = 0.04093567251461988 sizes 1,20
join 25 and 95 score = 0.037037037037037035 sizes 64,1
join 0 and 95 score = 0.03333333333333333 sizes 1,65
join 151 and 154 score = 0.03571428571428571 sizes 1,1
join 40 and 145 score = 0.03225806451612903 sizes 1,1
join 97 and 123 score = 0.033783783783783786 sizes 20,1
join 72 and 77 score = 0.047337278106508875 sizes 21,3
join 37 and 179 score = 0.038461538461538464 sizes 24,2
All pairs
join 115 and 148 score = 0.037037037037037035 sizes 3,18
join 131 and 150 score = 0.03571428571428571 sizes 2,26
join 55 and 154 score = 0.037037037037037035 sizes 66,2
join 49 and 153 score = 0.057692307692307696 sizes 21,4
join 42 and 111 score = 0.06164383561643835 sizes 28,1
join 111 and 160 score = 0.07692307692307693 sizes 29,1
join 28 and 124 score = 0.07407407407407407 sizes 1,1
join 0 and 124 score = 0.06896551724137931 sizes 68,2
join 19 and 86 score = 0.07407407407407407 sizes 1,21
join 145 and 156 score = 0.06896551724137931 sizes 2,1
join 138 and 160 score = 0.0958904109589041 sizes 1,30
join 31 and 156 score = 0.1111111111111111 sizes 31,3
join 51 and 113 score = 0.038461538461538464 sizes 1,1
join 51 and 100 score = 0.08333333333333333 sizes 2,25
join 19 and 28 score = 0.17857142857142858 sizes 22,70
join 129 and 138 score = 0.1419753086419753 sizes 9,34
join 84 and 123 score = 0.22981366459627328 sizes 27,21
join 4 and 113 score = 0.1724137931034483 sizes 92,48
join 11 and 165 score = 0.23972602739726026 sizes 140,43
join 50 and 151 score = 0.0 sizes 1,183
score = 3.2596945467930483
improvementE1 : -1805.5474615895314
improvementE2 : -1802.962511905402
improvementE2 : -1802.9624330826812
improvementE1 : -1802.9280576835981
improvementE2 : -1802.1603053578713
improvementE1 : -1799.9518136464058
improvementE2 : -1799.9414646005457
improvementE2 : -1799.9322129492277
improvementE1 : -1799.9319929544392
improvementE1 : -1799.9319339087642
improvementE1 : -1799.7644771040063
improvementE3 : -1789.4263703818272
improvementE2 : -1788.7996601623236
improvementE2 : -1788.799336273139
improvementE2 : -1786.4463182206823
improvementE1 : -1785.8849618128497
improvementE3 : -1785.8660340195643
improvementE3 : -1779.8454763343336
improvementE2 : -1779.838741295979
improvementE1 : -1777.843659102854
improvementE1 : -1777.8338676504536
improvementE3 : -1775.2169481461062
improvementE2 : -1760.1780196482619
improvementE1 : -1760.1774231534707
improvementE2 : -1760.1774151376665
improvementE2 : -1759.711204156244
improvementE2 : -1759.710620321028
improvementE2 : -1756.7413340369756
improvementE1 : -1756.722734470637
improvementE3 : -1756.712000773773
improvementE1 : -1756.4968231882654
improvementE1 : -1754.5228112073587
improvementE2 : -1754.0926642552067
improvementE2 : -1750.1538591050016
improvementE2 : -1750.1531228721806
improvementE2 : -1731.2365733026356
improvementE1 : -1731.2320088573122
improvementE2 : -1730.344929953521
improvementE3 : -1728.3464565139377
improvementE2 : -1726.0524097662926
improvementE1 : -1725.0770405674998
improvementE3 : -1725.0770310088667
improvementE1 : -1725.0703398537883
improvementE2 : -1722.5939126870617
improvementE3 : -1722.5922695935976
improvementE1 : -1722.5922508281583
improvementE3 : -1720.7868257562754
improvementE2 : -1709.2183858150045
improvementE2 : -1709.2119700979288
improvementE3 : -1709.2112696873614
improvementE3 : -1709.2085022374868
improvementE2 : -1705.6658951643665
improvementE2 : -1694.1366227950866
improvementE2 : -1694.136618358711
improvementE2 : -1694.1334775116018
improvementE2 : -1694.132989720518
improvementE2 : -1694.1328001810011
improvementE2 : -1694.1327616916715
improvementE2 : -1694.117639093488
improvementE3 : -1692.4503166333225
improvementE3 : -1692.4502770252154
improvementE1 : -1692.4500676311375
improvementE2 : -1692.4467548852085
improvementE3 : -1692.402723846526
improvementE2 : -1692.4009238402464
improvementE2 : -1688.7713711201277
improvementE3 : -1688.7712941996829
improvementE2 : -1688.7695926728052
improvementE1 : -1688.7689789477354
improvementE2 : -1688.7631114994522
improvementE3 : -1688.7567253611915
improvementE2 : -1688.748285087883
improvementE1 : -1688.7482769668775
improvementE1 : -1688.747034042132
improvementE2 : -1688.7470319507297
improvementE1 : -1688.688948692341
improvementE1 : -1688.688169585861
improvementE2 : -1688.6770732014102
improvementE3 : -1688.6764569913657
improvementE2 : -1688.665092010242
improvementE3 : -1688.6633000558736
improvementE2 : -1688.6583088877182
improvementE3 : -1688.6119678388754
improvementE2 : -1688.5010851708753
improvementE2 : -1688.5010825912136
improvementE3 : -1688.4974691522798
improvementE3 : -1663.1218019143012
improvementE3 : -1663.1124997151333
improvementE3 : -1663.1118773730605
improvementE1 : -1663.10576786284
improvementE3 : -1663.1057657363083
improvementE3 : -1663.1051304158889
improvementE3 : -1663.1051268957976
improvementE3 : -1659.9413851588586
improvementE2 : -1656.8132861546324
improvementE1 : -1656.5939548834408
improvementE3 : -1656.5901672923571
improvementE3 : -1656.585255587102
improvementE1 : -1656.581524919213
improvementE3 : -1656.5811947935358
improvementE3 : -1656.5787772484157
improvementE1 : -1646.3500598381893
improvementE2 : -1646.3157841321924
improvementE3 : -1646.3157535324647
improvementE2 : -1646.3157226362332
improvementE1 : -1646.272898461908
improvementE3 : -1646.2728743305315
improvementE2 : -1629.7879969868482
improvementE1 : -1629.787741008772
improvementE1 : -1629.7133918027353
improvementE3 : -1629.6377051675383
improvementE1 : -1629.63765452604
improvementE2 : -1628.9464961077138
improvementE3 : -1628.9453549548853
improvementE1 : -1628.9443258079482
improvementE2 : -1628.9442737338295
improvementE2 : -1628.9413307183504
improvementE3 : -1628.781519057906
improvementE1 : -1625.275008945428
improvementE2 : -1620.2319614358419
improvementE2 : -1617.89888660067
improvementE1 : -1607.5607699391767
improvementE3 : -1605.7134512679581
improvementE3 : -1605.700328732842
improvementE3 : -1605.7002739804716
improvementE3 : -1605.7002598183715
improvementE1 : -1603.2638923873938
improvementE2 : -1603.2638688318805
improvementE3 : -1597.5261395594825
improvementE3 : -1584.804616074948
improvementE1 : -1584.804551452053
improvementE2 : -1584.80428997716
improvementE3 : -1584.8035146613838
improvementE1 : -1584.8014277194416
improvementE1 : -1584.751446294235
improvementE3 : -1584.582838411949
improvementE1 : -1584.5827204540099
improvementE2 : -1584.2493018100404
improvementE2 : -1584.2489086029868
improvementE3 : -1584.2487820416045
improvementE3 : -1584.248656380811
improvementE1 : -1584.248600044365
improvementE1 : -1584.2485768721053
improvementE3 : -1583.0022196011337
improvementE2 : -1581.0012257566827
improvementE2 : -1581.0012117880947
improvementE3 : -1580.998785085331
improvementE3 : -1580.9986898647244
improvementE2 : -1580.9984534372845
improvementE3 : -1580.9927312247562
improvementE2 : -1580.9927253455896
improvementE3 : -1580.613558481165
improvementE2 : -1580.6135552004107
improvementE2 : -1580.6131619150415
improvementE2 : -1580.607334654082
improvementE2 : -1567.4337437345162
improvementE2 : -1567.3629169480153
improvementE3 : -1567.362831602038
improvementE3 : -1567.2032886641882
improvementE3 : -1563.2593450058066
improvementE3 : -1563.2591068143424
improvementE1 : -1563.259070527944
improvementE2 : -1561.6434599980612
improvementE3 : -1561.6424375586848
improvementE2 : -1561.642401941813
improvementE2 : -1539.8171053625606
improvementE1 : -1539.8140730969894
improvementE2 : -1539.813732117126
improvementE3 : -1539.8135950203318
improvementE2 : -1539.813585134883
improvementE2 : -1539.4627996772451
improvementE1 : -1539.458437078606
improvementE2 : -1539.4558868193808
improvementE3 : -1539.4558786125112
improvementE3 : -1539.4555318380367
improvementE3 : -1539.4543708139313
improvementE2 : -1539.4527944364893
improvementE3 : -1539.452282184251
improvementE1 : -1539.4522742402264
improvementE3 : -1539.4430658328558
improvementE3 : -1539.4430316036173
improvementE2 : -1539.443001427499
improvementE2 : -1539.4429698018648
improvementE3 : -1539.3096317423592
improvementE3 : -1538.6347795245251
improvementE3 : -1538.6347714902613
improvementE2 : -1538.6208188372457
improvementE3 : -1538.6198371018324
improvementE2 : -1538.6198342209532
improvementE3 : -1538.6040680612614
improvementE3 : -1531.27826632784
improvementE1 : -1531.2778922260827
improvementE2 : -1531.2536989168605
improvementE3 : -1531.2534108498837
improvementE3 : -1531.253206899054
improvementE2 : -1531.253172901528
improvementE2 : -1531.2527907977328
improvementE3 : -1531.252789050614
improvementE3 : -1531.2488285201064
improvementE3 : -1531.2488089407766
improvementE3 : -1530.1454294876812
improvementE2 : -1530.1437820367182
improvementE3 : -1530.1431079856898
improvementE1 : -1530.142306514575
improvementE3 : -1530.1415483069832
improvementE3 : -1530.1409826522145
improvementE1 : -1530.140752197814
improvementE3 : -1530.1398440735468
improvementE1 : -1530.1300400934167
improvementE3 : -1530.1291535261346
improvementE3 : -1529.9792125093381
improvementE1 : -1528.0389482935957
improvementE1 : -1528.0370982507766
improvementE2 : -1528.0369486751506
improvementE3 : -1528.0344468101543
improvementE1 : -1528.0339899380942
improvementE3 : -1528.0334240666043
improvementE2 : -1528.0329201928653
improvementE3 : -1525.9948188666212
improvementE1 : -1525.9666143100042
improvementE3 : -1525.9666056332321
improvementE3 : -1525.476006321293
improvementE2 : -1525.217812596819
improvementE1 : -1525.217383965449
improvementE1 : -1524.3341603352706
improvementE1 : -1524.32579726928
improvementE1 : -1524.317880800472
improvementE1 : -1522.3181626031903
improvementE2 : -1522.199310199067
improvementE1 : -1519.2641310515692
improvementE2 : -1517.26417032165
improvementE3 : -1517.2641346997048
improvementE3 : -1517.2620201216348
improvementE1 : -1517.260626597024
improvementE1 : -1517.2597336186232
improvementE2 : -1517.2596986671476
improvementE1 : -1506.955943387146
improvementE3 : -1506.9551650034423
improvementE2 : -1506.9551628054728
improvementE2 : -1506.8211398923772
improvementE3 : -1506.8211313454337
improvementE1 : -1506.820938649796
improvementE1 : -1506.820935592811
improvementE1 : -1506.6637643217337
improvementE2 : -1506.6637563854795
improvementE2 : -1506.6636409160994
improvementE2 : -1506.6636204233748
improvementE2 : -1506.6636084521838
improvementE3 : -1506.6622400397146
improvementE3 : -1506.661272104916
improvementE2 : -1506.6604991038398
improvementE3 : -1506.6595981561481
improvementE3 : -1506.659542270068
improvementE3 : -1506.659538841434
improvementE3 : -1506.658984993112
improvementE1 : -1506.6589410858214
improvementE2 : -1505.6699637993024
improvementE3 : -1505.6686117268132
improvementE2 : -1505.3229648352062
improvementE2 : -1505.3229626843693
improvementE3 : -1505.3227925533001
improvementE1 : -1505.3139884455807
improvementE3 : -1505.3128553425668
improvementE1 : -1500.1318110050925
improvementE3 : -1500.130470262501
improvementE3 : -1500.129333418059
improvementE3 : -1497.9390726934441
improvementE1 : -1497.9381929241247
improvementE2 : -1497.3811503083848
improvementE3 : -1497.259066973077
improvementE1 : -1497.241855606289
improvementE1 : -1497.2323030525408
improvementE2 : -1497.2222483740106
improvementE1 : -1497.216704002237
improvementE3 : -1497.2166863670177
improvementE1 : -1497.2162635763134
improvementE3 : -1497.211850715395
improvementE2 : -1494.8814356031075
improvementE3 : -1494.8755768499454
improvementE1 : -1494.875575380504
improvementE1 : -1494.672564069061
improvementE2 : -1494.6201040309234
improvementE1 : -1494.6200952110848
improvementE2 : -1493.6320831981998
improvementE3 : -1493.620419416487
improvementE1 : -1493.6203728403402
improvementE3 : -1493.6203507661967
improvementE3 : -1493.6203366927607
improvementE1 : -1493.6105918009875
improvementE1 : -1493.6105880542696
improvementE2 : -1493.6103456908502
improvementE1 : -1493.5835906244963
improvementE1 : -1493.5835749439514
improvementE2 : -1493.5829866212325
improvementE2 : -1493.5828275177569
improvementE2 : -1493.58275959135
improvementE3 : -1493.5827482258208
improvementE2 : -1492.5032180305739
improvementE1 : -1492.5032129928245
improvementE2 : -1492.5032119032498
improvementE1 : -1491.1455240639925
improvementE2 : -1491.1424753213803
improvementE2 : -1491.1424615864407
improvementE2 : -1491.1346971559474
improvementE1 : -1491.1326025331118
improvementE3 : -1491.1320852884173
improvementE3 : -1491.1320151477294
improvementE2 : -1491.132006216409
improvementE3 : -1486.3536053997377
improvementE1 : -1486.3533189949703
improvementE2 : -1486.3531814812413
improvementE1 : -1486.3531704102281
improvementE2 : -1485.7571266743034
improvementE3 : -1485.7537781999986
improvementE1 : -1485.7536634363319
improvementE1 : -1485.753657780293
improvementE3 : -1485.7534044452404
improvementE3 : -1485.6119342472666
improvementE1 : -1484.610137548526
improvementE3 : -1484.6090766965308
improvementE3 : -1484.6088486554447
improvementE3 : -1484.6088260020715
improvementE3 : -1484.6078540133715
improvementE2 : -1484.6078517998858
improvementE3 : -1484.6075037360786
improvementE2 : -1484.5565803029651
improvementE3 : -1484.2484333778193
improvementE3 : -1483.5979246155227
improvementE1 : -1483.5971062476206
improvementE3 : -1483.596369572594
improvementE2 : -1483.5960711792857
improvementE1 : -1483.593886980805
improvementE2 : -1483.5938100200824
improvementE1 : -1483.5937860142312
improvementE1 : -1483.5931978785848
improvementE3 : -1483.5892183043934
improvementE2 : -1483.569285628755
improvementE2 : -1483.2950299681827
improvementE2 : -1483.2949735201564
improvementE2 : -1483.2949422466868
improvementE2 : -1483.2949219305804
improvementE1 : -1482.6911043808507
improvementE3 : -1481.0627113564015
improvementE3 : -1481.0624368304316
improvementE1 : -1481.0622634012145
improvementE3 : -1476.4279558452854
improvementE2 : -1476.4279121220623
improvementE2 : -1474.5055483254955
improvementE2 : -1474.5053662338821
improvementE3 : -1470.267667384447
improvementE1 : -1470.2676242084308
improvementE3 : -1470.2673811497878
improvementE2 : -1470.267359860296
improvementE3 : -1468.2677008032979
improvementE3 : -1468.26673392564
improvementE2 : -1468.266646299288
improvementE1 : -1468.2665406952083
improvementE3 : -1468.2665353223488
improvementE2 : -1468.2482474425794
improvementE3 : -1468.2480364676003
improvementE1 : -1468.2479666828472
improvementE2 : -1468.246753984913
improvementE3 : -1468.246743174429
improvementE3 : -1468.2456490497648
improvementE2 : -1468.2456441254712
improvementE1 : -1468.2417153378292
improvementE2 : -1468.241542343704
improvementE3 : -1468.2413248178154
improvementE1 : -1467.7903101057686
improvementE3 : -1467.187619050656
improvementE3 : -1467.1875711473383
improvementE3 : -1467.1871581066061
improvementE3 : -1467.1868793585372
improvementE3 : -1466.964886064779
improvementE3 : -1466.9646919937966
improvementE2 : -1466.96465833859
improvementE1 : -1466.9645201226926
improvementE3 : -1466.964516239575
improvementE3 : -1466.9548571208556
improvementE1 : -1466.9544936235322
improvementE2 : -1463.216493689888
improvementE1 : -1463.1914431468922
improvementE2 : -1462.6706178841782
improvementE1 : -1462.6686202170267
improvementE3 : -1460.6379748901718
improvementE2 : -1460.6212451640254
improvementE2 : -1460.6058810116726
improvementE3 : -1460.6056668184056
improvementE1 : -1460.6056613008059
improvementE2 : -1460.6056602912004
improvementE2 : -1460.6055756286125
improvementE2 : -1460.6051335904829
improvementE3 : -1460.6049482980163
improvementE3 : -1460.6043082300748
improvementE1 : -1460.5806093226286
improvementE1 : -1460.5804891439725
improvementE2 : -1460.5804262984393
improvementE3 : -1460.5672840133454
improvementE3 : -1460.5670098479368
improvementE3 : -1460.5637258188265
improvementE2 : -1460.563704660466
improvementE3 : -1460.5574398264678
improvementE1 : -1460.5534597611359
improvementE2 : -1460.5534549888798
improvementE2 : -1460.5533295753703
improvementE2 : -1460.5178254141101
improvementE2 : -1460.5177088735763
improvementE1 : -1460.5176796561814
improvementE1 : -1460.5176581974065
improvementE2 : -1460.5172924230565
improvementE1 : -1460.5172143734983
improvementE1 : -1460.5172127462693
improvementE3 : -1460.5023390442484
improvementE3 : -1460.49894722694
improvementE1 : -1460.4956434069886
improvementE1 : -1460.4553134135076
improvementE3 : -1460.450776392725
improvementE3 : -1460.233531958116
improvementE3 : -1460.0471386895229
improvementE1 : -1460.0471172181665
improvementE2 : -1459.5354031419324
improvementE3 : -1459.534591685554
improvementE2 : -1459.5345866466832
improvementE1 : -1459.504847102476
improvementE2 : -1459.497894786233
improvementE1 : -1446.9548575249187
improvementE1 : -1446.953896005941
improvementE3 : -1446.2921415051767
improvementE1 : -1446.2877365860963
improvementE3 : -1446.2870601404516
improvementE3 : -1446.2865832146376
improvementE1 : -1446.2861729187405
improvementE1 : -1446.2847340306528
improvementE3 : -1443.9627961892104
improvementE1 : -1443.9627647837278
improvementE1 : -1443.9624762953076
improvementE3 : -1443.962474929227
improvementE2 : -1443.9622589470068
improvementE3 : -1443.882967988381
improvementE1 : -1440.6814630452523
improvementE2 : -1440.6811120448865
improvementE3 : -1440.6803345229132
improvementE3 : -1440.6743348825457
improvementE1 : -1440.6735015209565
improvementE2 : -1440.6725849945938
improvementE1 : -1440.2126866782096
improvementE1 : -1440.2116481439402
improvementE3 : -1435.571903505557
improvementE2 : -1435.5131658862674
improvementE3 : -1435.5131511790912
improvementE1 : -1435.5131293545558
improvementE1 : -1435.5131275993992
improvementE3 : -1435.5125792221565
improvementE1 : -1435.511933794187
improvementE3 : -1435.2816853823438
improvementE3 : -1435.2816721588108
improvementE1 : -1435.2816652127185
improvementE3 : -1435.2686353870163
improvementE1 : -1435.2671163965604
improvementE3 : -1435.1741545744294
improvementE3 : -1435.0030132791694
improvementE1 : -1435.0030115385944
improvementE2 : -1435.003009113349
improvementE3 : -1435.0026102694094
improvementE1 : -1435.0025659389603
improvementE3 : -1435.0023187375127
improvementE1 : -1435.001488849704
improvementE1 : -1433.3392030013172
improvementE2 : -1433.3365220831756
improvementE3 : -1433.1583885057948
improvementE3 : -1433.1548724640365
improvementE1 : -1433.153798749085
improvementE2 : -1433.1531681149372
improvementE3 : -1433.1519255615199
improvementE2 : -1433.1518813277198
improvementE3 : -1433.151872792265
improvementE3 : -1433.1518680755948
improvementE3 : -1433.1317107277873
improvementE1 : -1433.121219430152
improvementE3 : -1433.1094046129963
improvementE1 : -1433.1093949810856
improvementE2 : -1433.1093930077775
improvementE1 : -1433.1093917451835
improvementE3 : -1433.1091915142906
improvementE3 : -1433.1086249674577
improvementE3 : -1433.1086219439348
improvementE2 : -1433.0062495981435
improvementE3 : -1433.0007070224915
improvementE1 : -1433.000705641041
improvementE1 : -1433.000648762631
improvementE3 : -1423.427429334312
improvementE3 : -1423.4224114905187
improvementE3 : -1423.4223708968675
improvementE1 : -1423.4204374675073
improvementE1 : -1423.4204345064081
improvementE3 : -1423.4204149494449
improvementE3 : -1423.4204139037568
improvementE3 : -1423.4203908904678
improvementE2 : -1423.4201486050188
improvementE1 : -1423.4193611013443
improvementE1 : -1423.417645341539
improvementE2 : -1423.4175880905786
improvementE3 : -1423.4175849686521
improvementE1 : -1423.4174072359801
improvementE2 : -1423.4173998353976
improvementE1 : -1423.4164931556015
improvementE2 : -1423.4104384628652
improvementE2 : -1423.4082707550483
improvementE1 : -1423.4082694632903
improvementE2 : -1423.407968057249
improvementE1 : -1420.6500047263503
improvementE1 : -1420.431036638964
improvementE2 : -1420.3766100354078
improvementE2 : -1419.7822645794304
improvementE3 : -1419.7822602147785
improvementE1 : -1419.7822426607422
improvementE1 : -1419.7821949597596
improvementE2 : -1419.7821912603433
improvementE2 : -1419.7821836176558
improvementE3 : -1419.782077886628
improvementE1 : -1419.7819601427134
improvementE3 : -1419.7819465148632
improvementE3 : -1419.5984621274915
improvementE3 : -1419.5984429086184
improvementE3 : -1418.4844255687683
improvementE3 : -1416.0124007529178
improvementE2 : -1416.0123714794381
improvementE1 : -1416.0123373181573
improvementE1 : -1416.0110151876652
improvementE2 : -1415.5477717689446
improvementE2 : -1415.5440255997235
improvementE3 : -1415.5439808889216
improvementE1 : -1415.5439696302
improvementE2 : -1415.5421177231449
improvementE3 : -1415.5414545775216
improvementE2 : -1415.5413377715122
improvementE1 : -1415.5407078781511
improvementE3 : -1415.5406939952213
improvementE3 : -1415.5374433149168
improvementE2 : -1415.5313884886782
improvementE2 : -1415.5182717566277
improvementE3 : -1415.518226891329
improvementE3 : -1415.5179597138472
improvementE2 : -1415.494995964698
improvementE1 : -1415.4891605267474
improvementE1 : -1415.1486757123848
improvementE3 : -1415.1485976416693
improvementE3 : -1415.1477578434892
improvementE1 : -1415.1461674112752
improvementE3 : -1415.146143381357
improvementE2 : -1415.146070221601
improvementE3 : -1415.1459685170405
improvementE3 : -1415.1459556450336
improvementE3 : -1415.1459438209858
improvementE1 : -1415.1449057554273
improvementE3 : -1415.0686413673284
improvementE1 : -1415.0686219420936
improvementE3 : -1413.2136267792353
improvementE3 : -1413.2133690539881
improvementE1 : -1413.1015364506266
improvementE2 : -1412.996609075356
improvementE2 : -1412.99657036821
improvementE2 : -1411.4232533235568
improvementE3 : -1411.422887244466
improvementE3 : -1407.864076670587
improvementE3 : -1406.0856608475374
improvementE2 : -1406.0856227298975
improvementE3 : -1406.0848845761402
improvementE1 : -1406.0848789911824
improvementE3 : -1406.0848017140463
improvementE1 : -1406.0471502917094
improvementE3 : -1406.0469743403974
improvementE2 : -1406.0198217702193
improvementE1 : -1406.0140818213063
improvementE1 : -1406.0080887930853
improvementE1 : -1406.00808694559
improvementE1 : -1406.0080780982664
improvementE3 : -1405.996828482267
improvementE3 : -1405.9968258247927
improvementE1 : -1405.8975967717943
improvementE3 : -1405.8875918803515
improvementE1 : -1405.88758367943
improvementE1 : -1405.887404167444
improvementE1 : -1405.8872727575676
improvementE3 : -1405.885530246078
improvementE3 : -1405.8846222525399
improvementE2 : -1405.8846193552058
improvementE2 : -1405.6289623304797
improvementE2 : -1405.628781057692
improvementE3 : -1405.6091173878574
improvementE2 : -1405.6076284186006
improvementE3 : -1405.607539255031
improvementE3 : -1405.6066527194089
improvementE3 : -1405.6066460232978
improvementE3 : -1405.606620448847
improvementE3 : -1405.6066192189796
improvementE2 : -1405.606539118877
improvementE3 : -1405.606497492574
improvementE3 : -1405.6063513967106
improvementE2 : -1404.9444638898997
improvementE2 : -1404.944372219078
improvementE3 : -1404.9434380122307
improvementE3 : -1404.7879061408883
improvementE3 : -1404.7874623068055
improvementE3 : -1404.7874279492398
improvementE1 : -1404.786909551138
improvementE1 : -1404.7869072326766
improvementE2 : -1404.7845967933345
improvementE2 : -1404.7845627808533
improvementE3 : -1404.7845597037815
improvementE1 : -1404.784549388997
improvementE1 : -1404.7838697406671
improvementE2 : -1404.7838666434595
improvementE1 : -1404.783851160818
improvementE1 : -1404.7838412576737
improvementE1 : -1404.7834412648126
improvementE3 : -1404.783372350373
improvementE3 : -1404.7826286605396
improvementE2 : -1404.782621022176
improvementE3 : -1404.78260299079
improvementE2 : -1404.7824228769666
improvementE3 : -1404.7820073835237
improvementE2 : -1404.7820017316712
improvementE1 : -1404.7819944518956
improvementE1 : -1404.7790988523589
improvementE3 : -1404.7786493589929
improvementE3 : -1404.0130442799305
improvementE1 : -1404.0128779108918
improvementE2 : -1402.2020626103288
improvementE2 : -1402.1917525206513
improvementE1 : -1402.1917411047452
improvementE2 : -1402.191726145103
improvementE1 : -1402.1916905702778
improvementE3 : -1402.1916058274967
improvementE2 : -1402.1914229343383
improvementE1 : -1402.190965417454
improvementE1 : -1402.1907695795487
improvementE3 : -1402.1907609180003
improvementE2 : -1402.1907494524762
improvementE3 : -1402.1907347531755
improvementE3 : -1402.1907240015348
improvementE2 : -1401.4377280410772
improvementE3 : -1401.4265145064073
improvementE3 : -1401.426354082896
improvementE3 : -1401.4261823569184
improvementE2 : -1401.4261789216082
improvementE2 : -1385.694255392054
improvementE3 : -1385.6942304851964
improvementE3 : -1385.5576203673938
improvementE1 : -1385.551969409192
improvementE2 : -1385.5519561831793
improvementE1 : -1385.5519069036168
improvementE3 : -1385.551858125369
improvementE2 : -1385.5509509078543
improvementE3 : -1385.5286740168726
improvementE1 : -1385.5286644989537
improvementE3 : -1384.766083013011
improvementE1 : -1384.765942890359
improvementE3 : -1384.693326268256
improvementE2 : -1384.693186212347
improvementE3 : -1384.6928914403343
improvementE2 : -1384.6928900600365
improvementE1 : -1384.6926297486893
improvementE3 : -1384.6925985205555
improvementE2 : -1384.3662041318607
improvementE3 : -1384.3621199589127
improvementE2 : -1384.3577601123854
improvementE2 : -1384.3552025564427
improvementE3 : -1384.3543006456773
improvementE3 : -1384.353618648447
improvementE1 : -1384.350855952482
improvementE3 : -1384.3506030131125
improvementE1 : -1384.3504384830935
improvementE2 : -1384.3503774641217
improvementE1 : -1384.3501335314
improvementE3 : -1384.349760871198
improvementE3 : -1383.647294473195
improvementE3 : -1381.6786517336986
improvementE3 : -1381.3709742127985
improvementE1 : -1381.370960310756
improvementE1 : -1381.3699532662504
improvementE3 : -1381.369931949277
improvementE1 : -1381.3683355088183
improvementE2 : -1381.3669678337124
improvementE3 : -1381.3666431527267
improvementE2 : -1381.364477520813
improvementE3 : -1381.3644051258825
improvementE3 : -1381.3642073664673
improvementE2 : -1380.8948488766177
improvementE2 : -1380.8907250914249
improvementE3 : -1380.8907096561252
improvementE3 : -1378.9357441071893
improvementE2 : -1378.9319970492795
improvementE1 : -1378.9319494582737
improvementE1 : -1378.931944771481
improvementE3 : -1378.9318951558457
improvementE3 : -1378.8909617818426
improvementE3 : -1378.8905881750559
improvementE3 : -1378.8905392466386
improvementE1 : -1378.8721163382768
improvementE1 : -1378.87211186705
improvementE3 : -1378.8718470393455
improvementE1 : -1378.8718378298245
improvementE2 : -1378.8715029773184
improvementE3 : -1378.8714519367095
improvementE3 : -1377.8291028550457
improvementE1 : -1377.828435514963
improvementE3 : -1377.8284240291428
improvementE1 : -1377.828265507159
improvementE1 : -1377.828174726444
improvementE2 : -1375.834058590538
improvementE1 : -1375.6798827544176
improvementE3 : -1375.6787123844815
improvementE3 : -1375.678271099026
improvementE3 : -1375.6781565003757
improvementE3 : -1375.6781512723985
improvementE2 : -1375.420022180519
improvementE3 : -1375.4199091631413
improvementE3 : -1375.4199028836606
improvementE1 : -1375.4198450448562
improvementE2 : -1375.4198300821677
improvementE2 : -1375.3671072354225
improvementE3 : -1375.3670996248034
improvementE1 : -1375.3665180515661
improvementE2 : -1375.362923148043
improvementE3 : -1375.3624843304467
improvementE2 : -1371.4597722622657
improvementE3 : -1371.4597345385696
improvementE3 : -1371.459552818509
improvementE3 : -1371.4594684777278
improvementE3 : -1371.458818641645
improvementE3 : -1371.4579071117773
improvementE3 : -1371.457317478149
improvementE3 : -1371.3519000784954
improvementE1 : -1371.3518965786993
improvementE3 : -1371.2590239016472
improvementE2 : -1356.3908709263328
improvementE3 : -1356.39080397641
improvementE3 : -1356.3712760242438
improvementE2 : -1355.685290051746
improvementE2 : -1355.6852798553307
improvementE1 : -1355.685276279647
improvementE2 : -1355.6851374676908
improvementE1 : -1355.5938609756442
improvementE1 : -1355.4839174567574
improvementE3 : -1355.4838785844697
improvementE3 : -1355.4838772921557
improvementE1 : -1355.4824236511208
improvementE1 : -1355.4737411151714
improvementE1 : -1355.4736976341135
improvementE2 : -1355.4643356310085
improvementE3 : -1355.2223872249451
improvementE1 : -1355.222371272101
improvementE1 : -1355.222369528927
improvementE3 : -1355.2223612425528
improvementE2 : -1355.2217855328497
improvementE3 : -1355.2217793319692
improvementE3 : -1355.2217052864112
improvementE1 : -1355.2216380298948
improvementE3 : -1355.2215619735816
improvementE2 : -1355.2215602839947
improvementE3 : -1355.2211699614977
improvementE1 : -1355.221168317748
improvementE1 : -1355.2211651291607
improvementE3 : -1355.221163487247
improvementE3 : -1355.2169164585187
improvementE2 : -1355.2169141156369
improvementE3 : -1355.216666205763
improvementE1 : -1355.2164480671163
improvementE3 : -1355.21644014176
improvementE2 : -1355.2164355074474
improvementE3 : -1355.2164341669977
improvementE2 : -1355.216432590401
improvementE2 : -1307.1187857002767
improvementE3 : -1307.118784291028
improvementE1 : -1307.1187763435578
improvementE1 : -1307.1093736500138
improvementE3 : -1303.9691794181983
improvementE2 : -1303.1311890399868
improvementE3 : -1303.1310137455312
improvementE2 : -1303.1308351821128
improvementE3 : -1303.1308165913874
improvementE3 : -1296.9407783734482
improvementE1 : -1296.9379331589143
improvementE1 : -1296.9322111070846
improvementE3 : -1296.932189396759
improvementE2 : -1296.9265156586225
improvementE1 : -1296.926514591261
improvementE2 : -1296.9262212056387
improvementE1 : -1296.922935540476
improvementE2 : -1296.9228662288333
improvementE2 : -1293.9305192306956
improvementE3 : -1293.0033151087887
improvementE3 : -1293.0024726673867
improvementE3 : -1293.0024715276136
improvementE2 : -1293.0015582600054
improvementE2 : -1290.3166587285773
improvementE3 : -1290.3166572565005
improvementE3 : -1290.0172859062995
improvementE3 : -1290.0172452916838
improvementE3 : -1290.0171338352266
improvementE3 : -1290.01707828608
improvementE1 : -1286.8733925414463
improvementE1 : -1286.8733881610235
improvementE3 : -1286.873270926807
improvementE2 : -1286.8731546584654
improvementE3 : -1286.8622425516392
improvementE2 : -1286.8421041172928
improvementE3 : -1286.8421023248961
logL = -3423.962307174678
Removing 0 markers
Second round
improvementE3 : -1280.865512752582
improvementE3 : -1280.864648176007
improvementE2 : -1280.8646362849154
improvementE1 : -1280.8646352334201
improvementE1 : -1280.8640956313443
improvementE3 : -1280.8639406058874
improvementE2 : -1280.8407544312283
improvementE3 : -1280.8290323363058
improvementE2 : -1280.8044957257875
improvementE3 : -1280.80366109929
improvementE3 : -1280.8036330036794
improvementE1 : -1280.8034122265544
improvementE1 : -1280.7265982306722
improvementE3 : -1280.632705287062
improvementE2 : -1280.6324460081714
improvementE1 : -1280.6303027889717
improvementE3 : -1280.0722914676865
improvementE3 : -1280.0722859584325
improvementE2 : -1280.0722645443607
improvementE2 : -1280.0408966402724
improvementE3 : -1279.3766644145776
improvementE1 : -1279.3766109208336
improvementE3 : -1279.3761635989808
improvementE2 : -1279.374493407281
improvementE3 : -1279.3609556908877
improvementE3 : -1278.3627831074737
improvementE3 : -1278.3514916024033
improvementE1 : -1278.3514706548128
improvementE1 : -1278.3350919130535
improvementE1 : -1278.3346048126
improvementE1 : -1278.334599042626
improvementE1 : -1278.334591293466
improvementE3 : -1278.3345138436925
improvementE2 : -1278.3259529262768
improvementE3 : -1278.2569956601853
improvementE2 : -1278.2569945858436
improvementE2 : -1278.2550645861659
improvementE3 : -1278.255044670599
improvementE3 : -1278.2550376158113
improvementE3 : -1278.2538769922517
improvementE3 : -1278.2537676077181
improvementE3 : -1276.2539659351926
improvementE3 : -1276.2539619523745
improvementE3 : -1276.2539609252926
improvementE3 : -1276.2535783742637
improvementE2 : -1276.2528725190414
improvementE1 : -1276.252232282664
improvementE1 : -1276.2423878352147
improvementE2 : -1276.2299546364238
improvementE3 : -1276.2299498270736
improvementE3 : -1276.2015376997088
improvementE2 : -1276.2015031950664
improvementE2 : -1276.2011715086542
improvementE3 : -1276.1933263923595
improvementE3 : -1276.192731778677
improvementE2 : -1276.1927264800202
improvementE3 : -1276.1422495436568
improvementE1 : -1276.1398591264478
improvementE3 : -1276.1398442019286
improvementE2 : -1276.1398255493693
improvementE3 : -1273.2429025475155
improvementE1 : -1273.2428989143073
improvementE3 : -1273.2428850064425
improvementE2 : -1273.2428807864344
improvementE1 : -1273.2337671949829
improvementE3 : -1273.233752407634
improvementE1 : -1273.2336627352252
improvementE3 : -1273.2333983883618
improvementE2 : -1273.2332950895056
improvementE2 : -1273.2332670720837
improvementE3 : -1272.9924103892936
improvementE3 : -1272.951162057236
improvementE1 : -1272.9511464939428
improvementE2 : -1272.9503518475226
improvementE2 : -1272.950350430829
improvementE2 : -1272.9503056557364
improvementE3 : -1272.9501587027635
improvementE2 : -1272.9501550475907
improvementE3 : -1272.9501278390676
improvementE3 : -1272.9501227570317
improvementE3 : -1272.4015866754853
improvementE2 : -1272.4014899473268
improvementE1 : -1272.3987052857199
improvementE1 : -1272.398702717186
improvementE3 : -1272.3979098524649
improvementE2 : -1272.3971538517912
improvementE2 : -1272.397040439203
improvementE2 : -1272.3970223230194
improvementE3 : -1272.3970208393803
improvementE1 : -1272.3970190418722
improvementE1 : -1272.3968575237982
improvementE3 : -1270.84607843755
improvementE3 : -1270.8460771517061
improvementE1 : -1270.8460646256808
improvementE2 : -1270.8460138265914
improvementE2 : -1261.5373582061823
improvementE1 : -1261.5356100840222
improvementE2 : -1261.5355939892308
improvementE3 : -1261.5355918765156
improvementE1 : -1261.5316604142488
improvementE1 : -1257.1435597494374
improvementE3 : -1257.1435510976557
improvementE1 : -1257.1333348903572
improvementE1 : -1249.3127877898169
improvementE2 : -1249.3100089153954
improvementE1 : -1249.3051929132866
improvementE3 : -1249.3041673456664
improvementE2 : -1249.3041275707328
improvementE2 : -1246.5807234888332
improvementE3 : -1246.5806531623261
improvementE2 : -1246.5617746616736
improvementE3 : -1243.9540197870178
improvementE3 : -1243.9539752656158
improvementE1 : -1243.952667544423
improvementE3 : -1243.9521294950023
improvementE2 : -1243.951956354836
improvementE3 : -1243.946433949874
improvementE3 : -1243.9463685894898
improvementE3 : -1243.946355237663
improvementE3 : -1243.946069830744
improvementE3 : -1243.3631214274906
improvementE2 : -1243.3631193674098
improvementE1 : -1243.3630702580194
improvementE1 : -1243.3387032100513
improvementE3 : -1243.3386343242762
improvementE3 : -1243.338596452108
improvementE2 : -1243.33859341492
improvementE2 : -1243.3385869574495
improvementE2 : -1243.338352372671
improvementE1 : -1243.3383324927486
improvementE1 : -1243.3382851272147
improvementE1 : -1243.3382569077921
improvementE1 : -1230.3470047704657
improvementE2 : -1230.3384174150203
improvementE3 : -1230.3384076834222
improvementE3 : -1230.3359694245871
improvementE3 : -1230.335897336079
improvementE2 : -1230.335894923071
improvementE2 : -1230.335822760141
improvementE2 : -1230.3353755611513
improvementE1 : -1230.3352115467387
improvementE1 : -1230.335208697039
improvementE3 : -1230.3352060221762
improvementE1 : -1230.335150803537
improvementE2 : -1228.0291531872233
improvementE1 : -1228.0290023212108
improvementE3 : -1227.800136180759
improvementE2 : -1227.8001293800314
improvementE3 : -1227.8001243437805
improvementE1 : -1227.8001188915734
improvementE2 : -1226.8571312495615
improvementE3 : -1226.8571276529626
improvementE1 : -1226.857125165683
improvementE2 : -1226.8571240146853
improvementE3 : -1226.8565092963777
improvementE3 : -1226.8565041422319
improvementE3 : -1226.8563373631896
improvementE3 : -1226.8562929309937
improvementE2 : -1226.7910280094784
improvementE1 : -1222.1264508280888
improvementE1 : -1222.1264491189181
improvementE3 : -1222.1018216901648
improvementE3 : -1218.9845050561162
improvementE1 : -1218.9845005385102
improvementE3 : -1218.9790006409057
improvementE1 : -1205.1021942022344
improvementE2 : -1201.9212243265908
improvementE3 : -1201.8579797458697
improvementE3 : -1201.8405793663273
improvementE1 : -1201.840570670632
improvementE3 : -1201.8405406781408
improvementE2 : -1201.8405019415045
improvementE3 : -1201.8405005671375
improvementE2 : -1201.840497165435
improvementE3 : -1201.8403364643964
improvementE2 : -1197.1876075626774
improvementE3 : -1196.2045223135087
improvementE1 : -1196.2043431165125
improvementE3 : -1196.0698038940818
improvementE3 : -1196.069770868336
improvementE3 : -1196.069744771581
improvementE3 : -1196.0642704215884
improvementE3 : -1196.0640726211725
improvementE3 : -1196.0640702450992
improvementE2 : -1195.9204588530906
improvementE1 : -1195.9204064026885
improvementE2 : -1195.9204049273608
improvementE1 : -1195.9188760498605
improvementE3 : -1195.9188212698846
improvementE2 : -1195.9122696588952
improvementE2 : -1195.9055446760976
improvementE3 : -1195.9055217799207
improvementE1 : -1195.8979361862057
improvementE2 : -1195.897725379666
improvementE1 : -1195.897670340352
improvementE3 : -1195.8970957104675
improvementE3 : -1195.8970387786308
improvementE1 : -1195.8969143505346
improvementE1 : -1195.8967369055208
improvementE1 : -1195.896706810599
improvementE2 : -1195.8966674734975
improvementE2 : -1195.8966664166537
improvementE3 : -1195.8966466056936
improvementE1 : -1195.896636328347
improvementE1 : -1195.896614768772
improvementE3 : -1195.8964248719158
improvementE2 : -1195.8964008010726
improvementE3 : -1195.8962868786039
improvementE2 : -1195.8962844965477
