0->0 : 0
0->1 : 0
0->2 : 0
       Error rate = 0.0
1->0 : 0
1->1 : 0
1->2 : 0
       Error rate = 0.0
2->0 : 0
2->1 : 0
2->2 : 0
       Error rate = 0.0
0,2->0,2 : 1338190
  0,2->1 : 0
1,2->1,2 : 0
  1,2->0 : 0
       Error rate = 0.0
Maternally informative markers = 0 (of 12194)
Paternally informative markers = 12194
Maternally or paternally informative markers = 12194
Removed 0 children
Removed 0 markers
Number of LGs = 37
***Family = fam_08 chromosome = 3 numMarkers = 442 maternal informative markers 0 (paternal informative markers 442)
***Family = fam_01 chromosome = 3 numMarkers = 442 maternal informative markers 0 (paternal informative markers 441)
***Family = fam_09 chromosome = 3 numMarkers = 442 maternal informative markers 0 (paternal informative markers 432)
442->368
368->368
All pairs
join 96 and 113 score = 0.0 sizes 1,1
join 96 and 133 score = 0.0 sizes 2,1
join 164 and 176 score = 0.0 sizes 1,1
join 28 and 164 score = 0.0 sizes 1,2
join 28 and 240 score = 0.0 sizes 3,1
join 240 and 242 score = 0.0 sizes 4,1
join 44 and 176 score = 0.0 sizes 1,5
join 51 and 233 score = 0.0 sizes 1,1
join 69 and 283 score = 0.0 sizes 1,1
join 18 and 69 score = 0.0 sizes 1,2
join 113 and 283 score = 0.0 sizes 3,3
join 18 and 350 score = 0.0 sizes 6,1
join 51 and 133 score = 0.0 sizes 2,7
join 152 and 225 score = 0.0 sizes 1,1
join 224 and 269 score = 0.0 sizes 1,1
join 120 and 224 score = 0.0 sizes 1,2
join 77 and 223 score = 0.0 sizes 1,1
join 233 and 312 score = 0.0 sizes 9,1
join 24 and 276 score = 0.0 sizes 1,1
join 61 and 190 score = 0.0 sizes 1,1
join 61 and 326 score = 0.0 sizes 2,1
join 19 and 115 score = 0.0 sizes 1,1
join 19 and 329 score = 0.0 sizes 2,1
join 290 and 350 score = 0.0 sizes 1,10
join 81 and 290 score = 0.0 sizes 1,11
join 131 and 262 score = 0.0 sizes 1,1
join 262 and 344 score = 0.0 sizes 2,1
join 248 and 323 score = 0.0 sizes 1,1
join 81 and 115 score = 0.0 sizes 12,3
join 312 and 319 score = 0.0 sizes 15,1
join 152 and 315 score = 0.0 sizes 2,1
join 120 and 333 score = 0.0 sizes 3,1
join 208 and 319 score = 0.0 sizes 1,16
join 208 and 242 score = 0.0 sizes 17,6
join 94 and 316 score = 0.0 sizes 1,1
join 59 and 344 score = 0.0 sizes 1,3
join 59 and 162 score = 0.0 sizes 4,1
join 80 and 93 score = 0.0 sizes 1,1
join 234 and 323 score = 0.0 sizes 1,2
join 205 and 248 score = 0.0 sizes 1,3
join 205 and 236 score = 0.0 sizes 4,1
join 234 and 326 score = 0.0 sizes 5,3
join 13 and 197 score = 0.0 sizes 1,1
join 112 and 333 score = 0.0 sizes 1,4
join 3 and 106 score = 0.0 sizes 1,1
join 13 and 238 score = 0.0 sizes 2,1
join 187 and 192 score = 0.0 sizes 1,1
join 60 and 192 score = 0.0 sizes 1,2
join 53 and 222 score = 0.0 sizes 1,1
join 53 and 83 score = 0.0 sizes 2,1
join 37 and 101 score = 0.0 sizes 1,1
join 22 and 58 score = 0.0 sizes 1,1
join 58 and 64 score = 0.0 sizes 2,1
join 101 and 195 score = 0.0 sizes 2,1
join 173 and 364 score = 0.0 sizes 1,1
join 118 and 276 score = 0.0 sizes 1,2
join 24 and 243 score = 0.0 sizes 3,1
join 212 and 293 score = 0.0 sizes 1,1
join 128 and 293 score = 0.0 sizes 1,2
join 98 and 128 score = 0.0 sizes 1,3
join 29 and 364 score = 0.0 sizes 1,2
join 3 and 258 score = 0.0 sizes 2,1
join 43 and 63 score = 0.0 sizes 1,1
join 34 and 232 score = 0.0 sizes 1,1
join 232 and 282 score = 0.0 sizes 2,1
join 142 and 288 score = 0.0 sizes 1,1
join 144 and 212 score = 0.0 sizes 1,4
join 80 and 92 score = 0.0 sizes 2,1
join 25 and 93 score = 0.0 sizes 1,3
join 25 and 77 score = 0.0 sizes 4,2
join 225 and 274 score = 0.0 sizes 3,1
join 94 and 274 score = 0.0 sizes 2,4
join 305 and 327 score = 0.0 sizes 1,1
join 197 and 327 score = 0.0 sizes 3,2
join 261 and 328 score = 0.0 sizes 1,1
join 261 and 314 score = 0.0 sizes 2,1
join 65 and 207 score = 0.0 sizes 1,1
join 65 and 89 score = 0.0 sizes 2,1
join 163 and 270 score = 0.0 sizes 1,1
join 173 and 324 score = 0.0 sizes 3,1
join 271 and 329 score = 0.0 sizes 1,23
join 44 and 50 score = 0.0 sizes 24,1
join 171 and 271 score = 0.0 sizes 1,25
join 102 and 209 score = 0.0 sizes 1,1
join 74 and 99 score = 0.0 sizes 1,1
join 142 and 158 score = 0.0 sizes 2,1
join 12 and 288 score = 0.0 sizes 1,3
join 158 and 337 score = 0.0 sizes 4,1
join 112 and 337 score = 0.0 sizes 5,5
join 6 and 266 score = 0.0 sizes 1,1
join 43 and 204 score = 0.0 sizes 2,1
join 291 and 363 score = 0.0 sizes 1,1
join 177 and 359 score = 0.0 sizes 1,1
join 56 and 60 score = 0.0 sizes 1,3
join 187 and 199 score = 0.0 sizes 4,1
join 40 and 56 score = 0.0 sizes 1,5
join 57 and 273 score = 0.0 sizes 1,1
join 84 and 367 score = 0.0 sizes 1,1
join 84 and 256 score = 0.0 sizes 2,1
join 34 and 62 score = 0.0 sizes 3,1
join 235 and 266 score = 0.0 sizes 1,2
join 249 and 279 score = 0.0 sizes 1,1
join 26 and 89 score = 0.0 sizes 1,3
join 207 and 354 score = 0.0 sizes 4,1
join 217 and 354 score = 0.0 sizes 1,5
join 49 and 74 score = 0.0 sizes 1,2
join 22 and 49 score = 0.0 sizes 3,3
join 99 and 284 score = 0.0 sizes 6,1
join 64 and 258 score = 0.0 sizes 7,3
join 189 and 253 score = 0.0 sizes 1,1
join 328 and 339 score = 0.0 sizes 3,1
join 29 and 339 score = 0.0 sizes 4,4
join 57 and 314 score = 0.0 sizes 2,8
join 222 and 236 score = 0.0 sizes 3,8
join 83 and 162 score = 0.0 sizes 11,5
join 131 and 342 score = 0.0 sizes 16,1
join 226 and 268 score = 0.0 sizes 1,1
join 143 and 268 score = 0.0 sizes 1,2
join 202 and 226 score = 0.0 sizes 1,3
join 76 and 92 score = 0.0 sizes 1,6
join 214 and 223 score = 0.0 sizes 1,7
join 196 and 214 score = 0.0 sizes 1,8
join 17 and 237 score = 0.0 sizes 1,1
join 174 and 253 score = 0.0 sizes 1,2
join 183 and 332 score = 0.0 sizes 1,1
join 183 and 356 score = 0.0 sizes 2,1
join 336 and 349 score = 0.0 sizes 1,1
join 114 and 332 score = 0.0 sizes 1,3
join 243 and 366 score = 0.0 sizes 4,1
join 98 and 301 score = 0.0 sizes 5,1
join 30 and 279 score = 0.0 sizes 1,2
join 196 and 356 score = 0.0 sizes 9,4
join 7 and 138 score = 0.0 sizes 1,1
join 87 and 281 score = 0.0 sizes 1,1
join 160 and 281 score = 0.0 sizes 1,2
join 54 and 227 score = 0.0 sizes 1,1
join 90 and 138 score = 0.0 sizes 1,2
join 119 and 353 score = 0.0 sizes 1,1
join 119 and 363 score = 0.0 sizes 2,2
join 154 and 199 score = 0.0 sizes 1,6
join 30 and 145 score = 0.0 sizes 3,1
join 48 and 256 score = 0.0 sizes 1,3
join 213 and 307 score = 0.0 sizes 1,1
join 6 and 252 score = 0.0 sizes 3,1
join 26 and 136 score = 0.0 sizes 6,1
join 245 and 352 score = 0.005434782608695652 sizes 1,1
join 104 and 340 score = 0.0 sizes 1,1
join 171 and 246 score = 0.0 sizes 26,1
join 67 and 320 score = 0.0 sizes 1,1
join 282 and 320 score = 0.004651162790697674 sizes 4,2
join 186 and 247 score = 0.0 sizes 1,1
join 111 and 367 score = 0.0 sizes 1,4
join 63 and 190 score = 0.006289308176100629 sizes 3,17
join 12 and 231 score = 0.006329113924050633 sizes 10,1
join 40 and 151 score = 0.006578947368421052 sizes 7,1
join 123 and 151 score = 0.0 sizes 1,8
join 118 and 311 score = 0.00684931506849315 sizes 5,1
join 76 and 259 score = 0.006060606060606061 sizes 13,1
join 143 and 259 score = 0.0051813471502590676 sizes 4,14
join 202 and 308 score = 0.0 sizes 18,1
join 4 and 174 score = 0.0 sizes 1,3
join 39 and 238 score = 0.0051813471502590676 sizes 1,5
join 88 and 307 score = 0.0 sizes 1,2
join 235 and 324 score = 0.00684931506849315 sizes 4,10
join 73 and 185 score = 0.0 sizes 1,1
join 73 and 285 score = 0.0 sizes 2,1
join 70 and 311 score = 0.006211180124223602 sizes 1,6
join 247 and 355 score = 0.006134969325153374 sizes 2,1
join 52 and 280 score = 0.0 sizes 1,1
join 157 and 270 score = 0.0 sizes 1,2
join 163 and 230 score = 0.0 sizes 3,1
join 130 and 249 score = 0.007751937984496124 sizes 1,4
join 198 and 315 score = 0.009302325581395349 sizes 1,6
join 136 and 304 score = 0.005988023952095809 sizes 7,1
join 181 and 217 score = 0.006289308176100629 sizes 1,8
join 75 and 336 score = 0.006493506493506494 sizes 1,2
join 299 and 301 score = 0.0 sizes 1,6
All pairs
join 33 and 358 score = 0.0 sizes 1,1
join 47 and 195 score = 0.0 sizes 1,3
join 130 and 360 score = 0.0 sizes 5,1
join 260 and 352 score = 0.0 sizes 1,2
join 175 and 299 score = 0.0 sizes 1,7
join 198 and 228 score = 0.0058823529411764705 sizes 7,1
join 37 and 104 score = 0.006993006993006993 sizes 4,2
join 159 and 340 score = 0.00625 sizes 1,6
join 123 and 229 score = 0.006211180124223602 sizes 9,1
join 116 and 180 score = 0.006535947712418301 sizes 1,1
join 201 and 255 score = 0.0 sizes 1,1
join 17 and 75 score = 0.00625 sizes 2,3
join 228 and 366 score = 0.005952380952380952 sizes 8,7
join 219 and 269 score = 0.010752688172043012 sizes 1,11
join 231 and 245 score = 0.006578947368421052 sizes 12,3
join 107 and 188 score = 0.0 sizes 1,1
join 244 and 308 score = 0.006944444444444444 sizes 1,19
join 109 and 169 score = 0.011627906976744186 sizes 1,1
join 117 and 296 score = 0.0 sizes 1,1
join 239 and 361 score = 0.0 sizes 1,1
join 178 and 241 score = 0.0 sizes 1,1
join 5 and 306 score = 0.0 sizes 1,1
join 134 and 161 score = 0.0 sizes 1,1
join 250 and 265 score = 0.0 sizes 1,1
join 285 and 342 score = 0.0 sizes 3,20
join 114 and 204 score = 0.005988023952095809 sizes 20,23
join 39 and 303 score = 0.0 sizes 6,1
join 100 and 316 score = 0.0 sizes 1,15
join 110 and 264 score = 0.0 sizes 1,1
join 137 and 254 score = 0.0 sizes 1,1
join 102 and 189 score = 0.006666666666666667 sizes 2,4
join 215 and 359 score = 0.012345679012345678 sizes 1,2
join 177 and 286 score = 0.005988023952095809 sizes 3,1
join 265 and 338 score = 0.0 sizes 2,1
join 97 and 338 score = 0.0 sizes 1,3
join 4 and 79 score = 0.0 sizes 6,1
join 201 and 264 score = 0.0 sizes 2,2
join 206 and 255 score = 0.0 sizes 1,4
join 206 and 321 score = 0.0 sizes 5,1
join 193 and 322 score = 0.0 sizes 1,1
join 229 and 291 score = 0.012048192771084338 sizes 10,4
join 125 and 306 score = 0.0 sizes 1,2
join 109 and 304 score = 0.011695906432748537 sizes 2,9
join 155 and 300 score = 0.0 sizes 1,1
join 41 and 185 score = 0.0 sizes 1,43
join 41 and 71 score = 0.0 sizes 44,1
join 71 and 251 score = 0.0 sizes 45,1
join 303 and 353 score = 0.0 sizes 7,14
join 50 and 309 score = 0.012269938650306749 sizes 27,1
join 254 and 310 score = 0.0 sizes 2,1
join 10 and 137 score = 0.0 sizes 1,3
join 239 and 296 score = 0.0 sizes 2,2
join 16 and 168 score = 0.013071895424836602 sizes 1,1
join 16 and 116 score = 0.007042253521126761 sizes 2,2
join 85 and 166 score = 0.0 sizes 1,1
join 166 and 275 score = 0.0 sizes 2,1
join 85 and 200 score = 0.0 sizes 3,1
join 362 and 365 score = 0.0 sizes 1,1
join 348 and 365 score = 0.0 sizes 1,2
join 188 and 348 score = 0.0 sizes 2,3
join 148 and 362 score = 0.0 sizes 1,5
join 27 and 156 score = 0.013605442176870748 sizes 1,1
join 169 and 287 score = 0.01910828025477707 sizes 11,1
join 170 and 349 score = 0.0 sizes 1,5
join 286 and 305 score = 0.012048192771084338 sizes 4,21
join 263 and 330 score = 0.0 sizes 1,1
join 100 and 330 score = 0.0 sizes 16,2
join 70 and 125 score = 0.0 sizes 18,3
join 10 and 108 score = 0.0 sizes 4,1
join 145 and 310 score = 0.0 sizes 6,5
join 46 and 134 score = 0.0 sizes 1,2
join 14 and 227 score = 0.010869565217391304 sizes 1,2
join 46 and 179 score = 0.018072289156626505 sizes 3,1
join 20 and 251 score = 0.0 sizes 1,46
join 31 and 300 score = 0.0 sizes 1,2
join 52 and 122 score = 0.0 sizes 2,1
join 91 and 321 score = 0.0 sizes 1,6
join 108 and 172 score = 0.0 sizes 11,1
join 105 and 129 score = 0.012578616352201259 sizes 1,1
join 129 and 168 score = 0.012048192771084338 sizes 2,4
join 111 and 277 score = 0.0 sizes 5,1
join 48 and 160 score = 0.007575757575757576 sizes 6,3
join 54 and 277 score = 0.0 sizes 3,9
join 86 and 260 score = 0.0 sizes 1,15
join 219 and 355 score = 0.012658227848101266 sizes 16,3
join 38 and 186 score = 0.012658227848101266 sizes 1,19
join 95 and 267 score = 0.0 sizes 1,1
join 179 and 357 score = 0.017857142857142856 sizes 4,1
join 127 and 200 score = 0.0 sizes 1,4
join 107 and 135 score = 0.0 sizes 6,1
join 132 and 135 score = 0.0 sizes 1,7
join 132 and 213 score = 0.0 sizes 8,3
join 79 and 159 score = 0.0 sizes 7,7
join 161 and 317 score = 0.0 sizes 5,1
join 182 and 317 score = 0.0 sizes 1,6
join 47 and 78 score = 0.0 sizes 14,1
join 122 and 278 score = 0.0 sizes 3,1
join 78 and 237 score = 0.0 sizes 15,6
join 32 and 170 score = 0.0 sizes 1,21
join 32 and 216 score = 0.0 sizes 22,1
join 121 and 221 score = 0.023952095808383235 sizes 1,1
join 203 and 318 score = 0.018867924528301886 sizes 1,1
join 149 and 221 score = 0.011904761904761904 sizes 1,2
join 149 and 297 score = 0.018404907975460124 sizes 3,1
join 181 and 297 score = 0.012121212121212121 sizes 12,4
join 157 and 175 score = 0.0 sizes 4,8
join 184 and 361 score = 0.0 sizes 1,4
join 124 and 295 score = 0.0 sizes 1,1
join 33 and 294 score = 0.0 sizes 2,1
join 106 and 358 score = 0.024539877300613498 sizes 10,3
join 154 and 209 score = 0.019867549668874173 sizes 25,23
join 325 and 341 score = 0.0 sizes 1,1
join 27 and 287 score = 0.02531645569620253 sizes 2,16
join 20 and 318 score = 0.018867924528301886 sizes 47,2
join 5 and 68 score = 0.0 sizes 21,1
join 272 and 294 score = 0.0 sizes 1,13
join 23 and 105 score = 0.024691358024691357 sizes 1,6
join 38 and 341 score = 0.019230769230769232 sizes 20,2
join 88 and 252 score = 0.01910828025477707 sizes 11,14
join 140 and 211 score = 0.029411764705882353 sizes 1,1
join 121 and 211 score = 0.02877697841726619 sizes 18,2
join 180 and 215 score = 0.02976190476190476 sizes 7,48
join 153 and 216 score = 0.0 sizes 1,55
join 273 and 298 score = 0.018867924528301886 sizes 25,1
join 87 and 193 score = 0.024096385542168676 sizes 12,2
join 194 and 351 score = 0.03333333333333333 sizes 1,1
join 68 and 194 score = 0.0 sizes 22,2
join 334 and 351 score = 0.0 sizes 1,24
join 167 and 184 score = 0.034482758620689655 sizes 1,5
join 218 and 278 score = 0.0 sizes 1,4
join 11 and 218 score = 0.0 sizes 1,5
join 156 and 357 score = 0.027210884353741496 sizes 20,7
join 140 and 257 score = 0.02631578947368421 sizes 27,1
join 21 and 347 score = 0.034482758620689655 sizes 1,1
join 110 and 272 score = 0.034482758620689655 sizes 7,14
join 36 and 246 score = 0.027586206896551724 sizes 1,28
join 191 and 343 score = 0.03571428571428571 sizes 1,1
join 146 and 322 score = 0.0 sizes 1,14
join 23 and 35 score = 0.030303030303030304 sizes 56,1
join 45 and 191 score = 0.03636363636363636 sizes 1,2
join 97 and 182 score = 0.04 sizes 4,28
join 250 and 267 score = 0.03571428571428571 sizes 32,2
join 14 and 150 score = 0.037037037037037035 sizes 15,1
join 31 and 124 score = 0.038461538461538464 sizes 3,2
join 36 and 244 score = 0.04477611940298507 sizes 29,49
join 220 and 275 score = 0.037037037037037035 sizes 1,5
join 9 and 55 score = 0.034482758620689655 sizes 1,1
join 55 and 334 score = 0.034482758620689655 sizes 2,25
join 8 and 263 score = 0.03225806451612903 sizes 1,27
join 8 and 139 score = 0.03571428571428571 sizes 28,1
All pairs
join 150 and 241 score = 0.038461538461538464 sizes 16,2
join 35 and 346 score = 0.04819277108433735 sizes 57,1
join 67 and 153 score = 0.03125 sizes 6,58
join 103 and 298 score = 0.04697986577181208 sizes 1,26
join 257 and 346 score = 0.056962025316455694 sizes 34,64
join 95 and 220 score = 0.034482758620689655 sizes 98,6
join 165 and 325 score = 0.04 sizes 1,22
join 147 and 335 score = 0.07407407407407407 sizes 1,1
join 62 and 280 score = 0.057692307692307696 sizes 104,6
join 21 and 86 score = 0.03571428571428571 sizes 2,23
join 1 and 9 score = 0.03225806451612903 sizes 1,29
join 126 and 203 score = 0.07407407407407407 sizes 1,78
join 289 and 292 score = 0.0967741935483871 sizes 1,1
join 82 and 292 score = 0.03571428571428571 sizes 1,2
join 90 and 103 score = 0.0547945205479452 sizes 3,27
join 66 and 331 score = 0.06896551724137931 sizes 1,1
join 66 and 289 score = 0.06451612903225806 sizes 2,3
join 230 and 360 score = 0.07633587786259542 sizes 12,12
join 1 and 141 score = 0.03225806451612903 sizes 30,1
join 82 and 345 score = 0.07142857142857142 sizes 5,1
join 7 and 284 score = 0.06666666666666667 sizes 30,21
join 331 and 335 score = 0.11538461538461539 sizes 6,2
join 165 and 295 score = 0.08 sizes 25,5
join 141 and 172 score = 0.07407407407407407 sizes 31,24
join 313 and 345 score = 0.10344827586206896 sizes 1,8
join 2 and 45 score = 0.10365853658536585 sizes 1,3
join 15 and 72 score = 0.10344827586206896 sizes 1,1
join 15 and 147 score = 0.10714285714285714 sizes 2,9
join 117 and 210 score = 0.06451612903225806 sizes 6,1
join 144 and 309 score = 0.13125 sizes 55,79
join 0 and 2 score = 0.1417910447761194 sizes 1,4
join 210 and 343 score = 0.0967741935483871 sizes 7,5
join 91 and 146 score = 0.125 sizes 51,18
join 127 and 167 score = 0.18518518518518517 sizes 110,12
join 11 and 148 score = 0.2 sizes 122,69
join 178 and 347 score = 0.21428571428571427 sizes 191,30
join 72 and 155 score = 0.27586206896551724 sizes 11,221
join 42 and 139 score = 0.0 sizes 1,134
join 0 and 302 score = 0.35507246376811596 sizes 232,1
join 126 and 302 score = 0.0 sizes 135,233
score = 5.096268296679504
improvementE2 : -2397.252091730332
improvementE3 : -2397.0583790210567
improvementE2 : -2380.5710887545656
improvementE1 : -2380.5663854873414
improvementE1 : -2378.9832626250345
improvementE3 : -2378.956204492858
improvementE2 : -2378.9444021903446
improvementE3 : -2378.9441930275298
improvementE3 : -2378.93625595461
improvementE3 : -2378.9360425095447
improvementE2 : -2378.928985482606
improvementE3 : -2378.928247850491
improvementE2 : -2378.9282190836493
improvementE3 : -2378.9279456748145
improvementE1 : -2378.892953491133
improvementE3 : -2378.890987814187
improvementE1 : -2378.748871251245
improvementE1 : -2378.7486031829985
improvementE1 : -2378.680906730742
improvementE3 : -2378.679836658824
improvementE3 : -2378.552941214277
improvementE1 : -2378.552343005751
improvementE2 : -2377.4408394975767
improvementE3 : -2376.788094756212
improvementE2 : -2376.7879960256855
improvementE3 : -2376.7878680711156
improvementE2 : -2376.7840051288536
improvementE2 : -2376.7837233142973
improvementE2 : -2342.150160422786
improvementE3 : -2342.123367198615
improvementE3 : -2342.1230960621997
improvementE2 : -2342.121105569606
improvementE3 : -2342.120687500378
improvementE1 : -2342.0600150168875
improvementE3 : -2342.0600057550037
improvementE3 : -2342.054262836704
improvementE2 : -2342.0539454016125
improvementE1 : -2342.008422870522
improvementE3 : -2341.2803890881405
improvementE1 : -2341.2759177527632
improvementE3 : -2341.155712467036
improvementE3 : -2341.1509867037203
improvementE2 : -2338.94519907153
improvementE3 : -2338.9405788022423
improvementE2 : -2323.3972813718383
improvementE3 : -2323.3969965451925
improvementE3 : -2323.396950496064
improvementE3 : -2322.142822845842
improvementE3 : -2322.142821492324
improvementE3 : -2322.0445929267066
improvementE2 : -2321.9755795538067
improvementE1 : -2321.9738813539034
improvementE2 : -2312.5356954764648
improvementE2 : -2312.5353951912302
improvementE2 : -2312.535390516585
improvementE3 : -2312.534709266576
improvementE2 : -2312.534012178806
improvementE3 : -2312.314141651997
improvementE1 : -2312.131645996101
improvementE2 : -2311.6318899842186
improvementE1 : -2310.270669969491
improvementE3 : -2310.2690098055164
improvementE1 : -2308.914249794932
improvementE2 : -2308.9142474441005
improvementE3 : -2308.9068295860234
improvementE1 : -2308.299900715663
improvementE2 : -2308.2998957081645
improvementE3 : -2308.1741925790593
improvementE3 : -2308.1740184631553
improvementE3 : -2305.452889549829
improvementE2 : -2305.4527033102245
improvementE3 : -2304.7312143119234
improvementE3 : -2304.7310857210923
improvementE2 : -2301.9161537175087
improvementE3 : -2301.889086829262
improvementE2 : -2301.483376566419
improvementE2 : -2297.700762108475
improvementE1 : -2297.68792537383
improvementE3 : -2297.555652981615
improvementE3 : -2297.53653458617
improvementE3 : -2297.4900366048723
improvementE3 : -2297.265250638915
improvementE2 : -2297.265214968
improvementE2 : -2266.792562148438
improvementE1 : -2265.6412671251855
improvementE3 : -2265.5046861683904
improvementE1 : -2265.5046786160497
improvementE1 : -2265.504403822414
improvementE3 : -2265.50440039398
improvementE1 : -2265.4777413371185
improvementE3 : -2260.2332190230586
improvementE1 : -2260.233215962333
improvementE3 : -2260.2297505710817
improvementE3 : -2260.22892455258
improvementE2 : -2256.987724342527
improvementE3 : -2256.9876933252353
improvementE3 : -2256.964634177448
improvementE3 : -2256.9554136769293
improvementE3 : -2256.9549824098876
improvementE1 : -2256.9318903062176
improvementE3 : -2256.445092095928
improvementE2 : -2256.444997756199
improvementE3 : -2254.520212223585
improvementE3 : -2254.520192207465
improvementE2 : -2250.884466310841
improvementE3 : -2250.8843805584847
improvementE2 : -2246.999430483218
improvementE2 : -2246.9993343755486
improvementE2 : -2246.9967897011647
improvementE3 : -2246.9967875078
improvementE2 : -2246.958631960958
improvementE3 : -2246.958238163883
improvementE2 : -2246.9581704718285
improvementE1 : -2246.7697300260857
improvementE3 : -2246.7053359306965
improvementE1 : -2246.703189531265
improvementE2 : -2246.703176265818
improvementE3 : -2243.600922054092
improvementE3 : -2230.9591571569827
improvementE3 : -2230.957688141621
improvementE1 : -2230.956851578992
improvementE2 : -2230.9566797480015
improvementE2 : -2230.933075875935
improvementE2 : -2228.926480986259
improvementE3 : -2227.260478986751
improvementE2 : -2227.222716552292
improvementE2 : -2227.222564806526
improvementE1 : -2227.2225619003107
improvementE1 : -2227.2225602909048
improvementE3 : -2226.574375175689
improvementE1 : -2224.9565963163955
improvementE2 : -2223.751072011629
improvementE1 : -2219.04437340884
improvementE2 : -2218.542416401646
improvementE3 : -2215.2725074565888
improvementE2 : -2215.271757366043
improvementE3 : -2215.262836390062
improvementE3 : -2214.862634431641
improvementE3 : -2214.8431251981924
improvementE2 : -2214.6629186940772
improvementE2 : -2214.662113651989
improvementE1 : -2214.660546340415
improvementE3 : -2214.660435199132
improvementE3 : -2213.621000058829
improvementE2 : -2213.6209623687073
improvementE3 : -2213.620953682488
improvementE3 : -2213.6208282694943
improvementE2 : -2213.6204658500374
improvementE3 : -2213.6204644987374
improvementE3 : -2213.451201994865
improvementE1 : -2213.2724735849506
improvementE3 : -2213.2724515251816
improvementE1 : -2213.2724431124893
improvementE2 : -2213.2697584553043
improvementE1 : -2212.847944336074
improvementE2 : -2204.441748207646
improvementE2 : -2204.368530338287
improvementE1 : -2204.0847433321837
improvementE2 : -2204.042296367832
improvementE3 : -2204.042270242394
improvementE1 : -2204.036809973911
improvementE3 : -2203.9540196755797
improvementE2 : -2203.949385155016
improvementE1 : -2203.9491739615805
improvementE1 : -2203.937103057029
improvementE2 : -2203.9371019037517
improvementE3 : -2203.9367416115356
improvementE1 : -2203.2873491195605
improvementE1 : -2203.287346090518
improvementE2 : -2198.1461229719616
improvementE3 : -2198.1460923498425
improvementE1 : -2197.9909059117085
improvementE3 : -2197.9901130258563
improvementE3 : -2188.725958752486
improvementE3 : -2188.7258637201776
improvementE2 : -2187.9526503468132
improvementE2 : -2187.9524914006524
improvementE2 : -2187.8285401168396
improvementE3 : -2187.8283306458648
improvementE2 : -2187.777236124364
improvementE1 : -2187.7535290036612
improvementE3 : -2187.113581744128
improvementE2 : -2186.8545390098425
improvementE3 : -2186.797794113001
improvementE2 : -2186.797735766324
improvementE3 : -2186.7975690811754
improvementE3 : -2186.797565928503
improvementE1 : -2186.7975415901683
improvementE2 : -2186.730273142697
improvementE1 : -2186.7212890635706
improvementE2 : -2184.6941624019155
improvementE3 : -2184.6941589498356
improvementE3 : -2184.6941276657635
improvementE1 : -2184.694109317037
improvementE3 : -2184.694016909383
improvementE1 : -2184.692366541998
improvementE1 : -2184.6922540617848
improvementE2 : -2184.6909783818564
improvementE1 : -2184.6909755437564
improvementE1 : -2184.690954251349
improvementE3 : -2175.262035716426
improvementE1 : -2175.2620320595947
improvementE2 : -2175.2367806942493
improvementE3 : -2175.2367579321703
improvementE2 : -2175.236512170421
improvementE1 : -2175.2191254240443
improvementE1 : -2175.219080976609
improvementE2 : -2175.2190783513634
improvementE1 : -2175.219076838047
improvementE1 : -2175.2018942187215
improvementE1 : -2175.2018682305343
improvementE1 : -2129.755217484337
improvementE3 : -2127.409414488614
improvementE2 : -2127.4094014322
improvementE3 : -2127.409400380803
improvementE1 : -2127.2559097647245
improvementE1 : -2127.255836120932
improvementE1 : -2127.1962720494867
improvementE2 : -2127.1962597177508
improvementE3 : -2124.69383171323
improvementE3 : -2124.693826451672
improvementE2 : -2124.693817010291
improvementE1 : -2124.6911566837025
improvementE3 : -2117.0615171815025
improvementE1 : -2117.058976120286
improvementE3 : -2117.0589729359745
improvementE1 : -2117.0589098846467
improvementE3 : -2115.0417233225926
improvementE2 : -2115.0396186558955
improvementE3 : -2111.3247991365206
improvementE3 : -2111.324779892131
improvementE3 : -2108.9087819662545
improvementE3 : -2108.908737039398
improvementE1 : -2108.9087058677533
improvementE2 : -2045.4027970755353
improvementE2 : -2045.4027738543061
improvementE1 : -2045.4027409386388
improvementE1 : -2043.300134896617
improvementE3 : -2043.2942414050317
improvementE3 : -2043.2608944653537
improvementE1 : -2043.2576000531622
improvementE1 : -2043.2575720290426
improvementE3 : -2043.2575698119706
improvementE3 : -2043.2575507706722
improvementE2 : -2043.2088682401652
improvementE3 : -2043.2080731963556
improvementE2 : -2043.207980744902
improvementE2 : -2040.782169667189
improvementE2 : -2040.7820735306586
improvementE3 : -2040.7820179871637
improvementE1 : -2039.5594185437162
improvementE1 : -2039.5425779003792
improvementE1 : -2039.541304083794
improvementE2 : -2039.5323512434038
improvementE3 : -2039.532337368707
improvementE3 : -2039.532322482266
improvementE3 : -2017.1466939155732
improvementE1 : -2017.146689093763
improvementE2 : -2017.1461582176921
improvementE3 : -2017.1430915331985
improvementE1 : -2014.5576866695176
improvementE1 : -2014.5576835864188
improvementE3 : -2014.5453656685463
improvementE2 : -2014.5443050728752
improvementE3 : -2014.54141658707
improvementE3 : -2014.5414150713334
improvementE1 : -2014.539495849327
improvementE2 : -2014.5390393690968
improvementE1 : -2011.4111341095897
improvementE3 : -2001.343792043815
improvementE1 : -2001.3192351907387
improvementE3 : -2001.3191692743085
improvementE2 : -2001.2655150155158
improvementE1 : -2001.2655007250266
improvementE1 : -2001.2654588924368
improvementE2 : -2001.2651638669554
improvementE2 : -1974.1021245646436
improvementE3 : -1974.1019772234977
improvementE1 : -1973.7898387049495
improvementE1 : -1973.7898225060972
improvementE2 : -1973.7898195473338
improvementE3 : -1962.720714618348
improvementE2 : -1962.7201759331979
improvementE2 : -1962.7190324744852
improvementE2 : -1962.717172964732
improvementE3 : -1962.7170864262125
improvementE2 : -1962.7170231695868
improvementE2 : -1962.7170197741095
improvementE3 : -1962.3926439109448
improvementE3 : -1962.392640035701
improvementE2 : -1962.3906383022454
improvementE2 : -1962.3904078199776
improvementE1 : -1962.390002998268
improvementE3 : -1962.0688747333343
improvementE1 : -1961.3774935132974
improvementE3 : -1961.3774024564202
improvementE2 : -1961.3754583773036
improvementE1 : -1961.3742528561386
improvementE1 : -1961.3741477113979
improvementE1 : -1961.373038072623
improvementE2 : -1961.3729902266407
improvementE3 : -1961.3729807553752
improvementE1 : -1961.3677060511413
improvementE2 : -1961.3673931135493
improvementE3 : -1961.3671614708348
improvementE3 : -1961.317420258539
improvementE2 : -1961.3174190348564
improvementE2 : -1961.3174018832572
improvementE1 : -1961.3173791620213
improvementE2 : -1961.3173635459966
improvementE3 : -1946.8831698565527
improvementE3 : -1946.882981644996
improvementE2 : -1946.8829781772502
improvementE3 : -1946.8829740627154
improvementE2 : -1943.0515575703841
improvementE1 : -1942.9595315675072
improvementE1 : -1942.9595275740437
improvementE3 : -1941.4490326683851
improvementE1 : -1941.287785987574
improvementE2 : -1941.287557117313
improvementE3 : -1941.2875193229513
improvementE1 : -1941.2875093999492
improvementE1 : -1941.2874974178587
improvementE2 : -1941.2874801418347
improvementE1 : -1941.2874691470706
improvementE2 : -1941.2326069574603
improvementE3 : -1939.8562540681048
improvementE3 : -1939.855413299442
improvementE3 : -1939.8553988796352
improvementE3 : -1939.840799698095
improvementE3 : -1939.7764028014344
improvementE3 : -1939.7741246732774
improvementE2 : -1939.773997268678
improvementE3 : -1939.7112559031352
improvementE2 : -1938.7390237810084
improvementE3 : -1938.738943043181
improvementE1 : -1938.737697476018
improvementE2 : -1938.737695005106
improvementE1 : -1938.7352073291654
improvementE1 : -1938.7343796447021
improvementE1 : -1935.7584696543943
improvementE2 : -1935.7584590693846
improvementE2 : -1935.7580555762154
improvementE1 : -1935.75803717022
improvementE2 : -1935.753930372685
improvementE1 : -1935.6986200431772
improvementE3 : -1935.6985872553278
improvementE3 : -1935.6985335024547
improvementE2 : -1935.6697769049774
improvementE3 : -1935.643339794025
improvementE2 : -1935.6433371732876
improvementE3 : -1934.2861554327487
improvementE2 : -1934.2858044306724
improvementE1 : -1932.038355100388
improvementE1 : -1932.0379918593358
improvementE3 : -1932.037934113502
improvementE2 : -1932.037607529995
improvementE3 : -1923.321409193394
improvementE1 : -1923.3213464872854
improvementE1 : -1923.3213400517739
improvementE1 : -1922.3057225604487
improvementE1 : -1917.0549468693257
improvementE3 : -1917.0549134881355
improvementE3 : -1917.054833577249
improvementE1 : -1914.9921290058676
improvementE3 : -1914.9916935192296
improvementE1 : -1914.990982302296
improvementE3 : -1914.9909718683693
improvementE1 : -1914.9903530346007
improvementE2 : -1914.989928226573
improvementE2 : -1914.9896249198787
improvementE1 : -1914.988959224064
improvementE2 : -1914.9599578797322
improvementE1 : -1914.959947521833
improvementE1 : -1914.9599285896682
improvementE1 : -1914.9595681206188
improvementE1 : -1914.9587760776938
improvementE3 : -1914.9587740905465
improvementE2 : -1914.9587282448597
improvementE3 : -1874.1928344952166
improvementE1 : -1874.187278522333
improvementE2 : -1874.1580483130995
improvementE1 : -1874.1580177874223
improvementE3 : -1873.7491977799489
improvementE1 : -1872.1122197362367
improvementE2 : -1872.0763307050734
improvementE3 : -1872.076299964023
improvementE3 : -1864.1075744092004
improvementE2 : -1864.1075542215422
improvementE3 : -1864.107546145725
improvementE3 : -1864.0803351011596
improvementE3 : -1864.0785404978976
improvementE3 : -1864.0784761021898
improvementE3 : -1862.0809131815563
improvementE3 : -1862.050601935785
improvementE3 : -1862.050568488221
improvementE2 : -1837.3048745895128
improvementE3 : -1837.3041474877923
improvementE1 : -1837.3040809029162
improvementE2 : -1837.3040773461516
improvementE3 : -1837.3018471071691
improvementE3 : -1837.3009685003158
improvementE3 : -1837.29966395927
improvementE2 : -1837.2996333970602
improvementE1 : -1837.2996152631338
improvementE1 : -1837.2995739017076
improvementE3 : -1837.299267067304
improvementE3 : -1837.1849032843536
improvementE1 : -1837.1845764995724
improvementE2 : -1837.0801146774033
improvementE1 : -1837.0790264940626
improvementE2 : -1837.0785625632352
improvementE1 : -1837.0785607542025
improvementE2 : -1837.0785426542236
improvementE3 : -1835.7182389594407
improvementE1 : -1835.7182151663353
improvementE3 : -1835.7178964710142
improvementE3 : -1835.6982163840403
improvementE2 : -1835.6981841552722
improvementE2 : -1835.6577522138277
improvementE3 : -1835.6557494112842
improvementE2 : -1835.6557451822262
improvementE3 : -1835.6084829179008
improvementE2 : -1835.6084700070796
improvementE1 : -1835.6084522311858
improvementE1 : -1835.6084502994777
improvementE3 : -1834.4630356833115
improvementE1 : -1834.4630286997453
improvementE2 : -1834.4596871720976
improvementE3 : -1834.4596860812567
improvementE2 : -1834.4595653227593
improvementE3 : -1834.4595430093998
improvementE3 : -1834.459538196569
improvementE2 : -1834.4587284638621
improvementE2 : -1834.458697221107
improvementE3 : -1834.4439232156537
improvementE2 : -1834.4431787101962
improvementE1 : -1834.4431642808129
improvementE1 : -1834.442225177372
improvementE2 : -1834.4422215399668
improvementE1 : -1834.4421207844314
improvementE3 : -1834.441669795248
improvementE2 : -1834.441664377022
improvementE2 : -1834.4407108633993
improvementE2 : -1834.1419068521411
improvementE3 : -1834.1419053172033
improvementE3 : -1834.141834667662
improvementE1 : -1834.1239177183793
improvementE3 : -1834.1208560764226
improvementE2 : -1833.4920464887293
improvementE2 : -1830.8014229260702
improvementE3 : -1830.8013132992983
improvementE3 : -1830.8013100551557
improvementE3 : -1830.8011420882738
improvementE2 : -1830.378537206693
improvementE1 : -1830.3785055007002
improvementE3 : -1830.3784928611142
improvementE3 : -1828.309928376463
improvementE3 : -1828.3098862745821
improvementE1 : -1825.2572212716802
improvementE3 : -1824.596620280374
improvementE1 : -1824.5965704890123
improvementE3 : -1824.596100868965
improvementE2 : -1824.5913629928568
improvementE3 : -1818.7961598426848
improvementE1 : -1818.7961585161063
improvementE3 : -1815.3441273860647
improvementE2 : -1815.3435709552004
improvementE3 : -1815.34320583295
improvementE1 : -1815.3431739133853
improvementE3 : -1815.3374063121985
improvementE2 : -1815.337384029324
improvementE2 : -1815.3373811310184
improvementE1 : -1815.33737408251
improvementE3 : -1815.2941470338062
improvementE1 : -1815.294134621603
improvementE3 : -1815.1833468106138
improvementE3 : -1815.1833294831122
improvementE2 : -1815.1534522281283
improvementE1 : -1815.1534483689757
improvementE3 : -1814.7243956092254
improvementE1 : -1814.7243745910373
improvementE2 : -1814.7242759320056
improvementE1 : -1814.7242736870894
improvementE3 : -1814.7242707503992
improvementE1 : -1814.7235686144568
improvementE2 : -1814.7200830557395
improvementE1 : -1814.7199665519734
improvementE2 : -1814.703044621159
improvementE3 : -1814.7012629618027
improvementE1 : -1812.7013049338232
improvementE1 : -1812.6930512075826
improvementE1 : -1812.692907491048
improvementE1 : -1812.6929022309662
improvementE3 : -1811.9413768884706
improvementE2 : -1811.7795650893513
improvementE2 : -1811.7795375724372
improvementE3 : -1811.7647653808244
improvementE1 : -1808.7205180109022
improvementE3 : -1806.072499843682
improvementE1 : -1805.987328269795
improvementE3 : -1805.9873225287233
improvementE1 : -1799.3652235418624
improvementE1 : -1799.363939158545
improvementE2 : -1798.4113497817475
improvementE3 : -1798.4110147940785
improvementE1 : -1798.4109821387003
improvementE3 : -1798.4109669353993
improvementE2 : -1798.3841006074038
improvementE3 : -1798.3840798001006
improvementE1 : -1798.3676014249356
improvementE3 : -1798.367598540747
improvementE1 : -1798.3675973676795
improvementE3 : -1798.3675367404178
improvementE1 : -1798.36397060577
improvementE3 : -1798.3639021214715
improvementE1 : -1798.3638862333319
improvementE2 : -1798.3638795597153
improvementE3 : -1798.363878456375
improvementE3 : -1798.3638335866847
improvementE2 : -1798.3638269397482
improvementE2 : -1798.1549281403022
improvementE2 : -1798.140499668858
improvementE3 : -1798.1393611611434
improvementE3 : -1798.1393576674366
improvementE3 : -1798.1393042550171
improvementE1 : -1798.1391171008454
improvementE1 : -1798.1128734266686
improvementE1 : -1798.1128597472793
improvementE2 : -1798.1128522067922
improvementE1 : -1785.345070441087
improvementE3 : -1785.345068424865
improvementE2 : -1784.9106910647647
improvementE1 : -1784.9105229388717
improvementE3 : -1784.0214243329144
improvementE3 : -1784.021393644706
improvementE2 : -1783.483590477878
improvementE2 : -1754.277918246844
improvementE2 : -1754.274116287612
improvementE1 : -1754.0379646158935
improvementE2 : -1754.0371011477346
improvementE1 : -1754.0257346586252
improvementE2 : -1752.011692216292
improvementE3 : -1750.7685950375278
improvementE3 : -1750.7598018826468
improvementE2 : -1750.75977231049
improvementE1 : -1750.7595857859437
improvementE2 : -1750.756359604224
improvementE1 : -1750.7550005340972
improvementE3 : -1750.754220338405
improvementE3 : -1750.7479070235422
improvementE1 : -1750.7478998581448
improvementE2 : -1749.5894271257212
improvementE2 : -1749.589388975924
improvementE3 : -1749.5893768344156
improvementE2 : -1749.5677537230524
improvementE3 : -1742.7828476822117
improvementE2 : -1742.7822120544963
improvementE1 : -1742.7821711958638
improvementE1 : -1742.7821541350522
improvementE3 : -1739.4663246066007
improvementE1 : -1739.466228429091
improvementE1 : -1739.46620605277
improvementE2 : -1729.1515584495537
improvementE3 : -1729.1513894946959
improvementE1 : -1726.256296867607
improvementE2 : -1726.244432744238
improvementE3 : -1726.2398523622069
improvementE1 : -1726.238212358219
improvementE1 : -1726.2369940815418
improvementE2 : -1726.23592857109
improvementE3 : -1724.6023051740563
improvementE3 : -1724.5626825856411
improvementE3 : -1724.5560319411097
improvementE1 : -1724.555595587717
improvementE3 : -1724.5552012555909
improvementE3 : -1724.5551981445092
improvementE2 : -1724.5551443720974
improvementE3 : -1724.5542822668021
improvementE1 : -1724.551612599952
improvementE1 : -1716.3811202588822
improvementE3 : -1716.3626334127255
improvementE1 : -1712.224369977574
improvementE1 : -1712.2241017751098
improvementE2 : -1712.223634184925
improvementE3 : -1711.9033611423672
improvementE2 : -1711.9029459246303
improvementE3 : -1711.1438007420643
improvementE3 : -1710.7917183343457
improvementE3 : -1710.78757672602
improvementE2 : -1710.7582286864372
improvementE3 : -1708.9213394044432
improvementE1 : -1705.2610726766657
improvementE2 : -1705.2610428454655
improvementE1 : -1705.2605515048085
improvementE1 : -1705.0988758329083
improvementE3 : -1705.0982229150163
improvementE2 : -1705.098216804494
improvementE3 : -1704.9836838683339
improvementE3 : -1704.7624860012575
improvementE1 : -1703.8297127658934
improvementE2 : -1703.8296265410372
improvementE3 : -1703.828882129207
improvementE3 : -1702.526782355703
improvementE1 : -1698.331739569593
improvementE2 : -1698.3316767469466
improvementE3 : -1698.331672753758
improvementE3 : -1693.6892064372669
improvementE3 : -1693.6892052356006
improvementE3 : -1693.6516999538683
improvementE3 : -1693.651664471543
improvementE3 : -1693.6514737447237
improvementE3 : -1693.632085310445
improvementE2 : -1693.6318099507405
improvementE3 : -1693.6305218381008
improvementE1 : -1693.6305206823463
improvementE1 : -1693.630065876662
improvementE3 : -1693.6300334161965
improvementE3 : -1693.3852113462199
improvementE3 : -1692.8582713262342
improvementE2 : -1692.8582387186823
improvementE3 : -1688.1499291966102
improvementE1 : -1685.5469781106435
improvementE3 : -1685.3573089462766
improvementE1 : -1685.0170961651463
improvementE3 : -1685.0136290603723
improvementE1 : -1685.0135365834108
improvementE3 : -1684.8853001487034
improvementE2 : -1684.8852984174277
improvementE2 : -1684.8852723326197
improvementE2 : -1684.8844514161005
improvementE3 : -1684.8843506274948
improvementE3 : -1684.8841911954844
improvementE1 : -1684.884153118412
improvementE2 : -1684.8584057354196
improvementE1 : -1684.1539920737728
improvementE3 : -1684.1539256348503
improvementE1 : -1684.153921612078
improvementE1 : -1684.151667979903
improvementE1 : -1683.5094405599061
improvementE1 : -1683.509423717116
improvementE2 : -1683.509422198344
improvementE3 : -1682.253411244587
improvementE1 : -1682.2533786447484
improvementE1 : -1682.2533363708203
improvementE2 : -1682.2533224441888
improvementE2 : -1682.24194282003
improvementE1 : -1682.2229070076094
improvementE2 : -1682.1953709146312
improvementE2 : -1682.1953550686644
improvementE1 : -1682.1864386450598
improvementE2 : -1682.1613482084954
improvementE3 : -1682.1612881693447
improvementE3 : -1678.638825560853
improvementE3 : -1678.6386345098683
improvementE3 : -1678.6386119121107
improvementE1 : -1678.6385781710555
improvementE1 : -1678.638519443269
improvementE2 : -1678.638515268732
improvementE3 : -1678.6381146525569
improvementE3 : -1678.6375855689807
improvementE1 : -1678.6116879059616
improvementE2 : -1678.611397700609
improvementE1 : -1678.6059776521554
improvementE1 : -1678.5805070562735
improvementE3 : -1678.5804818986885
improvementE2 : -1677.97782179413
improvementE3 : -1677.938207297379
improvementE1 : -1677.9381585229041
improvementE2 : -1677.9381288543518
improvementE3 : -1677.9380789309218
improvementE3 : -1677.9304461882427
improvementE1 : -1677.926398088065
improvementE2 : -1677.9263729986935
improvementE3 : -1677.9263055614933
improvementE1 : -1677.9262275474857
improvementE3 : -1677.926220930363
improvementE3 : -1677.9261999726216
improvementE1 : -1677.926198537433
improvementE1 : -1677.5403390437136
improvementE2 : -1677.5403174537175
improvementE3 : -1676.3842918995128
improvementE3 : -1676.3842765890442
improvementE3 : -1676.351842509243
improvementE3 : -1676.1946816219954
improvementE2 : -1676.1946801191539
improvementE2 : -1672.3832638636904
improvementE3 : -1672.1941003158624
improvementE2 : -1672.1940925124088
improvementE3 : -1672.1940815182775
improvementE1 : -1672.190035871159
improvementE1 : -1672.1900337972006
improvementE2 : -1672.1899813169439
improvementE3 : -1672.1899794314654
improvementE3 : -1672.1744753814687
improvementE2 : -1672.1744742702256
improvementE3 : -1671.0355239717787
improvementE2 : -1671.0355097389124
improvementE3 : -1671.0345976928274
improvementE3 : -1671.034593764134
improvementE1 : -1671.0345800103
improvementE2 : -1671.0345783308148
improvementE1 : -1671.0345770877643
improvementE3 : -1671.0345590103357
improvementE2 : -1671.0306702867892
improvementE2 : -1671.0306493770634
improvementE1 : -1671.0306427462344
improvementE1 : -1670.5992452617197
improvementE1 : -1670.5992424101837
improvementE3 : -1670.5889919496872
improvementE3 : -1670.5844531213513
improvementE3 : -1670.584435922982
improvementE3 : -1670.5843719102684
improvementE1 : -1670.5335713369047
improvementE2 : -1670.5328066050324
improvementE2 : -1670.5327982608098
improvementE1 : -1670.5324007626657
improvementE3 : -1666.5740057113785
improvementE1 : -1666.5392247886698
improvementE3 : -1666.5392235196841
improvementE1 : -1666.5391428856567
improvementE3 : -1666.5391329300464
improvementE1 : -1666.5391002547738
improvementE3 : -1666.5380271784254
improvementE1 : -1666.5377894760065
improvementE2 : -1666.537356891852
improvementE3 : -1665.8393771480905
improvementE2 : -1665.8393749156821
improvementE1 : -1665.8307847640976
improvementE1 : -1665.8306152461987
improvementE1 : -1665.830608026185
improvementE1 : -1665.8269400179718
improvementE3 : -1665.8230495159767
improvementE1 : -1661.7746094533995
improvementE1 : -1661.7744365784195
improvementE2 : -1661.7742522297135
improvementE1 : -1661.774251106673
improvementE1 : -1661.7737510394406
improvementE1 : -1661.7737480476433
improvementE2 : -1661.7540559877757
improvementE3 : -1661.7539548754567
improvementE1 : -1661.7532320732696
improvementE3 : -1661.753200218368
improvementE1 : -1658.7936928880083
improvementE2 : -1658.7936855253965
improvementE1 : -1658.793684345157
improvementE1 : -1658.793682453654
improvementE2 : -1658.793680351514
improvementE2 : -1658.6818354415511
improvementE1 : -1658.6818343820773
improvementE3 : -1658.6818063849917
improvementE3 : -1658.6815949966208
improvementE3 : -1658.681593571092
improvementE2 : -1658.6814189265447
improvementE3 : -1656.4999192258033
improvementE1 : -1656.4998632787301
improvementE3 : -1652.5019805931415
improvementE2 : -1652.5019776745778
improvementE2 : -1652.4992566000096
improvementE2 : -1652.499253367559
improvementE2 : -1652.4992481220297
improvementE3 : -1652.4938025258223
improvementE2 : -1652.4812741289718
improvementE2 : -1652.4812706115736
improvementE3 : -1652.4811895976204
improvementE3 : -1651.8996787391604
improvementE3 : -1651.4712950852565
improvementE3 : -1650.169343187645
improvementE3 : -1650.1691870980194
improvementE3 : -1650.1691688298654
improvementE1 : -1650.1672478582875
improvementE3 : -1650.0880251463266
improvementE3 : -1650.0880230646417
improvementE1 : -1650.0880196520557
improvementE2 : -1650.08801615967
improvementE1 : -1648.5429155498482
improvementE3 : -1648.542914548919
improvementE3 : -1648.5428665384848
improvementE2 : -1647.1785432342008
improvementE3 : -1647.1761191676783
improvementE3 : -1646.8816258146805
improvementE2 : -1646.8730036286372
improvementE1 : -1646.8728997645612
improvementE2 : -1646.8727426871235
improvementE1 : -1646.8726830117394
improvementE1 : -1646.872667288131
improvementE1 : -1646.7775768234812
improvementE2 : -1646.7772384640145
improvementE2 : -1644.2642852784074
improvementE3 : -1644.2504862983199
improvementE3 : -1644.2502729136716
improvementE2 : -1644.250250119639
improvementE3 : -1642.8796993390051
improvementE3 : -1642.86793011491
improvementE1 : -1642.2247359013527
improvementE2 : -1642.0846927126167
improvementE1 : -1641.0749205015431
improvementE2 : -1640.982531279301
improvementE1 : -1640.9825274077923
improvementE3 : -1640.9824974613098
improvementE3 : -1640.9716272992257
improvementE1 : -1640.963380968793
improvementE3 : -1640.9448238710977
improvementE3 : -1640.916757484796
improvementE1 : -1640.8836663125487
improvementE3 : -1640.8830673232164
improvementE2 : -1640.8378493526252
improvementE2 : -1640.7913779447215
improvementE1 : -1640.7912466325545
improvementE3 : -1640.787229626495
improvementE3 : -1638.666891039938
improvementE1 : -1638.6637043282592
improvementE3 : -1638.6632006653272
improvementE2 : -1634.0207419905564
improvementE1 : -1634.0207391915985
improvementE3 : -1634.0196396507035
improvementE3 : -1633.2411635304359
improvementE1 : -1633.241161113001
improvementE3 : -1633.2405456911326
improvementE3 : -1633.2404723283928
improvementE1 : -1633.2404278596305
improvementE1 : -1633.2402600970875
improvementE3 : -1633.2398116352795
improvementE3 : -1633.2396588080308
improvementE1 : -1633.2396550773399
improvementE2 : -1633.2395951994595
improvementE3 : -1633.2340699236734
improvementE2 : -1626.5622168539135
improvementE3 : -1626.5621487102394
improvementE3 : -1626.5593190268874
improvementE3 : -1626.556609090161
improvementE3 : -1625.6459304152027
improvementE3 : -1625.645842087868
improvementE3 : -1622.438539155362
improvementE1 : -1622.438534585408
improvementE2 : -1622.4383050762644
improvementE1 : -1622.4178841149458
improvementE2 : -1622.4176904729998
improvementE3 : -1622.4176890787494
improvementE2 : -1622.4175352626671
improvementE2 : -1622.3866452852658
improvementE1 : -1621.319332508443
improvementE3 : -1621.2597722892078
improvementE3 : -1620.6274041681063
improvementE1 : -1620.6273044806192
improvementE2 : -1620.1493169609998
improvementE3 : -1620.149218018937
improvementE2 : -1620.1432100375464
improvementE2 : -1620.1432031073398
improvementE2 : -1620.1413918219007
improvementE2 : -1620.0477427702858
improvementE3 : -1620.0477412635244
improvementE2 : -1620.0078001695756
improvementE3 : -1620.0053346311993
improvementE1 : -1620.0053314825664
improvementE2 : -1620.0053194982938
improvementE1 : -1620.0053133251035
improvementE3 : -1618.3805390598868
improvementE1 : -1618.3804259487738
improvementE3 : -1618.3804241410148
improvementE1 : -1614.346201051439
improvementE1 : -1614.3461878693372
improvementE1 : -1614.3461834267532
improvementE3 : -1614.3461799259062
improvementE1 : -1614.3061015838712
improvementE2 : -1614.3057564095743
improvementE2 : -1614.3056977781755
improvementE1 : -1614.2766258031997
improvementE1 : -1614.276561995982
improvementE2 : -1614.2765402132939
improvementE3 : -1613.7305521917067
improvementE1 : -1613.7237350494102
improvementE3 : -1613.723733500689
improvementE1 : -1608.305609715954
improvementE1 : -1608.30540597085
improvementE1 : -1608.305401938922
improvementE2 : -1608.3053908061404
improvementE3 : -1608.302488921826
improvementE1 : -1604.2332216657926
improvementE1 : -1604.2177443434105
improvementE2 : -1604.2176907886194
improvementE3 : -1601.325000864424
improvementE1 : -1600.736045384629
improvementE1 : -1600.7360365063487
improvementE2 : -1600.735948613325
improvementE3 : -1600.7334307768583
improvementE3 : -1600.733426275934
improvementE3 : -1600.7291319581122
improvementE3 : -1600.7291290040316
improvementE3 : -1600.729125582454
improvementE3 : -1600.7291168228383
improvementE3 : -1600.7289584205128
improvementE2 : -1600.7279882863745
improvementE1 : -1600.7279851381581
improvementE1 : -1600.6735922415883
improvementE1 : -1600.6734558531816
improvementE3 : -1596.8332747017885
improvementE1 : -1596.8332669511196
improvementE1 : -1596.780378030594
improvementE1 : -1596.4829150078704
improvementE1 : -1596.482209628925
improvementE1 : -1596.480444141539
improvementE3 : -1596.4804376492175
improvementE2 : -1594.4804435942851
improvementE2 : -1594.4804020851857
improvementE1 : -1594.4804010759572
improvementE3 : -1594.480397754055
improvementE2 : -1594.4594309650622
improvementE2 : -1594.4594298981697
improvementE3 : -1594.4593555026258
improvementE1 : -1594.458576085497
improvementE1 : -1594.458574659688
improvementE3 : -1594.4564869957921
improvementE1 : -1594.4564625974763
improvementE3 : -1594.4564434786316
improvementE1 : -1594.4201083696175
improvementE3 : -1593.2366203879274
improvementE1 : -1593.2353436161252
improvementE3 : -1587.9053175669228
improvementE3 : -1587.9043669017178
improvementE1 : -1587.9043260665185
improvementE2 : -1587.9043165700327
improvementE3 : -1587.901582138658
improvementE3 : -1587.901576200758
improvementE1 : -1587.9015683962948
improvementE3 : -1580.680956901313
improvementE1 : -1580.6805627922304
improvementE3 : -1580.6805100706097
improvementE1 : -1580.677584671646
improvementE2 : -1580.6775828726736
improvementE3 : -1580.6756339401782
improvementE3 : -1580.6755253773279
improvementE3 : -1580.6736740621016
improvementE3 : -1576.9165205395732
improvementE1 : -1576.9157914632724
improvementE3 : -1576.914846429589
improvementE3 : -1576.2892326071292
improvementE1 : -1576.2890830394495
improvementE2 : -1576.2624472639975
improvementE2 : -1576.2623493920617
improvementE2 : -1576.2623370395022
improvementE1 : -1576.0867075788371
improvementE3 : -1576.0866233582838
improvementE2 : -1576.0866103959797
improvementE1 : -1574.6469720762584
improvementE2 : -1574.646929161877
improvementE2 : -1574.6469144675734
improvementE3 : -1572.7103963059742
improvementE3 : -1572.7099483232932
improvementE2 : -1572.7005773591968
improvementE2 : -1572.700559331819
improvementE2 : -1572.7004459252903
improvementE2 : -1572.7003762162076
improvementE3 : -1572.6975817598086
improvementE1 : -1572.697509281627
improvementE2 : -1568.8917149217077
improvementE2 : -1568.891713903101
improvementE1 : -1568.8908057912977
improvementE2 : -1568.8907885883098
improvementE1 : -1568.89078489834
improvementE1 : -1568.8907794742636
improvementE2 : -1568.8906991064682
improvementE1 : -1568.8900621506698
improvementE3 : -1568.8899281641848
improvementE1 : -1568.889922508668
improvementE3 : -1565.0459718459765
improvementE3 : -1565.0459706589236
improvementE3 : -1565.0459679907253
improvementE2 : -1561.4315877408703
improvementE1 : -1561.4313873040574
improvementE1 : -1561.431384130918
improvementE1 : -1561.4313811957907
improvementE1 : -1561.431373214304
improvementE3 : -1561.4313566165624
improvementE3 : -1556.659308437374
improvementE2 : -1556.6581843534013
improvementE2 : -1556.6578569160033
improvementE3 : -1556.6578474298321
improvementE1 : -1556.6513682356874
improvementE1 : -1552.2945700477935
improvementE3 : -1552.2943010381828
improvementE2 : -1552.2942877599003
improvementE3 : -1552.293802725036
improvementE2 : -1552.2936056862477
improvementE3 : -1552.293534477919
improvementE2 : -1552.2935245802923
improvementE3 : -1552.2935089624227
improvementE2 : -1552.2935038223377
improvementE3 : -1552.2934972837647
improvementE1 : -1552.2934938900137
improvementE2 : -1552.2934922758673
improvementE2 : -1552.2934895043636
improvementE3 : -1552.293257280244
improvementE1 : -1552.2932561578552
improvementE3 : -1552.2931922791508
improvementE2 : -1552.2927652683784
improvementE3 : -1552.29240940612
improvementE2 : -1552.2923791524918
improvementE2 : -1552.1888916898386
improvementE3 : -1552.1888372507415
improvementE2 : -1552.1888031782673
improvementE3 : -1552.1876401313789
improvementE1 : -1552.1876194255447
improvementE3 : -1552.1866471681356
improvementE2 : -1552.186417631011
improvementE2 : -1552.1855032249787
improvementE2 : -1552.1854988731388
improvementE1 : -1552.1747457396782
improvementE2 : -1552.174532028735
improvementE3 : -1552.1739477202086
improvementE2 : -1552.1734473140425
improvementE3 : -1552.165798574766
improvementE1 : -1552.1657968909062
improvementE2 : -1552.1536235613835
improvementE2 : -1552.1536105627263
improvementE3 : -1552.1536091617377
improvementE3 : -1552.1535738237585
improvementE1 : -1552.1535713695048
improvementE1 : -1552.1535703417708
improvementE3 : -1552.1529272228336
improvementE3 : -1552.1528254972159
improvementE3 : -1552.152245699609
improvementE3 : -1552.14884940806
improvementE1 : -1552.1488454854461
improvementE3 : -1544.2591086085906
improvementE1 : -1544.2591050301971
improvementE2 : -1544.1859902097303
improvementE2 : -1544.1859887286478
improvementE2 : -1544.1859799731878
improvementE3 : -1544.1856423020731
improvementE1 : -1544.185639442876
improvementE3 : -1544.1832574296413
improvementE1 : -1544.1832561996634
improvementE3 : -1544.1832481510705
improvementE1 : -1544.183240616725
improvementE1 : -1544.1832392141664
improvementE1 : -1544.1832376934328
improvementE1 : -1544.1832286053814
improvementE1 : -1544.1832274884569
improvementE1 : -1544.1832252697095
improvementE2 : -1544.183174523505
improvementE1 : -1544.1831524174158
improvementE1 : -1544.1831506876201
improvementE2 : -1544.150286421152
improvementE2 : -1544.1502730663726
improvementE1 : -1543.7673881643468
improvementE2 : -1543.767300812857
improvementE1 : -1543.7672987648325
improvementE3 : -1543.7665902697913
improvementE2 : -1543.7665782845938
improvementE1 : -1543.7665115095897
improvementE1 : -1543.7664945290312
improvementE1 : -1543.7664919444978
improvementE1 : -1543.7663261996117
improvementE2 : -1543.7663250422256
improvementE3 : -1543.766323926715
improvementE1 : -1543.7662069205226
improvementE2 : -1543.7443343023124
improvementE2 : -1543.7443037837324
improvementE1 : -1543.7442973794718
improvementE3 : -1543.7442274047096
improvementE1 : -1543.7442195482342
improvementE3 : -1543.7441610817427
improvementE3 : -1543.7441040166111
improvementE3 : -1543.7440760876102
improvementE1 : -1543.7440730700287
improvementE1 : -1543.7440642900835
improvementE2 : -1543.7437948184838
improvementE3 : -1543.7437051728405
improvementE2 : -1543.743698989953
improvementE2 : -1543.7436931310326
improvementE2 : -1543.743685046882
improvementE3 : -1543.7436814554965
improvementE3 : -1543.7435205345118
improvementE3 : -1543.7434092956032
improvementE2 : -1543.743341800502
improvementE2 : -1543.7053875690067
improvementE2 : -1543.7053837892606
improvementE3 : -1543.699810171961
improvementE1 : -1543.6996663569446
improvementE2 : -1543.6996622312636
improvementE3 : -1543.6996431409852
improvementE2 : -1543.6996372414083
improvementE3 : -1543.6996253915968
improvementE1 : -1543.6995252820475
improvementE1 : -1543.6995237802312
improvementE1 : -1543.6993852181145
improvementE2 : -1543.698910877837
improvementE2 : -1543.6989097584478
improvementE1 : -1543.6989085760306
improvementE1 : -1543.6989072906704
improvementE3 : -1543.6989057594074
improvementE3 : -1539.7628076996784
improvementE2 : -1539.762754149525
improvementE3 : -1539.7626839576562
improvementE2 : -1539.7626726719297
improvementE1 : -1539.7626670137947
improvementE3 : -1539.7626657703036
improvementE3 : -1539.7626620058477
improvementE2 : -1539.7626343472534
improvementE2 : -1539.7626332888458
improvementE3 : -1539.7602148051583
improvementE3 : -1539.7601984392113
improvementE3 : -1539.7601667720796
improvementE1 : -1539.7601644941817
improvementE1 : -1539.7600181215066
improvementE3 : -1539.760016910633
improvementE3 : -1539.7600158039368
improvementE2 : -1539.7598538863517
improvementE2 : -1539.756696807029
improvementE2 : -1539.7566823386633
improvementE2 : -1535.9322486669162
improvementE3 : -1535.932247087112
improvementE3 : -1535.9322420225071
improvementE1 : -1535.9318595032032
improvementE3 : -1535.9315303059743
improvementE2 : -1535.93139076326
improvementE2 : -1535.9313777236894
improvementE2 : -1535.9313759494753
improvementE1 : -1535.9313747831768
improvementE1 : -1535.9266855979386
improvementE3 : -1535.9266844702356
improvementE2 : -1535.9265148112781
improvementE3 : -1535.9260389707156
improvementE2 : -1535.926033709261
improvementE3 : -1535.9249834374566
improvementE3 : -1535.9249397539625
improvementE1 : -1535.9249363485496
improvementE2 : -1535.8710390964402
improvementE2 : -1535.8710367347433
improvementE2 : -1535.8707568426667
improvementE3 : -1535.870754308601
improvementE3 : -1535.8707523805426
improvementE1 : -1535.8707359950672
improvementE2 : -1535.870457943311
improvementE3 : -1535.870445629596
improvementE2 : -1535.8704411890258
improvementE3 : -1535.8699109722095
improvementE2 : -1535.8697117579486
improvementE3 : -1533.934717194925
improvementE1 : -1533.9338309130144
improvementE2 : -1533.9338281411278
improvementE3 : -1533.9338215396879
improvementE3 : -1533.9337265981762
improvementE3 : -1533.9321508531675
improvementE3 : -1533.9319692337763
improvementE2 : -1533.930668706083
improvementE1 : -1533.9304469412177
improvementE1 : -1533.9264948530572
improvementE1 : -1533.9261808660833
improvementE1 : -1533.876124426142
improvementE3 : -1533.876123318381
improvementE2 : -1533.876107339807
improvementE1 : -1533.871858233365
improvementE3 : -1533.865723935075
improvementE2 : -1533.8656960661442
improvementE1 : -1533.8644956636886
improvementE3 : -1533.8644739456718
improvementE1 : -1533.0489956306556
improvementE2 : -1533.0489932016956
improvementE3 : -1533.048012607205
improvementE1 : -1533.0475743681359
improvementE1 : -1533.0472717624343
improvementE2 : -1533.0472704076133
improvementE2 : -1533.0472593333561
improvementE1 : -1533.0472580901337
improvementE1 : -1533.0472479942068
improvementE1 : -1533.047233716772
improvementE3 : -1533.0471750280026
improvementE3 : -1533.0469961836134
improvementE3 : -1533.0469929591018
improvementE2 : -1533.0303543180723
improvementE3 : -1533.0303166242475
improvementE3 : -1533.0303137271267
improvementE2 : -1533.030311178009
improvementE2 : -1533.0303053356506
improvementE1 : -1533.0302928568403
improvementE3 : -1533.0295334835153
improvementE3 : -1533.0295296978093
improvementE2 : -1533.0295274625141
improvementE3 : -1533.0169538837167
improvementE2 : -1531.047545901831
improvementE1 : -1531.0475306340525
improvementE1 : -1530.719958539283
improvementE1 : -1530.7175698492192
improvementE3 : -1530.717304971924
improvementE3 : -1530.7172963860053
improvementE2 : -1530.7172863310702
improvementE2 : -1530.717282161586
improvementE3 : -1530.7171962643395
improvementE3 : -1530.6373316565525
improvementE1 : -1530.6373148506557
improvementE2 : -1530.6372634197505
improvementE1 : -1530.6372599750416
improvementE1 : -1530.637224237574
improvementE1 : -1530.6371811488088
improvementE3 : -1530.6371616555657
logL = -10123.697271479568
Removing 0 markers
Second round
improvementE3 : -1530.6371588118395
improvementE3 : -1530.6368690068327
improvementE3 : -1530.6368519305133
improvementE3 : -1530.636841708678
improvementE2 : -1530.6368383911113
improvementE3 : -1530.636826956647
improvementE3 : -1530.6366661361726
improvementE2 : -1530.4560653336384
improvementE1 : -1530.4558793070269
improvementE3 : -1530.455757816826
improvementE2 : -1530.450283128637
improvementE3 : -1530.450242916345
improvementE1 : -1529.282156066307
improvementE3 : -1529.2821322843124
improvementE3 : -1529.2821308702223
improvementE2 : -1529.2821220591763
improvementE3 : -1529.057998583676
improvementE1 : -1529.0579974432967
improvementE1 : -1529.056998088925
improvementE1 : -1529.0569935974881
improvementE1 : -1529.0569922028853
improvementE3 : -1529.0569752801384
improvementE1 : -1529.0554363298256
improvementE1 : -1529.0554205989524
improvementE3 : -1529.0553286880968
improvementE1 : -1529.055327439445
improvementE2 : -1529.0553244046137
improvementE3 : -1529.0553223740717
improvementE2 : -1529.0553194018457
improvementE1 : -1529.0553178681535
improvementE2 : -1529.0552736127493
improvementE3 : -1529.0552618316153
improvementE3 : -1529.0547499721467
improvementE2 : -1517.0566801626842
improvementE3 : -1517.0452495543614
improvementE2 : -1517.0452483349982
improvementE1 : -1515.2702747524397
improvementE3 : -1515.2702727671772
improvementE2 : -1508.6556943796963
improvementE1 : -1508.6556880622634
improvementE3 : -1508.6556769658982
improvementE2 : -1508.6555844399122
improvementE1 : -1508.6554992304298
improvementE2 : -1508.655465564274
improvementE3 : -1508.6554345732259
improvementE2 : -1508.6553882577318
improvementE2 : -1508.654591801217
improvementE1 : -1508.6545842992912
improvementE3 : -1507.4737950349222
improvementE3 : -1507.4737881360527
improvementE2 : -1507.4737831002867
improvementE3 : -1507.4736662242535
improvementE1 : -1507.4736638708955
improvementE3 : -1507.4721440564135
improvementE2 : -1507.4718466481809
improvementE2 : -1507.4717784767852
improvementE2 : -1507.471774089352
improvementE1 : -1507.4668188733513
improvementE2 : -1507.3365788359129
improvementE1 : -1507.326378348978
improvementE2 : -1507.3263362872972
improvementE1 : -1507.3263281668092
improvementE3 : -1507.3262958870512
improvementE2 : -1507.3262888307836
improvementE3 : -1507.3240787620798
improvementE1 : -1507.32407716317
improvementE2 : -1507.3145892312732
improvementE1 : -1507.3145851284567
improvementE1 : -1507.3145755308472
improvementE2 : -1507.3145138436057
improvementE1 : -1507.3145020492477
improvementE2 : -1507.3144574629207
improvementE3 : -1507.314453498255
improvementE1 : -1507.3144497279545
improvementE3 : -1507.3144457637347
improvementE2 : -1507.3144340852348
improvementE1 : -1507.3143546982824
improvementE2 : -1507.3143521326406
improvementE3 : -1502.5639125978716
improvementE3 : -1502.1286312546779
improvementE3 : -1502.1286299311755
improvementE2 : -1502.1286081538847
improvementE3 : -1502.0240034935528
improvementE1 : -1502.0026387128678
improvementE2 : -1501.9970183725077
improvementE2 : -1501.995523045683
improvementE1 : -1501.9697035587799
improvementE2 : -1501.8010191240141
improvementE2 : -1501.8010039055862
improvementE1 : -1501.801002635672
improvementE3 : -1500.8147371316716
improvementE2 : -1500.8075421579142
improvementE3 : -1497.1385047644312
improvementE2 : -1497.1383014893654
improvementE3 : -1496.151196874765
improvementE3 : -1496.1511795683248
improvementE2 : -1496.1511761142117
improvementE1 : -1496.151171954019
improvementE2 : -1496.1510776577506
improvementE3 : -1496.0415831787325
improvementE1 : -1495.9702830958358
improvementE2 : -1495.9702813354797
improvementE1 : -1495.9649928391486
improvementE1 : -1495.9649772537218
improvementE2 : -1495.4423107261814
improvementE3 : -1495.433909256229
improvementE3 : -1495.4338931921752
improvementE1 : -1495.4315110089008
improvementE1 : -1495.4314938988118
improvementE2 : -1495.4314858665841
improvementE2 : -1495.431482992124
improvementE2 : -1495.4128460308998
improvementE3 : -1495.4124624914652
improvementE3 : -1495.4106851674478
improvementE3 : -1495.410461866551
improvementE3 : -1492.8074718528992
improvementE3 : -1492.8072633428576
improvementE1 : -1492.791410070438
improvementE3 : -1492.791382771776
improvementE2 : -1492.778415738921
improvementE3 : -1492.7783927633002
improvementE2 : -1492.7783321076008
improvementE3 : -1492.7783268338421
improvementE1 : -1492.7782433995849
improvementE2 : -1492.7781515049505
improvementE3 : -1492.7781375329055
improvementE3 : -1492.7778264338326
improvementE3 : -1492.7777702614144
improvementE3 : -1492.7777653158262
improvementE3 : -1492.702296827128
improvementE3 : -1492.701338022945
improvementE1 : -1492.7012672245635
improvementE1 : -1492.7011852688042
improvementE1 : -1492.7011587461652
improvementE1 : -1492.7011571870426
improvementE3 : -1492.7011315185064
improvementE3 : -1492.7011277708866
improvementE3 : -1492.701105739496
improvementE2 : -1492.6674685161015
improvementE3 : -1492.6673708242877
improvementE2 : -1492.6673481001142
improvementE1 : -1492.6673329112677
improvementE1 : -1492.667322458629
improvementE3 : -1492.6672932437846
improvementE2 : -1492.6672502557267
improvementE3 : -1492.6672411214677
improvementE3 : -1492.6662219297052
improvementE3 : -1492.6662159863095
improvementE3 : -1491.3099797846662
improvementE1 : -1491.3099335302563
improvementE3 : -1491.3098475538932
improvementE1 : -1491.3098462709436
improvementE1 : -1491.3096864831716
improvementE3 : -1491.3096688671185
improvementE2 : -1491.309661820577
improvementE3 : -1491.3096526857316
improvementE3 : -1489.9771332054665
improvementE3 : -1489.977085726326
improvementE3 : -1489.9769898825693
improvementE3 : -1489.9384050509288
improvementE3 : -1489.9384012677656
improvementE3 : -1489.9383993135066
improvementE3 : -1489.9383692713027
improvementE1 : -1489.9383565623211
improvementE3 : -1489.9232538356487
improvementE2 : -1489.922867823224
improvementE3 : -1489.9224272469369
improvementE3 : -1489.9224256452908
improvementE3 : -1489.9224159847925
improvementE3 : -1489.9223148105602
improvementE2 : -1489.9220873434083
improvementE3 : -1489.9220862600182
improvementE1 : -1489.921422070006
improvementE3 : -1489.9133021647103
improvementE3 : -1489.9131274253414
improvementE3 : -1489.913125156615
improvementE1 : -1489.9131240260256
improvementE3 : -1489.9131024493558
improvementE3 : -1489.9130914929133
improvementE3 : -1489.9129045337104
improvementE2 : -1489.7980896716513
improvementE1 : -1489.7979685115456
improvementE2 : -1489.7935899305764
improvementE1 : -1489.793587146181
improvementE2 : -1489.7931840338183
improvementE2 : -1489.7931604488954
improvementE2 : -1489.789025345392
improvementE3 : -1489.7889290302826
improvementE3 : -1489.7826501685786
improvementE3 : -1489.7793872606148
improvementE3 : -1489.7793830027708
improvementE1 : -1489.7790912651126
improvementE3 : -1489.7790902567583
improvementE3 : -1489.778947518194
improvementE3 : -1489.7573333237183
improvementE3 : -1489.7573300475726
improvementE2 : -1489.7573276343064
improvementE2 : -1489.757298012476
improvementE2 : -1489.7572873606628
improvementE2 : -1489.757283726772
improvementE3 : -1489.7297726183813
improvementE2 : -1489.7289020979129
improvementE1 : -1489.728886470813
improvementE1 : -1489.7288666570341
improvementE1 : -1489.72886095569
improvementE3 : -1489.7285904950882
improvementE3 : -1489.7285880884556
improvementE1 : -1489.7227663672563
improvementE1 : -1489.7226502947017
improvementE3 : -1489.722438831037
improvementE3 : -1489.7224013583002
improvementE2 : -1489.7223499046904
improvementE3 : -1489.7219968661532
improvementE2 : -1489.7219659102666
improvementE3 : -1489.7219499656603
improvementE1 : -1489.7218924135277
improvementE1 : -1489.7217318188168
improvementE1 : -1489.7217283150349
improvementE2 : -1489.7217239040522
improvementE3 : -1489.691689359286
improvementE2 : -1489.6916874713047
improvementE2 : -1489.6916189278463
improvementE2 : -1489.6894494943413
