0->0 : 0
0->1 : 0
0->2 : 0
       Error rate = 0.0
1->0 : 0
1->1 : 0
1->2 : 0
       Error rate = 0.0
2->0 : 0
2->1 : 0
2->2 : 0
       Error rate = 0.0
0,2->0,2 : 1336466
  0,2->1 : 0
1,2->1,2 : 0
  1,2->0 : 0
       Error rate = 0.0
Maternally informative markers = 0 (of 12151)
Paternally informative markers = 12151
Maternally or paternally informative markers = 12151
Removed 0 markers
LOD(175, 0) = 50.730831351371116
LOD(174, 0) = 50.43224777297899
LOD(174, 1) = 48.48280135712733
LOD(173, 2) = 46.53823211177203
LOD(175, 0) = 51.823989272088426
LOD(174, 0) = 51.52516615900455
LOD(174, 1) = 49.53108809594482
LOD(173, 2) = 47.486415116373095
***Family = fam_08 chromosome = 1 numMarkers = 345 maternal informative markers 0 (paternal informative markers 345)
***Family = fam_01 chromosome = 1 numMarkers = 345 maternal informative markers 0 (paternal informative markers 345)
***Family = fam_09 chromosome = 1 numMarkers = 345 maternal informative markers 0 (paternal informative markers 345)
***Family = fam_08 chromosome = 2 numMarkers = 328 maternal informative markers 0 (paternal informative markers 326)
***Family = fam_01 chromosome = 2 numMarkers = 328 maternal informative markers 0 (paternal informative markers 327)
***Family = fam_09 chromosome = 2 numMarkers = 328 maternal informative markers 0 (paternal informative markers 324)
***Family = fam_08 chromosome = 3 numMarkers = 301 maternal informative markers 0 (paternal informative markers 301)
***Family = fam_01 chromosome = 3 numMarkers = 301 maternal informative markers 0 (paternal informative markers 301)
***Family = fam_09 chromosome = 3 numMarkers = 301 maternal informative markers 0 (paternal informative markers 293)
***Family = fam_08 chromosome = 4 numMarkers = 291 maternal informative markers 0 (paternal informative markers 291)
***Family = fam_01 chromosome = 4 numMarkers = 291 maternal informative markers 0 (paternal informative markers 291)
***Family = fam_09 chromosome = 4 numMarkers = 291 maternal informative markers 0 (paternal informative markers 290)
***Family = fam_08 chromosome = 5 numMarkers = 293 maternal informative markers 0 (paternal informative markers 283)
***Family = fam_01 chromosome = 5 numMarkers = 293 maternal informative markers 0 (paternal informative markers 293)
***Family = fam_09 chromosome = 5 numMarkers = 293 maternal informative markers 0 (paternal informative markers 293)
***Family = fam_08 chromosome = 6 numMarkers = 279 maternal informative markers 0 (paternal informative markers 279)
***Family = fam_01 chromosome = 6 numMarkers = 279 maternal informative markers 0 (paternal informative markers 279)
***Family = fam_09 chromosome = 6 numMarkers = 279 maternal informative markers 0 (paternal informative markers 279)
***Family = fam_08 chromosome = 7 numMarkers = 273 maternal informative markers 0 (paternal informative markers 273)
***Family = fam_01 chromosome = 7 numMarkers = 273 maternal informative markers 0 (paternal informative markers 273)
***Family = fam_09 chromosome = 7 numMarkers = 273 maternal informative markers 0 (paternal informative markers 273)
***Family = fam_08 chromosome = 8 numMarkers = 255 maternal informative markers 0 (paternal informative markers 255)
***Family = fam_01 chromosome = 8 numMarkers = 255 maternal informative markers 0 (paternal informative markers 255)
***Family = fam_09 chromosome = 8 numMarkers = 255 maternal informative markers 0 (paternal informative markers 255)
***Family = fam_08 chromosome = 9 numMarkers = 267 maternal informative markers 0 (paternal informative markers 267)
***Family = fam_01 chromosome = 9 numMarkers = 267 maternal informative markers 0 (paternal informative markers 267)
***Family = fam_09 chromosome = 9 numMarkers = 267 maternal informative markers 0 (paternal informative markers 267)
***Family = fam_08 chromosome = 10 numMarkers = 246 maternal informative markers 0 (paternal informative markers 246)
***Family = fam_01 chromosome = 10 numMarkers = 246 maternal informative markers 0 (paternal informative markers 246)
***Family = fam_09 chromosome = 10 numMarkers = 246 maternal informative markers 0 (paternal informative markers 246)
***Family = fam_08 chromosome = 11 numMarkers = 250 maternal informative markers 0 (paternal informative markers 250)
***Family = fam_01 chromosome = 11 numMarkers = 250 maternal informative markers 0 (paternal informative markers 250)
***Family = fam_09 chromosome = 11 numMarkers = 250 maternal informative markers 0 (paternal informative markers 250)
***Family = fam_08 chromosome = 12 numMarkers = 240 maternal informative markers 0 (paternal informative markers 240)
***Family = fam_01 chromosome = 12 numMarkers = 240 maternal informative markers 0 (paternal informative markers 240)
***Family = fam_09 chromosome = 12 numMarkers = 240 maternal informative markers 0 (paternal informative markers 240)
***Family = fam_08 chromosome = 13 numMarkers = 211 maternal informative markers 0 (paternal informative markers 208)
***Family = fam_01 chromosome = 13 numMarkers = 211 maternal informative markers 0 (paternal informative markers 211)
***Family = fam_09 chromosome = 13 numMarkers = 211 maternal informative markers 0 (paternal informative markers 211)
***Family = fam_08 chromosome = 14 numMarkers = 208 maternal informative markers 0 (paternal informative markers 208)
***Family = fam_01 chromosome = 14 numMarkers = 208 maternal informative markers 0 (paternal informative markers 208)
***Family = fam_09 chromosome = 14 numMarkers = 208 maternal informative markers 0 (paternal informative markers 208)
***Family = fam_08 chromosome = 15 numMarkers = 183 maternal informative markers 0 (paternal informative markers 183)
***Family = fam_01 chromosome = 15 numMarkers = 183 maternal informative markers 0 (paternal informative markers 183)
***Family = fam_09 chromosome = 15 numMarkers = 183 maternal informative markers 0 (paternal informative markers 183)
***Family = fam_08 chromosome = 16 numMarkers = 177 maternal informative markers 0 (paternal informative markers 177)
***Family = fam_01 chromosome = 16 numMarkers = 177 maternal informative markers 0 (paternal informative markers 177)
***Family = fam_09 chromosome = 16 numMarkers = 177 maternal informative markers 0 (paternal informative markers 177)
***Family = fam_08 chromosome = 17 numMarkers = 184 maternal informative markers 0 (paternal informative markers 184)
***Family = fam_01 chromosome = 17 numMarkers = 184 maternal informative markers 0 (paternal informative markers 184)
***Family = fam_09 chromosome = 17 numMarkers = 184 maternal informative markers 0 (paternal informative markers 184)
***Family = fam_08 chromosome = 18 numMarkers = 174 maternal informative markers 0 (paternal informative markers 174)
***Family = fam_01 chromosome = 18 numMarkers = 174 maternal informative markers 0 (paternal informative markers 174)
***Family = fam_09 chromosome = 18 numMarkers = 174 maternal informative markers 0 (paternal informative markers 174)
***Family = fam_08 chromosome = 19 numMarkers = 186 maternal informative markers 0 (paternal informative markers 186)
***Family = fam_01 chromosome = 19 numMarkers = 186 maternal informative markers 0 (paternal informative markers 186)
***Family = fam_09 chromosome = 19 numMarkers = 186 maternal informative markers 0 (paternal informative markers 186)
***Family = fam_08 chromosome = 20 numMarkers = 176 maternal informative markers 0 (paternal informative markers 176)
***Family = fam_01 chromosome = 20 numMarkers = 176 maternal informative markers 0 (paternal informative markers 176)
***Family = fam_09 chromosome = 20 numMarkers = 176 maternal informative markers 0 (paternal informative markers 176)
***Family = fam_08 chromosome = 21 numMarkers = 171 maternal informative markers 0 (paternal informative markers 171)
***Family = fam_01 chromosome = 21 numMarkers = 171 maternal informative markers 0 (paternal informative markers 171)
***Family = fam_09 chromosome = 21 numMarkers = 171 maternal informative markers 0 (paternal informative markers 171)
***Family = fam_08 chromosome = 22 numMarkers = 179 maternal informative markers 0 (paternal informative markers 179)
***Family = fam_01 chromosome = 22 numMarkers = 179 maternal informative markers 0 (paternal informative markers 179)
***Family = fam_09 chromosome = 22 numMarkers = 179 maternal informative markers 0 (paternal informative markers 179)
***Family = fam_08 chromosome = 23 numMarkers = 171 maternal informative markers 0 (paternal informative markers 162)
***Family = fam_01 chromosome = 23 numMarkers = 171 maternal informative markers 0 (paternal informative markers 171)
***Family = fam_09 chromosome = 23 numMarkers = 171 maternal informative markers 0 (paternal informative markers 171)
***Family = fam_08 chromosome = 24 numMarkers = 162 maternal informative markers 0 (paternal informative markers 162)
***Family = fam_01 chromosome = 24 numMarkers = 162 maternal informative markers 0 (paternal informative markers 162)
***Family = fam_09 chromosome = 24 numMarkers = 162 maternal informative markers 0 (paternal informative markers 162)
***Family = fam_08 chromosome = 25 numMarkers = 169 maternal informative markers 0 (paternal informative markers 169)
***Family = fam_01 chromosome = 25 numMarkers = 169 maternal informative markers 0 (paternal informative markers 169)
***Family = fam_09 chromosome = 25 numMarkers = 169 maternal informative markers 0 (paternal informative markers 169)
***Family = fam_08 chromosome = 26 numMarkers = 165 maternal informative markers 0 (paternal informative markers 165)
***Family = fam_01 chromosome = 26 numMarkers = 165 maternal informative markers 0 (paternal informative markers 165)
***Family = fam_09 chromosome = 26 numMarkers = 165 maternal informative markers 0 (paternal informative markers 165)
***Family = fam_08 chromosome = 27 numMarkers = 157 maternal informative markers 0 (paternal informative markers 157)
***Family = fam_01 chromosome = 27 numMarkers = 157 maternal informative markers 0 (paternal informative markers 157)
***Family = fam_09 chromosome = 27 numMarkers = 157 maternal informative markers 0 (paternal informative markers 157)
***Family = fam_08 chromosome = 28 numMarkers = 159 maternal informative markers 0 (paternal informative markers 158)
***Family = fam_01 chromosome = 28 numMarkers = 159 maternal informative markers 0 (paternal informative markers 159)
***Family = fam_09 chromosome = 28 numMarkers = 159 maternal informative markers 0 (paternal informative markers 159)
***Family = fam_08 chromosome = 29 numMarkers = 147 maternal informative markers 0 (paternal informative markers 147)
***Family = fam_01 chromosome = 29 numMarkers = 147 maternal informative markers 0 (paternal informative markers 147)
***Family = fam_09 chromosome = 29 numMarkers = 147 maternal informative markers 0 (paternal informative markers 147)
***Family = fam_08 chromosome = 30 numMarkers = 146 maternal informative markers 0 (paternal informative markers 146)
***Family = fam_01 chromosome = 30 numMarkers = 146 maternal informative markers 0 (paternal informative markers 146)
***Family = fam_09 chromosome = 30 numMarkers = 146 maternal informative markers 0 (paternal informative markers 146)
***Family = fam_08 chromosome = 31 numMarkers = 145 maternal informative markers 0 (paternal informative markers 145)
***Family = fam_01 chromosome = 31 numMarkers = 145 maternal informative markers 0 (paternal informative markers 145)
***Family = fam_09 chromosome = 31 numMarkers = 145 maternal informative markers 0 (paternal informative markers 145)
***Family = fam_08 chromosome = 32 numMarkers = 152 maternal informative markers 0 (paternal informative markers 152)
***Family = fam_01 chromosome = 32 numMarkers = 152 maternal informative markers 0 (paternal informative markers 152)
***Family = fam_09 chromosome = 32 numMarkers = 152 maternal informative markers 0 (paternal informative markers 152)
***Family = fam_08 chromosome = 33 numMarkers = 138 maternal informative markers 0 (paternal informative markers 138)
***Family = fam_01 chromosome = 33 numMarkers = 138 maternal informative markers 0 (paternal informative markers 137)
***Family = fam_09 chromosome = 33 numMarkers = 138 maternal informative markers 0 (paternal informative markers 138)
***Family = fam_08 chromosome = 34 numMarkers = 141 maternal informative markers 0 (paternal informative markers 141)
***Family = fam_01 chromosome = 34 numMarkers = 141 maternal informative markers 0 (paternal informative markers 141)
***Family = fam_09 chromosome = 34 numMarkers = 141 maternal informative markers 0 (paternal informative markers 141)
***Family = fam_08 chromosome = 35 numMarkers = 125 maternal informative markers 0 (paternal informative markers 125)
***Family = fam_01 chromosome = 35 numMarkers = 125 maternal informative markers 0 (paternal informative markers 125)
***Family = fam_09 chromosome = 35 numMarkers = 125 maternal informative markers 0 (paternal informative markers 125)
***Family = fam_08 chromosome = 36 numMarkers = 130 maternal informative markers 0 (paternal informative markers 127)
***Family = fam_01 chromosome = 36 numMarkers = 130 maternal informative markers 0 (paternal informative markers 130)
***Family = fam_09 chromosome = 36 numMarkers = 130 maternal informative markers 0 (paternal informative markers 130)
***Family = fam_08 chromosome = 37 numMarkers = 109 maternal informative markers 0 (paternal informative markers 109)
***Family = fam_01 chromosome = 37 numMarkers = 109 maternal informative markers 0 (paternal informative markers 109)
***Family = fam_09 chromosome = 37 numMarkers = 109 maternal informative markers 0 (paternal informative markers 109)
Family fam_08
Family fam_01
Family fam_09
Number of different markers = 11751
7.812539448162381 vs. 0.0
7.237508653036841 vs. 0.0
7.524814919292353 vs. 0.0
7.237508653036841 vs. 0.0
7.132320645199556 vs. 0.0
7.812539448162381 vs. 0.0
7.812539448162381 vs. 0.0
7.237508653036841 vs. 0.0
7.812539448162381 vs. 0.0
7.524814919292353 vs. 0.0
7.237508653036841 vs. 4.10710350355705
7.524814919292353 vs. 0.0
7.237508653036841 vs. 0.0
7.237508653036841 vs. 0.0
7.524814919292353 vs. 0.0
7.237508653036841 vs. 0.0
7.524814919292353 vs. 0.0
7.524814919292353 vs. 0.0
7.524814919292353 vs. 0.0
8.100657636890398 vs. 0.0
7.524814919292353 vs. 0.0
7.524814919292353 vs. 0.0
7.524814919292353 vs. 0.0
177 : chr6 : 7.132320645199556 vs. chr35 : 6.580332247358362 (not joined)
7.237508653036841 vs. 0.0
7.524814919292353 vs. 0.0
8.100657636890398 vs. 0.0
7.524814919292353 vs. 0.0
7.524814919292353 vs. 0.0
7.237508653036841 vs. 0.0
7.237508653036841 vs. 0.0
7.237508653036841 vs. 0.0
7.237508653036841 vs. 0.0
7.237508653036841 vs. 0.0
7.237508653036841 vs. 0.0
7.524814919292353 vs. 0.0
7.524814919292353 vs. 0.0
7.237508653036841 vs. 0.0
7.524814919292353 vs. 0.0
7.524814919292353 vs. 0.0
7.524814919292353 vs. 0.0
7.237508653036841 vs. 0.0
7.237508653036841 vs. 0.0
7.812539448162381 vs. 0.0
7.237508653036841 vs. 0.0
7.524814919292353 vs. 0.0
7.524814919292353 vs. 0.0
8.100657636890398 vs. 0.0
7.524814919292353 vs. 0.0
7.237508653036841 vs. 0.0
7.237508653036841 vs. 0.0
7.524814919292353 vs. 0.0
7.237508653036841 vs. 4.140358271991159
7.812539448162381 vs. 0.0
7.237508653036841 vs. 0.0
486 : chr35 : 8.100657636890398 vs. chr6 : 6.580332247358362 (not joined)
7.812539448162381 vs. 0.0
7.524814919292353 vs. 0.0
7.524814919292353 vs. 0.0
513 : chr6 : 7.812539448162381 vs. chr35 : 7.237508653036841 (not joined)
7.812539448162381 vs. 0.0
7.524814919292353 vs. 0.0
7.524814919292353 vs. 0.0
7.237508653036841 vs. 0.0
7.524814919292353 vs. 0.0
7.524814919292353 vs. 0.0
7.237508653036841 vs. 0.0
7.237508653036841 vs. 0.0
7.524814919292353 vs. 0.0
7.237508653036841 vs. 0.0
7.812539448162381 vs. 0.0
7.524814919292353 vs. 0.0
7.237508653036841 vs. 0.0
7.237508653036841 vs. 0.0
7.237508653036841 vs. 0.0
8.100657636890398 vs. 0.0
7.237508653036841 vs. 0.0
7.237508653036841 vs. 0.0
7.812539448162381 vs. 0.0
7.812539448162381 vs. 0.0
7.237508653036841 vs. 0.0
7.524814919292353 vs. 0.0
7.524814919292353 vs. 0.0
7.524814919292353 vs. 0.0
740 : chr35 : 7.237508653036841 vs. chr6 : 6.950647613629127 (not joined)
7.237508653036841 vs. 0.0
744 : chr6 : 7.237508653036841 vs. chr35 : 7.237508653036841 (not joined)
7.524814919292353 vs. 0.0
758 : chr6 : 8.3891469783143 vs. chr35 : 6.305454970542936 (not joined)
7.812539448162381 vs. 0.0
7.524814919292353 vs. 0.0
7.812539448162381 vs. 0.0
7.812539448162381 vs. 0.0
7.237508653036841 vs. 0.0
7.812539448162381 vs. 0.0
7.524814919292353 vs. 0.0
7.812539448162381 vs. 0.0
7.237508653036841 vs. 0.0
7.237508653036841 vs. 0.0
7.237508653036841 vs. 0.0
7.524814919292353 vs. 0.0
7.524814919292353 vs. 0.0
7.524814919292353 vs. 0.0
7.524814919292353 vs. 0.0
7.812539448162381 vs. 0.0
7.524814919292353 vs. 0.0
7.524814919292353 vs. 0.0
7.524814919292353 vs. 0.0
7.524814919292353 vs. 0.0
7.524814919292353 vs. 0.0
7.812539448162381 vs. 0.0
7.237508653036841 vs. 0.0
7.237508653036841 vs. 0.0
7.237508653036841 vs. 0.0
8.100657636890398 vs. 0.0
7.237508653036841 vs. 0.0
7.237508653036841 vs. 0.0
7.812539448162381 vs. 0.0
7.524814919292353 vs. 0.0
7.237508653036841 vs. 0.0
7.524814919292353 vs. 0.0
8.100657636890398 vs. 0.0
7.237508653036841 vs. 0.0
7.237508653036841 vs. 0.0
7.524814919292353 vs. 0.0
8.3891469783143 vs. 0.0
7.812539448162381 vs. 0.0
7.237508653036841 vs. 0.0
7.524814919292353 vs. 0.0
7.237508653036841 vs. 0.0
7.812539448162381 vs. 4.079827535816964
7.524814919292353 vs. 0.0
7.524814919292353 vs. 0.0
7.524814919292353 vs. 0.0
7.812539448162381 vs. 0.0
7.812539448162381 vs. 0.0
7.812539448162381 vs. 0.0
7.237508653036841 vs. 0.0
7.524814919292353 vs. 0.0
7.237508653036841 vs. 0.0
7.812539448162381 vs. 0.0
7.237508653036841 vs. 0.0
7.237508653036841 vs. 0.0
7.812539448162381 vs. 0.0
7.812539448162381 vs. 0.0
7.237508653036841 vs. 0.0
7.237508653036841 vs. 0.0
7.524814919292353 vs. 0.0
7.524814919292353 vs. 0.0
7.524814919292353 vs. 0.0
7.524814919292353 vs. 0.0
7.812539448162381 vs. 0.0
1221 : chr6 : 7.237508653036841 vs. chr35 : 6.950647613629127 (not joined)
7.524814919292353 vs. 0.0
7.237508653036841 vs. 0.0
7.812539448162381 vs. 0.0
7.524814919292353 vs. 0.0
7.237508653036841 vs. 0.0
7.237508653036841 vs. 0.0
7.812539448162381 vs. 0.0
7.812539448162381 vs. 0.0
7.237508653036841 vs. 0.0
7.237508653036841 vs. 0.0
7.812539448162381 vs. 0.0
7.524814919292353 vs. 0.0
7.812539448162381 vs. 0.0
7.237508653036841 vs. 0.0
7.812539448162381 vs. 0.0
7.812539448162381 vs. 0.0
7.237508653036841 vs. 0.0
7.524814919292353 vs. 0.0
7.237508653036841 vs. 0.0
7.524814919292353 vs. 0.0
7.237508653036841 vs. 0.0
7.812539448162381 vs. 0.0
7.812539448162381 vs. 0.0
7.524814919292353 vs. 0.0
7.237508653036841 vs. 0.0
7.237508653036841 vs. 0.0
7.524814919292353 vs. 0.0
7.237508653036841 vs. 0.0
7.237508653036841 vs. 0.0
7.524814919292353 vs. 0.0
7.237508653036841 vs. 0.0
7.524814919292353 vs. 0.0
7.524814919292353 vs. 0.0
7.237508653036841 vs. 0.0
7.237508653036841 vs. 0.0
7.812539448162381 vs. 0.0
7.409350364429441 vs. 0.0
7.524814919292353 vs. 0.0
7.237508653036841 vs. 0.0
7.812539448162381 vs. 0.0
7.237508653036841 vs. 0.0
7.237508653036841 vs. 0.0
7.524814919292353 vs. 0.0
7.524814919292353 vs. 0.0
7.812539448162381 vs. 0.0
7.237508653036841 vs. 0.0
7.524814919292353 vs. 0.0
7.237508653036841 vs. 0.0
7.812539448162381 vs. 0.0
7.524814919292353 vs. 0.0
7.524814919292353 vs. 0.0
7.812539448162381 vs. 0.0
7.524814919292353 vs. 0.0
7.237508653036841 vs. 0.0
7.812539448162381 vs. 0.0
7.524814919292353 vs. 0.0
7.237508653036841 vs. 0.0
7.237508653036841 vs. 0.0
7.237508653036841 vs. 0.0
7.237508653036841 vs. 0.0
7.524814919292353 vs. 0.0
7.524814919292353 vs. 0.0
8.100657636890398 vs. 0.0
7.524814919292353 vs. 0.0
7.524814919292353 vs. 0.0
7.524814919292353 vs. 0.0
8.100657636890398 vs. 0.0
7.812539448162381 vs. 0.0
7.237508653036841 vs. 0.0
7.524814919292353 vs. 0.0
7.237508653036841 vs. 0.0
7.237508653036841 vs. 3.0734132287964897
7.812539448162381 vs. 0.0
7.524814919292353 vs. 0.0
7.524814919292353 vs. 0.0
7.812539448162381 vs. 0.0
7.524814919292353 vs. 0.0
7.237508653036841 vs. 0.0
8.100657636890398 vs. 0.0
7.237508653036841 vs. 0.0
7.524814919292353 vs. 0.0
7.237508653036841 vs. 0.0
7.812539448162381 vs. 0.0
7.524814919292353 vs. 0.0
7.524814919292353 vs. 0.0
7.524814919292353 vs. 0.0
7.524814919292353 vs. 0.0
7.524814919292353 vs. 0.0
7.524814919292353 vs. 0.0
7.524814919292353 vs. 0.0
7.237508653036841 vs. 0.0
7.237508653036841 vs. 0.0
7.237508653036841 vs. 0.0
7.524814919292353 vs. 0.0
7.524814919292353 vs. 0.0
7.524814919292353 vs. 0.0
7.524814919292353 vs. 0.0
7.524814919292353 vs. 0.0
7.524814919292353 vs. 0.0
7.237508653036841 vs. 0.0
7.237508653036841 vs. 0.0
7.237508653036841 vs. 0.0
7.812539448162381 vs. 0.0
7.524814919292353 vs. 0.0
7.524814919292353 vs. 0.0
7.812539448162381 vs. 0.0
7.812539448162381 vs. 0.0
7.237508653036841 vs. 0.0
7.524814919292353 vs. 0.0
7.524814919292353 vs. 0.0
7.524814919292353 vs. 0.0
7.524814919292353 vs. 0.0
7.524814919292353 vs. 0.0
7.237508653036841 vs. 0.0
7.812539448162381 vs. 0.0
7.812539448162381 vs. 0.0
7.524814919292353 vs. 0.0
1916 : chr35 : 8.100657636890398 vs. chr6 : 6.85596827651233 (not joined)
7.237508653036841 vs. 0.0
7.524814919292353 vs. 0.0
7.237508653036841 vs. 0.0
7.524814919292353 vs. 0.0
7.524814919292353 vs. 0.0
7.524814919292353 vs. 0.0
7.409350364429441 vs. 0.0
7.237508653036841 vs. 0.0
7.237508653036841 vs. 0.0
7.237508653036841 vs. 0.0
7.237508653036841 vs. 0.0
7.524814919292353 vs. 0.0
7.812539448162381 vs. 0.0
7.237508653036841 vs. 0.0
7.812539448162381 vs. 0.0
7.237508653036841 vs. 0.0
7.524814919292353 vs. 0.0
7.524814919292353 vs. 0.0
7.237508653036841 vs. 0.0
7.237508653036841 vs. 0.0
8.100657636890398 vs. 0.0
7.812539448162381 vs. 0.0
7.237508653036841 vs. 0.0
7.237508653036841 vs. 0.0
7.524814919292353 vs. 0.0
7.524814919292353 vs. 0.0
7.524814919292353 vs. 0.0
7.237508653036841 vs. 0.0
7.237508653036841 vs. 0.0
7.812539448162381 vs. 0.0
7.237508653036841 vs. 0.0
7.524814919292353 vs. 0.0
7.524814919292353 vs. 0.0
7.812539448162381 vs. 0.0
7.237508653036841 vs. 0.0
7.524814919292353 vs. 0.0
7.524814919292353 vs. 0.0
7.812539448162381 vs. 0.0
7.812539448162381 vs. 0.0
7.524814919292353 vs. 0.0
7.237508653036841 vs. 0.0
7.237508653036841 vs. 3.3222026871959405
7.812539448162381 vs. 0.0
7.524814919292353 vs. 0.0
2158 : chr6 : 8.100657636890398 vs. chr35 : 7.812539448162381 (not joined)
7.237508653036841 vs. 0.0
7.524814919292353 vs. 4.079827535816964
7.812539448162381 vs. 0.0
7.524814919292353 vs. 0.0
7.812539448162381 vs. 0.0
7.524814919292353 vs. 0.0
7.524814919292353 vs. 0.0
7.524814919292353 vs. 0.0
7.524814919292353 vs. 0.0
7.812539448162381 vs. 0.0
7.524814919292353 vs. 0.0
7.812539448162381 vs. 0.0
7.812539448162381 vs. 0.0
7.237508653036841 vs. 0.0
7.237508653036841 vs. 0.0
7.812539448162381 vs. 0.0
7.524814919292353 vs. 0.0
7.237508653036841 vs. 0.0
7.237508653036841 vs. 0.0
7.812539448162381 vs. 0.0
7.524814919292353 vs. 0.0
7.237508653036841 vs. 0.0
7.237508653036841 vs. 4.10710350355705
7.237508653036841 vs. 0.0
7.812539448162381 vs. 0.0
7.237508653036841 vs. 0.0
7.524814919292353 vs. 0.0
7.524814919292353 vs. 0.0
7.524814919292353 vs. 0.0
7.812539448162381 vs. 0.0
7.237508653036841 vs. 0.0
7.524814919292353 vs. 0.0
7.524814919292353 vs. 0.0
7.524814919292353 vs. 0.0
7.237508653036841 vs. 0.0
7.237508653036841 vs. 0.0
7.524814919292353 vs. 0.0
7.237508653036841 vs. 0.0
7.237508653036841 vs. 0.0
7.812539448162381 vs. 0.0
7.524814919292353 vs. 0.0
7.524814919292353 vs. 0.0
7.812539448162381 vs. 0.0
7.524814919292353 vs. 0.0
2399 : chr6 : 7.812539448162381 vs. chr35 : 6.031382688614232 (not joined)
7.524814919292353 vs. 0.0
7.524814919292353 vs. 0.0
7.524814919292353 vs. 0.0
7.237508653036841 vs. 0.0
7.524814919292353 vs. 0.0
7.524814919292353 vs. 0.0
7.812539448162381 vs. 0.0
7.237508653036841 vs. 0.0
7.524814919292353 vs. 0.0
7.812539448162381 vs. 0.0
7.524814919292353 vs. 0.0
7.812539448162381 vs. 0.0
7.237508653036841 vs. 0.0
7.812539448162381 vs. 0.0
7.524814919292353 vs. 0.0
7.237508653036841 vs. 0.0
7.524814919292353 vs. 0.0
8.100657636890398 vs. 0.0
7.524814919292353 vs. 0.0
7.812539448162381 vs. 0.0
7.237508653036841 vs. 0.0
7.812539448162381 vs. 0.0
7.237508653036841 vs. 0.0
7.524814919292353 vs. 0.0
7.812539448162381 vs. 0.0
7.812539448162381 vs. 0.0
7.524814919292353 vs. 0.0
7.237508653036841 vs. 0.0
8.100657636890398 vs. 0.0
7.524814919292353 vs. 0.0
7.237508653036841 vs. 4.079827535816964
7.237508653036841 vs. 0.0
7.812539448162381 vs. 0.0
7.237508653036841 vs. 0.0
7.812539448162381 vs. 0.0
7.524814919292353 vs. 0.0
7.812539448162381 vs. 0.0
7.237508653036841 vs. 0.0
7.524814919292353 vs. 0.0
7.524814919292353 vs. 0.0
7.237508653036841 vs. 0.0
7.812539448162381 vs. 0.0
7.812539448162381 vs. 0.0
7.524814919292353 vs. 0.0
7.524814919292353 vs. 0.0
7.524814919292353 vs. 0.0
7.524814919292353 vs. 0.0
7.237508653036841 vs. 0.0
7.812539448162381 vs. 0.0
7.524814919292353 vs. 0.0
7.812539448162381 vs. 0.0
7.237508653036841 vs. 0.0
7.524814919292353 vs. 0.0
7.237508653036841 vs. 0.0
7.524814919292353 vs. 0.0
7.237508653036841 vs. 0.0
7.524814919292353 vs. 0.0
7.237508653036841 vs. 0.0
7.812539448162381 vs. 0.0
7.812539448162381 vs. 0.0
7.524814919292353 vs. 0.0
7.237508653036841 vs. 0.0
7.237508653036841 vs. 0.0
7.812539448162381 vs. 0.0
7.812539448162381 vs. 0.0
7.237508653036841 vs. 0.0
8.100657636890398 vs. 0.0
7.812539448162381 vs. 0.0
7.237508653036841 vs. 0.0
7.812539448162381 vs. 0.0
7.812539448162381 vs. 0.0
7.237508653036841 vs. 0.0
7.237508653036841 vs. 0.0
7.237508653036841 vs. 0.0
7.812539448162381 vs. 0.0
7.812539448162381 vs. 0.0
7.524814919292353 vs. 0.0
7.524814919292353 vs. 0.0
7.237508653036841 vs. 0.0
7.524814919292353 vs. 0.0
7.237508653036841 vs. 0.0
8.100657636890398 vs. 0.0
7.524814919292353 vs. 0.0
7.812539448162381 vs. 0.0
7.524814919292353 vs. 0.0
7.524814919292353 vs. 0.0
7.524814919292353 vs. 0.0
8.100657636890398 vs. 0.0
7.237508653036841 vs. 0.0
7.237508653036841 vs. 0.0
7.524814919292353 vs. 0.0
7.237508653036841 vs. 0.0
7.812539448162381 vs. 0.0
7.237508653036841 vs. 0.0
7.524814919292353 vs. 0.0
7.524814919292353 vs. 0.0
7.237508653036841 vs. 0.0
8.100657636890398 vs. 0.0
7.524814919292353 vs. 0.0
7.524814919292353 vs. 0.0
7.524814919292353 vs. 0.0
7.237508653036841 vs. 0.0
7.812539448162381 vs. 0.0
7.524814919292353 vs. 0.0
7.812539448162381 vs. 0.0
7.812539448162381 vs. 0.0
7.524814919292353 vs. 0.0
7.524814919292353 vs. 0.0
7.237508653036841 vs. 0.0
7.237508653036841 vs. 0.0
7.237508653036841 vs. 3.3222026871959405
7.812539448162381 vs. 0.0
7.524814919292353 vs. 0.0
7.237508653036841 vs. 0.0
7.812539448162381 vs. 0.0
7.237508653036841 vs. 0.0
7.237508653036841 vs. 0.0
7.812539448162381 vs. 0.0
7.524814919292353 vs. 0.0
7.237508653036841 vs. 0.0
7.524814919292353 vs. 0.0
7.237508653036841 vs. 0.0
7.812539448162381 vs. 0.0
7.237508653036841 vs. 0.0
7.524814919292353 vs. 0.0
8.100657636890398 vs. 0.0
7.237508653036841 vs. 0.0
7.237508653036841 vs. 0.0
7.132320645199556 vs. 0.0
7.812539448162381 vs. 0.0
7.524814919292353 vs. 0.0
7.812539448162381 vs. 0.0
7.524814919292353 vs. 0.0
7.237508653036841 vs. 0.0
7.812539448162381 vs. 0.0
7.524814919292353 vs. 0.0
7.812539448162381 vs. 0.0
7.524814919292353 vs. 0.0
7.524814919292353 vs. 0.0
7.237508653036841 vs. 0.0
7.237508653036841 vs. 0.0
7.812539448162381 vs. 0.0
7.524814919292353 vs. 0.0
7.524814919292353 vs. 0.0
7.524814919292353 vs. 0.0
7.237508653036841 vs. 0.0
7.812539448162381 vs. 0.0
7.237508653036841 vs. 0.0
7.524814919292353 vs. 0.0
7.812539448162381 vs. 0.0
7.812539448162381 vs. 0.0
7.524814919292353 vs. 0.0
7.812539448162381 vs. 0.0
7.237508653036841 vs. 0.0
7.237508653036841 vs. 0.0
7.237508653036841 vs. 0.0
7.237508653036841 vs. 0.0
7.524814919292353 vs. 0.0
7.524814919292353 vs. 0.0
7.812539448162381 vs. 0.0
7.812539448162381 vs. 0.0
7.524814919292353 vs. 0.0
7.237508653036841 vs. 0.0
7.524814919292353 vs. 0.0
7.237508653036841 vs. 0.0
7.237508653036841 vs. 0.0
7.812539448162381 vs. 0.0
7.812539448162381 vs. 0.0
7.524814919292353 vs. 0.0
7.812539448162381 vs. 0.0
7.524814919292353 vs. 0.0
7.237508653036841 vs. 0.0
7.237508653036841 vs. 0.0
7.524814919292353 vs. 0.0
7.237508653036841 vs. 0.0
7.524814919292353 vs. 0.0
7.237508653036841 vs. 0.0
7.812539448162381 vs. 0.0
7.812539448162381 vs. 0.0
7.524814919292353 vs. 0.0
7.237508653036841 vs. 0.0
7.524814919292353 vs. 0.0
7.237508653036841 vs. 3.5729579403885614
7.237508653036841 vs. 0.0
7.812539448162381 vs. 0.0
7.237508653036841 vs. 0.0
7.237508653036841 vs. 0.0
7.812539448162381 vs. 0.0
7.237508653036841 vs. 0.0
7.237508653036841 vs. 0.0
7.237508653036841 vs. 0.0
7.524814919292353 vs. 0.0
7.237508653036841 vs. 0.0
7.524814919292353 vs. 0.0
7.237508653036841 vs. 0.0
7.524814919292353 vs. 0.0
7.237508653036841 vs. 0.0
7.524814919292353 vs. 0.0
7.812539448162381 vs. 0.0
7.812539448162381 vs. 0.0
7.524814919292353 vs. 0.0
7.524814919292353 vs. 0.0
7.812539448162381 vs. 0.0
7.237508653036841 vs. 0.0
7.524814919292353 vs. 0.0
7.524814919292353 vs. 0.0
7.237508653036841 vs. 0.0
7.524814919292353 vs. 0.0
7.237508653036841 vs. 0.0
7.524814919292353 vs. 0.0
7.237508653036841 vs. 0.0
7.524814919292353 vs. 0.0
7.524814919292353 vs. 0.0
7.812539448162381 vs. 0.0
7.237508653036841 vs. 0.0
7.237508653036841 vs. 0.0
7.812539448162381 vs. 0.0
7.812539448162381 vs. 0.0
7.237508653036841 vs. 0.0
7.812539448162381 vs. 0.0
7.524814919292353 vs. 0.0
7.237508653036841 vs. 0.0
7.237508653036841 vs. 0.0
7.812539448162381 vs. 0.0
8.100657636890398 vs. 0.0
7.237508653036841 vs. 0.0
7.524814919292353 vs. 0.0
7.524814919292353 vs. 0.0
7.524814919292353 vs. 0.0
7.524814919292353 vs. 0.0
7.812539448162381 vs. 0.0
7.524814919292353 vs. 0.0
7.237508653036841 vs. 0.0
7.524814919292353 vs. 0.0
7.524814919292353 vs. 0.0
7.812539448162381 vs. 0.0
7.524814919292353 vs. 0.0
7.524814919292353 vs. 0.0
7.237508653036841 vs. 0.0
7.237508653036841 vs. 0.0
7.237508653036841 vs. 0.0
7.812539448162381 vs. 0.0
7.812539448162381 vs. 0.0
7.524814919292353 vs. 0.0
8.3891469783143 vs. 0.0
7.812539448162381 vs. 0.0
7.524814919292353 vs. 0.0
7.237508653036841 vs. 0.0
7.524814919292353 vs. 0.0
7.237508653036841 vs. 0.0
8.3891469783143 vs. 0.0
7.812539448162381 vs. 0.0
7.524814919292353 vs. 0.0
7.237508653036841 vs. 0.0
7.237508653036841 vs. 0.0
7.524814919292353 vs. 0.0
7.237508653036841 vs. 0.0
7.524814919292353 vs. 0.0
7.237508653036841 vs. 0.0
7.812539448162381 vs. 0.0
7.812539448162381 vs. 0.0
7.812539448162381 vs. 0.0
7.237508653036841 vs. 0.0
7.237508653036841 vs. 0.0
7.524814919292353 vs. 3.3222026871959405
7.237508653036841 vs. 0.0
7.812539448162381 vs. 0.0
7.237508653036841 vs. 0.0
7.524814919292353 vs. 0.0
7.812539448162381 vs. 0.0
7.237508653036841 vs. 0.0
7.524814919292353 vs. 0.0
7.812539448162381 vs. 0.0
7.524814919292353 vs. 3.3222026871959405
7.237508653036841 vs. 0.0
7.524814919292353 vs. 0.0
7.812539448162381 vs. 0.0
7.524814919292353 vs. 0.0
7.812539448162381 vs. 0.0
7.237508653036841 vs. 0.0
7.812539448162381 vs. 0.0
7.812539448162381 vs. 0.0
7.237508653036841 vs. 0.0
7.812539448162381 vs. 0.0
7.237508653036841 vs. 0.0
7.524814919292353 vs. 0.0
7.812539448162381 vs. 0.0
7.237508653036841 vs. 0.0
7.812539448162381 vs. 0.0
7.812539448162381 vs. 0.0
7.237508653036841 vs. 0.0
7.237508653036841 vs. 0.0
7.237508653036841 vs. 0.0
7.812539448162381 vs. 0.0
7.524814919292353 vs. 0.0
7.524814919292353 vs. 0.0
7.237508653036841 vs. 0.0
7.524814919292353 vs. 0.0
7.524814919292353 vs. 0.0
7.237508653036841 vs. 0.0
7.812539448162381 vs. 0.0
7.812539448162381 vs. 0.0
7.237508653036841 vs. 0.0
7.237508653036841 vs. 0.0
7.524814919292353 vs. 0.0
8.100657636890398 vs. 0.0
7.812539448162381 vs. 0.0
7.237508653036841 vs. 0.0
7.524814919292353 vs. 0.0
7.812539448162381 vs. 0.0
7.524814919292353 vs. 0.0
8.100657636890398 vs. 0.0
7.524814919292353 vs. 0.0
7.812539448162381 vs. 0.0
7.812539448162381 vs. 0.0
7.812539448162381 vs. 0.0
7.237508653036841 vs. 0.0
7.524814919292353 vs. 0.0
7.237508653036841 vs. 0.0
7.812539448162381 vs. 0.0
7.812539448162381 vs. 0.0
7.237508653036841 vs. 0.0
7.524814919292353 vs. 0.0
7.524814919292353 vs. 0.0
7.524814919292353 vs. 0.0
7.812539448162381 vs. 0.0
7.524814919292353 vs. 0.0
7.524814919292353 vs. 0.0
7.237508653036841 vs. 0.0
7.524814919292353 vs. 0.0
7.237508653036841 vs. 0.0
7.524814919292353 vs. 0.0
7.237508653036841 vs. 0.0
7.237508653036841 vs. 0.0
7.812539448162381 vs. 0.0
7.812539448162381 vs. 0.0
7.524814919292353 vs. 0.0
7.409350364429441 vs. 0.0
7.237508653036841 vs. 0.0
8.100657636890398 vs. 0.0
7.524814919292353 vs. 0.0
8.100657636890398 vs. 0.0
7.812539448162381 vs. 0.0
7.524814919292353 vs. 0.0
7.524814919292353 vs. 0.0
7.812539448162381 vs. 0.0
7.237508653036841 vs. 0.0
7.524814919292353 vs. 0.0
7.237508653036841 vs. 0.0
7.524814919292353 vs. 0.0
8.100657636890398 vs. 0.0
7.812539448162381 vs. 0.0
7.524814919292353 vs. 0.0
7.524814919292353 vs. 0.0
8.100657636890398 vs. 0.0
7.524814919292353 vs. 0.0
7.524814919292353 vs. 4.079827535816964
7.812539448162381 vs. 0.0
7.812539448162381 vs. 0.0
7.237508653036841 vs. 0.0
7.812539448162381 vs. 0.0
7.524814919292353 vs. 0.0
7.524814919292353 vs. 0.0
7.524814919292353 vs. 0.0
7.812539448162381 vs. 0.0
7.237508653036841 vs. 0.0
7.237508653036841 vs. 0.0
7.524814919292353 vs. 0.0
7.812539448162381 vs. 0.0
7.812539448162381 vs. 0.0
7.237508653036841 vs. 0.0
7.237508653036841 vs. 0.0
7.524814919292353 vs. 0.0
7.237508653036841 vs. 0.0
7.237508653036841 vs. 0.0
7.237508653036841 vs. 0.0
7.237508653036841 vs. 0.0
7.524814919292353 vs. 0.0
7.524814919292353 vs. 0.0
7.812539448162381 vs. 0.0
7.524814919292353 vs. 3.3222026871959405
7.812539448162381 vs. 0.0
7.524814919292353 vs. 0.0
7.812539448162381 vs. 0.0
8.100657636890398 vs. 0.0
7.524814919292353 vs. 0.0
3969 : chr35 : 7.524814919292353 vs. chr6 : 6.305454970542936 (not joined)
7.812539448162381 vs. 0.0
8.100657636890398 vs. 0.0
7.237508653036841 vs. 0.0
7.524814919292353 vs. 0.0
7.237508653036841 vs. 0.0
7.812539448162381 vs. 0.0
7.812539448162381 vs. 0.0
7.237508653036841 vs. 0.0
7.524814919292353 vs. 0.0
7.524814919292353 vs. 0.0
7.812539448162381 vs. 0.0
7.524814919292353 vs. 0.0
7.812539448162381 vs. 0.0
7.812539448162381 vs. 0.0
7.812539448162381 vs. 0.0
7.237508653036841 vs. 0.0
7.524814919292353 vs. 0.0
7.524814919292353 vs. 0.0
7.524814919292353 vs. 0.0
7.812539448162381 vs. 0.0
7.812539448162381 vs. 0.0
7.812539448162381 vs. 0.0
7.812539448162381 vs. 0.0
7.524814919292353 vs. 0.0
7.812539448162381 vs. 0.0
7.812539448162381 vs. 0.0
7.812539448162381 vs. 0.0
8.3891469783143 vs. 0.0
7.812539448162381 vs. 0.0
7.812539448162381 vs. 0.0
7.812539448162381 vs. 0.0
7.524814919292353 vs. 0.0
7.524814919292353 vs. 0.0
7.812539448162381 vs. 0.0
7.237508653036841 vs. 0.0
7.524814919292353 vs. 0.0
7.524814919292353 vs. 0.0
7.237508653036841 vs. 0.0
7.812539448162381 vs. 0.0
7.524814919292353 vs. 0.0
8.100657636890398 vs. 0.0
7.524814919292353 vs. 0.0
7.524814919292353 vs. 0.0
7.812539448162381 vs. 0.0
7.812539448162381 vs. 0.0
7.524814919292353 vs. 0.0
7.237508653036841 vs. 0.0
7.524814919292353 vs. 0.0
7.524814919292353 vs. 0.0
7.812539448162381 vs. 0.0
7.237508653036841 vs. 0.0
7.812539448162381 vs. 0.0
7.812539448162381 vs. 0.0
7.237508653036841 vs. 0.0
7.524814919292353 vs. 0.0
7.237508653036841 vs. 0.0
7.812539448162381 vs. 0.0
7.812539448162381 vs. 0.0
7.237508653036841 vs. 0.0
7.524814919292353 vs. 0.0
7.812539448162381 vs. 0.0
7.237508653036841 vs. 0.0
7.524814919292353 vs. 0.0
7.524814919292353 vs. 0.0
7.237508653036841 vs. 0.0
7.237508653036841 vs. 0.0
7.812539448162381 vs. 0.0
7.524814919292353 vs. 0.0
7.237508653036841 vs. 0.0
7.237508653036841 vs. 0.0
7.237508653036841 vs. 0.0
7.812539448162381 vs. 0.0
7.812539448162381 vs. 0.0
7.237508653036841 vs. 0.0
7.812539448162381 vs. 0.0
7.812539448162381 vs. 0.0
7.237508653036841 vs. 0.0
7.524814919292353 vs. 0.0
7.237508653036841 vs. 0.0
7.524814919292353 vs. 0.0
7.524814919292353 vs. 0.0
7.524814919292353 vs. 0.0
7.812539448162381 vs. 0.0
7.812539448162381 vs. 0.0
7.812539448162381 vs. 0.0
7.524814919292353 vs. 0.0
7.237508653036841 vs. 0.0
7.237508653036841 vs. 0.0
7.812539448162381 vs. 0.0
7.524814919292353 vs. 0.0
7.524814919292353 vs. 0.0
7.812539448162381 vs. 0.0
7.524814919292353 vs. 0.0
7.524814919292353 vs. 0.0
7.524814919292353 vs. 0.0
7.237508653036841 vs. 0.0
7.524814919292353 vs. 0.0
7.237508653036841 vs. 0.0
7.812539448162381 vs. 0.0
7.524814919292353 vs. 0.0
7.237508653036841 vs. 0.0
7.237508653036841 vs. 0.0
7.524814919292353 vs. 0.0
7.524814919292353 vs. 0.0
7.524814919292353 vs. 0.0
7.524814919292353 vs. 0.0
7.524814919292353 vs. 0.0
7.812539448162381 vs. 0.0
7.524814919292353 vs. 0.0
7.524814919292353 vs. 0.0
7.237508653036841 vs. 0.0
7.812539448162381 vs. 0.0
7.237508653036841 vs. 0.0
7.237508653036841 vs. 0.0
7.812539448162381 vs. 0.0
7.812539448162381 vs. 0.0
7.812539448162381 vs. 0.0
7.812539448162381 vs. 0.0
7.237508653036841 vs. 0.0
8.100657636890398 vs. 0.0
7.524814919292353 vs. 0.0
7.812539448162381 vs. 0.0
7.812539448162381 vs. 0.0
7.812539448162381 vs. 0.0
7.524814919292353 vs. 0.0
7.524814919292353 vs. 0.0
7.812539448162381 vs. 0.0
7.237508653036841 vs. 0.0
7.524814919292353 vs. 0.0
7.812539448162381 vs. 0.0
7.237508653036841 vs. 0.0
7.524814919292353 vs. 0.0
4933 : chr6 : 8.100657636890398 vs. chr35 : 7.812539448162381 (not joined)
7.812539448162381 vs. 0.0
7.812539448162381 vs. 0.0
7.812539448162381 vs. 0.0
7.237508653036841 vs. 0.0
7.237508653036841 vs. 0.0
7.812539448162381 vs. 0.0
7.237508653036841 vs. 0.0
7.524814919292353 vs. 0.0
7.237508653036841 vs. 0.0
7.237508653036841 vs. 0.0
7.524814919292353 vs. 0.0
7.812539448162381 vs. 0.0
7.524814919292353 vs. 0.0
7.812539448162381 vs. 0.0
7.237508653036841 vs. 0.0
7.237508653036841 vs. 0.0
7.237508653036841 vs. 0.0
7.237508653036841 vs. 0.0
7.524814919292353 vs. 0.0
7.524814919292353 vs. 0.0
7.237508653036841 vs. 0.0
7.237508653036841 vs. 0.0
7.524814919292353 vs. 0.0
7.237508653036841 vs. 0.0
7.237508653036841 vs. 0.0
7.237508653036841 vs. 0.0
7.237508653036841 vs. 0.0
7.237508653036841 vs. 0.0
7.524814919292353 vs. 0.0
7.237508653036841 vs. 0.0
7.524814919292353 vs. 0.0
7.237508653036841 vs. 0.0
7.812539448162381 vs. 0.0
7.237508653036841 vs. 0.0
7.524814919292353 vs. 0.0
7.524814919292353 vs. 0.0
7.237508653036841 vs. 0.0
7.812539448162381 vs. 0.0
7.524814919292353 vs. 0.0
7.237508653036841 vs. 0.0
7.237508653036841 vs. 0.0
7.812539448162381 vs. 0.0
7.812539448162381 vs. 0.0
7.524814919292353 vs. 0.0
7.812539448162381 vs. 0.0
7.524814919292353 vs. 0.0
7.237508653036841 vs. 0.0
7.524814919292353 vs. 0.0
7.524814919292353 vs. 0.0
7.524814919292353 vs. 0.0
7.524814919292353 vs. 0.0
7.237508653036841 vs. 3.3222026871959405
7.524814919292353 vs. 0.0
7.812539448162381 vs. 0.0
7.237508653036841 vs. 0.0
7.237508653036841 vs. 0.0
7.132320645199556 vs. 0.0
7.237508653036841 vs. 0.0
7.812539448162381 vs. 0.0
7.237508653036841 vs. 0.0
7.812539448162381 vs. 0.0
7.812539448162381 vs. 0.0
7.237508653036841 vs. 0.0
7.524814919292353 vs. 0.0
7.237508653036841 vs. 0.0
7.812539448162381 vs. 0.0
7.237508653036841 vs. 0.0
7.812539448162381 vs. 0.0
7.237508653036841 vs. 0.0
7.524814919292353 vs. 0.0
7.812539448162381 vs. 0.0
7.524814919292353 vs. 0.0
7.237508653036841 vs. 0.0
7.237508653036841 vs. 0.0
7.237508653036841 vs. 0.0
7.237508653036841 vs. 0.0
7.237508653036841 vs. 0.0
7.237508653036841 vs. 0.0
7.524814919292353 vs. 0.0
7.812539448162381 vs. 0.0
7.812539448162381 vs. 0.0
7.237508653036841 vs. 0.0
7.237508653036841 vs. 0.0
7.237508653036841 vs. 0.0
7.812539448162381 vs. 0.0
7.812539448162381 vs. 0.0
7.524814919292353 vs. 0.0
7.524814919292353 vs. 0.0
7.812539448162381 vs. 0.0
7.524814919292353 vs. 0.0
7.237508653036841 vs. 0.0
7.524814919292353 vs. 0.0
7.237508653036841 vs. 0.0
7.237508653036841 vs. 0.0
5570 : chr6 : 7.812539448162381 vs. chr35 : 7.237508653036841 (not joined)
7.237508653036841 vs. 0.0
7.237508653036841 vs. 0.0
7.524814919292353 vs. 0.0
7.812539448162381 vs. 0.0
7.524814919292353 vs. 0.0
7.524814919292353 vs. 0.0
7.524814919292353 vs. 0.0
7.524814919292353 vs. 0.0
7.237508653036841 vs. 0.0
7.812539448162381 vs. 0.0
7.524814919292353 vs. 0.0
7.812539448162381 vs. 0.0
7.812539448162381 vs. 0.0
7.237508653036841 vs. 0.0
7.812539448162381 vs. 0.0
7.524814919292353 vs. 0.0
7.237508653036841 vs. 0.0
7.237508653036841 vs. 0.0
7.237508653036841 vs. 0.0
7.237508653036841 vs. 0.0
7.237508653036841 vs. 0.0
7.237508653036841 vs. 0.0
7.237508653036841 vs. 0.0
7.524814919292353 vs. 0.0
7.524814919292353 vs. 0.0
7.812539448162381 vs. 4.10710350355705
7.524814919292353 vs. 0.0
7.524814919292353 vs. 0.0
7.237508653036841 vs. 0.0
7.237508653036841 vs. 0.0
7.524814919292353 vs. 0.0
7.812539448162381 vs. 0.0
7.812539448162381 vs. 0.0
7.524814919292353 vs. 3.8255410666115806
7.237508653036841 vs. 0.0
7.237508653036841 vs. 0.0
7.237508653036841 vs. 0.0
7.237508653036841 vs. 0.0
7.237508653036841 vs. 0.0
7.812539448162381 vs. 0.0
7.237508653036841 vs. 0.0
7.524814919292353 vs. 0.0
7.812539448162381 vs. 0.0
7.812539448162381 vs. 0.0
7.237508653036841 vs. 0.0
7.524814919292353 vs. 0.0
7.524814919292353 vs. 0.0
7.524814919292353 vs. 0.0
5857 : chr6 : 8.3891469783143 vs. chr35 : 7.812539448162381 (not joined)
7.812539448162381 vs. 0.0
7.812539448162381 vs. 0.0
7.812539448162381 vs. 0.0
7.812539448162381 vs. 0.0
7.237508653036841 vs. 0.0
7.237508653036841 vs. 0.0
7.237508653036841 vs. 0.0
7.524814919292353 vs. 3.3222026871959405
7.812539448162381 vs. 0.0
7.237508653036841 vs. 0.0
7.812539448162381 vs. 0.0
7.812539448162381 vs. 0.0
7.237508653036841 vs. 0.0
7.237508653036841 vs. 0.0
7.812539448162381 vs. 0.0
7.812539448162381 vs. 0.0
7.237508653036841 vs. 0.0
7.812539448162381 vs. 0.0
8.100657636890398 vs. 0.0
7.237508653036841 vs. 0.0
7.237508653036841 vs. 0.0
7.812539448162381 vs. 0.0
7.524814919292353 vs. 0.0
7.524814919292353 vs. 0.0
7.812539448162381 vs. 0.0
7.237508653036841 vs. 0.0
7.812539448162381 vs. 0.0
7.812539448162381 vs. 0.0
7.812539448162381 vs. 0.0
7.812539448162381 vs. 0.0
7.524814919292353 vs. 0.0
7.812539448162381 vs. 0.0
7.237508653036841 vs. 0.0
7.237508653036841 vs. 0.0
7.812539448162381 vs. 0.0
7.524814919292353 vs. 0.0
7.812539448162381 vs. 0.0
7.524814919292353 vs. 0.0
7.524814919292353 vs. 0.0
7.237508653036841 vs. 0.0
7.812539448162381 vs. 0.0
7.237508653036841 vs. 0.0
7.812539448162381 vs. 0.0
7.524814919292353 vs. 0.0
7.524814919292353 vs. 0.0
7.237508653036841 vs. 0.0
7.237508653036841 vs. 0.0
7.812539448162381 vs. 0.0
7.237508653036841 vs. 0.0
7.237508653036841 vs. 3.0734132287964897
7.812539448162381 vs. 0.0
7.237508653036841 vs. 0.0
7.237508653036841 vs. 0.0
7.237508653036841 vs. 0.0
7.524814919292353 vs. 0.0
7.812539448162381 vs. 0.0
7.812539448162381 vs. 0.0
7.237508653036841 vs. 0.0
7.237508653036841 vs. 0.0
7.812539448162381 vs. 0.0
7.812539448162381 vs. 0.0
7.237508653036841 vs. 0.0
7.237508653036841 vs. 0.0
7.524814919292353 vs. 0.0
7.812539448162381 vs. 0.0
7.812539448162381 vs. 0.0
7.812539448162381 vs. 0.0
7.237508653036841 vs. 0.0
7.237508653036841 vs. 0.0
7.524814919292353 vs. 0.0
8.3891469783143 vs. 0.0
7.237508653036841 vs. 0.0
7.524814919292353 vs. 0.0
7.812539448162381 vs. 0.0
7.524814919292353 vs. 0.0
7.812539448162381 vs. 0.0
7.812539448162381 vs. 0.0
7.237508653036841 vs. 0.0
7.237508653036841 vs. 0.0
7.812539448162381 vs. 0.0
7.237508653036841 vs. 0.0
7.524814919292353 vs. 0.0
7.237508653036841 vs. 0.0
7.524814919292353 vs. 0.0
7.237508653036841 vs. 0.0
7.237508653036841 vs. 0.0
7.524814919292353 vs. 0.0
7.237508653036841 vs. 0.0
7.524814919292353 vs. 0.0
7.524814919292353 vs. 0.0
7.524814919292353 vs. 4.079827535816964
7.812539448162381 vs. 0.0
7.524814919292353 vs. 0.0
7.237508653036841 vs. 0.0
7.812539448162381 vs. 0.0
7.237508653036841 vs. 0.0
7.524814919292353 vs. 0.0
7.524814919292353 vs. 0.0
7.812539448162381 vs. 0.0
7.812539448162381 vs. 0.0
7.524814919292353 vs. 0.0
7.524814919292353 vs. 0.0
7.812539448162381 vs. 0.0
7.237508653036841 vs. 0.0
7.237508653036841 vs. 0.0
7.132320645199556 vs. 0.0
7.812539448162381 vs. 0.0
7.524814919292353 vs. 0.0
7.524814919292353 vs. 0.0
7.812539448162381 vs. 0.0
7.524814919292353 vs. 0.0
7.812539448162381 vs. 0.0
7.237508653036841 vs. 0.0
7.237508653036841 vs. 0.0
7.524814919292353 vs. 0.0
7.812539448162381 vs. 0.0
7.524814919292353 vs. 0.0
7.237508653036841 vs. 0.0
7.812539448162381 vs. 0.0
7.812539448162381 vs. 0.0
7.237508653036841 vs. 0.0
7.812539448162381 vs. 0.0
7.237508653036841 vs. 0.0
7.237508653036841 vs. 0.0
7.524814919292353 vs. 0.0
7.524814919292353 vs. 0.0
7.524814919292353 vs. 0.0
7.812539448162381 vs. 0.0
7.237508653036841 vs. 0.0
7.237508653036841 vs. 0.0
7.812539448162381 vs. 0.0
7.237508653036841 vs. 0.0
7.237508653036841 vs. 0.0
7.524814919292353 vs. 0.0
7.524814919292353 vs. 0.0
7.524814919292353 vs. 0.0
7.524814919292353 vs. 0.0
7.812539448162381 vs. 0.0
6683 : chr6 : 7.812539448162381 vs. chr35 : 7.524814919292353 (not joined)
7.812539448162381 vs. 0.0
7.812539448162381 vs. 0.0
7.237508653036841 vs. 0.0
7.524814919292353 vs. 0.0
7.237508653036841 vs. 0.0
7.812539448162381 vs. 0.0
7.812539448162381 vs. 0.0
7.237508653036841 vs. 0.0
7.524814919292353 vs. 0.0
7.524814919292353 vs. 0.0
7.237508653036841 vs. 0.0
7.237508653036841 vs. 0.0
7.524814919292353 vs. 0.0
7.524814919292353 vs. 0.0
7.524814919292353 vs. 0.0
7.524814919292353 vs. 0.0
7.237508653036841 vs. 0.0
7.524814919292353 vs. 0.0
7.237508653036841 vs. 0.0
7.524814919292353 vs. 0.0
7.237508653036841 vs. 0.0
7.524814919292353 vs. 0.0
7.812539448162381 vs. 0.0
7.237508653036841 vs. 0.0
7.524814919292353 vs. 0.0
7.237508653036841 vs. 0.0
7.237508653036841 vs. 0.0
7.812539448162381 vs. 0.0
7.524814919292353 vs. 0.0
7.812539448162381 vs. 0.0
7.237508653036841 vs. 0.0
7.237508653036841 vs. 0.0
7.524814919292353 vs. 0.0
7.812539448162381 vs. 0.0
7.524814919292353 vs. 0.0
7.524814919292353 vs. 0.0
7.524814919292353 vs. 0.0
7.524814919292353 vs. 0.0
7.524814919292353 vs. 0.0
7.812539448162381 vs. 0.0
7.524814919292353 vs. 0.0
7.812539448162381 vs. 0.0
7.524814919292353 vs. 0.0
7.524814919292353 vs. 0.0
7.237508653036841 vs. 3.0734132287964897
7.237508653036841 vs. 0.0
7.524814919292353 vs. 0.0
7.237508653036841 vs. 0.0
7.812539448162381 vs. 0.0
7.237508653036841 vs. 2.8267426932494715
7.237508653036841 vs. 0.0
7.524814919292353 vs. 0.0
7.237508653036841 vs. 0.0
7.524814919292353 vs. 3.0734132287964897
7.812539448162381 vs. 0.0
7.237508653036841 vs. 0.0
7.237508653036841 vs. 0.0
7.237508653036841 vs. 0.0
7.237508653036841 vs. 0.0
7.524814919292353 vs. 0.0
7.524814919292353 vs. 0.0
7.237508653036841 vs. 0.0
7.524814919292353 vs. 0.0
7.524814919292353 vs. 0.0
7.237508653036841 vs. 0.0
7.812539448162381 vs. 0.0
7.524814919292353 vs. 0.0
7.524814919292353 vs. 0.0
7.812539448162381 vs. 0.0
7.812539448162381 vs. 0.0
7.524814919292353 vs. 0.0
7.237508653036841 vs. 0.0
7.237508653036841 vs. 0.0
7.237508653036841 vs. 0.0
7.237508653036841 vs. 0.0
7.524814919292353 vs. 0.0
7.524814919292353 vs. 0.0
7.409350364429441 vs. 0.0
7.812539448162381 vs. 0.0
7.524814919292353 vs. 0.0
7.812539448162381 vs. 0.0
7.237508653036841 vs. 0.0
7.524814919292353 vs. 0.0
7.524814919292353 vs. 0.0
7.237508653036841 vs. 0.0
7.237508653036841 vs. 0.0
7.812539448162381 vs. 0.0
7.524814919292353 vs. 0.0
7.237508653036841 vs. 0.0
7.812539448162381 vs. 0.0
7.524814919292353 vs. 0.0
7.812539448162381 vs. 0.0
7.237508653036841 vs. 0.0
7362 : chr6 : 7.524814919292353 vs. chr35 : 7.524814919292353 (not joined)
7.237508653036841 vs. 0.0
7.524814919292353 vs. 0.0
7.524814919292353 vs. 0.0
7.524814919292353 vs. 0.0
7.237508653036841 vs. 0.0
7.812539448162381 vs. 0.0
7.524814919292353 vs. 0.0
7.524814919292353 vs. 0.0
7.524814919292353 vs. 0.0
7.237508653036841 vs. 0.0
7.237508653036841 vs. 0.0
7.237508653036841 vs. 0.0
7.237508653036841 vs. 0.0
7.237508653036841 vs. 0.0
7.524814919292353 vs. 0.0
7.524814919292353 vs. 0.0
8.100657636890398 vs. 0.0
7.524814919292353 vs. 0.0
7.524814919292353 vs. 0.0
7.237508653036841 vs. 0.0
7.524814919292353 vs. 0.0
7.237508653036841 vs. 0.0
7.237508653036841 vs. 0.0
7.812539448162381 vs. 0.0
7.524814919292353 vs. 0.0
7.524814919292353 vs. 0.0
8.100657636890398 vs. 0.0
7.524814919292353 vs. 0.0
7.524814919292353 vs. 0.0
7.524814919292353 vs. 0.0
7.524814919292353 vs. 0.0
8.100657636890398 vs. 0.0
7.237508653036841 vs. 0.0
7.524814919292353 vs. 0.0
7.812539448162381 vs. 0.0
7.812539448162381 vs. 0.0
7.237508653036841 vs. 0.0
7.237508653036841 vs. 0.0
7.524814919292353 vs. 0.0
7.812539448162381 vs. 0.0
7.812539448162381 vs. 0.0
7.237508653036841 vs. 0.0
7.524814919292353 vs. 0.0
7.237508653036841 vs. 0.0
7.237508653036841 vs. 0.0
7.237508653036841 vs. 0.0
7.524814919292353 vs. 0.0
7.524814919292353 vs. 0.0
7.132320645199556 vs. 0.0
7.237508653036841 vs. 0.0
7.237508653036841 vs. 0.0
7.524814919292353 vs. 0.0
7.812539448162381 vs. 0.0
7.237508653036841 vs. 0.0
7.812539448162381 vs. 0.0
7.237508653036841 vs. 0.0
7.812539448162381 vs. 0.0
7.524814919292353 vs. 0.0
7.237508653036841 vs. 0.0
7.524814919292353 vs. 0.0
7.812539448162381 vs. 0.0
7.237508653036841 vs. 0.0
7.524814919292353 vs. 0.0
7.132320645199556 vs. 0.0
7.812539448162381 vs. 0.0
7.812539448162381 vs. 0.0
7.237508653036841 vs. 0.0
7.524814919292353 vs. 0.0
7.237508653036841 vs. 0.0
7.237508653036841 vs. 0.0
7.237508653036841 vs. 0.0
7.812539448162381 vs. 0.0
7.524814919292353 vs. 0.0
7.524814919292353 vs. 0.0
7.812539448162381 vs. 0.0
7.524814919292353 vs. 0.0
7.524814919292353 vs. 0.0
7.812539448162381 vs. 0.0
7.132320645199556 vs. 0.0
7.524814919292353 vs. 0.0
7.524814919292353 vs. 0.0
8.3891469783143 vs. 0.0
7.524814919292353 vs. 0.0
7.812539448162381 vs. 0.0
7.237508653036841 vs. 0.0
7.524814919292353 vs. 0.0
7.237508653036841 vs. 0.0
7.237508653036841 vs. 0.0
7.524814919292353 vs. 0.0
7.524814919292353 vs. 0.0
7.524814919292353 vs. 0.0
7.812539448162381 vs. 0.0
7.237508653036841 vs. 0.0
7.524814919292353 vs. 0.0
7.812539448162381 vs. 0.0
7.812539448162381 vs. 0.0
7.237508653036841 vs. 0.0
7.237508653036841 vs. 0.0
7.812539448162381 vs. 0.0
7.524814919292353 vs. 0.0
7.237508653036841 vs. 0.0
7.237508653036841 vs. 0.0
8.100657636890398 vs. 0.0
7.237508653036841 vs. 0.0
7.237508653036841 vs. 0.0
7.524814919292353 vs. 0.0
7.812539448162381 vs. 0.0
8.100657636890398 vs. 0.0
7.237508653036841 vs. 2.582361511330149
7.812539448162381 vs. 0.0
7.812539448162381 vs. 0.0
7.237508653036841 vs. 0.0
7.812539448162381 vs. 0.0
7.812539448162381 vs. 0.0
7.812539448162381 vs. 0.0
7.524814919292353 vs. 0.0
7.524814919292353 vs. 4.407060170832148
7.237508653036841 vs. 0.0
7.237508653036841 vs. 0.0
7.237508653036841 vs. 0.0
7.237508653036841 vs. 0.0
7.524814919292353 vs. 3.5729579403885614
7.524814919292353 vs. 0.0
7.524814919292353 vs. 0.0
7.524814919292353 vs. 0.0
7.524814919292353 vs. 0.0
7.524814919292353 vs. 0.0
7.524814919292353 vs. 0.0
7.237508653036841 vs. 0.0
7.237508653036841 vs. 0.0
7.524814919292353 vs. 0.0
7.524814919292353 vs. 0.0
7.524814919292353 vs. 0.0
7.524814919292353 vs. 0.0
7.132320645199556 vs. 0.0
7.237508653036841 vs. 0.0
7.524814919292353 vs. 0.0
7.524814919292353 vs. 0.0
7.524814919292353 vs. 0.0
7.524814919292353 vs. 0.0
7.237508653036841 vs. 0.0
7.237508653036841 vs. 0.0
7.237508653036841 vs. 3.0734132287964897
7.237508653036841 vs. 0.0
7.812539448162381 vs. 0.0
7.524814919292353 vs. 0.0
7.237508653036841 vs. 0.0
7.812539448162381 vs. 0.0
7.524814919292353 vs. 0.0
7.237508653036841 vs. 0.0
7.812539448162381 vs. 0.0
7.132320645199556 vs. 0.0
7.237508653036841 vs. 0.0
7.237508653036841 vs. 0.0
7.812539448162381 vs. 0.0
7.524814919292353 vs. 0.0
7.524814919292353 vs. 0.0
7.524814919292353 vs. 0.0
7.812539448162381 vs. 0.0
7.812539448162381 vs. 0.0
7.237508653036841 vs. 0.0
7.812539448162381 vs. 0.0
7.524814919292353 vs. 0.0
7.237508653036841 vs. 3.3222026871959405
7.812539448162381 vs. 0.0
7.237508653036841 vs. 0.0
7.524814919292353 vs. 0.0
7.524814919292353 vs. 0.0
7.524814919292353 vs. 0.0
7.237508653036841 vs. 0.0
7.524814919292353 vs. 0.0
7.237508653036841 vs. 0.0
8903 : chr6 : 8.3891469783143 vs. chr35 : 7.812539448162381 (not joined)
7.524814919292353 vs. 0.0
7.237508653036841 vs. 0.0
7.237508653036841 vs. 0.0
7.812539448162381 vs. 0.0
7.524814919292353 vs. 0.0
7.237508653036841 vs. 0.0
7.524814919292353 vs. 0.0
8.100657636890398 vs. 0.0
7.524814919292353 vs. 0.0
7.812539448162381 vs. 0.0
7.237508653036841 vs. 0.0
7.812539448162381 vs. 0.0
7.524814919292353 vs. 0.0
7.237508653036841 vs. 0.0
7.524814919292353 vs. 0.0
7.524814919292353 vs. 0.0
7.524814919292353 vs. 0.0
7.132320645199556 vs. 0.0
7.237508653036841 vs. 0.0
7.812539448162381 vs. 0.0
7.524814919292353 vs. 0.0
7.524814919292353 vs. 0.0
7.812539448162381 vs. 0.0
7.524814919292353 vs. 0.0
7.237508653036841 vs. 0.0
7.237508653036841 vs. 0.0
7.524814919292353 vs. 0.0
7.812539448162381 vs. 0.0
7.524814919292353 vs. 0.0
7.524814919292353 vs. 0.0
7.237508653036841 vs. 0.0
7.237508653036841 vs. 0.0
7.812539448162381 vs. 0.0
7.812539448162381 vs. 0.0
7.237508653036841 vs. 0.0
7.812539448162381 vs. 0.0
8.100657636890398 vs. 0.0
7.812539448162381 vs. 0.0
7.812539448162381 vs. 0.0
7.524814919292353 vs. 0.0
7.812539448162381 vs. 0.0
7.812539448162381 vs. 0.0
7.812539448162381 vs. 0.0
7.524814919292353 vs. 0.0
7.524814919292353 vs. 0.0
7.237508653036841 vs. 0.0
7.812539448162381 vs. 0.0
7.812539448162381 vs. 0.0
7.237508653036841 vs. 0.0
7.812539448162381 vs. 0.0
7.237508653036841 vs. 0.0
8.100657636890398 vs. 0.0
7.524814919292353 vs. 0.0
7.812539448162381 vs. 0.0
7.524814919292353 vs. 0.0
7.237508653036841 vs. 0.0
7.812539448162381 vs. 0.0
7.524814919292353 vs. 0.0
7.524814919292353 vs. 0.0
7.237508653036841 vs. 0.0
7.237508653036841 vs. 0.0
7.237508653036841 vs. 0.0
7.812539448162381 vs. 0.0
7.812539448162381 vs. 0.0
7.237508653036841 vs. 0.0
7.237508653036841 vs. 0.0
7.524814919292353 vs. 0.0
7.524814919292353 vs. 0.0
7.524814919292353 vs. 0.0
7.237508653036841 vs. 0.0
7.237508653036841 vs. 0.0
7.237508653036841 vs. 0.0
7.237508653036841 vs. 0.0
7.812539448162381 vs. 0.0
7.812539448162381 vs. 0.0
7.524814919292353 vs. 0.0
7.237508653036841 vs. 0.0
7.524814919292353 vs. 0.0
7.812539448162381 vs. 0.0
7.812539448162381 vs. 0.0
7.237508653036841 vs. 0.0
7.237508653036841 vs. 0.0
7.524814919292353 vs. 3.3222026871959405
7.524814919292353 vs. 0.0
7.237508653036841 vs. 0.0
7.237508653036841 vs. 0.0
7.812539448162381 vs. 0.0
7.524814919292353 vs. 0.0
7.237508653036841 vs. 0.0
7.524814919292353 vs. 0.0
7.524814919292353 vs. 0.0
7.812539448162381 vs. 0.0
7.812539448162381 vs. 0.0
7.237508653036841 vs. 0.0
7.812539448162381 vs. 0.0
7.812539448162381 vs. 0.0
7.237508653036841 vs. 0.0
7.524814919292353 vs. 0.0
7.237508653036841 vs. 0.0
7.237508653036841 vs. 0.0
7.237508653036841 vs. 0.0
9625 : chr6 : 7.237508653036841 vs. chr35 : 7.237508653036841 (not joined)
7.812539448162381 vs. 0.0
7.237508653036841 vs. 0.0
7.812539448162381 vs. 0.0
7.237508653036841 vs. 0.0
7.237508653036841 vs. 0.0
7.237508653036841 vs. 0.0
7.237508653036841 vs. 0.0
7.524814919292353 vs. 2.8267426932494715
7.237508653036841 vs. 0.0
7.524814919292353 vs. 0.0
7.812539448162381 vs. 0.0
7.237508653036841 vs. 0.0
7.237508653036841 vs. 0.0
7.237508653036841 vs. 0.0
7.237508653036841 vs. 0.0
7.812539448162381 vs. 0.0
7.812539448162381 vs. 0.0
7.524814919292353 vs. 0.0
7.812539448162381 vs. 0.0
7.812539448162381 vs. 0.0
7.524814919292353 vs. 0.0
7.524814919292353 vs. 0.0
7.524814919292353 vs. 0.0
7.524814919292353 vs. 0.0
7.237508653036841 vs. 0.0
7.237508653036841 vs. 0.0
7.237508653036841 vs. 0.0
7.812539448162381 vs. 0.0
7.812539448162381 vs. 0.0
7.812539448162381 vs. 0.0
7.812539448162381 vs. 0.0
7.237508653036841 vs. 0.0
7.812539448162381 vs. 0.0
7.237508653036841 vs. 0.0
7.524814919292353 vs. 0.0
7.237508653036841 vs. 0.0
7.237508653036841 vs. 0.0
7.132320645199556 vs. 0.0
7.524814919292353 vs. 0.0
7.237508653036841 vs. 0.0
7.812539448162381 vs. 0.0
7.237508653036841 vs. 0.0
7.812539448162381 vs. 0.0
7.237508653036841 vs. 0.0
8.100657636890398 vs. 0.0
7.812539448162381 vs. 0.0
7.812539448162381 vs. 0.0
7.812539448162381 vs. 0.0
7.237508653036841 vs. 0.0
7.237508653036841 vs. 0.0
7.524814919292353 vs. 0.0
8.100657636890398 vs. 0.0
7.812539448162381 vs. 0.0
7.524814919292353 vs. 0.0
7.524814919292353 vs. 0.0
7.237508653036841 vs. 0.0
7.237508653036841 vs. 0.0
7.237508653036841 vs. 0.0
7.812539448162381 vs. 0.0
7.812539448162381 vs. 0.0
7.524814919292353 vs. 0.0
7.524814919292353 vs. 0.0
7.237508653036841 vs. 0.0
7.237508653036841 vs. 0.0
7.812539448162381 vs. 0.0
7.812539448162381 vs. 0.0
7.237508653036841 vs. 0.0
7.812539448162381 vs. 0.0
7.237508653036841 vs. 0.0
7.237508653036841 vs. 0.0
7.237508653036841 vs. 0.0
7.237508653036841 vs. 0.0
7.524814919292353 vs. 0.0
7.237508653036841 vs. 0.0
7.524814919292353 vs. 0.0
7.524814919292353 vs. 0.0
7.524814919292353 vs. 0.0
7.237508653036841 vs. 0.0
7.812539448162381 vs. 0.0
7.237508653036841 vs. 0.0
7.524814919292353 vs. 0.0
7.524814919292353 vs. 0.0
7.524814919292353 vs. 0.0
7.237508653036841 vs. 0.0
7.812539448162381 vs. 0.0
7.237508653036841 vs. 0.0
7.524814919292353 vs. 0.0
7.237508653036841 vs. 0.0
7.812539448162381 vs. 0.0
7.524814919292353 vs. 3.3222026871959405
7.237508653036841 vs. 0.0
7.812539448162381 vs. 0.0
7.812539448162381 vs. 0.0
7.524814919292353 vs. 0.0
7.237508653036841 vs. 0.0
7.237508653036841 vs. 0.0
7.524814919292353 vs. 0.0
7.812539448162381 vs. 0.0
7.524814919292353 vs. 0.0
7.237508653036841 vs. 0.0
7.812539448162381 vs. 0.0
7.812539448162381 vs. 0.0
7.237508653036841 vs. 0.0
7.812539448162381 vs. 0.0
7.524814919292353 vs. 0.0
7.524814919292353 vs. 0.0
10327 : chr6 : 8.677986831062242 vs. chr35 : 8.100657636890398 (not joined)
7.524814919292353 vs. 0.0
7.524814919292353 vs. 0.0
7.237508653036841 vs. 0.0
7.237508653036841 vs. 0.0
7.812539448162381 vs. 0.0
7.524814919292353 vs. 0.0
7.524814919292353 vs. 0.0
7.812539448162381 vs. 0.0
7.237508653036841 vs. 3.0734132287964897
7.812539448162381 vs. 0.0
7.812539448162381 vs. 0.0
7.812539448162381 vs. 0.0
7.237508653036841 vs. 0.0
7.812539448162381 vs. 0.0
7.237508653036841 vs. 0.0
7.812539448162381 vs. 0.0
7.812539448162381 vs. 0.0
7.237508653036841 vs. 0.0
7.812539448162381 vs. 0.0
7.524814919292353 vs. 0.0
7.524814919292353 vs. 0.0
7.237508653036841 vs. 0.0
7.524814919292353 vs. 0.0
7.237508653036841 vs. 0.0
7.812539448162381 vs. 4.10710350355705
7.524814919292353 vs. 0.0
7.237508653036841 vs. 0.0
7.237508653036841 vs. 0.0
7.237508653036841 vs. 0.0
10518 : chr6 : 8.100657636890398 vs. chr35 : 7.812539448162381 (not joined)
7.812539448162381 vs. 0.0
7.237508653036841 vs. 0.0
7.237508653036841 vs. 0.0
7.524814919292353 vs. 0.0
7.524814919292353 vs. 0.0
7.812539448162381 vs. 0.0
7.524814919292353 vs. 0.0
7.812539448162381 vs. 0.0
7.524814919292353 vs. 0.0
7.237508653036841 vs. 0.0
7.524814919292353 vs. 0.0
7.812539448162381 vs. 0.0
7.812539448162381 vs. 0.0
7.524814919292353 vs. 0.0
7.237508653036841 vs. 0.0
7.812539448162381 vs. 0.0
7.812539448162381 vs. 0.0
8.100657636890398 vs. 0.0
7.524814919292353 vs. 3.5729579403885614
7.524814919292353 vs. 0.0
7.812539448162381 vs. 0.0
7.237508653036841 vs. 0.0
7.812539448162381 vs. 0.0
7.237508653036841 vs. 0.0
7.237508653036841 vs. 0.0
7.812539448162381 vs. 0.0
7.524814919292353 vs. 0.0
7.237508653036841 vs. 0.0
7.237508653036841 vs. 0.0
7.812539448162381 vs. 0.0
7.524814919292353 vs. 0.0
7.237508653036841 vs. 0.0
7.812539448162381 vs. 0.0
7.812539448162381 vs. 0.0
7.524814919292353 vs. 0.0
7.237508653036841 vs. 0.0
7.237508653036841 vs. 0.0
7.524814919292353 vs. 0.0
7.812539448162381 vs. 3.5729579403885614
7.237508653036841 vs. 0.0
7.524814919292353 vs. 0.0
7.524814919292353 vs. 0.0
7.812539448162381 vs. 0.0
10760 : chr35 : 8.100657636890398 vs. chr6 : 6.85596827651233 (not joined)
7.524814919292353 vs. 0.0
7.812539448162381 vs. 0.0
7.524814919292353 vs. 0.0
7.524814919292353 vs. 0.0
7.237508653036841 vs. 0.0
7.812539448162381 vs. 0.0
7.524814919292353 vs. 0.0
7.524814919292353 vs. 0.0
7.237508653036841 vs. 0.0
7.524814919292353 vs. 0.0
7.237508653036841 vs. 0.0
7.237508653036841 vs. 0.0
7.524814919292353 vs. 0.0
7.812539448162381 vs. 0.0
7.237508653036841 vs. 0.0
7.812539448162381 vs. 0.0
7.524814919292353 vs. 0.0
7.524814919292353 vs. 0.0
7.237508653036841 vs. 0.0
7.237508653036841 vs. 0.0
7.237508653036841 vs. 0.0
7.237508653036841 vs. 0.0
7.524814919292353 vs. 0.0
7.237508653036841 vs. 0.0
7.812539448162381 vs. 0.0
7.524814919292353 vs. 0.0
7.812539448162381 vs. 0.0
7.524814919292353 vs. 0.0
7.524814919292353 vs. 0.0
7.524814919292353 vs. 0.0
7.524814919292353 vs. 0.0
7.524814919292353 vs. 0.0
7.812539448162381 vs. 0.0
7.812539448162381 vs. 0.0
7.812539448162381 vs. 0.0
7.237508653036841 vs. 0.0
7.237508653036841 vs. 0.0
7.524814919292353 vs. 0.0
7.524814919292353 vs. 0.0
7.524814919292353 vs. 0.0
7.237508653036841 vs. 0.0
7.237508653036841 vs. 0.0
7.237508653036841 vs. 0.0
7.812539448162381 vs. 0.0
7.237508653036841 vs. 0.0
7.524814919292353 vs. 0.0
7.524814919292353 vs. 0.0
7.237508653036841 vs. 0.0
7.812539448162381 vs. 0.0
7.237508653036841 vs. 0.0
7.524814919292353 vs. 0.0
7.524814919292353 vs. 0.0
7.524814919292353 vs. 0.0
7.237508653036841 vs. 0.0
7.237508653036841 vs. 0.0
7.524814919292353 vs. 0.0
7.237508653036841 vs. 0.0
7.237508653036841 vs. 0.0
7.237508653036841 vs. 0.0
7.524814919292353 vs. 0.0
7.812539448162381 vs. 0.0
7.812539448162381 vs. 0.0
7.524814919292353 vs. 0.0
7.524814919292353 vs. 0.0
7.812539448162381 vs. 0.0
7.524814919292353 vs. 0.0
7.812539448162381 vs. 0.0
7.237508653036841 vs. 0.0
7.524814919292353 vs. 0.0
7.524814919292353 vs. 0.0
7.237508653036841 vs. 0.0
7.524814919292353 vs. 0.0
7.237508653036841 vs. 0.0
7.237508653036841 vs. 0.0
7.812539448162381 vs. 0.0
7.812539448162381 vs. 0.0
7.524814919292353 vs. 2.8267426932494715
7.812539448162381 vs. 0.0
7.524814919292353 vs. 0.0
7.812539448162381 vs. 0.0
7.237508653036841 vs. 0.0
7.812539448162381 vs. 0.0
7.237508653036841 vs. 0.0
7.524814919292353 vs. 0.0
7.812539448162381 vs. 0.0
7.524814919292353 vs. 0.0
7.237508653036841 vs. 0.0
7.812539448162381 vs. 0.0
7.524814919292353 vs. 0.0
7.812539448162381 vs. 0.0
7.812539448162381 vs. 0.0
7.812539448162381 vs. 0.0
7.812539448162381 vs. 0.0
7.812539448162381 vs. 0.0
7.812539448162381 vs. 0.0
7.812539448162381 vs. 0.0
7.237508653036841 vs. 0.0
7.237508653036841 vs. 0.0
7.237508653036841 vs. 0.0
7.524814919292353 vs. 0.0
7.237508653036841 vs. 0.0
7.237508653036841 vs. 0.0
8.100657636890398 vs. 0.0
7.524814919292353 vs. 0.0
7.524814919292353 vs. 0.0
7.524814919292353 vs. 0.0
7.524814919292353 vs. 0.0
7.524814919292353 vs. 0.0
7.812539448162381 vs. 0.0
7.524814919292353 vs. 0.0
7.812539448162381 vs. 0.0
7.524814919292353 vs. 0.0
7.237508653036841 vs. 0.0
7.524814919292353 vs. 0.0
7.237508653036841 vs. 0.0
7.237508653036841 vs. 0.0
7.812539448162381 vs. 0.0
7.237508653036841 vs. 0.0
8.100657636890398 vs. 0.0
7.812539448162381 vs. 0.0
7.237508653036841 vs. 0.0
7.237508653036841 vs. 0.0
7.812539448162381 vs. 0.0
7.237508653036841 vs. 0.0
7.237508653036841 vs. 0.0
7.237508653036841 vs. 3.3222026871959405
7.524814919292353 vs. 0.0
7.237508653036841 vs. 0.0
7.524814919292353 vs. 0.0
7.812539448162381 vs. 0.0
7.812539448162381 vs. 0.0
7.812539448162381 vs. 0.0
7.237508653036841 vs. 0.0
7.237508653036841 vs. 0.0
7.812539448162381 vs. 0.0
7.524814919292353 vs. 0.0
7.237508653036841 vs. 0.0
7.237508653036841 vs. 0.0
8.3891469783143 vs. 0.0
7.237508653036841 vs. 3.87504396647049
7.812539448162381 vs. 0.0
7.524814919292353 vs. 0.0
7.812539448162381 vs. 0.0
7.237508653036841 vs. 0.0
7.237508653036841 vs. 0.0
7.524814919292353 vs. 0.0
7.812539448162381 vs. 0.0
7.237508653036841 vs. 0.0
7.812539448162381 vs. 0.0
7.812539448162381 vs. 0.0
7.812539448162381 vs. 0.0
7.237508653036841 vs. 0.0
7.237508653036841 vs. 0.0
7.524814919292353 vs. 0.0
7.524814919292353 vs. 0.0
7.237508653036841 vs. 4.079827535816964
7.812539448162381 vs. 0.0
7.524814919292353 vs. 0.0
7.812539448162381 vs. 0.0
7.237508653036841 vs. 0.0
7.237508653036841 vs. 0.0
7.812539448162381 vs. 0.0
7.237508653036841 vs. 0.0
7.812539448162381 vs. 0.0
7.524814919292353 vs. 0.0
7.524814919292353 vs. 0.0
7.812539448162381 vs. 0.0
7.237508653036841 vs. 0.0
7.524814919292353 vs. 0.0
7.524814919292353 vs. 0.0
7.237508653036841 vs. 0.0
7.812539448162381 vs. 0.0
7.812539448162381 vs. 0.0
7.524814919292353 vs. 0.0
7.237508653036841 vs. 0.0
7.237508653036841 vs. 0.0
7.237508653036841 vs. 0.0
7.524814919292353 vs. 0.0
7.812539448162381 vs. 0.0
7.524814919292353 vs. 0.0
7.524814919292353 vs. 0.0
7.237508653036841 vs. 0.0
7.524814919292353 vs. 0.0
7.812539448162381 vs. 0.0
7.524814919292353 vs. 0.0
7.237508653036841 vs. 0.0
7.524814919292353 vs. 4.079827535816964
7.812539448162381 vs. 0.0
7.237508653036841 vs. 0.0
7.524814919292353 vs. 0.0
7.237508653036841 vs. 0.0
7.524814919292353 vs. 0.0
7.812539448162381 vs. 0.0
7.237508653036841 vs. 0.0
7.237508653036841 vs. 0.0
7.812539448162381 vs. 0.0
7.812539448162381 vs. 0.0
7.524814919292353 vs. 0.0
7.524814919292353 vs. 0.0
7.524814919292353 vs. 0.0
7.812539448162381 vs. 0.0
7.524814919292353 vs. 0.0
7.812539448162381 vs. 0.0
7.812539448162381 vs. 0.0
8.100657636890398 vs. 0.0
7.237508653036841 vs. 0.0
7.524814919292353 vs. 0.0
7.812539448162381 vs. 0.0
7.237508653036841 vs. 0.0
7.237508653036841 vs. 0.0
7.812539448162381 vs. 0.0
7.237508653036841 vs. 0.0
7.524814919292353 vs. 0.0
7.524814919292353 vs. 0.0
7.237508653036841 vs. 0.0
7.237508653036841 vs. 0.0
7.524814919292353 vs. 0.0
7.524814919292353 vs. 0.0
7.237508653036841 vs. 0.0
7.524814919292353 vs. 0.0
7.237508653036841 vs. 0.0
7.524814919292353 vs. 0.0
7.812539448162381 vs. 0.0
7.237508653036841 vs. 0.0
7.237508653036841 vs. 0.0
7.524814919292353 vs. 0.0
7.237508653036841 vs. 0.0
7.812539448162381 vs. 0.0
7.812539448162381 vs. 0.0
7.237508653036841 vs. 0.0
7.524814919292353 vs. 0.0
7.237508653036841 vs. 0.0
7.237508653036841 vs. 0.0
7.237508653036841 vs. 0.0
7.524814919292353 vs. 0.0
7.237508653036841 vs. 0.0
7.812539448162381 vs. 0.0
7.812539448162381 vs. 0.0
7.237508653036841 vs. 0.0
7.237508653036841 vs. 0.0
7.524814919292353 vs. 0.0
7.524814919292353 vs. 0.0
7.237508653036841 vs. 0.0
7.237508653036841 vs. 0.0
7.812539448162381 vs. 0.0
7.812539448162381 vs. 0.0
7.524814919292353 vs. 0.0
7.812539448162381 vs. 0.0
7.812539448162381 vs. 0.0
7.524814919292353 vs. 0.0
7.524814919292353 vs. 0.0
7.524814919292353 vs. 0.0
7.524814919292353 vs. 0.0
7.812539448162381 vs. 0.0
7.237508653036841 vs. 0.0
7.812539448162381 vs. 0.0
7.524814919292353 vs. 0.0
7.524814919292353 vs. 0.0
7.812539448162381 vs. 0.0
7.812539448162381 vs. 0.0
7.524814919292353 vs. 0.0
7.812539448162381 vs. 0.0
7.812539448162381 vs. 0.0
7.524814919292353 vs. 0.0
7.812539448162381 vs. 0.0
7.812539448162381 vs. 0.0
7.524814919292353 vs. 4.335704634601774
Number of joined markers in chr 1 is 77
Number of joined markers in chr 2 is 49
Number of joined markers in chr 3 is 66
Number of joined markers in chr 4 is 76
Number of joined markers in chr 5 is 117
Number of joined markers in chr 6 is 98
Number of joined markers in chr 7 is 69
Number of joined markers in chr 8 is 57
Number of joined markers in chr 9 is 61
Number of joined markers in chr 10 is 58
Number of joined markers in chr 11 is 78
Number of joined markers in chr 12 is 54
Number of joined markers in chr 13 is 63
Number of joined markers in chr 14 is 52
Number of joined markers in chr 15 is 35
Number of joined markers in chr 16 is 51
Number of joined markers in chr 17 is 47
Number of joined markers in chr 18 is 39
Number of joined markers in chr 19 is 40
Number of joined markers in chr 20 is 55
Number of joined markers in chr 21 is 53
Number of joined markers in chr 22 is 61
Number of joined markers in chr 23 is 55
Number of joined markers in chr 24 is 37
Number of joined markers in chr 25 is 41
Number of joined markers in chr 26 is 57
Number of joined markers in chr 27 is 40
Number of joined markers in chr 28 is 31
Number of joined markers in chr 29 is 30
Number of joined markers in chr 30 is 34
Number of joined markers in chr 31 is 52
Number of joined markers in chr 32 is 47
Number of joined markers in chr 33 is 34
Number of joined markers in chr 34 is 54
Number of joined markers in chr 35 is 30
Number of joined markers in chr 36 is 46
Number of joined markers in chr 37 is 16
joined 1960 single markers, non-conflicting LOD score > 8.100657636890398
Number of LGs = 37, markers in LGs = 9445, singles = 2706
