0->0 : 0
0->1 : 0
0->2 : 0
       Error rate = 0.0
1->0 : 0
1->1 : 0
1->2 : 0
       Error rate = 0.0
2->0 : 0
2->1 : 0
2->2 : 0
       Error rate = 0.0
0,2->0,2 : 1336466
  0,2->1 : 0
1,2->1,2 : 0
  1,2->0 : 0
       Error rate = 0.0
Maternally informative markers = 0 (of 12151)
Paternally informative markers = 12151
Maternally or paternally informative markers = 12151
Removed 0 children
Removed 0 markers
LOD(175, 0) = 50.730831351371116
LOD(174, 0) = 50.43224777297899
LOD(174, 1) = 48.48280135712733
LOD(173, 2) = 46.53823211177203
LOD(175, 0) = 51.823989272088426
LOD(174, 0) = 51.52516615900455
LOD(174, 1) = 49.53108809594482
LOD(173, 2) = 47.486415116373095
Family fam_08
Family fam_01
Family fam_09
Number of different markers = 11751
10.0
Number of markers assigned to Z chromosome = 0
number of LGs = 45 singles = 5179
***Family = fam_08 chromosome = 1 numMarkers = 326 maternal informative markers 0 (paternal informative markers 326)
***Family = fam_01 chromosome = 1 numMarkers = 326 maternal informative markers 0 (paternal informative markers 326)
***Family = fam_09 chromosome = 1 numMarkers = 326 maternal informative markers 0 (paternal informative markers 326)
***Family = fam_08 chromosome = 2 numMarkers = 313 maternal informative markers 0 (paternal informative markers 311)
***Family = fam_01 chromosome = 2 numMarkers = 313 maternal informative markers 0 (paternal informative markers 312)
***Family = fam_09 chromosome = 2 numMarkers = 313 maternal informative markers 0 (paternal informative markers 309)
***Family = fam_08 chromosome = 3 numMarkers = 290 maternal informative markers 0 (paternal informative markers 290)
***Family = fam_01 chromosome = 3 numMarkers = 290 maternal informative markers 0 (paternal informative markers 290)
***Family = fam_09 chromosome = 3 numMarkers = 290 maternal informative markers 0 (paternal informative markers 282)
***Family = fam_08 chromosome = 4 numMarkers = 284 maternal informative markers 0 (paternal informative markers 284)
***Family = fam_01 chromosome = 4 numMarkers = 284 maternal informative markers 0 (paternal informative markers 284)
***Family = fam_09 chromosome = 4 numMarkers = 284 maternal informative markers 0 (paternal informative markers 283)
***Family = fam_08 chromosome = 5 numMarkers = 261 maternal informative markers 0 (paternal informative markers 253)
***Family = fam_01 chromosome = 5 numMarkers = 261 maternal informative markers 0 (paternal informative markers 261)
***Family = fam_09 chromosome = 5 numMarkers = 261 maternal informative markers 0 (paternal informative markers 261)
***Family = fam_08 chromosome = 6 numMarkers = 259 maternal informative markers 0 (paternal informative markers 259)
***Family = fam_01 chromosome = 6 numMarkers = 259 maternal informative markers 0 (paternal informative markers 259)
***Family = fam_09 chromosome = 6 numMarkers = 259 maternal informative markers 0 (paternal informative markers 259)
***Family = fam_08 chromosome = 7 numMarkers = 258 maternal informative markers 0 (paternal informative markers 258)
***Family = fam_01 chromosome = 7 numMarkers = 258 maternal informative markers 0 (paternal informative markers 258)
***Family = fam_09 chromosome = 7 numMarkers = 258 maternal informative markers 0 (paternal informative markers 258)
***Family = fam_08 chromosome = 8 numMarkers = 247 maternal informative markers 0 (paternal informative markers 247)
***Family = fam_01 chromosome = 8 numMarkers = 247 maternal informative markers 0 (paternal informative markers 247)
***Family = fam_09 chromosome = 8 numMarkers = 247 maternal informative markers 0 (paternal informative markers 247)
***Family = fam_08 chromosome = 9 numMarkers = 245 maternal informative markers 0 (paternal informative markers 245)
***Family = fam_01 chromosome = 9 numMarkers = 245 maternal informative markers 0 (paternal informative markers 245)
***Family = fam_09 chromosome = 9 numMarkers = 245 maternal informative markers 0 (paternal informative markers 245)
***Family = fam_08 chromosome = 10 numMarkers = 233 maternal informative markers 0 (paternal informative markers 233)
***Family = fam_01 chromosome = 10 numMarkers = 233 maternal informative markers 0 (paternal informative markers 233)
***Family = fam_09 chromosome = 10 numMarkers = 233 maternal informative markers 0 (paternal informative markers 233)
***Family = fam_08 chromosome = 11 numMarkers = 231 maternal informative markers 0 (paternal informative markers 231)
***Family = fam_01 chromosome = 11 numMarkers = 231 maternal informative markers 0 (paternal informative markers 231)
***Family = fam_09 chromosome = 11 numMarkers = 231 maternal informative markers 0 (paternal informative markers 231)
***Family = fam_08 chromosome = 12 numMarkers = 225 maternal informative markers 0 (paternal informative markers 225)
***Family = fam_01 chromosome = 12 numMarkers = 225 maternal informative markers 0 (paternal informative markers 225)
***Family = fam_09 chromosome = 12 numMarkers = 225 maternal informative markers 0 (paternal informative markers 225)
***Family = fam_08 chromosome = 13 numMarkers = 199 maternal informative markers 0 (paternal informative markers 197)
***Family = fam_01 chromosome = 13 numMarkers = 199 maternal informative markers 0 (paternal informative markers 199)
***Family = fam_09 chromosome = 13 numMarkers = 199 maternal informative markers 0 (paternal informative markers 199)
***Family = fam_08 chromosome = 14 numMarkers = 187 maternal informative markers 0 (paternal informative markers 187)
***Family = fam_01 chromosome = 14 numMarkers = 187 maternal informative markers 0 (paternal informative markers 187)
***Family = fam_09 chromosome = 14 numMarkers = 187 maternal informative markers 0 (paternal informative markers 187)
***Family = fam_08 chromosome = 15 numMarkers = 173 maternal informative markers 0 (paternal informative markers 173)
***Family = fam_01 chromosome = 15 numMarkers = 173 maternal informative markers 0 (paternal informative markers 173)
***Family = fam_09 chromosome = 15 numMarkers = 173 maternal informative markers 0 (paternal informative markers 173)
***Family = fam_08 chromosome = 16 numMarkers = 171 maternal informative markers 0 (paternal informative markers 171)
***Family = fam_01 chromosome = 16 numMarkers = 171 maternal informative markers 0 (paternal informative markers 171)
***Family = fam_09 chromosome = 16 numMarkers = 171 maternal informative markers 0 (paternal informative markers 171)
***Family = fam_08 chromosome = 17 numMarkers = 169 maternal informative markers 0 (paternal informative markers 169)
***Family = fam_01 chromosome = 17 numMarkers = 169 maternal informative markers 0 (paternal informative markers 169)
***Family = fam_09 chromosome = 17 numMarkers = 169 maternal informative markers 0 (paternal informative markers 169)
***Family = fam_08 chromosome = 18 numMarkers = 169 maternal informative markers 0 (paternal informative markers 169)
***Family = fam_01 chromosome = 18 numMarkers = 169 maternal informative markers 0 (paternal informative markers 169)
***Family = fam_09 chromosome = 18 numMarkers = 169 maternal informative markers 0 (paternal informative markers 169)
***Family = fam_08 chromosome = 19 numMarkers = 168 maternal informative markers 0 (paternal informative markers 168)
***Family = fam_01 chromosome = 19 numMarkers = 168 maternal informative markers 0 (paternal informative markers 168)
***Family = fam_09 chromosome = 19 numMarkers = 168 maternal informative markers 0 (paternal informative markers 168)
***Family = fam_08 chromosome = 20 numMarkers = 166 maternal informative markers 0 (paternal informative markers 166)
***Family = fam_01 chromosome = 20 numMarkers = 166 maternal informative markers 0 (paternal informative markers 166)
***Family = fam_09 chromosome = 20 numMarkers = 166 maternal informative markers 0 (paternal informative markers 166)
***Family = fam_08 chromosome = 21 numMarkers = 162 maternal informative markers 0 (paternal informative markers 162)
***Family = fam_01 chromosome = 21 numMarkers = 162 maternal informative markers 0 (paternal informative markers 162)
***Family = fam_09 chromosome = 21 numMarkers = 162 maternal informative markers 0 (paternal informative markers 162)
***Family = fam_08 chromosome = 22 numMarkers = 162 maternal informative markers 0 (paternal informative markers 162)
***Family = fam_01 chromosome = 22 numMarkers = 162 maternal informative markers 0 (paternal informative markers 162)
***Family = fam_09 chromosome = 22 numMarkers = 162 maternal informative markers 0 (paternal informative markers 162)
***Family = fam_08 chromosome = 23 numMarkers = 157 maternal informative markers 0 (paternal informative markers 150)
***Family = fam_01 chromosome = 23 numMarkers = 157 maternal informative markers 0 (paternal informative markers 157)
***Family = fam_09 chromosome = 23 numMarkers = 157 maternal informative markers 0 (paternal informative markers 157)
***Family = fam_08 chromosome = 24 numMarkers = 153 maternal informative markers 0 (paternal informative markers 153)
***Family = fam_01 chromosome = 24 numMarkers = 153 maternal informative markers 0 (paternal informative markers 153)
***Family = fam_09 chromosome = 24 numMarkers = 153 maternal informative markers 0 (paternal informative markers 153)
***Family = fam_08 chromosome = 25 numMarkers = 152 maternal informative markers 0 (paternal informative markers 152)
***Family = fam_01 chromosome = 25 numMarkers = 152 maternal informative markers 0 (paternal informative markers 152)
***Family = fam_09 chromosome = 25 numMarkers = 152 maternal informative markers 0 (paternal informative markers 152)
***Family = fam_08 chromosome = 26 numMarkers = 151 maternal informative markers 0 (paternal informative markers 151)
***Family = fam_01 chromosome = 26 numMarkers = 151 maternal informative markers 0 (paternal informative markers 151)
***Family = fam_09 chromosome = 26 numMarkers = 151 maternal informative markers 0 (paternal informative markers 151)
***Family = fam_08 chromosome = 27 numMarkers = 148 maternal informative markers 0 (paternal informative markers 148)
***Family = fam_01 chromosome = 27 numMarkers = 148 maternal informative markers 0 (paternal informative markers 148)
***Family = fam_09 chromosome = 27 numMarkers = 148 maternal informative markers 0 (paternal informative markers 148)
***Family = fam_08 chromosome = 28 numMarkers = 147 maternal informative markers 0 (paternal informative markers 147)
***Family = fam_01 chromosome = 28 numMarkers = 147 maternal informative markers 0 (paternal informative markers 147)
***Family = fam_09 chromosome = 28 numMarkers = 147 maternal informative markers 0 (paternal informative markers 147)
***Family = fam_08 chromosome = 29 numMarkers = 140 maternal informative markers 0 (paternal informative markers 140)
***Family = fam_01 chromosome = 29 numMarkers = 140 maternal informative markers 0 (paternal informative markers 140)
***Family = fam_09 chromosome = 29 numMarkers = 140 maternal informative markers 0 (paternal informative markers 140)
***Family = fam_08 chromosome = 30 numMarkers = 137 maternal informative markers 0 (paternal informative markers 137)
***Family = fam_01 chromosome = 30 numMarkers = 137 maternal informative markers 0 (paternal informative markers 137)
***Family = fam_09 chromosome = 30 numMarkers = 137 maternal informative markers 0 (paternal informative markers 137)
***Family = fam_08 chromosome = 31 numMarkers = 136 maternal informative markers 0 (paternal informative markers 136)
***Family = fam_01 chromosome = 31 numMarkers = 136 maternal informative markers 0 (paternal informative markers 136)
***Family = fam_09 chromosome = 31 numMarkers = 136 maternal informative markers 0 (paternal informative markers 136)
***Family = fam_08 chromosome = 32 numMarkers = 135 maternal informative markers 0 (paternal informative markers 135)
***Family = fam_01 chromosome = 32 numMarkers = 135 maternal informative markers 0 (paternal informative markers 135)
***Family = fam_09 chromosome = 32 numMarkers = 135 maternal informative markers 0 (paternal informative markers 135)
***Family = fam_08 chromosome = 33 numMarkers = 131 maternal informative markers 0 (paternal informative markers 131)
***Family = fam_01 chromosome = 33 numMarkers = 131 maternal informative markers 0 (paternal informative markers 130)
***Family = fam_09 chromosome = 33 numMarkers = 131 maternal informative markers 0 (paternal informative markers 131)
***Family = fam_08 chromosome = 34 numMarkers = 131 maternal informative markers 0 (paternal informative markers 131)
***Family = fam_01 chromosome = 34 numMarkers = 131 maternal informative markers 0 (paternal informative markers 131)
***Family = fam_09 chromosome = 34 numMarkers = 131 maternal informative markers 0 (paternal informative markers 131)
***Family = fam_08 chromosome = 35 numMarkers = 118 maternal informative markers 0 (paternal informative markers 118)
***Family = fam_01 chromosome = 35 numMarkers = 118 maternal informative markers 0 (paternal informative markers 118)
***Family = fam_09 chromosome = 35 numMarkers = 118 maternal informative markers 0 (paternal informative markers 118)
***Family = fam_08 chromosome = 36 numMarkers = 115 maternal informative markers 0 (paternal informative markers 114)
***Family = fam_01 chromosome = 36 numMarkers = 115 maternal informative markers 0 (paternal informative markers 115)
***Family = fam_09 chromosome = 36 numMarkers = 115 maternal informative markers 0 (paternal informative markers 115)
***Family = fam_08 chromosome = 37 numMarkers = 98 maternal informative markers 0 (paternal informative markers 98)
***Family = fam_01 chromosome = 37 numMarkers = 98 maternal informative markers 0 (paternal informative markers 98)
***Family = fam_09 chromosome = 37 numMarkers = 98 maternal informative markers 0 (paternal informative markers 98)
***Family = fam_08 chromosome = 38 numMarkers = 7 maternal informative markers 0 (paternal informative markers 7)
***Family = fam_01 chromosome = 38 numMarkers = 7 maternal informative markers 0 (paternal informative markers 7)
***Family = fam_09 chromosome = 38 numMarkers = 7 maternal informative markers 0 (paternal informative markers 7)
***Family = fam_08 chromosome = 39 numMarkers = 4 maternal informative markers 0 (paternal informative markers 4)
***Family = fam_01 chromosome = 39 numMarkers = 4 maternal informative markers 0 (paternal informative markers 4)
***Family = fam_09 chromosome = 39 numMarkers = 4 maternal informative markers 0 (paternal informative markers 4)
***Family = fam_08 chromosome = 40 numMarkers = 3 maternal informative markers 0 (paternal informative markers 3)
***Family = fam_01 chromosome = 40 numMarkers = 3 maternal informative markers 0 (paternal informative markers 3)
***Family = fam_09 chromosome = 40 numMarkers = 3 maternal informative markers 0 (paternal informative markers 3)
***Family = fam_08 chromosome = 41 numMarkers = 3 maternal informative markers 0 (paternal informative markers 3)
***Family = fam_01 chromosome = 41 numMarkers = 3 maternal informative markers 0 (paternal informative markers 3)
***Family = fam_09 chromosome = 41 numMarkers = 3 maternal informative markers 0 (paternal informative markers 3)
***Family = fam_08 chromosome = 42 numMarkers = 2 maternal informative markers 0 (paternal informative markers 0)
***Family = fam_01 chromosome = 42 numMarkers = 2 maternal informative markers 0 (paternal informative markers 2)
***Family = fam_09 chromosome = 42 numMarkers = 2 maternal informative markers 0 (paternal informative markers 2)
***Family = fam_08 chromosome = 43 numMarkers = 2 maternal informative markers 0 (paternal informative markers 2)
***Family = fam_01 chromosome = 43 numMarkers = 2 maternal informative markers 0 (paternal informative markers 2)
***Family = fam_09 chromosome = 43 numMarkers = 2 maternal informative markers 0 (paternal informative markers 2)
***Family = fam_08 chromosome = 44 numMarkers = 2 maternal informative markers 0 (paternal informative markers 2)
***Family = fam_01 chromosome = 44 numMarkers = 2 maternal informative markers 0 (paternal informative markers 2)
***Family = fam_09 chromosome = 44 numMarkers = 2 maternal informative markers 0 (paternal informative markers 2)
***Family = fam_08 chromosome = 45 numMarkers = 2 maternal informative markers 0 (paternal informative markers 2)
***Family = fam_01 chromosome = 45 numMarkers = 2 maternal informative markers 0 (paternal informative markers 2)
***Family = fam_09 chromosome = 45 numMarkers = 2 maternal informative markers 0 (paternal informative markers 2)
Family fam_08
Family fam_01
Family fam_09
Number of different markers = 11751
10.0
Number of markers assigned to Z chromosome = 0
number of LGs = 45 singles = 5179
***Family = fam_08 chromosome = 1 numMarkers = 326 maternal informative markers 0 (paternal informative markers 326)
***Family = fam_01 chromosome = 1 numMarkers = 326 maternal informative markers 0 (paternal informative markers 326)
***Family = fam_09 chromosome = 1 numMarkers = 326 maternal informative markers 0 (paternal informative markers 326)
***Family = fam_08 chromosome = 2 numMarkers = 313 maternal informative markers 0 (paternal informative markers 311)
***Family = fam_01 chromosome = 2 numMarkers = 313 maternal informative markers 0 (paternal informative markers 312)
***Family = fam_09 chromosome = 2 numMarkers = 313 maternal informative markers 0 (paternal informative markers 309)
***Family = fam_08 chromosome = 3 numMarkers = 290 maternal informative markers 0 (paternal informative markers 290)
***Family = fam_01 chromosome = 3 numMarkers = 290 maternal informative markers 0 (paternal informative markers 290)
***Family = fam_09 chromosome = 3 numMarkers = 290 maternal informative markers 0 (paternal informative markers 282)
***Family = fam_08 chromosome = 4 numMarkers = 284 maternal informative markers 0 (paternal informative markers 284)
***Family = fam_01 chromosome = 4 numMarkers = 284 maternal informative markers 0 (paternal informative markers 284)
***Family = fam_09 chromosome = 4 numMarkers = 284 maternal informative markers 0 (paternal informative markers 283)
***Family = fam_08 chromosome = 5 numMarkers = 261 maternal informative markers 0 (paternal informative markers 253)
***Family = fam_01 chromosome = 5 numMarkers = 261 maternal informative markers 0 (paternal informative markers 261)
***Family = fam_09 chromosome = 5 numMarkers = 261 maternal informative markers 0 (paternal informative markers 261)
***Family = fam_08 chromosome = 6 numMarkers = 259 maternal informative markers 0 (paternal informative markers 259)
***Family = fam_01 chromosome = 6 numMarkers = 259 maternal informative markers 0 (paternal informative markers 259)
***Family = fam_09 chromosome = 6 numMarkers = 259 maternal informative markers 0 (paternal informative markers 259)
***Family = fam_08 chromosome = 7 numMarkers = 258 maternal informative markers 0 (paternal informative markers 258)
***Family = fam_01 chromosome = 7 numMarkers = 258 maternal informative markers 0 (paternal informative markers 258)
***Family = fam_09 chromosome = 7 numMarkers = 258 maternal informative markers 0 (paternal informative markers 258)
***Family = fam_08 chromosome = 8 numMarkers = 247 maternal informative markers 0 (paternal informative markers 247)
***Family = fam_01 chromosome = 8 numMarkers = 247 maternal informative markers 0 (paternal informative markers 247)
***Family = fam_09 chromosome = 8 numMarkers = 247 maternal informative markers 0 (paternal informative markers 247)
***Family = fam_08 chromosome = 9 numMarkers = 245 maternal informative markers 0 (paternal informative markers 245)
***Family = fam_01 chromosome = 9 numMarkers = 245 maternal informative markers 0 (paternal informative markers 245)
***Family = fam_09 chromosome = 9 numMarkers = 245 maternal informative markers 0 (paternal informative markers 245)
***Family = fam_08 chromosome = 10 numMarkers = 233 maternal informative markers 0 (paternal informative markers 233)
***Family = fam_01 chromosome = 10 numMarkers = 233 maternal informative markers 0 (paternal informative markers 233)
***Family = fam_09 chromosome = 10 numMarkers = 233 maternal informative markers 0 (paternal informative markers 233)
***Family = fam_08 chromosome = 11 numMarkers = 231 maternal informative markers 0 (paternal informative markers 231)
***Family = fam_01 chromosome = 11 numMarkers = 231 maternal informative markers 0 (paternal informative markers 231)
***Family = fam_09 chromosome = 11 numMarkers = 231 maternal informative markers 0 (paternal informative markers 231)
***Family = fam_08 chromosome = 12 numMarkers = 225 maternal informative markers 0 (paternal informative markers 225)
***Family = fam_01 chromosome = 12 numMarkers = 225 maternal informative markers 0 (paternal informative markers 225)
***Family = fam_09 chromosome = 12 numMarkers = 225 maternal informative markers 0 (paternal informative markers 225)
***Family = fam_08 chromosome = 13 numMarkers = 199 maternal informative markers 0 (paternal informative markers 197)
***Family = fam_01 chromosome = 13 numMarkers = 199 maternal informative markers 0 (paternal informative markers 199)
***Family = fam_09 chromosome = 13 numMarkers = 199 maternal informative markers 0 (paternal informative markers 199)
***Family = fam_08 chromosome = 14 numMarkers = 187 maternal informative markers 0 (paternal informative markers 187)
***Family = fam_01 chromosome = 14 numMarkers = 187 maternal informative markers 0 (paternal informative markers 187)
***Family = fam_09 chromosome = 14 numMarkers = 187 maternal informative markers 0 (paternal informative markers 187)
***Family = fam_08 chromosome = 15 numMarkers = 173 maternal informative markers 0 (paternal informative markers 173)
***Family = fam_01 chromosome = 15 numMarkers = 173 maternal informative markers 0 (paternal informative markers 173)
***Family = fam_09 chromosome = 15 numMarkers = 173 maternal informative markers 0 (paternal informative markers 173)
***Family = fam_08 chromosome = 16 numMarkers = 171 maternal informative markers 0 (paternal informative markers 171)
***Family = fam_01 chromosome = 16 numMarkers = 171 maternal informative markers 0 (paternal informative markers 171)
***Family = fam_09 chromosome = 16 numMarkers = 171 maternal informative markers 0 (paternal informative markers 171)
***Family = fam_08 chromosome = 17 numMarkers = 169 maternal informative markers 0 (paternal informative markers 169)
***Family = fam_01 chromosome = 17 numMarkers = 169 maternal informative markers 0 (paternal informative markers 169)
***Family = fam_09 chromosome = 17 numMarkers = 169 maternal informative markers 0 (paternal informative markers 169)
***Family = fam_08 chromosome = 18 numMarkers = 169 maternal informative markers 0 (paternal informative markers 169)
***Family = fam_01 chromosome = 18 numMarkers = 169 maternal informative markers 0 (paternal informative markers 169)
***Family = fam_09 chromosome = 18 numMarkers = 169 maternal informative markers 0 (paternal informative markers 169)
***Family = fam_08 chromosome = 19 numMarkers = 168 maternal informative markers 0 (paternal informative markers 168)
***Family = fam_01 chromosome = 19 numMarkers = 168 maternal informative markers 0 (paternal informative markers 168)
***Family = fam_09 chromosome = 19 numMarkers = 168 maternal informative markers 0 (paternal informative markers 168)
***Family = fam_08 chromosome = 20 numMarkers = 166 maternal informative markers 0 (paternal informative markers 166)
***Family = fam_01 chromosome = 20 numMarkers = 166 maternal informative markers 0 (paternal informative markers 166)
***Family = fam_09 chromosome = 20 numMarkers = 166 maternal informative markers 0 (paternal informative markers 166)
***Family = fam_08 chromosome = 21 numMarkers = 162 maternal informative markers 0 (paternal informative markers 162)
***Family = fam_01 chromosome = 21 numMarkers = 162 maternal informative markers 0 (paternal informative markers 162)
***Family = fam_09 chromosome = 21 numMarkers = 162 maternal informative markers 0 (paternal informative markers 162)
***Family = fam_08 chromosome = 22 numMarkers = 162 maternal informative markers 0 (paternal informative markers 162)
***Family = fam_01 chromosome = 22 numMarkers = 162 maternal informative markers 0 (paternal informative markers 162)
***Family = fam_09 chromosome = 22 numMarkers = 162 maternal informative markers 0 (paternal informative markers 162)
***Family = fam_08 chromosome = 23 numMarkers = 157 maternal informative markers 0 (paternal informative markers 150)
***Family = fam_01 chromosome = 23 numMarkers = 157 maternal informative markers 0 (paternal informative markers 157)
***Family = fam_09 chromosome = 23 numMarkers = 157 maternal informative markers 0 (paternal informative markers 157)
***Family = fam_08 chromosome = 24 numMarkers = 153 maternal informative markers 0 (paternal informative markers 153)
***Family = fam_01 chromosome = 24 numMarkers = 153 maternal informative markers 0 (paternal informative markers 153)
***Family = fam_09 chromosome = 24 numMarkers = 153 maternal informative markers 0 (paternal informative markers 153)
***Family = fam_08 chromosome = 25 numMarkers = 152 maternal informative markers 0 (paternal informative markers 152)
***Family = fam_01 chromosome = 25 numMarkers = 152 maternal informative markers 0 (paternal informative markers 152)
***Family = fam_09 chromosome = 25 numMarkers = 152 maternal informative markers 0 (paternal informative markers 152)
***Family = fam_08 chromosome = 26 numMarkers = 151 maternal informative markers 0 (paternal informative markers 151)
***Family = fam_01 chromosome = 26 numMarkers = 151 maternal informative markers 0 (paternal informative markers 151)
***Family = fam_09 chromosome = 26 numMarkers = 151 maternal informative markers 0 (paternal informative markers 151)
***Family = fam_08 chromosome = 27 numMarkers = 148 maternal informative markers 0 (paternal informative markers 148)
***Family = fam_01 chromosome = 27 numMarkers = 148 maternal informative markers 0 (paternal informative markers 148)
***Family = fam_09 chromosome = 27 numMarkers = 148 maternal informative markers 0 (paternal informative markers 148)
***Family = fam_08 chromosome = 28 numMarkers = 147 maternal informative markers 0 (paternal informative markers 147)
***Family = fam_01 chromosome = 28 numMarkers = 147 maternal informative markers 0 (paternal informative markers 147)
***Family = fam_09 chromosome = 28 numMarkers = 147 maternal informative markers 0 (paternal informative markers 147)
***Family = fam_08 chromosome = 29 numMarkers = 140 maternal informative markers 0 (paternal informative markers 140)
***Family = fam_01 chromosome = 29 numMarkers = 140 maternal informative markers 0 (paternal informative markers 140)
***Family = fam_09 chromosome = 29 numMarkers = 140 maternal informative markers 0 (paternal informative markers 140)
***Family = fam_08 chromosome = 30 numMarkers = 137 maternal informative markers 0 (paternal informative markers 137)
***Family = fam_01 chromosome = 30 numMarkers = 137 maternal informative markers 0 (paternal informative markers 137)
***Family = fam_09 chromosome = 30 numMarkers = 137 maternal informative markers 0 (paternal informative markers 137)
***Family = fam_08 chromosome = 31 numMarkers = 136 maternal informative markers 0 (paternal informative markers 136)
***Family = fam_01 chromosome = 31 numMarkers = 136 maternal informative markers 0 (paternal informative markers 136)
***Family = fam_09 chromosome = 31 numMarkers = 136 maternal informative markers 0 (paternal informative markers 136)
***Family = fam_08 chromosome = 32 numMarkers = 135 maternal informative markers 0 (paternal informative markers 135)
***Family = fam_01 chromosome = 32 numMarkers = 135 maternal informative markers 0 (paternal informative markers 135)
***Family = fam_09 chromosome = 32 numMarkers = 135 maternal informative markers 0 (paternal informative markers 135)
***Family = fam_08 chromosome = 33 numMarkers = 131 maternal informative markers 0 (paternal informative markers 131)
***Family = fam_01 chromosome = 33 numMarkers = 131 maternal informative markers 0 (paternal informative markers 130)
***Family = fam_09 chromosome = 33 numMarkers = 131 maternal informative markers 0 (paternal informative markers 131)
***Family = fam_08 chromosome = 34 numMarkers = 131 maternal informative markers 0 (paternal informative markers 131)
***Family = fam_01 chromosome = 34 numMarkers = 131 maternal informative markers 0 (paternal informative markers 131)
***Family = fam_09 chromosome = 34 numMarkers = 131 maternal informative markers 0 (paternal informative markers 131)
***Family = fam_08 chromosome = 35 numMarkers = 118 maternal informative markers 0 (paternal informative markers 118)
***Family = fam_01 chromosome = 35 numMarkers = 118 maternal informative markers 0 (paternal informative markers 118)
***Family = fam_09 chromosome = 35 numMarkers = 118 maternal informative markers 0 (paternal informative markers 118)
***Family = fam_08 chromosome = 36 numMarkers = 115 maternal informative markers 0 (paternal informative markers 114)
***Family = fam_01 chromosome = 36 numMarkers = 115 maternal informative markers 0 (paternal informative markers 115)
***Family = fam_09 chromosome = 36 numMarkers = 115 maternal informative markers 0 (paternal informative markers 115)
***Family = fam_08 chromosome = 37 numMarkers = 98 maternal informative markers 0 (paternal informative markers 98)
***Family = fam_01 chromosome = 37 numMarkers = 98 maternal informative markers 0 (paternal informative markers 98)
***Family = fam_09 chromosome = 37 numMarkers = 98 maternal informative markers 0 (paternal informative markers 98)
***Family = fam_08 chromosome = 38 numMarkers = 7 maternal informative markers 0 (paternal informative markers 7)
***Family = fam_01 chromosome = 38 numMarkers = 7 maternal informative markers 0 (paternal informative markers 7)
***Family = fam_09 chromosome = 38 numMarkers = 7 maternal informative markers 0 (paternal informative markers 7)
***Family = fam_08 chromosome = 39 numMarkers = 4 maternal informative markers 0 (paternal informative markers 4)
***Family = fam_01 chromosome = 39 numMarkers = 4 maternal informative markers 0 (paternal informative markers 4)
***Family = fam_09 chromosome = 39 numMarkers = 4 maternal informative markers 0 (paternal informative markers 4)
***Family = fam_08 chromosome = 40 numMarkers = 3 maternal informative markers 0 (paternal informative markers 3)
***Family = fam_01 chromosome = 40 numMarkers = 3 maternal informative markers 0 (paternal informative markers 3)
***Family = fam_09 chromosome = 40 numMarkers = 3 maternal informative markers 0 (paternal informative markers 3)
***Family = fam_08 chromosome = 41 numMarkers = 3 maternal informative markers 0 (paternal informative markers 3)
***Family = fam_01 chromosome = 41 numMarkers = 3 maternal informative markers 0 (paternal informative markers 3)
***Family = fam_09 chromosome = 41 numMarkers = 3 maternal informative markers 0 (paternal informative markers 3)
***Family = fam_08 chromosome = 42 numMarkers = 2 maternal informative markers 0 (paternal informative markers 0)
***Family = fam_01 chromosome = 42 numMarkers = 2 maternal informative markers 0 (paternal informative markers 2)
***Family = fam_09 chromosome = 42 numMarkers = 2 maternal informative markers 0 (paternal informative markers 2)
***Family = fam_08 chromosome = 43 numMarkers = 2 maternal informative markers 0 (paternal informative markers 2)
***Family = fam_01 chromosome = 43 numMarkers = 2 maternal informative markers 0 (paternal informative markers 2)
***Family = fam_09 chromosome = 43 numMarkers = 2 maternal informative markers 0 (paternal informative markers 2)
***Family = fam_08 chromosome = 44 numMarkers = 2 maternal informative markers 0 (paternal informative markers 2)
***Family = fam_01 chromosome = 44 numMarkers = 2 maternal informative markers 0 (paternal informative markers 2)
***Family = fam_09 chromosome = 44 numMarkers = 2 maternal informative markers 0 (paternal informative markers 2)
***Family = fam_08 chromosome = 45 numMarkers = 2 maternal informative markers 0 (paternal informative markers 2)
***Family = fam_01 chromosome = 45 numMarkers = 2 maternal informative markers 0 (paternal informative markers 2)
***Family = fam_09 chromosome = 45 numMarkers = 2 maternal informative markers 0 (paternal informative markers 2)
Family fam_08
Family fam_01
Family fam_09
Number of different markers = 11751
10.0
Number of markers assigned to Z chromosome = 0
number of LGs = 45 singles = 5179
***Family = fam_08 chromosome = 1 numMarkers = 326 maternal informative markers 0 (paternal informative markers 326)
***Family = fam_01 chromosome = 1 numMarkers = 326 maternal informative markers 0 (paternal informative markers 326)
***Family = fam_09 chromosome = 1 numMarkers = 326 maternal informative markers 0 (paternal informative markers 326)
***Family = fam_08 chromosome = 2 numMarkers = 313 maternal informative markers 0 (paternal informative markers 311)
***Family = fam_01 chromosome = 2 numMarkers = 313 maternal informative markers 0 (paternal informative markers 312)
***Family = fam_09 chromosome = 2 numMarkers = 313 maternal informative markers 0 (paternal informative markers 309)
***Family = fam_08 chromosome = 3 numMarkers = 290 maternal informative markers 0 (paternal informative markers 290)
***Family = fam_01 chromosome = 3 numMarkers = 290 maternal informative markers 0 (paternal informative markers 290)
***Family = fam_09 chromosome = 3 numMarkers = 290 maternal informative markers 0 (paternal informative markers 282)
***Family = fam_08 chromosome = 4 numMarkers = 284 maternal informative markers 0 (paternal informative markers 284)
***Family = fam_01 chromosome = 4 numMarkers = 284 maternal informative markers 0 (paternal informative markers 284)
***Family = fam_09 chromosome = 4 numMarkers = 284 maternal informative markers 0 (paternal informative markers 283)
***Family = fam_08 chromosome = 5 numMarkers = 261 maternal informative markers 0 (paternal informative markers 253)
***Family = fam_01 chromosome = 5 numMarkers = 261 maternal informative markers 0 (paternal informative markers 261)
***Family = fam_09 chromosome = 5 numMarkers = 261 maternal informative markers 0 (paternal informative markers 261)
***Family = fam_08 chromosome = 6 numMarkers = 259 maternal informative markers 0 (paternal informative markers 259)
***Family = fam_01 chromosome = 6 numMarkers = 259 maternal informative markers 0 (paternal informative markers 259)
***Family = fam_09 chromosome = 6 numMarkers = 259 maternal informative markers 0 (paternal informative markers 259)
***Family = fam_08 chromosome = 7 numMarkers = 258 maternal informative markers 0 (paternal informative markers 258)
***Family = fam_01 chromosome = 7 numMarkers = 258 maternal informative markers 0 (paternal informative markers 258)
***Family = fam_09 chromosome = 7 numMarkers = 258 maternal informative markers 0 (paternal informative markers 258)
***Family = fam_08 chromosome = 8 numMarkers = 247 maternal informative markers 0 (paternal informative markers 247)
***Family = fam_01 chromosome = 8 numMarkers = 247 maternal informative markers 0 (paternal informative markers 247)
***Family = fam_09 chromosome = 8 numMarkers = 247 maternal informative markers 0 (paternal informative markers 247)
***Family = fam_08 chromosome = 9 numMarkers = 245 maternal informative markers 0 (paternal informative markers 245)
***Family = fam_01 chromosome = 9 numMarkers = 245 maternal informative markers 0 (paternal informative markers 245)
***Family = fam_09 chromosome = 9 numMarkers = 245 maternal informative markers 0 (paternal informative markers 245)
***Family = fam_08 chromosome = 10 numMarkers = 233 maternal informative markers 0 (paternal informative markers 233)
***Family = fam_01 chromosome = 10 numMarkers = 233 maternal informative markers 0 (paternal informative markers 233)
***Family = fam_09 chromosome = 10 numMarkers = 233 maternal informative markers 0 (paternal informative markers 233)
***Family = fam_08 chromosome = 11 numMarkers = 231 maternal informative markers 0 (paternal informative markers 231)
***Family = fam_01 chromosome = 11 numMarkers = 231 maternal informative markers 0 (paternal informative markers 231)
***Family = fam_09 chromosome = 11 numMarkers = 231 maternal informative markers 0 (paternal informative markers 231)
***Family = fam_08 chromosome = 12 numMarkers = 225 maternal informative markers 0 (paternal informative markers 225)
***Family = fam_01 chromosome = 12 numMarkers = 225 maternal informative markers 0 (paternal informative markers 225)
***Family = fam_09 chromosome = 12 numMarkers = 225 maternal informative markers 0 (paternal informative markers 225)
***Family = fam_08 chromosome = 13 numMarkers = 199 maternal informative markers 0 (paternal informative markers 197)
***Family = fam_01 chromosome = 13 numMarkers = 199 maternal informative markers 0 (paternal informative markers 199)
***Family = fam_09 chromosome = 13 numMarkers = 199 maternal informative markers 0 (paternal informative markers 199)
***Family = fam_08 chromosome = 14 numMarkers = 187 maternal informative markers 0 (paternal informative markers 187)
***Family = fam_01 chromosome = 14 numMarkers = 187 maternal informative markers 0 (paternal informative markers 187)
***Family = fam_09 chromosome = 14 numMarkers = 187 maternal informative markers 0 (paternal informative markers 187)
***Family = fam_08 chromosome = 15 numMarkers = 173 maternal informative markers 0 (paternal informative markers 173)
***Family = fam_01 chromosome = 15 numMarkers = 173 maternal informative markers 0 (paternal informative markers 173)
***Family = fam_09 chromosome = 15 numMarkers = 173 maternal informative markers 0 (paternal informative markers 173)
***Family = fam_08 chromosome = 16 numMarkers = 171 maternal informative markers 0 (paternal informative markers 171)
***Family = fam_01 chromosome = 16 numMarkers = 171 maternal informative markers 0 (paternal informative markers 171)
***Family = fam_09 chromosome = 16 numMarkers = 171 maternal informative markers 0 (paternal informative markers 171)
***Family = fam_08 chromosome = 17 numMarkers = 169 maternal informative markers 0 (paternal informative markers 169)
***Family = fam_01 chromosome = 17 numMarkers = 169 maternal informative markers 0 (paternal informative markers 169)
***Family = fam_09 chromosome = 17 numMarkers = 169 maternal informative markers 0 (paternal informative markers 169)
***Family = fam_08 chromosome = 18 numMarkers = 169 maternal informative markers 0 (paternal informative markers 169)
***Family = fam_01 chromosome = 18 numMarkers = 169 maternal informative markers 0 (paternal informative markers 169)
***Family = fam_09 chromosome = 18 numMarkers = 169 maternal informative markers 0 (paternal informative markers 169)
***Family = fam_08 chromosome = 19 numMarkers = 168 maternal informative markers 0 (paternal informative markers 168)
***Family = fam_01 chromosome = 19 numMarkers = 168 maternal informative markers 0 (paternal informative markers 168)
***Family = fam_09 chromosome = 19 numMarkers = 168 maternal informative markers 0 (paternal informative markers 168)
***Family = fam_08 chromosome = 20 numMarkers = 166 maternal informative markers 0 (paternal informative markers 166)
***Family = fam_01 chromosome = 20 numMarkers = 166 maternal informative markers 0 (paternal informative markers 166)
***Family = fam_09 chromosome = 20 numMarkers = 166 maternal informative markers 0 (paternal informative markers 166)
***Family = fam_08 chromosome = 21 numMarkers = 162 maternal informative markers 0 (paternal informative markers 162)
***Family = fam_01 chromosome = 21 numMarkers = 162 maternal informative markers 0 (paternal informative markers 162)
***Family = fam_09 chromosome = 21 numMarkers = 162 maternal informative markers 0 (paternal informative markers 162)
***Family = fam_08 chromosome = 22 numMarkers = 162 maternal informative markers 0 (paternal informative markers 162)
***Family = fam_01 chromosome = 22 numMarkers = 162 maternal informative markers 0 (paternal informative markers 162)
***Family = fam_09 chromosome = 22 numMarkers = 162 maternal informative markers 0 (paternal informative markers 162)
***Family = fam_08 chromosome = 23 numMarkers = 157 maternal informative markers 0 (paternal informative markers 150)
***Family = fam_01 chromosome = 23 numMarkers = 157 maternal informative markers 0 (paternal informative markers 157)
***Family = fam_09 chromosome = 23 numMarkers = 157 maternal informative markers 0 (paternal informative markers 157)
***Family = fam_08 chromosome = 24 numMarkers = 153 maternal informative markers 0 (paternal informative markers 153)
***Family = fam_01 chromosome = 24 numMarkers = 153 maternal informative markers 0 (paternal informative markers 153)
***Family = fam_09 chromosome = 24 numMarkers = 153 maternal informative markers 0 (paternal informative markers 153)
***Family = fam_08 chromosome = 25 numMarkers = 152 maternal informative markers 0 (paternal informative markers 152)
***Family = fam_01 chromosome = 25 numMarkers = 152 maternal informative markers 0 (paternal informative markers 152)
***Family = fam_09 chromosome = 25 numMarkers = 152 maternal informative markers 0 (paternal informative markers 152)
***Family = fam_08 chromosome = 26 numMarkers = 151 maternal informative markers 0 (paternal informative markers 151)
***Family = fam_01 chromosome = 26 numMarkers = 151 maternal informative markers 0 (paternal informative markers 151)
***Family = fam_09 chromosome = 26 numMarkers = 151 maternal informative markers 0 (paternal informative markers 151)
***Family = fam_08 chromosome = 27 numMarkers = 148 maternal informative markers 0 (paternal informative markers 148)
***Family = fam_01 chromosome = 27 numMarkers = 148 maternal informative markers 0 (paternal informative markers 148)
***Family = fam_09 chromosome = 27 numMarkers = 148 maternal informative markers 0 (paternal informative markers 148)
***Family = fam_08 chromosome = 28 numMarkers = 147 maternal informative markers 0 (paternal informative markers 147)
***Family = fam_01 chromosome = 28 numMarkers = 147 maternal informative markers 0 (paternal informative markers 147)
***Family = fam_09 chromosome = 28 numMarkers = 147 maternal informative markers 0 (paternal informative markers 147)
***Family = fam_08 chromosome = 29 numMarkers = 140 maternal informative markers 0 (paternal informative markers 140)
***Family = fam_01 chromosome = 29 numMarkers = 140 maternal informative markers 0 (paternal informative markers 140)
***Family = fam_09 chromosome = 29 numMarkers = 140 maternal informative markers 0 (paternal informative markers 140)
***Family = fam_08 chromosome = 30 numMarkers = 137 maternal informative markers 0 (paternal informative markers 137)
***Family = fam_01 chromosome = 30 numMarkers = 137 maternal informative markers 0 (paternal informative markers 137)
***Family = fam_09 chromosome = 30 numMarkers = 137 maternal informative markers 0 (paternal informative markers 137)
***Family = fam_08 chromosome = 31 numMarkers = 136 maternal informative markers 0 (paternal informative markers 136)
***Family = fam_01 chromosome = 31 numMarkers = 136 maternal informative markers 0 (paternal informative markers 136)
***Family = fam_09 chromosome = 31 numMarkers = 136 maternal informative markers 0 (paternal informative markers 136)
***Family = fam_08 chromosome = 32 numMarkers = 135 maternal informative markers 0 (paternal informative markers 135)
***Family = fam_01 chromosome = 32 numMarkers = 135 maternal informative markers 0 (paternal informative markers 135)
***Family = fam_09 chromosome = 32 numMarkers = 135 maternal informative markers 0 (paternal informative markers 135)
***Family = fam_08 chromosome = 33 numMarkers = 131 maternal informative markers 0 (paternal informative markers 131)
***Family = fam_01 chromosome = 33 numMarkers = 131 maternal informative markers 0 (paternal informative markers 130)
***Family = fam_09 chromosome = 33 numMarkers = 131 maternal informative markers 0 (paternal informative markers 131)
***Family = fam_08 chromosome = 34 numMarkers = 131 maternal informative markers 0 (paternal informative markers 131)
***Family = fam_01 chromosome = 34 numMarkers = 131 maternal informative markers 0 (paternal informative markers 131)
***Family = fam_09 chromosome = 34 numMarkers = 131 maternal informative markers 0 (paternal informative markers 131)
***Family = fam_08 chromosome = 35 numMarkers = 118 maternal informative markers 0 (paternal informative markers 118)
***Family = fam_01 chromosome = 35 numMarkers = 118 maternal informative markers 0 (paternal informative markers 118)
***Family = fam_09 chromosome = 35 numMarkers = 118 maternal informative markers 0 (paternal informative markers 118)
***Family = fam_08 chromosome = 36 numMarkers = 115 maternal informative markers 0 (paternal informative markers 114)
***Family = fam_01 chromosome = 36 numMarkers = 115 maternal informative markers 0 (paternal informative markers 115)
***Family = fam_09 chromosome = 36 numMarkers = 115 maternal informative markers 0 (paternal informative markers 115)
***Family = fam_08 chromosome = 37 numMarkers = 98 maternal informative markers 0 (paternal informative markers 98)
***Family = fam_01 chromosome = 37 numMarkers = 98 maternal informative markers 0 (paternal informative markers 98)
***Family = fam_09 chromosome = 37 numMarkers = 98 maternal informative markers 0 (paternal informative markers 98)
***Family = fam_08 chromosome = 38 numMarkers = 7 maternal informative markers 0 (paternal informative markers 7)
***Family = fam_01 chromosome = 38 numMarkers = 7 maternal informative markers 0 (paternal informative markers 7)
***Family = fam_09 chromosome = 38 numMarkers = 7 maternal informative markers 0 (paternal informative markers 7)
***Family = fam_08 chromosome = 39 numMarkers = 4 maternal informative markers 0 (paternal informative markers 4)
***Family = fam_01 chromosome = 39 numMarkers = 4 maternal informative markers 0 (paternal informative markers 4)
***Family = fam_09 chromosome = 39 numMarkers = 4 maternal informative markers 0 (paternal informative markers 4)
***Family = fam_08 chromosome = 40 numMarkers = 3 maternal informative markers 0 (paternal informative markers 3)
***Family = fam_01 chromosome = 40 numMarkers = 3 maternal informative markers 0 (paternal informative markers 3)
***Family = fam_09 chromosome = 40 numMarkers = 3 maternal informative markers 0 (paternal informative markers 3)
***Family = fam_08 chromosome = 41 numMarkers = 3 maternal informative markers 0 (paternal informative markers 3)
***Family = fam_01 chromosome = 41 numMarkers = 3 maternal informative markers 0 (paternal informative markers 3)
***Family = fam_09 chromosome = 41 numMarkers = 3 maternal informative markers 0 (paternal informative markers 3)
***Family = fam_08 chromosome = 42 numMarkers = 2 maternal informative markers 0 (paternal informative markers 0)
***Family = fam_01 chromosome = 42 numMarkers = 2 maternal informative markers 0 (paternal informative markers 2)
***Family = fam_09 chromosome = 42 numMarkers = 2 maternal informative markers 0 (paternal informative markers 2)
***Family = fam_08 chromosome = 43 numMarkers = 2 maternal informative markers 0 (paternal informative markers 2)
***Family = fam_01 chromosome = 43 numMarkers = 2 maternal informative markers 0 (paternal informative markers 2)
***Family = fam_09 chromosome = 43 numMarkers = 2 maternal informative markers 0 (paternal informative markers 2)
***Family = fam_08 chromosome = 44 numMarkers = 2 maternal informative markers 0 (paternal informative markers 2)
***Family = fam_01 chromosome = 44 numMarkers = 2 maternal informative markers 0 (paternal informative markers 2)
***Family = fam_09 chromosome = 44 numMarkers = 2 maternal informative markers 0 (paternal informative markers 2)
***Family = fam_08 chromosome = 45 numMarkers = 2 maternal informative markers 0 (paternal informative markers 2)
***Family = fam_01 chromosome = 45 numMarkers = 2 maternal informative markers 0 (paternal informative markers 2)
***Family = fam_09 chromosome = 45 numMarkers = 2 maternal informative markers 0 (paternal informative markers 2)
1->6 4.3721160039534785 ( markers 4921 and 6356)
2->9 3.8255410666115806 ( markers 5817 and 2296)
3->12 3.8255410666115806 ( markers 6732 and 4397)
4->20 4.079827535816964 ( markers 4519 and 6127)
5->22 4.407060170832148 ( markers 7748 and 8693)
6->35 6.644838741552696 ( markers 10215 and 7466)
7->18 4.033862648758742 ( markers 352 and 9277)
8->39 9.92288474937681 ( markers 8694 and 3686)
9->38 9.040067055868018 ( markers 10886 and 3260)
10->25 3.6174297788338734 ( markers 685 and 639)
11->41 8.34987205750121 ( markers 7245 and 4778)
12->18 4.1219859330543045 ( markers 1284 and 5053)
13->33 4.140358271991159 ( markers 10230 and 7089)
14->29 3.5729579403885614 ( markers 2623 and 574)
15->40 9.294353525073403 ( markers 3649 and 8642)
16->28 3.9698187712936033 ( markers 2905 and 6660)
17->19 3.159275856199372 ( markers 6691 and 8806)
18->30 2.3299295664642026 ( markers 7416 and 662)
19->20 2.8054936955322916 ( markers 6829 and 2037)
20->45 8.93919333412195 ( markers 7978 and 5308)
21->28 3.012139514538859 ( markers 8868 and 3172)
22->35 3.168942116869566 ( markers 4368 and 9909)
23->29 3.135346068244772 ( markers 1510 and 1970)
24->29 3.3222026871959405 ( markers 902 and 8321)
25->44 9.133543916079006 ( markers 6955 and 8689)
26->33 2.363657502344277 ( markers 11065 and 4117)
27->41 4.407060170832148 ( markers 10648 and 8392)
28->33 4.335704634601774 ( markers 10931 and 1660)
29->34 2.428808077915895 ( markers 574 and 1099)
30->34 2.428808077915895 ( markers 680 and 1505)
31->32 2.389391615344529 ( markers 8839 and 894)
32->36 2.194164351240147 ( markers 3393 and 8971)
33->43 8.672897632899048 ( markers 7996 and 6702)
34->36 1.431303055137711 ( markers 8098 and 318)
35->37 2.2665291917181962 ( markers 10633 and 6213)
36->37 1.1874867431934026 ( markers 11327 and 10152)
37->41 1.8171011316941925 ( markers 4552 and 4778)
42->44 0.47404524208616117 ( markers 1272 and 3646)
44->45 1.0816891889646696 ( markers 8689 and 5308)
Removing LG 38 (as too small) with size 7
Removing LG 39 (as too small) with size 4
Removing LG 40 (as too small) with size 3
Removing LG 41 (as too small) with size 3
Removing LG 42 (as too small) with size 2
Removing LG 43 (as too small) with size 2
Removing LG 44 (as too small) with size 2
Removing LG 45 (as too small) with size 2
Number of LGs = 37, markers in LGs = 6947, singles = 5204
