0->0 : 0
0->1 : 0
0->2 : 0
       Error rate = 0.0
1->0 : 0
1->1 : 0
1->2 : 0
       Error rate = 0.0
2->0 : 0
2->1 : 0
2->2 : 0
       Error rate = 0.0
0,2->0,2 : 1336466
  0,2->1 : 0
1,2->1,2 : 0
  1,2->0 : 0
       Error rate = 0.0
Maternally informative markers = 0 (of 12151)
Paternally informative markers = 12151
Maternally or paternally informative markers = 12151
Removed 0 markers
LOD(175, 0) = 50.730831351371116
LOD(174, 0) = 50.43224777297899
LOD(174, 1) = 48.48280135712733
LOD(173, 2) = 46.53823211177203
LOD(175, 0) = 51.823989272088426
LOD(174, 0) = 51.52516615900455
LOD(174, 1) = 49.53108809594482
LOD(173, 2) = 47.486415116373095
***Family = fam_08 chromosome = 1 numMarkers = 326 maternal informative markers 0 (paternal informative markers 326)
***Family = fam_01 chromosome = 1 numMarkers = 326 maternal informative markers 0 (paternal informative markers 326)
***Family = fam_09 chromosome = 1 numMarkers = 326 maternal informative markers 0 (paternal informative markers 326)
***Family = fam_08 chromosome = 2 numMarkers = 313 maternal informative markers 0 (paternal informative markers 311)
***Family = fam_01 chromosome = 2 numMarkers = 313 maternal informative markers 0 (paternal informative markers 312)
***Family = fam_09 chromosome = 2 numMarkers = 313 maternal informative markers 0 (paternal informative markers 309)
***Family = fam_08 chromosome = 3 numMarkers = 290 maternal informative markers 0 (paternal informative markers 290)
***Family = fam_01 chromosome = 3 numMarkers = 290 maternal informative markers 0 (paternal informative markers 290)
***Family = fam_09 chromosome = 3 numMarkers = 290 maternal informative markers 0 (paternal informative markers 282)
***Family = fam_08 chromosome = 4 numMarkers = 284 maternal informative markers 0 (paternal informative markers 284)
***Family = fam_01 chromosome = 4 numMarkers = 284 maternal informative markers 0 (paternal informative markers 284)
***Family = fam_09 chromosome = 4 numMarkers = 284 maternal informative markers 0 (paternal informative markers 283)
***Family = fam_08 chromosome = 5 numMarkers = 261 maternal informative markers 0 (paternal informative markers 253)
***Family = fam_01 chromosome = 5 numMarkers = 261 maternal informative markers 0 (paternal informative markers 261)
***Family = fam_09 chromosome = 5 numMarkers = 261 maternal informative markers 0 (paternal informative markers 261)
***Family = fam_08 chromosome = 6 numMarkers = 259 maternal informative markers 0 (paternal informative markers 259)
***Family = fam_01 chromosome = 6 numMarkers = 259 maternal informative markers 0 (paternal informative markers 259)
***Family = fam_09 chromosome = 6 numMarkers = 259 maternal informative markers 0 (paternal informative markers 259)
***Family = fam_08 chromosome = 7 numMarkers = 258 maternal informative markers 0 (paternal informative markers 258)
***Family = fam_01 chromosome = 7 numMarkers = 258 maternal informative markers 0 (paternal informative markers 258)
***Family = fam_09 chromosome = 7 numMarkers = 258 maternal informative markers 0 (paternal informative markers 258)
***Family = fam_08 chromosome = 8 numMarkers = 247 maternal informative markers 0 (paternal informative markers 247)
***Family = fam_01 chromosome = 8 numMarkers = 247 maternal informative markers 0 (paternal informative markers 247)
***Family = fam_09 chromosome = 8 numMarkers = 247 maternal informative markers 0 (paternal informative markers 247)
***Family = fam_08 chromosome = 9 numMarkers = 245 maternal informative markers 0 (paternal informative markers 245)
***Family = fam_01 chromosome = 9 numMarkers = 245 maternal informative markers 0 (paternal informative markers 245)
***Family = fam_09 chromosome = 9 numMarkers = 245 maternal informative markers 0 (paternal informative markers 245)
***Family = fam_08 chromosome = 10 numMarkers = 233 maternal informative markers 0 (paternal informative markers 233)
***Family = fam_01 chromosome = 10 numMarkers = 233 maternal informative markers 0 (paternal informative markers 233)
***Family = fam_09 chromosome = 10 numMarkers = 233 maternal informative markers 0 (paternal informative markers 233)
***Family = fam_08 chromosome = 11 numMarkers = 231 maternal informative markers 0 (paternal informative markers 231)
***Family = fam_01 chromosome = 11 numMarkers = 231 maternal informative markers 0 (paternal informative markers 231)
***Family = fam_09 chromosome = 11 numMarkers = 231 maternal informative markers 0 (paternal informative markers 231)
***Family = fam_08 chromosome = 12 numMarkers = 225 maternal informative markers 0 (paternal informative markers 225)
***Family = fam_01 chromosome = 12 numMarkers = 225 maternal informative markers 0 (paternal informative markers 225)
***Family = fam_09 chromosome = 12 numMarkers = 225 maternal informative markers 0 (paternal informative markers 225)
***Family = fam_08 chromosome = 13 numMarkers = 199 maternal informative markers 0 (paternal informative markers 197)
***Family = fam_01 chromosome = 13 numMarkers = 199 maternal informative markers 0 (paternal informative markers 199)
***Family = fam_09 chromosome = 13 numMarkers = 199 maternal informative markers 0 (paternal informative markers 199)
***Family = fam_08 chromosome = 14 numMarkers = 187 maternal informative markers 0 (paternal informative markers 187)
***Family = fam_01 chromosome = 14 numMarkers = 187 maternal informative markers 0 (paternal informative markers 187)
***Family = fam_09 chromosome = 14 numMarkers = 187 maternal informative markers 0 (paternal informative markers 187)
***Family = fam_08 chromosome = 15 numMarkers = 173 maternal informative markers 0 (paternal informative markers 173)
***Family = fam_01 chromosome = 15 numMarkers = 173 maternal informative markers 0 (paternal informative markers 173)
***Family = fam_09 chromosome = 15 numMarkers = 173 maternal informative markers 0 (paternal informative markers 173)
***Family = fam_08 chromosome = 16 numMarkers = 171 maternal informative markers 0 (paternal informative markers 171)
***Family = fam_01 chromosome = 16 numMarkers = 171 maternal informative markers 0 (paternal informative markers 171)
***Family = fam_09 chromosome = 16 numMarkers = 171 maternal informative markers 0 (paternal informative markers 171)
***Family = fam_08 chromosome = 17 numMarkers = 169 maternal informative markers 0 (paternal informative markers 169)
***Family = fam_01 chromosome = 17 numMarkers = 169 maternal informative markers 0 (paternal informative markers 169)
***Family = fam_09 chromosome = 17 numMarkers = 169 maternal informative markers 0 (paternal informative markers 169)
***Family = fam_08 chromosome = 18 numMarkers = 169 maternal informative markers 0 (paternal informative markers 169)
***Family = fam_01 chromosome = 18 numMarkers = 169 maternal informative markers 0 (paternal informative markers 169)
***Family = fam_09 chromosome = 18 numMarkers = 169 maternal informative markers 0 (paternal informative markers 169)
***Family = fam_08 chromosome = 19 numMarkers = 168 maternal informative markers 0 (paternal informative markers 168)
***Family = fam_01 chromosome = 19 numMarkers = 168 maternal informative markers 0 (paternal informative markers 168)
***Family = fam_09 chromosome = 19 numMarkers = 168 maternal informative markers 0 (paternal informative markers 168)
***Family = fam_08 chromosome = 20 numMarkers = 166 maternal informative markers 0 (paternal informative markers 166)
***Family = fam_01 chromosome = 20 numMarkers = 166 maternal informative markers 0 (paternal informative markers 166)
***Family = fam_09 chromosome = 20 numMarkers = 166 maternal informative markers 0 (paternal informative markers 166)
***Family = fam_08 chromosome = 21 numMarkers = 162 maternal informative markers 0 (paternal informative markers 162)
***Family = fam_01 chromosome = 21 numMarkers = 162 maternal informative markers 0 (paternal informative markers 162)
***Family = fam_09 chromosome = 21 numMarkers = 162 maternal informative markers 0 (paternal informative markers 162)
***Family = fam_08 chromosome = 22 numMarkers = 162 maternal informative markers 0 (paternal informative markers 162)
***Family = fam_01 chromosome = 22 numMarkers = 162 maternal informative markers 0 (paternal informative markers 162)
***Family = fam_09 chromosome = 22 numMarkers = 162 maternal informative markers 0 (paternal informative markers 162)
***Family = fam_08 chromosome = 23 numMarkers = 157 maternal informative markers 0 (paternal informative markers 150)
***Family = fam_01 chromosome = 23 numMarkers = 157 maternal informative markers 0 (paternal informative markers 157)
***Family = fam_09 chromosome = 23 numMarkers = 157 maternal informative markers 0 (paternal informative markers 157)
***Family = fam_08 chromosome = 24 numMarkers = 153 maternal informative markers 0 (paternal informative markers 153)
***Family = fam_01 chromosome = 24 numMarkers = 153 maternal informative markers 0 (paternal informative markers 153)
***Family = fam_09 chromosome = 24 numMarkers = 153 maternal informative markers 0 (paternal informative markers 153)
***Family = fam_08 chromosome = 25 numMarkers = 152 maternal informative markers 0 (paternal informative markers 152)
***Family = fam_01 chromosome = 25 numMarkers = 152 maternal informative markers 0 (paternal informative markers 152)
***Family = fam_09 chromosome = 25 numMarkers = 152 maternal informative markers 0 (paternal informative markers 152)
***Family = fam_08 chromosome = 26 numMarkers = 151 maternal informative markers 0 (paternal informative markers 151)
***Family = fam_01 chromosome = 26 numMarkers = 151 maternal informative markers 0 (paternal informative markers 151)
***Family = fam_09 chromosome = 26 numMarkers = 151 maternal informative markers 0 (paternal informative markers 151)
***Family = fam_08 chromosome = 27 numMarkers = 148 maternal informative markers 0 (paternal informative markers 148)
***Family = fam_01 chromosome = 27 numMarkers = 148 maternal informative markers 0 (paternal informative markers 148)
***Family = fam_09 chromosome = 27 numMarkers = 148 maternal informative markers 0 (paternal informative markers 148)
***Family = fam_08 chromosome = 28 numMarkers = 147 maternal informative markers 0 (paternal informative markers 147)
***Family = fam_01 chromosome = 28 numMarkers = 147 maternal informative markers 0 (paternal informative markers 147)
***Family = fam_09 chromosome = 28 numMarkers = 147 maternal informative markers 0 (paternal informative markers 147)
***Family = fam_08 chromosome = 29 numMarkers = 140 maternal informative markers 0 (paternal informative markers 140)
***Family = fam_01 chromosome = 29 numMarkers = 140 maternal informative markers 0 (paternal informative markers 140)
***Family = fam_09 chromosome = 29 numMarkers = 140 maternal informative markers 0 (paternal informative markers 140)
***Family = fam_08 chromosome = 30 numMarkers = 137 maternal informative markers 0 (paternal informative markers 137)
***Family = fam_01 chromosome = 30 numMarkers = 137 maternal informative markers 0 (paternal informative markers 137)
***Family = fam_09 chromosome = 30 numMarkers = 137 maternal informative markers 0 (paternal informative markers 137)
***Family = fam_08 chromosome = 31 numMarkers = 136 maternal informative markers 0 (paternal informative markers 136)
***Family = fam_01 chromosome = 31 numMarkers = 136 maternal informative markers 0 (paternal informative markers 136)
***Family = fam_09 chromosome = 31 numMarkers = 136 maternal informative markers 0 (paternal informative markers 136)
***Family = fam_08 chromosome = 32 numMarkers = 135 maternal informative markers 0 (paternal informative markers 135)
***Family = fam_01 chromosome = 32 numMarkers = 135 maternal informative markers 0 (paternal informative markers 135)
***Family = fam_09 chromosome = 32 numMarkers = 135 maternal informative markers 0 (paternal informative markers 135)
***Family = fam_08 chromosome = 33 numMarkers = 131 maternal informative markers 0 (paternal informative markers 131)
***Family = fam_01 chromosome = 33 numMarkers = 131 maternal informative markers 0 (paternal informative markers 130)
***Family = fam_09 chromosome = 33 numMarkers = 131 maternal informative markers 0 (paternal informative markers 131)
***Family = fam_08 chromosome = 34 numMarkers = 131 maternal informative markers 0 (paternal informative markers 131)
***Family = fam_01 chromosome = 34 numMarkers = 131 maternal informative markers 0 (paternal informative markers 131)
***Family = fam_09 chromosome = 34 numMarkers = 131 maternal informative markers 0 (paternal informative markers 131)
***Family = fam_08 chromosome = 35 numMarkers = 118 maternal informative markers 0 (paternal informative markers 118)
***Family = fam_01 chromosome = 35 numMarkers = 118 maternal informative markers 0 (paternal informative markers 118)
***Family = fam_09 chromosome = 35 numMarkers = 118 maternal informative markers 0 (paternal informative markers 118)
***Family = fam_08 chromosome = 36 numMarkers = 115 maternal informative markers 0 (paternal informative markers 114)
***Family = fam_01 chromosome = 36 numMarkers = 115 maternal informative markers 0 (paternal informative markers 115)
***Family = fam_09 chromosome = 36 numMarkers = 115 maternal informative markers 0 (paternal informative markers 115)
***Family = fam_08 chromosome = 37 numMarkers = 98 maternal informative markers 0 (paternal informative markers 98)
***Family = fam_01 chromosome = 37 numMarkers = 98 maternal informative markers 0 (paternal informative markers 98)
***Family = fam_09 chromosome = 37 numMarkers = 98 maternal informative markers 0 (paternal informative markers 98)
Family fam_08
Family fam_01
Family fam_09
Number of different markers = 11751
8.100657636890398 vs. 0.0
8.100657636890398 vs. 0.0
8.100657636890398 vs. 0.0
8.100657636890398 vs. 0.0
8.100657636890398 vs. 0.0
8.3891469783143 vs. 0.0
8.100657636890398 vs. 0.0
8.100657636890398 vs. 0.0
8.100657636890398 vs. 0.0
8.677986831062242 vs. 0.0
8.100657636890398 vs. 0.0
8.100657636890398 vs. 0.0
8.100657636890398 vs. 0.0
8.100657636890398 vs. 3.5729579403885614
8.100657636890398 vs. 0.0
8.677986831062242 vs. 0.0
486 : chr35 : 8.100657636890398 vs. chr6 : 6.580332247358362 (not joined)
8.100657636890398 vs. 0.0
8.100657636890398 vs. 4.335704634601774
8.100657636890398 vs. 0.0
8.3891469783143 vs. 0.0
8.100657636890398 vs. 0.0
8.100657636890398 vs. 0.0
758 : chr6 : 8.3891469783143 vs. chr35 : 6.305454970542936 (not joined)
8.100657636890398 vs. 0.0
8.677986831062242 vs. 0.0
8.100657636890398 vs. 0.0
8.100657636890398 vs. 0.0
8.100657636890398 vs. 0.0
8.100657636890398 vs. 0.0
8.100657636890398 vs. 0.0
8.677986831062242 vs. 0.0
8.100657636890398 vs. 0.0
8.100657636890398 vs. 0.0
8.3891469783143 vs. 0.0
8.100657636890398 vs. 0.0
8.100657636890398 vs. 0.0
8.100657636890398 vs. 0.0
8.3891469783143 vs. 0.0
8.967158220164773 vs. 0.0
8.3891469783143 vs. 0.0
8.100657636890398 vs. 0.0
8.3891469783143 vs. 0.0
8.100657636890398 vs. 0.0
8.100657636890398 vs. 0.0
8.3891469783143 vs. 0.0
8.100657636890398 vs. 0.0
8.967158220164773 vs. 0.0
8.100657636890398 vs. 0.0
8.100657636890398 vs. 0.0
8.100657636890398 vs. 0.0
8.100657636890398 vs. 0.0
8.100657636890398 vs. 0.0
8.100657636890398 vs. 0.0
8.3891469783143 vs. 0.0
8.100657636890398 vs. 0.0
8.100657636890398 vs. 0.0
8.100657636890398 vs. 0.0
8.100657636890398 vs. 0.0
8.3891469783143 vs. 0.0
8.967158220164773 vs. 0.0
8.100657636890398 vs. 0.0
8.100657636890398 vs. 0.0
8.100657636890398 vs. 0.0
8.100657636890398 vs. 0.0
8.3891469783143 vs. 0.0
8.967158220164773 vs. 0.0
8.100657636890398 vs. 0.0
8.100657636890398 vs. 0.0
8.3891469783143 vs. 0.0
8.677986831062242 vs. 0.0
8.3891469783143 vs. 0.0
8.3891469783143 vs. 0.0
8.100657636890398 vs. 0.0
8.3891469783143 vs. 0.0
8.677986831062242 vs. 0.0
1916 : chr35 : 8.100657636890398 vs. chr6 : 6.85596827651233 (not joined)
8.100657636890398 vs. 0.0
8.100657636890398 vs. 0.0
8.3891469783143 vs. 0.0
8.3891469783143 vs. 0.0
8.100657636890398 vs. 0.0
2158 : chr6 : 8.100657636890398 vs. chr35 : 7.812539448162381 (not joined)
8.100657636890398 vs. 0.0
8.100657636890398 vs. 0.0
8.100657636890398 vs. 0.0
8.100657636890398 vs. 0.0
8.677986831062242 vs. 0.0
8.100657636890398 vs. 0.0
8.100657636890398 vs. 0.0
8.3891469783143 vs. 0.0
8.3891469783143 vs. 0.0
8.100657636890398 vs. 0.0
8.100657636890398 vs. 0.0
8.677986831062242 vs. 0.0
8.100657636890398 vs. 0.0
8.100657636890398 vs. 0.0
8.100657636890398 vs. 0.0
8.100657636890398 vs. 0.0
8.100657636890398 vs. 0.0
8.100657636890398 vs. 0.0
8.3891469783143 vs. 0.0
8.3891469783143 vs. 0.0
8.677986831062242 vs. 0.0
8.677986831062242 vs. 0.0
8.100657636890398 vs. 0.0
8.100657636890398 vs. 0.0
8.3891469783143 vs. 0.0
8.677986831062242 vs. 0.0
8.100657636890398 vs. 0.0
8.677986831062242 vs. 0.0
8.100657636890398 vs. 0.0
8.677986831062242 vs. 0.0
8.100657636890398 vs. 0.0
8.3891469783143 vs. 0.0
8.100657636890398 vs. 0.0
8.100657636890398 vs. 0.0
8.100657636890398 vs. 0.0
8.3891469783143 vs. 0.0
8.100657636890398 vs. 0.0
8.100657636890398 vs. 0.0
8.100657636890398 vs. 0.0
8.100657636890398 vs. 0.0
8.100657636890398 vs. 0.0
8.100657636890398 vs. 0.0
8.100657636890398 vs. 0.0
8.677986831062242 vs. 0.0
8.677986831062242 vs. 0.0
8.100657636890398 vs. 0.0
8.100657636890398 vs. 0.0
8.3891469783143 vs. 0.0
8.3891469783143 vs. 0.0
8.100657636890398 vs. 0.0
8.100657636890398 vs. 0.0
8.100657636890398 vs. 0.0
8.100657636890398 vs. 0.0
8.100657636890398 vs. 0.0
8.100657636890398 vs. 0.0
8.100657636890398 vs. 0.0
8.3891469783143 vs. 0.0
8.677986831062242 vs. 0.0
8.100657636890398 vs. 0.0
8.100657636890398 vs. 0.0
8.677986831062242 vs. 0.0
8.100657636890398 vs. 0.0
8.677986831062242 vs. 0.0
8.100657636890398 vs. 0.0
8.100657636890398 vs. 0.0
8.100657636890398 vs. 0.0
8.100657636890398 vs. 0.0
8.100657636890398 vs. 0.0
8.3891469783143 vs. 0.0
8.3891469783143 vs. 0.0
8.3891469783143 vs. 0.0
8.677986831062242 vs. 0.0
8.677986831062242 vs. 0.0
8.100657636890398 vs. 0.0
8.3891469783143 vs. 0.0
8.677986831062242 vs. 0.0
8.100657636890398 vs. 0.0
8.100657636890398 vs. 0.0
8.100657636890398 vs. 0.0
8.100657636890398 vs. 0.0
8.100657636890398 vs. 0.0
8.100657636890398 vs. 0.0
8.100657636890398 vs. 0.0
8.100657636890398 vs. 0.0
8.3891469783143 vs. 0.0
8.100657636890398 vs. 0.0
8.100657636890398 vs. 0.0
8.3891469783143 vs. 0.0
8.3891469783143 vs. 0.0
8.3891469783143 vs. 0.0
8.677986831062242 vs. 0.0
8.3891469783143 vs. 0.0
8.3891469783143 vs. 0.0
8.677986831062242 vs. 0.0
8.3891469783143 vs. 0.0
8.100657636890398 vs. 0.0
8.100657636890398 vs. 0.0
8.100657636890398 vs. 0.0
8.3891469783143 vs. 0.0
8.100657636890398 vs. 0.0
8.100657636890398 vs. 0.0
8.3891469783143 vs. 0.0
8.3891469783143 vs. 0.0
8.100657636890398 vs. 0.0
8.100657636890398 vs. 0.0
8.100657636890398 vs. 0.0
8.100657636890398 vs. 0.0
8.100657636890398 vs. 0.0
8.3891469783143 vs. 0.0
8.3891469783143 vs. 0.0
8.677986831062242 vs. 0.0
4933 : chr6 : 8.100657636890398 vs. chr35 : 7.812539448162381 (not joined)
8.3891469783143 vs. 0.0
8.100657636890398 vs. 0.0
8.3891469783143 vs. 0.0
8.100657636890398 vs. 0.0
8.967158220164773 vs. 0.0
8.100657636890398 vs. 0.0
8.3891469783143 vs. 0.0
8.3891469783143 vs. 0.0
8.3891469783143 vs. 0.0
8.100657636890398 vs. 0.0
8.3891469783143 vs. 0.0
8.677986831062242 vs. 0.0
8.100657636890398 vs. 0.0
8.100657636890398 vs. 0.0
8.3891469783143 vs. 0.0
8.100657636890398 vs. 0.0
8.677986831062242 vs. 0.0
8.677986831062242 vs. 0.0
8.3891469783143 vs. 0.0
8.3891469783143 vs. 0.0
8.3891469783143 vs. 0.0
8.677986831062242 vs. 0.0
8.100657636890398 vs. 0.0
8.100657636890398 vs. 0.0
8.3891469783143 vs. 0.0
8.100657636890398 vs. 0.0
8.100657636890398 vs. 0.0
8.100657636890398 vs. 0.0
8.100657636890398 vs. 0.0
8.3891469783143 vs. 0.0
5857 : chr6 : 8.3891469783143 vs. chr35 : 7.812539448162381 (not joined)
8.100657636890398 vs. 0.0
8.100657636890398 vs. 0.0
8.3891469783143 vs. 0.0
8.3891469783143 vs. 0.0
8.677986831062242 vs. 0.0
8.967158220164773 vs. 0.0
8.3891469783143 vs. 0.0
8.100657636890398 vs. 0.0
8.100657636890398 vs. 0.0
8.100657636890398 vs. 0.0
8.100657636890398 vs. 0.0
8.677986831062242 vs. 0.0
8.3891469783143 vs. 0.0
8.100657636890398 vs. 0.0
8.100657636890398 vs. 0.0
8.3891469783143 vs. 0.0
8.3891469783143 vs. 0.0
8.3891469783143 vs. 0.0
8.3891469783143 vs. 0.0
8.3891469783143 vs. 0.0
8.677986831062242 vs. 0.0
8.3891469783143 vs. 0.0
8.3891469783143 vs. 0.0
8.100657636890398 vs. 0.0
8.100657636890398 vs. 0.0
8.100657636890398 vs. 0.0
8.100657636890398 vs. 0.0
8.100657636890398 vs. 0.0
8.3891469783143 vs. 0.0
8.3891469783143 vs. 0.0
8.100657636890398 vs. 0.0
8.3891469783143 vs. 0.0
8.3891469783143 vs. 0.0
8.100657636890398 vs. 0.0
8.100657636890398 vs. 0.0
8.3891469783143 vs. 0.0
8.3891469783143 vs. 0.0
8.100657636890398 vs. 0.0
8.100657636890398 vs. 0.0
8.100657636890398 vs. 0.0
8.3891469783143 vs. 0.0
8.100657636890398 vs. 0.0
8.100657636890398 vs. 0.0
8.100657636890398 vs. 0.0
8.100657636890398 vs. 0.0
8.100657636890398 vs. 0.0
8.100657636890398 vs. 0.0
8.100657636890398 vs. 0.0
8.3891469783143 vs. 0.0
8.3891469783143 vs. 0.0
8.3891469783143 vs. 0.0
8.3891469783143 vs. 0.0
8.3891469783143 vs. 0.0
8.100657636890398 vs. 0.0
8.100657636890398 vs. 0.0
8.3891469783143 vs. 0.0
8.677986831062242 vs. 0.0
8.100657636890398 vs. 0.0
8.677986831062242 vs. 0.0
8.3891469783143 vs. 0.0
8.100657636890398 vs. 0.0
8.677986831062242 vs. 0.0
8.100657636890398 vs. 0.0
8.100657636890398 vs. 0.0
8.100657636890398 vs. 0.0
8.100657636890398 vs. 0.0
8.100657636890398 vs. 0.0
8.100657636890398 vs. 0.0
8.100657636890398 vs. 0.0
8.100657636890398 vs. 0.0
8.100657636890398 vs. 0.0
8.100657636890398 vs. 0.0
8.100657636890398 vs. 0.0
8.677986831062242 vs. 0.0
8.100657636890398 vs. 0.0
8.100657636890398 vs. 0.0
8.100657636890398 vs. 0.0
8.100657636890398 vs. 0.0
8.3891469783143 vs. 0.0
8.677986831062242 vs. 0.0
8903 : chr6 : 8.3891469783143 vs. chr35 : 7.812539448162381 (not joined)
8.3891469783143 vs. 0.0
8.3891469783143 vs. 0.0
8.100657636890398 vs. 0.0
8.100657636890398 vs. 0.0
8.100657636890398 vs. 0.0
8.100657636890398 vs. 0.0
8.100657636890398 vs. 0.0
8.3891469783143 vs. 0.0
8.100657636890398 vs. 0.0
8.100657636890398 vs. 0.0
8.677986831062242 vs. 0.0
8.100657636890398 vs. 0.0
8.100657636890398 vs. 0.0
8.100657636890398 vs. 0.0
8.100657636890398 vs. 0.0
8.100657636890398 vs. 0.0
8.100657636890398 vs. 0.0
8.100657636890398 vs. 0.0
8.967158220164773 vs. 0.0
8.3891469783143 vs. 0.0
8.100657636890398 vs. 0.0
8.100657636890398 vs. 0.0
8.100657636890398 vs. 0.0
8.677986831062242 vs. 0.0
8.3891469783143 vs. 0.0
8.3891469783143 vs. 0.0
8.100657636890398 vs. 0.0
8.100657636890398 vs. 0.0
8.100657636890398 vs. 0.0
8.100657636890398 vs. 0.0
8.3891469783143 vs. 0.0
8.677986831062242 vs. 0.0
8.3891469783143 vs. 0.0
8.100657636890398 vs. 0.0
8.100657636890398 vs. 0.0
8.100657636890398 vs. 0.0
8.677986831062242 vs. 0.0
8.3891469783143 vs. 0.0
8.3891469783143 vs. 0.0
8.100657636890398 vs. 3.8255410666115806
8.677986831062242 vs. 0.0
8.100657636890398 vs. 0.0
8.100657636890398 vs. 0.0
8.100657636890398 vs. 0.0
8.100657636890398 vs. 0.0
8.100657636890398 vs. 0.0
8.100657636890398 vs. 0.0
8.100657636890398 vs. 0.0
8.100657636890398 vs. 0.0
8.3891469783143 vs. 0.0
8.100657636890398 vs. 0.0
8.100657636890398 vs. 0.0
8.100657636890398 vs. 0.0
8.3891469783143 vs. 0.0
10327 : chr6 : 8.677986831062242 vs. chr35 : 8.100657636890398 (not joined)
8.100657636890398 vs. 0.0
8.3891469783143 vs. 0.0
8.100657636890398 vs. 0.0
8.677986831062242 vs. 0.0
8.100657636890398 vs. 0.0
8.100657636890398 vs. 0.0
8.100657636890398 vs. 0.0
8.100657636890398 vs. 0.0
8.3891469783143 vs. 0.0
10518 : chr6 : 8.100657636890398 vs. chr35 : 7.812539448162381 (not joined)
8.3891469783143 vs. 0.0
8.100657636890398 vs. 0.0
8.100657636890398 vs. 0.0
8.3891469783143 vs. 0.0
8.3891469783143 vs. 0.0
8.100657636890398 vs. 0.0
8.3891469783143 vs. 0.0
8.100657636890398 vs. 0.0
8.3891469783143 vs. 0.0
8.100657636890398 vs. 0.0
10760 : chr35 : 8.100657636890398 vs. chr6 : 6.85596827651233 (not joined)
8.3891469783143 vs. 0.0
8.100657636890398 vs. 0.0
8.677986831062242 vs. 0.0
8.967158220164773 vs. 0.0
8.100657636890398 vs. 0.0
8.3891469783143 vs. 0.0
8.3891469783143 vs. 0.0
8.100657636890398 vs. 0.0
8.100657636890398 vs. 0.0
8.100657636890398 vs. 0.0
8.100657636890398 vs. 0.0
8.100657636890398 vs. 0.0
8.100657636890398 vs. 0.0
8.100657636890398 vs. 0.0
8.100657636890398 vs. 0.0
8.3891469783143 vs. 0.0
8.100657636890398 vs. 0.0
8.100657636890398 vs. 0.0
8.100657636890398 vs. 3.8255410666115806
8.3891469783143 vs. 0.0
8.100657636890398 vs. 0.0
8.100657636890398 vs. 0.0
8.3891469783143 vs. 0.0
8.3891469783143 vs. 0.0
8.100657636890398 vs. 0.0
8.3891469783143 vs. 0.0
8.3891469783143 vs. 0.0
8.100657636890398 vs. 0.0
8.100657636890398 vs. 0.0
8.100657636890398 vs. 0.0
8.100657636890398 vs. 0.0
8.3891469783143 vs. 0.0
8.100657636890398 vs. 0.0
8.100657636890398 vs. 0.0
8.3891469783143 vs. 0.0
8.100657636890398 vs. 0.0
8.100657636890398 vs. 0.0
8.100657636890398 vs. 0.0
8.100657636890398 vs. 0.0
8.3891469783143 vs. 0.0
8.3891469783143 vs. 0.0
8.100657636890398 vs. 0.0
8.100657636890398 vs. 0.0
8.100657636890398 vs. 0.0
8.3891469783143 vs. 0.0
8.100657636890398 vs. 0.0
8.3891469783143 vs. 0.0
8.100657636890398 vs. 0.0
8.677986831062242 vs. 0.0
8.100657636890398 vs. 0.0
8.100657636890398 vs. 0.0
8.3891469783143 vs. 0.0
8.100657636890398 vs. 0.0
8.100657636890398 vs. 0.0
8.3891469783143 vs. 0.0
8.677986831062242 vs. 0.0
8.3891469783143 vs. 0.0
8.100657636890398 vs. 0.0
8.3891469783143 vs. 0.0
8.677986831062242 vs. 0.0
8.100657636890398 vs. 0.0
8.100657636890398 vs. 0.0
8.100657636890398 vs. 0.0
8.100657636890398 vs. 0.0
8.100657636890398 vs. 0.0
8.100657636890398 vs. 0.0
8.3891469783143 vs. 0.0
Number of joined markers in chr 1 is 18
Number of joined markers in chr 2 is 15
Number of joined markers in chr 3 is 11
Number of joined markers in chr 4 is 7
Number of joined markers in chr 5 is 24
Number of joined markers in chr 6 is 19
Number of joined markers in chr 7 is 14
Number of joined markers in chr 8 is 8
Number of joined markers in chr 9 is 20
Number of joined markers in chr 10 is 10
Number of joined markers in chr 11 is 18
Number of joined markers in chr 12 is 13
Number of joined markers in chr 13 is 11
Number of joined markers in chr 14 is 18
Number of joined markers in chr 15 is 10
Number of joined markers in chr 16 is 4
Number of joined markers in chr 17 is 15
Number of joined markers in chr 18 is 3
Number of joined markers in chr 19 is 15
Number of joined markers in chr 20 is 10
Number of joined markers in chr 21 is 8
Number of joined markers in chr 22 is 12
Number of joined markers in chr 23 is 12
Number of joined markers in chr 24 is 9
Number of joined markers in chr 25 is 16
Number of joined markers in chr 26 is 14
Number of joined markers in chr 27 is 9
Number of joined markers in chr 28 is 12
Number of joined markers in chr 29 is 7
Number of joined markers in chr 30 is 9
Number of joined markers in chr 31 is 9
Number of joined markers in chr 32 is 17
Number of joined markers in chr 33 is 5
Number of joined markers in chr 34 is 9
Number of joined markers in chr 35 is 3
Number of joined markers in chr 36 is 15
Number of joined markers in chr 37 is 11
joined 440 single markers, non-conflicting LOD score > 8.100657636890398
Number of LGs = 37, markers in LGs = 7433, singles = 4718
