0->0 : 0
0->1 : 0
0->2 : 0
       Error rate = 0.0
1->0 : 0
1->1 : 0
1->2 : 0
       Error rate = 0.0
2->0 : 0
2->1 : 0
2->2 : 0
       Error rate = 0.0
0,2->0,2 : 1340462
  0,2->1 : 0
1,2->1,2 : 0
  1,2->0 : 0
       Error rate = 0.0
Maternally informative markers = 0 (of 12028)
Paternally informative markers = 12028
Maternally or paternally informative markers = 12028
Removed 0 markers
LOD(175, 0) = 50.730831351371116
LOD(174, 0) = 50.43224777297899
LOD(174, 1) = 48.48280135712733
LOD(173, 2) = 46.53823211177203
LOD(175, 0) = 51.823989272088426
LOD(174, 0) = 51.52516615900455
LOD(174, 1) = 49.53108809594482
LOD(173, 2) = 47.486415116373095
***Family = fam_08 chromosome = 1 numMarkers = 475 maternal informative markers 0 (paternal informative markers 475)
***Family = fam_01 chromosome = 1 numMarkers = 475 maternal informative markers 0 (paternal informative markers 475)
***Family = fam_09 chromosome = 1 numMarkers = 475 maternal informative markers 0 (paternal informative markers 475)
***Family = fam_08 chromosome = 2 numMarkers = 418 maternal informative markers 0 (paternal informative markers 413)
***Family = fam_01 chromosome = 2 numMarkers = 418 maternal informative markers 0 (paternal informative markers 416)
***Family = fam_09 chromosome = 2 numMarkers = 418 maternal informative markers 0 (paternal informative markers 413)
***Family = fam_08 chromosome = 3 numMarkers = 426 maternal informative markers 0 (paternal informative markers 426)
***Family = fam_01 chromosome = 3 numMarkers = 426 maternal informative markers 0 (paternal informative markers 425)
***Family = fam_09 chromosome = 3 numMarkers = 426 maternal informative markers 0 (paternal informative markers 416)
***Family = fam_08 chromosome = 4 numMarkers = 408 maternal informative markers 0 (paternal informative markers 408)
***Family = fam_01 chromosome = 4 numMarkers = 408 maternal informative markers 0 (paternal informative markers 408)
***Family = fam_09 chromosome = 4 numMarkers = 408 maternal informative markers 0 (paternal informative markers 407)
***Family = fam_08 chromosome = 5 numMarkers = 392 maternal informative markers 0 (paternal informative markers 392)
***Family = fam_01 chromosome = 5 numMarkers = 392 maternal informative markers 0 (paternal informative markers 392)
***Family = fam_09 chromosome = 5 numMarkers = 392 maternal informative markers 0 (paternal informative markers 392)
***Family = fam_08 chromosome = 6 numMarkers = 426 maternal informative markers 0 (paternal informative markers 426)
***Family = fam_01 chromosome = 6 numMarkers = 426 maternal informative markers 0 (paternal informative markers 426)
***Family = fam_09 chromosome = 6 numMarkers = 426 maternal informative markers 0 (paternal informative markers 426)
***Family = fam_08 chromosome = 7 numMarkers = 435 maternal informative markers 0 (paternal informative markers 416)
***Family = fam_01 chromosome = 7 numMarkers = 435 maternal informative markers 0 (paternal informative markers 434)
***Family = fam_09 chromosome = 7 numMarkers = 435 maternal informative markers 0 (paternal informative markers 435)
***Family = fam_08 chromosome = 8 numMarkers = 366 maternal informative markers 0 (paternal informative markers 366)
***Family = fam_01 chromosome = 8 numMarkers = 366 maternal informative markers 0 (paternal informative markers 366)
***Family = fam_09 chromosome = 8 numMarkers = 366 maternal informative markers 0 (paternal informative markers 366)
***Family = fam_08 chromosome = 9 numMarkers = 313 maternal informative markers 0 (paternal informative markers 313)
***Family = fam_01 chromosome = 9 numMarkers = 313 maternal informative markers 0 (paternal informative markers 313)
***Family = fam_09 chromosome = 9 numMarkers = 313 maternal informative markers 0 (paternal informative markers 313)
***Family = fam_08 chromosome = 10 numMarkers = 319 maternal informative markers 0 (paternal informative markers 319)
***Family = fam_01 chromosome = 10 numMarkers = 319 maternal informative markers 0 (paternal informative markers 319)
***Family = fam_09 chromosome = 10 numMarkers = 319 maternal informative markers 0 (paternal informative markers 319)
***Family = fam_08 chromosome = 11 numMarkers = 362 maternal informative markers 0 (paternal informative markers 361)
***Family = fam_01 chromosome = 11 numMarkers = 362 maternal informative markers 0 (paternal informative markers 360)
***Family = fam_09 chromosome = 11 numMarkers = 362 maternal informative markers 0 (paternal informative markers 362)
***Family = fam_08 chromosome = 12 numMarkers = 329 maternal informative markers 0 (paternal informative markers 329)
***Family = fam_01 chromosome = 12 numMarkers = 329 maternal informative markers 0 (paternal informative markers 329)
***Family = fam_09 chromosome = 12 numMarkers = 329 maternal informative markers 0 (paternal informative markers 329)
***Family = fam_08 chromosome = 13 numMarkers = 301 maternal informative markers 0 (paternal informative markers 292)
***Family = fam_01 chromosome = 13 numMarkers = 301 maternal informative markers 0 (paternal informative markers 301)
***Family = fam_09 chromosome = 13 numMarkers = 301 maternal informative markers 0 (paternal informative markers 301)
***Family = fam_08 chromosome = 14 numMarkers = 305 maternal informative markers 0 (paternal informative markers 305)
***Family = fam_01 chromosome = 14 numMarkers = 305 maternal informative markers 0 (paternal informative markers 305)
***Family = fam_09 chromosome = 14 numMarkers = 305 maternal informative markers 0 (paternal informative markers 305)
***Family = fam_08 chromosome = 15 numMarkers = 242 maternal informative markers 0 (paternal informative markers 239)
***Family = fam_01 chromosome = 15 numMarkers = 242 maternal informative markers 0 (paternal informative markers 242)
***Family = fam_09 chromosome = 15 numMarkers = 242 maternal informative markers 0 (paternal informative markers 242)
***Family = fam_08 chromosome = 16 numMarkers = 278 maternal informative markers 0 (paternal informative markers 278)
***Family = fam_01 chromosome = 16 numMarkers = 278 maternal informative markers 0 (paternal informative markers 278)
***Family = fam_09 chromosome = 16 numMarkers = 278 maternal informative markers 0 (paternal informative markers 278)
***Family = fam_08 chromosome = 17 numMarkers = 262 maternal informative markers 0 (paternal informative markers 262)
***Family = fam_01 chromosome = 17 numMarkers = 262 maternal informative markers 0 (paternal informative markers 260)
***Family = fam_09 chromosome = 17 numMarkers = 262 maternal informative markers 0 (paternal informative markers 262)
***Family = fam_08 chromosome = 18 numMarkers = 258 maternal informative markers 0 (paternal informative markers 258)
***Family = fam_01 chromosome = 18 numMarkers = 258 maternal informative markers 0 (paternal informative markers 258)
***Family = fam_09 chromosome = 18 numMarkers = 258 maternal informative markers 0 (paternal informative markers 258)
***Family = fam_08 chromosome = 19 numMarkers = 256 maternal informative markers 0 (paternal informative markers 256)
***Family = fam_01 chromosome = 19 numMarkers = 256 maternal informative markers 0 (paternal informative markers 256)
***Family = fam_09 chromosome = 19 numMarkers = 256 maternal informative markers 0 (paternal informative markers 256)
***Family = fam_08 chromosome = 20 numMarkers = 262 maternal informative markers 0 (paternal informative markers 262)
***Family = fam_01 chromosome = 20 numMarkers = 262 maternal informative markers 0 (paternal informative markers 262)
***Family = fam_09 chromosome = 20 numMarkers = 262 maternal informative markers 0 (paternal informative markers 262)
***Family = fam_08 chromosome = 21 numMarkers = 271 maternal informative markers 0 (paternal informative markers 271)
***Family = fam_01 chromosome = 21 numMarkers = 271 maternal informative markers 0 (paternal informative markers 271)
***Family = fam_09 chromosome = 21 numMarkers = 271 maternal informative markers 0 (paternal informative markers 271)
***Family = fam_08 chromosome = 22 numMarkers = 256 maternal informative markers 0 (paternal informative markers 255)
***Family = fam_01 chromosome = 22 numMarkers = 256 maternal informative markers 0 (paternal informative markers 256)
***Family = fam_09 chromosome = 22 numMarkers = 256 maternal informative markers 0 (paternal informative markers 256)
***Family = fam_08 chromosome = 23 numMarkers = 271 maternal informative markers 0 (paternal informative markers 247)
***Family = fam_01 chromosome = 23 numMarkers = 271 maternal informative markers 0 (paternal informative markers 271)
***Family = fam_09 chromosome = 23 numMarkers = 271 maternal informative markers 0 (paternal informative markers 271)
***Family = fam_08 chromosome = 24 numMarkers = 233 maternal informative markers 0 (paternal informative markers 233)
***Family = fam_01 chromosome = 24 numMarkers = 233 maternal informative markers 0 (paternal informative markers 233)
***Family = fam_09 chromosome = 24 numMarkers = 233 maternal informative markers 0 (paternal informative markers 233)
***Family = fam_08 chromosome = 25 numMarkers = 251 maternal informative markers 0 (paternal informative markers 251)
***Family = fam_01 chromosome = 25 numMarkers = 251 maternal informative markers 0 (paternal informative markers 251)
***Family = fam_09 chromosome = 25 numMarkers = 251 maternal informative markers 0 (paternal informative markers 251)
***Family = fam_08 chromosome = 26 numMarkers = 238 maternal informative markers 0 (paternal informative markers 238)
***Family = fam_01 chromosome = 26 numMarkers = 238 maternal informative markers 0 (paternal informative markers 238)
***Family = fam_09 chromosome = 26 numMarkers = 238 maternal informative markers 0 (paternal informative markers 238)
***Family = fam_08 chromosome = 27 numMarkers = 217 maternal informative markers 0 (paternal informative markers 216)
***Family = fam_01 chromosome = 27 numMarkers = 217 maternal informative markers 0 (paternal informative markers 217)
***Family = fam_09 chromosome = 27 numMarkers = 217 maternal informative markers 0 (paternal informative markers 217)
***Family = fam_08 chromosome = 28 numMarkers = 201 maternal informative markers 0 (paternal informative markers 201)
***Family = fam_01 chromosome = 28 numMarkers = 201 maternal informative markers 0 (paternal informative markers 201)
***Family = fam_09 chromosome = 28 numMarkers = 201 maternal informative markers 0 (paternal informative markers 201)
***Family = fam_08 chromosome = 29 numMarkers = 199 maternal informative markers 0 (paternal informative markers 199)
***Family = fam_01 chromosome = 29 numMarkers = 199 maternal informative markers 0 (paternal informative markers 199)
***Family = fam_09 chromosome = 29 numMarkers = 199 maternal informative markers 0 (paternal informative markers 199)
***Family = fam_08 chromosome = 30 numMarkers = 201 maternal informative markers 0 (paternal informative markers 201)
***Family = fam_01 chromosome = 30 numMarkers = 201 maternal informative markers 0 (paternal informative markers 201)
***Family = fam_09 chromosome = 30 numMarkers = 201 maternal informative markers 0 (paternal informative markers 201)
***Family = fam_08 chromosome = 31 numMarkers = 230 maternal informative markers 0 (paternal informative markers 229)
***Family = fam_01 chromosome = 31 numMarkers = 230 maternal informative markers 0 (paternal informative markers 230)
***Family = fam_09 chromosome = 31 numMarkers = 230 maternal informative markers 0 (paternal informative markers 230)
***Family = fam_08 chromosome = 32 numMarkers = 223 maternal informative markers 0 (paternal informative markers 223)
***Family = fam_01 chromosome = 32 numMarkers = 223 maternal informative markers 0 (paternal informative markers 223)
***Family = fam_09 chromosome = 32 numMarkers = 223 maternal informative markers 0 (paternal informative markers 223)
***Family = fam_08 chromosome = 33 numMarkers = 192 maternal informative markers 0 (paternal informative markers 192)
***Family = fam_01 chromosome = 33 numMarkers = 192 maternal informative markers 0 (paternal informative markers 191)
***Family = fam_09 chromosome = 33 numMarkers = 192 maternal informative markers 0 (paternal informative markers 192)
***Family = fam_08 chromosome = 34 numMarkers = 219 maternal informative markers 0 (paternal informative markers 219)
***Family = fam_01 chromosome = 34 numMarkers = 219 maternal informative markers 0 (paternal informative markers 219)
***Family = fam_09 chromosome = 34 numMarkers = 219 maternal informative markers 0 (paternal informative markers 219)
***Family = fam_08 chromosome = 35 numMarkers = 138 maternal informative markers 0 (paternal informative markers 138)
***Family = fam_01 chromosome = 35 numMarkers = 138 maternal informative markers 0 (paternal informative markers 138)
***Family = fam_09 chromosome = 35 numMarkers = 138 maternal informative markers 0 (paternal informative markers 138)
***Family = fam_08 chromosome = 36 numMarkers = 171 maternal informative markers 0 (paternal informative markers 169)
***Family = fam_01 chromosome = 36 numMarkers = 171 maternal informative markers 0 (paternal informative markers 171)
***Family = fam_09 chromosome = 36 numMarkers = 171 maternal informative markers 0 (paternal informative markers 171)
***Family = fam_08 chromosome = 37 numMarkers = 141 maternal informative markers 0 (paternal informative markers 141)
***Family = fam_01 chromosome = 37 numMarkers = 141 maternal informative markers 0 (paternal informative markers 141)
***Family = fam_09 chromosome = 37 numMarkers = 141 maternal informative markers 0 (paternal informative markers 141)
***Family = fam_08 chromosome = 38 numMarkers = 8 maternal informative markers 0 (paternal informative markers 8)
***Family = fam_01 chromosome = 38 numMarkers = 8 maternal informative markers 0 (paternal informative markers 8)
***Family = fam_09 chromosome = 38 numMarkers = 8 maternal informative markers 0 (paternal informative markers 8)
***Family = fam_08 chromosome = 39 numMarkers = 6 maternal informative markers 0 (paternal informative markers 6)
***Family = fam_01 chromosome = 39 numMarkers = 6 maternal informative markers 0 (paternal informative markers 6)
***Family = fam_09 chromosome = 39 numMarkers = 6 maternal informative markers 0 (paternal informative markers 6)
***Family = fam_08 chromosome = 40 numMarkers = 3 maternal informative markers 0 (paternal informative markers 3)
***Family = fam_01 chromosome = 40 numMarkers = 3 maternal informative markers 0 (paternal informative markers 3)
***Family = fam_09 chromosome = 40 numMarkers = 3 maternal informative markers 0 (paternal informative markers 3)
***Family = fam_08 chromosome = 41 numMarkers = 4 maternal informative markers 0 (paternal informative markers 4)
***Family = fam_01 chromosome = 41 numMarkers = 4 maternal informative markers 0 (paternal informative markers 4)
***Family = fam_09 chromosome = 41 numMarkers = 4 maternal informative markers 0 (paternal informative markers 4)
Family fam_08
Family fam_01
Family fam_09
Number of different markers = 11672
35 : chr10 : 6.580332247358362 vs. chr28 : 6.580332247358362 (not joined)
51 : chr3 : 6.580332247358362 vs. chr7 : 6.580332247358362 (not joined)
78 : chr13 : 6.664261435646007 vs. chr33 : 4.675048007013055 (not joined)
130 : chr13 : 6.664261435646007 vs. chr9 : 5.524173508071117 (not joined)
137 : chr7 : 6.950647613629127 vs. chr36 : 6.664261435646007 (not joined)
142 : chr12 : 7.812539448162381 vs. chr26 : 7.812539448162381 (not joined)
174 : chr6 : 7.132320645199556 vs. chr35 : 6.580332247358362 (not joined)
176 : chr11 : 8.100657636890398 vs. chr2 : 6.85596827651233 (not joined)
199 : chr3 : 8.100657636890398 vs. chr7 : 8.100657636890398 (not joined)
221 : chr9 : 6.85596827651233 vs. chr38 : 4.6034886995201765 (not joined)
224 : chr15 : 8.100657636890398 vs. chr40 : 5.485860097875672 (not joined)
289 : chr10 : 6.950647613629127 vs. chr28 : 4.851830913609798 (not joined)
293 : chr13 : 6.664261435646007 vs. chr9 : 5.524173508071117 (not joined)
320 : chr12 : 5.111902293203713 vs. chr26 : 5.111902293203713 (not joined)
353 : chr10 : 8.100657636890398 vs. chr28 : 8.100657636890398 (not joined)
354 : chr28 : 7.237508653036841 vs. chr10 : 6.031382688614232 (not joined)
355 : chr10 : 6.580332247358362 vs. chr28 : 5.3732067587902606 (not joined)
363 : chr10 : 5.3732067587902606 vs. chr28 : 4.851830913609798 (not joined)
373 : chr38 : 7.812539448162381 vs. chr9 : 7.237508653036841 (not joined)
397 : chr7 : 8.100657636890398 vs. chr36 : 5.758165940256667 (not joined)
405 : chr12 : 6.580332247358362 vs. chr26 : 6.580332247358362 (not joined)
406 : chr12 : 7.812539448162381 vs. chr26 : 7.812539448162381 (not joined)
446 : chr11 : 7.237508653036841 vs. chr41 : 7.237508653036841 (not joined)
462 : chr16 : 6.093047777746866 vs. chr26 : 3.6112309950604455 (not joined)
471 : chr9 : 7.237508653036841 vs. chr37 : 7.237508653036841 (not joined)
474 : chr12 : 6.85596827651233 vs. chr26 : 6.85596827651233 (not joined)
479 : chr35 : 8.100657636890398 vs. chr6 : 6.580332247358362 (not joined)
488 : chr8 : 6.378382784323462 vs. chr39 : 3.5729579403885614 (not joined)
506 : chr6 : 7.812539448162381 vs. chr35 : 7.524814919292353 (not joined)
522 : chr9 : 7.524814919292353 vs. chr38 : 5.111902293203713 (not joined)
5.214525989256439 vs. 0.0
602 : chr9 : 6.664261435646007 vs. chr38 : 5.214525989256439 (not joined)
617 : chr26 : 6.378382784323462 vs. chr12 : 6.031382688614232 (not joined)
5.111902293203713 vs. 0.0
682 : chr11 : 6.580332247358362 vs. chr19 : 4.10710350355705 (not joined)
727 : chr35 : 6.031382688614232 vs. chr6 : 5.3732067587902606 (not joined)
732 : chr35 : 7.237508653036841 vs. chr6 : 4.675048007013055 (not joined)
733 : chr35 : 7.237508653036841 vs. chr6 : 6.950647613629127 (not joined)
736 : chr6 : 7.237508653036841 vs. chr35 : 7.237508653036841 (not joined)
737 : chr35 : 6.664261435646007 vs. chr6 : 5.524173508071117 (not joined)
750 : chr6 : 8.3891469783143 vs. chr35 : 6.305454970542936 (not joined)
763 : chr37 : 8.100657636890398 vs. chr9 : 6.580332247358362 (not joined)
767 : chr10 : 5.485860097875672 vs. chr28 : 5.485860097875672 (not joined)
6.950647613629127 vs. 0.0
802 : chr35 : 6.093047777746866 vs. chr6 : 5.240728692363029 (not joined)
850 : chr10 : 8.100657636890398 vs. chr28 : 6.305454970542936 (not joined)
867 : chr9 : 6.031382688614232 vs. chr38 : 4.10710350355705 (not joined)
869 : chr36 : 7.524814919292353 vs. chr7 : 6.305454970542936 (not joined)
5.485860097875672 vs. 0.0
5.214525989256439 vs. 0.0
946 : chr2 : 8.3891469783143 vs. chr11 : 8.100657636890398 (not joined)
5.808296483820455 vs. 0.0
960 : chr36 : 8.3891469783143 vs. chr7 : 8.100657636890398 (not joined)
1000 : chr3 : 6.305454970542936 vs. chr7 : 6.305454970542936 (not joined)
1004 : chr10 : 7.237508653036841 vs. chr28 : 4.593070097082085 (not joined)
5.758165940256667 vs. 0.0
1014 : chr2 : 8.967158220164773 vs. chr11 : 7.409350364429441 (not joined)
5.485860097875672 vs. 0.0
5.808296483820455 vs. 0.0
1069 : chr7 : 6.031382688614232 vs. chr3 : 5.485860097875672 (not joined)
1087 : chr26 : 6.093047777746866 vs. chr12 : 5.214525989256439 (not joined)
1090 : chr7 : 7.524814919292353 vs. chr36 : 6.664261435646007 (not joined)
1091 : chr36 : 6.664261435646007 vs. chr7 : 4.593070097082085 (not joined)
1114 : chr7 : 7.237508653036841 vs. chr36 : 5.214525989256439 (not joined)
1138 : chr36 : 8.100657636890398 vs. chr7 : 7.812539448162381 (not joined)
6.378382784323462 vs. 0.0
1174 : chr12 : 8.100657636890398 vs. chr26 : 8.100657636890398 (not joined)
6.378382784323462 vs. 0.0
1192 : chr10 : 8.3891469783143 vs. chr28 : 7.812539448162381 (not joined)
1193 : chr10 : 5.3732067587902606 vs. chr28 : 5.111902293203713 (not joined)
1208 : chr26 : 7.237508653036841 vs. chr12 : 6.580332247358362 (not joined)
1210 : chr6 : 7.237508653036841 vs. chr35 : 6.950647613629127 (not joined)
1259 : chr28 : 6.950647613629127 vs. chr33 : 4.079827535816964 (not joined)
1286 : chr25 : 6.950647613629127 vs. chr10 : 4.335704634601774 (not joined)
1318 : chr36 : 7.237508653036841 vs. chr7 : 6.305454970542936 (not joined)
5.758165940256667 vs. 0.0
1355 : chr24 : 5.808296483820455 vs. chr40 : 3.0734132287964897 (not joined)
1359 : chr2 : 6.950647613629127 vs. chr11 : 4.851830913609798 (not joined)
1364 : chr13 : 7.524814919292353 vs. chr9 : 6.093047777746866 (not joined)
5.758165940256667 vs. 0.0
5.808296483820455 vs. 0.0
1543 : chr37 : 8.100657636890398 vs. chr9 : 7.812539448162381 (not joined)
1554 : chr2 : 6.950647613629127 vs. chr11 : 5.3732067587902606 (not joined)
7.237508653036841 vs. 0.0
1575 : chr37 : 8.967158220164773 vs. chr9 : 6.580332247358362 (not joined)
5.808296483820455 vs. 0.0
1609 : chr3 : 6.093047777746866 vs. chr29 : 4.079827535816964 (not joined)
1637 : chr11 : 7.524814919292353 vs. chr2 : 5.3732067587902606 (not joined)
1661 : chr3 : 7.237508653036841 vs. chr7 : 7.237508653036841 (not joined)
1665 : chr12 : 7.132320645199556 vs. chr26 : 7.132320645199556 (not joined)
1679 : chr36 : 7.524814919292353 vs. chr7 : 7.237508653036841 (not joined)
5.240728692363029 vs. 0.0
1690 : chr12 : 7.524814919292353 vs. chr26 : 4.6034886995201765 (not joined)
1733 : chr26 : 6.664261435646007 vs. chr12 : 5.214525989256439 (not joined)
1747 : chr10 : 6.950647613629127 vs. chr28 : 6.664261435646007 (not joined)
1807 : chr11 : 7.812539448162381 vs. chr19 : 6.580332247358362 (not joined)
1808 : chr3 : 5.485860097875672 vs. chr7 : 5.485860097875672 (not joined)
1827 : chr37 : 6.950647613629127 vs. chr9 : 6.664261435646007 (not joined)
1844 : chr15 : 7.812539448162381 vs. chr40 : 5.214525989256439 (not joined)
1848 : chr11 : 6.664261435646007 vs. chr41 : 6.305454970542936 (not joined)
5.524173508071117 vs. 0.0
1885 : chr28 : 6.378382784323462 vs. chr10 : 4.9442306187986755 (not joined)
1900 : chr35 : 8.100657636890398 vs. chr6 : 6.85596827651233 (not joined)
1914 : chr35 : 7.237508653036841 vs. chr6 : 4.9442306187986755 (not joined)
1916 : chr10 : 7.524814919292353 vs. chr28 : 4.851830913609798 (not joined)
1917 : chr2 : 8.100657636890398 vs. chr11 : 6.950647613629127 (not joined)
1933 : chr11 : 7.132320645199556 vs. chr2 : 6.163837697179339 (not joined)
1958 : chr13 : 8.100657636890398 vs. chr9 : 6.664261435646007 (not joined)
1991 : chr12 : 6.85596827651233 vs. chr26 : 6.85596827651233 (not joined)
6.378382784323462 vs. 0.0
5.485860097875672 vs. 0.0
2010 : chr12 : 6.85596827651233 vs. chr26 : 6.85596827651233 (not joined)
5.758165940256667 vs. 0.0
5.808296483820455 vs. 0.0
6.093047777746866 vs. 0.0
2070 : chr35 : 5.758165940256667 vs. chr6 : 4.9442306187986755 (not joined)
2075 : chr10 : 6.950647613629127 vs. chr28 : 6.664261435646007 (not joined)
2077 : chr7 : 7.237508653036841 vs. chr36 : 4.9442306187986755 (not joined)
5.758165940256667 vs. 0.0
2093 : chr11 : 7.237508653036841 vs. chr19 : 4.407060170832148 (not joined)
5.485860097875672 vs. 0.0
6.031382688614232 vs. 0.0
2127 : chr11 : 5.758165940256667 vs. chr2 : 5.111902293203713 (not joined)
2135 : chr2 : 6.85596827651233 vs. chr11 : 6.85596827651233 (not joined)
2138 : chr6 : 8.100657636890398 vs. chr35 : 7.812539448162381 (not joined)
2216 : chr28 : 7.237508653036841 vs. chr10 : 6.580332247358362 (not joined)
2243 : chr11 : 6.950647613629127 vs. chr2 : 5.758165940256667 (not joined)
2252 : chr37 : 8.3891469783143 vs. chr9 : 8.100657636890398 (not joined)
2269 : chr35 : 6.378382784323462 vs. chr6 : 5.524173508071117 (not joined)
2277 : chr37 : 8.100657636890398 vs. chr9 : 6.305454970542936 (not joined)
6.378382784323462 vs. 0.0
5.758165940256667 vs. 0.0
2335 : chr15 : 7.524814919292353 vs. chr40 : 4.851830913609798 (not joined)
2337 : chr6 : 6.664261435646007 vs. chr35 : 5.485860097875672 (not joined)
5.485860097875672 vs. 0.0
2362 : chr10 : 7.524814919292353 vs. chr28 : 7.237508653036841 (not joined)
2378 : chr6 : 7.812539448162381 vs. chr35 : 6.031382688614232 (not joined)
2393 : chr28 : 5.808296483820455 vs. chr10 : 4.675048007013055 (not joined)
2397 : chr13 : 6.664261435646007 vs. chr33 : 3.8255410666115806 (not joined)
6.950647613629127 vs. 0.0
2490 : chr35 : 7.237508653036841 vs. chr6 : 6.378382784323462 (not joined)
5.214525989256439 vs. 0.0
2543 : chr40 : 7.524814919292353 vs. chr15 : 5.485860097875672 (not joined)
2544 : chr35 : 7.237508653036841 vs. chr6 : 6.378382784323462 (not joined)
5.808296483820455 vs. 0.0
5.111902293203713 vs. 0.0
2572 : chr15 : 7.812539448162381 vs. chr40 : 4.9442306187986755 (not joined)
2580 : chr35 : 6.031382688614232 vs. chr6 : 5.758165940256667 (not joined)
2600 : chr35 : 6.950647613629127 vs. chr6 : 6.664261435646007 (not joined)
2635 : chr36 : 7.237508653036841 vs. chr7 : 6.950647613629127 (not joined)
2638 : chr6 : 6.950647613629127 vs. chr35 : 6.950647613629127 (not joined)
6.378382784323462 vs. 0.0
2677 : chr28 : 6.305454970542936 vs. chr10 : 6.031382688614232 (not joined)
2692 : chr9 : 7.812539448162381 vs. chr38 : 4.851830913609798 (not joined)
2702 : chr9 : 7.812539448162381 vs. chr38 : 5.111902293203713 (not joined)
5.758165940256667 vs. 0.0
2755 : chr19 : 5.214525989256439 vs. chr33 : 2.582361511330149 (not joined)
2757 : chr37 : 7.524814919292353 vs. chr9 : 7.237508653036841 (not joined)
6.378382784323462 vs. 0.0
5.214525989256439 vs. 0.0
2774 : chr12 : 6.85596827651233 vs. chr26 : 6.85596827651233 (not joined)
2776 : chr12 : 6.85596827651233 vs. chr26 : 6.85596827651233 (not joined)
2778 : chr8 : 6.950647613629127 vs. chr39 : 6.093047777746866 (not joined)
2803 : chr28 : 5.485860097875672 vs. chr30 : 3.3222026871959405 (not joined)
2804 : chr10 : 7.812539448162381 vs. chr28 : 7.812539448162381 (not joined)
2813 : chr35 : 7.524814919292353 vs. chr6 : 6.664261435646007 (not joined)
2833 : chr37 : 6.305454970542936 vs. chr9 : 5.3732067587902606 (not joined)
2839 : chr7 : 7.524814919292353 vs. chr36 : 7.524814919292353 (not joined)
2866 : chr7 : 7.237508653036841 vs. chr36 : 6.378382784323462 (not joined)
2877 : chr37 : 5.89923696771256 vs. chr9 : 5.111902293203713 (not joined)
2920 : chr6 : 7.132320645199556 vs. chr35 : 6.580332247358362 (not joined)
5.214525989256439 vs. 0.0
8.100657636890398 vs. 0.0
3010 : chr9 : 8.100657636890398 vs. chr37 : 7.132320645199556 (not joined)
3068 : chr10 : 6.85596827651233 vs. chr28 : 6.305454970542936 (not joined)
5.758165940256667 vs. 0.0
3113 : chr9 : 7.237508653036841 vs. chr38 : 4.851830913609798 (not joined)
6.031382688614232 vs. 0.0
3151 : chr13 : 7.524814919292353 vs. chr9 : 6.378382784323462 (not joined)
3166 : chr3 : 5.758165940256667 vs. chr7 : 5.758165940256667 (not joined)
5.808296483820455 vs. 0.0
3196 : chr36 : 6.85596827651233 vs. chr7 : 5.3732067587902606 (not joined)
3218 : chr9 : 5.485860097875672 vs. chr38 : 5.485860097875672 (not joined)
3256 : chr12 : 8.677986831062242 vs. chr26 : 8.677986831062242 (not joined)
5.214525989256439 vs. 0.0
3276 : chr12 : 8.100657636890398 vs. chr26 : 8.100657636890398 (not joined)
3282 : chr6 : 5.524173508071117 vs. chr35 : 4.9442306187986755 (not joined)
3286 : chr12 : 7.237508653036841 vs. chr26 : 7.237508653036841 (not joined)
3315 : chr13 : 6.950647613629127 vs. chr9 : 5.808296483820455 (not joined)
3326 : chr35 : 6.031382688614232 vs. chr6 : 5.758165940256667 (not joined)
3329 : chr11 : 6.950647613629127 vs. chr2 : 4.354506309163542 (not joined)
3353 : chr10 : 7.237508653036841 vs. chr28 : 4.593070097082085 (not joined)
3359 : chr10 : 6.378382784323462 vs. chr18 : 3.8255410666115806 (not joined)
3360 : chr13 : 7.524814919292353 vs. chr9 : 6.378382784323462 (not joined)
5.214525989256439 vs. 0.0
3432 : chr37 : 7.812539448162381 vs. chr9 : 5.111902293203713 (not joined)
3436 : chr10 : 7.812539448162381 vs. chr28 : 6.305454970542936 (not joined)
6.093047777746866 vs. 0.0
3465 : chr15 : 6.950647613629127 vs. chr40 : 5.808296483820455 (not joined)
6.664261435646007 vs. 0.0
3469 : chr9 : 7.237508653036841 vs. chr38 : 4.851830913609798 (not joined)
5.808296483820455 vs. 0.0
3505 : chr9 : 7.237508653036841 vs. chr38 : 5.758165940256667 (not joined)
5.635673357125613 vs. 0.0
3540 : chr37 : 8.100657636890398 vs. chr9 : 7.812539448162381 (not joined)
5.214525989256439 vs. 0.0
3555 : chr37 : 7.812539448162381 vs. chr9 : 7.524814919292353 (not joined)
5.808296483820455 vs. 0.0
3570 : chr28 : 6.378382784323462 vs. chr10 : 6.031382688614232 (not joined)
3584 : chr35 : 7.237508653036841 vs. chr6 : 5.214525989256439 (not joined)
5.758165940256667 vs. 0.0
3605 : chr35 : 5.808296483820455 vs. chr6 : 5.758165940256667 (not joined)
3625 : chr35 : 7.812539448162381 vs. chr6 : 6.664261435646007 (not joined)
5.808296483820455 vs. 0.0
5.758165940256667 vs. 0.0
5.240728692363029 vs. 0.0
3674 : chr2 : 6.664261435646007 vs. chr11 : 4.079827535816964 (not joined)
3698 : chr3 : 7.524814919292353 vs. chr7 : 7.524814919292353 (not joined)
3712 : chr6 : 5.89923696771256 vs. chr35 : 4.354506309163542 (not joined)
3735 : chr10 : 7.524814919292353 vs. chr28 : 7.237508653036841 (not joined)
5.808296483820455 vs. 0.0
5.808296483820455 vs. 0.0
3783 : chr13 : 7.812539448162381 vs. chr9 : 6.378382784323462 (not joined)
3785 : chr11 : 7.409350364429441 vs. chr19 : 4.853962308381582 (not joined)
3798 : chr35 : 6.031382688614232 vs. chr6 : 4.335704634601774 (not joined)
5.214525989256439 vs. 0.0
3821 : chr37 : 7.524814919292353 vs. chr9 : 6.950647613629127 (not joined)
3826 : chr8 : 7.524814919292353 vs. chr39 : 6.378382784323462 (not joined)
3835 : chr15 : 7.812539448162381 vs. chr40 : 4.9442306187986755 (not joined)
5.758165940256667 vs. 0.0
3866 : chr35 : 6.378382784323462 vs. chr6 : 4.335704634601774 (not joined)
5.808296483820455 vs. 0.0
3877 : chr35 : 7.812539448162381 vs. chr6 : 7.524814919292353 (not joined)
3878 : chr6 : 6.85596827651233 vs. chr35 : 6.305454970542936 (not joined)
5.485860097875672 vs. 0.0
6.378382784323462 vs. 0.0
3899 : chr10 : 8.3891469783143 vs. chr28 : 8.100657636890398 (not joined)
5.524173508071117 vs. 0.0
3908 : chr9 : 7.237508653036841 vs. chr38 : 6.031382688614232 (not joined)
3914 : chr15 : 6.950647613629127 vs. chr40 : 4.593070097082085 (not joined)
3926 : chr13 : 7.812539448162381 vs. chr9 : 6.664261435646007 (not joined)
3938 : chr35 : 7.524814919292353 vs. chr6 : 6.305454970542936 (not joined)
3948 : chr10 : 8.100657636890398 vs. chr28 : 7.524814919292353 (not joined)
5.758165940256667 vs. 0.0
3976 : chr7 : 7.237508653036841 vs. chr3 : 5.214525989256439 (not joined)
3983 : chr2 : 6.305454970542936 vs. chr11 : 5.758165940256667 (not joined)
3984 : chr2 : 6.305454970542936 vs. chr11 : 5.111902293203713 (not joined)
4008 : chr36 : 5.485860097875672 vs. chr7 : 4.851830913609798 (not joined)
7.237508653036841 vs. 0.0
4050 : chr9 : 7.524814919292353 vs. chr38 : 5.111902293203713 (not joined)
4144 : chr36 : 7.812539448162381 vs. chr7 : 6.85596827651233 (not joined)
4168 : chr19 : 6.378382784323462 vs. chr11 : 6.305454970542936 (not joined)
4188 : chr36 : 8.100657636890398 vs. chr7 : 5.111902293203713 (not joined)
4210 : chr9 : 5.111902293203713 vs. chr37 : 5.111902293203713 (not joined)
4213 : chr7 : 7.524814919292353 vs. chr36 : 6.950647613629127 (not joined)
4231 : chr2 : 7.812539448162381 vs. chr11 : 6.305454970542936 (not joined)
4254 : chr12 : 6.305454970542936 vs. chr26 : 6.305454970542936 (not joined)
4255 : chr12 : 7.524814919292353 vs. chr26 : 7.524814919292353 (not joined)
4260 : chr12 : 6.305454970542936 vs. chr26 : 6.305454970542936 (not joined)
4265 : chr9 : 8.677986831062242 vs. chr37 : 8.3891469783143 (not joined)
4276 : chr37 : 7.812539448162381 vs. chr9 : 7.524814919292353 (not joined)
4292 : chr7 : 8.3891469783143 vs. chr3 : 5.758165940256667 (not joined)
4315 : chr12 : 5.3732067587902606 vs. chr26 : 5.3732067587902606 (not joined)
5.111902293203713 vs. 0.0
5.758165940256667 vs. 0.0
4393 : chr9 : 8.677986831062242 vs. chr37 : 8.3891469783143 (not joined)
4405 : chr7 : 6.950647613629127 vs. chr36 : 4.675048007013055 (not joined)
4414 : chr7 : 6.664261435646007 vs. chr3 : 6.378382784323462 (not joined)
4418 : chr35 : 8.100657636890398 vs. chr6 : 5.485860097875672 (not joined)
4428 : chr35 : 5.808296483820455 vs. chr6 : 4.140358271991159 (not joined)
5.240728692363029 vs. 0.0
4494 : chr6 : 6.85596827651233 vs. chr35 : 6.580332247358362 (not joined)
4497 : chr37 : 8.100657636890398 vs. chr9 : 7.812539448162381 (not joined)
5.214525989256439 vs. 0.0
4545 : chr6 : 6.378382784323462 vs. chr35 : 4.593070097082085 (not joined)
4546 : chr6 : 5.111902293203713 vs. chr35 : 4.9442306187986755 (not joined)
4562 : chr7 : 8.3891469783143 vs. chr3 : 7.812539448162381 (not joined)
4630 : chr10 : 6.031382688614232 vs. chr28 : 4.851830913609798 (not joined)
4634 : chr28 : 6.305454970542936 vs. chr10 : 5.89923696771256 (not joined)
4651 : chr11 : 6.664261435646007 vs. chr2 : 4.593070097082085 (not joined)
4658 : chr7 : 6.378382784323462 vs. chr36 : 4.407060170832148 (not joined)
4683 : chr7 : 7.524814919292353 vs. chr3 : 5.485860097875672 (not joined)
4701 : chr7 : 8.3891469783143 vs. chr36 : 8.3891469783143 (not joined)
4706 : chr7 : 6.664261435646007 vs. chr3 : 3.8255410666115806 (not joined)
4746 : chr36 : 6.031382688614232 vs. chr7 : 4.851830913609798 (not joined)
4752 : chr35 : 5.485860097875672 vs. chr6 : 4.851830913609798 (not joined)
6.378382784323462 vs. 0.0
5.485860097875672 vs. 0.0
4802 : chr10 : 8.100657636890398 vs. chr28 : 7.812539448162381 (not joined)
4822 : chr11 : 6.950647613629127 vs. chr41 : 6.950647613629127 (not joined)
5.214525989256439 vs. 0.0
4833 : chr7 : 8.100657636890398 vs. chr36 : 7.237508653036841 (not joined)
4834 : chr36 : 7.237508653036841 vs. chr7 : 6.305454970542936 (not joined)
4843 : chr38 : 7.237508653036841 vs. chr9 : 6.950647613629127 (not joined)
6.031382688614232 vs. 0.0
4854 : chr9 : 7.524814919292353 vs. chr37 : 7.237508653036841 (not joined)
4855 : chr9 : 7.524814919292353 vs. chr37 : 7.524814919292353 (not joined)
4859 : chr9 : 6.664261435646007 vs. chr38 : 3.8255410666115806 (not joined)
4879 : chr13 : 7.524814919292353 vs. chr9 : 6.378382784323462 (not joined)
4886 : chr35 : 7.812539448162381 vs. chr6 : 6.664261435646007 (not joined)
4887 : chr6 : 8.100657636890398 vs. chr35 : 7.812539448162381 (not joined)
4906 : chr39 : 6.950647613629127 vs. chr8 : 5.758165940256667 (not joined)
4951 : chr37 : 8.100657636890398 vs. chr9 : 7.812539448162381 (not joined)
4957 : chr11 : 8.3891469783143 vs. chr19 : 6.580332247358362 (not joined)
6.093047777746866 vs. 0.0
4967 : chr37 : 8.100657636890398 vs. chr9 : 7.812539448162381 (not joined)
4976 : chr35 : 7.524814919292353 vs. chr6 : 6.378382784323462 (not joined)
5.524173508071117 vs. 0.0
5054 : chr7 : 7.237508653036841 vs. chr36 : 6.664261435646007 (not joined)
5077 : chr7 : 6.950647613629127 vs. chr3 : 4.407060170832148 (not joined)
5.808296483820455 vs. 0.0
5150 : chr11 : 8.3891469783143 vs. chr2 : 7.132320645199556 (not joined)
5157 : chr37 : 7.812539448162381 vs. chr9 : 7.524814919292353 (not joined)
7.237508653036841 vs. 0.0
5247 : chr7 : 7.237508653036841 vs. chr36 : 5.485860097875672 (not joined)
5.758165940256667 vs. 0.0
5291 : chr13 : 6.950647613629127 vs. chr9 : 4.9442306187986755 (not joined)
5292 : chr11 : 7.132320645199556 vs. chr19 : 4.853962308381582 (not joined)
5299 : chr35 : 6.378382784323462 vs. chr6 : 5.240728692363029 (not joined)
5321 : chr37 : 8.677986831062242 vs. chr9 : 6.305454970542936 (not joined)
5341 : chr13 : 7.237508653036841 vs. chr9 : 6.093047777746866 (not joined)
6.378382784323462 vs. 0.0
5388 : chr10 : 6.305454970542936 vs. chr28 : 5.758165940256667 (not joined)
7.237508653036841 vs. 0.0
5414 : chr10 : 6.093047777746866 vs. chr28 : 4.335704634601774 (not joined)
5415 : chr10 : 7.237508653036841 vs. chr28 : 7.237508653036841 (not joined)
5423 : chr7 : 7.524814919292353 vs. chr36 : 7.237508653036841 (not joined)
5430 : chr12 : 7.812539448162381 vs. chr26 : 7.812539448162381 (not joined)
5459 : chr12 : 7.237508653036841 vs. chr26 : 6.950647613629127 (not joined)
5460 : chr12 : 6.85596827651233 vs. chr26 : 4.853962308381582 (not joined)
5.111902293203713 vs. 0.0
5499 : chr35 : 7.237508653036841 vs. chr6 : 6.664261435646007 (not joined)
5510 : chr6 : 7.812539448162381 vs. chr35 : 7.237508653036841 (not joined)
6.664261435646007 vs. 0.0
5538 : chr7 : 7.524814919292353 vs. chr3 : 5.485860097875672 (not joined)
5.3732067587902606 vs. 0.0
5.808296483820455 vs. 0.0
5.524173508071117 vs. 0.0
5635 : chr35 : 6.950647613629127 vs. chr6 : 6.031382688614232 (not joined)
5646 : chr2 : 7.524814919292353 vs. chr11 : 4.851830913609798 (not joined)
5698 : chr12 : 8.3891469783143 vs. chr26 : 8.3891469783143 (not joined)
5705 : chr12 : 7.812539448162381 vs. chr26 : 7.812539448162381 (not joined)
5720 : chr13 : 6.950647613629127 vs. chr9 : 6.378382784323462 (not joined)
5724 : chr12 : 6.305454970542936 vs. chr26 : 5.635673357125613 (not joined)
5727 : chr10 : 6.305454970542936 vs. chr28 : 5.3732067587902606 (not joined)
5.758165940256667 vs. 0.0
5769 : chr6 : 6.950647613629127 vs. chr35 : 6.378382784323462 (not joined)
5.758165940256667 vs. 0.0
5780 : chr7 : 6.378382784323462 vs. chr36 : 6.378382784323462 (not joined)
6.031382688614232 vs. 0.0
5796 : chr6 : 8.3891469783143 vs. chr35 : 7.812539448162381 (not joined)
5830 : chr6 : 6.950647613629127 vs. chr35 : 6.305454970542936 (not joined)
5860 : chr36 : 5.808296483820455 vs. chr7 : 4.335704634601774 (not joined)
5884 : chr10 : 7.524814919292353 vs. chr28 : 7.524814919292353 (not joined)
5897 : chr9 : 6.378382784323462 vs. chr38 : 3.5729579403885614 (not joined)
5927 : chr40 : 7.812539448162381 vs. chr15 : 6.031382688614232 (not joined)
5942 : chr8 : 6.950647613629127 vs. chr39 : 4.079827535816964 (not joined)
5952 : chr2 : 8.100657636890398 vs. chr11 : 6.305454970542936 (not joined)
5961 : chr10 : 6.664261435646007 vs. chr28 : 4.079827535816964 (not joined)
5962 : chr10 : 5.758165940256667 vs. chr28 : 4.593070097082085 (not joined)
5.758165940256667 vs. 0.0
6052 : chr35 : 5.758165940256667 vs. chr6 : 4.079827535816964 (not joined)
5.214525989256439 vs. 0.0
6108 : chr13 : 7.237508653036841 vs. chr9 : 6.093047777746866 (not joined)
6122 : chr35 : 6.378382784323462 vs. chr6 : 5.524173508071117 (not joined)
6124 : chr28 : 6.031382688614232 vs. chr10 : 5.111902293203713 (not joined)
5.758165940256667 vs. 0.0
6139 : chr11 : 7.237508653036841 vs. chr19 : 4.354506309163542 (not joined)
6151 : chr37 : 8.3891469783143 vs. chr9 : 6.031382688614232 (not joined)
5.214525989256439 vs. 0.0
6170 : chr15 : 7.524814919292353 vs. chr40 : 5.111902293203713 (not joined)
6175 : chr3 : 7.524814919292353 vs. chr7 : 7.524814919292353 (not joined)
6187 : chr26 : 7.812539448162381 vs. chr12 : 7.524814919292353 (not joined)
6198 : chr13 : 6.378382784323462 vs. chr9 : 4.958017949760236 (not joined)
6208 : chr26 : 5.808296483820455 vs. chr12 : 5.214525989256439 (not joined)
6209 : chr12 : 5.214525989256439 vs. chr26 : 5.214525989256439 (not joined)
6219 : chr6 : 5.758165940256667 vs. chr35 : 4.593070097082085 (not joined)
6223 : chr6 : 5.635673357125613 vs. chr35 : 5.3732067587902606 (not joined)
6229 : chr10 : 7.524814919292353 vs. chr28 : 4.593070097082085 (not joined)
5.485860097875672 vs. 0.0
5.3732067587902606 vs. 0.0
6263 : chr37 : 6.664261435646007 vs. chr9 : 5.485860097875672 (not joined)
6275 : chr15 : 6.378382784323462 vs. chr40 : 6.378382784323462 (not joined)
6331 : chr40 : 6.378382784323462 vs. chr15 : 4.675048007013055 (not joined)
6350 : chr37 : 8.677986831062242 vs. chr9 : 6.305454970542936 (not joined)
6354 : chr15 : 7.524814919292353 vs. chr40 : 4.9442306187986755 (not joined)
6361 : chr37 : 8.967158220164773 vs. chr9 : 8.677986831062242 (not joined)
6399 : chr12 : 7.132320645199556 vs. chr26 : 4.853962308381582 (not joined)
6426 : chr36 : 7.812539448162381 vs. chr7 : 7.524814919292353 (not joined)
6428 : chr26 : 7.237508653036841 vs. chr12 : 4.851830913609798 (not joined)
6439 : chr10 : 7.524814919292353 vs. chr28 : 6.950647613629127 (not joined)
6460 : chr6 : 6.950647613629127 vs. chr35 : 6.950647613629127 (not joined)
6474 : chr10 : 6.580332247358362 vs. chr28 : 5.635673357125613 (not joined)
6488 : chr28 : 7.524814919292353 vs. chr10 : 5.111902293203713 (not joined)
5.758165940256667 vs. 0.0
6497 : chr38 : 7.524814919292353 vs. chr9 : 6.950647613629127 (not joined)
6502 : chr15 : 7.237508653036841 vs. chr40 : 4.593070097082085 (not joined)
6529 : chr2 : 8.3891469783143 vs. chr11 : 6.85596827651233 (not joined)
6536 : chr10 : 7.812539448162381 vs. chr28 : 7.812539448162381 (not joined)
5.485860097875672 vs. 0.0
5.758165940256667 vs. 0.0
6580 : chr3 : 7.812539448162381 vs. chr7 : 7.812539448162381 (not joined)
5.808296483820455 vs. 0.0
6615 : chr35 : 7.812539448162381 vs. chr6 : 6.664261435646007 (not joined)
6616 : chr6 : 7.812539448162381 vs. chr35 : 7.524814919292353 (not joined)
6643 : chr36 : 6.664261435646007 vs. chr7 : 5.758165940256667 (not joined)
6650 : chr6 : 6.305454970542936 vs. chr35 : 5.485860097875672 (not joined)
5.758165940256667 vs. 0.0
5.808296483820455 vs. 0.0
6.664261435646007 vs. 0.0
6699 : chr6 : 6.950647613629127 vs. chr35 : 6.580332247358362 (not joined)
6743 : chr36 : 8.3891469783143 vs. chr7 : 8.100657636890398 (not joined)
5.758165940256667 vs. 0.0
6776 : chr12 : 8.100657636890398 vs. chr26 : 8.100657636890398 (not joined)
6778 : chr8 : 8.100657636890398 vs. chr39 : 6.664261435646007 (not joined)
6787 : chr2 : 7.524814919292353 vs. chr11 : 7.524814919292353 (not joined)
6824 : chr38 : 6.664261435646007 vs. chr9 : 6.378382784323462 (not joined)
6827 : chr10 : 6.950647613629127 vs. chr28 : 6.950647613629127 (not joined)
6848 : chr9 : 6.378382784323462 vs. chr38 : 6.093047777746866 (not joined)
6.378382784323462 vs. 0.0
6860 : chr13 : 7.812539448162381 vs. chr9 : 6.378382784323462 (not joined)
6879 : chr28 : 7.524814919292353 vs. chr10 : 6.580332247358362 (not joined)
6892 : chr12 : 6.950647613629127 vs. chr26 : 6.950647613629127 (not joined)
5.111902293203713 vs. 0.0
6915 : chr7 : 6.950647613629127 vs. chr36 : 6.093047777746866 (not joined)
6.305454970542936 vs. 0.0
6955 : chr37 : 8.677986831062242 vs. chr9 : 8.3891469783143 (not joined)
5.758165940256667 vs. 0.0
6985 : chr10 : 5.3732067587902606 vs. chr28 : 4.354506309163542 (not joined)
6991 : chr11 : 7.237508653036841 vs. chr19 : 4.593070097082085 (not joined)
6.664261435646007 vs. 0.0
7014 : chr15 : 7.524814919292353 vs. chr40 : 4.675048007013055 (not joined)
7027 : chr26 : 6.378382784323462 vs. chr16 : 3.8255410666115806 (not joined)
7043 : chr12 : 7.132320645199556 vs. chr26 : 7.132320645199556 (not joined)
7123 : chr37 : 6.031382688614232 vs. chr9 : 5.635673357125613 (not joined)
7124 : chr37 : 6.580332247358362 vs. chr9 : 6.031382688614232 (not joined)
7129 : chr9 : 5.485860097875672 vs. chr37 : 5.111902293203713 (not joined)
5.485860097875672 vs. 0.0
7172 : chr7 : 7.524814919292353 vs. chr36 : 5.214525989256439 (not joined)
7190 : chr26 : 5.758165940256667 vs. chr12 : 5.3732067587902606 (not joined)
5.524173508071117 vs. 0.0
7254 : chr35 : 7.524814919292353 vs. chr6 : 6.378382784323462 (not joined)
7260 : chr12 : 6.580332247358362 vs. chr26 : 6.580332247358362 (not joined)
7264 : chr37 : 6.031382688614232 vs. chr9 : 4.6034886995201765 (not joined)
7289 : chr6 : 7.524814919292353 vs. chr35 : 7.524814919292353 (not joined)
7327 : chr10 : 8.100657636890398 vs. chr28 : 7.237508653036841 (not joined)
7332 : chr15 : 6.378382784323462 vs. chr40 : 3.8255410666115806 (not joined)
7371 : chr36 : 8.100657636890398 vs. chr7 : 5.111902293203713 (not joined)
7383 : chr10 : 6.950647613629127 vs. chr28 : 4.079827535816964 (not joined)
6.950647613629127 vs. 0.0
5.214525989256439 vs. 0.0
7409 : chr26 : 6.378382784323462 vs. chr12 : 6.031382688614232 (not joined)
7.524814919292353 vs. 0.0
7434 : chr35 : 6.664261435646007 vs. chr6 : 6.093047777746866 (not joined)
7475 : chr3 : 6.664261435646007 vs. chr7 : 6.664261435646007 (not joined)
7481 : chr6 : 6.580332247358362 vs. chr35 : 4.851830913609798 (not joined)
5.808296483820455 vs. 0.0
5.485860097875672 vs. 0.0
7494 : chr2 : 5.635673357125613 vs. chr11 : 4.6034886995201765 (not joined)
7506 : chr8 : 7.524814919292353 vs. chr39 : 7.237508653036841 (not joined)
7543 : chr37 : 8.100657636890398 vs. chr9 : 6.305454970542936 (not joined)
7545 : chr9 : 7.237508653036841 vs. chr38 : 4.851830913609798 (not joined)
7552 : chr3 : 8.100657636890398 vs. chr7 : 8.100657636890398 (not joined)
7579 : chr10 : 7.524814919292353 vs. chr28 : 6.580332247358362 (not joined)
7599 : chr26 : 6.378382784323462 vs. chr12 : 5.485860097875672 (not joined)
7607 : chr10 : 6.664261435646007 vs. chr28 : 5.214525989256439 (not joined)
7629 : chr12 : 6.163837697179339 vs. chr26 : 6.163837697179339 (not joined)
7646 : chr10 : 7.812539448162381 vs. chr28 : 6.305454970542936 (not joined)
7655 : chr3 : 8.100657636890398 vs. chr7 : 8.100657636890398 (not joined)
5.485860097875672 vs. 0.0
5.758165940256667 vs. 0.0
7668 : chr7 : 6.580332247358362 vs. chr36 : 6.378382784323462 (not joined)
7691 : chr7 : 7.812539448162381 vs. chr36 : 7.237508653036841 (not joined)
7708 : chr11 : 7.237508653036841 vs. chr19 : 5.485860097875672 (not joined)
7724 : chr6 : 6.378382784323462 vs. chr35 : 6.093047777746866 (not joined)
5.758165940256667 vs. 0.0
5.808296483820455 vs. 0.0
7834 : chr9 : 6.305454970542936 vs. chr37 : 5.758165940256667 (not joined)
7842 : chr37 : 8.677986831062242 vs. chr9 : 8.100657636890398 (not joined)
7850 : chr3 : 5.808296483820455 vs. chr7 : 5.808296483820455 (not joined)
7888 : chr11 : 6.85596827651233 vs. chr2 : 5.89923696771256 (not joined)
7892 : chr11 : 8.3891469783143 vs. chr19 : 5.485860097875672 (not joined)
5.758165940256667 vs. 0.0
7937 : chr6 : 6.580332247358362 vs. chr35 : 6.031382688614232 (not joined)
7938 : chr33 : 6.093047777746866 vs. chr13 : 3.5729579403885614 (not joined)
7940 : chr36 : 6.580332247358362 vs. chr7 : 6.305454970542936 (not joined)
7956 : chr2 : 8.3891469783143 vs. chr11 : 6.163837697179339 (not joined)
7957 : chr11 : 8.677986831062242 vs. chr2 : 7.409350364429441 (not joined)
7960 : chr28 : 7.237508653036841 vs. chr10 : 4.593070097082085 (not joined)
7982 : chr6 : 7.237508653036841 vs. chr35 : 6.664261435646007 (not joined)
6.378382784323462 vs. 0.0
7991 : chr12 : 6.580332247358362 vs. chr26 : 6.580332247358362 (not joined)
8008 : chr10 : 6.305454970542936 vs. chr28 : 6.305454970542936 (not joined)
8053 : chr7 : 6.378382784323462 vs. chr36 : 6.378382784323462 (not joined)
8089 : chr35 : 7.237508653036841 vs. chr6 : 4.675048007013055 (not joined)
8093 : chr9 : 5.758165940256667 vs. chr37 : 5.758165940256667 (not joined)
8095 : chr7 : 7.524814919292353 vs. chr3 : 6.950647613629127 (not joined)
8105 : chr12 : 5.3732067587902606 vs. chr26 : 4.853962308381582 (not joined)
8129 : chr21 : 6.664261435646007 vs. chr4 : 5.808296483820455 (not joined)
8131 : chr10 : 7.524814919292353 vs. chr28 : 7.524814919292353 (not joined)
8133 : chr28 : 5.808296483820455 vs. chr10 : 5.485860097875672 (not joined)
5.758165940256667 vs. 0.0
8145 : chr37 : 5.758165940256667 vs. chr9 : 5.214525989256439 (not joined)
8156 : chr7 : 5.808296483820455 vs. chr4 : 3.3222026871959405 (not joined)
8162 : chr3 : 6.031382688614232 vs. chr7 : 6.031382688614232 (not joined)
8166 : chr2 : 8.100657636890398 vs. chr11 : 8.100657636890398 (not joined)
8173 : chr2 : 8.677986831062242 vs. chr11 : 7.132320645199556 (not joined)
8174 : chr11 : 8.3891469783143 vs. chr2 : 7.132320645199556 (not joined)
8176 : chr35 : 6.664261435646007 vs. chr6 : 5.808296483820455 (not joined)
8182 : chr12 : 5.635673357125613 vs. chr26 : 5.105845757292486 (not joined)
8229 : chr11 : 8.100657636890398 vs. chr19 : 5.485860097875672 (not joined)
8264 : chr37 : 7.812539448162381 vs. chr9 : 7.524814919292353 (not joined)
8267 : chr36 : 8.100657636890398 vs. chr7 : 7.524814919292353 (not joined)
8275 : chr2 : 7.132320645199556 vs. chr11 : 5.635673357125613 (not joined)
8285 : chr6 : 7.812539448162381 vs. chr35 : 6.031382688614232 (not joined)
8293 : chr35 : 6.305454970542936 vs. chr6 : 5.3732067587902606 (not joined)
5.524173508071117 vs. 0.0
8334 : chr36 : 6.85596827651233 vs. chr7 : 6.580332247358362 (not joined)
8392 : chr35 : 6.664261435646007 vs. chr6 : 6.378382784323462 (not joined)
8407 : chr15 : 6.378382784323462 vs. chr40 : 4.9442306187986755 (not joined)
5.758165940256667 vs. 0.0
8473 : chr13 : 7.524814919292353 vs. chr9 : 6.093047777746866 (not joined)
8474 : chr10 : 6.305454970542936 vs. chr28 : 5.111902293203713 (not joined)
8503 : chr35 : 7.237508653036841 vs. chr6 : 5.214525989256439 (not joined)
8527 : chr11 : 5.758165940256667 vs. chr2 : 5.214525989256439 (not joined)
8554 : chr13 : 7.524814919292353 vs. chr9 : 6.093047777746866 (not joined)
8557 : chr16 : 6.664261435646007 vs. chr26 : 4.079827535816964 (not joined)
5.758165940256667 vs. 0.0
8613 : chr9 : 7.812539448162381 vs. chr38 : 5.3732067587902606 (not joined)
6.950647613629127 vs. 0.0
8694 : chr10 : 5.524173508071117 vs. chr28 : 3.0734132287964897 (not joined)
8732 : chr25 : 6.664261435646007 vs. chr10 : 3.8255410666115806 (not joined)
8756 : chr13 : 6.950647613629127 vs. chr9 : 5.808296483820455 (not joined)
8763 : chr11 : 6.580332247358362 vs. chr19 : 6.305454970542936 (not joined)
5.111902293203713 vs. 0.0
8775 : chr3 : 6.163837697179339 vs. chr7 : 5.3732067587902606 (not joined)
8777 : chr35 : 7.524814919292353 vs. chr6 : 6.378382784323462 (not joined)
8779 : chr10 : 7.812539448162381 vs. chr28 : 7.237508653036841 (not joined)
5.524173508071117 vs. 0.0
8808 : chr6 : 8.3891469783143 vs. chr35 : 7.812539448162381 (not joined)
8809 : chr6 : 8.3891469783143 vs. chr35 : 7.812539448162381 (not joined)
8815 : chr11 : 6.664261435646007 vs. chr41 : 4.10710350355705 (not joined)
5.214525989256439 vs. 0.0
8831 : chr6 : 6.85596827651233 vs. chr35 : 6.580332247358362 (not joined)
8834 : chr26 : 7.237508653036841 vs. chr12 : 6.85596827651233 (not joined)
8842 : chr10 : 8.3891469783143 vs. chr28 : 6.580332247358362 (not joined)
6.378382784323462 vs. 0.0
8848 : chr40 : 7.237508653036841 vs. chr15 : 5.485860097875672 (not joined)
8871 : chr36 : 7.237508653036841 vs. chr7 : 6.950647613629127 (not joined)
8917 : chr10 : 8.3891469783143 vs. chr28 : 7.812539448162381 (not joined)
5.524173508071117 vs. 0.0
8966 : chr7 : 6.85596827651233 vs. chr36 : 6.031382688614232 (not joined)
8967 : chr12 : 7.237508653036841 vs. chr26 : 5.758165940256667 (not joined)
8976 : chr11 : 5.240728692363029 vs. chr2 : 2.582361511330149 (not joined)
8980 : chr13 : 7.524814919292353 vs. chr9 : 6.093047777746866 (not joined)
5.758165940256667 vs. 0.0
9032 : chr7 : 8.100657636890398 vs. chr3 : 7.524814919292353 (not joined)
9041 : chr11 : 6.664261435646007 vs. chr19 : 3.8255410666115806 (not joined)
9082 : chr28 : 5.89923696771256 vs. chr10 : 4.853962308381582 (not joined)
9084 : chr11 : 5.89923696771256 vs. chr2 : 5.105845757292486 (not joined)
5.485860097875672 vs. 0.0
6.664261435646007 vs. 0.0
9098 : chr36 : 7.237508653036841 vs. chr7 : 6.305454970542936 (not joined)
9107 : chr6 : 6.031382688614232 vs. chr35 : 5.758165940256667 (not joined)
9125 : chr12 : 6.305454970542936 vs. chr26 : 6.305454970542936 (not joined)
9126 : chr12 : 6.031382688614232 vs. chr26 : 6.031382688614232 (not joined)
9132 : chr13 : 6.664261435646007 vs. chr9 : 5.808296483820455 (not joined)
9142 : chr10 : 6.031382688614232 vs. chr28 : 5.111902293203713 (not joined)
9143 : chr10 : 8.100657636890398 vs. chr28 : 8.100657636890398 (not joined)
5.758165940256667 vs. 0.0
9164 : chr10 : 5.111902293203713 vs. chr28 : 5.111902293203713 (not joined)
9173 : chr6 : 8.3891469783143 vs. chr35 : 8.100657636890398 (not joined)
7.237508653036841 vs. 0.0
5.111902293203713 vs. 0.0
9238 : chr15 : 7.524814919292353 vs. chr40 : 6.031382688614232 (not joined)
9249 : chr10 : 6.305454970542936 vs. chr28 : 6.093047777746866 (not joined)
9278 : chr7 : 8.100657636890398 vs. chr36 : 7.237508653036841 (not joined)
9281 : chr28 : 6.950647613629127 vs. chr10 : 4.851830913609798 (not joined)
9299 : chr37 : 6.950647613629127 vs. chr9 : 6.664261435646007 (not joined)
6.093047777746866 vs. 0.0
5.214525989256439 vs. 0.0
9341 : chr26 : 7.237508653036841 vs. chr12 : 6.305454970542936 (not joined)
9345 : chr10 : 7.132320645199556 vs. chr28 : 6.85596827651233 (not joined)
9361 : chr10 : 5.89923696771256 vs. chr28 : 5.3732067587902606 (not joined)
9385 : chr7 : 7.524814919292353 vs. chr21 : 4.593070097082085 (not joined)
9387 : chr13 : 6.664261435646007 vs. chr9 : 4.140358271991159 (not joined)
5.808296483820455 vs. 2.582361511330149
9428 : chr10 : 7.812539448162381 vs. chr28 : 7.812539448162381 (not joined)
9435 : chr3 : 8.3891469783143 vs. chr7 : 8.3891469783143 (not joined)
5.485860097875672 vs. 0.0
9451 : chr2 : 6.664261435646007 vs. chr11 : 6.031382688614232 (not joined)
9471 : chr37 : 8.3891469783143 vs. chr9 : 7.812539448162381 (not joined)
5.808296483820455 vs. 0.0
9477 : chr7 : 8.677986831062242 vs. chr3 : 6.580332247358362 (not joined)
9490 : chr12 : 6.093047777746866 vs. chr33 : 3.6112309950604455 (not joined)
9530 : chr6 : 7.524814919292353 vs. chr35 : 7.237508653036841 (not joined)
9555 : chr9 : 7.237508653036841 vs. chr38 : 4.851830913609798 (not joined)
9603 : chr41 : 8.100657636890398 vs. chr11 : 5.3732067587902606 (not joined)
9617 : chr6 : 7.524814919292353 vs. chr35 : 7.237508653036841 (not joined)
9659 : chr6 : 8.100657636890398 vs. chr35 : 7.524814919292353 (not joined)
5.758165940256667 vs. 0.0
9671 : chr6 : 5.758165940256667 vs. chr35 : 5.485860097875672 (not joined)
9683 : chr19 : 7.812539448162381 vs. chr11 : 6.580332247358362 (not joined)
9709 : chr12 : 7.812539448162381 vs. chr26 : 7.812539448162381 (not joined)
5.214525989256439 vs. 0.0
9750 : chr7 : 8.100657636890398 vs. chr36 : 7.812539448162381 (not joined)
9784 : chr7 : 6.950647613629127 vs. chr36 : 6.031382688614232 (not joined)
9800 : chr7 : 8.100657636890398 vs. chr36 : 5.758165940256667 (not joined)
9810 : chr35 : 6.664261435646007 vs. chr6 : 5.485860097875672 (not joined)
9819 : chr6 : 7.812539448162381 vs. chr35 : 7.524814919292353 (not joined)
9824 : chr40 : 6.378382784323462 vs. chr15 : 5.808296483820455 (not joined)
9838 : chr13 : 6.093047777746866 vs. chr33 : 4.140358271991159 (not joined)
9862 : chr10 : 8.100657636890398 vs. chr28 : 6.031382688614232 (not joined)
5.485860097875672 vs. 0.0
5.485860097875672 vs. 0.0
9909 : chr37 : 7.812539448162381 vs. chr9 : 5.3732067587902606 (not joined)
9933 : chr36 : 8.100657636890398 vs. chr7 : 6.305454970542936 (not joined)
9944 : chr10 : 8.3891469783143 vs. chr28 : 8.100657636890398 (not joined)
9951 : chr9 : 6.950647613629127 vs. chr38 : 6.950647613629127 (not joined)
9989 : chr35 : 7.524814919292353 vs. chr6 : 4.9442306187986755 (not joined)
10003 : chr26 : 5.808296483820455 vs. chr12 : 4.851830913609798 (not joined)
10007 : chr37 : 8.3891469783143 vs. chr9 : 7.812539448162381 (not joined)
10028 : chr37 : 6.305454970542936 vs. chr9 : 5.758165940256667 (not joined)
10031 : chr40 : 7.237508653036841 vs. chr15 : 6.378382784323462 (not joined)
10038 : chr13 : 7.524814919292353 vs. chr9 : 6.378382784323462 (not joined)
10194 : chr37 : 8.100657636890398 vs. chr9 : 7.812539448162381 (not joined)
10212 : chr36 : 6.950647613629127 vs. chr7 : 6.305454970542936 (not joined)
10228 : chr12 : 7.132320645199556 vs. chr26 : 7.132320645199556 (not joined)
10234 : chr6 : 8.677986831062242 vs. chr35 : 8.100657636890398 (not joined)
10237 : chr9 : 8.3891469783143 vs. chr37 : 8.100657636890398 (not joined)
10243 : chr10 : 5.808296483820455 vs. chr28 : 3.3222026871959405 (not joined)
6.950647613629127 vs. 0.0
5.214525989256439 vs. 0.0
5.214525989256439 vs. 0.0
5.758165940256667 vs. 0.0
10286 : chr10 : 7.812539448162381 vs. chr28 : 7.812539448162381 (not joined)
10293 : chr40 : 6.031382688614232 vs. chr15 : 4.593070097082085 (not joined)
10307 : chr35 : 8.100657636890398 vs. chr6 : 6.950647613629127 (not joined)
10311 : chr9 : 6.950647613629127 vs. chr38 : 5.485860097875672 (not joined)
10325 : chr9 : 6.950647613629127 vs. chr38 : 4.079827535816964 (not joined)
5.758165940256667 vs. 0.0
10341 : chr13 : 6.378382784323462 vs. chr9 : 5.240728692363029 (not joined)
10371 : chr2 : 6.85596827651233 vs. chr11 : 6.580332247358362 (not joined)
10419 : chr6 : 8.100657636890398 vs. chr35 : 7.812539448162381 (not joined)
10440 : chr38 : 5.485860097875672 vs. chr9 : 5.214525989256439 (not joined)
10453 : chr10 : 6.031382688614232 vs. chr28 : 4.851830913609798 (not joined)
10454 : chr10 : 8.100657636890398 vs. chr28 : 6.031382688614232 (not joined)
10467 : chr11 : 5.214525989256439 vs. chr41 : 4.9442306187986755 (not joined)
5.524173508071117 vs. 0.0
10495 : chr2 : 8.3891469783143 vs. chr11 : 6.85596827651233 (not joined)
10500 : chr13 : 6.378382784323462 vs. chr9 : 5.808296483820455 (not joined)
10506 : chr3 : 7.237508653036841 vs. chr7 : 7.237508653036841 (not joined)
5.635673357125613 vs. 0.0
10517 : chr28 : 6.950647613629127 vs. chr10 : 4.354506309163542 (not joined)
10536 : chr7 : 7.524814919292353 vs. chr36 : 6.664261435646007 (not joined)
10564 : chr15 : 6.664261435646007 vs. chr40 : 5.758165940256667 (not joined)
10585 : chr9 : 7.812539448162381 vs. chr38 : 7.812539448162381 (not joined)
10595 : chr3 : 6.305454970542936 vs. chr7 : 6.305454970542936 (not joined)
5.214525989256439 vs. 0.0
10621 : chr12 : 6.85596827651233 vs. chr26 : 6.85596827651233 (not joined)
10625 : chr15 : 5.808296483820455 vs. chr40 : 5.808296483820455 (not joined)
10644 : chr10 : 6.950647613629127 vs. chr28 : 5.214525989256439 (not joined)
10650 : chr37 : 8.3891469783143 vs. chr9 : 7.132320645199556 (not joined)
10658 : chr6 : 8.3891469783143 vs. chr35 : 8.100657636890398 (not joined)
10674 : chr10 : 6.950647613629127 vs. chr28 : 5.758165940256667 (not joined)
10675 : chr33 : 7.237508653036841 vs. chr37 : 6.580332247358362 (not joined)
10679 : chr15 : 7.524814919292353 vs. chr40 : 4.851830913609798 (not joined)
5.758165940256667 vs. 0.0
10692 : chr28 : 7.524814919292353 vs. chr10 : 5.111902293203713 (not joined)
10704 : chr13 : 7.237508653036841 vs. chr9 : 6.093047777746866 (not joined)
10713 : chr34 : 5.214525989256439 vs. chr2 : 2.582361511330149 (not joined)
10724 : chr7 : 7.237508653036841 vs. chr3 : 4.407060170832148 (not joined)
6.093047777746866 vs. 0.0
7.237508653036841 vs. 0.0
10790 : chr37 : 7.524814919292353 vs. chr9 : 7.237508653036841 (not joined)
10794 : chr38 : 6.664261435646007 vs. chr9 : 6.093047777746866 (not joined)
10796 : chr26 : 5.111902293203713 vs. chr12 : 4.851830913609798 (not joined)
10799 : chr28 : 7.237508653036841 vs. chr10 : 5.111902293203713 (not joined)
10804 : chr15 : 6.950647613629127 vs. chr40 : 4.335704634601774 (not joined)
10805 : chr10 : 7.524814919292353 vs. chr28 : 7.237508653036841 (not joined)
10821 : chr12 : 7.132320645199556 vs. chr26 : 7.132320645199556 (not joined)
5.758165940256667 vs. 0.0
10859 : chr13 : 6.378382784323462 vs. chr9 : 5.524173508071117 (not joined)
5.214525989256439 vs. 0.0
10896 : chr9 : 6.950647613629127 vs. chr38 : 4.593070097082085 (not joined)
6.950647613629127 vs. 0.0
5.524173508071117 vs. 0.0
10926 : chr13 : 6.950647613629127 vs. chr9 : 5.808296483820455 (not joined)
10930 : chr8 : 5.214525989256439 vs. chr39 : 4.9442306187986755 (not joined)
10934 : chr35 : 7.524814919292353 vs. chr6 : 6.664261435646007 (not joined)
10950 : chr9 : 8.100657636890398 vs. chr38 : 8.100657636890398 (not joined)
10954 : chr10 : 7.237508653036841 vs. chr28 : 7.237508653036841 (not joined)
10972 : chr6 : 6.378382784323462 vs. chr35 : 6.378382784323462 (not joined)
10974 : chr9 : 7.524814919292353 vs. chr37 : 7.237508653036841 (not joined)
6.378382784323462 vs. 0.0
10994 : chr10 : 8.3891469783143 vs. chr28 : 6.85596827651233 (not joined)
10996 : chr2 : 6.093047777746866 vs. chr11 : 4.851830913609798 (not joined)
5.214525989256439 vs. 0.0
11052 : chr7 : 8.3891469783143 vs. chr36 : 7.812539448162381 (not joined)
11072 : chr39 : 8.100657636890398 vs. chr8 : 6.580332247358362 (not joined)
11092 : chr12 : 7.812539448162381 vs. chr26 : 5.3732067587902606 (not joined)
11165 : chr12 : 6.031382688614232 vs. chr26 : 5.111902293203713 (not joined)
11198 : chr37 : 6.305454970542936 vs. chr9 : 4.10710350355705 (not joined)
11214 : chr12 : 6.950647613629127 vs. chr26 : 6.664261435646007 (not joined)
11232 : chr10 : 6.950647613629127 vs. chr28 : 6.950647613629127 (not joined)
6.950647613629127 vs. 0.0
11254 : chr2 : 7.409350364429441 vs. chr11 : 6.163837697179339 (not joined)
11300 : chr35 : 7.812539448162381 vs. chr6 : 6.950647613629127 (not joined)
11302 : chr27 : 6.664261435646007 vs. chr32 : 3.8255410666115806 (not joined)
11324 : chr12 : 6.85596827651233 vs. chr26 : 6.85596827651233 (not joined)
11336 : chr37 : 6.664261435646007 vs. chr9 : 4.335704634601774 (not joined)
11349 : chr7 : 7.237508653036841 vs. chr36 : 6.378382784323462 (not joined)
11355 : chr10 : 7.812539448162381 vs. chr28 : 6.305454970542936 (not joined)
11380 : chr9 : 7.237508653036841 vs. chr38 : 6.664261435646007 (not joined)
11410 : chr2 : 8.3891469783143 vs. chr11 : 6.580332247358362 (not joined)
11431 : chr11 : 8.3891469783143 vs. chr2 : 6.163837697179339 (not joined)
11470 : chr8 : 5.524173508071117 vs. chr39 : 5.214525989256439 (not joined)
11471 : chr13 : 7.237508653036841 vs. chr9 : 6.093047777746866 (not joined)
11484 : chr37 : 7.812539448162381 vs. chr9 : 7.524814919292353 (not joined)
7.237508653036841 vs. 0.0
11491 : chr10 : 8.677986831062242 vs. chr28 : 8.100657636890398 (not joined)
11517 : chr9 : 7.237508653036841 vs. chr38 : 6.031382688614232 (not joined)
5.485860097875672 vs. 0.0
11530 : chr7 : 7.524814919292353 vs. chr36 : 6.950647613629127 (not joined)
11557 : chr7 : 8.100657636890398 vs. chr3 : 6.031382688614232 (not joined)
11601 : chr7 : 7.524814919292353 vs. chr36 : 5.485860097875672 (not joined)
11618 : chr12 : 8.3891469783143 vs. chr26 : 8.3891469783143 (not joined)
5.485860097875672 vs. 0.0
11639 : chr13 : 7.812539448162381 vs. chr9 : 6.664261435646007 (not joined)
11642 : chr12 : 7.524814919292353 vs. chr26 : 5.214525989256439 (not joined)
6.378382784323462 vs. 0.0
11664 : chr11 : 7.812539448162381 vs. chr19 : 6.305454970542936 (not joined)
11668 : chr3 : 6.031382688614232 vs. chr7 : 6.031382688614232 (not joined)
11683 : chr11 : 6.305454970542936 vs. chr19 : 6.031382688614232 (not joined)
11685 : chr7 : 6.664261435646007 vs. chr36 : 6.664261435646007 (not joined)
11689 : chr1 : 5.808296483820455 vs. chr36 : 3.5729579403885614 (not joined)
11692 : chr10 : 8.3891469783143 vs. chr28 : 8.3891469783143 (not joined)
11693 : chr28 : 7.524814919292353 vs. chr10 : 6.85596827651233 (not joined)
11716 : chr35 : 5.214525989256439 vs. chr6 : 3.8255410666115806 (not joined)
11717 : chr6 : 6.950647613629127 vs. chr35 : 6.305454970542936 (not joined)
11732 : chr37 : 8.100657636890398 vs. chr9 : 5.635673357125613 (not joined)
11739 : chr12 : 5.635673357125613 vs. chr26 : 5.635673357125613 (not joined)
11753 : chr7 : 7.237508653036841 vs. chr36 : 7.237508653036841 (not joined)
11758 : chr12 : 7.409350364429441 vs. chr26 : 7.409350364429441 (not joined)
5.485860097875672 vs. 0.0
5.485860097875672 vs. 0.0
6.093047777746866 vs. 0.0
5.808296483820455 vs. 0.0
11962 : chr15 : 7.524814919292353 vs. chr40 : 6.580332247358362 (not joined)
12008 : chr6 : 7.524814919292353 vs. chr35 : 6.305454970542936 (not joined)
Number of joined markers in chr 1 is 5
Number of joined markers in chr 2 is 5
Number of joined markers in chr 3 is 16
Number of joined markers in chr 4 is 1
Number of joined markers in chr 5 is 3
Number of joined markers in chr 6 is 6
Number of joined markers in chr 7 is 10
Number of joined markers in chr 8 is 2
Number of joined markers in chr 9 is 8
Number of joined markers in chr 10 is 3
Number of joined markers in chr 11 is 8
Number of joined markers in chr 12 is 4
Number of joined markers in chr 13 is 2
Number of joined markers in chr 14 is 2
Number of joined markers in chr 15 is 5
Number of joined markers in chr 16 is 8
Number of joined markers in chr 17 is 4
Number of joined markers in chr 18 is 7
Number of joined markers in chr 19 is 11
Number of joined markers in chr 20 is 3
Number of joined markers in chr 21 is 2
Number of joined markers in chr 22 is 6
Number of joined markers in chr 23 is 4
Number of joined markers in chr 24 is 4
Number of joined markers in chr 25 is 6
Number of joined markers in chr 26 is 7
Number of joined markers in chr 27 is 3
Number of joined markers in chr 28 is 3
Number of joined markers in chr 29 is 3
Number of joined markers in chr 30 is 0
Number of joined markers in chr 31 is 3
Number of joined markers in chr 32 is 5
Number of joined markers in chr 33 is 0
Number of joined markers in chr 34 is 2
Number of joined markers in chr 35 is 3
Number of joined markers in chr 36 is 2
Number of joined markers in chr 37 is 4
Number of joined markers in chr 38 is 0
Number of joined markers in chr 39 is 0
Number of joined markers in chr 40 is 0
Number of joined markers in chr 41 is 0
joined 170 single markers, non-conflicting LOD score > 8.677986831062242
Number of LGs = 41, markers in LGs = 10676, singles = 1352
