PLINK v1.90b3q 64-bit (29 May 2015)
Options in effect:
  --allow-extra-chr
  --allow-no-sex
  --autosome-num 50
  --bfile fam_1
  --hardy midp
  --hwe 0.05 midp
  --keep-allele-order
  --out fam_1.hwe
  --write-snplist

Hostname: ipseg-ubuntu
Working directory: /home/ipseg/Desktop/waples/chum_populations/data/batch_4/pop_genotypes
Start time: Tue Oct  6 10:50:14 2015

Random number seed: 1444153814
32127 MB RAM detected; reserving 16063 MB for main workspace.
28800 variants loaded from .bim file.
20 samples (0 males, 0 females, 20 ambiguous) loaded from .fam.
Ambiguous sex IDs written to fam_1.hwe.nosex .
Using 1 thread (no multithreaded calculations invoked).
Before main variant filters, 20 founders and 0 nonfounders present.
Calculating allele frequencies... done.
Total genotyping rate is 0.883627.
--hardy: Writing Hardy-Weinberg report (founders only) to fam_1.hwe.hwe ...
done.
Warning: --hwe observation counts vary by more than 10%.  Consider using
--geno, and/or applying different p-value thresholds to distinct subsets of
your data.
--hwe: 9663 variants removed due to Hardy-Weinberg exact test.
19137 variants and 20 samples pass filters and QC.
Note: No phenotypes present.
List of variant IDs written to fam_1.hwe.snplist .

End time: Tue Oct  6 10:50:14 2015
