PLINK v1.90b3j 64-bit (2 Apr 2015) 
13 arguments: --allow-extra-chr --allow-no-sex --autosome-num 50 --bfile miss_final --family --keep-cluster-names 2 --make-bed --out fam_2 --write-snplist
Hostname: ipseg-ubuntu
Working directory: /home/ipseg/Desktop/waples/chum_populations/data/batch_4/pop_genotypes
Start time: Mon Apr 20 14:42:13 2015

Random number seed: 1429566133
32127 MB RAM detected; reserving 16063 MB for main workspace.
28800 variants loaded from .bim file.
174 samples (0 males, 0 females, 174 ambiguous) loaded from .fam.
Ambiguous sex IDs written to fam_2.nosex .
--family: 1 cluster defined.
157 samples removed by cluster filter(s).
Using 1 thread (no multithreaded calculations invoked).
Before main variant filters, 17 founders and 0 nonfounders present.
Calculating allele frequencies... done.
Total genotyping rate in remaining samples is 0.964156.
28800 variants and 17 samples pass filters and QC.
Note: No phenotypes present.
List of variant IDs written to fam_2.snplist .
--make-bed to fam_2.bed + fam_2.bim + fam_2.fam ... done.

End time: Mon Apr 20 14:42:13 2015
