PLINK v1.90b3i 64-bit (18 Mar 2015)
13 arguments: --allow-extra-chr --allow-no-sex --autosome-num 50 --bfile miss_final --family --keep-cluster-names 10 --make-bed --out fam_10 --write-snplist
Hostname: ipseg-ubuntu
Working directory: /home/ipseg/Desktop/waples/chum_populations/data/batch_4/pop_genotypes
Start time: Tue Mar 31 16:25:53 2015

Random number seed: 1427844353
32127 MB RAM detected; reserving 16063 MB for main workspace.
28800 variants loaded from .bim file.
174 samples (0 males, 0 females, 174 ambiguous) loaded from .fam.
Ambiguous sex IDs written to fam_10.nosex .
--family: 1 cluster defined.
166 samples removed by cluster filter(s).
Using 1 thread (no multithreaded calculations invoked).
Before main variant filters, 8 founders and 0 nonfounders present.
Calculating allele frequencies... done.
Total genotyping rate in remaining samples is 0.867066.
28800 variants and 8 samples pass filters and QC.
Note: No phenotypes present.
List of variant IDs written to fam_10.snplist .
--make-bed to fam_10.bed + fam_10.bim + fam_10.fam ... done.

End time: Tue Mar 31 16:25:53 2015
