PLINK v1.90b3j 64-bit (2 Apr 2015) 
11 arguments: --allow-extra-chr --allow-no-sex --autosome-num 50 --bfile fam_7 --maf 0.05 --out fam_7.maf --write-snplist
Hostname: ipseg-ubuntu
Working directory: /home/ipseg/Desktop/waples/chum_populations/data/batch_4/pop_genotypes
Start time: Fri Apr 17 17:28:12 2015

Random number seed: 1429316892
32127 MB RAM detected; reserving 16063 MB for main workspace.
28800 variants loaded from .bim file.
14 samples (0 males, 0 females, 14 ambiguous) loaded from .fam.
Ambiguous sex IDs written to fam_7.maf.nosex .
Using 1 thread (no multithreaded calculations invoked).
Before main variant filters, 14 founders and 0 nonfounders present.
Calculating allele frequencies... done.
Total genotyping rate is 0.947232.
2794 variants removed due to minor allele threshold(s)
(--maf/--max-maf/--mac/--max-mac).
26006 variants and 14 samples pass filters and QC.
Note: No phenotypes present.
List of variant IDs written to fam_7.maf.snplist .

End time: Fri Apr 17 17:28:12 2015
