PLINK v1.90b3q 64-bit (29 May 2015)
Options in effect:
  --allow-extra-chr
  --allow-no-sex
  --autosome-num 50
  --bfile miss_final
  --family
  --keep-cluster-names 9
  --make-bed
  --out fam_9
  --write-snplist

Hostname: ipseg-ubuntu
Working directory: /home/ipseg/Desktop/waples/chum_populations/data/batch_4/pop_genotypes
Start time: Tue Jun  9 16:24:48 2015

Random number seed: 1433892288
32127 MB RAM detected; reserving 16063 MB for main workspace.
28800 variants loaded from .bim file.
174 samples (0 males, 0 females, 174 ambiguous) loaded from .fam.
Ambiguous sex IDs written to fam_9.nosex .
--family: 1 cluster defined.
161 samples removed by cluster filter(s).
Using 1 thread (no multithreaded calculations invoked).
Before main variant filters, 13 founders and 0 nonfounders present.
Calculating allele frequencies... done.
Total genotyping rate in remaining samples is 0.918162.
28800 variants and 13 samples pass filters and QC.
Note: No phenotypes present.
List of variant IDs written to fam_9.snplist .
--make-bed to fam_9.bed + fam_9.bim + fam_9.fam ... done.

End time: Tue Jun  9 16:24:48 2015
