PLINK v1.90b3i 64-bit (18 Mar 2015)
14 arguments: --allow-extra-chr --allow-no-sex --autosome-num 50 --bfile fam_8 --hardy midp --hwe 0.05 midp --out fam_8.hwe --write-snplist
Hostname: ipseg-ubuntu
Working directory: /home/ipseg/Desktop/waples/chum_populations/data/batch_4/pop_genotypes
Start time: Mon Mar 30 12:00:20 2015

Random number seed: 1427742020
32127 MB RAM detected; reserving 16063 MB for main workspace.
28861 variants loaded from .bim file.
8 samples (0 males, 0 females, 8 ambiguous) loaded from .fam.
Ambiguous sex IDs written to fam_8.hwe.nosex .
Using 1 thread (no multithreaded calculations invoked).
Before main variant filters, 8 founders and 0 nonfounders present.
Calculating allele frequencies... done.
Total genotyping rate is 0.872081.
--hardy: Writing Hardy-Weinberg report (founders only) to fam_8.hwe.hwe ...
done.
Warning: --hwe observation counts vary by more than 10%.  Consider using
--geno, and/or applying different p-value thresholds to distinct subsets of
your data.
--hwe: 5720 variants removed due to Hardy-Weinberg exact test.
23141 variants and 8 samples pass filters and QC.
Note: No phenotypes present.
List of variant IDs written to fam_8.hwe.snplist .

End time: Mon Mar 30 12:00:20 2015
