PLINK v1.90b3i 64-bit (18 Mar 2015)
11 arguments: --allow-extra-chr --allow-no-sex --autosome-num 50 --bfile fam_4 --maf 0.05 --out fam_4.maf --write-snplist
Hostname: ipseg-ubuntu
Working directory: /home/ipseg/Desktop/waples/chum_populations/data/batch_4/pop_genotypes
Start time: Thu Apr  9 09:46:05 2015

Random number seed: 1428597965
32127 MB RAM detected; reserving 16063 MB for main workspace.
28800 variants loaded from .bim file.
32 samples (0 males, 0 females, 32 ambiguous) loaded from .fam.
Ambiguous sex IDs written to fam_4.maf.nosex .
Using 1 thread (no multithreaded calculations invoked).
Before main variant filters, 32 founders and 0 nonfounders present.
Calculating allele frequencies... done.
Total genotyping rate is 0.963924.
1762 variants removed due to minor allele threshold(s)
(--maf/--max-maf/--mac/--max-mac).
27038 variants and 32 samples pass filters and QC.
Note: No phenotypes present.
List of variant IDs written to fam_4.maf.snplist .

End time: Thu Apr  9 09:46:05 2015
