PLINK v1.90b3j 64-bit (2 Apr 2015) 
11 arguments: --allow-extra-chr --allow-no-sex --autosome-num 50 --bfile fam_9 --maf 0.05 --out fam_9.maf --write-snplist
Hostname: ipseg-ubuntu
Working directory: /home/ipseg/Desktop/waples/chum_populations/data/batch_4/pop_genotypes
Start time: Mon Apr 20 14:42:16 2015

Random number seed: 1429566136
32127 MB RAM detected; reserving 16063 MB for main workspace.
28800 variants loaded from .bim file.
13 samples (0 males, 0 females, 13 ambiguous) loaded from .fam.
Ambiguous sex IDs written to fam_9.maf.nosex .
Using 1 thread (no multithreaded calculations invoked).
Before main variant filters, 13 founders and 0 nonfounders present.
Calculating allele frequencies... done.
Total genotyping rate is 0.918162.
3220 variants removed due to minor allele threshold(s)
(--maf/--max-maf/--mac/--max-mac).
25580 variants and 13 samples pass filters and QC.
Note: No phenotypes present.
List of variant IDs written to fam_9.maf.snplist .

End time: Mon Apr 20 14:42:16 2015
