PLINK v1.90b3q 64-bit (29 May 2015)
Options in effect:
  --allow-extra-chr
  --allow-no-sex
  --autosome-num 50
  --bfile miss_final
  --family
  --keep-allele-order
  --keep-cluster-names 8
  --make-bed
  --out fam_8
  --write-snplist

Hostname: ipseg-ubuntu
Working directory: /home/ipseg/Desktop/waples/chum_populations/data/batch_4/pop_genotypes
Start time: Tue Oct  6 10:50:13 2015

Random number seed: 1444153813
32127 MB RAM detected; reserving 16063 MB for main workspace.
28800 variants loaded from .bim file.
174 samples (0 males, 0 females, 174 ambiguous) loaded from .fam.
Ambiguous sex IDs written to fam_8.nosex .
--family: 1 cluster defined.
166 samples removed by cluster filter(s).
Using 1 thread (no multithreaded calculations invoked).
Before main variant filters, 8 founders and 0 nonfounders present.
Calculating allele frequencies... done.
Total genotyping rate in remaining samples is 0.872418.
28800 variants and 8 samples pass filters and QC.
Note: No phenotypes present.
List of variant IDs written to fam_8.snplist .
--make-bed to fam_8.bed + fam_8.bim + fam_8.fam ... done.

End time: Tue Oct  6 10:50:13 2015
