PLINK v1.90b3q 64-bit (29 May 2015)
Options in effect:
  --allow-extra-chr
  --allow-no-sex
  --autosome-num 50
  --bfile fam_7
  --hardy midp
  --hwe 0.05 midp
  --out fam_7.hwe
  --write-snplist

Hostname: ipseg-ubuntu
Working directory: /home/ipseg/Desktop/waples/chum_populations/data/batch_4/pop_genotypes
Start time: Tue Jun  9 16:24:49 2015

Random number seed: 1433892289
32127 MB RAM detected; reserving 16063 MB for main workspace.
28800 variants loaded from .bim file.
14 samples (0 males, 0 females, 14 ambiguous) loaded from .fam.
Ambiguous sex IDs written to fam_7.hwe.nosex .
Using 1 thread (no multithreaded calculations invoked).
Before main variant filters, 14 founders and 0 nonfounders present.
Calculating allele frequencies... done.
Total genotyping rate is 0.947232.
--hardy: Writing Hardy-Weinberg report (founders only) to fam_7.hwe.hwe ...
done.
Warning: --hwe observation counts vary by more than 10%.  Consider using
--geno, and/or applying different p-value thresholds to distinct subsets of
your data.
--hwe: 9042 variants removed due to Hardy-Weinberg exact test.
19758 variants and 14 samples pass filters and QC.
Note: No phenotypes present.
List of variant IDs written to fam_7.hwe.snplist .

End time: Tue Jun  9 16:24:49 2015
