PLINK v1.90b3i 64-bit (18 Mar 2015)
11 arguments: --allow-extra-chr --allow-no-sex --autosome-num 50 --bfile fam_1 --maf 0.05 --out fam_1.maf --write-snplist
Hostname: ipseg-ubuntu
Working directory: /home/ipseg/Desktop/waples/chum_populations/data/batch_4/pop_genotypes
Start time: Mon Mar 30 12:00:28 2015

Random number seed: 1427742028
32127 MB RAM detected; reserving 16063 MB for main workspace.
28861 variants loaded from .bim file.
20 samples (0 males, 0 females, 20 ambiguous) loaded from .fam.
Ambiguous sex IDs written to fam_1.maf.nosex .
Using 1 thread (no multithreaded calculations invoked).
Before main variant filters, 20 founders and 0 nonfounders present.
Calculating allele frequencies... done.
Total genotyping rate is 0.883143.
3381 variants removed due to minor allele threshold(s)
(--maf/--max-maf/--mac/--max-mac).
25480 variants and 20 samples pass filters and QC.
Note: No phenotypes present.
List of variant IDs written to fam_1.maf.snplist .

End time: Mon Mar 30 12:00:28 2015
