PLINK v1.90b3i 64-bit (18 Mar 2015)
13 arguments: --allow-extra-chr --allow-no-sex --autosome-num 50 --bfile miss_final --family --keep-cluster-names 6 --make-bed --out fam_6 --write-snplist
Hostname: ipseg-ubuntu
Working directory: /home/ipseg/Desktop/waples/chum_populations/data/batch_4/pop_genotypes
Start time: Tue Mar 31 16:25:52 2015

Random number seed: 1427844352
32127 MB RAM detected; reserving 16063 MB for main workspace.
28800 variants loaded from .bim file.
174 samples (0 males, 0 females, 174 ambiguous) loaded from .fam.
Ambiguous sex IDs written to fam_6.nosex .
--family: 1 cluster defined.
163 samples removed by cluster filter(s).
Using 1 thread (no multithreaded calculations invoked).
Before main variant filters, 11 founders and 0 nonfounders present.
Calculating allele frequencies... done.
Total genotyping rate in remaining samples is 0.958848.
28800 variants and 11 samples pass filters and QC.
Note: No phenotypes present.
List of variant IDs written to fam_6.snplist .
--make-bed to fam_6.bed + fam_6.bim + fam_6.fam ... done.

End time: Tue Mar 31 16:25:52 2015
