PLINK v1.90b3j 64-bit (2 Apr 2015) 
14 arguments: --allow-extra-chr --allow-no-sex --autosome-num 50 --bfile fam_5 --hardy midp --hwe 0.05 midp --out fam_5.hwe --write-snplist
Hostname: ipseg-ubuntu
Working directory: /home/ipseg/Desktop/waples/chum_populations/data/batch_4/pop_genotypes
Start time: Mon Apr 20 14:42:15 2015

Random number seed: 1429566135
32127 MB RAM detected; reserving 16063 MB for main workspace.
28800 variants loaded from .bim file.
31 samples (0 males, 0 females, 31 ambiguous) loaded from .fam.
Ambiguous sex IDs written to fam_5.hwe.nosex .
Using 1 thread (no multithreaded calculations invoked).
Before main variant filters, 31 founders and 0 nonfounders present.
Calculating allele frequencies... done.
Total genotyping rate is 0.924519.
--hardy: Writing Hardy-Weinberg report (founders only) to fam_5.hwe.hwe ...
done.
Warning: --hwe observation counts vary by more than 10%.  Consider using
--geno, and/or applying different p-value thresholds to distinct subsets of
your data.
--hwe: 11183 variants removed due to Hardy-Weinberg exact test.
17617 variants and 31 samples pass filters and QC.
Note: No phenotypes present.
List of variant IDs written to fam_5.hwe.snplist .

End time: Mon Apr 20 14:42:15 2015
