PLINK v1.90b3i 64-bit (18 Mar 2015)
14 arguments: --allow-extra-chr --allow-no-sex --autosome-num 50 --bfile fam_6 --hardy midp --hwe 0.05 midp --out fam_6.hwe --write-snplist
Hostname: ipseg-ubuntu
Working directory: /home/ipseg/Desktop/waples/chum_populations/data/batch_4/pop_genotypes
Start time: Tue Mar 31 16:25:54 2015

Random number seed: 1427844354
32127 MB RAM detected; reserving 16063 MB for main workspace.
28800 variants loaded from .bim file.
11 samples (0 males, 0 females, 11 ambiguous) loaded from .fam.
Ambiguous sex IDs written to fam_6.hwe.nosex .
Using 1 thread (no multithreaded calculations invoked).
Before main variant filters, 11 founders and 0 nonfounders present.
Calculating allele frequencies... done.
Total genotyping rate is 0.958848.
--hardy: Writing Hardy-Weinberg report (founders only) to fam_6.hwe.hwe ...
done.
Warning: --hwe observation counts vary by more than 10%.  Consider using
--geno, and/or applying different p-value thresholds to distinct subsets of
your data.
--hwe: 8716 variants removed due to Hardy-Weinberg exact test.
20084 variants and 11 samples pass filters and QC.
Note: No phenotypes present.
List of variant IDs written to fam_6.hwe.snplist .

End time: Tue Mar 31 16:25:54 2015
