PLINK v1.90b3j 64-bit (2 Apr 2015) 
14 arguments: --allow-extra-chr --allow-no-sex --autosome-num 50 --bfile fam_2 --hardy midp --hwe 0.05 midp --out fam_2.hwe --write-snplist
Hostname: ipseg-ubuntu
Working directory: /home/ipseg/Desktop/waples/chum_populations/data/batch_4/pop_genotypes
Start time: Fri Apr 17 17:28:10 2015

Random number seed: 1429316890
32127 MB RAM detected; reserving 16063 MB for main workspace.
28800 variants loaded from .bim file.
17 samples (0 males, 0 females, 17 ambiguous) loaded from .fam.
Ambiguous sex IDs written to fam_2.hwe.nosex .
Using 1 thread (no multithreaded calculations invoked).
Before main variant filters, 17 founders and 0 nonfounders present.
Calculating allele frequencies... done.
Total genotyping rate is 0.964156.
--hardy: Writing Hardy-Weinberg report (founders only) to fam_2.hwe.hwe ...
done.
Warning: --hwe observation counts vary by more than 10%.  Consider using
--geno, and/or applying different p-value thresholds to distinct subsets of
your data.
--hwe: 9543 variants removed due to Hardy-Weinberg exact test.
19257 variants and 17 samples pass filters and QC.
Note: No phenotypes present.
List of variant IDs written to fam_2.hwe.snplist .

End time: Fri Apr 17 17:28:10 2015
