PLINK v1.90b3q 64-bit (29 May 2015)
Options in effect:
  --allow-extra-chr
  --allow-no-sex
  --autosome-num 50
  --family
  --file batch_4.plink
  --keep-allele-order
  --keep-cluster-names 1 2 3 4 5 6 7 8 9 10
  --make-bed
  --out filter_pops
  --write-snplist

Hostname: ipseg-ubuntu
Working directory: /home/ipseg/Desktop/waples/chum_populations/data/batch_4/pop_genotypes
Start time: Tue Oct  6 10:50:11 2015

Random number seed: 1444153811
32127 MB RAM detected; reserving 16063 MB for main workspace.
Scanning .ped file... done.
Performing single-pass .bed write (28861 variants, 200 samples).
--file: filter_pops-temporary.bed + filter_pops-temporary.bim +
filter_pops-temporary.fam written.
28861 variants loaded from .bim file.
200 samples (0 males, 0 females, 200 ambiguous) loaded from .fam.
Ambiguous sex IDs written to filter_pops.nosex .
--family: 10 clusters defined.
Using 1 thread (no multithreaded calculations invoked).
Before main variant filters, 200 founders and 0 nonfounders present.
Calculating allele frequencies... done.
Total genotyping rate is 0.875552.
28861 variants and 200 samples pass filters and QC.
Note: No phenotypes present.
List of variant IDs written to filter_pops.snplist .
--make-bed to filter_pops.bed + filter_pops.bim + filter_pops.fam ... done.

End time: Tue Oct  6 10:50:12 2015
