PLINK v1.90b3i 64-bit (18 Mar 2015)
13 arguments: --allow-extra-chr --allow-no-sex --autosome-num 50 --bfile filter_HWE --freq --maf 0.05 --make-bed --out filter_HWE_MAF --write-snplist
Hostname: ipseg-ubuntu
Working directory: /home/ipseg/Desktop/waples/chum_populations/data/batch_4/pop_genotypes
Start time: Tue Mar 31 16:25:56 2015

Random number seed: 1427844356
32127 MB RAM detected; reserving 16063 MB for main workspace.
20480 variants loaded from .bim file.
174 samples (0 males, 0 females, 174 ambiguous) loaded from .fam.
Ambiguous sex IDs written to filter_HWE_MAF.nosex .
Using 1 thread (no multithreaded calculations invoked).
Before main variant filters, 174 founders and 0 nonfounders present.
Calculating allele frequencies... done.
Total genotyping rate is 0.92826.
--freq: Allele frequencies (founders only) written to filter_HWE_MAF.frq .
192 variants removed due to minor allele threshold(s)
(--maf/--max-maf/--mac/--max-mac).
20288 variants and 174 samples pass filters and QC.
Note: No phenotypes present.
List of variant IDs written to filter_HWE_MAF.snplist .
--make-bed to filter_HWE_MAF.bed + filter_HWE_MAF.bim + filter_HWE_MAF.fam ...
done.

End time: Tue Mar 31 16:25:56 2015
