PLINK v1.90b3q 64-bit (29 May 2015)
Options in effect:
  --allow-extra-chr
  --allow-no-sex
  --autosome-num 50
  --bfile filter_MAF
  --extract passing_HWE.snplist
  --keep-allele-order
  --make-bed
  --out filter_HWE
  --write-snplist

Hostname: ipseg-ubuntu
Working directory: /home/ipseg/Desktop/waples/chum_populations/data/batch_4/pop_genotypes
Start time: Tue Oct  6 10:50:17 2015

Random number seed: 1444153817
32127 MB RAM detected; reserving 16063 MB for main workspace.
28800 variants loaded from .bim file.
174 samples (0 males, 0 females, 174 ambiguous) loaded from .fam.
Ambiguous sex IDs written to filter_HWE.nosex .
--extract: 20480 variants remaining.
Using 1 thread (no multithreaded calculations invoked).
Before main variant filters, 174 founders and 0 nonfounders present.
Calculating allele frequencies... done.
Total genotyping rate is 0.92826.
20480 variants and 174 samples pass filters and QC.
Note: No phenotypes present.
List of variant IDs written to filter_HWE.snplist .
--make-bed to filter_HWE.bed + filter_HWE.bim + filter_HWE.fam ... done.

End time: Tue Oct  6 10:50:17 2015
