PLINK v1.90b3q 64-bit (29 May 2015)
Options in effect:
  --allow-extra-chr
  --allow-no-sex
  --autosome-num 50
  --bfile filter_pops
  --make-bed
  --mind 0.25
  --out filter_inds
  --write-snplist

Hostname: ipseg-ubuntu
Working directory: /home/ipseg/Desktop/waples/chum_populations/data/batch_4/pop_genotypes
Start time: Tue Jun  9 16:24:46 2015

Random number seed: 1433892286
32127 MB RAM detected; reserving 16063 MB for main workspace.
28861 variants loaded from .bim file.
200 samples (0 males, 0 females, 200 ambiguous) loaded from .fam.
Ambiguous sex IDs written to filter_inds.nosex .
26 samples removed due to missing genotype data (--mind).
IDs written to filter_inds.irem .
Using 1 thread (no multithreaded calculations invoked).
Before main variant filters, 174 founders and 0 nonfounders present.
Calculating allele frequencies... done.
Total genotyping rate in remaining samples is 0.935808.
28861 variants and 174 samples pass filters and QC.
Note: No phenotypes present.
List of variant IDs written to filter_inds.snplist .
--make-bed to filter_inds.bed + filter_inds.bim + filter_inds.fam ... done.

End time: Tue Jun  9 16:24:46 2015
