PLINK v1.90b3q 64-bit (29 May 2015)
Options in effect:
  --allow-extra-chr
  --allow-no-sex
  --autosome-num 50
  --bfile miss_final
  --extract passing_MAF.snplist
  --make-bed
  --out filter_MAF
  --write-snplist

Hostname: ipseg-ubuntu
Working directory: /home/ipseg/Desktop/waples/chum_populations/data/batch_4/pop_genotypes
Start time: Tue Jun  9 16:24:50 2015

Random number seed: 1433892290
32127 MB RAM detected; reserving 16063 MB for main workspace.
28800 variants loaded from .bim file.
174 samples (0 males, 0 females, 174 ambiguous) loaded from .fam.
Ambiguous sex IDs written to filter_MAF.nosex .
--extract: 28800 variants remaining.
Using 1 thread (no multithreaded calculations invoked).
Before main variant filters, 174 founders and 0 nonfounders present.
Calculating allele frequencies... done.
Total genotyping rate is 0.936261.
28800 variants and 174 samples pass filters and QC.
Note: No phenotypes present.
List of variant IDs written to filter_MAF.snplist .
--make-bed to filter_MAF.bed + filter_MAF.bim + filter_MAF.fam ... done.

End time: Tue Jun  9 16:24:50 2015
