PLINK v1.90b3i 64-bit (18 Mar 2015)
12 arguments: --allow-extra-chr --allow-no-sex --autosome-num 50 --bfile filter_inds --geno 0.25 --make-bed --out filter_loci --write-snplist
Hostname: ipseg-ubuntu
Working directory: /home/ipseg/Desktop/waples/chum_populations/data/batch_4/pop_genotypes
Start time: Mon Mar 30 11:59:43 2015

Random number seed: 1427741983
32127 MB RAM detected; reserving 16063 MB for main workspace.
28861 variants loaded from .bim file.
174 samples (0 males, 0 females, 174 ambiguous) loaded from .fam.
Ambiguous sex IDs written to filter_loci.nosex .
Using 1 thread (no multithreaded calculations invoked).
Before main variant filters, 174 founders and 0 nonfounders present.
Calculating allele frequencies... done.
Total genotyping rate is 0.935808.
61 variants removed due to missing genotype data (--geno).
28800 variants and 174 samples pass filters and QC.
Note: No phenotypes present.
List of variant IDs written to filter_loci.snplist .
--make-bed to filter_loci.bed + filter_loci.bim + filter_loci.fam ... done.

End time: Mon Mar 30 11:59:43 2015
