PLINK v1.90b3j 64-bit (2 Apr 2015) 
16 arguments: --allow-extra-chr --allow-no-sex --autosome-num 50 --bfile filter_HWE_MAF --extract single_catID.snplist --make-bed --out final --recode 12 A tabx --write-snplist
Hostname: ipseg-ubuntu
Working directory: /home/ipseg/Desktop/waples/chum_populations/data/batch_4/pop_genotypes
Start time: Fri Apr 17 16:37:09 2015

Random number seed: 1429313829
32127 MB RAM detected; reserving 16063 MB for main workspace.
20288 variants loaded from .bim file.
174 samples (0 males, 0 females, 174 ambiguous) loaded from .fam.
Ambiguous sex IDs written to final.nosex .
--extract: 13407 variants remaining.
Using 1 thread (no multithreaded calculations invoked).
Before main variant filters, 174 founders and 0 nonfounders present.
Calculating allele frequencies... done.
Total genotyping rate is 0.928572.
13407 variants and 174 samples pass filters and QC.
Note: No phenotypes present.
List of variant IDs written to final.snplist .
--make-bed to final.bed + final.bim + final.fam ... done.
--recode A to final.raw ... done.

End time: Fri Apr 17 16:37:09 2015
