PLINK v1.90b3q 64-bit (29 May 2015)
Options in effect:
  --allow-extra-chr
  --allow-no-sex
  --autosome-num 50
  --bfile complete
  --exclude paralog_SNPs.txt
  --make-bed
  --not-chr 0
  --out mapped_non_paralogs_subset
  --recode
  --thin-count 1000
  --write-snplist

Hostname: ipseg-ubuntu
Working directory: /home/ipseg/Desktop/waples/chum_populations/data/batch_4/pop_genotypes
Start time: Tue Jun 23 13:43:18 2015

Random number seed: 1435092198
32127 MB RAM detected; reserving 16063 MB for main workspace.
7259 variants loaded from .bim file.
174 samples (0 males, 0 females, 174 ambiguous) loaded from .fam.
Ambiguous sex IDs written to mapped_non_paralogs_subset.nosex .
--exclude: 6251 variants remaining.
Warning: At least 263 duplicate IDs in --exclude file.
--thin-count: 5251 variants removed (1000 remaining).
Using 1 thread (no multithreaded calculations invoked).
Before main variant filters, 174 founders and 0 nonfounders present.
Calculating allele frequencies... done.
Total genotyping rate is 0.92804.
1000 variants and 174 samples pass filters and QC.
Note: No phenotypes present.
List of variant IDs written to mapped_non_paralogs_subset.snplist .
--make-bed to mapped_non_paralogs_subset.bed + mapped_non_paralogs_subset.bim +
mapped_non_paralogs_subset.fam ... done.
--recode to mapped_non_paralogs_subset.ped + mapped_non_paralogs_subset.map ...
done.

End time: Tue Jun 23 13:43:18 2015
