PLINK v1.90b3j 64-bit (2 Apr 2015) 
11 arguments: --allow-extra-chr --allow-no-sex --autosome-num 50 --bfile non_paralogs --out non_paralogs --recode A-transpose --write-snplist
Hostname: ipseg-ubuntu
Working directory: /home/ipseg/Desktop/waples/chum_populations/data/batch_4/pop_genotypes
Start time: Mon Apr 20 14:42:22 2015

Random number seed: 1429566142
32127 MB RAM detected; reserving 16063 MB for main workspace.
12539 variants loaded from .bim file.
174 samples (0 males, 0 females, 174 ambiguous) loaded from .fam.
Ambiguous sex IDs written to non_paralogs.nosex .
Using 1 thread (no multithreaded calculations invoked).
Before main variant filters, 174 founders and 0 nonfounders present.
Calculating allele frequencies... done.
Total genotyping rate is 0.927873.
12539 variants and 174 samples pass filters and QC.
Note: No phenotypes present.
List of variant IDs written to non_paralogs.snplist .
Warning: Underscore(s) present in sample IDs.
--recode A-transpose to non_paralogs.traw ... done.

End time: Mon Apr 20 14:42:22 2015
