PLINK v1.90b3q 64-bit (29 May 2015)
Options in effect:
  --allow-extra-chr
  --allow-no-sex
  --autosome-num 50
  --bfile on_map
  --keep-allele-order
  --out on_map
  --recode A
  --write-snplist

Hostname: ipseg-ubuntu
Working directory: /home/ipseg/Desktop/waples/chum_populations/data/batch_4/pop_genotypes
Start time: Tue Oct  6 10:50:22 2015

Random number seed: 1444153822
32127 MB RAM detected; reserving 16063 MB for main workspace.
7259 variants loaded from .bim file.
174 samples (0 males, 0 females, 174 ambiguous) loaded from .fam.
Ambiguous sex IDs written to on_map.nosex .
Using 1 thread (no multithreaded calculations invoked).
Before main variant filters, 174 founders and 0 nonfounders present.
Calculating allele frequencies... done.
Total genotyping rate is 0.930738.
7259 variants and 174 samples pass filters and QC.
Note: No phenotypes present.
List of variant IDs written to on_map.snplist .
--recode A to on_map.raw ... done.

End time: Tue Oct  6 10:50:22 2015
