PLINK v1.90b2m 64-bit (15 Oct 2014)
10 arguments: --allow-extra-chr --bfile ./data/batch_10/batch_10_filter_missingness --family --hwe .0000001 midp --make-bed --out ./data/batch_10/batch_10_clean
Hostname: ipseg-ubuntu
Working directory: /home/ipseg/Desktop/waples/chum_populations
Start time: Tue Oct 21 16:30:41 2014

Random number seed: 1413934241
32127 MB RAM detected; reserving 16063 MB for main workspace.
15488 variants loaded from .bim file.
155 people (0 males, 0 females, 155 ambiguous) loaded from .fam.
Ambiguous sex IDs written to ./data/batch_10/batch_10_clean.nosex .
--family: 9 clusters defined.
Using 1 thread (no multithreaded calculations invoked).
Before main variant filters, 155 founders and 0 nonfounders present.
Calculating allele frequencies... done.
Total genotyping rate is 0.928247.
Warning: --hwe observation counts vary by more than 10%.  Consider using
--geno, and/or applying different p-value thresholds to distinct subsets of
your data.
--hwe: 3636 variants removed due to Hardy-Weinberg exact test.
11852 variants and 155 people pass filters and QC.
Note: No phenotypes present.
--make-bed to ./data/batch_10/batch_10_clean.bed +
./data/batch_10/batch_10_clean.bim + ./data/batch_10/batch_10_clean.fam ...
done.

End time: Tue Oct 21 16:30:41 2014
