populations -b 2 -P /media/Shared/Data/chum/populations/pstacks -s -t 6 -r .5 -p 6 -a .05 --fstats --plink --genepop --vcf -M /media/Shared/Data/chum/populations/stacks/pop_map/pop_map.txt
populations version 1.28 executed 2015-03-13 18:03:28

# Distribution of population loci.
# Distribution of valid loci matched to catalog locus.
# Valid samples at locus	Count
1	3408
2	1159
3	876
4	727
5	610
6	534
7	487
8	391
9	334
10	338
11	306
12	271
13	263
14	255
15	225
16	222
17	201
18	187
19	201
20	225
21	146
22	177
23	188
24	159
25	180
26	173
27	173
28	161
29	121
30	160
31	138
32	162
33	146
34	138
35	129
36	128
37	122
38	127
39	132
40	133
41	140
42	132
43	113
44	99
45	114
46	106
47	107
48	120
49	100
50	93
51	121
52	94
53	86
54	85
55	88
56	101
57	94
58	108
59	83
60	100
61	81
62	94
63	82
64	86
65	94
66	87
67	84
68	98
69	78
70	116
71	92
72	71
73	86
74	80
75	74
76	81
77	79
78	75
79	78
80	62
81	93
82	73
83	78
84	66
85	77
86	94
87	66
88	73
89	78
90	68
91	74
92	82
93	60
94	75
95	64
96	73
97	82
98	69
99	73
100	74
101	65
102	76
103	81
104	80
105	91
106	84
107	68
108	64
109	78
110	88
111	62
112	98
113	80
114	74
115	84
116	66
117	80
118	70
119	85
120	82
121	74
122	74
123	78
124	98
125	85
126	91
127	102
128	96
129	120
130	96
131	96
132	92
133	106
134	109
135	108
136	121
137	120
138	115
139	113
140	136
141	127
142	131
143	126
144	147
145	150
146	149
147	158
148	203
149	188
150	177
151	192
152	198
153	206
154	190
155	236
156	228
157	211
158	242
159	211
160	308
161	259
162	313
163	320
164	354
165	367
166	362
167	433
168	488
169	551
170	586
171	652
172	742
173	865
174	943
175	1121
176	1316
177	1547
178	1930
179	2234
180	2743
181	3324
182	3753
183	4163
184	4264
185	4475
186	4162
187	3532
188	3001
189	2457
190	1861
191	1483
192	1239
193	1073
194	778
195	447
196	221
197	95
198	36
199	5
200	3
# Distribution of confounded loci at catalog locus.
# Confounded samples at locus	Count
0	85329
# Distribution of missing loci at catalog loci.
# Absent samples at locus	Count
0	85329
# Distribution of population loci after applying locus constraints.
# Distribution of valid loci matched to catalog locus.
# Valid samples at locus	Count
53	1
56	1
58	1
59	3
61	3
62	2
63	2
64	4
65	4
66	7
67	18
68	7
69	9
70	6
71	9
72	19
73	12
74	10
75	20
76	10
77	15
78	18
79	18
80	18
81	26
82	31
83	20
84	23
85	30
86	21
87	31
88	39
89	28
90	38
91	31
92	33
93	33
94	27
95	46
96	34
97	29
98	31
99	37
100	53
101	63
102	46
103	51
104	53
105	57
106	57
107	41
108	44
109	58
110	58
111	65
112	63
113	63
114	66
115	64
116	68
117	73
118	61
119	67
120	59
121	76
122	73
123	82
124	79
125	74
126	80
127	77
128	85
129	95
130	84
131	92
132	92
133	82
134	82
135	106
136	103
137	97
138	109
139	99
140	115
141	114
142	131
143	131
144	118
145	133
146	125
147	139
148	174
149	165
150	165
151	166
152	160
153	198
154	159
155	206
156	200
157	198
158	215
159	192
160	289
161	248
162	275
163	311
164	338
165	352
166	352
167	425
168	458
169	533
170	553
171	626
172	717
173	844
174	911
175	1100
176	1288
177	1536
178	1915
179	2224
180	2731
181	3313
182	3746
183	4161
184	4263
185	4475
186	4162
187	3532
188	3001
189	2457
190	1861
191	1483
192	1239
193	1073
194	778
195	447
196	221
197	95
198	36
199	5
200	3
# Distribution of confounded loci at catalog locus.
# Confounded samples at locus	Count
0	65283
# Distribution of missing loci at catalog loci.
# Absent samples at locus	Count
0	59474
1	17
2	62
3	173
4	350
5	690
6	511
7	1095
8	60
9	164
10	171
11	209
12	248
13	240
14	245
15	165
16	124
17	159
18	146
19	160
20	131
21	113
22	99
23	86
24	71
25	55
26	40
27	45
28	44
29	29
30	19
31	13
32	17
33	15
34	10
35	10
36	4
37	4
38	3
39	2
40	3
41	5
44	2
Population 1 contained 2028 incompatible loci -- more than two alleles present.
Population 2 contained 2208 incompatible loci -- more than two alleles present.
Population 3 contained 2092 incompatible loci -- more than two alleles present.
Population 4 contained 2517 incompatible loci -- more than two alleles present.
Population 5 contained 2476 incompatible loci -- more than two alleles present.
Population 6 contained 1736 incompatible loci -- more than two alleles present.
Population 7 contained 1905 incompatible loci -- more than two alleles present.
Population 8 contained 3683 incompatible loci -- more than two alleles present.
Population 9 contained 1873 incompatible loci -- more than two alleles present.
Population 10 contained 2225 incompatible loci -- more than two alleles present.
Population 1 contained 0 incompatible loci -- more than two alleles present.
Population 2 contained 0 incompatible loci -- more than two alleles present.
Population 3 contained 0 incompatible loci -- more than two alleles present.
Population 4 contained 0 incompatible loci -- more than two alleles present.
Population 5 contained 0 incompatible loci -- more than two alleles present.
Population 6 contained 0 incompatible loci -- more than two alleles present.
Population 7 contained 0 incompatible loci -- more than two alleles present.
Population 8 contained 0 incompatible loci -- more than two alleles present.
Population 9 contained 0 incompatible loci -- more than two alleles present.
Population 10 contained 0 incompatible loci -- more than two alleles present.
between_population	incompatible_locus	17346	c29713	30	30	1	2
between_population	incompatible_locus	17925	c30368	50	50	1	2
between_population	multiple_locus	35268	c50087	46	35	CMHAMM10	CMKALA03
between_population	incompatible_locus	36170	c51124	83	83	1	2
between_population	multiple_locus	46307	c625	63	21	CMHAMM10	CMKALA03
between_population	multiple_locus	46307	c625	60	24	CMHAMM10	CMKALA03
between_population	multiple_locus	46307	c625	59	25	CMHAMM10	CMKALA03
between_population	multiple_locus	46307	c625	46	38	CMHAMM10	CMKALA03
between_population	multiple_locus	47663	c6414	12	66	CMHAMM10	CMKALA03
between_population	multiple_locus	64429	c84400	41	38	CMHAMM10	CMKALA03
between_population	multiple_locus	64429	c84400	33	46	CMHAMM10	CMKALA03
between_population	multiple_locus	64429	c84400	23	56	CMHAMM10	CMKALA03
between_population	multiple_locus	64429	c84400	22	57	CMHAMM10	CMKALA03
between_population	multiple_locus	64429	c84400	18	61	CMHAMM10	CMKALA03
between_population	multiple_locus	35268	c50087	46	35	CMHAMM10	CMLILLIW11
between_population	multiple_locus	46307	c625	63	21	CMHAMM10	CMLILLIW11
between_population	multiple_locus	46307	c625	60	24	CMHAMM10	CMLILLIW11
between_population	multiple_locus	46307	c625	59	25	CMHAMM10	CMLILLIW11
between_population	multiple_locus	46307	c625	46	38	CMHAMM10	CMLILLIW11
between_population	multiple_locus	47663	c6414	12	66	CMHAMM10	CMLILLIW11
between_population	multiple_locus	64429	c84400	41	38	CMHAMM10	CMLILLIW11
between_population	multiple_locus	64429	c84400	33	46	CMHAMM10	CMLILLIW11
between_population	multiple_locus	64429	c84400	23	56	CMHAMM10	CMLILLIW11
between_population	multiple_locus	64429	c84400	22	57	CMHAMM10	CMLILLIW11
between_population	multiple_locus	64429	c84400	18	61	CMHAMM10	CMLILLIW11
between_population	incompatible_locus	12181	c23769	18	18	1	4
between_population	multiple_locus	35268	c50087	46	35	CMHAMM10	CMSHERW94F
between_population	multiple_locus	46307	c625	63	21	CMHAMM10	CMSHERW94F
between_population	multiple_locus	46307	c625	60	24	CMHAMM10	CMSHERW94F
between_population	multiple_locus	46307	c625	59	25	CMHAMM10	CMSHERW94F
between_population	multiple_locus	46307	c625	46	38	CMHAMM10	CMSHERW94F
between_population	multiple_locus	47663	c6414	12	66	CMHAMM10	CMSHERW94F
between_population	multiple_locus	64429	c84400	41	38	CMHAMM10	CMSHERW94F
between_population	multiple_locus	64429	c84400	33	46	CMHAMM10	CMSHERW94F
between_population	multiple_locus	64429	c84400	23	56	CMHAMM10	CMSHERW94F
between_population	multiple_locus	64429	c84400	22	57	CMHAMM10	CMSHERW94F
between_population	multiple_locus	64429	c84400	18	61	CMHAMM10	CMSHERW94F
between_population	incompatible_locus	12181	c23769	18	18	1	5
between_population	multiple_locus	35268	c50087	46	35	CMHAMM10	CMSHERW94S
between_population	multiple_locus	46307	c625	63	21	CMHAMM10	CMSHERW94S
between_population	multiple_locus	46307	c625	60	24	CMHAMM10	CMSHERW94S
between_population	multiple_locus	46307	c625	59	25	CMHAMM10	CMSHERW94S
between_population	multiple_locus	46307	c625	46	38	CMHAMM10	CMSHERW94S
between_population	multiple_locus	47663	c6414	12	66	CMHAMM10	CMSHERW94S
between_population	multiple_locus	64429	c84400	41	38	CMHAMM10	CMSHERW94S
between_population	multiple_locus	64429	c84400	33	46	CMHAMM10	CMSHERW94S
between_population	multiple_locus	64429	c84400	23	56	CMHAMM10	CMSHERW94S
between_population	multiple_locus	64429	c84400	22	57	CMHAMM10	CMSHERW94S
between_population	multiple_locus	64429	c84400	18	61	CMHAMM10	CMSHERW94S
between_population	multiple_locus	35268	c50087	46	35	CMHAMM10	CMSKOO10
between_population	multiple_locus	46307	c625	63	21	CMHAMM10	CMSKOO10
between_population	multiple_locus	46307	c625	60	24	CMHAMM10	CMSKOO10
between_population	multiple_locus	46307	c625	59	25	CMHAMM10	CMSKOO10
between_population	multiple_locus	46307	c625	46	38	CMHAMM10	CMSKOO10
between_population	multiple_locus	47663	c6414	12	66	CMHAMM10	CMSKOO10
between_population	multiple_locus	64429	c84400	41	38	CMHAMM10	CMSKOO10
between_population	multiple_locus	64429	c84400	33	46	CMHAMM10	CMSKOO10
between_population	multiple_locus	64429	c84400	23	56	CMHAMM10	CMSKOO10
between_population	multiple_locus	64429	c84400	22	57	CMHAMM10	CMSKOO10
between_population	multiple_locus	64429	c84400	18	61	CMHAMM10	CMSKOO10
between_population	incompatible_locus	12705	c24362	56	56	1	7
between_population	multiple_locus	35268	c50087	46	35	CMHAMM10	CMSNOH10
between_population	multiple_locus	46307	c625	63	21	CMHAMM10	CMSNOH10
between_population	multiple_locus	46307	c625	60	24	CMHAMM10	CMSNOH10
between_population	multiple_locus	46307	c625	59	25	CMHAMM10	CMSNOH10
between_population	multiple_locus	46307	c625	46	38	CMHAMM10	CMSNOH10
between_population	multiple_locus	47663	c6414	12	66	CMHAMM10	CMSNOH10
between_population	multiple_locus	64429	c84400	41	38	CMHAMM10	CMSNOH10
between_population	multiple_locus	64429	c84400	33	46	CMHAMM10	CMSNOH10
between_population	multiple_locus	64429	c84400	23	56	CMHAMM10	CMSNOH10
between_population	multiple_locus	64429	c84400	22	57	CMHAMM10	CMSNOH10
between_population	multiple_locus	64429	c84400	18	61	CMHAMM10	CMSNOH10
between_population	incompatible_locus	1298	c11425	25	25	1	8
between_population	incompatible_locus	4394	c14888	84	84	1	8
between_population	incompatible_locus	4873	c15426	61	61	1	8
between_population	incompatible_locus	5980	c16692	53	53	1	8
between_population	incompatible_locus	6713	c17523	28	28	1	8
between_population	incompatible_locus	6913	c17747	15	15	1	8
between_population	incompatible_locus	7501	c18408	83	83	1	8
between_population	incompatible_locus	8039	c1900	51	51	1	8
between_population	incompatible_locus	9473	c20669	59	59	1	8
between_population	incompatible_locus	10716	c22071	74	74	1	8
between_population	incompatible_locus	12705	c24362	56	56	1	8
between_population	incompatible_locus	13191	c24932	52	52	1	8
between_population	incompatible_locus	13793	c25617	82	82	1	8
between_population	incompatible_locus	69966	c26432	34	34	1	8
between_population	incompatible_locus	16549	c28794	82	82	1	8
between_population	incompatible_locus	18994	c31585	19	19	1	8
between_population	incompatible_locus	20194	c3295	75	75	1	8
between_population	incompatible_locus	20255	c33028	80	80	1	8
between_population	incompatible_locus	20932	c3381	53	53	1	8
between_population	incompatible_locus	22812	c35984	24	24	1	8
between_population	incompatible_locus	24137	c37478	57	57	1	8
between_population	incompatible_locus	24869	c38326	28	28	1	8
between_population	incompatible_locus	24869	c38326	29	29	1	8
between_population	incompatible_locus	25643	c3918	56	56	1	8
between_population	incompatible_locus	25842	c39421	6	6	1	8
between_population	incompatible_locus	28479	c42412	36	36	1	8
between_population	incompatible_locus	28904	c42870	27	27	1	8
between_population	incompatible_locus	72191	c43267	65	65	1	8
between_population	incompatible_locus	29550	c43602	64	64	1	8
between_population	incompatible_locus	30601	c44809	80	80	1	8
between_population	incompatible_locus	32612	c47081	22	22	1	8
between_population	incompatible_locus	33557	c48141	16	16	1	8
between_population	incompatible_locus	35267	c50087	9	9	1	8
between_population	multiple_locus	35268	c50087	46	35	CMHAMM10	CMSQUA10
between_population	incompatible_locus	38051	c53248	54	54	1	8
between_population	incompatible_locus	38718	c53996	82	82	1	8
between_population	incompatible_locus	38738	c5401	59	59	1	8
between_population	incompatible_locus	39355	c54705	11	11	1	8
between_population	incompatible_locus	39578	c54950	84	84	1	8
between_population	incompatible_locus	41038	c5661	10	10	1	8
between_population	incompatible_locus	43176	c59015	79	79	1	8
between_population	incompatible_locus	43819	c59764	65	65	1	8
between_population	incompatible_locus	74259	c60278	79	79	1	8
between_population	incompatible_locus	45871	c62095	79	79	1	8
between_population	incompatible_locus	46152	c62409	84	84	1	8
between_population	multiple_locus	46307	c625	63	21	CMHAMM10	CMSQUA10
between_population	multiple_locus	46307	c625	60	24	CMHAMM10	CMSQUA10
between_population	multiple_locus	46307	c625	59	25	CMHAMM10	CMSQUA10
between_population	multiple_locus	46307	c625	46	38	CMHAMM10	CMSQUA10
between_population	incompatible_locus	46628	c62973	8	8	1	8
between_population	incompatible_locus	46863	c63235	81	81	1	8
between_population	incompatible_locus	47605	c64084	77	77	1	8
between_population	multiple_locus	47663	c6414	12	66	CMHAMM10	CMSQUA10
between_population	incompatible_locus	51762	c68885	10	10	1	8
between_population	incompatible_locus	51897	c69036	74	74	1	8
between_population	incompatible_locus	52740	c70029	82	82	1	8
between_population	incompatible_locus	53121	c7045	17	17	1	8
between_population	incompatible_locus	53395	c70777	40	40	1	8
between_population	incompatible_locus	55185	c72838	84	84	1	8
between_population	incompatible_locus	56353	c7421	81	81	1	8
between_population	incompatible_locus	56588	c74497	69	69	1	8
between_population	incompatible_locus	56846	c74789	69	69	1	8
between_population	incompatible_locus	59774	c78367	20	20	1	8
between_population	incompatible_locus	63794	c8356	66	66	1	8
between_population	incompatible_locus	64024	c8386	8	8	1	8
between_population	multiple_locus	64429	c84400	41	38	CMHAMM10	CMSQUA10
between_population	multiple_locus	64429	c84400	33	46	CMHAMM10	CMSQUA10
between_population	multiple_locus	64429	c84400	23	56	CMHAMM10	CMSQUA10
between_population	multiple_locus	64429	c84400	22	57	CMHAMM10	CMSQUA10
between_population	multiple_locus	64429	c84400	18	61	CMHAMM10	CMSQUA10
between_population	incompatible_locus	65915	c88769	78	78	1	8
between_population	incompatible_locus	66089	c89523	79	79	1	8
between_population	incompatible_locus	67085	c935	36	36	1	8
between_population	incompatible_locus	67079	c93571	68	68	1	8
between_population	incompatible_locus	12705	c24362	56	56	1	9
between_population	incompatible_locus	17346	c29713	30	30	1	9
between_population	multiple_locus	35268	c50087	46	35	CMHAMM10	CMSTILL10
between_population	multiple_locus	46307	c625	63	21	CMHAMM10	CMSTILL10
between_population	multiple_locus	46307	c625	60	24	CMHAMM10	CMSTILL10
between_population	multiple_locus	46307	c625	59	25	CMHAMM10	CMSTILL10
between_population	multiple_locus	46307	c625	46	38	CMHAMM10	CMSTILL10
between_population	multiple_locus	47663	c6414	12	66	CMHAMM10	CMSTILL10
between_population	multiple_locus	64429	c84400	41	38	CMHAMM10	CMSTILL10
between_population	multiple_locus	64429	c84400	33	46	CMHAMM10	CMSTILL10
between_population	multiple_locus	64429	c84400	23	56	CMHAMM10	CMSTILL10
between_population	multiple_locus	64429	c84400	22	57	CMHAMM10	CMSTILL10
between_population	multiple_locus	64429	c84400	18	61	CMHAMM10	CMSTILL10
between_population	incompatible_locus	3758	c14168	66	66	1	10
between_population	incompatible_locus	3758	c14168	80	80	1	10
between_population	incompatible_locus	5767	c16452	65	65	1	10
between_population	incompatible_locus	7654	c18580	77	77	1	10
between_population	incompatible_locus	8405	c19445	78	78	1	10
between_population	incompatible_locus	11162	c22583	76	76	1	10
between_population	incompatible_locus	12181	c23769	18	18	1	10
between_population	incompatible_locus	12312	c23915	82	82	1	10
between_population	incompatible_locus	16987	c29309	82	82	1	10
between_population	incompatible_locus	24864	c38318	39	39	1	10
between_population	multiple_locus	35268	c50087	46	35	CMHAMM10	CMUW10
between_population	incompatible_locus	41979	c57680	83	83	1	10
between_population	incompatible_locus	43319	c59179	75	75	1	10
between_population	incompatible_locus	44596	c60646	73	73	1	10
between_population	multiple_locus	46307	c625	63	21	CMHAMM10	CMUW10
between_population	multiple_locus	46307	c625	60	24	CMHAMM10	CMUW10
between_population	multiple_locus	46307	c625	59	25	CMHAMM10	CMUW10
between_population	multiple_locus	46307	c625	46	38	CMHAMM10	CMUW10
between_population	multiple_locus	47663	c6414	12	66	CMHAMM10	CMUW10
between_population	incompatible_locus	51419	c684	35	35	1	10
between_population	incompatible_locus	51707	c68818	65	65	1	10
between_population	incompatible_locus	59494	c78003	73	73	1	10
between_population	incompatible_locus	60435	c79204	80	80	1	10
between_population	incompatible_locus	62525	c8192	71	71	1	10
between_population	multiple_locus	64429	c84400	41	38	CMHAMM10	CMUW10
between_population	multiple_locus	64429	c84400	33	46	CMHAMM10	CMUW10
between_population	multiple_locus	64429	c84400	23	56	CMHAMM10	CMUW10
between_population	multiple_locus	64429	c84400	22	57	CMHAMM10	CMUW10
between_population	multiple_locus	64429	c84400	18	61	CMHAMM10	CMUW10
between_population	incompatible_locus	17346	c29713	30	30	2	3
between_population	incompatible_locus	17925	c30368	50	50	2	3
between_population	multiple_locus	35268	c50087	46	35	CMKALA03	CMLILLIW11
between_population	incompatible_locus	36170	c51124	83	83	2	3
between_population	multiple_locus	46307	c625	63	21	CMKALA03	CMLILLIW11
between_population	multiple_locus	46307	c625	60	24	CMKALA03	CMLILLIW11
between_population	multiple_locus	46307	c625	59	25	CMKALA03	CMLILLIW11
between_population	multiple_locus	46307	c625	46	38	CMKALA03	CMLILLIW11
between_population	multiple_locus	47663	c6414	12	66	CMKALA03	CMLILLIW11
between_population	multiple_locus	64429	c84400	41	38	CMKALA03	CMLILLIW11
between_population	multiple_locus	64429	c84400	33	46	CMKALA03	CMLILLIW11
between_population	multiple_locus	64429	c84400	23	56	CMKALA03	CMLILLIW11
between_population	multiple_locus	64429	c84400	22	57	CMKALA03	CMLILLIW11
between_population	multiple_locus	64429	c84400	18	61	CMKALA03	CMLILLIW11
between_population	incompatible_locus	17346	c29713	30	30	2	4
between_population	incompatible_locus	17925	c30368	50	50	2	4
between_population	multiple_locus	35268	c50087	46	35	CMKALA03	CMSHERW94F
between_population	incompatible_locus	36170	c51124	83	83	2	4
between_population	multiple_locus	46307	c625	63	21	CMKALA03	CMSHERW94F
between_population	multiple_locus	46307	c625	60	24	CMKALA03	CMSHERW94F
between_population	multiple_locus	46307	c625	59	25	CMKALA03	CMSHERW94F
between_population	multiple_locus	46307	c625	46	38	CMKALA03	CMSHERW94F
between_population	multiple_locus	47663	c6414	12	66	CMKALA03	CMSHERW94F
between_population	multiple_locus	64429	c84400	41	38	CMKALA03	CMSHERW94F
between_population	multiple_locus	64429	c84400	33	46	CMKALA03	CMSHERW94F
between_population	multiple_locus	64429	c84400	23	56	CMKALA03	CMSHERW94F
between_population	multiple_locus	64429	c84400	22	57	CMKALA03	CMSHERW94F
between_population	multiple_locus	64429	c84400	18	61	CMKALA03	CMSHERW94F
between_population	incompatible_locus	17346	c29713	30	30	2	5
between_population	incompatible_locus	17925	c30368	50	50	2	5
between_population	multiple_locus	35268	c50087	46	35	CMKALA03	CMSHERW94S
between_population	multiple_locus	46307	c625	63	21	CMKALA03	CMSHERW94S
between_population	multiple_locus	46307	c625	60	24	CMKALA03	CMSHERW94S
between_population	multiple_locus	46307	c625	59	25	CMKALA03	CMSHERW94S
between_population	multiple_locus	46307	c625	46	38	CMKALA03	CMSHERW94S
between_population	multiple_locus	47663	c6414	12	66	CMKALA03	CMSHERW94S
between_population	multiple_locus	64429	c84400	41	38	CMKALA03	CMSHERW94S
between_population	multiple_locus	64429	c84400	33	46	CMKALA03	CMSHERW94S
between_population	multiple_locus	64429	c84400	23	56	CMKALA03	CMSHERW94S
between_population	multiple_locus	64429	c84400	22	57	CMKALA03	CMSHERW94S
between_population	multiple_locus	64429	c84400	18	61	CMKALA03	CMSHERW94S
between_population	incompatible_locus	17346	c29713	30	30	2	6
between_population	multiple_locus	35268	c50087	46	35	CMKALA03	CMSKOO10
between_population	incompatible_locus	36170	c51124	83	83	2	6
between_population	multiple_locus	46307	c625	63	21	CMKALA03	CMSKOO10
between_population	multiple_locus	46307	c625	60	24	CMKALA03	CMSKOO10
between_population	multiple_locus	46307	c625	59	25	CMKALA03	CMSKOO10
between_population	multiple_locus	46307	c625	46	38	CMKALA03	CMSKOO10
between_population	multiple_locus	47663	c6414	12	66	CMKALA03	CMSKOO10
between_population	multiple_locus	64429	c84400	41	38	CMKALA03	CMSKOO10
between_population	multiple_locus	64429	c84400	33	46	CMKALA03	CMSKOO10
between_population	multiple_locus	64429	c84400	23	56	CMKALA03	CMSKOO10
between_population	multiple_locus	64429	c84400	22	57	CMKALA03	CMSKOO10
between_population	multiple_locus	64429	c84400	18	61	CMKALA03	CMSKOO10
between_population	incompatible_locus	12705	c24362	56	56	2	7
between_population	multiple_locus	35268	c50087	46	35	CMKALA03	CMSNOH10
between_population	incompatible_locus	36170	c51124	83	83	2	7
between_population	multiple_locus	46307	c625	63	21	CMKALA03	CMSNOH10
between_population	multiple_locus	46307	c625	60	24	CMKALA03	CMSNOH10
between_population	multiple_locus	46307	c625	59	25	CMKALA03	CMSNOH10
between_population	multiple_locus	46307	c625	46	38	CMKALA03	CMSNOH10
between_population	multiple_locus	47663	c6414	12	66	CMKALA03	CMSNOH10
between_population	multiple_locus	64429	c84400	41	38	CMKALA03	CMSNOH10
between_population	multiple_locus	64429	c84400	33	46	CMKALA03	CMSNOH10
between_population	multiple_locus	64429	c84400	23	56	CMKALA03	CMSNOH10
between_population	multiple_locus	64429	c84400	22	57	CMKALA03	CMSNOH10
between_population	multiple_locus	64429	c84400	18	61	CMKALA03	CMSNOH10
between_population	incompatible_locus	1298	c11425	25	25	2	8
between_population	incompatible_locus	4394	c14888	84	84	2	8
between_population	incompatible_locus	4873	c15426	61	61	2	8
between_population	incompatible_locus	5980	c16692	53	53	2	8
between_population	incompatible_locus	6713	c17523	28	28	2	8
between_population	incompatible_locus	6913	c17747	15	15	2	8
between_population	incompatible_locus	7501	c18408	83	83	2	8
between_population	incompatible_locus	8039	c1900	51	51	2	8
between_population	incompatible_locus	9473	c20669	59	59	2	8
between_population	incompatible_locus	12705	c24362	56	56	2	8
between_population	incompatible_locus	14115	c25	61	61	2	8
between_population	incompatible_locus	69966	c26432	34	34	2	8
between_population	incompatible_locus	16549	c28794	82	82	2	8
between_population	incompatible_locus	17925	c30368	50	50	2	8
between_population	incompatible_locus	18629	c31165	19	19	2	8
between_population	incompatible_locus	20194	c3295	75	75	2	8
between_population	incompatible_locus	20932	c3381	53	53	2	8
between_population	incompatible_locus	21477	c34443	59	59	2	8
between_population	incompatible_locus	21900	c34949	47	47	2	8
between_population	incompatible_locus	22812	c35984	24	24	2	8
between_population	incompatible_locus	24137	c37478	57	57	2	8
between_population	incompatible_locus	24869	c38326	28	28	2	8
between_population	incompatible_locus	24869	c38326	29	29	2	8
between_population	incompatible_locus	25643	c3918	56	56	2	8
between_population	incompatible_locus	25842	c39421	6	6	2	8
between_population	incompatible_locus	28479	c42412	36	36	2	8
between_population	incompatible_locus	28904	c42870	27	27	2	8
between_population	incompatible_locus	29550	c43602	64	64	2	8
between_population	incompatible_locus	30601	c44809	80	80	2	8
between_population	incompatible_locus	32612	c47081	22	22	2	8
between_population	incompatible_locus	33557	c48141	16	16	2	8
between_population	incompatible_locus	35267	c50087	9	9	2	8
between_population	multiple_locus	35268	c50087	46	35	CMKALA03	CMSQUA10
between_population	incompatible_locus	36170	c51124	83	83	2	8
between_population	incompatible_locus	38051	c53248	54	54	2	8
between_population	incompatible_locus	38718	c53996	82	82	2	8
between_population	incompatible_locus	38738	c5401	59	59	2	8
between_population	incompatible_locus	40979	c56559	20	20	2	8
between_population	incompatible_locus	41038	c5661	10	10	2	8
between_population	incompatible_locus	41864	c57544	16	16	2	8
between_population	incompatible_locus	43176	c59015	79	79	2	8
between_population	incompatible_locus	43819	c59764	65	65	2	8
between_population	incompatible_locus	74259	c60278	79	79	2	8
between_population	incompatible_locus	45871	c62095	79	79	2	8
between_population	incompatible_locus	46152	c62409	84	84	2	8
between_population	multiple_locus	46307	c625	63	21	CMKALA03	CMSQUA10
between_population	multiple_locus	46307	c625	60	24	CMKALA03	CMSQUA10
between_population	multiple_locus	46307	c625	59	25	CMKALA03	CMSQUA10
between_population	multiple_locus	46307	c625	46	38	CMKALA03	CMSQUA10
between_population	incompatible_locus	46477	c62799	78	78	2	8
between_population	incompatible_locus	46628	c62973	8	8	2	8
between_population	incompatible_locus	46863	c63235	81	81	2	8
between_population	multiple_locus	47663	c6414	12	66	CMKALA03	CMSQUA10
between_population	incompatible_locus	51897	c69036	74	74	2	8
between_population	incompatible_locus	52740	c70029	82	82	2	8
between_population	incompatible_locus	53100	c70437	23	23	2	8
between_population	incompatible_locus	53121	c7045	17	17	2	8
between_population	incompatible_locus	53395	c70777	40	40	2	8
between_population	incompatible_locus	53704	c71116	29	29	2	8
between_population	incompatible_locus	55185	c72838	84	84	2	8
between_population	incompatible_locus	56353	c7421	81	81	2	8
between_population	incompatible_locus	56846	c74789	69	69	2	8
between_population	incompatible_locus	59774	c78367	20	20	2	8
between_population	incompatible_locus	63794	c8356	66	66	2	8
between_population	incompatible_locus	63839	c8362	6	6	2	8
between_population	incompatible_locus	64024	c8386	8	8	2	8
between_population	multiple_locus	64429	c84400	41	38	CMKALA03	CMSQUA10
between_population	multiple_locus	64429	c84400	33	46	CMKALA03	CMSQUA10
between_population	multiple_locus	64429	c84400	23	56	CMKALA03	CMSQUA10
between_population	multiple_locus	64429	c84400	22	57	CMKALA03	CMSQUA10
between_population	multiple_locus	64429	c84400	18	61	CMKALA03	CMSQUA10
between_population	incompatible_locus	65915	c88769	78	78	2	8
between_population	incompatible_locus	66089	c89523	79	79	2	8
between_population	incompatible_locus	67085	c935	36	36	2	8
between_population	incompatible_locus	67079	c93571	68	68	2	8
between_population	incompatible_locus	12705	c24362	56	56	2	9
between_population	incompatible_locus	17925	c30368	50	50	2	9
between_population	multiple_locus	35268	c50087	46	35	CMKALA03	CMSTILL10
between_population	incompatible_locus	36170	c51124	83	83	2	9
between_population	multiple_locus	46307	c625	63	21	CMKALA03	CMSTILL10
between_population	multiple_locus	46307	c625	60	24	CMKALA03	CMSTILL10
between_population	multiple_locus	46307	c625	59	25	CMKALA03	CMSTILL10
between_population	multiple_locus	46307	c625	46	38	CMKALA03	CMSTILL10
between_population	multiple_locus	47663	c6414	12	66	CMKALA03	CMSTILL10
between_population	multiple_locus	64429	c84400	41	38	CMKALA03	CMSTILL10
between_population	multiple_locus	64429	c84400	33	46	CMKALA03	CMSTILL10
between_population	multiple_locus	64429	c84400	23	56	CMKALA03	CMSTILL10
between_population	multiple_locus	64429	c84400	22	57	CMKALA03	CMSTILL10
between_population	multiple_locus	64429	c84400	18	61	CMKALA03	CMSTILL10
between_population	incompatible_locus	3758	c14168	66	66	2	10
between_population	incompatible_locus	3758	c14168	80	80	2	10
between_population	incompatible_locus	7654	c18580	77	77	2	10
between_population	incompatible_locus	8405	c19445	78	78	2	10
between_population	incompatible_locus	11162	c22583	76	76	2	10
between_population	incompatible_locus	16987	c29309	82	82	2	10
between_population	incompatible_locus	17346	c29713	30	30	2	10
between_population	incompatible_locus	19566	c32237	43	43	2	10
between_population	incompatible_locus	24864	c38318	39	39	2	10
between_population	multiple_locus	35268	c50087	46	35	CMKALA03	CMUW10
between_population	incompatible_locus	41979	c57680	83	83	2	10
between_population	incompatible_locus	43319	c59179	75	75	2	10
between_population	incompatible_locus	44596	c60646	73	73	2	10
between_population	multiple_locus	46307	c625	63	21	CMKALA03	CMUW10
between_population	multiple_locus	46307	c625	60	24	CMKALA03	CMUW10
between_population	multiple_locus	46307	c625	59	25	CMKALA03	CMUW10
between_population	multiple_locus	46307	c625	46	38	CMKALA03	CMUW10
between_population	multiple_locus	47663	c6414	12	66	CMKALA03	CMUW10
between_population	incompatible_locus	51419	c684	35	35	2	10
between_population	incompatible_locus	51707	c68818	65	65	2	10
between_population	incompatible_locus	59494	c78003	73	73	2	10
between_population	incompatible_locus	60435	c79204	80	80	2	10
between_population	multiple_locus	64429	c84400	41	38	CMKALA03	CMUW10
between_population	multiple_locus	64429	c84400	33	46	CMKALA03	CMUW10
between_population	multiple_locus	64429	c84400	23	56	CMKALA03	CMUW10
between_population	multiple_locus	64429	c84400	22	57	CMKALA03	CMUW10
between_population	multiple_locus	64429	c84400	18	61	CMKALA03	CMUW10
between_population	multiple_locus	35268	c50087	46	35	CMLILLIW11	CMSHERW94F
between_population	multiple_locus	46307	c625	63	21	CMLILLIW11	CMSHERW94F
between_population	multiple_locus	46307	c625	60	24	CMLILLIW11	CMSHERW94F
between_population	multiple_locus	46307	c625	59	25	CMLILLIW11	CMSHERW94F
between_population	multiple_locus	46307	c625	46	38	CMLILLIW11	CMSHERW94F
between_population	multiple_locus	47663	c6414	12	66	CMLILLIW11	CMSHERW94F
between_population	multiple_locus	64429	c84400	41	38	CMLILLIW11	CMSHERW94F
between_population	multiple_locus	64429	c84400	33	46	CMLILLIW11	CMSHERW94F
between_population	multiple_locus	64429	c84400	23	56	CMLILLIW11	CMSHERW94F
between_population	multiple_locus	64429	c84400	22	57	CMLILLIW11	CMSHERW94F
between_population	multiple_locus	64429	c84400	18	61	CMLILLIW11	CMSHERW94F
between_population	multiple_locus	35268	c50087	46	35	CMLILLIW11	CMSHERW94S
between_population	multiple_locus	46307	c625	63	21	CMLILLIW11	CMSHERW94S
between_population	multiple_locus	46307	c625	60	24	CMLILLIW11	CMSHERW94S
between_population	multiple_locus	46307	c625	59	25	CMLILLIW11	CMSHERW94S
between_population	multiple_locus	46307	c625	46	38	CMLILLIW11	CMSHERW94S
between_population	multiple_locus	47663	c6414	12	66	CMLILLIW11	CMSHERW94S
between_population	multiple_locus	64429	c84400	41	38	CMLILLIW11	CMSHERW94S
between_population	multiple_locus	64429	c84400	33	46	CMLILLIW11	CMSHERW94S
between_population	multiple_locus	64429	c84400	23	56	CMLILLIW11	CMSHERW94S
between_population	multiple_locus	64429	c84400	22	57	CMLILLIW11	CMSHERW94S
between_population	multiple_locus	64429	c84400	18	61	CMLILLIW11	CMSHERW94S
between_population	multiple_locus	35268	c50087	46	35	CMLILLIW11	CMSKOO10
between_population	multiple_locus	46307	c625	63	21	CMLILLIW11	CMSKOO10
between_population	multiple_locus	46307	c625	60	24	CMLILLIW11	CMSKOO10
between_population	multiple_locus	46307	c625	59	25	CMLILLIW11	CMSKOO10
between_population	multiple_locus	46307	c625	46	38	CMLILLIW11	CMSKOO10
between_population	multiple_locus	47663	c6414	12	66	CMLILLIW11	CMSKOO10
between_population	multiple_locus	64429	c84400	41	38	CMLILLIW11	CMSKOO10
between_population	multiple_locus	64429	c84400	33	46	CMLILLIW11	CMSKOO10
between_population	multiple_locus	64429	c84400	23	56	CMLILLIW11	CMSKOO10
between_population	multiple_locus	64429	c84400	22	57	CMLILLIW11	CMSKOO10
between_population	multiple_locus	64429	c84400	18	61	CMLILLIW11	CMSKOO10
between_population	incompatible_locus	12705	c24362	56	56	3	7
between_population	multiple_locus	35268	c50087	46	35	CMLILLIW11	CMSNOH10
between_population	multiple_locus	46307	c625	63	21	CMLILLIW11	CMSNOH10
between_population	multiple_locus	46307	c625	60	24	CMLILLIW11	CMSNOH10
between_population	multiple_locus	46307	c625	59	25	CMLILLIW11	CMSNOH10
between_population	multiple_locus	46307	c625	46	38	CMLILLIW11	CMSNOH10
between_population	multiple_locus	47663	c6414	12	66	CMLILLIW11	CMSNOH10
between_population	multiple_locus	64429	c84400	41	38	CMLILLIW11	CMSNOH10
between_population	multiple_locus	64429	c84400	33	46	CMLILLIW11	CMSNOH10
between_population	multiple_locus	64429	c84400	23	56	CMLILLIW11	CMSNOH10
between_population	multiple_locus	64429	c84400	22	57	CMLILLIW11	CMSNOH10
between_population	multiple_locus	64429	c84400	18	61	CMLILLIW11	CMSNOH10
between_population	incompatible_locus	1298	c11425	25	25	3	8
between_population	incompatible_locus	4394	c14888	84	84	3	8
between_population	incompatible_locus	4873	c15426	61	61	3	8
between_population	incompatible_locus	5980	c16692	53	53	3	8
between_population	incompatible_locus	6713	c17523	28	28	3	8
between_population	incompatible_locus	6913	c17747	15	15	3	8
between_population	incompatible_locus	7501	c18408	83	83	3	8
between_population	incompatible_locus	8039	c1900	51	51	3	8
between_population	incompatible_locus	9473	c20669	59	59	3	8
between_population	incompatible_locus	10716	c22071	74	74	3	8
between_population	incompatible_locus	12705	c24362	56	56	3	8
between_population	incompatible_locus	13191	c24932	52	52	3	8
between_population	incompatible_locus	14115	c25	61	61	3	8
between_population	incompatible_locus	13793	c25617	82	82	3	8
between_population	incompatible_locus	69966	c26432	34	34	3	8
between_population	incompatible_locus	16549	c28794	82	82	3	8
between_population	incompatible_locus	18629	c31165	19	19	3	8
between_population	incompatible_locus	18994	c31585	19	19	3	8
between_population	incompatible_locus	20194	c3295	75	75	3	8
between_population	incompatible_locus	20255	c33028	80	80	3	8
between_population	incompatible_locus	20932	c3381	53	53	3	8
between_population	incompatible_locus	21477	c34443	59	59	3	8
between_population	incompatible_locus	21900	c34949	47	47	3	8
between_population	incompatible_locus	22812	c35984	24	24	3	8
between_population	incompatible_locus	24137	c37478	57	57	3	8
between_population	incompatible_locus	24869	c38326	28	28	3	8
between_population	incompatible_locus	24869	c38326	29	29	3	8
between_population	incompatible_locus	25643	c3918	56	56	3	8
between_population	incompatible_locus	25842	c39421	6	6	3	8
between_population	incompatible_locus	28479	c42412	36	36	3	8
between_population	incompatible_locus	72191	c43267	65	65	3	8
between_population	incompatible_locus	30601	c44809	80	80	3	8
between_population	incompatible_locus	33557	c48141	16	16	3	8
between_population	incompatible_locus	35267	c50087	9	9	3	8
between_population	multiple_locus	35268	c50087	46	35	CMLILLIW11	CMSQUA10
between_population	incompatible_locus	38051	c53248	54	54	3	8
between_population	incompatible_locus	38718	c53996	82	82	3	8
between_population	incompatible_locus	38738	c5401	59	59	3	8
between_population	incompatible_locus	39355	c54705	11	11	3	8
between_population	incompatible_locus	39578	c54950	84	84	3	8
between_population	incompatible_locus	40979	c56559	20	20	3	8
between_population	incompatible_locus	41864	c57544	16	16	3	8
between_population	incompatible_locus	42585	c58346	65	65	3	8
between_population	incompatible_locus	43176	c59015	79	79	3	8
between_population	incompatible_locus	43819	c59764	65	65	3	8
between_population	incompatible_locus	74259	c60278	79	79	3	8
between_population	incompatible_locus	45871	c62095	79	79	3	8
between_population	incompatible_locus	46152	c62409	84	84	3	8
between_population	multiple_locus	46307	c625	63	21	CMLILLIW11	CMSQUA10
between_population	multiple_locus	46307	c625	60	24	CMLILLIW11	CMSQUA10
between_population	multiple_locus	46307	c625	59	25	CMLILLIW11	CMSQUA10
between_population	multiple_locus	46307	c625	46	38	CMLILLIW11	CMSQUA10
between_population	incompatible_locus	46477	c62799	78	78	3	8
between_population	incompatible_locus	46628	c62973	8	8	3	8
between_population	incompatible_locus	47605	c64084	77	77	3	8
between_population	multiple_locus	47663	c6414	12	66	CMLILLIW11	CMSQUA10
between_population	incompatible_locus	51762	c68885	10	10	3	8
between_population	incompatible_locus	51897	c69036	74	74	3	8
between_population	incompatible_locus	52740	c70029	82	82	3	8
between_population	incompatible_locus	53100	c70437	23	23	3	8
between_population	incompatible_locus	53121	c7045	17	17	3	8
between_population	incompatible_locus	53704	c71116	29	29	3	8
between_population	incompatible_locus	55185	c72838	84	84	3	8
between_population	incompatible_locus	56353	c7421	81	81	3	8
between_population	incompatible_locus	56588	c74497	69	69	3	8
between_population	incompatible_locus	56846	c74789	69	69	3	8
between_population	incompatible_locus	59774	c78367	20	20	3	8
between_population	incompatible_locus	63794	c8356	66	66	3	8
between_population	incompatible_locus	63839	c8362	6	6	3	8
between_population	incompatible_locus	64024	c8386	8	8	3	8
between_population	multiple_locus	64429	c84400	41	38	CMLILLIW11	CMSQUA10
between_population	multiple_locus	64429	c84400	33	46	CMLILLIW11	CMSQUA10
between_population	multiple_locus	64429	c84400	23	56	CMLILLIW11	CMSQUA10
between_population	multiple_locus	64429	c84400	22	57	CMLILLIW11	CMSQUA10
between_population	multiple_locus	64429	c84400	18	61	CMLILLIW11	CMSQUA10
between_population	incompatible_locus	65915	c88769	78	78	3	8
between_population	incompatible_locus	66089	c89523	79	79	3	8
between_population	incompatible_locus	67085	c935	36	36	3	8
between_population	incompatible_locus	67079	c93571	68	68	3	8
between_population	incompatible_locus	12705	c24362	56	56	3	9
between_population	incompatible_locus	17346	c29713	30	30	3	9
between_population	multiple_locus	35268	c50087	46	35	CMLILLIW11	CMSTILL10
between_population	multiple_locus	46307	c625	63	21	CMLILLIW11	CMSTILL10
between_population	multiple_locus	46307	c625	60	24	CMLILLIW11	CMSTILL10
between_population	multiple_locus	46307	c625	59	25	CMLILLIW11	CMSTILL10
between_population	multiple_locus	46307	c625	46	38	CMLILLIW11	CMSTILL10
between_population	multiple_locus	47663	c6414	12	66	CMLILLIW11	CMSTILL10
between_population	multiple_locus	64429	c84400	41	38	CMLILLIW11	CMSTILL10
between_population	multiple_locus	64429	c84400	33	46	CMLILLIW11	CMSTILL10
between_population	multiple_locus	64429	c84400	23	56	CMLILLIW11	CMSTILL10
between_population	multiple_locus	64429	c84400	22	57	CMLILLIW11	CMSTILL10
between_population	multiple_locus	64429	c84400	18	61	CMLILLIW11	CMSTILL10
between_population	incompatible_locus	3758	c14168	66	66	3	10
between_population	incompatible_locus	3758	c14168	80	80	3	10
between_population	incompatible_locus	5767	c16452	65	65	3	10
between_population	incompatible_locus	7654	c18580	77	77	3	10
between_population	incompatible_locus	8405	c19445	78	78	3	10
between_population	incompatible_locus	11162	c22583	76	76	3	10
between_population	incompatible_locus	12312	c23915	82	82	3	10
between_population	incompatible_locus	16987	c29309	82	82	3	10
between_population	incompatible_locus	19566	c32237	43	43	3	10
between_population	incompatible_locus	24864	c38318	39	39	3	10
between_population	multiple_locus	35268	c50087	46	35	CMLILLIW11	CMUW10
between_population	incompatible_locus	41979	c57680	83	83	3	10
between_population	incompatible_locus	42447	c58197	30	30	3	10
between_population	incompatible_locus	43319	c59179	75	75	3	10
between_population	incompatible_locus	44596	c60646	73	73	3	10
between_population	multiple_locus	46307	c625	63	21	CMLILLIW11	CMUW10
between_population	multiple_locus	46307	c625	60	24	CMLILLIW11	CMUW10
between_population	multiple_locus	46307	c625	59	25	CMLILLIW11	CMUW10
between_population	multiple_locus	46307	c625	46	38	CMLILLIW11	CMUW10
between_population	multiple_locus	47663	c6414	12	66	CMLILLIW11	CMUW10
between_population	incompatible_locus	51419	c684	35	35	3	10
between_population	incompatible_locus	51707	c68818	65	65	3	10
between_population	incompatible_locus	59494	c78003	73	73	3	10
between_population	incompatible_locus	60435	c79204	80	80	3	10
between_population	incompatible_locus	62525	c8192	71	71	3	10
between_population	multiple_locus	64429	c84400	41	38	CMLILLIW11	CMUW10
between_population	multiple_locus	64429	c84400	33	46	CMLILLIW11	CMUW10
between_population	multiple_locus	64429	c84400	23	56	CMLILLIW11	CMUW10
between_population	multiple_locus	64429	c84400	22	57	CMLILLIW11	CMUW10
between_population	multiple_locus	64429	c84400	18	61	CMLILLIW11	CMUW10
between_population	multiple_locus	35268	c50087	46	35	CMSHERW94F	CMSHERW94S
between_population	multiple_locus	46307	c625	63	21	CMSHERW94F	CMSHERW94S
between_population	multiple_locus	46307	c625	60	24	CMSHERW94F	CMSHERW94S
between_population	multiple_locus	46307	c625	59	25	CMSHERW94F	CMSHERW94S
between_population	multiple_locus	46307	c625	46	38	CMSHERW94F	CMSHERW94S
between_population	multiple_locus	47663	c6414	12	66	CMSHERW94F	CMSHERW94S
between_population	multiple_locus	64429	c84400	41	38	CMSHERW94F	CMSHERW94S
between_population	multiple_locus	64429	c84400	33	46	CMSHERW94F	CMSHERW94S
between_population	multiple_locus	64429	c84400	23	56	CMSHERW94F	CMSHERW94S
between_population	multiple_locus	64429	c84400	22	57	CMSHERW94F	CMSHERW94S
between_population	multiple_locus	64429	c84400	18	61	CMSHERW94F	CMSHERW94S
between_population	multiple_locus	35268	c50087	46	35	CMSHERW94F	CMSKOO10
between_population	multiple_locus	46307	c625	63	21	CMSHERW94F	CMSKOO10
between_population	multiple_locus	46307	c625	60	24	CMSHERW94F	CMSKOO10
between_population	multiple_locus	46307	c625	59	25	CMSHERW94F	CMSKOO10
between_population	multiple_locus	46307	c625	46	38	CMSHERW94F	CMSKOO10
between_population	multiple_locus	47663	c6414	12	66	CMSHERW94F	CMSKOO10
between_population	multiple_locus	64429	c84400	41	38	CMSHERW94F	CMSKOO10
between_population	multiple_locus	64429	c84400	33	46	CMSHERW94F	CMSKOO10
between_population	multiple_locus	64429	c84400	23	56	CMSHERW94F	CMSKOO10
between_population	multiple_locus	64429	c84400	22	57	CMSHERW94F	CMSKOO10
between_population	multiple_locus	64429	c84400	18	61	CMSHERW94F	CMSKOO10
between_population	incompatible_locus	12705	c24362	56	56	4	7
between_population	multiple_locus	35268	c50087	46	35	CMSHERW94F	CMSNOH10
between_population	multiple_locus	46307	c625	63	21	CMSHERW94F	CMSNOH10
between_population	multiple_locus	46307	c625	60	24	CMSHERW94F	CMSNOH10
between_population	multiple_locus	46307	c625	59	25	CMSHERW94F	CMSNOH10
between_population	multiple_locus	46307	c625	46	38	CMSHERW94F	CMSNOH10
between_population	multiple_locus	47663	c6414	12	66	CMSHERW94F	CMSNOH10
between_population	multiple_locus	64429	c84400	41	38	CMSHERW94F	CMSNOH10
between_population	multiple_locus	64429	c84400	33	46	CMSHERW94F	CMSNOH10
between_population	multiple_locus	64429	c84400	23	56	CMSHERW94F	CMSNOH10
between_population	multiple_locus	64429	c84400	22	57	CMSHERW94F	CMSNOH10
between_population	multiple_locus	64429	c84400	18	61	CMSHERW94F	CMSNOH10
between_population	incompatible_locus	1298	c11425	25	25	4	8
between_population	incompatible_locus	4394	c14888	84	84	4	8
between_population	incompatible_locus	4873	c15426	61	61	4	8
between_population	incompatible_locus	5980	c16692	53	53	4	8
between_population	incompatible_locus	6713	c17523	28	28	4	8
between_population	incompatible_locus	6913	c17747	15	15	4	8
between_population	incompatible_locus	7501	c18408	83	83	4	8
between_population	incompatible_locus	8039	c1900	51	51	4	8
between_population	incompatible_locus	9473	c20669	59	59	4	8
between_population	incompatible_locus	10716	c22071	74	74	4	8
between_population	incompatible_locus	12705	c24362	56	56	4	8
between_population	incompatible_locus	13191	c24932	52	52	4	8
between_population	incompatible_locus	14115	c25	61	61	4	8
between_population	incompatible_locus	13793	c25617	82	82	4	8
between_population	incompatible_locus	69966	c26432	34	34	4	8
between_population	incompatible_locus	15003	c27038	84	84	4	8
between_population	incompatible_locus	16549	c28794	82	82	4	8
between_population	incompatible_locus	18629	c31165	19	19	4	8
between_population	incompatible_locus	18994	c31585	19	19	4	8
between_population	incompatible_locus	20194	c3295	75	75	4	8
between_population	incompatible_locus	20255	c33028	80	80	4	8
between_population	incompatible_locus	20932	c3381	53	53	4	8
between_population	incompatible_locus	21477	c34443	59	59	4	8
between_population	incompatible_locus	21900	c34949	47	47	4	8
between_population	incompatible_locus	22812	c35984	24	24	4	8
between_population	incompatible_locus	24137	c37478	57	57	4	8
between_population	incompatible_locus	24869	c38326	28	28	4	8
between_population	incompatible_locus	24869	c38326	29	29	4	8
between_population	incompatible_locus	25643	c3918	56	56	4	8
between_population	incompatible_locus	25842	c39421	6	6	4	8
between_population	incompatible_locus	28479	c42412	36	36	4	8
between_population	incompatible_locus	28904	c42870	27	27	4	8
between_population	incompatible_locus	30601	c44809	80	80	4	8
between_population	incompatible_locus	32612	c47081	22	22	4	8
between_population	incompatible_locus	33557	c48141	16	16	4	8
between_population	incompatible_locus	35267	c50087	9	9	4	8
between_population	multiple_locus	35268	c50087	46	35	CMSHERW94F	CMSQUA10
between_population	incompatible_locus	38051	c53248	54	54	4	8
between_population	incompatible_locus	38718	c53996	82	82	4	8
between_population	incompatible_locus	38738	c5401	59	59	4	8
between_population	incompatible_locus	39355	c54705	11	11	4	8
between_population	incompatible_locus	39578	c54950	84	84	4	8
between_population	incompatible_locus	40979	c56559	20	20	4	8
between_population	incompatible_locus	41038	c5661	10	10	4	8
between_population	incompatible_locus	41864	c57544	16	16	4	8
between_population	incompatible_locus	42585	c58346	65	65	4	8
between_population	incompatible_locus	43176	c59015	79	79	4	8
between_population	incompatible_locus	43819	c59764	65	65	4	8
between_population	incompatible_locus	74259	c60278	79	79	4	8
between_population	incompatible_locus	45871	c62095	79	79	4	8
between_population	incompatible_locus	46152	c62409	84	84	4	8
between_population	multiple_locus	46307	c625	63	21	CMSHERW94F	CMSQUA10
between_population	multiple_locus	46307	c625	60	24	CMSHERW94F	CMSQUA10
between_population	multiple_locus	46307	c625	59	25	CMSHERW94F	CMSQUA10
between_population	multiple_locus	46307	c625	46	38	CMSHERW94F	CMSQUA10
between_population	incompatible_locus	46477	c62799	78	78	4	8
between_population	incompatible_locus	46628	c62973	8	8	4	8
between_population	incompatible_locus	46863	c63235	81	81	4	8
between_population	incompatible_locus	47605	c64084	77	77	4	8
between_population	multiple_locus	47663	c6414	12	66	CMSHERW94F	CMSQUA10
between_population	incompatible_locus	51762	c68885	10	10	4	8
between_population	incompatible_locus	51897	c69036	74	74	4	8
between_population	incompatible_locus	52740	c70029	82	82	4	8
between_population	incompatible_locus	53100	c70437	23	23	4	8
between_population	incompatible_locus	53121	c7045	17	17	4	8
between_population	incompatible_locus	53704	c71116	29	29	4	8
between_population	incompatible_locus	55185	c72838	84	84	4	8
between_population	incompatible_locus	56353	c7421	81	81	4	8
between_population	incompatible_locus	56588	c74497	69	69	4	8
between_population	incompatible_locus	56846	c74789	69	69	4	8
between_population	incompatible_locus	59774	c78367	20	20	4	8
between_population	incompatible_locus	63794	c8356	66	66	4	8
between_population	incompatible_locus	63839	c8362	6	6	4	8
between_population	incompatible_locus	64024	c8386	8	8	4	8
between_population	multiple_locus	64429	c84400	41	38	CMSHERW94F	CMSQUA10
between_population	multiple_locus	64429	c84400	33	46	CMSHERW94F	CMSQUA10
between_population	multiple_locus	64429	c84400	23	56	CMSHERW94F	CMSQUA10
between_population	multiple_locus	64429	c84400	22	57	CMSHERW94F	CMSQUA10
between_population	multiple_locus	64429	c84400	18	61	CMSHERW94F	CMSQUA10
between_population	incompatible_locus	65915	c88769	78	78	4	8
between_population	incompatible_locus	66089	c89523	79	79	4	8
between_population	incompatible_locus	67085	c935	36	36	4	8
between_population	incompatible_locus	67079	c93571	68	68	4	8
between_population	incompatible_locus	12705	c24362	56	56	4	9
between_population	incompatible_locus	17346	c29713	30	30	4	9
between_population	multiple_locus	35268	c50087	46	35	CMSHERW94F	CMSTILL10
between_population	multiple_locus	46307	c625	63	21	CMSHERW94F	CMSTILL10
between_population	multiple_locus	46307	c625	60	24	CMSHERW94F	CMSTILL10
between_population	multiple_locus	46307	c625	59	25	CMSHERW94F	CMSTILL10
between_population	multiple_locus	46307	c625	46	38	CMSHERW94F	CMSTILL10
between_population	multiple_locus	47663	c6414	12	66	CMSHERW94F	CMSTILL10
between_population	multiple_locus	64429	c84400	41	38	CMSHERW94F	CMSTILL10
between_population	multiple_locus	64429	c84400	33	46	CMSHERW94F	CMSTILL10
between_population	multiple_locus	64429	c84400	23	56	CMSHERW94F	CMSTILL10
between_population	multiple_locus	64429	c84400	22	57	CMSHERW94F	CMSTILL10
between_population	multiple_locus	64429	c84400	18	61	CMSHERW94F	CMSTILL10
between_population	incompatible_locus	3324	c1367	19	19	4	10
between_population	incompatible_locus	3758	c14168	66	66	4	10
between_population	incompatible_locus	3758	c14168	80	80	4	10
between_population	incompatible_locus	5767	c16452	65	65	4	10
between_population	incompatible_locus	7654	c18580	77	77	4	10
between_population	incompatible_locus	11162	c22583	76	76	4	10
between_population	incompatible_locus	12312	c23915	82	82	4	10
between_population	incompatible_locus	14260	c26170	80	80	4	10
between_population	incompatible_locus	16987	c29309	82	82	4	10
between_population	incompatible_locus	19566	c32237	43	43	4	10
between_population	incompatible_locus	24864	c38318	39	39	4	10
between_population	multiple_locus	35268	c50087	46	35	CMSHERW94F	CMUW10
between_population	incompatible_locus	41979	c57680	83	83	4	10
between_population	incompatible_locus	42447	c58197	30	30	4	10
between_population	incompatible_locus	43319	c59179	75	75	4	10
between_population	incompatible_locus	44596	c60646	73	73	4	10
between_population	multiple_locus	46307	c625	63	21	CMSHERW94F	CMUW10
between_population	multiple_locus	46307	c625	60	24	CMSHERW94F	CMUW10
between_population	multiple_locus	46307	c625	59	25	CMSHERW94F	CMUW10
between_population	multiple_locus	46307	c625	46	38	CMSHERW94F	CMUW10
between_population	multiple_locus	47663	c6414	12	66	CMSHERW94F	CMUW10
between_population	incompatible_locus	51419	c684	35	35	4	10
between_population	incompatible_locus	51707	c68818	65	65	4	10
between_population	incompatible_locus	59494	c78003	73	73	4	10
between_population	incompatible_locus	60435	c79204	80	80	4	10
between_population	incompatible_locus	62525	c8192	71	71	4	10
between_population	multiple_locus	64429	c84400	41	38	CMSHERW94F	CMUW10
between_population	multiple_locus	64429	c84400	33	46	CMSHERW94F	CMUW10
between_population	multiple_locus	64429	c84400	23	56	CMSHERW94F	CMUW10
between_population	multiple_locus	64429	c84400	22	57	CMSHERW94F	CMUW10
between_population	multiple_locus	64429	c84400	18	61	CMSHERW94F	CMUW10
between_population	multiple_locus	35268	c50087	46	35	CMSHERW94S	CMSKOO10
between_population	multiple_locus	46307	c625	63	21	CMSHERW94S	CMSKOO10
between_population	multiple_locus	46307	c625	60	24	CMSHERW94S	CMSKOO10
between_population	multiple_locus	46307	c625	59	25	CMSHERW94S	CMSKOO10
between_population	multiple_locus	46307	c625	46	38	CMSHERW94S	CMSKOO10
between_population	multiple_locus	47663	c6414	12	66	CMSHERW94S	CMSKOO10
between_population	multiple_locus	64429	c84400	41	38	CMSHERW94S	CMSKOO10
between_population	multiple_locus	64429	c84400	33	46	CMSHERW94S	CMSKOO10
between_population	multiple_locus	64429	c84400	23	56	CMSHERW94S	CMSKOO10
between_population	multiple_locus	64429	c84400	22	57	CMSHERW94S	CMSKOO10
between_population	multiple_locus	64429	c84400	18	61	CMSHERW94S	CMSKOO10
between_population	incompatible_locus	12705	c24362	56	56	5	7
between_population	multiple_locus	35268	c50087	46	35	CMSHERW94S	CMSNOH10
between_population	multiple_locus	46307	c625	63	21	CMSHERW94S	CMSNOH10
between_population	multiple_locus	46307	c625	60	24	CMSHERW94S	CMSNOH10
between_population	multiple_locus	46307	c625	59	25	CMSHERW94S	CMSNOH10
between_population	multiple_locus	46307	c625	46	38	CMSHERW94S	CMSNOH10
between_population	multiple_locus	47663	c6414	12	66	CMSHERW94S	CMSNOH10
between_population	multiple_locus	64429	c84400	41	38	CMSHERW94S	CMSNOH10
between_population	multiple_locus	64429	c84400	33	46	CMSHERW94S	CMSNOH10
between_population	multiple_locus	64429	c84400	23	56	CMSHERW94S	CMSNOH10
between_population	multiple_locus	64429	c84400	22	57	CMSHERW94S	CMSNOH10
between_population	multiple_locus	64429	c84400	18	61	CMSHERW94S	CMSNOH10
between_population	incompatible_locus	1298	c11425	25	25	5	8
between_population	incompatible_locus	4394	c14888	84	84	5	8
between_population	incompatible_locus	4873	c15426	61	61	5	8
between_population	incompatible_locus	5980	c16692	53	53	5	8
between_population	incompatible_locus	6713	c17523	28	28	5	8
between_population	incompatible_locus	6913	c17747	15	15	5	8
between_population	incompatible_locus	7501	c18408	83	83	5	8
between_population	incompatible_locus	8039	c1900	51	51	5	8
between_population	incompatible_locus	9473	c20669	59	59	5	8
between_population	incompatible_locus	10716	c22071	74	74	5	8
between_population	incompatible_locus	12705	c24362	56	56	5	8
between_population	incompatible_locus	13191	c24932	52	52	5	8
between_population	incompatible_locus	14115	c25	61	61	5	8
between_population	incompatible_locus	13793	c25617	82	82	5	8
between_population	incompatible_locus	69966	c26432	34	34	5	8
between_population	incompatible_locus	15003	c27038	84	84	5	8
between_population	incompatible_locus	16549	c28794	82	82	5	8
between_population	incompatible_locus	18629	c31165	19	19	5	8
between_population	incompatible_locus	18994	c31585	19	19	5	8
between_population	incompatible_locus	20194	c3295	75	75	5	8
between_population	incompatible_locus	20255	c33028	80	80	5	8
between_population	incompatible_locus	20932	c3381	53	53	5	8
between_population	incompatible_locus	21477	c34443	59	59	5	8
between_population	incompatible_locus	21900	c34949	47	47	5	8
between_population	incompatible_locus	22812	c35984	24	24	5	8
between_population	incompatible_locus	24137	c37478	57	57	5	8
between_population	incompatible_locus	24869	c38326	28	28	5	8
between_population	incompatible_locus	24869	c38326	29	29	5	8
between_population	incompatible_locus	25643	c3918	56	56	5	8
between_population	incompatible_locus	25842	c39421	6	6	5	8
between_population	incompatible_locus	28479	c42412	36	36	5	8
between_population	incompatible_locus	28904	c42870	27	27	5	8
between_population	incompatible_locus	72191	c43267	65	65	5	8
between_population	incompatible_locus	29550	c43602	64	64	5	8
between_population	incompatible_locus	30601	c44809	80	80	5	8
between_population	incompatible_locus	32612	c47081	22	22	5	8
between_population	incompatible_locus	33557	c48141	16	16	5	8
between_population	incompatible_locus	35267	c50087	9	9	5	8
between_population	multiple_locus	35268	c50087	46	35	CMSHERW94S	CMSQUA10
between_population	incompatible_locus	38051	c53248	54	54	5	8
between_population	incompatible_locus	38718	c53996	82	82	5	8
between_population	incompatible_locus	38738	c5401	59	59	5	8
between_population	incompatible_locus	39355	c54705	11	11	5	8
between_population	incompatible_locus	39578	c54950	84	84	5	8
between_population	incompatible_locus	40979	c56559	20	20	5	8
between_population	incompatible_locus	41038	c5661	10	10	5	8
between_population	incompatible_locus	41864	c57544	16	16	5	8
between_population	incompatible_locus	42585	c58346	65	65	5	8
between_population	incompatible_locus	43176	c59015	79	79	5	8
between_population	incompatible_locus	43819	c59764	65	65	5	8
between_population	incompatible_locus	74259	c60278	79	79	5	8
between_population	incompatible_locus	46152	c62409	84	84	5	8
between_population	multiple_locus	46307	c625	63	21	CMSHERW94S	CMSQUA10
between_population	multiple_locus	46307	c625	60	24	CMSHERW94S	CMSQUA10
between_population	multiple_locus	46307	c625	59	25	CMSHERW94S	CMSQUA10
between_population	multiple_locus	46307	c625	46	38	CMSHERW94S	CMSQUA10
between_population	incompatible_locus	46477	c62799	78	78	5	8
between_population	incompatible_locus	46628	c62973	8	8	5	8
between_population	incompatible_locus	46863	c63235	81	81	5	8
between_population	incompatible_locus	47605	c64084	77	77	5	8
between_population	multiple_locus	47663	c6414	12	66	CMSHERW94S	CMSQUA10
between_population	incompatible_locus	51762	c68885	10	10	5	8
between_population	incompatible_locus	51897	c69036	74	74	5	8
between_population	incompatible_locus	52740	c70029	82	82	5	8
between_population	incompatible_locus	53100	c70437	23	23	5	8
between_population	incompatible_locus	53121	c7045	17	17	5	8
between_population	incompatible_locus	53395	c70777	40	40	5	8
between_population	incompatible_locus	53704	c71116	29	29	5	8
between_population	incompatible_locus	55185	c72838	84	84	5	8
between_population	incompatible_locus	56353	c7421	81	81	5	8
between_population	incompatible_locus	56588	c74497	69	69	5	8
between_population	incompatible_locus	56846	c74789	69	69	5	8
between_population	incompatible_locus	59774	c78367	20	20	5	8
between_population	incompatible_locus	63794	c8356	66	66	5	8
between_population	incompatible_locus	63839	c8362	6	6	5	8
between_population	incompatible_locus	64024	c8386	8	8	5	8
between_population	multiple_locus	64429	c84400	41	38	CMSHERW94S	CMSQUA10
between_population	multiple_locus	64429	c84400	33	46	CMSHERW94S	CMSQUA10
between_population	multiple_locus	64429	c84400	23	56	CMSHERW94S	CMSQUA10
between_population	multiple_locus	64429	c84400	22	57	CMSHERW94S	CMSQUA10
between_population	multiple_locus	64429	c84400	18	61	CMSHERW94S	CMSQUA10
between_population	incompatible_locus	65915	c88769	78	78	5	8
between_population	incompatible_locus	66089	c89523	79	79	5	8
between_population	incompatible_locus	67085	c935	36	36	5	8
between_population	incompatible_locus	67079	c93571	68	68	5	8
between_population	incompatible_locus	12705	c24362	56	56	5	9
between_population	incompatible_locus	17346	c29713	30	30	5	9
between_population	multiple_locus	35268	c50087	46	35	CMSHERW94S	CMSTILL10
between_population	multiple_locus	46307	c625	63	21	CMSHERW94S	CMSTILL10
between_population	multiple_locus	46307	c625	60	24	CMSHERW94S	CMSTILL10
between_population	multiple_locus	46307	c625	59	25	CMSHERW94S	CMSTILL10
between_population	multiple_locus	46307	c625	46	38	CMSHERW94S	CMSTILL10
between_population	multiple_locus	47663	c6414	12	66	CMSHERW94S	CMSTILL10
between_population	multiple_locus	64429	c84400	41	38	CMSHERW94S	CMSTILL10
between_population	multiple_locus	64429	c84400	33	46	CMSHERW94S	CMSTILL10
between_population	multiple_locus	64429	c84400	23	56	CMSHERW94S	CMSTILL10
between_population	multiple_locus	64429	c84400	22	57	CMSHERW94S	CMSTILL10
between_population	multiple_locus	64429	c84400	18	61	CMSHERW94S	CMSTILL10
between_population	incompatible_locus	3324	c1367	19	19	5	10
between_population	incompatible_locus	3758	c14168	66	66	5	10
between_population	incompatible_locus	3758	c14168	80	80	5	10
between_population	incompatible_locus	5767	c16452	65	65	5	10
between_population	incompatible_locus	7654	c18580	77	77	5	10
between_population	incompatible_locus	8405	c19445	78	78	5	10
between_population	incompatible_locus	11162	c22583	76	76	5	10
between_population	incompatible_locus	12312	c23915	82	82	5	10
between_population	incompatible_locus	14260	c26170	80	80	5	10
between_population	incompatible_locus	16987	c29309	82	82	5	10
between_population	incompatible_locus	19566	c32237	43	43	5	10
between_population	incompatible_locus	24864	c38318	39	39	5	10
between_population	multiple_locus	35268	c50087	46	35	CMSHERW94S	CMUW10
between_population	incompatible_locus	41979	c57680	83	83	5	10
between_population	incompatible_locus	42447	c58197	30	30	5	10
between_population	incompatible_locus	43319	c59179	75	75	5	10
between_population	incompatible_locus	44596	c60646	73	73	5	10
between_population	multiple_locus	46307	c625	63	21	CMSHERW94S	CMUW10
between_population	multiple_locus	46307	c625	60	24	CMSHERW94S	CMUW10
between_population	multiple_locus	46307	c625	59	25	CMSHERW94S	CMUW10
between_population	multiple_locus	46307	c625	46	38	CMSHERW94S	CMUW10
between_population	multiple_locus	47663	c6414	12	66	CMSHERW94S	CMUW10
between_population	incompatible_locus	51419	c684	35	35	5	10
between_population	incompatible_locus	51707	c68818	65	65	5	10
between_population	incompatible_locus	59494	c78003	73	73	5	10
between_population	incompatible_locus	60435	c79204	80	80	5	10
between_population	incompatible_locus	62525	c8192	71	71	5	10
between_population	multiple_locus	64429	c84400	41	38	CMSHERW94S	CMUW10
between_population	multiple_locus	64429	c84400	33	46	CMSHERW94S	CMUW10
between_population	multiple_locus	64429	c84400	23	56	CMSHERW94S	CMUW10
between_population	multiple_locus	64429	c84400	22	57	CMSHERW94S	CMUW10
between_population	multiple_locus	64429	c84400	18	61	CMSHERW94S	CMUW10
between_population	incompatible_locus	12705	c24362	56	56	6	7
between_population	multiple_locus	35268	c50087	46	35	CMSKOO10	CMSNOH10
between_population	multiple_locus	46307	c625	63	21	CMSKOO10	CMSNOH10
between_population	multiple_locus	46307	c625	60	24	CMSKOO10	CMSNOH10
between_population	multiple_locus	46307	c625	59	25	CMSKOO10	CMSNOH10
between_population	multiple_locus	46307	c625	46	38	CMSKOO10	CMSNOH10
between_population	multiple_locus	47663	c6414	12	66	CMSKOO10	CMSNOH10
between_population	multiple_locus	64429	c84400	41	38	CMSKOO10	CMSNOH10
between_population	multiple_locus	64429	c84400	33	46	CMSKOO10	CMSNOH10
between_population	multiple_locus	64429	c84400	23	56	CMSKOO10	CMSNOH10
between_population	multiple_locus	64429	c84400	22	57	CMSKOO10	CMSNOH10
between_population	multiple_locus	64429	c84400	18	61	CMSKOO10	CMSNOH10
between_population	incompatible_locus	1298	c11425	25	25	6	8
between_population	incompatible_locus	4394	c14888	84	84	6	8
between_population	incompatible_locus	4873	c15426	61	61	6	8
between_population	incompatible_locus	5980	c16692	53	53	6	8
between_population	incompatible_locus	6713	c17523	28	28	6	8
between_population	incompatible_locus	6913	c17747	15	15	6	8
between_population	incompatible_locus	9473	c20669	59	59	6	8
between_population	incompatible_locus	10716	c22071	74	74	6	8
between_population	incompatible_locus	12705	c24362	56	56	6	8
between_population	incompatible_locus	13191	c24932	52	52	6	8
between_population	incompatible_locus	14115	c25	61	61	6	8
between_population	incompatible_locus	69966	c26432	34	34	6	8
between_population	incompatible_locus	16549	c28794	82	82	6	8
between_population	incompatible_locus	18629	c31165	19	19	6	8
between_population	incompatible_locus	18994	c31585	19	19	6	8
between_population	incompatible_locus	20194	c3295	75	75	6	8
between_population	incompatible_locus	20932	c3381	53	53	6	8
between_population	incompatible_locus	21477	c34443	59	59	6	8
between_population	incompatible_locus	21900	c34949	47	47	6	8
between_population	incompatible_locus	24137	c37478	57	57	6	8
between_population	incompatible_locus	24869	c38326	28	28	6	8
between_population	incompatible_locus	24869	c38326	29	29	6	8
between_population	incompatible_locus	25842	c39421	6	6	6	8
between_population	incompatible_locus	28479	c42412	36	36	6	8
between_population	incompatible_locus	29550	c43602	64	64	6	8
between_population	incompatible_locus	30601	c44809	80	80	6	8
between_population	incompatible_locus	33557	c48141	16	16	6	8
between_population	multiple_locus	35268	c50087	46	35	CMSKOO10	CMSQUA10
between_population	incompatible_locus	38051	c53248	54	54	6	8
between_population	incompatible_locus	38718	c53996	82	82	6	8
between_population	incompatible_locus	38738	c5401	59	59	6	8
between_population	incompatible_locus	39355	c54705	11	11	6	8
between_population	incompatible_locus	40979	c56559	20	20	6	8
between_population	incompatible_locus	41038	c5661	10	10	6	8
between_population	incompatible_locus	41864	c57544	16	16	6	8
between_population	incompatible_locus	43176	c59015	79	79	6	8
between_population	incompatible_locus	43819	c59764	65	65	6	8
between_population	incompatible_locus	74259	c60278	79	79	6	8
between_population	incompatible_locus	46152	c62409	84	84	6	8
between_population	multiple_locus	46307	c625	63	21	CMSKOO10	CMSQUA10
between_population	multiple_locus	46307	c625	60	24	CMSKOO10	CMSQUA10
between_population	multiple_locus	46307	c625	59	25	CMSKOO10	CMSQUA10
between_population	multiple_locus	46307	c625	46	38	CMSKOO10	CMSQUA10
between_population	incompatible_locus	46477	c62799	78	78	6	8
between_population	incompatible_locus	46628	c62973	8	8	6	8
between_population	incompatible_locus	46863	c63235	81	81	6	8
between_population	incompatible_locus	47605	c64084	77	77	6	8
between_population	multiple_locus	47663	c6414	12	66	CMSKOO10	CMSQUA10
between_population	incompatible_locus	51762	c68885	10	10	6	8
between_population	incompatible_locus	53100	c70437	23	23	6	8
between_population	incompatible_locus	53121	c7045	17	17	6	8
between_population	incompatible_locus	53395	c70777	40	40	6	8
between_population	incompatible_locus	53704	c71116	29	29	6	8
between_population	incompatible_locus	56353	c7421	81	81	6	8
between_population	incompatible_locus	56588	c74497	69	69	6	8
between_population	incompatible_locus	56846	c74789	69	69	6	8
between_population	incompatible_locus	63839	c8362	6	6	6	8
between_population	incompatible_locus	64024	c8386	8	8	6	8
between_population	multiple_locus	64429	c84400	41	38	CMSKOO10	CMSQUA10
between_population	multiple_locus	64429	c84400	33	46	CMSKOO10	CMSQUA10
between_population	multiple_locus	64429	c84400	23	56	CMSKOO10	CMSQUA10
between_population	multiple_locus	64429	c84400	22	57	CMSKOO10	CMSQUA10
between_population	multiple_locus	64429	c84400	18	61	CMSKOO10	CMSQUA10
between_population	incompatible_locus	65915	c88769	78	78	6	8
between_population	incompatible_locus	66089	c89523	79	79	6	8
between_population	incompatible_locus	67085	c935	36	36	6	8
between_population	incompatible_locus	67079	c93571	68	68	6	8
between_population	incompatible_locus	12705	c24362	56	56	6	9
between_population	incompatible_locus	17346	c29713	30	30	6	9
between_population	multiple_locus	35268	c50087	46	35	CMSKOO10	CMSTILL10
between_population	multiple_locus	46307	c625	63	21	CMSKOO10	CMSTILL10
between_population	multiple_locus	46307	c625	60	24	CMSKOO10	CMSTILL10
between_population	multiple_locus	46307	c625	59	25	CMSKOO10	CMSTILL10
between_population	multiple_locus	46307	c625	46	38	CMSKOO10	CMSTILL10
between_population	multiple_locus	47663	c6414	12	66	CMSKOO10	CMSTILL10
between_population	multiple_locus	64429	c84400	41	38	CMSKOO10	CMSTILL10
between_population	multiple_locus	64429	c84400	33	46	CMSKOO10	CMSTILL10
between_population	multiple_locus	64429	c84400	23	56	CMSKOO10	CMSTILL10
between_population	multiple_locus	64429	c84400	22	57	CMSKOO10	CMSTILL10
between_population	multiple_locus	64429	c84400	18	61	CMSKOO10	CMSTILL10
between_population	incompatible_locus	5767	c16452	65	65	6	10
between_population	incompatible_locus	7654	c18580	77	77	6	10
between_population	incompatible_locus	11162	c22583	76	76	6	10
between_population	incompatible_locus	12312	c23915	82	82	6	10
between_population	incompatible_locus	16987	c29309	82	82	6	10
between_population	incompatible_locus	24864	c38318	39	39	6	10
between_population	multiple_locus	35268	c50087	46	35	CMSKOO10	CMUW10
between_population	incompatible_locus	41979	c57680	83	83	6	10
between_population	incompatible_locus	42447	c58197	30	30	6	10
between_population	multiple_locus	46307	c625	63	21	CMSKOO10	CMUW10
between_population	multiple_locus	46307	c625	60	24	CMSKOO10	CMUW10
between_population	multiple_locus	46307	c625	59	25	CMSKOO10	CMUW10
between_population	multiple_locus	46307	c625	46	38	CMSKOO10	CMUW10
between_population	multiple_locus	47663	c6414	12	66	CMSKOO10	CMUW10
between_population	incompatible_locus	59494	c78003	73	73	6	10
between_population	incompatible_locus	60435	c79204	80	80	6	10
between_population	incompatible_locus	62525	c8192	71	71	6	10
between_population	multiple_locus	64429	c84400	41	38	CMSKOO10	CMUW10
between_population	multiple_locus	64429	c84400	33	46	CMSKOO10	CMUW10
between_population	multiple_locus	64429	c84400	23	56	CMSKOO10	CMUW10
between_population	multiple_locus	64429	c84400	22	57	CMSKOO10	CMUW10
between_population	multiple_locus	64429	c84400	18	61	CMSKOO10	CMUW10
between_population	incompatible_locus	1298	c11425	25	25	7	8
between_population	incompatible_locus	4394	c14888	84	84	7	8
between_population	incompatible_locus	4873	c15426	61	61	7	8
between_population	incompatible_locus	5980	c16692	53	53	7	8
between_population	incompatible_locus	6913	c17747	15	15	7	8
between_population	incompatible_locus	7501	c18408	83	83	7	8
between_population	incompatible_locus	9473	c20669	59	59	7	8
between_population	incompatible_locus	10716	c22071	74	74	7	8
between_population	incompatible_locus	14115	c25	61	61	7	8
between_population	incompatible_locus	69966	c26432	34	34	7	8
between_population	incompatible_locus	18629	c31165	19	19	7	8
between_population	incompatible_locus	20194	c3295	75	75	7	8
between_population	incompatible_locus	20932	c3381	53	53	7	8
between_population	incompatible_locus	21477	c34443	59	59	7	8
between_population	incompatible_locus	21900	c34949	47	47	7	8
between_population	incompatible_locus	22812	c35984	24	24	7	8
between_population	incompatible_locus	24137	c37478	57	57	7	8
between_population	incompatible_locus	25643	c3918	56	56	7	8
between_population	incompatible_locus	25842	c39421	6	6	7	8
between_population	incompatible_locus	28479	c42412	36	36	7	8
between_population	incompatible_locus	72191	c43267	65	65	7	8
between_population	incompatible_locus	30601	c44809	80	80	7	8
between_population	incompatible_locus	33557	c48141	16	16	7	8
between_population	incompatible_locus	35267	c50087	9	9	7	8
between_population	multiple_locus	35268	c50087	46	35	CMSNOH10	CMSQUA10
between_population	incompatible_locus	38051	c53248	54	54	7	8
between_population	incompatible_locus	38738	c5401	59	59	7	8
between_population	incompatible_locus	39578	c54950	84	84	7	8
between_population	incompatible_locus	40979	c56559	20	20	7	8
between_population	incompatible_locus	41864	c57544	16	16	7	8
between_population	incompatible_locus	43176	c59015	79	79	7	8
between_population	incompatible_locus	74259	c60278	79	79	7	8
between_population	incompatible_locus	45871	c62095	79	79	7	8
between_population	incompatible_locus	46152	c62409	84	84	7	8
between_population	multiple_locus	46307	c625	63	21	CMSNOH10	CMSQUA10
between_population	multiple_locus	46307	c625	60	24	CMSNOH10	CMSQUA10
between_population	multiple_locus	46307	c625	59	25	CMSNOH10	CMSQUA10
between_population	multiple_locus	46307	c625	46	38	CMSNOH10	CMSQUA10
between_population	incompatible_locus	46477	c62799	78	78	7	8
between_population	incompatible_locus	46628	c62973	8	8	7	8
between_population	incompatible_locus	47605	c64084	77	77	7	8
between_population	multiple_locus	47663	c6414	12	66	CMSNOH10	CMSQUA10
between_population	incompatible_locus	51762	c68885	10	10	7	8
between_population	incompatible_locus	51897	c69036	74	74	7	8
between_population	incompatible_locus	52740	c70029	82	82	7	8
between_population	incompatible_locus	53121	c7045	17	17	7	8
between_population	incompatible_locus	53395	c70777	40	40	7	8
between_population	incompatible_locus	55185	c72838	84	84	7	8
between_population	incompatible_locus	56588	c74497	69	69	7	8
between_population	incompatible_locus	56846	c74789	69	69	7	8
between_population	incompatible_locus	59774	c78367	20	20	7	8
between_population	incompatible_locus	63794	c8356	66	66	7	8
between_population	incompatible_locus	64024	c8386	8	8	7	8
between_population	multiple_locus	64429	c84400	41	38	CMSNOH10	CMSQUA10
between_population	multiple_locus	64429	c84400	33	46	CMSNOH10	CMSQUA10
between_population	multiple_locus	64429	c84400	23	56	CMSNOH10	CMSQUA10
between_population	multiple_locus	64429	c84400	22	57	CMSNOH10	CMSQUA10
between_population	multiple_locus	64429	c84400	18	61	CMSNOH10	CMSQUA10
between_population	incompatible_locus	65915	c88769	78	78	7	8
between_population	incompatible_locus	66089	c89523	79	79	7	8
between_population	incompatible_locus	67085	c935	36	36	7	8
between_population	incompatible_locus	67079	c93571	68	68	7	8
between_population	multiple_locus	35268	c50087	46	35	CMSNOH10	CMSTILL10
between_population	multiple_locus	46307	c625	63	21	CMSNOH10	CMSTILL10
between_population	multiple_locus	46307	c625	60	24	CMSNOH10	CMSTILL10
between_population	multiple_locus	46307	c625	59	25	CMSNOH10	CMSTILL10
between_population	multiple_locus	46307	c625	46	38	CMSNOH10	CMSTILL10
between_population	multiple_locus	47663	c6414	12	66	CMSNOH10	CMSTILL10
between_population	multiple_locus	64429	c84400	41	38	CMSNOH10	CMSTILL10
between_population	multiple_locus	64429	c84400	33	46	CMSNOH10	CMSTILL10
between_population	multiple_locus	64429	c84400	23	56	CMSNOH10	CMSTILL10
between_population	multiple_locus	64429	c84400	22	57	CMSNOH10	CMSTILL10
between_population	multiple_locus	64429	c84400	18	61	CMSNOH10	CMSTILL10
between_population	incompatible_locus	5767	c16452	65	65	7	10
between_population	incompatible_locus	7654	c18580	77	77	7	10
between_population	incompatible_locus	11162	c22583	76	76	7	10
between_population	incompatible_locus	12312	c23915	82	82	7	10
between_population	incompatible_locus	16987	c29309	82	82	7	10
between_population	incompatible_locus	24864	c38318	39	39	7	10
between_population	multiple_locus	35268	c50087	46	35	CMSNOH10	CMUW10
between_population	incompatible_locus	41979	c57680	83	83	7	10
between_population	incompatible_locus	42447	c58197	30	30	7	10
between_population	incompatible_locus	43319	c59179	75	75	7	10
between_population	incompatible_locus	44596	c60646	73	73	7	10
between_population	multiple_locus	46307	c625	63	21	CMSNOH10	CMUW10
between_population	multiple_locus	46307	c625	60	24	CMSNOH10	CMUW10
between_population	multiple_locus	46307	c625	59	25	CMSNOH10	CMUW10
between_population	multiple_locus	46307	c625	46	38	CMSNOH10	CMUW10
between_population	multiple_locus	47663	c6414	12	66	CMSNOH10	CMUW10
between_population	incompatible_locus	51419	c684	35	35	7	10
between_population	incompatible_locus	51707	c68818	65	65	7	10
between_population	incompatible_locus	59494	c78003	73	73	7	10
between_population	incompatible_locus	60435	c79204	80	80	7	10
between_population	incompatible_locus	62525	c8192	71	71	7	10
between_population	multiple_locus	64429	c84400	41	38	CMSNOH10	CMUW10
between_population	multiple_locus	64429	c84400	33	46	CMSNOH10	CMUW10
between_population	multiple_locus	64429	c84400	23	56	CMSNOH10	CMUW10
between_population	multiple_locus	64429	c84400	22	57	CMSNOH10	CMUW10
between_population	multiple_locus	64429	c84400	18	61	CMSNOH10	CMUW10
between_population	incompatible_locus	4394	c14888	84	84	8	9
between_population	incompatible_locus	4873	c15426	61	61	8	9
between_population	incompatible_locus	5980	c16692	53	53	8	9
between_population	incompatible_locus	6713	c17523	28	28	8	9
between_population	incompatible_locus	6913	c17747	15	15	8	9
between_population	incompatible_locus	7501	c18408	83	83	8	9
between_population	incompatible_locus	9473	c20669	59	59	8	9
between_population	incompatible_locus	13191	c24932	52	52	8	9
between_population	incompatible_locus	14115	c25	61	61	8	9
between_population	incompatible_locus	13793	c25617	82	82	8	9
between_population	incompatible_locus	69966	c26432	34	34	8	9
between_population	incompatible_locus	18629	c31165	19	19	8	9
between_population	incompatible_locus	20194	c3295	75	75	8	9
between_population	incompatible_locus	20255	c33028	80	80	8	9
between_population	incompatible_locus	20932	c3381	53	53	8	9
between_population	incompatible_locus	21477	c34443	59	59	8	9
between_population	incompatible_locus	21900	c34949	47	47	8	9
between_population	incompatible_locus	22812	c35984	24	24	8	9
between_population	incompatible_locus	24869	c38326	28	28	8	9
between_population	incompatible_locus	24869	c38326	29	29	8	9
between_population	incompatible_locus	25643	c3918	56	56	8	9
between_population	incompatible_locus	25842	c39421	6	6	8	9
between_population	incompatible_locus	28479	c42412	36	36	8	9
between_population	incompatible_locus	72191	c43267	65	65	8	9
between_population	incompatible_locus	29550	c43602	64	64	8	9
between_population	incompatible_locus	33557	c48141	16	16	8	9
between_population	incompatible_locus	35267	c50087	9	9	8	9
between_population	multiple_locus	35268	c50087	46	35	CMSQUA10	CMSTILL10
between_population	incompatible_locus	38051	c53248	54	54	8	9
between_population	incompatible_locus	38718	c53996	82	82	8	9
between_population	incompatible_locus	38738	c5401	59	59	8	9
between_population	incompatible_locus	41864	c57544	16	16	8	9
between_population	incompatible_locus	45871	c62095	79	79	8	9
between_population	multiple_locus	46307	c625	63	21	CMSQUA10	CMSTILL10
between_population	multiple_locus	46307	c625	60	24	CMSQUA10	CMSTILL10
between_population	multiple_locus	46307	c625	59	25	CMSQUA10	CMSTILL10
between_population	multiple_locus	46307	c625	46	38	CMSQUA10	CMSTILL10
between_population	incompatible_locus	46628	c62973	8	8	8	9
between_population	incompatible_locus	47605	c64084	77	77	8	9
between_population	multiple_locus	47663	c6414	12	66	CMSQUA10	CMSTILL10
between_population	incompatible_locus	51762	c68885	10	10	8	9
between_population	incompatible_locus	51897	c69036	74	74	8	9
between_population	incompatible_locus	52740	c70029	82	82	8	9
between_population	incompatible_locus	53121	c7045	17	17	8	9
between_population	incompatible_locus	53395	c70777	40	40	8	9
between_population	incompatible_locus	53704	c71116	29	29	8	9
between_population	incompatible_locus	55185	c72838	84	84	8	9
between_population	incompatible_locus	56588	c74497	69	69	8	9
between_population	incompatible_locus	56846	c74789	69	69	8	9
between_population	incompatible_locus	59774	c78367	20	20	8	9
between_population	incompatible_locus	63794	c8356	66	66	8	9
between_population	incompatible_locus	63839	c8362	6	6	8	9
between_population	incompatible_locus	64024	c8386	8	8	8	9
between_population	multiple_locus	64429	c84400	41	38	CMSQUA10	CMSTILL10
between_population	multiple_locus	64429	c84400	33	46	CMSQUA10	CMSTILL10
between_population	multiple_locus	64429	c84400	23	56	CMSQUA10	CMSTILL10
between_population	multiple_locus	64429	c84400	22	57	CMSQUA10	CMSTILL10
between_population	multiple_locus	64429	c84400	18	61	CMSQUA10	CMSTILL10
between_population	incompatible_locus	65915	c88769	78	78	8	9
between_population	incompatible_locus	66089	c89523	79	79	8	9
between_population	incompatible_locus	67085	c935	36	36	8	9
between_population	incompatible_locus	67079	c93571	68	68	8	9
between_population	incompatible_locus	1298	c11425	25	25	8	10
between_population	incompatible_locus	4394	c14888	84	84	8	10
between_population	incompatible_locus	4873	c15426	61	61	8	10
between_population	incompatible_locus	5767	c16452	65	65	8	10
between_population	incompatible_locus	6713	c17523	28	28	8	10
between_population	incompatible_locus	6913	c17747	15	15	8	10
between_population	incompatible_locus	7501	c18408	83	83	8	10
between_population	incompatible_locus	7654	c18580	77	77	8	10
between_population	incompatible_locus	8039	c1900	51	51	8	10
between_population	incompatible_locus	9473	c20669	59	59	8	10
between_population	incompatible_locus	11162	c22583	76	76	8	10
between_population	incompatible_locus	12312	c23915	82	82	8	10
between_population	incompatible_locus	13191	c24932	52	52	8	10
between_population	incompatible_locus	14115	c25	61	61	8	10
between_population	incompatible_locus	16549	c28794	82	82	8	10
between_population	incompatible_locus	16987	c29309	82	82	8	10
between_population	incompatible_locus	19566	c32237	43	43	8	10
between_population	incompatible_locus	20194	c3295	75	75	8	10
between_population	incompatible_locus	20255	c33028	80	80	8	10
between_population	incompatible_locus	20932	c3381	53	53	8	10
between_population	incompatible_locus	21477	c34443	59	59	8	10
between_population	incompatible_locus	22812	c35984	24	24	8	10
between_population	incompatible_locus	24137	c37478	57	57	8	10
between_population	incompatible_locus	24864	c38318	39	39	8	10
between_population	incompatible_locus	25643	c3918	56	56	8	10
between_population	incompatible_locus	28479	c42412	36	36	8	10
between_population	incompatible_locus	28904	c42870	27	27	8	10
between_population	incompatible_locus	72191	c43267	65	65	8	10
between_population	incompatible_locus	29550	c43602	64	64	8	10
between_population	incompatible_locus	30601	c44809	80	80	8	10
between_population	incompatible_locus	33557	c48141	16	16	8	10
between_population	incompatible_locus	35267	c50087	9	9	8	10
between_population	multiple_locus	35268	c50087	46	35	CMSQUA10	CMUW10
between_population	incompatible_locus	38051	c53248	54	54	8	10
between_population	incompatible_locus	38718	c53996	82	82	8	10
between_population	incompatible_locus	38738	c5401	59	59	8	10
between_population	incompatible_locus	39578	c54950	84	84	8	10
between_population	incompatible_locus	40979	c56559	20	20	8	10
between_population	incompatible_locus	41979	c57680	83	83	8	10
between_population	incompatible_locus	42585	c58346	65	65	8	10
between_population	incompatible_locus	43176	c59015	79	79	8	10
between_population	incompatible_locus	43819	c59764	65	65	8	10
between_population	incompatible_locus	74259	c60278	79	79	8	10
between_population	incompatible_locus	44596	c60646	73	73	8	10
between_population	incompatible_locus	45871	c62095	79	79	8	10
between_population	incompatible_locus	46152	c62409	84	84	8	10
between_population	multiple_locus	46307	c625	63	21	CMSQUA10	CMUW10
between_population	multiple_locus	46307	c625	60	24	CMSQUA10	CMUW10
between_population	multiple_locus	46307	c625	59	25	CMSQUA10	CMUW10
between_population	multiple_locus	46307	c625	46	38	CMSQUA10	CMUW10
between_population	incompatible_locus	46628	c62973	8	8	8	10
between_population	incompatible_locus	46863	c63235	81	81	8	10
between_population	multiple_locus	47663	c6414	12	66	CMSQUA10	CMUW10
between_population	incompatible_locus	51419	c684	35	35	8	10
between_population	incompatible_locus	51707	c68818	65	65	8	10
between_population	incompatible_locus	51762	c68885	10	10	8	10
between_population	incompatible_locus	51897	c69036	74	74	8	10
between_population	incompatible_locus	52740	c70029	82	82	8	10
between_population	incompatible_locus	53100	c70437	23	23	8	10
between_population	incompatible_locus	53121	c7045	17	17	8	10
between_population	incompatible_locus	53704	c71116	29	29	8	10
between_population	incompatible_locus	55185	c72838	84	84	8	10
between_population	incompatible_locus	56353	c7421	81	81	8	10
between_population	incompatible_locus	56846	c74789	69	69	8	10
between_population	incompatible_locus	59494	c78003	73	73	8	10
between_population	incompatible_locus	60435	c79204	80	80	8	10
between_population	incompatible_locus	64024	c8386	8	8	8	10
between_population	multiple_locus	64429	c84400	41	38	CMSQUA10	CMUW10
between_population	multiple_locus	64429	c84400	33	46	CMSQUA10	CMUW10
between_population	multiple_locus	64429	c84400	23	56	CMSQUA10	CMUW10
between_population	multiple_locus	64429	c84400	22	57	CMSQUA10	CMUW10
between_population	multiple_locus	64429	c84400	18	61	CMSQUA10	CMUW10
between_population	incompatible_locus	65915	c88769	78	78	8	10
between_population	incompatible_locus	67085	c935	36	36	8	10
between_population	incompatible_locus	3324	c1367	19	19	9	10
between_population	incompatible_locus	5767	c16452	65	65	9	10
between_population	incompatible_locus	7654	c18580	77	77	9	10
between_population	incompatible_locus	11162	c22583	76	76	9	10
between_population	incompatible_locus	16987	c29309	82	82	9	10
between_population	incompatible_locus	17346	c29713	30	30	9	10
between_population	incompatible_locus	19566	c32237	43	43	9	10
between_population	incompatible_locus	24864	c38318	39	39	9	10
between_population	multiple_locus	35268	c50087	46	35	CMSTILL10	CMUW10
between_population	incompatible_locus	41979	c57680	83	83	9	10
between_population	incompatible_locus	42447	c58197	30	30	9	10
between_population	incompatible_locus	43319	c59179	75	75	9	10
between_population	multiple_locus	46307	c625	63	21	CMSTILL10	CMUW10
between_population	multiple_locus	46307	c625	60	24	CMSTILL10	CMUW10
between_population	multiple_locus	46307	c625	59	25	CMSTILL10	CMUW10
between_population	multiple_locus	46307	c625	46	38	CMSTILL10	CMUW10
between_population	multiple_locus	47663	c6414	12	66	CMSTILL10	CMUW10
between_population	incompatible_locus	51419	c684	35	35	9	10
between_population	incompatible_locus	51707	c68818	65	65	9	10
between_population	incompatible_locus	59494	c78003	73	73	9	10
between_population	incompatible_locus	60435	c79204	80	80	9	10
between_population	incompatible_locus	62525	c8192	71	71	9	10
between_population	multiple_locus	64429	c84400	41	38	CMSTILL10	CMUW10
between_population	multiple_locus	64429	c84400	33	46	CMSTILL10	CMUW10
between_population	multiple_locus	64429	c84400	23	56	CMSTILL10	CMUW10
between_population	multiple_locus	64429	c84400	22	57	CMSTILL10	CMUW10
between_population	multiple_locus	64429	c84400	18	61	CMSTILL10	CMUW10
