PLINK v1.90b3h 64-bit (12 Mar 2015)
17 arguments: --allow-no-sex --family --file ./data/batch_2/batch_2.plink.raw --keep-cluster-names 1 2 3 4 5 6 7 9 10 --make-bed --out ./data/batch_2/batch_2.filter01
Hostname: ipseg-ubuntu
Working directory: /home/ipseg/Desktop/waples/chum_populations
Start time: Mon Mar 16 18:25:03 2015

Random number seed: 1426555503
32127 MB RAM detected; reserving 16063 MB for main workspace.
Scanning .ped file... done.
Performing single-pass .bed write (56202 variants, 200 people).
--file: ./data/batch_2/batch_2.filter01-temporary.bed +
./data/batch_2/batch_2.filter01-temporary.bim +
./data/batch_2/batch_2.filter01-temporary.fam written.
56202 variants loaded from .bim file.
200 people (0 males, 0 females, 200 ambiguous) loaded from .fam.
Ambiguous sex IDs written to ./data/batch_2/batch_2.filter01.nosex .
--family: 9 clusters defined.
16 people removed by cluster filter(s).
Using 1 thread (no multithreaded calculations invoked).
Before main variant filters, 184 founders and 0 nonfounders present.
Calculating allele frequencies... done.
Total genotyping rate in remaining samples is 0.884132.
56202 variants and 184 people pass filters and QC.
Note: No phenotypes present.
--make-bed to ./data/batch_2/batch_2.filter01.bed +
./data/batch_2/batch_2.filter01.bim + ./data/batch_2/batch_2.filter01.fam ...
done.

End time: Mon Mar 16 18:25:04 2015
