PLINK v1.90b3h 64-bit (12 Mar 2015)
12 arguments: --allow-extra-chr --allow-no-sex --bfile ./data/batch_2/batch_2.fam_04 --hardy midp --hwe .1 midp --out ./data/batch_2/batch_2.fam_04.hwe --write-snplist
Hostname: ipseg-ubuntu
Working directory: /home/ipseg/Desktop/waples/chum_populations
Start time: Mon Mar 16 18:25:04 2015

Random number seed: 1426555504
32127 MB RAM detected; reserving 16063 MB for main workspace.
27592 variants loaded from .bim file.
32 people (0 males, 0 females, 32 ambiguous) loaded from .fam.
Ambiguous sex IDs written to ./data/batch_2/batch_2.fam_04.hwe.nosex .
Using 1 thread (no multithreaded calculations invoked).
Before main variant filters, 32 founders and 0 nonfounders present.
Calculating allele frequencies... done.
Total genotyping rate is 0.981539.
--hardy: Writing Hardy-Weinberg report (founders only) to
./data/batch_2/batch_2.fam_04.hwe.hwe ... done.
Warning: --hwe observation counts vary by more than 10%.  Consider using
--geno, and/or applying different p-value thresholds to distinct subsets of
your data.
--hwe: 16440 variants removed due to Hardy-Weinberg exact test.
11152 variants and 32 people pass filters and QC.
Note: No phenotypes present.
List of variant IDs written to ./data/batch_2/batch_2.fam_04.hwe.snplist .

End time: Mon Mar 16 18:25:04 2015
