PLINK v1.90b3h 64-bit (12 Mar 2015)
9 arguments: --allow-extra-chr --allow-no-sex --bfile ./data/batch_2/batch_2.fam_09 --maf .10 --out ./data/batch_2/batch_2.fam_09.maf --write-snplist
Hostname: ipseg-ubuntu
Working directory: /home/ipseg/Desktop/waples/chum_populations
Start time: Mon Mar 16 18:25:04 2015

Random number seed: 1426555504
32127 MB RAM detected; reserving 16063 MB for main workspace.
27592 variants loaded from .bim file.
14 people (0 males, 0 females, 14 ambiguous) loaded from .fam.
Ambiguous sex IDs written to ./data/batch_2/batch_2.fam_09.maf.nosex .
Using 1 thread (no multithreaded calculations invoked).
Before main variant filters, 14 founders and 0 nonfounders present.
Calculating allele frequencies... done.
Total genotyping rate is 0.935778.
4050 variants removed due to minor allele threshold(s)
(--maf/--max-maf/--mac/--max-mac).
23542 variants and 14 people pass filters and QC.
Note: No phenotypes present.
List of variant IDs written to ./data/batch_2/batch_2.fam_09.maf.snplist .

End time: Mon Mar 16 18:25:04 2015
