PLINK v1.90b3h 64-bit (12 Mar 2015)
10 arguments: --allow-extra-chr --allow-no-sex --bfile ./data/batch_2/batch_2.filter05 --family --keep-cluster-names 4 --make-bed --out ./data/batch_2/batch_2.fam_04
Hostname: ipseg-ubuntu
Working directory: /home/ipseg/Desktop/waples/chum_populations
Start time: Mon Mar 16 18:25:04 2015

Random number seed: 1426555504
32127 MB RAM detected; reserving 16063 MB for main workspace.
27592 variants loaded from .bim file.
168 people (0 males, 0 females, 168 ambiguous) loaded from .fam.
Ambiguous sex IDs written to ./data/batch_2/batch_2.fam_04.nosex .
--family: 1 cluster defined.
136 people removed by cluster filter(s).
Using 1 thread (no multithreaded calculations invoked).
Before main variant filters, 32 founders and 0 nonfounders present.
Calculating allele frequencies... done.
Total genotyping rate in remaining samples is 0.981539.
27592 variants and 32 people pass filters and QC.
Note: No phenotypes present.
--make-bed to ./data/batch_2/batch_2.fam_04.bed +
./data/batch_2/batch_2.fam_04.bim + ./data/batch_2/batch_2.fam_04.fam ... done.

End time: Mon Mar 16 18:25:04 2015
