0->0 : 0
0->1 : 0
0->2 : 0
       Error rate = 0.0
1->0 : 0
1->1 : 0
1->2 : 0
       Error rate = 0.0
2->0 : 0
2->1 : 0
2->2 : 0
       Error rate = 0.0
0,2->0,2 : 1181913
  0,2->1 : 0
1,2->1,2 : 0
  1,2->0 : 0
       Error rate = 0.0
Maternally informative markers = 0 (of 10219)
Paternally informative markers = 10219
Maternally or paternally informative markers = 10219
Removed 0 children
Removed 0 markers
Number of LGs = 45
***Family = fam_08 chromosome = 36 numMarkers = 111 maternal informative markers 0 (paternal informative markers 111)
***Family = fam_01 chromosome = 36 numMarkers = 111 maternal informative markers 0 (paternal informative markers 111)
***Family = fam_09 chromosome = 36 numMarkers = 111 maternal informative markers 0 (paternal informative markers 111)
111->96
96->96
All pairs
join 4 and 8 score = 0.0 sizes 1,1
join 38 and 45 score = 0.0 sizes 1,1
join 75 and 83 score = 0.0 sizes 1,1
join 11 and 16 score = 0.0 sizes 1,1
join 52 and 71 score = 0.0 sizes 1,1
join 3 and 17 score = 0.0 sizes 1,1
join 32 and 83 score = 0.0 sizes 1,2
join 8 and 81 score = 0.0 sizes 2,1
join 36 and 81 score = 0.0 sizes 1,3
join 40 and 80 score = 0.0 sizes 1,1
join 19 and 80 score = 0.0 sizes 1,2
join 88 and 93 score = 0.0 sizes 1,1
join 85 and 93 score = 0.0 sizes 1,2
join 61 and 85 score = 0.0 sizes 1,3
join 17 and 25 score = 0.0 sizes 2,1
join 10 and 90 score = 0.0 sizes 1,1
join 10 and 44 score = 0.0 sizes 2,1
join 63 and 90 score = 0.0 sizes 1,3
join 40 and 63 score = 0.0 sizes 3,4
join 71 and 84 score = 0.0 sizes 2,1
join 28 and 84 score = 0.0 sizes 1,3
join 27 and 73 score = 0.0 sizes 1,1
join 27 and 36 score = 0.0 sizes 2,4
join 74 and 75 score = 0.0 sizes 1,3
join 24 and 50 score = 0.0 sizes 1,1
join 2 and 50 score = 0.0 sizes 1,2
join 2 and 72 score = 0.0 sizes 3,1
join 6 and 56 score = 0.0 sizes 1,1
join 37 and 79 score = 0.0 sizes 1,1
join 15 and 29 score = 0.0 sizes 1,1
join 56 and 59 score = 0.0 sizes 2,1
join 48 and 79 score = 0.0 sizes 1,2
join 34 and 95 score = 0.0 sizes 1,1
join 1 and 11 score = 0.0 sizes 1,2
join 9 and 12 score = 0.0 sizes 1,1
join 22 and 52 score = 0.0 sizes 1,4
join 33 and 86 score = 0.006060606060606061 sizes 1,1
join 4 and 78 score = 0.0 sizes 6,1
join 42 and 43 score = 0.0 sizes 1,1
join 13 and 42 score = 0.0 sizes 1,2
join 13 and 78 score = 0.0 sizes 3,7
join 43 and 70 score = 0.0 sizes 10,1
join 14 and 62 score = 0.006535947712418301 sizes 1,1
join 33 and 55 score = 0.00625 sizes 2,1
join 1 and 70 score = 0.0 sizes 3,11
join 21 and 44 score = 0.005952380952380952 sizes 1,7
join 26 and 29 score = 0.006172839506172839 sizes 1,2
join 18 and 20 score = 0.0 sizes 1,1
join 9 and 18 score = 0.0 sizes 2,2
join 12 and 59 score = 0.0 sizes 4,3
join 74 and 88 score = 0.0055248618784530384 sizes 4,4
join 22 and 47 score = 0.007407407407407408 sizes 5,1
join 15 and 55 score = 0.006493506493506494 sizes 3,3
join 58 and 95 score = 0.0 sizes 1,2
join 53 and 72 score = 0.0 sizes 1,4
join 24 and 64 score = 0.0 sizes 5,1
join 53 and 68 score = 0.0 sizes 6,1
join 25 and 66 score = 0.0 sizes 3,1
join 26 and 73 score = 0.007042253521126761 sizes 6,14
join 7 and 20 score = 0.0 sizes 1,7
join 7 and 92 score = 0.0 sizes 8,1
join 45 and 92 score = 0.00641025641025641 sizes 2,9
join 16 and 77 score = 0.0 sizes 20,1
join 39 and 60 score = 0.0 sizes 1,1
join 57 and 94 score = 0.0 sizes 1,1
join 6 and 28 score = 0.007462686567164179 sizes 11,6
join 66 and 69 score = 0.0 sizes 4,1
join 14 and 68 score = 0.0 sizes 2,7
All pairs
join 31 and 91 score = 0.012345679012345678 sizes 1,1
join 47 and 86 score = 0.014925373134328358 sizes 17,21
join 46 and 77 score = 0.0 sizes 1,38
join 46 and 82 score = 0.0 sizes 39,1
join 21 and 91 score = 0.012048192771084338 sizes 8,2
join 5 and 60 score = 0.0 sizes 1,2
join 30 and 89 score = 0.020833333333333332 sizes 1,1
join 34 and 69 score = 0.018867924528301886 sizes 3,5
join 0 and 64 score = 0.0 sizes 1,9
join 37 and 76 score = 0.0 sizes 3,1
join 38 and 48 score = 0.024 sizes 40,4
join 82 and 87 score = 0.0 sizes 44,1
join 57 and 62 score = 0.024691358024691357 sizes 2,10
join 41 and 89 score = 0.02127659574468085 sizes 1,2
join 31 and 35 score = 0.025 sizes 10,1
join 19 and 30 score = 0.017964071856287425 sizes 11,3
join 3 and 49 score = 0.031055900621118012 sizes 8,1
join 35 and 67 score = 0.04375 sizes 14,1
join 23 and 67 score = 0.05517241379310345 sizes 1,15
join 54 and 61 score = 0.07042253521126761 sizes 1,8
join 41 and 54 score = 0.06666666666666667 sizes 16,9
join 0 and 76 score = 0.07407407407407407 sizes 12,45
join 23 and 65 score = 0.12666666666666668 sizes 25,1
join 39 and 87 score = 0.10344827586206896 sizes 3,57
join 49 and 94 score = 0.14935064935064934 sizes 9,60
join 5 and 51 score = 0.17857142857142858 sizes 69,1
join 58 and 65 score = 0.0 sizes 70,26
score = 1.162443885731589
improvementE2 : -543.2672440409123
improvementE2 : -535.3478083842085
improvementE2 : -533.3505648831083
improvementE2 : -533.3486414247315
improvementE2 : -528.0132467564217
improvementE3 : -527.9994381186685
improvementE1 : -526.8600222685826
improvementE3 : -526.8577960326838
improvementE1 : -526.5194769595205
improvementE2 : -524.537442710178
improvementE1 : -524.5345807552574
improvementE1 : -524.532948444827
improvementE2 : -524.532924928042
improvementE3 : -524.5328980186416
improvementE3 : -524.5315798247527
improvementE3 : -524.531207365384
improvementE1 : -524.5310562343678
improvementE3 : -524.4799095395792
improvementE2 : -524.4762212539374
improvementE3 : -513.1338641972408
improvementE1 : -513.1315578779828
improvementE3 : -513.1314170448364
improvementE1 : -513.1305928798787
improvementE3 : -513.1305104104111
improvementE1 : -512.8448816340083
improvementE3 : -511.5603602879667
improvementE3 : -511.55681516834363
improvementE2 : -510.5160679439905
improvementE3 : -507.12235942459165
improvementE3 : -507.12171690345536
improvementE2 : -505.3383596108802
improvementE3 : -505.3382258193635
improvementE1 : -505.3382190518632
improvementE2 : -505.3058606355437
improvementE3 : -504.75793752824063
improvementE2 : -504.75789254628967
improvementE3 : -504.74665965346423
improvementE3 : -496.8729214086906
improvementE1 : -495.41386218221595
improvementE3 : -495.4138585322768
improvementE2 : -495.39872470179273
improvementE3 : -495.3987123587437
improvementE3 : -495.3984247178412
improvementE3 : -495.39840718882016
improvementE1 : -495.39262515901237
improvementE3 : -495.38916453190535
improvementE3 : -495.38916333942825
improvementE2 : -495.3858676799286
improvementE1 : -495.38477089238313
improvementE2 : -495.38469656302937
improvementE1 : -495.38453504592763
improvementE3 : -495.3845131310082
improvementE1 : -495.3734874324192
improvementE2 : -495.3734559851882
improvementE1 : -495.3734446990199
improvementE3 : -495.3734104261985
improvementE3 : -495.3734091342854
improvementE1 : -495.3734069230358
improvementE2 : -494.8912740312954
improvementE2 : -494.4032263213434
improvementE1 : -494.40321917070094
improvementE3 : -494.4032094766132
improvementE3 : -494.4029664774422
improvementE3 : -494.39215845522864
improvementE1 : -494.39065546507453
improvementE1 : -494.39062501990895
improvementE1 : -494.3906206289688
improvementE3 : -494.3836535893747
improvementE3 : -494.38353995009226
improvementE1 : -494.3835335449697
improvementE2 : -491.44599401772075
improvementE1 : -491.4453111070588
improvementE3 : -491.44530877124083
improvementE2 : -491.4452147475622
improvementE3 : -491.4452109083566
improvementE1 : -491.4452026386542
improvementE2 : -491.4451978597186
improvementE3 : -491.20381714786055
improvementE2 : -489.23821917241844
improvementE2 : -489.2382016502449
improvementE2 : -489.2358574384377
improvementE2 : -489.23563485688555
improvementE3 : -489.2335777775209
improvementE3 : -489.2335609394798
improvementE1 : -489.02800393606276
improvementE2 : -489.0272201370382
improvementE3 : -488.8104051647912
improvementE3 : -488.8102228993005
improvementE2 : -488.8102077087011
improvementE2 : -488.7783158664238
improvementE1 : -488.75766856104195
improvementE2 : -488.75757045648004
improvementE1 : -488.75753503172126
improvementE2 : -488.75752143370636
improvementE2 : -488.7570255216609
improvementE2 : -488.75693472022857
improvementE1 : -488.75689069434884
improvementE1 : -488.7568662671802
improvementE1 : -488.65757587385866
improvementE3 : -488.6574974253754
improvementE1 : -488.6574922539691
improvementE3 : -488.65744762758055
improvementE1 : -488.65743210607246
improvementE1 : -488.6574160713299
improvementE2 : -488.6574066438621
improvementE1 : -488.6573581609222
improvementE2 : -488.65722856649717
improvementE2 : -488.6571923127048
improvementE1 : -488.6557967718072
improvementE2 : -488.6557683489676
improvementE1 : -488.6243625144079
improvementE2 : -488.6242936252546
improvementE1 : -488.6242816217652
improvementE2 : -488.62426464442757
improvementE3 : -488.6238749931415
improvementE1 : -488.6238714310391
improvementE3 : -488.62386123330566
improvementE3 : -488.62366490017365
improvementE2 : -488.6013836162537
improvementE2 : -488.6013017984983
improvementE2 : -488.60124548208273
improvementE1 : -488.1135215326296
improvementE3 : -488.11326289851615
improvementE3 : -487.9632140080033
improvementE1 : -487.9632047371686
improvementE1 : -487.96314167068357
improvementE2 : -487.9631391197697
improvementE1 : -487.9631220093757
improvementE2 : -487.96311928881755
improvementE3 : -487.9631125523895
improvementE1 : -487.9630956578376
improvementE3 : -487.9630500143792
improvementE1 : -487.963047043063
improvementE1 : -485.4682340733064
improvementE1 : -485.4682239856507
improvementE1 : -485.4676277348674
improvementE1 : -485.46762500887576
improvementE1 : -485.46761762010414
improvementE3 : -485.467609287668
improvementE1 : -485.4620363154098
improvementE3 : -485.45890485336344
improvementE1 : -485.4575483521578
improvementE3 : -485.4575468035695
improvementE1 : -485.4575320124661
improvementE3 : -485.45747401028194
improvementE2 : -485.4574306001215
improvementE3 : -483.20997372392475
improvementE3 : -483.2099487471165
improvementE3 : -483.2098807016226
improvementE3 : -483.2098648898856
improvementE2 : -457.7718811560968
improvementE3 : -457.77186561936736
improvementE3 : -457.77158858463554
improvementE1 : -457.7715757666671
improvementE2 : -457.7522568087513
improvementE1 : -457.75218658407107
improvementE3 : -457.1463395361383
improvementE1 : -457.1462773512457
improvementE2 : -457.1262456536108
improvementE1 : -457.1262428352537
improvementE1 : -457.1170904463783
improvementE3 : -457.1170857998933
improvementE1 : -457.1048762262252
improvementE3 : -457.1047667458264
improvementE3 : -457.10126610369474
improvementE3 : -457.101260883187
improvementE3 : -457.1007489787955
improvementE2 : -457.10063254868044
improvementE3 : -457.10035661348985
improvementE3 : -457.1003479987876
improvementE1 : -457.04170436455246
improvementE1 : -457.04166478558034
improvementE2 : -457.0415740918454
improvementE2 : -457.03906926194634
improvementE3 : -456.76422181949664
improvementE2 : -456.764194335236
improvementE3 : -456.764156918446
improvementE2 : -456.76354579292223
improvementE1 : -456.76338596427166
improvementE2 : -456.763383356717
improvementE1 : -456.76337753435433
improvementE2 : -456.75612735624657
improvementE2 : -456.7560783523797
improvementE2 : -456.7559822628947
improvementE3 : -455.27275965418244
improvementE3 : -455.27270703780925
improvementE1 : -455.2727045072559
improvementE1 : -455.26910018483727
improvementE3 : -455.2690897468745
improvementE3 : -455.2680750947165
improvementE2 : -455.2679644100765
improvementE2 : -455.2679630968493
improvementE3 : -455.26777684847093
improvementE2 : -453.60821695515676
improvementE1 : -452.6898968289938
improvementE3 : -452.68970655719716
improvementE2 : -450.2623692636674
improvementE2 : -450.26169308398767
improvementE1 : -450.26093858706565
improvementE1 : -450.2603687830863
improvementE3 : -450.2603602766063
improvementE3 : -450.2584963269079
improvementE3 : -450.2507750579611
improvementE1 : -450.248087918191
improvementE3 : -450.24764183848714
improvementE2 : -450.2473596157427
improvementE3 : -450.2472349496546
improvementE2 : -449.34244573183105
improvementE3 : -449.3424227601977
improvementE3 : -449.34230473794554
improvementE3 : -449.3421573196787
improvementE2 : -449.3421320163129
improvementE1 : -449.3409730411062
improvementE1 : -449.34048328472187
improvementE1 : -449.3299765475821
improvementE2 : -449.32997456626765
improvementE3 : -449.3299434122373
improvementE1 : -449.329932293494
improvementE2 : -449.3299251968296
improvementE1 : -449.25380551530435
improvementE2 : -449.2537928914299
improvementE2 : -449.25379181861507
improvementE1 : -449.2537656602395
improvementE3 : -449.25334204509096
improvementE2 : -449.2533328503093
improvementE2 : -449.2533263891793
improvementE1 : -449.2533223205242
improvementE2 : -446.908766978193
improvementE3 : -446.9086069776148
improvementE2 : -446.90860244579386
improvementE3 : -446.9085967780697
improvementE1 : -446.907587389278
improvementE3 : -446.9073489717352
improvementE1 : -446.90734746991615
improvementE3 : -446.90731591221925
improvementE1 : -446.9073137101719
improvementE3 : -446.9073021901353
improvementE2 : -446.90406698670677
improvementE1 : -446.90386033387813
improvementE3 : -446.83992740934167
improvementE1 : -443.44229015694424
improvementE2 : -443.442251510491
improvementE3 : -434.0833042017088
improvementE3 : -434.083228728437
improvementE2 : -434.0826339108467
improvementE1 : -434.08148459006657
improvementE2 : -434.0601507347847
improvementE3 : -434.0577579533487
improvementE1 : -434.0496590163735
improvementE1 : -434.0475161692211
improvementE3 : -434.0448289288893
improvementE1 : -434.04482239778883
improvementE1 : -434.0442624079248
improvementE2 : -434.01735247174463
improvementE1 : -434.0173508767237
improvementE2 : -434.01734689662544
improvementE3 : -434.01730768496225
improvementE2 : -434.0172974178402
improvementE1 : -433.24596150807236
improvementE1 : -433.24588381219405
improvementE2 : -433.242513587024
improvementE3 : -433.2425012762459
improvementE2 : -433.2424773316291
improvementE2 : -433.24247446944617
improvementE1 : -433.2423616780383
improvementE2 : -433.2423488217326
improvementE1 : -433.2422682030013
improvementE3 : -433.2422601809752
improvementE2 : -433.23966324544205
logL = -1769.018820286617
Removing 0 markers
Second round
improvementE2 : -433.2396596219326
improvementE3 : -433.236163604544
improvementE1 : -432.2668819548178
improvementE3 : -432.26687973969575
improvementE2 : -432.26686866994237
improvementE1 : -432.1275958608381
improvementE3 : -429.0212855709764
improvementE2 : -429.0212732100222
improvementE3 : -429.0159683030197
improvementE1 : -429.01519890526845
improvementE2 : -429.01512046319954
improvementE1 : -429.01511853739527
improvementE3 : -428.29713478369666
improvementE1 : -428.2971321810828
improvementE3 : -428.2964378689718
improvementE3 : -428.29643669173925
improvementE2 : -428.29643341868695
improvementE3 : -428.2964312088253
improvementE3 : -428.2934813530153
improvementE2 : -428.2934791430002
improvementE3 : -428.2934765254645
improvementE1 : -428.2934690510305
improvementE3 : -428.2931387863953
improvementE2 : -425.3262778947971
improvementE3 : -425.3262760499195
improvementE2 : -425.3262661599019
improvementE1 : -425.32615589297404
improvementE2 : -425.3261539048162
improvementE3 : -425.32612416526734
improvementE3 : -425.3260026203663
improvementE3 : -425.325929603428
improvementE3 : -425.3258312634282
improvementE2 : -425.32574037876435
improvementE3 : -425.32573901221986
improvementE2 : -425.3257376082334
improvementE2 : -425.32573412624237
improvementE3 : -425.3256788992644
improvementE2 : -425.32399118629786
improvementE1 : -425.32139316037524
improvementE2 : -425.32138620298974
improvementE3 : -425.26537390252076
improvementE2 : -425.26453807059306
improvementE3 : -425.2635128666337
improvementE1 : -425.2635045354581
improvementE3 : -425.2634848469704
improvementE3 : -425.263483756956
improvementE2 : -425.2634074981136
improvementE3 : -425.263329248131
improvementE2 : -425.26323668166464
improvementE2 : -425.26323106129564
