0->0 : 0
0->1 : 0
0->2 : 0
       Error rate = 0.0
1->0 : 0
1->1 : 0
1->2 : 0
       Error rate = 0.0
2->0 : 0
2->1 : 0
2->2 : 0
       Error rate = 0.0
0,2->0,2 : 1181913
  0,2->1 : 0
1,2->1,2 : 0
  1,2->0 : 0
       Error rate = 0.0
Maternally informative markers = 0 (of 10219)
Paternally informative markers = 10219
Maternally or paternally informative markers = 10219
Removed 0 children
Removed 0 markers
Number of LGs = 45
***Family = fam_08 chromosome = 37 numMarkers = 99 maternal informative markers 0 (paternal informative markers 99)
***Family = fam_01 chromosome = 37 numMarkers = 99 maternal informative markers 0 (paternal informative markers 99)
***Family = fam_09 chromosome = 37 numMarkers = 99 maternal informative markers 0 (paternal informative markers 99)
99->86
86->86
All pairs
join 46 and 49 score = 0.0 sizes 1,1
join 38 and 49 score = 0.0 sizes 1,2
join 7 and 38 score = 0.0 sizes 1,3
join 23 and 72 score = 0.0 sizes 1,1
join 40 and 63 score = 0.0 sizes 1,1
join 45 and 63 score = 0.0 sizes 1,2
join 40 and 72 score = 0.0 sizes 3,2
join 4 and 44 score = 0.0 sizes 1,1
join 4 and 75 score = 0.0 sizes 2,1
join 8 and 12 score = 0.0 sizes 1,1
join 24 and 28 score = 0.0 sizes 1,1
join 32 and 69 score = 0.0 sizes 1,1
join 33 and 69 score = 0.0 sizes 1,2
join 65 and 75 score = 0.0 sizes 1,3
join 65 and 84 score = 0.0 sizes 4,1
join 2 and 24 score = 0.0 sizes 1,2
join 43 and 50 score = 0.0 sizes 1,1
join 26 and 43 score = 0.0 sizes 1,2
join 73 and 84 score = 0.0 sizes 1,5
join 27 and 46 score = 0.0 sizes 1,4
join 25 and 36 score = 0.0 sizes 1,1
join 25 and 61 score = 0.0 sizes 2,1
join 36 and 77 score = 0.0 sizes 3,1
join 45 and 48 score = 0.0 sizes 5,1
join 7 and 70 score = 0.0 sizes 5,1
join 60 and 62 score = 0.0 sizes 1,1
join 29 and 51 score = 0.0 sizes 1,1
join 59 and 82 score = 0.0 sizes 1,1
join 16 and 48 score = 0.0 sizes 1,6
join 62 and 83 score = 0.0064516129032258064 sizes 2,1
join 32 and 55 score = 0.0 sizes 3,1
join 11 and 28 score = 0.006060606060606061 sizes 1,3
join 8 and 11 score = 0.0 sizes 2,4
join 30 and 35 score = 0.0 sizes 1,1
join 0 and 22 score = 0.007246376811594203 sizes 1,1
join 2 and 23 score = 0.006024096385542169 sizes 6,7
join 50 and 78 score = 0.0 sizes 3,1
join 6 and 14 score = 0.0 sizes 1,1
join 6 and 59 score = 0.0 sizes 2,2
join 10 and 42 score = 0.0 sizes 1,1
join 13 and 54 score = 0.0 sizes 1,1
join 34 and 54 score = 0.0 sizes 1,2
join 26 and 67 score = 0.006289308176100629 sizes 4,1
join 31 and 78 score = 0.0 sizes 1,5
join 9 and 51 score = 0.0 sizes 1,2
join 10 and 56 score = 0.0 sizes 2,1
join 34 and 41 score = 0.0 sizes 3,1
join 16 and 37 score = 0.0 sizes 13,1
join 0 and 29 score = 0.0 sizes 2,3
join 58 and 80 score = 0.0 sizes 1,1
join 1 and 73 score = 0.006134969325153374 sizes 1,6
join 15 and 58 score = 0.0 sizes 1,2
join 15 and 60 score = 0.012195121951219513 sizes 3,3
join 79 and 82 score = 0.012422360248447204 sizes 1,4
join 19 and 22 score = 0.007936507936507936 sizes 1,5
join 9 and 37 score = 0.0 sizes 6,14
join 18 and 76 score = 0.012048192771084338 sizes 1,1
join 14 and 76 score = 0.012195121951219513 sizes 5,2
join 53 and 80 score = 0.0 sizes 1,6
join 3 and 31 score = 0.0 sizes 1,6
join 30 and 41 score = 0.022727272727272728 sizes 2,4
join 13 and 64 score = 0.017857142857142856 sizes 6,1
join 18 and 20 score = 0.02976190476190476 sizes 7,1
join 39 and 83 score = 0.022222222222222223 sizes 1,7
join 53 and 66 score = 0.0 sizes 8,1
join 42 and 71 score = 0.03488372093023256 sizes 3,1
join 20 and 47 score = 0.02962962962962963 sizes 8,1
All pairs
join 17 and 52 score = 0.01910828025477707 sizes 1,1
join 52 and 79 score = 0.023391812865497075 sizes 2,9
join 27 and 71 score = 0.0273972602739726 sizes 6,4
join 1 and 67 score = 0.04294478527607362 sizes 7,7
join 5 and 39 score = 0.024390243902439025 sizes 1,9
join 35 and 44 score = 0.030864197530864196 sizes 7,14
join 56 and 64 score = 0.03773584905660377 sizes 10,21
join 19 and 55 score = 0.044444444444444446 sizes 20,4
join 5 and 57 score = 0.050359712230215826 sizes 10,1
join 66 and 74 score = 0.03333333333333333 sizes 11,1
join 3 and 81 score = 0.06451612903225806 sizes 31,1
join 61 and 68 score = 0.08108108108108109 sizes 4,1
join 17 and 85 score = 0.058823529411764705 sizes 11,1
join 57 and 85 score = 0.0684931506849315 sizes 12,12
join 47 and 68 score = 0.0859375 sizes 24,5
join 12 and 77 score = 0.07947019867549669 sizes 24,29
join 21 and 81 score = 0.24074074074074073 sizes 1,32
join 33 and 70 score = 0.2716049382716049 sizes 53,33
score = 1.5367233547152042
improvementE3 : -550.1801032536989
improvementE3 : -550.1792797490414
improvementE2 : -550.1764735109374
improvementE2 : -550.1741746238645
improvementE3 : -550.1392950897423
improvementE3 : -550.0693921482172
improvementE2 : -550.0693691146901
improvementE1 : -550.0691359349119
improvementE1 : -550.0630469238093
improvementE3 : -550.0628695711791
improvementE2 : -550.0459622565589
improvementE3 : -550.0459347940474
improvementE2 : -550.042437500068
improvementE1 : -550.024876865141
improvementE3 : -549.7023294879681
improvementE2 : -549.7021630224042
improvementE1 : -544.9323651498615
improvementE1 : -544.9323117379425
improvementE2 : -544.9316849383558
improvementE2 : -540.2579963287807
improvementE2 : -538.7435327593195
improvementE1 : -538.7423627040661
improvementE3 : -538.7419200385561
improvementE3 : -538.6359802908693
improvementE1 : -538.6354701827323
improvementE2 : -535.9391289333738
improvementE2 : -535.9379049707144
improvementE3 : -532.8986281071616
improvementE3 : -532.7177494154162
improvementE2 : -532.7133743454027
improvementE3 : -509.18642938581974
improvementE1 : -509.18642145071306
improvementE2 : -509.1859320489385
improvementE2 : -509.0375466208431
improvementE3 : -503.7166843472409
improvementE1 : -503.71632319430313
improvementE2 : -503.7154705852529
improvementE1 : -503.7142017658064
improvementE1 : -503.6472382266828
improvementE2 : -497.63464272324757
improvementE3 : -497.63333038991675
improvementE3 : -497.6332961017574
improvementE1 : -497.6301480088339
improvementE1 : -497.62977096775495
improvementE3 : -497.6283762877457
improvementE2 : -497.6266094415676
improvementE2 : -489.6525109641328
improvementE3 : -488.1392894054846
improvementE1 : -488.0185588331318
improvementE2 : -486.9221843553903
improvementE3 : -486.92217561050035
improvementE1 : -486.92215819567883
improvementE3 : -486.92062296502655
improvementE2 : -486.9206210907194
improvementE1 : -486.92061515733263
improvementE3 : -485.8259531642692
improvementE2 : -485.8259353891108
improvementE3 : -485.8259338568552
improvementE3 : -485.8258577350823
improvementE3 : -485.8198489506973
improvementE2 : -485.8195057154358
improvementE2 : -485.32402428704387
improvementE3 : -485.3240209684017
improvementE3 : -484.5659341934183
improvementE3 : -484.56593302254595
improvementE2 : -484.5658298762607
improvementE2 : -484.5634344446562
improvementE1 : -484.0065874828646
improvementE3 : -483.6224808415533
improvementE3 : -479.20080850117034
improvementE2 : -478.71878307921367
improvementE1 : -478.5817515193721
improvementE2 : -478.5735741224903
improvementE3 : -477.8135117987358
improvementE2 : -477.81350648799764
improvementE3 : -477.8135018595901
improvementE3 : -477.8133881504656
improvementE2 : -476.40929006184564
improvementE1 : -475.3470019079888
improvementE2 : -475.3469772781298
improvementE3 : -475.33902898390534
improvementE2 : -474.45300405622544
improvementE3 : -474.44905562191946
improvementE1 : -474.4251455958152
improvementE1 : -474.4203428847771
improvementE3 : -474.4203295080781
improvementE3 : -474.42032132646733
improvementE2 : -474.41982219606655
improvementE2 : -474.4198207983307
improvementE2 : -474.41979962994253
improvementE2 : -474.41956292058785
improvementE3 : -472.4971117155914
improvementE2 : -472.4970113467982
improvementE3 : -472.36515600240057
improvementE1 : -470.8611575865301
improvementE3 : -470.8588771845793
improvementE3 : -470.8588707193383
improvementE3 : -470.8588562819291
improvementE1 : -470.8588475484157
improvementE3 : -470.8565252146921
improvementE2 : -470.4602078138973
improvementE2 : -470.4599620525899
improvementE2 : -468.75550305476776
improvementE3 : -468.75244285613036
improvementE1 : -468.752433700001
improvementE1 : -468.69017709943677
improvementE3 : -468.6881670410222
improvementE3 : -468.6877988506176
improvementE3 : -468.6877063770696
improvementE3 : -468.54384308899466
improvementE3 : -468.5437316370265
improvementE1 : -468.5437261301649
improvementE3 : -468.5428326957422
improvementE3 : -468.54281877446203
improvementE3 : -468.5426843948672
improvementE3 : -468.54248689555146
improvementE1 : -468.53538382388064
improvementE3 : -467.9300835654075
improvementE2 : -467.928381498983
improvementE1 : -467.9283624160513
improvementE2 : -465.20543141794803
improvementE2 : -465.20510148812014
improvementE2 : -465.20508429849417
improvementE2 : -465.20485649851116
improvementE1 : -465.20478925953387
improvementE3 : -465.2031703080897
improvementE2 : -465.20316617113673
improvementE2 : -465.20315854463104
improvementE2 : -465.20315455444205
improvementE3 : -465.203105189434
improvementE3 : -465.2031009181076
improvementE3 : -465.20309836779995
improvementE2 : -465.2030319243568
improvementE2 : -465.20302554490553
improvementE2 : -465.20302449023575
improvementE1 : -465.2026804683913
improvementE1 : -465.202676594886
improvementE2 : -465.2026750475172
improvementE2 : -465.2026322729729
improvementE2 : -465.2026282507896
improvementE2 : -465.2022703927009
improvementE1 : -465.2022689978019
improvementE3 : -465.2021685898254
improvementE2 : -465.20210988457575
improvementE1 : -465.20210446433134
improvementE2 : -465.20208256969175
logL = -1893.3640406030227
Removing 0 markers
Second round
improvementE3 : -465.15055176563413
improvementE2 : -465.1505272595499
improvementE1 : -465.15005871311985
improvementE3 : -464.96373953459323
improvementE1 : -464.9634223842174
improvementE2 : -464.9634164614743
improvementE2 : -464.96341146758635
improvementE3 : -464.9629563554175
improvementE1 : -464.96289360739894
improvementE2 : -464.96286456229365
improvementE2 : -464.9628302898291
improvementE1 : -464.96282344811516
improvementE2 : -464.9628193834379
improvementE3 : -464.9625915705999
improvementE3 : -464.9625869495253
improvementE1 : -464.90842538654664
improvementE1 : -464.9084215116713
