0->0 : 0
0->1 : 0
0->2 : 0
       Error rate = 0.0
1->0 : 0
1->1 : 0
1->2 : 0
       Error rate = 0.0
2->0 : 0
2->1 : 0
2->2 : 0
       Error rate = 0.0
0,2->0,2 : 1181913
  0,2->1 : 0
1,2->1,2 : 0
  1,2->0 : 0
       Error rate = 0.0
Maternally informative markers = 0 (of 10219)
Paternally informative markers = 10219
Maternally or paternally informative markers = 10219
Removed 0 children
Removed 0 markers
Number of LGs = 45
***Family = fam_08 chromosome = 2 numMarkers = 338 maternal informative markers 0 (paternal informative markers 335)
***Family = fam_01 chromosome = 2 numMarkers = 338 maternal informative markers 0 (paternal informative markers 337)
***Family = fam_09 chromosome = 2 numMarkers = 338 maternal informative markers 0 (paternal informative markers 331)
338->308
308->308
All pairs
join 162 and 306 score = 0.0 sizes 1,1
join 32 and 306 score = 0.0 sizes 1,2
join 21 and 129 score = 0.0 sizes 1,1
join 21 and 246 score = 0.0 sizes 2,1
join 94 and 209 score = 0.0 sizes 1,1
join 127 and 277 score = 0.0 sizes 1,1
join 186 and 277 score = 0.0 sizes 1,2
join 158 and 167 score = 0.0 sizes 1,1
join 58 and 255 score = 0.0 sizes 1,1
join 4 and 297 score = 0.0 sizes 1,1
join 66 and 290 score = 0.0 sizes 1,1
join 26 and 288 score = 0.0 sizes 1,1
join 2 and 171 score = 0.0 sizes 1,1
join 50 and 202 score = 0.0 sizes 1,1
join 171 and 218 score = 0.0 sizes 2,1
join 2 and 174 score = 0.0 sizes 3,1
join 143 and 180 score = 0.0 sizes 1,1
join 7 and 100 score = 0.0 sizes 1,1
join 191 and 250 score = 0.0 sizes 1,1
join 122 and 167 score = 0.0 sizes 1,2
join 150 and 158 score = 0.0 sizes 1,3
join 103 and 150 score = 0.0 sizes 1,4
join 103 and 203 score = 0.0 sizes 5,1
join 268 and 290 score = 0.0 sizes 1,2
join 41 and 268 score = 0.0 sizes 1,3
join 128 and 252 score = 0.0 sizes 1,1
join 97 and 202 score = 0.0 sizes 1,2
join 146 and 151 score = 0.0 sizes 1,1
join 64 and 146 score = 0.0 sizes 1,2
join 242 and 291 score = 0.0 sizes 1,1
join 85 and 203 score = 0.0 sizes 1,6
join 35 and 168 score = 0.0 sizes 1,1
join 241 and 273 score = 0.0 sizes 1,1
join 47 and 292 score = 0.0 sizes 1,1
join 109 and 302 score = 0.0 sizes 1,1
join 105 and 249 score = 0.0 sizes 1,1
join 249 and 300 score = 0.0 sizes 2,1
join 107 and 300 score = 0.0 sizes 1,3
join 105 and 259 score = 0.0 sizes 4,1
join 51 and 111 score = 0.0 sizes 1,1
join 122 and 221 score = 0.0 sizes 7,1
join 62 and 136 score = 0.0 sizes 1,1
join 50 and 303 score = 0.0 sizes 3,1
join 97 and 200 score = 0.0 sizes 4,1
join 162 and 303 score = 0.0 sizes 3,5
join 94 and 237 score = 0.0 sizes 2,1
join 134 and 230 score = 0.0 sizes 1,1
join 134 and 215 score = 0.0 sizes 2,1
join 176 and 293 score = 0.0 sizes 1,1
join 99 and 200 score = 0.0 sizes 1,8
join 118 and 126 score = 0.0 sizes 1,1
join 35 and 118 score = 0.0 sizes 2,2
join 137 and 276 score = 0.0 sizes 1,1
join 59 and 294 score = 0.0 sizes 1,1
join 108 and 241 score = 0.0 sizes 1,2
join 24 and 56 score = 0.0 sizes 1,1
join 24 and 154 score = 0.0 sizes 2,1
join 113 and 240 score = 0.0 sizes 1,1
join 82 and 229 score = 0.0 sizes 1,1
join 164 and 276 score = 0.0 sizes 1,2
join 70 and 293 score = 0.0 sizes 1,2
join 142 and 251 score = 0.0 sizes 1,1
join 7 and 269 score = 0.0 sizes 2,1
join 109 and 272 score = 0.0 sizes 2,1
join 68 and 298 score = 0.0 sizes 1,1
join 280 and 298 score = 0.0 sizes 1,2
join 99 and 176 score = 0.0 sizes 9,3
join 32 and 215 score = 0.0 sizes 12,3
join 195 and 281 score = 0.0 sizes 1,1
join 152 and 281 score = 0.0 sizes 1,2
join 67 and 195 score = 0.0 sizes 1,3
join 88 and 174 score = 0.0 sizes 1,4
join 142 and 148 score = 0.0 sizes 2,1
join 42 and 49 score = 0.0 sizes 1,1
join 42 and 126 score = 0.0 sizes 2,4
join 37 and 69 score = 0.0 sizes 1,1
join 68 and 124 score = 0.0 sizes 3,1
join 143 and 280 score = 0.0 sizes 2,4
join 75 and 85 score = 0.0 sizes 1,8
join 117 and 285 score = 0.0 sizes 1,1
join 47 and 294 score = 0.0 sizes 2,2
join 59 and 184 score = 0.0 sizes 4,1
join 179 and 184 score = 0.0 sizes 1,5
join 179 and 198 score = 0.0 sizes 6,1
join 3 and 137 score = 0.0 sizes 1,3
join 3 and 168 score = 0.0 sizes 4,6
join 5 and 230 score = 0.0 sizes 1,15
join 5 and 144 score = 0.0 sizes 16,1
join 12 and 144 score = 0.0 sizes 1,17
join 152 and 238 score = 0.0 sizes 4,1
join 238 and 265 score = 0.0 sizes 5,1
join 28 and 257 score = 0.0 sizes 1,1
join 28 and 307 score = 0.0 sizes 2,1
join 78 and 84 score = 0.0 sizes 1,1
join 95 and 252 score = 0.0 sizes 1,2
join 228 and 291 score = 0.0 sizes 1,2
join 242 and 287 score = 0.0 sizes 3,1
join 222 and 302 score = 0.0 sizes 1,3
join 183 and 208 score = 0.0 sizes 1,1
join 123 and 173 score = 0.0 sizes 1,1
join 173 and 243 score = 0.0 sizes 2,1
join 23 and 123 score = 0.0 sizes 1,3
join 4 and 23 score = 0.0 sizes 2,4
join 226 and 253 score = 0.0 sizes 1,1
join 183 and 226 score = 0.0 sizes 2,2
join 186 and 211 score = 0.0 sizes 3,1
join 211 and 213 score = 0.0 sizes 4,1
join 159 and 269 score = 0.0 sizes 1,3
join 58 and 191 score = 0.0 sizes 2,2
join 98 and 250 score = 0.0 sizes 1,4
join 155 and 255 score = 0.0 sizes 1,5
join 155 and 225 score = 0.0 sizes 6,1
join 16 and 69 score = 0.0 sizes 1,2
join 70 and 221 score = 0.0 sizes 18,9
join 148 and 192 score = 0.0 sizes 3,1
join 8 and 108 score = 0.0 sizes 1,3
join 53 and 239 score = 0.0 sizes 1,1
join 14 and 66 score = 0.0 sizes 1,4
join 117 and 151 score = 0.0 sizes 2,3
join 64 and 112 score = 0.0 sizes 5,1
join 26 and 285 score = 0.0 sizes 2,6
join 88 and 275 score = 0.0 sizes 5,1
join 120 and 275 score = 0.0 sizes 1,6
join 52 and 120 score = 0.0 sizes 1,7
join 136 and 139 score = 0.0 sizes 2,1
join 22 and 169 score = 0.0 sizes 1,1
join 1 and 284 score = 0.0 sizes 1,1
join 197 and 284 score = 0.0 sizes 1,2
join 79 and 304 score = 0.0 sizes 1,1
join 79 and 234 score = 0.0 sizes 2,1
join 115 and 272 score = 0.0 sizes 1,4
join 115 and 132 score = 0.0 sizes 5,1
join 17 and 219 score = 0.0 sizes 1,1
join 160 and 219 score = 0.0 sizes 1,2
join 25 and 164 score = 0.0 sizes 1,10
join 13 and 198 score = 0.0 sizes 1,7
join 128 and 274 score = 0.0 sizes 3,1
join 102 and 253 score = 0.0 sizes 1,4
join 119 and 135 score = 0.0 sizes 1,1
join 147 and 307 score = 0.0 sizes 1,3
join 41 and 287 score = 0.0 sizes 5,4
join 71 and 107 score = 0.0 sizes 1,5
join 258 and 262 score = 0.0 sizes 1,1
join 83 and 260 score = 0.0 sizes 1,1
join 187 and 193 score = 0.0 sizes 1,1
join 175 and 187 score = 0.0 sizes 1,2
join 82 and 87 score = 0.005154639175257732 sizes 2,1
join 9 and 265 score = 0.0 sizes 1,6
join 14 and 199 score = 0.0 sizes 9,1
join 74 and 180 score = 0.0 sizes 1,6
join 165 and 260 score = 0.0 sizes 1,2
join 63 and 149 score = 0.0 sizes 1,1
join 37 and 127 score = 0.0 sizes 3,5
join 177 and 246 score = 0.0 sizes 1,3
join 43 and 53 score = 0.0 sizes 1,2
join 98 and 283 score = 0.0 sizes 7,1
join 231 and 251 score = 0.0 sizes 1,4
join 157 and 304 score = 0.0 sizes 1,3
join 125 and 234 score = 0.0 sizes 1,4
join 45 and 81 score = 0.0 sizes 1,1
join 76 and 262 score = 0.0 sizes 1,2
join 89 and 256 score = 0.0 sizes 1,1
join 51 and 101 score = 0.0 sizes 2,1
join 6 and 149 score = 0.0 sizes 1,2
join 104 and 248 score = 0.0 sizes 1,1
join 81 and 205 score = 0.0 sizes 2,1
join 25 and 56 score = 0.005917159763313609 sizes 11,3
join 216 and 217 score = 0.0 sizes 1,1
join 177 and 295 score = 0.0 sizes 4,1
join 156 and 214 score = 0.0 sizes 1,1
join 95 and 214 score = 0.0 sizes 4,2
join 46 and 63 score = 0.0 sizes 1,3
join 141 and 206 score = 0.0 sizes 1,1
join 205 and 206 score = 0.0 sizes 3,2
join 45 and 270 score = 0.0 sizes 5,1
join 145 and 217 score = 0.0056179775280898875 sizes 1,2
join 34 and 141 score = 0.0 sizes 1,6
join 129 and 258 score = 0.005917159763313609 sizes 5,3
join 111 and 157 score = 0.006756756756756757 sizes 3,5
join 106 and 160 score = 0.006535947712418301 sizes 1,3
All pairs
join 243 and 296 score = 0.0 sizes 6,1
join 264 and 305 score = 0.0 sizes 1,1
join 86 and 225 score = 0.0051813471502590676 sizes 1,8
join 18 and 278 score = 0.0 sizes 1,1
join 165 and 295 score = 0.0 sizes 3,8
join 18 and 34 score = 0.0 sizes 2,7
join 46 and 121 score = 0.0 sizes 4,1
join 13 and 119 score = 0.00684931506849315 sizes 8,2
join 9 and 169 score = 0.006289308176100629 sizes 7,2
join 27 and 43 score = 0.0051813471502590676 sizes 1,3
join 130 and 213 score = 0.0 sizes 1,8
join 8 and 292 score = 0.007246376811594203 sizes 4,10
join 17 and 113 score = 0.006369426751592357 sizes 4,2
join 154 and 220 score = 0.005714285714285714 sizes 14,1
join 239 and 254 score = 0.007575757575757576 sizes 4,1
join 39 and 71 score = 0.0064516129032258064 sizes 1,6
join 92 and 305 score = 0.0 sizes 1,2
join 75 and 208 score = 0.00684931506849315 sizes 27,5
join 12 and 49 score = 0.006060606060606061 sizes 32,15
join 6 and 138 score = 0.0 sizes 5,1
join 125 and 223 score = 0.006896551724137931 sizes 8,1
join 57 and 224 score = 0.0 sizes 1,1
join 161 and 224 score = 0.0 sizes 1,2
join 33 and 259 score = 0.0 sizes 1,7
join 65 and 130 score = 0.0 sizes 1,9
join 112 and 139 score = 0.0078125 sizes 8,3
join 55 and 110 score = 0.012195121951219513 sizes 1,1
join 65 and 140 score = 0.0 sizes 10,1
join 140 and 166 score = 0.0 sizes 11,1
join 36 and 73 score = 0.0 sizes 1,1
join 1 and 61 score = 0.0 sizes 3,1
join 218 and 223 score = 0.011695906432748537 sizes 8,9
join 124 and 153 score = 0.011494252873563218 sizes 7,1
join 39 and 78 score = 0.006896551724137931 sizes 8,2
join 100 and 274 score = 0.006134969325153374 sizes 4,6
join 156 and 182 score = 0.0 sizes 10,1
join 48 and 185 score = 0.0 sizes 1,1
join 185 and 210 score = 0.0 sizes 2,1
join 116 and 190 score = 0.0 sizes 1,1
join 188 and 190 score = 0.0 sizes 1,2
join 131 and 188 score = 0.0 sizes 1,3
join 193 and 266 score = 0.012121212121212121 sizes 3,1
join 261 and 267 score = 0.011976047904191617 sizes 1,1
join 73 and 270 score = 0.0 sizes 2,9
join 201 and 237 score = 0.0 sizes 1,3
join 92 and 194 score = 0.0 sizes 3,1
join 114 and 264 score = 0.0 sizes 1,4
join 170 and 247 score = 0.0 sizes 1,1
join 86 and 247 score = 0.0 sizes 9,2
join 227 and 283 score = 0.0 sizes 1,11
join 178 and 273 score = 0.0 sizes 1,14
join 38 and 135 score = 0.011695906432748537 sizes 1,15
join 178 and 216 score = 0.0 sizes 16,3
join 15 and 38 score = 0.0 sizes 1,19
join 228 and 254 score = 0.01282051282051282 sizes 10,5
join 96 and 170 score = 0.0 sizes 1,12
join 96 and 236 score = 0.0 sizes 13,1
join 30 and 192 score = 0.0 sizes 1,5
join 30 and 33 score = 0.0 sizes 6,10
join 67 and 114 score = 0.0 sizes 9,5
join 44 and 194 score = 0.0 sizes 1,14
join 235 and 289 score = 0.0 sizes 1,1
join 181 and 235 score = 0.0 sizes 1,2
join 220 and 222 score = 0.012195121951219513 sizes 47,6
join 116 and 196 score = 0.0 sizes 4,1
join 61 and 161 score = 0.0 sizes 4,3
join 62 and 245 score = 0.017857142857142856 sizes 11,1
join 40 and 288 score = 0.013986013986013986 sizes 1,12
join 10 and 153 score = 0.018072289156626505 sizes 1,8
join 93 and 147 score = 0.013071895424836602 sizes 1,4
join 80 and 93 score = 0.0 sizes 1,5
join 19 and 257 score = 0.0 sizes 1,6
join 0 and 271 score = 0.0 sizes 1,1
join 52 and 248 score = 0.0136986301369863 sizes 17,2
join 19 and 204 score = 0.0 sizes 7,1
join 74 and 163 score = 0.018404907975460124 sizes 9,1
join 76 and 297 score = 0.012903225806451613 sizes 11,7
join 101 and 296 score = 0.018072289156626505 sizes 19,18
join 245 and 261 score = 0.01764705882352941 sizes 13,2
join 16 and 240 score = 0.0189873417721519 sizes 12,6
join 44 and 87 score = 0.0 sizes 15,3
join 172 and 282 score = 0.022900763358778626 sizes 1,1
join 181 and 196 score = 0.0 sizes 3,5
join 232 and 299 score = 0.01910828025477707 sizes 1,1
join 48 and 121 score = 0.020833333333333332 sizes 3,6
join 10 and 110 score = 0.024691358024691357 sizes 10,2
join 27 and 182 score = 0.0 sizes 15,11
join 199 and 266 score = 0.024096385542168676 sizes 26,4
join 209 and 256 score = 0.01910828025477707 sizes 4,2
join 72 and 90 score = 0.022058823529411766 sizes 1,1
join 90 and 233 score = 0.029585798816568046 sizes 2,1
join 106 and 299 score = 0.025477707006369428 sizes 18,2
join 55 and 233 score = 0.024096385542168676 sizes 12,3
join 15 and 271 score = 0.038461538461538464 sizes 20,2
join 145 and 231 score = 0.03125 sizes 22,16
join 72 and 172 score = 0.031496062992125984 sizes 15,2
join 163 and 263 score = 0.03125 sizes 17,1
join 207 and 301 score = 0.03389830508474576 sizes 1,1
join 54 and 279 score = 0.03067484662576687 sizes 1,1
join 267 and 282 score = 0.029197080291970802 sizes 15,18
join 11 and 104 score = 0.0 sizes 1,37
join 11 and 77 score = 0.0 sizes 38,1
join 20 and 31 score = 0.030303030303030304 sizes 1,1
join 91 and 207 score = 0.030534351145038167 sizes 1,2
join 0 and 278 score = 0.0392156862745098 sizes 38,11
join 197 and 204 score = 0.041666666666666664 sizes 7,8
join 31 and 40 score = 0.046357615894039736 sizes 2,33
join 20 and 289 score = 0.06666666666666667 sizes 35,8
join 279 and 286 score = 0.05223880597014925 sizes 2,1
join 57 and 166 score = 0.041666666666666664 sizes 15,20
join 22 and 91 score = 0.048484848484848485 sizes 18,3
join 29 and 244 score = 0.05521472392638037 sizes 1,1
join 29 and 263 score = 0.06134969325153374 sizes 2,43
All pairs
join 60 and 133 score = 0.03333333333333333 sizes 1,1
join 286 and 301 score = 0.08403361344537816 sizes 3,21
join 54 and 212 score = 0.08280254777070063 sizes 24,1
join 131 and 229 score = 0.07407407407407407 sizes 45,25
join 36 and 189 score = 0.09375 sizes 49,1
join 77 and 175 score = 0.08333333333333333 sizes 39,30
join 60 and 227 score = 0.06896551724137931 sizes 2,14
join 89 and 232 score = 0.08955223880597014 sizes 6,35
join 84 and 132 score = 0.13138686131386862 sizes 50,53
join 133 and 210 score = 0.13793103448275862 sizes 16,9
join 138 and 201 score = 0.20689655172413793 sizes 25,41
join 80 and 159 score = 0.0 sizes 66,69
join 83 and 244 score = 0.4409937888198758 sizes 135,70
join 189 and 212 score = 0.0 sizes 103,205
score = 2.891240388200019
improvementE2 : -1212.4819974950556
improvementE3 : -1212.4775341060044
improvementE2 : -1212.4775114201268
improvementE2 : -1171.8522664288664
improvementE2 : -1171.2196978720883
improvementE2 : -1171.0443411667825
improvementE2 : -1171.044272836622
improvementE3 : -1171.0383734080654
improvementE2 : -1171.0383669643884
improvementE2 : -1170.9638480873975
improvementE1 : -1170.9596428192317
improvementE2 : -1170.912602279905
improvementE1 : -1170.7752756382772
improvementE3 : -1170.7735151538825
improvementE2 : -1170.7735128894772
improvementE3 : -1170.7151551530317
improvementE2 : -1170.6786009224495
improvementE1 : -1170.6778786718346
improvementE2 : -1170.6739185618062
improvementE1 : -1170.6738112569308
improvementE2 : -1149.643121972806
improvementE2 : -1149.6387313848393
improvementE3 : -1149.6387294369245
improvementE3 : -1149.638654760539
improvementE1 : -1149.6383972799322
improvementE2 : -1149.6341432680874
improvementE1 : -1149.5443743636868
improvementE2 : -1149.542638876161
improvementE3 : -1149.5386103736814
improvementE1 : -1149.5381074105062
improvementE3 : -1149.5155808769441
improvementE1 : -1149.5152247011204
improvementE3 : -1149.51515220539
improvementE3 : -1149.4674325400667
improvementE1 : -1149.467112437698
improvementE3 : -1149.4652425457343
improvementE2 : -1149.4373081257227
improvementE3 : -1146.1127266469457
improvementE1 : -1146.1123746617977
improvementE3 : -1146.1123705853977
improvementE3 : -1146.1122453598289
improvementE3 : -1146.0793520686398
improvementE2 : -1146.0789972373852
improvementE1 : -1145.8679029383045
improvementE3 : -1145.8673784010348
improvementE3 : -1145.8672184389923
improvementE1 : -1144.2820639780387
improvementE1 : -1144.281930098754
improvementE2 : -1143.1432301329921
improvementE2 : -1142.15387675201
improvementE1 : -1142.1536357019884
improvementE1 : -1142.1536038551703
improvementE2 : -1141.614867956152
improvementE1 : -1141.6148523356103
improvementE3 : -1141.6045480451796
improvementE2 : -1140.069230451004
improvementE1 : -1140.067874731044
improvementE1 : -1140.067593396559
improvementE3 : -1140.0665435284245
improvementE3 : -1140.0665358976648
improvementE2 : -1140.0590839779497
improvementE2 : -1140.0588456902044
improvementE1 : -1140.0588080757866
improvementE3 : -1139.255693411692
improvementE3 : -1139.2550475597711
improvementE1 : -1138.489586724273
improvementE1 : -1138.4624915047734
improvementE3 : -1138.462388665895
improvementE1 : -1138.4528505233093
improvementE2 : -1137.8506938957962
improvementE2 : -1137.850681239856
improvementE1 : -1136.2202255795005
improvementE1 : -1136.2199772447643
improvementE1 : -1136.2189416596823
improvementE1 : -1136.1000510716656
improvementE3 : -1136.099985099158
improvementE1 : -1136.0981525268185
improvementE3 : -1132.9697391246157
improvementE2 : -1132.96742841706
improvementE1 : -1132.967193610528
improvementE2 : -1132.9247093234465
improvementE3 : -1132.9247057815187
improvementE1 : -1132.9244123191772
improvementE1 : -1132.9240385487872
improvementE1 : -1132.924035481354
improvementE1 : -1132.9167791902619
improvementE3 : -1132.9099671720953
improvementE3 : -1132.9099317205437
improvementE1 : -1132.8234772589217
improvementE2 : -1128.5246454723426
improvementE3 : -1128.5243317130132
improvementE2 : -1128.5241440464097
improvementE1 : -1128.522964649253
improvementE2 : -1128.2488540775107
improvementE2 : -1128.211765129371
improvementE1 : -1128.2103885285514
improvementE3 : -1128.2103326268243
improvementE3 : -1128.2098877802252
improvementE2 : -1128.2098865332946
improvementE1 : -1128.2028382883022
improvementE3 : -1128.200558618573
improvementE2 : -1128.1986616364675
improvementE1 : -1128.1986437729186
improvementE3 : -1127.7600781878514
improvementE3 : -1127.757206298935
improvementE1 : -1127.727369808427
improvementE2 : -1126.0635446323558
improvementE3 : -1125.3076786876904
improvementE2 : -1121.9922403351034
improvementE1 : -1121.9922380911867
improvementE2 : -1121.9922177072121
improvementE1 : -1121.9403354447825
improvementE3 : -1121.9400288520555
improvementE1 : -1121.8762854011375
improvementE1 : -1121.8762564259087
improvementE1 : -1121.8762499173959
improvementE3 : -1118.4955819987163
improvementE1 : -1118.4905270061051
improvementE3 : -1118.4902089670786
improvementE1 : -1118.3692050107807
improvementE2 : -1111.4480713872751
improvementE2 : -1111.4479794869035
improvementE2 : -1111.4469077724664
improvementE1 : -1111.4469021059745
improvementE1 : -1111.4467537180658
improvementE2 : -1110.9419126839598
improvementE2 : -1109.5319947966366
improvementE2 : -1109.5319924510904
improvementE3 : -1109.440842089733
improvementE1 : -1109.4394632569824
improvementE1 : -1109.4393713917918
improvementE3 : -1106.9857980339202
improvementE2 : -1106.9841091682313
improvementE3 : -1106.9831360121057
improvementE2 : -1106.9831249841673
improvementE2 : -1106.9831058447453
improvementE3 : -1106.9825053074294
improvementE1 : -1106.982451108473
improvementE2 : -1106.9824496929145
improvementE2 : -1106.85100247248
improvementE2 : -1106.8506970968465
improvementE3 : -1106.8504953204178
improvementE3 : -1106.850457386179
improvementE1 : -1106.8420213492195
improvementE3 : -1106.8276162154075
improvementE2 : -1106.0390485744038
improvementE1 : -1105.9651878677935
improvementE3 : -1105.9270584441226
improvementE2 : -1105.9138832420651
improvementE3 : -1105.9122147605965
improvementE2 : -1105.9122091773766
improvementE1 : -1105.9121474766996
improvementE2 : -1105.9121415395293
improvementE1 : -1105.9115732623134
improvementE1 : -1105.2235168428974
improvementE2 : -1105.2234836935363
improvementE2 : -1105.2234816051682
improvementE3 : -1105.2222465672955
improvementE1 : -1105.2222210514124
improvementE3 : -1105.1067146567314
improvementE1 : -1104.1185920411801
improvementE2 : -1099.6937364739656
improvementE3 : -1099.6355449679488
improvementE3 : -1098.430785585657
improvementE1 : -1098.3727096289615
improvementE1 : -1098.3724519255406
improvementE2 : -1098.3721075137512
improvementE3 : -1098.3721060717062
improvementE2 : -1098.3719110979425
improvementE1 : -1098.371046763315
improvementE2 : -1098.3710442365184
improvementE2 : -1098.3691575657763
improvementE3 : -1098.3629685184226
improvementE2 : -1087.0623849585663
improvementE2 : -1087.060632211911
improvementE1 : -1087.0601821741964
improvementE1 : -1087.059804729995
improvementE2 : -1087.0596721089366
improvementE3 : -1087.059604640221
improvementE3 : -1087.0595490112837
improvementE1 : -1087.0585400836758
improvementE2 : -1071.9524268542855
improvementE2 : -1071.95236762321
improvementE2 : -1071.9522742719412
improvementE3 : -1071.8142477267263
improvementE3 : -1071.7976733457785
improvementE2 : -1071.797520328616
improvementE3 : -1070.2496678429595
improvementE3 : -1070.1461937440868
improvementE1 : -1070.131469990698
improvementE3 : -1070.1314534042347
improvementE3 : -1070.0907157572628
improvementE3 : -1070.0904575919674
improvementE3 : -1070.0011723682205
improvementE2 : -1070.0011067039266
improvementE1 : -1070.0011029176908
improvementE2 : -1069.9961395839873
improvementE2 : -1069.996120177941
improvementE2 : -1069.9942787067903
improvementE2 : -1068.7592463406784
improvementE3 : -1068.048792865847
improvementE1 : -1068.0487486005445
improvementE1 : -1066.2436035530122
improvementE1 : -1066.243600777883
improvementE1 : -1066.243294503002
improvementE1 : -1066.1090107058974
improvementE2 : -1065.8401073693651
improvementE1 : -1065.840091675815
improvementE1 : -1065.8400573469282
improvementE3 : -1065.0383673968743
improvementE1 : -1065.0380099608724
improvementE1 : -1065.038005860797
improvementE3 : -1065.0378115828187
improvementE3 : -1065.0363427805842
improvementE3 : -1061.176716432626
improvementE3 : -1061.1732332595725
improvementE1 : -1061.173215224551
improvementE2 : -1061.1714804524106
improvementE2 : -1061.1714749642106
improvementE2 : -1061.1714566344308
improvementE2 : -1061.1714475954145
improvementE2 : -1061.1714360781773
improvementE3 : -1061.1711402580872
improvementE2 : -1061.170692452937
improvementE1 : -1061.1706823614554
improvementE3 : -1060.085916433189
improvementE3 : -1060.0828891559552
improvementE3 : -1055.7703920687518
improvementE1 : -1055.7703733338828
improvementE2 : -1055.4994479244797
improvementE2 : -1055.4987071272785
improvementE2 : -1055.4446780530607
improvementE3 : -1053.5405857314327
improvementE2 : -1053.5405733293233
improvementE3 : -1053.5346296361865
improvementE1 : -1053.5346038756616
improvementE1 : -1052.7803869361408
improvementE1 : -1052.779869156796
improvementE1 : -1052.779867844076
improvementE3 : -1052.7795767093878
improvementE3 : -1052.778866737646
improvementE3 : -1052.7371263141276
improvementE1 : -1052.7371138301326
improvementE3 : -1052.7251097724557
improvementE1 : -1052.7248688490192
improvementE3 : -1052.7248669390913
improvementE1 : -1051.472981997157
improvementE3 : -1051.472976481822
improvementE3 : -1051.4727651435726
improvementE3 : -1051.4725407033814
improvementE3 : -1051.472534230649
improvementE1 : -1051.4722545122554
improvementE2 : -1051.472211594659
improvementE1 : -1051.47162406505
improvementE3 : -1051.4577891175056
improvementE2 : -1051.4568573615736
improvementE2 : -1051.4566940369411
improvementE3 : -1051.4551080566007
improvementE1 : -1050.6950227575753
improvementE3 : -1032.6151362513503
improvementE1 : -1032.6146749885534
improvementE3 : -1032.614599023448
improvementE1 : -1032.6145356249356
improvementE3 : -1032.1058003758242
improvementE3 : -1032.1057739309188
improvementE3 : -1032.0745297751794
improvementE2 : -1032.0745235096938
improvementE3 : -1032.07446401095
improvementE3 : -1031.9994570538402
improvementE3 : -1031.9994457439418
improvementE2 : -1031.9994430905392
improvementE1 : -1031.7499601834052
improvementE1 : -1031.4522807926255
improvementE3 : -1031.4521487976342
improvementE2 : -1031.4520874140246
improvementE2 : -1031.4520844781314
improvementE2 : -1031.45207638457
improvementE2 : -1031.4520539868695
improvementE2 : -1031.4293784894955
improvementE2 : -1031.4293699665989
improvementE3 : -1031.4292693201003
improvementE3 : -1031.2210210392843
improvementE1 : -1031.220996928178
improvementE2 : -1031.220905675427
improvementE2 : -1031.2208804899758
improvementE3 : -1031.2207667439297
improvementE1 : -1031.1563266598696
improvementE3 : -1031.1549074132583
improvementE2 : -1030.983687661306
improvementE3 : -1030.9802337393942
improvementE2 : -1030.9802300214233
improvementE3 : -1030.9802164445152
improvementE2 : -1030.906656171563
improvementE1 : -1030.8560437442154
improvementE3 : -1030.8439824506504
improvementE2 : -1030.8439705120504
improvementE1 : -1030.8439312757741
improvementE1 : -1030.8424256835892
improvementE3 : -1030.8396469879494
improvementE3 : -1030.839644649713
improvementE3 : -1030.82707534798
improvementE1 : -1030.8264412516035
improvementE1 : -1030.826069027106
improvementE3 : -1025.9641527346714
improvementE1 : -1025.9641467988615
improvementE2 : -1025.9589271636387
improvementE2 : -1025.9589203156543
improvementE1 : -1025.9575478356621
improvementE2 : -1025.9567886884497
improvementE1 : -1025.9567774500372
improvementE1 : -1025.956399389564
improvementE2 : -1007.1730686864407
improvementE1 : -1007.1730655515063
improvementE1 : -1006.2327674658834
improvementE3 : -1006.2327402441917
improvementE2 : -1006.23273603068
improvementE2 : -1006.2327329952415
improvementE3 : -1004.9801952189437
improvementE2 : -1004.9799995785405
improvementE3 : -1004.979996957236
improvementE3 : -1004.9799660465295
improvementE2 : -1004.9681685215089
improvementE3 : -1004.9681646367321
improvementE2 : -1004.9665052035664
improvementE2 : -1004.9664871771234
improvementE1 : -1004.9664733167083
improvementE3 : -1003.6820516739084
improvementE2 : -1003.6808045090227
improvementE2 : -1003.6807920104757
improvementE3 : -1003.675227526337
improvementE1 : -1003.6741567567053
improvementE3 : -1003.6729477955918
improvementE2 : -991.8293577225431
improvementE3 : -991.8293243579101
improvementE2 : -991.8046075497932
improvementE3 : -991.8039920850321
improvementE1 : -991.802574514296
improvementE1 : -991.7933839662934
improvementE1 : -991.7932855446479
improvementE3 : -989.8629029488917
improvementE1 : -989.8628990140691
improvementE3 : -989.8626700910211
improvementE3 : -989.862302485051
improvementE2 : -989.8615348983889
improvementE3 : -989.854978170739
improvementE1 : -989.8549615625898
improvementE1 : -989.8549602475766
improvementE2 : -989.8520712423776
improvementE1 : -989.7965653186005
improvementE1 : -989.796547871788
improvementE3 : -987.7670460785214
improvementE1 : -987.7670421909343
improvementE2 : -918.3043178358349
improvementE1 : -918.3043025017447
improvementE1 : -918.3038391411076
improvementE2 : -918.3038260756897
improvementE3 : -918.3026757979167
improvementE3 : -918.277033860324
improvementE3 : -918.2763052697827
improvementE1 : -918.2762072265839
improvementE3 : -918.2762060351197
improvementE1 : -918.2760316141549
improvementE2 : -918.2760143052647
improvementE2 : -918.2760102472412
improvementE3 : -904.9652257216867
improvementE2 : -904.9648147249366
improvementE1 : -904.964048682457
improvementE1 : -903.0298912402511
improvementE3 : -900.3715811899856
improvementE1 : -900.3715768303836
improvementE1 : -900.3715745595624
improvementE3 : -900.3667314369895
improvementE2 : -900.0990268971002
improvementE3 : -900.0989630187827
improvementE1 : -889.9615437931775
improvementE3 : -889.9615327395611
improvementE3 : -889.9615261094254
improvementE1 : -889.9615250479569
improvementE2 : -889.9614781352442
improvementE3 : -889.9614663256999
improvementE1 : -889.961445871033
improvementE3 : -889.9610246227053
improvementE2 : -889.9610026756684
improvementE3 : -889.9606297407583
improvementE1 : -889.9597296070823
improvementE1 : -889.7979271373874
improvementE1 : -889.7967941893736
improvementE1 : -889.7967818923865
improvementE2 : -889.7964742446829
improvementE3 : -889.7897525273977
improvementE3 : -889.7897402591059
improvementE2 : -889.0503183804753
improvementE2 : -889.0059793423623
improvementE3 : -889.0059761821087
improvementE3 : -888.9966545694234
improvementE2 : -888.9953939445655
improvementE2 : -888.8666384228176
improvementE2 : -887.7478140925014
improvementE2 : -887.7478109748366
improvementE1 : -887.5362908831589
improvementE1 : -887.5362778852844
improvementE3 : -887.5362717786422
improvementE2 : -887.5351006603162
improvementE2 : -887.5349658561075
improvementE3 : -887.5348506894273
improvementE3 : -881.424729185988
improvementE2 : -881.4245696637928
improvementE3 : -881.4245684511002
improvementE1 : -881.4245233344499
improvementE1 : -881.3816729978729
improvementE3 : -881.3802637715135
improvementE3 : -881.3745919666164
improvementE1 : -881.3745892380612
improvementE3 : -881.374559427996
improvementE3 : -881.3744820628007
improvementE3 : -881.3744672837354
improvementE1 : -881.3744521516052
improvementE3 : -881.3744498572956
improvementE3 : -880.6366427115911
improvementE3 : -880.636637546553
improvementE1 : -880.6365056380422
improvementE2 : -880.6358039278275
improvementE2 : -880.6358028553357
improvementE3 : -880.6357996127208
improvementE3 : -880.6357451751402
improvementE3 : -880.6355252972505
improvementE3 : -880.6355106702651
improvementE3 : -879.3325102346206
improvementE1 : -879.3324385089365
improvementE1 : -879.3324373455866
improvementE3 : -879.2726560651505
improvementE2 : -879.2726531658532
improvementE1 : -879.2726388904694
improvementE2 : -879.2726313097147
improvementE3 : -879.2656395528372
improvementE3 : -879.2656331979322
improvementE2 : -879.2656211458344
improvementE2 : -879.2635467977576
improvementE1 : -879.2635212093817
improvementE1 : -879.263147385356
improvementE2 : -879.2631292548713
improvementE1 : -879.2627639393826
improvementE3 : -879.2627618703391
improvementE3 : -879.2627594737327
improvementE2 : -876.363838144832
improvementE2 : -876.3638249551981
improvementE2 : -876.3548865773162
improvementE2 : -876.3548755635522
improvementE1 : -876.3548741092003
improvementE2 : -876.2666484015169
improvementE3 : -876.2630333136738
improvementE3 : -876.2630181977765
improvementE3 : -876.2629262775855
improvementE3 : -876.2626452449955
improvementE1 : -876.2626419323792
improvementE2 : -876.2622825309685
improvementE2 : -876.2622652905395
improvementE2 : -876.262256544923
improvementE1 : -876.2601991634536
improvementE3 : -876.2497273308057
improvementE1 : -876.2497258604753
improvementE1 : -876.2497231125486
improvementE1 : -876.2497214386242
improvementE3 : -876.2497197830737
improvementE3 : -876.2497173115989
improvementE1 : -876.2497154987527
improvementE1 : -876.2497119720891
improvementE2 : -876.2497104746335
improvementE3 : -876.2496473883344
improvementE3 : -876.2486441838458
improvementE3 : -876.2486347319274
improvementE2 : -876.218356706467
improvementE1 : -876.2183547993425
improvementE2 : -876.1182753930069
improvementE1 : -876.0192156682537
improvementE3 : -876.0174785420678
improvementE3 : -875.6638481409051
improvementE3 : -874.4923843595872
improvementE3 : -874.4923095831699
improvementE3 : -874.4907233879276
improvementE3 : -874.4907202838123
improvementE2 : -874.4907184233991
improvementE3 : -874.4896644696022
improvementE1 : -874.489641810087
improvementE3 : -874.4896402230768
improvementE2 : -873.0872037920388
improvementE2 : -873.0867742257042
improvementE3 : -867.0395010098812
improvementE1 : -867.0393273650243
improvementE1 : -867.0164811112716
improvementE1 : -867.0077981869742
improvementE3 : -867.0077852822974
improvementE3 : -867.0069670937644
improvementE2 : -867.0069470993967
improvementE2 : -866.9778897008563
improvementE2 : -866.9778160439367
improvementE1 : -866.9653541729555
improvementE3 : -866.7231465490972
improvementE3 : -866.7231442205239
improvementE2 : -866.7218364527968
improvementE2 : -866.7218348583799
improvementE3 : -866.7163459467356
improvementE2 : -866.7132906557558
improvementE1 : -866.712423666344
improvementE3 : -863.8642462166459
improvementE1 : -863.864222440498
improvementE2 : -863.8637561100232
improvementE2 : -863.8637146388847
improvementE1 : -863.8637060849406
improvementE2 : -863.8635636859547
improvementE3 : -863.2658026265806
improvementE1 : -863.2556473514298
improvementE3 : -863.2518612222857
improvementE3 : -862.9038395185529
improvementE2 : -862.9035345948189
improvementE1 : -862.9012338552392
improvementE1 : -862.8981867704342
improvementE1 : -862.8981843295178
improvementE2 : -862.8981790345572
improvementE3 : -862.898173243403
improvementE3 : -862.8981626574441
improvementE2 : -862.8980334956943
improvementE1 : -862.8980037702171
improvementE3 : -862.7913500477309
improvementE2 : -862.5335172077005
improvementE3 : -862.0840358471969
improvementE1 : -862.0840234247033
improvementE3 : -862.0839013658068
improvementE3 : -862.0833163794784
improvementE1 : -862.083313720504
improvementE3 : -862.0832757503266
improvementE1 : -862.0799652770975
improvementE1 : -862.0017466881748
improvementE3 : -862.0012417275217
improvementE3 : -862.0011996955775
improvementE2 : -862.0011950841487
improvementE1 : -855.8562575669188
improvementE1 : -855.8506421054057
improvementE3 : -850.8307424063195
improvementE2 : -850.8307386582944
improvementE3 : -850.5134961982512
improvementE3 : -849.9458936728753
improvementE1 : -849.9458740012129
improvementE1 : -849.945845539228
improvementE1 : -849.5752528013502
improvementE3 : -847.988299218051
improvementE3 : -847.9882841047344
improvementE2 : -847.988280481012
improvementE3 : -847.9882782612482
improvementE1 : -847.9882550325522
improvementE3 : -847.9882438250397
improvementE2 : -847.9882055871423
improvementE1 : -847.9877675759963
improvementE2 : -847.9877654503879
improvementE2 : -847.1909145797698
improvementE2 : -847.1909125407674
improvementE2 : -847.1785257562342
improvementE3 : -847.1785120517453
improvementE3 : -845.542258001068
improvementE3 : -845.5365376261435
improvementE2 : -845.5365300605347
improvementE3 : -845.536474440016
improvementE1 : -845.5364728430989
improvementE3 : -843.8373759250389
improvementE2 : -843.8373485577607
improvementE1 : -843.6970533838777
improvementE2 : -843.6965114379747
improvementE2 : -843.6965018556988
improvementE1 : -843.6671268245344
improvementE3 : -843.6671257955467
improvementE2 : -841.8331519409676
improvementE3 : -841.8329560149341
improvementE2 : -840.7756753082198
improvementE3 : -840.7754107401693
improvementE2 : -840.7623110063676
improvementE3 : -840.7622940977898
improvementE3 : -840.7461320459214
improvementE3 : -840.7460864257513
improvementE1 : -840.7458028982478
improvementE3 : -840.7457768304611
improvementE3 : -840.745775508265
improvementE1 : -840.7457652733715
improvementE1 : -840.7455824765086
improvementE2 : -840.7455702740385
improvementE3 : -840.745544151802
improvementE3 : -840.745542374556
improvementE2 : -840.7455400632608
improvementE1 : -840.7454842344538
improvementE2 : -840.7439704977479
improvementE3 : -838.1593333303954
improvementE1 : -838.1586763464463
improvementE1 : -838.0233480608551
improvementE3 : -838.0233389272472
improvementE1 : -838.0233294647219
improvementE1 : -838.0233255865147
improvementE1 : -838.0233233900057
improvementE1 : -838.023321817898
improvementE2 : -838.0233206008721
improvementE1 : -835.8951646145324
improvementE1 : -835.8951616598604
improvementE2 : -835.8948380244501
improvementE1 : -835.8948366030977
improvementE3 : -835.8659475560441
improvementE3 : -830.8063563801119
improvementE3 : -830.8062952914122
improvementE3 : -830.6550500344831
improvementE3 : -830.654766645213
improvementE3 : -826.3738004627227
improvementE2 : -826.1651435790181
improvementE1 : -826.1510133469803
improvementE1 : -826.0128928311307
improvementE3 : -826.0128900356635
improvementE1 : -826.0128881206208
improvementE1 : -826.0010289724503
improvementE3 : -825.9938895633212
improvementE3 : -825.993158054675
improvementE2 : -825.9921288304
improvementE3 : -825.992126811121
improvementE1 : -825.9921246383823
improvementE2 : -825.5174707118092
improvementE2 : -825.5170896632764
improvementE2 : -825.5170804910781
improvementE3 : -825.5170208557654
improvementE3 : -823.1513613832703
improvementE2 : -823.1513431060519
improvementE3 : -819.3542178032678
improvementE3 : -819.3542073382612
improvementE1 : -819.1363825915132
improvementE3 : -819.1115943118488
improvementE3 : -819.1067489914055
improvementE1 : -818.8441745396069
improvementE2 : -818.84416647193
improvementE2 : -818.8441622060958
improvementE1 : -818.8441549939909
improvementE2 : -818.844140109512
improvementE3 : -818.844082265168
improvementE1 : -818.8438562313138
improvementE1 : -818.8438508428336
improvementE3 : -818.8438485783633
improvementE3 : -817.2008624305754
improvementE2 : -817.2008552399672
improvementE2 : -817.2008529616281
improvementE1 : -817.2008513106002
improvementE1 : -816.0576664183862
improvementE3 : -816.0574229578626
improvementE2 : -816.0567541102117
improvementE1 : -815.8035550732641
improvementE3 : -815.8035539298703
improvementE3 : -815.8035509958313
improvementE3 : -815.8035484851177
improvementE1 : -813.4407642555603
improvementE3 : -813.4407630282684
improvementE1 : -813.4300031490108
improvementE1 : -813.4300020852478
improvementE1 : -807.7440429493892
improvementE2 : -807.7438696296696
improvementE1 : -807.5543632071025
improvementE3 : -807.5543619400063
improvementE3 : -807.5543601952453
improvementE1 : -806.0019864251669
improvementE2 : -806.0019717632127
improvementE3 : -806.0019705930732
improvementE2 : -806.0019374967789
improvementE3 : -806.0019304623065
improvementE1 : -805.8753918246011
improvementE2 : -805.8752661737888
improvementE2 : -805.8752632582205
improvementE3 : -805.8750316392296
improvementE3 : -805.8715806614431
improvementE3 : -805.8712655680454
improvementE2 : -805.8708507595461
improvementE3 : -805.87084463981
improvementE1 : -805.8707787542904
improvementE2 : -805.8707761796028
improvementE1 : -805.8707346578302
improvementE1 : -805.8707321351706
improvementE2 : -805.8707307693196
improvementE3 : -805.8707204146211
improvementE2 : -805.8706902182287
improvementE3 : -805.8705674729897
improvementE3 : -805.8705662259143
improvementE2 : -805.8705648957371
improvementE1 : -805.8705370052511
improvementE2 : -805.8705322290618
improvementE3 : -805.870516071676
improvementE3 : -805.8704953324362
improvementE1 : -805.8704909664287
improvementE2 : -805.8703799019892
improvementE1 : -805.8703770069268
improvementE1 : -805.8640089858502
improvementE2 : -805.7009634466746
improvementE3 : -805.7003029074384
improvementE3 : -805.6997325486484
improvementE1 : -805.699725268357
improvementE3 : -805.6996720535792
improvementE3 : -805.6497102687125
improvementE3 : -805.6497026441922
improvementE1 : -805.649681332119
improvementE2 : -805.6411653018039
improvementE1 : -805.6411638046343
improvementE1 : -805.6401327106687
improvementE3 : -805.6400476988684
improvementE3 : -805.6260990367484
improvementE1 : -805.6260878246272
improvementE2 : -805.6258528240799
improvementE1 : -805.6258342197018
improvementE2 : -805.6252668964322
improvementE1 : -805.6252591685065
improvementE3 : -805.6252515497114
improvementE1 : -805.6252504020971
improvementE1 : -805.6237886804481
improvementE2 : -805.6237852887474
improvementE3 : -805.6237793749359
improvementE2 : -805.6223939974356
improvementE3 : -805.6189437779922
improvementE3 : -805.6188072332095
improvementE3 : -804.07041168238
improvementE2 : -804.0703740091578
improvementE2 : -804.0703127405316
improvementE2 : -804.0657095774102
improvementE1 : -804.0639926645403
improvementE2 : -804.0639895303469
improvementE2 : -804.0612122596704
improvementE3 : -803.7080081163399
improvementE1 : -803.7080036130333
improvementE3 : -803.7074061040668
improvementE1 : -803.6811401597087
improvementE2 : -803.681136999539
improvementE2 : -803.6811017004281
improvementE3 : -803.653411702344
improvementE3 : -803.6534081746104
improvementE1 : -803.6534057565369
improvementE3 : -803.6531553120708
improvementE3 : -803.6529227225147
improvementE1 : -803.6529167130975
improvementE1 : -803.6529115760571
improvementE1 : -802.6357566456427
improvementE3 : -802.6357517701026
improvementE1 : -802.6357497444624
improvementE3 : -800.4702553835863
improvementE2 : -800.4701975370385
improvementE3 : -799.1342265303009
improvementE3 : -799.1340066841171
improvementE1 : -799.1339688531715
improvementE1 : -799.133581354911
improvementE2 : -796.1951740249964
improvementE1 : -796.1951598987818
improvementE1 : -796.1942440962422
improvementE2 : -796.1942428541705
improvementE2 : -796.192538524615
improvementE1 : -796.0140877607446
improvementE1 : -796.0140865064938
improvementE2 : -795.8083635730268
improvementE3 : -795.8056996847135
improvementE3 : -795.8056644448964
improvementE1 : -795.8056378306043
improvementE3 : -795.8056301546976
improvementE1 : -795.7949093179782
improvementE2 : -795.7945376851147
improvementE3 : -795.7944435785047
improvementE2 : -795.7944259219694
improvementE1 : -795.7944247640523
improvementE3 : -795.7944177008299
improvementE2 : -795.7313568807017
improvementE3 : -791.2325603287345
improvementE1 : -791.2315062221015
improvementE2 : -791.2290755248613
improvementE3 : -791.2286880213553
improvementE1 : -791.228644812948
improvementE3 : -791.228643764785
improvementE3 : -791.228640490322
improvementE2 : -789.7634656281982
improvementE2 : -789.7622398297397
improvementE1 : -789.7622386058858
improvementE3 : -789.7619628089403
improvementE2 : -789.093887878383
improvementE3 : -789.0938767831605
improvementE3 : -789.093827692322
improvementE3 : -789.0938127437947
improvementE3 : -789.093499092705
improvementE3 : -789.0934738381252
improvementE3 : -789.0933374353177
improvementE3 : -789.0808029125276
improvementE2 : -789.080800895684
improvementE1 : -789.0798736137031
improvementE2 : -789.0798617860171
improvementE3 : -789.079262820521
improvementE2 : -789.0774725928484
improvementE2 : -789.0774701898315
improvementE1 : -789.0770310432624
improvementE3 : -787.5950575460487
improvementE3 : -787.5950555158443
improvementE1 : -787.5832438685545
improvementE1 : -787.5832425481434
improvementE2 : -787.5832414436017
improvementE3 : -787.5832402941619
improvementE1 : -787.5824517429247
improvementE3 : -787.5824505373436
improvementE3 : -787.5690311062267
improvementE3 : -787.5690041316121
improvementE3 : -787.5690006805472
improvementE2 : -787.5689995248238
improvementE3 : -787.5689948287006
improvementE1 : -787.5689606796506
logL = -9089.77497954023
Removing 0 markers
Second round
improvementE3 : -787.5689277430425
improvementE2 : -787.568273093936
improvementE2 : -787.5680941184487
improvementE3 : -787.5680588458243
improvementE3 : -787.566720913729
improvementE2 : -787.5667172381834
improvementE1 : -787.5666331822295
improvementE2 : -787.453331103804
improvementE3 : -787.4533221724923
improvementE3 : -787.4533157201026
improvementE3 : -785.5334800441767
improvementE1 : -785.5334456491543
improvementE1 : -785.533441917732
improvementE3 : -785.5334283570459
improvementE1 : -785.5333489054511
improvementE2 : -785.5333469002105
improvementE1 : -785.5332788858775
improvementE3 : -785.53324721978
improvementE2 : -785.5326566172456
improvementE2 : -785.5326450698149
improvementE3 : -785.5326032971789
improvementE1 : -785.5305250382255
improvementE2 : -785.5304908374686
improvementE2 : -785.5304892810749
improvementE1 : -785.5295624228288
improvementE2 : -785.5295613923405
improvementE2 : -785.5295589702087
improvementE2 : -785.5281988724271
improvementE3 : -785.5281498367717
improvementE3 : -785.5280801760073
improvementE3 : -785.5274856706852
improvementE3 : -785.5274321328558
improvementE2 : -785.5270501171453
improvementE3 : -784.3955239050453
improvementE3 : -784.3955200079039
improvementE1 : -781.7384030464439
improvementE3 : -781.7383195748763
improvementE3 : -781.6790365265995
improvementE3 : -781.6789613399162
improvementE3 : -781.6787655847393
improvementE3 : -781.6785348492448
improvementE2 : -781.6780698011871
improvementE1 : -781.6779712836335
improvementE2 : -781.6768167128228
improvementE2 : -781.662180256221
improvementE3 : -781.6620244873944
improvementE1 : -781.6620191819031
improvementE3 : -781.6619641075274
improvementE3 : -781.6617940264783
improvementE3 : -781.6502276078575
improvementE3 : -781.6502260442709
improvementE2 : -781.6502087889853
improvementE1 : -781.6501969068262
improvementE3 : -781.6501938011847
improvementE3 : -781.650192375568
improvementE3 : -781.6501875463238
improvementE3 : -781.6501809317211
improvementE3 : -781.649620953976
improvementE2 : -779.8139923396169
improvementE3 : -779.8136246415469
improvementE3 : -779.8136210534905
improvementE1 : -779.813619546394
improvementE2 : -779.8135657051661
improvementE3 : -779.8135583289904
improvementE3 : -779.8135569101529
improvementE3 : -779.8135557224626
improvementE1 : -779.8135542762174
improvementE2 : -779.7881133461166
improvementE1 : -779.7879597841235
improvementE3 : -779.7876610469892
improvementE3 : -779.7819735060395
improvementE2 : -779.781970506371
improvementE1 : -779.7819586017621
improvementE3 : -779.7714229755671
improvementE3 : -779.7714205991166
improvementE1 : -779.7714190823987
improvementE3 : -779.7714172541099
improvementE3 : -779.0646854400338
improvementE2 : -779.0646762647
improvementE1 : -779.0644511785254
improvementE2 : -779.0644444599706
improvementE3 : -779.0644063059864
improvementE1 : -779.0644051728386
improvementE1 : -776.9305538913607
improvementE2 : -776.9297836078334
improvementE3 : -776.9297068073304
improvementE2 : -776.9297050863034
improvementE2 : -776.929703509951
improvementE2 : -776.9052251454349
improvementE2 : -776.8990159719766
improvementE2 : -776.8989855051348
improvementE3 : -776.8913333615326
improvementE3 : -776.8905000608385
improvementE1 : -776.8904906149505
improvementE1 : -776.8904893362593
improvementE1 : -776.8901430079093
improvementE3 : -776.8901291634373
improvementE1 : -776.8901276231832
improvementE3 : -776.8900819418838
improvementE3 : -776.8900792519511
improvementE1 : -776.8900749651445
improvementE3 : -776.8900620746434
