0->0 : 0
0->1 : 0
0->2 : 0
       Error rate = 0.0
1->0 : 0
1->1 : 0
1->2 : 0
       Error rate = 0.0
2->0 : 0
2->1 : 0
2->2 : 0
       Error rate = 0.0
0,2->0,2 : 1181913
  0,2->1 : 0
1,2->1,2 : 0
  1,2->0 : 0
       Error rate = 0.0
Maternally informative markers = 0 (of 10219)
Paternally informative markers = 10219
Maternally or paternally informative markers = 10219
Removed 0 children
Removed 0 markers
Number of LGs = 45
***Family = fam_08 chromosome = 32 numMarkers = 132 maternal informative markers 0 (paternal informative markers 132)
***Family = fam_01 chromosome = 32 numMarkers = 132 maternal informative markers 0 (paternal informative markers 132)
***Family = fam_09 chromosome = 32 numMarkers = 132 maternal informative markers 0 (paternal informative markers 132)
132->110
110->110
All pairs
join 29 and 56 score = 0.0 sizes 1,1
join 26 and 29 score = 0.0 sizes 1,2
join 54 and 71 score = 0.0 sizes 1,1
join 3 and 10 score = 0.0 sizes 1,1
join 5 and 15 score = 0.0 sizes 1,1
join 57 and 82 score = 0.0 sizes 1,1
join 62 and 73 score = 0.0 sizes 1,1
join 14 and 16 score = 0.0 sizes 1,1
join 45 and 63 score = 0.0 sizes 1,1
join 93 and 94 score = 0.0 sizes 1,1
join 65 and 94 score = 0.0 sizes 1,2
join 53 and 93 score = 0.0 sizes 1,3
join 36 and 101 score = 0.0 sizes 1,1
join 90 and 106 score = 0.0 sizes 1,1
join 49 and 76 score = 0.0 sizes 1,1
join 16 and 102 score = 0.0 sizes 2,1
join 65 and 67 score = 0.0 sizes 4,1
join 63 and 67 score = 0.0 sizes 2,5
join 45 and 77 score = 0.0 sizes 7,1
join 0 and 61 score = 0.0 sizes 1,1
join 8 and 37 score = 0.0 sizes 1,1
join 15 and 91 score = 0.0 sizes 2,1
join 22 and 54 score = 0.0 sizes 1,2
join 77 and 86 score = 0.0 sizes 8,1
join 53 and 79 score = 0.0 sizes 9,1
join 0 and 101 score = 0.0 sizes 2,2
join 4 and 12 score = 0.0 sizes 1,1
join 4 and 21 score = 0.0 sizes 2,1
join 18 and 70 score = 0.0 sizes 1,1
join 10 and 57 score = 0.0 sizes 2,2
join 33 and 59 score = 0.0 sizes 1,1
join 33 and 66 score = 0.0 sizes 2,1
join 66 and 109 score = 0.0 sizes 3,1
join 13 and 37 score = 0.0 sizes 1,2
join 22 and 23 score = 0.0 sizes 3,1
join 17 and 44 score = 0.0 sizes 1,1
join 20 and 87 score = 0.0 sizes 1,1
join 26 and 84 score = 0.0 sizes 3,1
join 58 and 79 score = 0.0 sizes 1,10
join 20 and 50 score = 0.0 sizes 2,1
join 60 and 100 score = 0.0 sizes 1,1
join 28 and 91 score = 0.0 sizes 1,3
join 3 and 6 score = 0.0 sizes 4,1
join 14 and 109 score = 0.006134969325153374 sizes 3,4
join 72 and 76 score = 0.0 sizes 1,2
join 64 and 97 score = 0.006993006993006993 sizes 1,1
join 17 and 21 score = 0.005952380952380952 sizes 2,3
join 50 and 107 score = 0.0 sizes 3,1
join 68 and 97 score = 0.006329113924050633 sizes 1,2
join 36 and 62 score = 0.006097560975609756 sizes 4,2
join 24 and 75 score = 0.0 sizes 1,1
join 24 and 72 score = 0.005681818181818182 sizes 2,3
join 32 and 71 score = 0.0056179775280898875 sizes 1,4
join 11 and 39 score = 0.0 sizes 1,1
join 39 and 52 score = 0.006060606060606061 sizes 2,1
join 87 and 90 score = 0.006944444444444444 sizes 4,2
join 55 and 89 score = 0.006172839506172839 sizes 1,1
join 18 and 55 score = 0.006024096385542169 sizes 2,2
join 74 and 102 score = 0.006134969325153374 sizes 1,7
join 19 and 59 score = 0.006060606060606061 sizes 1,8
join 46 and 95 score = 0.0 sizes 1,1
join 11 and 46 score = 0.0 sizes 3,2
join 42 and 83 score = 0.006097560975609756 sizes 1,1
join 31 and 95 score = 0.0 sizes 1,5
join 42 and 52 score = 0.006097560975609756 sizes 2,6
join 35 and 107 score = 0.0 sizes 1,6
join 9 and 80 score = 0.00684931506849315 sizes 1,1
join 34 and 41 score = 0.0 sizes 1,1
join 44 and 104 score = 0.00625 sizes 5,1
join 30 and 81 score = 0.011764705882352941 sizes 1,1
join 30 and 68 score = 0.011834319526627219 sizes 2,3
join 1 and 83 score = 0.0 sizes 1,8
join 38 and 98 score = 0.0 sizes 1,1
join 82 and 96 score = 0.0 sizes 5,1
join 25 and 34 score = 0.0 sizes 1,2
join 70 and 100 score = 0.01910828025477707 sizes 4,2
join 89 and 96 score = 0.0 sizes 6,6
All pairs
join 7 and 56 score = 0.0 sizes 1,4
join 19 and 47 score = 0.012658227848101266 sizes 9,1
join 47 and 81 score = 0.012269938650306749 sizes 10,5
join 5 and 75 score = 0.01910828025477707 sizes 4,5
join 85 and 105 score = 0.025 sizes 1,1
join 8 and 60 score = 0.025974025974025976 sizes 3,12
join 12 and 73 score = 0.0196078431372549 sizes 6,6
join 74 and 85 score = 0.027777777777777776 sizes 15,2
join 69 and 105 score = 0.022058823529411766 sizes 1,17
join 7 and 80 score = 0.0 sizes 5,2
join 43 and 86 score = 0.03184713375796178 sizes 1,11
join 58 and 92 score = 0.031007751937984496 sizes 12,1
join 35 and 61 score = 0.02040816326530612 sizes 7,12
join 41 and 108 score = 0.03571428571428571 sizes 3,1
join 51 and 69 score = 0.04819277108433735 sizes 1,18
join 64 and 88 score = 0.043795620437956206 sizes 19,1
join 9 and 32 score = 0.033783783783783786 sizes 7,5
join 28 and 84 score = 0.04225352112676056 sizes 9,12
join 6 and 49 score = 0.03205128205128205 sizes 15,21
join 2 and 104 score = 0.039735099337748346 sizes 1,19
join 13 and 106 score = 0.03870967741935484 sizes 36,20
join 2 and 92 score = 0.0472972972972973 sizes 56,13
join 51 and 78 score = 0.04487179487179487 sizes 20,1
join 98 and 108 score = 0.06896551724137931 sizes 2,4
join 1 and 25 score = 0.034482758620689655 sizes 9,6
join 31 and 48 score = 0.06666666666666667 sizes 15,1
join 78 and 103 score = 0.06369426751592357 sizes 21,1
join 43 and 103 score = 0.0935672514619883 sizes 69,22
join 38 and 99 score = 0.07692307692307693 sizes 16,1
join 27 and 48 score = 0.06060606060606061 sizes 1,17
All pairs
join 40 and 99 score = 0.26666666666666666 sizes 1,18
join 23 and 40 score = 0.0 sizes 91,19
score = 1.533901497306065
improvementE3 : -573.9188204906651
improvementE1 : -573.9187900585622
improvementE2 : -573.9184773070601
improvementE1 : -572.319234208552
improvementE1 : -572.3166265225824
improvementE3 : -565.1911052215523
improvementE1 : -565.181108053846
improvementE1 : -565.1796566102978
improvementE1 : -565.158820585551
improvementE3 : -565.0037485427004
improvementE1 : -565.0010362914526
improvementE3 : -563.6709327118095
improvementE2 : -563.6631863339996
improvementE3 : -556.464649590568
improvementE3 : -556.117851840916
improvementE1 : -556.1137740404148
improvementE3 : -556.1137690249894
improvementE1 : -556.0880286602085
improvementE2 : -556.0488870916931
improvementE1 : -556.0484968094158
improvementE1 : -556.0483763542669
improvementE2 : -519.5911146606562
improvementE3 : -515.7039591379496
improvementE3 : -515.165328388586
improvementE3 : -515.1650418429351
improvementE2 : -515.1650388547955
improvementE1 : -515.0706010355311
improvementE1 : -515.0586388387507
improvementE3 : -514.0277470041547
improvementE1 : -514.0277141397319
improvementE2 : -514.0276951967982
improvementE3 : -514.0251376822251
improvementE1 : -512.5936270984457
improvementE1 : -511.21635456173107
improvementE3 : -511.21630334740814
improvementE3 : -511.21630178882555
improvementE1 : -511.21589179151863
improvementE1 : -511.2094546566958
improvementE1 : -510.2163034579051
improvementE3 : -509.47591954048994
improvementE1 : -509.47539455476135
improvementE3 : -509.47461203297206
improvementE1 : -509.47442048827895
improvementE3 : -509.4675886531233
improvementE3 : -509.2704975485532
improvementE1 : -509.2676655116083
improvementE3 : -509.26750071806094
improvementE2 : -507.99816703714754
improvementE2 : -507.9980753848526
improvementE1 : -507.87722768687087
improvementE2 : -503.44103079598244
improvementE3 : -503.419831768066
improvementE3 : -503.41744171217925
improvementE2 : -503.41743386940016
improvementE3 : -503.41705160294293
improvementE1 : -503.41704790776845
improvementE2 : -503.4169831079577
improvementE3 : -503.19992001322277
improvementE1 : -503.19714680320965
improvementE2 : -502.2104274055185
improvementE3 : -502.20985485297484
improvementE3 : -502.2083731994186
improvementE2 : -502.20616162469287
improvementE1 : -502.20551251287117
improvementE2 : -502.20547595106405
improvementE3 : -502.2019985994281
improvementE1 : -502.20194125720815
improvementE3 : -501.63679463196604
improvementE3 : -501.6118685053274
improvementE1 : -501.6110844973333
improvementE2 : -501.61056186771486
improvementE2 : -501.6083569927638
improvementE3 : -501.59813764515786
improvementE2 : -501.5981290300784
improvementE2 : -501.5034271258464
improvementE2 : -500.6690128306288
improvementE1 : -500.6680344923802
improvementE3 : -500.6675012482815
improvementE2 : -500.66749429430126
improvementE3 : -500.66748812297976
improvementE1 : -500.6674580927445
improvementE3 : -498.3787311271316
improvementE2 : -498.37822682285935
improvementE2 : -497.9703307697289
improvementE1 : -497.9703030859886
improvementE2 : -497.9681173662939
improvementE2 : -497.9681070898203
improvementE2 : -497.9648242506402
improvementE3 : -497.90457043180913
improvementE3 : -497.7926219956965
improvementE2 : -497.79219162727935
improvementE1 : -497.7910936805618
improvementE1 : -497.79081501480556
improvementE1 : -497.79079491071565
improvementE1 : -497.78744119718027
improvementE1 : -497.7874394439476
improvementE2 : -497.787436648026
improvementE3 : -497.52783969679047
improvementE2 : -497.5278317851456
improvementE3 : -497.52693795803333
improvementE1 : -496.9981719339091
improvementE1 : -496.99816149416995
improvementE1 : -496.9698378325682
improvementE2 : -496.9698248472949
improvementE3 : -496.96593367516806
improvementE3 : -496.9658811038663
improvementE1 : -496.96587566864525
improvementE1 : -496.96543433249855
improvementE2 : -494.6019966218571
improvementE3 : -494.6019913813833
improvementE3 : -494.59959595643477
improvementE3 : -494.59937804333623
improvementE2 : -494.5991404891652
improvementE1 : -494.5981588238564
improvementE2 : -494.59797111794086
improvementE3 : -494.59782470805675
improvementE3 : -493.73386366532344
improvementE3 : -493.71555308489025
improvementE2 : -493.71554546140015
improvementE2 : -492.86660895258717
improvementE3 : -492.85884975160104
improvementE2 : -492.8586727726993
improvementE1 : -492.6133789726576
improvementE3 : -492.5979037833602
improvementE1 : -492.5951876892957
improvementE1 : -492.59518018796325
improvementE1 : -491.920349895798
improvementE1 : -490.3606807748504
improvementE1 : -490.36067291278823
improvementE1 : -490.3606715754708
improvementE2 : -490.3606695222768
improvementE3 : -490.36066828200967
improvementE2 : -488.56307273811507
improvementE2 : -488.5529017891884
improvementE2 : -488.5411919214215
improvementE1 : -488.4083419024208
improvementE1 : -488.3993942079309
improvementE3 : -487.67481493059154
improvementE3 : -487.6747612082742
improvementE2 : -487.55829631809036
improvementE1 : -487.3501832888907
improvementE2 : -487.3501788937881
improvementE2 : -487.30736846726387
improvementE1 : -487.3073674322708
improvementE1 : -487.2720962488778
improvementE3 : -487.27028108251307
improvementE2 : -487.26085292849586
improvementE2 : -485.8058328006417
improvementE3 : -485.80582250482655
improvementE3 : -485.7954307568426
improvementE1 : -485.78842958067844
improvementE2 : -485.7867195931575
improvementE3 : -485.78663872656597
improvementE2 : -485.7864702593307
improvementE3 : -485.78646874316547
improvementE3 : -485.78646758148557
improvementE2 : -484.37493600387523
improvementE3 : -484.3746002834536
improvementE3 : -481.0613261095557
improvementE2 : -481.0613162851756
improvementE2 : -481.06131079124555
improvementE2 : -481.0575502360907
improvementE3 : -481.0575094289666
improvementE1 : -481.0575081251784
improvementE1 : -481.0544372887948
improvementE2 : -481.05370934235674
improvementE3 : -481.0536830839621
improvementE3 : -481.0536811077902
improvementE2 : -481.05367547085365
improvementE1 : -481.0536568683561
improvementE3 : -481.0518720436141
improvementE2 : -481.0515765989741
improvementE1 : -481.05140511297594
improvementE3 : -481.0504702732812
improvementE2 : -481.0499721450956
improvementE3 : -481.04993473752364
improvementE1 : -481.0499295869193
improvementE3 : -481.0497629186321
improvementE1 : -479.7210554663187
improvementE2 : -478.47095084509044
improvementE2 : -478.46982095074117
improvementE3 : -478.4692058779563
improvementE1 : -478.45321973129273
improvementE2 : -478.4414224238326
improvementE2 : -478.4285919628367
improvementE2 : -478.4283832661716
improvementE1 : -478.4281488141814
improvementE2 : -478.4278183305405
improvementE3 : -478.4278159232163
improvementE2 : -478.42781402709176
improvementE2 : -478.42690969006907
improvementE1 : -478.4268779017056
improvementE1 : -478.42686266277525
improvementE2 : -478.42685139458905
improvementE2 : -478.2943678251692
improvementE1 : -478.1665678990602
improvementE2 : -478.16251708879514
improvementE3 : -478.1624996658914
improvementE2 : -478.1620152103503
improvementE2 : -478.1614652871258
improvementE2 : -478.15961993649665
improvementE1 : -478.15961818052926
improvementE1 : -477.83475340935814
improvementE1 : -477.8345417280242
improvementE2 : -477.8341611127655
improvementE1 : -476.7714262501953
improvementE3 : -475.7408980961279
improvementE1 : -475.7407694256818
improvementE3 : -475.74030147404494
improvementE1 : -475.73973601446795
improvementE1 : -475.7395911513655
improvementE3 : -472.83750704907857
improvementE3 : -472.83750456958205
improvementE2 : -472.83733249390957
improvementE1 : -472.8372987162651
improvementE3 : -472.3078486192879
improvementE1 : -472.3077955645124
improvementE2 : -472.3077634500192
improvementE1 : -472.3077550852929
improvementE3 : -472.3077224528518
improvementE2 : -472.30772108684727
improvementE3 : -472.2955405318242
improvementE3 : -472.2955382347699
improvementE1 : -472.29508374716215
improvementE1 : -472.2001807496908
improvementE3 : -472.2001635902193
improvementE2 : -472.1997024869805
improvementE3 : -472.1985113569722
improvementE1 : -472.1984398500306
improvementE3 : -472.0213006335866
improvementE1 : -472.0212988838511
improvementE3 : -471.8532015954427
improvementE3 : -471.8531964889288
improvementE2 : -471.85314817218466
improvementE1 : -471.85312058638556
improvementE3 : -471.64322618618996
improvementE1 : -471.6431905431271
improvementE3 : -471.64317504559926
improvementE2 : -471.6431622724857
improvementE2 : -471.6430913251812
improvementE2 : -471.6430777582433
improvementE3 : -471.639721347583
improvementE1 : -471.63896626864283
improvementE2 : -471.6380753575912
improvementE1 : -471.6380739798183
improvementE2 : -471.0688190920151
improvementE1 : -471.06850795681254
improvementE1 : -470.7076609059263
improvementE3 : -470.1019662083182
improvementE3 : -470.10092550570437
improvementE3 : -470.0771376035085
improvementE1 : -470.077128791282
improvementE1 : -469.6150991165648
improvementE2 : -469.61509568181884
improvementE2 : -467.84272613464174
improvementE3 : -467.8427184204399
improvementE1 : -467.8427161835445
improvementE1 : -466.80176340412254
improvementE3 : -466.80175181835426
improvementE3 : -466.80168585225647
improvementE2 : -466.5381619504472
improvementE3 : -466.5359604099523
improvementE1 : -466.53509141706166
improvementE2 : -466.53506334165434
improvementE3 : -466.52798158602263
improvementE3 : -466.5279695588175
improvementE2 : -466.5279676456028
improvementE1 : -465.994793285289
improvementE1 : -465.994593806741
improvementE1 : -465.46060696585096
improvementE1 : -465.460599279089
improvementE3 : -463.4097166274638
improvementE1 : -463.4097155689139
improvementE1 : -463.40456671180607
improvementE1 : -463.39708784536174
improvementE1 : -463.3970857962351
improvementE3 : -463.39705780201234
improvementE2 : -463.39119661046635
improvementE3 : -463.3911765899041
improvementE3 : -463.3911549534714
improvementE3 : -463.391139458281
improvementE2 : -463.3909056240963
improvementE1 : -463.3905985647983
improvementE2 : -463.39059218285536
improvementE3 : -462.1189655901786
improvementE3 : -462.118921089682
improvementE3 : -462.11889420554644
improvementE1 : -462.11885084494924
improvementE2 : -462.11884800599466
improvementE2 : -462.11883300716295
improvementE2 : -462.1188078948831
improvementE3 : -462.11876927359697
improvementE3 : -462.1187295920417
improvementE3 : -462.11872673664584
improvementE1 : -462.1185353299091
improvementE1 : -462.1171639159906
improvementE3 : -462.1171276021438
improvementE1 : -462.1171237223474
improvementE2 : -460.58903259254447
improvementE1 : -460.58902706270317
improvementE3 : -460.58902423557157
improvementE3 : -460.5890212726286
logL = -2214.9910480804706
Removing 0 markers
Second round
improvementE2 : -460.58897017658774
improvementE2 : -458.95584436716996
improvementE2 : -458.95583888052903
improvementE2 : -458.95583445000733
improvementE2 : -458.95348280007426
improvementE3 : -458.9534753846933
improvementE2 : -458.95346556454274
improvementE1 : -458.9514520501251
improvementE2 : -458.9494497739221
improvementE1 : -458.6614648176735
improvementE3 : -458.6614526344096
improvementE2 : -458.66144908423445
improvementE2 : -458.661421033742
improvementE1 : -458.6614166876762
improvementE1 : -458.64703461525943
improvementE2 : -458.6470318005524
improvementE3 : -458.64702436557815
improvementE1 : -458.64699255271626
improvementE2 : -458.63927024247954
improvementE2 : -458.63925754543806
improvementE2 : -458.63925512367194
improvementE3 : -458.6336138960197
improvementE3 : -458.6331066815517
improvementE3 : -458.6331044023593
improvementE3 : -458.63309621325055
improvementE3 : -457.99216787963036
improvementE2 : -457.95276863961465
improvementE1 : -457.95276640870753
improvementE3 : -457.95274230244814
improvementE1 : -457.9527411861176
improvementE3 : -457.95273857498444
improvementE3 : -457.95273475860756
improvementE1 : -457.9527336873713
improvementE2 : -457.952728163619
