0->0 : 0
0->1 : 0
0->2 : 0
       Error rate = 0.0
1->0 : 0
1->1 : 0
1->2 : 0
       Error rate = 0.0
2->0 : 0
2->1 : 0
2->2 : 0
       Error rate = 0.0
0,2->0,2 : 1181913
  0,2->1 : 0
1,2->1,2 : 0
  1,2->0 : 0
       Error rate = 0.0
Maternally informative markers = 0 (of 10219)
Paternally informative markers = 10219
Maternally or paternally informative markers = 10219
Removed 0 children
Removed 0 markers
Number of LGs = 45
***Family = fam_08 chromosome = 6 numMarkers = 308 maternal informative markers 0 (paternal informative markers 308)
***Family = fam_01 chromosome = 6 numMarkers = 308 maternal informative markers 0 (paternal informative markers 308)
***Family = fam_09 chromosome = 6 numMarkers = 308 maternal informative markers 0 (paternal informative markers 308)
308->282
282->282
All pairs
join 163 and 280 score = 0.0 sizes 1,1
join 102 and 127 score = 0.0 sizes 1,1
join 163 and 240 score = 0.0 sizes 2,1
join 87 and 203 score = 0.0 sizes 1,1
join 239 and 277 score = 0.0 sizes 1,1
join 213 and 239 score = 0.0 sizes 1,2
join 57 and 69 score = 0.0 sizes 1,1
join 69 and 166 score = 0.0 sizes 2,1
join 127 and 261 score = 0.0 sizes 2,1
join 14 and 160 score = 0.0 sizes 1,1
join 138 and 264 score = 0.0 sizes 1,1
join 121 and 241 score = 0.0 sizes 1,1
join 92 and 245 score = 0.0 sizes 1,1
join 60 and 245 score = 0.0 sizes 1,2
join 60 and 155 score = 0.0 sizes 3,1
join 37 and 151 score = 0.0 sizes 1,1
join 165 and 244 score = 0.0 sizes 1,1
join 103 and 165 score = 0.0 sizes 1,2
join 92 and 269 score = 0.0 sizes 4,1
join 109 and 155 score = 0.0 sizes 1,5
join 109 and 151 score = 0.0 sizes 6,2
join 57 and 269 score = 0.0 sizes 3,8
join 37 and 203 score = 0.0 sizes 11,2
join 218 and 228 score = 0.0 sizes 1,1
join 143 and 248 score = 0.0 sizes 1,1
join 21 and 184 score = 0.0 sizes 1,1
join 184 and 265 score = 0.0 sizes 2,1
join 33 and 215 score = 0.0 sizes 1,1
join 138 and 159 score = 0.0 sizes 2,1
join 200 and 261 score = 0.0 sizes 1,3
join 23 and 111 score = 0.0 sizes 1,1
join 2 and 277 score = 0.0 sizes 1,3
join 213 and 263 score = 0.0 sizes 4,1
join 41 and 217 score = 0.0 sizes 1,1
join 217 and 264 score = 0.0 sizes 2,3
join 51 and 226 score = 0.0 sizes 1,1
join 51 and 87 score = 0.0 sizes 2,13
join 65 and 178 score = 0.0 sizes 1,1
join 73 and 218 score = 0.0 sizes 1,2
join 27 and 214 score = 0.0 sizes 1,1
join 106 and 201 score = 0.0 sizes 1,1
join 143 and 201 score = 0.0 sizes 2,2
join 45 and 93 score = 0.0 sizes 1,1
join 45 and 272 score = 0.0 sizes 2,1
join 10 and 158 score = 0.0 sizes 1,1
join 104 and 158 score = 0.0 sizes 1,2
join 23 and 104 score = 0.0 sizes 2,3
join 10 and 226 score = 0.0 sizes 5,15
join 122 and 194 score = 0.0 sizes 1,1
join 175 and 188 score = 0.0 sizes 1,1
join 48 and 266 score = 0.0 sizes 1,1
join 67 and 85 score = 0.0 sizes 1,1
join 67 and 260 score = 0.0 sizes 2,1
join 114 and 260 score = 0.0 sizes 1,3
join 114 and 273 score = 0.0 sizes 4,1
join 154 and 275 score = 0.0 sizes 1,1
join 194 and 227 score = 0.0 sizes 2,1
join 106 and 240 score = 0.0 sizes 4,3
join 59 and 257 score = 0.0 sizes 1,1
join 36 and 244 score = 0.0 sizes 1,3
join 65 and 117 score = 0.0 sizes 2,1
join 98 and 117 score = 0.0 sizes 1,3
join 11 and 71 score = 0.0 sizes 1,1
join 107 and 139 score = 0.0 sizes 1,1
join 190 and 232 score = 0.0 sizes 1,1
join 27 and 190 score = 0.0 sizes 2,2
join 44 and 232 score = 0.0 sizes 1,4
join 0 and 24 score = 0.0 sizes 1,1
join 0 and 249 score = 0.0 sizes 2,1
join 9 and 249 score = 0.0 sizes 1,3
join 9 and 91 score = 0.0 sizes 4,1
join 91 and 267 score = 0.0 sizes 5,1
join 46 and 88 score = 0.0 sizes 1,1
join 139 and 230 score = 0.0 sizes 2,1
join 215 and 263 score = 0.0 sizes 2,5
join 46 and 110 score = 0.0 sizes 2,1
join 88 and 175 score = 0.0 sizes 3,2
join 164 and 188 score = 0.0 sizes 1,5
join 31 and 164 score = 0.0 sizes 1,6
join 12 and 31 score = 0.0 sizes 1,7
join 110 and 253 score = 0.0 sizes 8,1
join 35 and 205 score = 0.0 sizes 1,1
join 35 and 233 score = 0.0 sizes 2,1
join 172 and 205 score = 0.0 sizes 1,3
join 161 and 233 score = 0.0 sizes 1,4
join 8 and 90 score = 0.0 sizes 1,1
join 90 and 246 score = 0.0 sizes 2,1
join 8 and 131 score = 0.0 sizes 3,1
join 34 and 131 score = 0.0 sizes 1,4
join 34 and 207 score = 0.0 sizes 5,1
join 33 and 62 score = 0.0 sizes 7,1
join 2 and 223 score = 0.0 sizes 8,1
join 84 and 278 score = 0.0 sizes 1,1
join 26 and 98 score = 0.0 sizes 1,4
join 73 and 93 score = 0.0 sizes 3,3
join 228 and 271 score = 0.0 sizes 6,1
join 209 and 216 score = 0.0 sizes 1,1
join 216 and 259 score = 0.0 sizes 2,1
join 209 and 257 score = 0.0 sizes 3,2
join 16 and 19 score = 0.0 sizes 1,1
join 16 and 76 score = 0.0 sizes 2,1
join 152 and 275 score = 0.0 sizes 1,2
join 78 and 161 score = 0.0 sizes 1,5
join 78 and 157 score = 0.0 sizes 6,1
join 7 and 172 score = 0.0 sizes 1,7
join 50 and 136 score = 0.0 sizes 1,1
join 82 and 136 score = 0.0 sizes 1,2
join 56 and 246 score = 0.0 sizes 1,6
join 214 and 273 score = 0.0 sizes 5,5
join 53 and 96 score = 0.0 sizes 1,1
join 111 and 191 score = 0.0 sizes 20,1
join 54 and 166 score = 0.0 sizes 1,21
join 276 and 278 score = 0.0 sizes 1,2
join 99 and 266 score = 0.0 sizes 1,2
join 36 and 99 score = 0.0 sizes 4,3
join 48 and 255 score = 0.0 sizes 7,1
join 182 and 267 score = 0.0 sizes 1,6
join 24 and 112 score = 0.0 sizes 7,1
join 112 and 197 score = 0.0 sizes 8,1
join 182 and 235 score = 0.0 sizes 9,1
join 86 and 152 score = 0.0 sizes 1,3
join 134 and 196 score = 0.0 sizes 1,1
join 44 and 105 score = 0.0 sizes 10,1
join 144 and 200 score = 0.0 sizes 1,4
join 169 and 170 score = 0.0 sizes 1,1
join 118 and 169 score = 0.0 sizes 1,2
join 28 and 118 score = 0.0 sizes 1,3
join 140 and 248 score = 0.0 sizes 1,7
join 75 and 150 score = 0.0 sizes 1,1
join 95 and 150 score = 0.0 sizes 1,2
join 59 and 211 score = 0.0 sizes 5,1
join 122 and 183 score = 0.0 sizes 3,1
join 89 and 191 score = 0.0 sizes 1,22
join 29 and 196 score = 0.0 sizes 1,2
join 116 and 171 score = 0.0 sizes 1,1
join 101 and 171 score = 0.0 sizes 1,2
join 66 and 116 score = 0.0 sizes 1,3
join 68 and 186 score = 0.0 sizes 1,1
join 186 and 195 score = 0.0 sizes 2,1
join 162 and 198 score = 0.0 sizes 1,1
join 30 and 108 score = 0.0 sizes 1,1
join 30 and 238 score = 0.0 sizes 2,1
join 15 and 236 score = 0.0 sizes 1,1
join 185 and 265 score = 0.0 sizes 1,3
join 4 and 15 score = 0.0 sizes 1,2
join 247 and 270 score = 0.0 sizes 1,1
join 157 and 192 score = 0.006493506493506494 sizes 8,1
join 7 and 119 score = 0.0 sizes 9,1
join 14 and 124 score = 0.0 sizes 2,1
join 225 and 243 score = 0.0 sizes 1,1
join 212 and 256 score = 0.0 sizes 1,1
join 100 and 256 score = 0.0 sizes 1,2
join 6 and 76 score = 0.0 sizes 1,3
join 230 and 247 score = 0.0 sizes 3,2
join 107 and 208 score = 0.0 sizes 5,1
join 70 and 81 score = 0.0 sizes 1,1
join 70 and 83 score = 0.0 sizes 2,1
join 55 and 79 score = 0.0 sizes 1,1
join 79 and 250 score = 0.0 sizes 2,1
join 11 and 75 score = 0.0 sizes 2,3
join 22 and 38 score = 0.0 sizes 1,1
join 53 and 231 score = 0.005235602094240838 sizes 2,1
join 20 and 89 score = 0.0 sizes 1,23
join 125 and 212 score = 0.0 sizes 1,3
join 125 and 250 score = 0.0 sizes 4,3
join 100 and 274 score = 0.0 sizes 7,1
join 3 and 123 score = 0.0 sizes 1,1
join 20 and 38 score = 0.0 sizes 24,2
join 74 and 208 score = 0.006134969325153374 sizes 1,6
join 26 and 197 score = 0.006756756756756757 sizes 5,10
All pairs
join 97 and 254 score = 0.0 sizes 1,1
join 19 and 84 score = 0.005494505494505495 sizes 4,3
join 243 and 279 score = 0.0 sizes 2,1
join 4 and 237 score = 0.0 sizes 3,1
join 135 and 270 score = 0.0 sizes 1,7
join 47 and 237 score = 0.0 sizes 1,4
join 72 and 103 score = 0.0 sizes 1,8
join 3 and 173 score = 0.0 sizes 2,1
join 80 and 81 score = 0.0 sizes 1,3
join 168 and 170 score = 0.007751937984496124 sizes 1,4
join 126 and 255 score = 0.005376344086021506 sizes 1,9
join 72 and 242 score = 0.0 sizes 10,1
join 207 and 224 score = 0.0 sizes 7,1
join 162 and 183 score = 0.012048192771084338 sizes 2,4
join 198 and 268 score = 0.0055248618784530384 sizes 6,1
join 173 and 204 score = 0.0 sizes 3,1
join 49 and 135 score = 0.0 sizes 1,8
join 144 and 251 score = 0.0 sizes 5,1
join 13 and 148 score = 0.0 sizes 1,1
join 115 and 141 score = 0.005154639175257732 sizes 1,1
join 13 and 115 score = 0.0 sizes 2,2
join 148 and 221 score = 0.0 sizes 4,1
join 18 and 262 score = 0.0 sizes 1,1
join 189 and 192 score = 0.0 sizes 1,10
join 32 and 242 score = 0.0 sizes 1,11
join 97 and 126 score = 0.0 sizes 2,12
join 18 and 280 score = 0.0 sizes 2,8
join 185 and 252 score = 0.0 sizes 4,1
join 12 and 124 score = 0.012987012987012988 sizes 9,3
join 121 and 281 score = 0.0 sizes 2,1
join 71 and 281 score = 0.0 sizes 5,3
join 113 and 241 score = 0.0 sizes 1,8
join 105 and 113 score = 0.0 sizes 11,9
join 222 and 234 score = 0.0 sizes 1,1
join 181 and 222 score = 0.0 sizes 1,2
join 17 and 28 score = 0.0 sizes 1,5
join 5 and 145 score = 0.0 sizes 1,1
join 47 and 145 score = 0.0 sizes 5,2
join 120 and 146 score = 0.00625 sizes 1,1
join 219 and 234 score = 0.0 sizes 1,3
join 167 and 219 score = 0.0 sizes 1,4
join 32 and 83 score = 0.0 sizes 14,4
join 17 and 86 score = 0.0 sizes 6,4
join 129 and 153 score = 0.0 sizes 1,1
join 129 and 159 score = 0.0 sizes 2,5
join 41 and 74 score = 0.012269938650306749 sizes 7,9
join 49 and 268 score = 0.0 sizes 16,7
join 142 and 187 score = 0.0 sizes 1,1
join 187 and 229 score = 0.0 sizes 2,1
join 130 and 229 score = 0.0 sizes 1,3
join 177 and 220 score = 0.0 sizes 1,1
join 94 and 259 score = 0.014492753623188406 sizes 1,6
join 96 and 101 score = 0.006369426751592357 sizes 3,4
join 133 and 225 score = 0.0 sizes 1,3
join 42 and 133 score = 0.0 sizes 1,4
join 42 and 274 score = 0.0 sizes 5,8
join 5 and 279 score = 0.0 sizes 7,13
join 43 and 204 score = 0.0 sizes 1,4
join 50 and 149 score = 0.0 sizes 3,1
join 54 and 56 score = 0.012903225806451613 sizes 26,8
join 189 and 224 score = 0.0 sizes 11,34
join 62 and 102 score = 0.019230769230769232 sizes 9,6
join 123 and 134 score = 0.0 sizes 5,3
join 1 and 235 score = 0.0 sizes 1,15
join 1 and 176 score = 0.0 sizes 16,1
join 52 and 137 score = 0.0 sizes 1,1
join 6 and 140 score = 0.015544041450777202 sizes 7,10
join 58 and 262 score = 0.0 sizes 1,17
join 120 and 147 score = 0.018072289156626505 sizes 2,1
join 141 and 236 score = 0.01818181818181818 sizes 5,20
join 149 and 221 score = 0.0 sizes 4,25
join 181 and 210 score = 0.0 sizes 5,1
join 61 and 254 score = 0.020833333333333332 sizes 1,18
join 146 and 180 score = 0.018518518518518517 sizes 3,1
join 40 and 130 score = 0.0 sizes 1,4
join 40 and 258 score = 0.0 sizes 5,1
join 22 and 258 score = 0.0 sizes 45,6
join 55 and 176 score = 0.0 sizes 29,17
join 61 and 253 score = 0.0 sizes 19,12
join 160 and 220 score = 0.0 sizes 31,2
join 52 and 153 score = 0.0 sizes 2,23
join 63 and 85 score = 0.012422360248447204 sizes 1,20
join 94 and 95 score = 0.022058823529411766 sizes 7,21
join 63 and 199 score = 0.0 sizes 28,1
join 178 and 179 score = 0.03184713375796178 sizes 46,1
join 108 and 147 score = 0.03067484662576687 sizes 3,4
join 82 and 271 score = 0.03289473684210526 sizes 47,7
join 29 and 211 score = 0.03787878787878788 sizes 8,29
join 137 and 174 score = 0.041666666666666664 sizes 25,1
join 132 and 231 score = 0.0 sizes 1,7
join 128 and 252 score = 0.034482758620689655 sizes 1,5
join 223 and 276 score = 0.04895104895104895 sizes 15,18
join 64 and 174 score = 0.0 sizes 1,26
join 39 and 177 score = 0.037037037037037035 sizes 1,33
join 80 and 180 score = 0.05660377358490566 sizes 34,7
join 58 and 210 score = 0.03333333333333333 sizes 33,6
join 199 and 227 score = 0.034482758620689655 sizes 37,27
All pairs
join 132 and 195 score = 0.07692307692307693 sizes 8,3
join 21 and 272 score = 0.07784431137724551 sizes 6,54
join 156 and 193 score = 0.06666666666666667 sizes 1,1
join 39 and 202 score = 0.06896551724137931 sizes 41,1
join 64 and 142 score = 0.11538461538461539 sizes 64,51
join 238 and 251 score = 0.12025316455696203 sizes 42,39
join 128 and 156 score = 0.07142857142857142 sizes 60,2
join 66 and 168 score = 0.1504424778761062 sizes 11,10
join 25 and 167 score = 0.20689655172413793 sizes 1,81
join 25 and 43 score = 0.26666666666666666 sizes 82,115
join 119 and 154 score = 0.22448979591836735 sizes 197,21
join 193 and 202 score = 0.0 sizes 62,218
join 179 and 206 score = 0.28846153846153844 sizes 280,1
join 68 and 77 score = 0.0 sizes 281,1
score = 2.430381463672056
improvementE1 : -1006.7028761507097
improvementE2 : -1006.6479993055325
improvementE3 : -1006.6478846014015
improvementE1 : -1006.6476416153465
improvementE1 : -1000.7099485483058
improvementE1 : -1000.7027632546384
improvementE1 : -1000.6647810459135
improvementE2 : -1000.602827880635
improvementE2 : -1000.5563213673785
improvementE2 : -1000.5563065799407
improvementE3 : -998.6349904176591
improvementE2 : -998.5966027964
improvementE1 : -998.5965882688478
improvementE3 : -998.5914148605247
improvementE1 : -998.5672518493323
improvementE1 : -998.5398363218716
improvementE2 : -998.5390802938848
improvementE3 : -998.5388554404503
improvementE1 : -998.4283887947798
improvementE3 : -998.39341294855
improvementE3 : -998.3893149299835
improvementE3 : -997.3509764663766
improvementE1 : -997.3478720758153
improvementE2 : -997.3478707194131
improvementE2 : -990.8714712849596
improvementE2 : -990.8708872223909
improvementE3 : -988.9745578026891
improvementE2 : -988.965112417171
improvementE1 : -988.8601133934499
improvementE2 : -988.4328768334199
improvementE3 : -988.432860968272
improvementE3 : -987.113170444464
improvementE3 : -985.5518678186347
improvementE1 : -985.4533457749977
improvementE3 : -984.3042799499856
improvementE3 : -984.3037049078741
improvementE3 : -984.3032931884379
improvementE2 : -966.4402241644075
improvementE1 : -966.4394743216619
improvementE2 : -966.4377570169655
improvementE1 : -966.4377558214914
improvementE3 : -964.8406829480782
improvementE1 : -964.8367313659313
improvementE1 : -964.7032842575022
improvementE3 : -964.7031553995483
improvementE2 : -964.7031520593055
improvementE1 : -964.69754884156
improvementE3 : -964.6962213974575
improvementE3 : -964.6935273197527
improvementE2 : -964.6407565842732
improvementE3 : -964.640644235583
improvementE3 : -964.6084852333961
improvementE1 : -964.6084786138808
improvementE1 : -964.6084653349927
improvementE1 : -964.5200640065476
improvementE3 : -964.5200545191084
improvementE3 : -964.5199498176614
improvementE1 : -964.5199481358529
improvementE2 : -964.5199471213626
improvementE1 : -964.4493828586749
improvementE2 : -964.4491107521892
improvementE1 : -964.448245278727
improvementE2 : -963.0676523222371
improvementE1 : -963.0676042189656
improvementE3 : -962.8860072168388
improvementE2 : -962.7000551130214
improvementE1 : -962.5862494657873
improvementE2 : -962.5826655173822
improvementE1 : -962.5818847981643
improvementE1 : -958.6920208022977
improvementE1 : -958.6919940183263
improvementE3 : -957.9562878652495
improvementE3 : -957.956285486932
improvementE3 : -957.8236256046808
improvementE1 : -957.7626095718887
improvementE3 : -957.7626077032298
improvementE2 : -957.7112711281814
improvementE3 : -957.711263353128
improvementE3 : -955.0347633323732
improvementE1 : -955.0266846905292
improvementE3 : -955.016805582315
improvementE1 : -955.0163688124609
improvementE3 : -955.0160822135712
improvementE3 : -955.0160518307877
improvementE3 : -955.0159208702487
improvementE3 : -955.014933555377
improvementE1 : -955.0148477702121
improvementE2 : -955.0143578382945
improvementE1 : -954.9994289527517
improvementE1 : -954.9796911988984
improvementE2 : -954.9796519836574
improvementE3 : -954.9793424222981
improvementE2 : -954.9793329845105
improvementE2 : -954.9793043490243
improvementE2 : -951.1153378764184
improvementE3 : -950.6498621619984
improvementE2 : -950.5501147371037
improvementE3 : -941.5104655259605
improvementE3 : -941.422592614915
improvementE1 : -941.4219255269957
improvementE3 : -941.4172876290323
improvementE3 : -941.4158107568084
improvementE3 : -940.8898953793565
improvementE3 : -940.8896283046656
improvementE1 : -940.8895381141251
improvementE3 : -940.889501334643
improvementE3 : -940.8891176927546
improvementE1 : -940.8890235109827
improvementE3 : -940.8358258001142
improvementE3 : -940.8358226740595
improvementE2 : -939.617400083623
improvementE3 : -939.6125845004641
improvementE3 : -939.6125797712069
improvementE1 : -939.6125707683838
improvementE1 : -939.6004516039519
improvementE2 : -939.6003986916726
improvementE2 : -939.59670533134
improvementE2 : -939.5966101215778
improvementE2 : -937.592237310367
improvementE3 : -937.5765203472512
improvementE3 : -937.5763341402715
improvementE1 : -937.5599985978472
improvementE3 : -930.8455315745794
improvementE3 : -930.6985005534905
improvementE1 : -930.6953547571073
improvementE1 : -930.694774920065
improvementE1 : -930.6929942001522
improvementE3 : -930.6878471994938
improvementE2 : -930.687844224015
improvementE1 : -930.6850134751098
improvementE2 : -930.6849844158343
improvementE1 : -930.6835717423935
improvementE1 : -930.6828003421983
improvementE3 : -929.8226109447339
improvementE3 : -929.8226063156873
improvementE2 : -929.8131898658227
improvementE1 : -929.8131881035983
improvementE3 : -929.8131748937521
improvementE1 : -929.7718946508237
improvementE2 : -929.7428813038329
improvementE3 : -929.7427104184211
improvementE3 : -929.7424482950153
improvementE2 : -929.7423608296192
improvementE3 : -929.7422845342616
improvementE3 : -929.7420066681244
improvementE1 : -929.7418354568717
improvementE1 : -929.6422121600111
improvementE3 : -927.2505856183592
improvementE2 : -912.957332380681
improvementE3 : -912.954728524487
improvementE3 : -912.954102166184
improvementE2 : -912.953591601901
improvementE3 : -912.9360841986157
improvementE1 : -912.9360808093626
improvementE1 : -910.0190692032672
improvementE1 : -904.2433521598297
improvementE2 : -904.2432884764157
improvementE3 : -903.7881344987901
improvementE2 : -903.7880756853559
improvementE3 : -903.7880734773971
improvementE1 : -903.7871024121968
improvementE1 : -894.5032255315455
improvementE1 : -891.8675745098782
improvementE3 : -891.8671693009983
improvementE3 : -891.8448674768191
improvementE1 : -891.8448241272956
improvementE2 : -891.8260181375975
improvementE2 : -891.8259698451003
improvementE3 : -891.825936766632
improvementE3 : -891.8247134426551
improvementE3 : -891.8246515269154
improvementE2 : -890.4104068609914
improvementE3 : -889.1333121224536
improvementE3 : -889.1296654253941
improvementE3 : -885.6227240596673
improvementE3 : -885.6227179234032
improvementE1 : -885.6206323533856
improvementE2 : -885.547441742182
improvementE3 : -885.5411477612464
improvementE3 : -885.5410190277282
improvementE2 : -885.5409854181958
improvementE3 : -885.5409577751306
improvementE2 : -885.519532297115
improvementE3 : -885.5193927435868
improvementE2 : -885.5193420605465
improvementE3 : -884.4996166359844
improvementE3 : -884.4995902539014
improvementE1 : -884.4988905532462
improvementE3 : -884.4988809992358
improvementE3 : -884.4673148673976
improvementE2 : -884.4673131545537
improvementE2 : -884.4673116862707
improvementE2 : -884.4673097660326
improvementE1 : -884.4631832636696
improvementE1 : -884.4628342817733
improvementE2 : -884.4628117476516
improvementE1 : -880.0315646481118
improvementE2 : -880.0295655200193
improvementE1 : -880.0295175941028
improvementE3 : -878.7424591299509
improvementE3 : -875.581833829126
improvementE2 : -875.5766031496704
improvementE2 : -875.5505816754426
improvementE1 : -875.5505561196223
improvementE2 : -872.5976995669428
improvementE3 : -872.595683138681
improvementE1 : -872.5891560478059
improvementE1 : -869.3989485792047
improvementE3 : -869.3987453675204
improvementE1 : -869.3772708920036
improvementE2 : -869.3770564772959
improvementE2 : -869.3754890940497
improvementE3 : -869.3754865348718
improvementE3 : -868.4071019779549
improvementE3 : -868.4070691725369
improvementE3 : -868.4069541019499
improvementE2 : -868.4034063284884
improvementE3 : -868.403335380134
improvementE2 : -868.4032253913482
improvementE1 : -868.4031788448875
improvementE1 : -865.6784668615436
improvementE2 : -865.6783732555785
improvementE1 : -865.6764593033457
improvementE1 : -864.4993916798912
improvementE3 : -864.4134641511971
improvementE1 : -864.4133243896882
improvementE3 : -864.4132575083969
improvementE1 : -864.4132144973503
improvementE3 : -864.2792152730938
improvementE2 : -864.2791883400195
improvementE1 : -864.279168201982
improvementE2 : -864.2727532592436
improvementE2 : -864.2588003287709
improvementE1 : -864.2585839410226
improvementE3 : -864.2585748873665
improvementE2 : -864.2544064824648
improvementE2 : -864.2522588951919
improvementE2 : -864.2122160133486
improvementE2 : -864.212214908045
improvementE1 : -864.2122048479035
improvementE3 : -864.0932808040288
improvementE2 : -864.0931783932081
improvementE3 : -864.0929247260215
improvementE1 : -864.0924946448687
improvementE2 : -864.0924893503224
improvementE1 : -864.0905003458246
improvementE3 : -864.0904988417238
improvementE2 : -828.215918305199
improvementE1 : -828.2159040869224
improvementE3 : -828.2157965324326
improvementE3 : -827.3317491939866
improvementE3 : -827.3305629349699
improvementE2 : -827.3305335297148
improvementE3 : -827.3305140751752
improvementE2 : -827.3301042495768
improvementE3 : -827.3296536705355
improvementE1 : -825.0886545294708
improvementE3 : -825.0886520554114
improvementE2 : -825.0886506704006
improvementE1 : -825.0883334116346
improvementE3 : -825.0883293048206
improvementE1 : -825.0879001810006
improvementE2 : -825.0877777516722
improvementE2 : -825.0797938836371
improvementE3 : -824.044634574213
improvementE3 : -824.0445457102259
improvementE2 : -824.0445194785876
improvementE1 : -824.0444982115421
improvementE1 : -824.040794963046
improvementE3 : -824.0407814523606
improvementE1 : -823.926000813829
improvementE1 : -823.9247068374119
improvementE3 : -823.9230945228022
improvementE3 : -820.8186537212002
improvementE2 : -820.818648905681
improvementE3 : -816.9315971974471
improvementE3 : -816.9315331777091
improvementE1 : -816.9315316949106
improvementE3 : -816.931529734267
improvementE3 : -814.8115071006553
improvementE3 : -814.8114313459322
improvementE3 : -810.0346901099578
improvementE1 : -809.9086700427566
improvementE2 : -809.8874780487109
improvementE2 : -803.2123406238804
improvementE1 : -803.1529079580785
improvementE2 : -803.1520152727404
improvementE1 : -803.151995453136
improvementE1 : -803.1519924999651
improvementE1 : -803.1519902467247
improvementE2 : -803.1519851639895
improvementE1 : -803.1221775936982
improvementE3 : -803.1221652791189
improvementE1 : -803.122163688759
improvementE3 : -803.1219618031984
improvementE3 : -803.1218506193999
improvementE3 : -801.2010842785991
improvementE3 : -801.2005743525307
improvementE2 : -775.4686685282106
improvementE3 : -775.4686436584338
improvementE1 : -775.4686408115424
improvementE3 : -774.1353192324748
improvementE1 : -765.0726230017431
improvementE3 : -765.0725439045407
improvementE3 : -765.0722340914187
improvementE3 : -765.0085810219183
improvementE2 : -765.0085631286809
improvementE2 : -765.0084389721344
improvementE1 : -765.0084212360578
improvementE3 : -765.008405291205
improvementE3 : -765.0084039473346
improvementE3 : -763.4330016803194
improvementE1 : -763.4328300525676
improvementE1 : -762.8430193666962
improvementE3 : -762.843013844449
improvementE2 : -762.8430116180722
improvementE2 : -762.8430095967487
improvementE3 : -762.8430081571449
improvementE2 : -762.8429986927702
improvementE3 : -762.8429459530694
improvementE2 : -762.8429418291572
improvementE1 : -762.8429119904979
improvementE1 : -762.8427544229396
improvementE2 : -762.8427495863442
improvementE1 : -762.8213349386435
improvementE3 : -762.7557913212784
improvementE2 : -762.7276336407774
improvementE3 : -762.7275535273906
improvementE3 : -762.7273538278621
improvementE1 : -762.7273517546605
improvementE1 : -762.7263576374037
improvementE1 : -761.6992990226684
improvementE3 : -761.6946668765916
improvementE2 : -761.6943541838855
improvementE1 : -761.6943530699231
improvementE3 : -759.7729348880127
improvementE1 : -759.7729335922431
improvementE2 : -758.0511971903579
improvementE3 : -758.051133591282
improvementE3 : -758.0510774786378
improvementE3 : -758.0432578299288
improvementE3 : -758.0432566232411
improvementE3 : -758.0429073570577
improvementE1 : -758.042191900279
improvementE2 : -758.0421847749233
improvementE1 : -758.0421676345213
improvementE3 : -758.0421606217109
improvementE2 : -758.0421567974158
improvementE1 : -758.0421556835532
improvementE1 : -758.0421307578055
improvementE3 : -758.0416057401202
improvementE3 : -751.7941919762516
improvementE3 : -751.7921435809807
improvementE3 : -751.7921370093976
improvementE1 : -751.7921144770421
improvementE1 : -751.7920997980185
improvementE2 : -751.7914395427016
improvementE3 : -751.7914377911752
improvementE2 : -751.7914311328414
improvementE1 : -751.7909802629242
improvementE1 : -748.5142927083988
improvementE3 : -748.5142551055089
improvementE2 : -748.5142538218231
improvementE3 : -747.7075373191666
improvementE2 : -747.7075362801463
improvementE3 : -747.7025788239935
improvementE3 : -745.8270752904829
improvementE3 : -745.8250425324934
improvementE1 : -745.8250337355217
improvementE3 : -742.0379030396504
improvementE1 : -740.0805311981326
improvementE1 : -739.7468297473612
improvementE1 : -739.7468200063217
improvementE1 : -739.7468176128608
improvementE2 : -739.7468155669396
improvementE2 : -735.8010557926991
improvementE1 : -735.8010514538054
improvementE3 : -735.80104872272
improvementE3 : -731.7760958049108
improvementE2 : -731.776077779593
improvementE1 : -730.4779914297219
improvementE1 : -730.4765349836066
improvementE1 : -730.476533736303
improvementE1 : -730.4765315768864
improvementE2 : -730.4765265813189
improvementE1 : -730.4762587769493
improvementE2 : -730.4760968100645
improvementE1 : -730.4760637600316
improvementE1 : -730.4731243369116
improvementE1 : -730.4727106447045
improvementE1 : -730.4727093709554
improvementE1 : -730.4727047884371
improvementE1 : -729.6655179376793
improvementE2 : -729.6655149822599
improvementE3 : -729.6654880345283
improvementE3 : -729.6653943523653
improvementE1 : -729.665329883087
improvementE1 : -729.6616523600472
improvementE3 : -729.6588885225484
improvementE2 : -729.6588658772986
improvementE3 : -729.6365357097417
improvementE2 : -729.6361153246783
improvementE3 : -729.6361088452437
improvementE3 : -729.6334885906048
improvementE2 : -729.623767802568
improvementE1 : -729.623760264219
improvementE3 : -729.6237585659359
improvementE3 : -729.6232913799281
improvementE1 : -726.9374250684929
improvementE1 : -726.9374205526633
improvementE3 : -726.9373280286668
improvementE1 : -726.6963058813233
improvementE1 : -726.6962974510515
improvementE3 : -726.6282897879682
improvementE3 : -726.5733306511415
improvementE3 : -724.518524302469
improvementE2 : -724.5184219584496
improvementE3 : -724.5161146104032
improvementE3 : -724.516022258062
improvementE3 : -724.5159625318971
improvementE3 : -724.5159021320567
improvementE1 : -724.5158459028304
improvementE3 : -712.9133173201542
improvementE3 : -712.9133103417812
improvementE1 : -712.9133082777336
improvementE3 : -712.9132840608419
improvementE2 : -712.9007236710087
improvementE1 : -712.899740732733
improvementE2 : -712.8991185385105
improvementE1 : -711.5278891396363
improvementE1 : -711.517710166247
improvementE3 : -711.5175593689974
improvementE2 : -711.5175577994656
improvementE3 : -711.5175062139924
improvementE3 : -711.5174820479664
improvementE1 : -709.2146464446267
improvementE3 : -709.2146447085404
improvementE3 : -707.6631908517419
improvementE3 : -707.6631874274889
improvementE3 : -707.6631788231166
improvementE3 : -707.6527734238182
improvementE2 : -707.6526566622516
improvementE2 : -707.6526141383819
improvementE2 : -707.6526045329744
improvementE3 : -704.5394951200615
improvementE1 : -704.4391895518547
improvementE1 : -704.3393841611509
improvementE2 : -704.3393801511274
improvementE1 : -704.339372132545
improvementE2 : -704.3387949885312
improvementE3 : -704.3386000173116
improvementE3 : -704.3384692335711
improvementE1 : -704.3382364181471
improvementE2 : -704.3382330084833
improvementE3 : -704.3380439867277
improvementE3 : -704.337582204966
improvementE2 : -704.3371724325237
improvementE3 : -704.3370546020952
improvementE3 : -704.3362846983525
improvementE2 : -704.3315212976261
improvementE3 : -704.3311254872551
improvementE3 : -702.9814611415438
improvementE1 : -702.7860055093463
improvementE1 : -702.7860042977103
improvementE1 : -702.7859992610336
improvementE1 : -702.7857268293188
improvementE3 : -702.7857111529164
improvementE2 : -702.7857080513265
improvementE1 : -698.174471376744
improvementE1 : -698.1743695722981
improvementE2 : -698.1743670261433
improvementE3 : -698.1742511604092
improvementE2 : -698.1740418451524
improvementE3 : -698.1740066153804
improvementE1 : -698.0303818839234
improvementE3 : -697.9935546777036
improvementE1 : -697.9935523426363
improvementE2 : -697.9935497384166
improvementE2 : -697.9822181214206
improvementE2 : -697.9822153468411
improvementE2 : -692.2564184941889
improvementE1 : -692.2564173615691
improvementE2 : -692.245046423213
improvementE3 : -692.2449161551809
improvementE1 : -692.2447964451388
improvementE3 : -692.2446724842126
improvementE1 : -692.2446705134741
improvementE3 : -692.2446693126135
improvementE3 : -692.2446667345758
improvementE3 : -692.2411917554762
improvementE1 : -692.2411790371373
improvementE3 : -692.2409985726916
improvementE3 : -692.2409618689236
improvementE1 : -692.141929678895
improvementE3 : -691.9036765789696
improvementE2 : -691.9036742679408
improvementE3 : -691.9036669773467
improvementE3 : -691.903644273864
improvementE2 : -691.9035898647035
improvementE2 : -691.9035872105526
improvementE3 : -691.9035602807777
improvementE2 : -691.9035581955916
improvementE3 : -691.903557019882
improvementE2 : -691.903554285932
improvementE3 : -691.9035083332519
improvementE3 : -691.9035071894331
improvementE3 : -691.8965195332158
improvementE3 : -691.8957514835203
improvementE3 : -690.936729927513
improvementE3 : -690.936718331947
improvementE3 : -687.9370036484871
improvementE3 : -687.9369860158066
improvementE3 : -687.9364380454966
improvementE1 : -687.9356885052077
improvementE1 : -687.9356871724069
improvementE3 : -687.9340892994877
improvementE3 : -687.9340875698488
improvementE1 : -687.9340864169872
improvementE2 : -687.9333822359586
improvementE3 : -687.931460540902
improvementE3 : -687.9311070092945
improvementE1 : -687.9310324718526
improvementE1 : -687.931010192754
improvementE3 : -687.9272618139635
improvementE3 : -687.9272605320801
improvementE3 : -687.9272320910987
improvementE3 : -687.9269543776542
improvementE1 : -687.9269503353675
improvementE2 : -687.9269287523532
improvementE2 : -687.9269146704869
improvementE1 : -686.0975668673689
improvementE2 : -685.7895390047178
improvementE1 : -685.7894933743024
improvementE1 : -685.7894759853791
improvementE3 : -685.7892217596075
improvementE1 : -685.7884938652218
improvementE2 : -685.7884904685293
improvementE3 : -685.7878907996028
improvementE2 : -685.7877217942569
improvementE2 : -685.7741896163578
improvementE2 : -685.7741885551146
improvementE3 : -682.4852398742161
improvementE1 : -677.6290929282738
improvementE3 : -677.628881270156
improvementE3 : -677.6288751010536
improvementE3 : -677.628871918853
improvementE2 : -677.6288680107692
improvementE3 : -677.6288660024139
improvementE3 : -677.6288153817222
improvementE1 : -677.6288034206634
improvementE3 : -677.6275407484586
improvementE2 : -677.6275038852959
improvementE2 : -677.6274990587265
improvementE1 : -677.6274916263029
improvementE3 : -677.6274714898466
improvementE1 : -677.6273461656759
improvementE3 : -677.6273237649531
improvementE1 : -677.6273093067575
improvementE2 : -677.6273065477343
improvementE1 : -677.6273053824002
improvementE3 : -677.6271443791103
improvementE3 : -677.6260592571372
improvementE2 : -677.6184969131507
improvementE1 : -677.6184835064848
improvementE3 : -677.6182519800863
improvementE3 : -677.6182315372952
improvementE3 : -677.6180340613911
improvementE3 : -677.6180079668865
improvementE1 : -677.6179697513103
improvementE3 : -677.6173655135756
improvementE1 : -677.6173572599961
improvementE2 : -677.6172655735063
improvementE2 : -677.590733726954
improvementE1 : -677.5907133550795
improvementE3 : -677.5904430260072
improvementE1 : -675.7645447354912
improvementE2 : -675.7645364179872
improvementE3 : -675.7568320437101
improvementE1 : -675.7568277473497
improvementE1 : -675.7543670465066
improvementE1 : -675.7542772406257
improvementE2 : -675.7542699010146
improvementE1 : -675.6654844976916
improvementE3 : -675.6653636408685
improvementE2 : -675.6653436265717
improvementE1 : -675.6653135299669
improvementE2 : -675.6617110135276
improvementE2 : -675.6617088468925
improvementE3 : -675.6580352607257
improvementE3 : -675.6579626077302
improvementE1 : -675.657959135211
improvementE3 : -675.6579577241486
improvementE3 : -675.6579567113645
improvementE3 : -675.6537871813536
improvementE2 : -675.6370055943534
improvementE1 : -675.6369946131961
improvementE1 : -675.6369347577004
improvementE3 : -675.6369260487503
improvementE1 : -675.6369238662064
improvementE1 : -675.6290790069172
improvementE3 : -675.6290754388012
improvementE2 : -675.629053136507
improvementE3 : -675.6290310115464
improvementE3 : -675.6290220751698
improvementE3 : -675.6287525161556
improvementE2 : -675.6286426864629
improvementE3 : -673.7171911293831
improvementE3 : -673.7171820127631
improvementE2 : -673.7171549682946
improvementE3 : -673.7170778496746
improvementE1 : -673.7170575705088
improvementE2 : -673.7170561973057
improvementE3 : -673.7170541845933
improvementE3 : -673.6253788414873
improvementE3 : -672.8610460152823
improvementE2 : -672.8609954300218
improvementE1 : -672.8609803107532
improvementE1 : -672.8609733349542
improvementE3 : -671.5772521398362
improvementE1 : -671.5589405170126
improvementE2 : -671.5589391387992
improvementE3 : -671.5588896787648
improvementE1 : -671.5588845238129
improvementE1 : -671.5130651669627
improvementE3 : -671.5130630541258
improvementE3 : -671.5130468084834
improvementE3 : -671.2259960215041
improvementE2 : -671.2259920315712
improvementE2 : -671.2259263127612
improvementE1 : -671.2079256004638
improvementE2 : -671.2077859274158
improvementE2 : -671.2075845478682
improvementE2 : -671.2075819742688
improvementE1 : -671.2072648717597
improvementE2 : -671.2072633637168
improvementE3 : -671.2072619512658
improvementE1 : -671.2072358184653
improvementE2 : -632.2212087140089
improvementE1 : -632.2164898092459
improvementE3 : -632.216399999856
improvementE1 : -632.2163873359927
improvementE1 : -632.2163275122614
improvementE3 : -630.2978996162168
improvementE3 : -630.296027007029
improvementE2 : -630.2960244641537
improvementE3 : -630.296021007727
improvementE2 : -628.2789325902891
improvementE1 : -628.2708712108315
improvementE1 : -628.2708673376653
improvementE1 : -628.2708661658136
improvementE2 : -628.2664657933711
improvementE2 : -628.2663260027244
improvementE3 : -628.2663173326514
improvementE3 : -628.2640938282653
improvementE1 : -628.2640144378586
improvementE2 : -628.2640121280224
improvementE1 : -628.264010794316
improvementE1 : -628.2640096110899
improvementE1 : -628.2638967037325
improvementE3 : -628.2638475211
improvementE1 : -628.2638463187794
improvementE1 : -628.2638168564932
improvementE3 : -628.2595071741619
improvementE3 : -628.2594993906746
improvementE3 : -628.2594933463713
improvementE3 : -628.2594009826413
improvementE3 : -628.2593997494266
improvementE2 : -628.2592945508957
improvementE1 : -628.2592870591791
improvementE2 : -619.0902825647299
improvementE1 : -619.0902788870216
improvementE2 : -619.090276215121
improvementE3 : -619.0902747469802
improvementE3 : -619.090273028341
improvementE3 : -619.0901061891387
improvementE2 : -619.0899957914157
improvementE3 : -619.0899921466959
improvementE1 : -619.0662570941531
improvementE2 : -619.0639187946819
improvementE2 : -619.0638089542765
improvementE1 : -619.0542760155598
improvementE3 : -619.0473018267585
logL = -7777.787485362147
Removing 0 markers
Second round
improvementE3 : -619.0473008199743
improvementE2 : -619.0472930015678
improvementE2 : -619.0472902531433
improvementE3 : -619.0470674614954
improvementE1 : -619.0467239763179
improvementE1 : -619.0467226555386
improvementE3 : -619.0467180700098
improvementE1 : -619.0466766131631
improvementE3 : -619.0466753853856
improvementE2 : -619.0466712994634
improvementE3 : -619.0466189714012
improvementE3 : -618.081240946107
improvementE2 : -618.0810462362728
improvementE3 : -618.0810420113601
improvementE3 : -618.080971848934
improvementE1 : -618.0809646834936
improvementE1 : -618.080963113901
improvementE2 : -618.0809620679807
improvementE3 : -618.0809026979173
improvementE3 : -618.0786020017327
improvementE3 : -618.0785985744361
improvementE2 : -618.0785750586621
improvementE3 : -618.0785701039023
improvementE3 : -618.0785688403681
improvementE3 : -618.0784912447901
