0->0 : 0
0->1 : 0
0->2 : 0
       Error rate = 0.0
1->0 : 0
1->1 : 0
1->2 : 0
       Error rate = 0.0
2->0 : 0
2->1 : 0
2->2 : 0
       Error rate = 0.0
0,2->0,2 : 1181913
  0,2->1 : 0
1,2->1,2 : 0
  1,2->0 : 0
       Error rate = 0.0
Maternally informative markers = 0 (of 10219)
Paternally informative markers = 10219
Maternally or paternally informative markers = 10219
Removed 0 children
Removed 0 markers
Number of LGs = 45
***Family = fam_08 chromosome = 33 numMarkers = 140 maternal informative markers 0 (paternal informative markers 140)
***Family = fam_01 chromosome = 33 numMarkers = 140 maternal informative markers 0 (paternal informative markers 140)
***Family = fam_09 chromosome = 33 numMarkers = 140 maternal informative markers 0 (paternal informative markers 140)
140->118
118->118
All pairs
join 5 and 70 score = 0.0 sizes 1,1
join 48 and 114 score = 0.0 sizes 1,1
join 8 and 78 score = 0.0 sizes 1,1
join 34 and 49 score = 0.0 sizes 1,1
join 9 and 35 score = 0.0 sizes 1,1
join 67 and 101 score = 0.0 sizes 1,1
join 58 and 101 score = 0.0 sizes 1,2
join 58 and 87 score = 0.0 sizes 3,1
join 24 and 95 score = 0.0 sizes 1,1
join 94 and 95 score = 0.0 sizes 1,2
join 3 and 24 score = 0.0 sizes 1,3
join 77 and 94 score = 0.0 sizes 1,4
join 3 and 47 score = 0.0 sizes 5,1
join 47 and 73 score = 0.0 sizes 6,1
join 63 and 73 score = 0.0 sizes 1,7
join 4 and 46 score = 0.0 sizes 1,1
join 5 and 114 score = 0.0 sizes 2,2
join 38 and 86 score = 0.0 sizes 1,1
join 4 and 42 score = 0.0 sizes 2,1
join 80 and 93 score = 0.0 sizes 1,1
join 36 and 87 score = 0.0 sizes 1,4
join 67 and 74 score = 0.0 sizes 5,1
join 82 and 115 score = 0.0 sizes 1,1
join 49 and 82 score = 0.0 sizes 2,2
join 29 and 70 score = 0.0 sizes 1,4
join 37 and 59 score = 0.0 sizes 1,1
join 59 and 117 score = 0.0 sizes 2,1
join 26 and 117 score = 0.0 sizes 1,3
join 37 and 89 score = 0.0 sizes 4,1
join 1 and 8 score = 0.0 sizes 1,2
join 1 and 53 score = 0.0 sizes 3,1
join 78 and 108 score = 0.0 sizes 4,1
join 50 and 105 score = 0.0 sizes 1,1
join 50 and 103 score = 0.0 sizes 2,1
join 20 and 104 score = 0.0 sizes 1,1
join 76 and 102 score = 0.0 sizes 1,1
join 46 and 69 score = 0.0 sizes 3,1
join 110 and 115 score = 0.0 sizes 1,4
join 88 and 102 score = 0.0 sizes 1,2
join 80 and 96 score = 0.0 sizes 2,1
join 27 and 36 score = 0.0 sizes 1,6
join 39 and 116 score = 0.0 sizes 1,1
join 11 and 43 score = 0.0 sizes 1,1
join 10 and 63 score = 0.0 sizes 1,8
join 10 and 65 score = 0.0 sizes 9,1
join 62 and 89 score = 0.006711409395973154 sizes 1,5
join 34 and 68 score = 0.0 sizes 5,1
join 64 and 86 score = 0.0 sizes 1,2
join 48 and 51 score = 0.00625 sizes 5,1
join 69 and 109 score = 0.006134969325153374 sizes 4,1
join 43 and 111 score = 0.0 sizes 2,1
join 23 and 54 score = 0.0 sizes 1,1
join 18 and 54 score = 0.0 sizes 1,2
join 38 and 113 score = 0.007874015748031496 sizes 3,1
join 98 and 113 score = 0.006993006993006993 sizes 1,4
join 64 and 81 score = 0.0 sizes 5,1
join 66 and 81 score = 0.0 sizes 1,6
join 32 and 108 score = 0.006369426751592357 sizes 1,5
join 44 and 53 score = 0.005988023952095809 sizes 1,6
join 32 and 90 score = 0.00684931506849315 sizes 7,1
join 79 and 83 score = 0.0 sizes 1,1
join 45 and 55 score = 0.0 sizes 1,1
join 22 and 55 score = 0.0 sizes 1,2
join 11 and 22 score = 0.0 sizes 3,3
join 21 and 45 score = 0.0 sizes 1,6
join 21 and 23 score = 0.0 sizes 7,3
join 72 and 91 score = 0.0 sizes 1,1
join 30 and 60 score = 0.0 sizes 1,1
join 60 and 66 score = 0.0 sizes 2,7
join 33 and 72 score = 0.0 sizes 1,2
join 96 and 111 score = 0.0 sizes 3,10
join 20 and 98 score = 0.00684931506849315 sizes 2,9
join 39 and 105 score = 0.012738853503184714 sizes 2,3
join 2 and 103 score = 0.0 sizes 1,5
join 0 and 110 score = 0.0 sizes 1,6
join 0 and 83 score = 0.0 sizes 7,2
join 91 and 112 score = 0.0 sizes 3,1
join 56 and 112 score = 0.0 sizes 1,4
join 16 and 77 score = 0.00641025641025641 sizes 1,10
join 2 and 30 score = 0.0 sizes 6,11
join 106 and 107 score = 0.0 sizes 1,1
join 14 and 107 score = 0.0 sizes 1,2
join 52 and 68 score = 0.00684931506849315 sizes 1,9
join 51 and 52 score = 0.01910828025477707 sizes 6,10
join 12 and 13 score = 0.0 sizes 1,1
join 26 and 31 score = 0.010752688172043012 sizes 6,1
join 76 and 109 score = 0.017857142857142856 sizes 3,5
join 27 and 88 score = 0.015748031496062992 sizes 7,8
All pairs
join 33 and 100 score = 0.0 sizes 5,1
join 84 and 92 score = 0.0 sizes 1,1
join 61 and 84 score = 0.0 sizes 1,2
join 6 and 44 score = 0.021897810218978103 sizes 1,8
join 57 and 75 score = 0.02531645569620253 sizes 1,1
join 6 and 41 score = 0.028368794326241134 sizes 9,1
join 7 and 90 score = 0.02702702702702703 sizes 1,10
join 18 and 19 score = 0.0 sizes 13,1
join 31 and 93 score = 0.02127659574468085 sizes 7,14
join 17 and 57 score = 0.03125 sizes 1,2
join 41 and 75 score = 0.03184713375796178 sizes 11,3
join 74 and 104 score = 0.024390243902439025 sizes 15,17
join 12 and 14 score = 0.03333333333333333 sizes 2,3
join 15 and 99 score = 0.040268456375838924 sizes 1,1
join 16 and 35 score = 0.04 sizes 11,2
join 9 and 92 score = 0.045454545454545456 sizes 13,3
join 15 and 17 score = 0.050359712230215826 sizes 2,14
join 29 and 42 score = 0.032467532467532464 sizes 16,32
join 85 and 100 score = 0.03571428571428571 sizes 1,6
join 61 and 116 score = 0.05405405405405406 sizes 16,48
join 13 and 79 score = 0.06451612903225806 sizes 5,64
join 25 and 106 score = 0.1 sizes 1,69
join 71 and 99 score = 0.09554140127388536 sizes 1,16
join 62 and 65 score = 0.11695906432748537 sizes 21,70
join 19 and 56 score = 0.06451612903225806 sizes 91,7
join 7 and 28 score = 0.1360544217687075 sizes 17,1
join 71 and 97 score = 0.23484848484848486 sizes 18,1
All pairs
join 40 and 97 score = 0.0 sizes 1,19
join 25 and 28 score = 0.0 sizes 98,20
score = 1.504945660651215
improvementE1 : -561.5079473748204
improvementE1 : -561.4882145762343
improvementE1 : -561.4858091963102
improvementE1 : -561.4856078403141
improvementE2 : -561.4731705365941
improvementE2 : -561.4583700673755
improvementE3 : -561.4570189720606
improvementE1 : -561.3039165232403
improvementE3 : -560.955448705902
improvementE1 : -560.9549846587254
improvementE3 : -560.9361117294195
improvementE2 : -560.9360029195631
improvementE3 : -560.9354319362743
improvementE1 : -560.7916887939871
improvementE3 : -560.7892603055025
improvementE3 : -560.7892318038587
improvementE1 : -558.3990726254219
improvementE3 : -558.399062807228
improvementE1 : -558.3888010417035
improvementE3 : -558.3850742621989
improvementE2 : -558.3849768536146
improvementE3 : -558.3832778948574
improvementE2 : -558.3832735809139
improvementE2 : -556.1610772111715
improvementE3 : -556.1610434443113
improvementE2 : -552.5124233815632
improvementE3 : -552.5040739943282
improvementE2 : -552.5034524672644
improvementE3 : -552.5034301461828
improvementE2 : -552.5019332177088
improvementE2 : -552.5019285973569
improvementE3 : -552.5019241294779
improvementE1 : -552.5009242867777
improvementE3 : -552.4295053521863
improvementE1 : -552.4294230561745
improvementE3 : -552.4293613320224
improvementE1 : -552.4266115675373
improvementE3 : -552.4087342617373
improvementE3 : -552.4086850947446
improvementE2 : -552.0672391894104
improvementE3 : -552.067190480278
improvementE1 : -552.0342343022826
improvementE3 : -552.008943863801
improvementE3 : -551.8170592103525
improvementE2 : -551.812285244855
improvementE3 : -548.6776854117894
improvementE1 : -548.6733934438067
improvementE3 : -548.6678090926989
improvementE1 : -547.9002010635016
improvementE3 : -545.2391392344443
improvementE2 : -545.2391378535209
improvementE3 : -545.2275835098775
improvementE3 : -545.2274193550816
improvementE2 : -543.3982028098363
improvementE1 : -538.3589631078045
improvementE1 : -538.3572527024847
improvementE1 : -538.3572515588179
improvementE3 : -538.357175908346
improvementE2 : -538.3558884902491
improvementE2 : -538.2271304191873
improvementE3 : -538.2271279540558
improvementE3 : -538.223188937465
improvementE1 : -538.2222805387548
improvementE3 : -538.2222409095076
improvementE3 : -538.1690200168996
improvementE1 : -538.1615064262905
improvementE3 : -538.1583022019128
improvementE2 : -538.1581469799305
improvementE2 : -538.1581456599173
improvementE3 : -538.158143332119
improvementE2 : -538.1560929384837
improvementE1 : -538.1560896140362
improvementE1 : -538.1303159502615
improvementE1 : -538.1238525487216
improvementE2 : -538.085680291704
improvementE2 : -537.9776191465643
improvementE3 : -537.9748653459408
improvementE2 : -537.9748441828827
improvementE1 : -537.9745859296509
improvementE2 : -537.8158043089898
improvementE2 : -537.8156755189153
improvementE2 : -537.8132094030382
improvementE1 : -537.8131132030484
improvementE2 : -537.8131108324637
improvementE3 : -537.8123445480361
improvementE1 : -537.8030371549748
improvementE2 : -537.8022214474721
improvementE3 : -537.8021319212219
improvementE1 : -537.8020989798946
improvementE3 : -537.7912559311557
improvementE3 : -537.7912061186919
improvementE2 : -537.7911702714285
improvementE1 : -537.7909845862289
improvementE3 : -536.7383219209755
improvementE3 : -535.9352167782355
improvementE3 : -534.9256030448987
improvementE3 : -534.925567509561
improvementE3 : -534.9255656230688
improvementE1 : -534.9255629888385
improvementE3 : -534.670762341502
improvementE2 : -533.7526346881856
improvementE3 : -532.9260255660748
improvementE2 : -532.9249101901064
improvementE2 : -532.9249064080731
improvementE3 : -532.9248683867932
improvementE2 : -532.923536957032
improvementE2 : -532.7439832928302
improvementE2 : -532.7437901697776
improvementE2 : -532.7434740830863
improvementE1 : -532.7434329704917
improvementE3 : -532.7434196324698
improvementE3 : -532.6942892947553
improvementE3 : -529.8411894560268
improvementE2 : -529.8381730512905
improvementE2 : -529.83815775111
improvementE1 : -529.838026202226
improvementE3 : -529.8380226268009
improvementE1 : -529.8379422714287
improvementE2 : -529.8379071691523
improvementE3 : -529.8376380037255
improvementE2 : -529.8375958996737
improvementE3 : -529.8343658664791
improvementE3 : -529.8226078280557
improvementE2 : -529.8224712235234
improvementE3 : -529.8213215181743
improvementE2 : -529.8209773372367
improvementE2 : -529.8206531035319
improvementE2 : -529.8160831593273
improvementE1 : -529.8160713610897
improvementE1 : -529.8160691249041
improvementE3 : -529.8158005493776
improvementE2 : -529.8113450153687
improvementE1 : -529.274780590555
improvementE3 : -529.2468514924723
improvementE1 : -525.7194537641753
improvementE2 : -525.7194306147038
improvementE1 : -525.7194284212563
improvementE3 : -525.7183751804395
improvementE3 : -525.7176127606668
improvementE2 : -525.7154059288607
improvementE1 : -525.711201859137
improvementE2 : -525.7106482598256
improvementE3 : -525.7103717616611
improvementE3 : -525.3514209309405
improvementE3 : -520.9742814330134
improvementE1 : -520.9742803624223
improvementE2 : -520.9183773194271
improvementE3 : -520.7726784659964
improvementE1 : -520.7724906016388
improvementE1 : -520.7724892405614
improvementE3 : -520.772206485717
improvementE3 : -520.7721690478216
improvementE1 : -520.7721606889281
improvementE1 : -519.5371332842215
improvementE3 : -519.5371261178739
improvementE3 : -519.5366877105126
improvementE1 : -519.5365997133673
improvementE3 : -519.5365913752639
improvementE3 : -519.536562629337
improvementE3 : -519.5363370385442
improvementE2 : -519.4465070707051
improvementE1 : -519.4396674350879
improvementE1 : -519.439188552639
improvementE1 : -519.4385541173575
improvementE2 : -519.438550701057
improvementE1 : -519.4360378601282
improvementE1 : -519.4355516254285
improvementE3 : -519.2588811213069
improvementE2 : -519.2466677248268
improvementE1 : -519.2369507915903
improvementE2 : -516.5549608296924
improvementE1 : -514.5234316364971
improvementE3 : -512.914386669592
improvementE1 : -512.9143850864945
improvementE1 : -512.9143834302793
improvementE2 : -512.9143814237384
improvementE2 : -512.8851441603836
improvementE1 : -512.884932443723
improvementE3 : -510.7038619679837
improvementE3 : -510.7032351521807
improvementE2 : -510.63430695762656
improvementE2 : -510.63427724764966
improvementE3 : -510.6342594538312
improvementE3 : -510.63423031090826
improvementE1 : -510.62804331267245
improvementE1 : -510.6104540519049
improvementE1 : -510.6104526405252
improvementE3 : -510.6104304620839
improvementE1 : -510.60968692722565
improvementE3 : -510.6095625453856
improvementE1 : -510.6084062578656
improvementE1 : -510.6084047864067
improvementE2 : -510.60840092968795
improvementE2 : -510.57057800639035
improvementE3 : -510.5705767073015
improvementE3 : -510.5664956684914
improvementE2 : -510.5661960988185
improvementE1 : -510.5660868833419
improvementE1 : -509.13175996140416
improvementE3 : -509.1289270951926
improvementE3 : -509.1171803115619
improvementE2 : -509.1169596486354
improvementE1 : -509.11695709688775
improvementE3 : -497.26176006088866
improvementE1 : -497.2617587357508
improvementE1 : -497.26174456207855
improvementE3 : -496.72964918053333
improvementE1 : -496.72963485211625
improvementE3 : -496.7291106610676
improvementE3 : -496.72910926001157
improvementE3 : -496.72909573897914
improvementE1 : -496.6868674974149
improvementE1 : -496.6770251017278
improvementE3 : -496.6763966734628
improvementE2 : -496.6763938802138
improvementE1 : -496.6763709465006
improvementE3 : -496.6603887294793
improvementE3 : -495.48617347186774
improvementE1 : -495.4861516832761
improvementE1 : -495.478252846424
improvementE3 : -495.4782507802058
improvementE3 : -495.37790757069854
improvementE1 : -495.3779036702152
improvementE1 : -495.377902388378
improvementE3 : -495.3778511228909
improvementE3 : -492.7349049607852
improvementE3 : -492.73489580627245
improvementE2 : -492.68917006441376
improvementE2 : -492.68346615122823
improvementE1 : -492.6833682644321
improvementE1 : -492.68336022503905
improvementE2 : -492.6832993645602
improvementE3 : -492.6832964273604
improvementE3 : -492.68322380385325
improvementE1 : -492.68259765379565
improvementE2 : -492.68096943710685
improvementE1 : -492.6806049674407
improvementE2 : -492.6805931578745
improvementE3 : -492.68005397371536
improvementE2 : -492.6800148930924
improvementE3 : -492.67988777277327
improvementE3 : -492.6570088162346
improvementE3 : -492.65689316585923
improvementE1 : -492.6568840739264
improvementE2 : -492.6568739157224
improvementE3 : -492.65687282969526
improvementE2 : -492.6568601192261
improvementE3 : -492.65685675885925
improvementE3 : -492.6568348859085
improvementE1 : -492.65682915797964
improvementE3 : -492.6568245764367
improvementE3 : -492.65672901908346
improvementE3 : -492.6567247516476
improvementE2 : -492.6566392479052
improvementE3 : -492.6559572694225
improvementE3 : -492.65595609325766
improvementE3 : -492.65567477667486
improvementE2 : -492.6466166612789
improvementE3 : -492.6443874786196
improvementE1 : -492.6443862911122
improvementE2 : -492.6443835117629
improvementE3 : -492.64437428817865
improvementE3 : -489.60604319218066
improvementE1 : -489.606023324828
improvementE2 : -489.6060218092475
improvementE1 : -489.6059078161322
improvementE1 : -489.6058912935368
improvementE3 : -489.60588275823204
improvementE3 : -489.6058502499275
improvementE2 : -487.86409720706484
improvementE1 : -487.8640922199299
improvementE2 : -487.8630934083318
improvementE3 : -487.8630920976903
improvementE2 : -487.8630051213644
improvementE1 : -487.8629583986972
improvementE3 : -487.8629216575551
improvementE1 : -487.8624346360553
improvementE1 : -487.86242512030907
improvementE3 : -487.0286364031458
improvementE3 : -487.02862067368466
improvementE2 : -483.64899675790105
improvementE3 : -483.6488637763704
improvementE1 : -483.64885810930554
improvementE2 : -483.648855904115
improvementE2 : -483.6488542463419
improvementE1 : -483.64881444457853
improvementE3 : -483.6340253005579
improvementE1 : -483.6339975780589
improvementE3 : -483.6339952374045
improvementE3 : -483.60100297687
improvementE2 : -483.6005272232896
improvementE1 : -483.59986461912536
improvementE3 : -483.59986358571126
improvementE1 : -483.59986037298324
improvementE3 : -483.5998410591225
improvementE2 : -483.5998396400538
improvementE3 : -483.59982383525886
improvementE3 : -483.5998159596882
improvementE2 : -483.59980807560703
improvementE1 : -483.59980700158303
improvementE1 : -483.5998026556848
improvementE1 : -483.59978777157863
improvementE1 : -483.59978589375777
improvementE1 : -483.5997794345627
improvementE2 : -483.59970251991797
improvementE1 : -483.5994648658949
improvementE1 : -482.96205597630933
improvementE3 : -480.91631496229553
improvementE1 : -480.66257610410264
improvementE2 : -480.66254196060277
improvementE1 : -480.66254091924526
improvementE2 : -480.6625378358572
improvementE2 : -480.66137528738744
improvementE1 : -480.661372475302
improvementE1 : -480.6610125265853
improvementE3 : -480.66100696078786
improvementE3 : -480.6204048372249
improvementE1 : -480.6157395847379
improvementE1 : -480.6146683572822
improvementE3 : -479.01582912018404
improvementE2 : -479.01582426550294
improvementE1 : -479.0158125025452
improvementE1 : -479.01570246147344
improvementE3 : -479.0145293971214
improvementE1 : -479.0143176237323
improvementE3 : -479.01431589746
improvementE2 : -479.0142970317718
improvementE3 : -479.0142956732278
improvementE1 : -479.0142935307703
improvementE2 : -479.01417358575117
improvementE1 : -479.0121306537858
improvementE1 : -479.0121283379064
improvementE2 : -478.9875854321921
improvementE1 : -478.98638317828653
improvementE2 : -478.98624531784185
improvementE3 : -478.89847727261684
improvementE3 : -476.97398436801507
improvementE1 : -476.9739800466023
improvementE2 : -476.97392951748446
improvementE2 : -476.9739234048144
improvementE2 : -476.96756252992236
improvementE2 : -476.7039393225461
improvementE3 : -476.7038893845731
improvementE2 : -476.70365201343685
improvementE3 : -476.7034036808358
improvementE3 : -476.5517013051279
improvementE1 : -476.55088900778003
improvementE2 : -476.549135911461
improvementE1 : -476.5489484813174
improvementE3 : -476.54894525574144
improvementE1 : -476.54892582345536
improvementE3 : -476.5488239565117
improvementE2 : -476.54833158957905
improvementE3 : -476.5481059012052
improvementE1 : -476.5481047583141
improvementE2 : -476.54788778043024
improvementE2 : -476.5478832151387
improvementE1 : -476.54671560184283
improvementE3 : -476.54670826358006
improvementE1 : -476.5378617693022
improvementE1 : -476.5378604548362
improvementE1 : -476.53768950175316
improvementE2 : -476.5376205975672
improvementE1 : -476.53761421684624
improvementE2 : -476.53760858357225
improvementE1 : -476.53747158461056
improvementE3 : -476.5370751103726
improvementE3 : -476.53707354974574
improvementE1 : -476.5370721686163
logL = -2453.3176410416563
Removing 0 markers
Second round
improvementE1 : -476.53706786868224
improvementE2 : -476.53704594716174
improvementE1 : -476.1532560154571
improvementE2 : -476.1470610350135
improvementE3 : -476.1458513351355
improvementE2 : -476.10932027388185
improvementE2 : -476.10931472261143
improvementE3 : -476.10931207890627
improvementE1 : -476.0692418870928
improvementE1 : -476.06924036744215
improvementE2 : -476.06923707687906
improvementE3 : -476.0692339462295
improvementE2 : -476.0692326277527
improvementE3 : -476.06741278533104
improvementE1 : -476.0674033161898
improvementE3 : -476.0671535086965
improvementE1 : -476.0669680466609
improvementE2 : -476.0666177650014
improvementE3 : -476.06659313155603
improvementE2 : -476.0663936197055
improvementE2 : -476.0663725905225
improvementE2 : -476.06519421016907
improvementE2 : -476.0651928555414
improvementE2 : -476.065080821677
improvementE2 : -476.06506695126683
improvementE1 : -476.06506578143234
improvementE3 : -476.0645004296986
improvementE3 : -476.05562193542613
improvementE2 : -476.05562080623906
improvementE2 : -476.05561865814997
improvementE2 : -476.05561761268433
improvementE2 : -476.055565552549
improvementE3 : -476.0552750724561
improvementE1 : -476.05527221631684
improvementE1 : -476.0552579652868
improvementE3 : -476.0552568567785
