0->0 : 0
0->1 : 0
0->2 : 0
       Error rate = 0.0
1->0 : 0
1->1 : 0
1->2 : 0
       Error rate = 0.0
2->0 : 0
2->1 : 0
2->2 : 0
       Error rate = 0.0
0,2->0,2 : 1181913
  0,2->1 : 0
1,2->1,2 : 0
  1,2->0 : 0
       Error rate = 0.0
Maternally informative markers = 0 (of 10219)
Paternally informative markers = 10219
Maternally or paternally informative markers = 10219
Removed 0 children
Removed 0 markers
Number of LGs = 45
***Family = fam_08 chromosome = 18 numMarkers = 225 maternal informative markers 0 (paternal informative markers 225)
***Family = fam_01 chromosome = 18 numMarkers = 225 maternal informative markers 0 (paternal informative markers 225)
***Family = fam_09 chromosome = 18 numMarkers = 225 maternal informative markers 0 (paternal informative markers 225)
225->181
181->181
All pairs
join 12 and 66 score = 0.0 sizes 1,1
join 49 and 119 score = 0.0 sizes 1,1
join 64 and 123 score = 0.0 sizes 1,1
join 64 and 67 score = 0.0 sizes 2,1
join 54 and 114 score = 0.0 sizes 1,1
join 66 and 148 score = 0.0 sizes 2,1
join 1 and 12 score = 0.0 sizes 1,3
join 109 and 123 score = 0.0 sizes 1,3
join 103 and 121 score = 0.0 sizes 1,1
join 74 and 124 score = 0.0 sizes 1,1
join 103 and 134 score = 0.0 sizes 2,1
join 1 and 37 score = 0.0 sizes 4,1
join 38 and 148 score = 0.0 sizes 1,5
join 38 and 162 score = 0.0 sizes 6,1
join 0 and 25 score = 0.0 sizes 1,1
join 0 and 95 score = 0.0 sizes 2,1
join 51 and 158 score = 0.0 sizes 1,1
join 100 and 132 score = 0.0 sizes 1,1
join 86 and 132 score = 0.0 sizes 1,2
join 31 and 105 score = 0.0 sizes 1,1
join 49 and 51 score = 0.0 sizes 2,2
join 116 and 158 score = 0.0 sizes 1,4
join 86 and 134 score = 0.0 sizes 3,3
join 84 and 160 score = 0.0 sizes 1,1
join 10 and 22 score = 0.0 sizes 1,1
join 22 and 79 score = 0.0 sizes 2,1
join 10 and 37 score = 0.0 sizes 3,7
join 100 and 164 score = 0.0 sizes 6,1
join 7 and 168 score = 0.0 sizes 1,1
join 74 and 129 score = 0.0 sizes 2,1
join 26 and 83 score = 0.0 sizes 1,1
join 26 and 141 score = 0.0 sizes 2,1
join 102 and 155 score = 0.0 sizes 1,1
join 102 and 126 score = 0.0 sizes 2,1
join 29 and 96 score = 0.0 sizes 1,1
join 19 and 127 score = 0.0 sizes 1,1
join 57 and 163 score = 0.0 sizes 1,1
join 54 and 163 score = 0.0 sizes 2,2
join 155 and 176 score = 0.0 sizes 3,1
join 91 and 106 score = 0.0 sizes 1,1
join 125 and 126 score = 0.0 sizes 1,4
join 109 and 121 score = 0.0 sizes 4,7
join 79 and 164 score = 0.0 sizes 10,11
join 154 and 162 score = 0.0 sizes 1,21
join 57 and 180 score = 0.0 sizes 4,1
join 2 and 142 score = 0.0 sizes 1,1
join 84 and 142 score = 0.0 sizes 2,2
join 160 and 171 score = 0.0 sizes 4,1
join 147 and 169 score = 0.0 sizes 1,1
join 23 and 72 score = 0.0 sizes 1,1
join 46 and 176 score = 0.0 sizes 1,5
join 46 and 124 score = 0.0 sizes 6,3
join 15 and 125 score = 0.0 sizes 1,9
join 15 and 39 score = 0.0 sizes 10,1
join 19 and 156 score = 0.0 sizes 2,1
join 60 and 114 score = 0.0 sizes 1,5
join 71 and 152 score = 0.0 sizes 1,1
join 60 and 71 score = 0.0 sizes 6,2
join 94 and 169 score = 0.0 sizes 1,2
join 17 and 161 score = 0.0 sizes 1,1
join 130 and 137 score = 0.0 sizes 1,1
join 3 and 137 score = 0.0 sizes 1,2
join 3 and 119 score = 0.0 sizes 3,5
join 111 and 154 score = 0.0 sizes 1,22
join 93 and 118 score = 0.0 sizes 1,1
join 94 and 178 score = 0.0 sizes 3,1
join 139 and 147 score = 0.0 sizes 1,4
join 68 and 95 score = 0.0 sizes 1,3
join 115 and 117 score = 0.0 sizes 1,1
join 65 and 105 score = 0.0 sizes 1,2
join 9 and 13 score = 0.0 sizes 1,1
join 130 and 131 score = 0.0 sizes 8,1
join 141 and 156 score = 0.0 sizes 3,3
join 62 and 117 score = 0.0 sizes 1,2
join 40 and 152 score = 0.0 sizes 1,8
join 90 and 111 score = 0.0 sizes 1,23
join 90 and 108 score = 0.0 sizes 24,1
join 11 and 25 score = 0.0 sizes 1,4
join 81 and 146 score = 0.0 sizes 1,1
join 91 and 146 score = 0.0 sizes 2,2
join 72 and 171 score = 0.0 sizes 2,5
join 2 and 70 score = 0.0 sizes 7,1
join 70 and 150 score = 0.0 sizes 8,1
join 8 and 149 score = 0.0 sizes 1,1
join 44 and 68 score = 0.0 sizes 1,5
join 65 and 161 score = 0.0 sizes 3,2
join 55 and 168 score = 0.0 sizes 1,2
join 63 and 98 score = 0.0 sizes 1,1
join 63 and 75 score = 0.0 sizes 2,1
join 175 and 177 score = 0.0 sizes 1,1
join 42 and 55 score = 0.0 sizes 1,3
join 81 and 143 score = 0.0 sizes 4,1
join 80 and 112 score = 0.0 sizes 1,1
join 27 and 80 score = 0.0 sizes 1,2
join 159 and 166 score = 0.0 sizes 1,1
join 13 and 58 score = 0.0 sizes 2,1
join 101 and 166 score = 0.0 sizes 1,2
join 61 and 113 score = 0.0 sizes 1,1
join 6 and 104 score = 0.0 sizes 1,1
join 59 and 159 score = 0.0 sizes 1,3
join 6 and 30 score = 0.0 sizes 2,1
join 99 and 104 score = 0.0 sizes 1,3
join 43 and 127 score = 0.006289308176100629 sizes 1,6
join 20 and 173 score = 0.0 sizes 1,1
join 69 and 135 score = 0.0 sizes 1,1
join 30 and 34 score = 0.0 sizes 4,1
join 78 and 99 score = 0.0 sizes 1,5
join 40 and 73 score = 0.0 sizes 9,1
join 59 and 115 score = 0.007751937984496124 sizes 4,3
join 112 and 118 score = 0.005376344086021506 sizes 3,2
join 27 and 75 score = 0.006493506493506494 sizes 5,3
join 28 and 174 score = 0.0 sizes 1,1
join 50 and 128 score = 0.0 sizes 1,1
join 120 and 179 score = 0.006329113924050633 sizes 1,1
join 131 and 175 score = 0.007751937984496124 sizes 9,2
All pairs
join 89 and 157 score = 0.0 sizes 1,1
join 24 and 97 score = 0.0 sizes 1,1
join 28 and 39 score = 0.0 sizes 2,11
join 62 and 122 score = 0.0 sizes 7,1
join 61 and 138 score = 0.0 sizes 2,1
join 58 and 157 score = 0.005952380952380952 sizes 3,2
join 24 and 87 score = 0.0 sizes 2,1
join 34 and 151 score = 0.0 sizes 6,1
join 77 and 113 score = 0.0 sizes 1,3
join 56 and 138 score = 0.0 sizes 1,4
join 110 and 139 score = 0.009302325581395349 sizes 1,5
join 110 and 174 score = 0.0 sizes 6,13
join 83 and 108 score = 0.007194244604316547 sizes 7,25
join 43 and 52 score = 0.006289308176100629 sizes 32,1
join 69 and 106 score = 0.006756756756756757 sizes 2,5
join 96 and 135 score = 0.011235955056179775 sizes 2,7
join 48 and 53 score = 0.0 sizes 1,1
join 48 and 76 score = 0.0 sizes 2,1
join 32 and 87 score = 0.0 sizes 1,3
join 98 and 145 score = 0.0 sizes 8,1
join 53 and 136 score = 0.0 sizes 3,1
join 76 and 129 score = 0.0 sizes 4,19
join 7 and 41 score = 0.0 sizes 4,1
join 17 and 52 score = 0.0125 sizes 5,33
join 4 and 77 score = 0.0 sizes 1,5
join 56 and 67 score = 0.0 sizes 6,38
join 5 and 165 score = 0.0 sizes 1,1
join 136 and 165 score = 0.0 sizes 23,2
join 44 and 133 score = 0.009433962264150943 sizes 6,1
join 4 and 23 score = 0.0 sizes 44,9
join 47 and 173 score = 0.0 sizes 1,2
join 143 and 180 score = 0.007462686567164179 sizes 9,10
join 73 and 92 score = 0.0 sizes 19,1
join 145 and 170 score = 0.0 sizes 9,1
join 122 and 170 score = 0.0 sizes 8,10
join 128 and 150 score = 0.018518518518518517 sizes 2,53
join 50 and 88 score = 0.0 sizes 55,1
join 88 and 167 score = 0.0 sizes 56,1
join 42 and 172 score = 0.013245033112582781 sizes 5,1
join 8 and 172 score = 0.012738853503184714 sizes 2,6
join 18 and 140 score = 0.0 sizes 1,1
join 20 and 89 score = 0.012658227848101266 sizes 3,5
join 11 and 167 score = 0.018633540372670808 sizes 7,57
join 9 and 29 score = 0.013333333333333334 sizes 8,20
join 78 and 92 score = 0.0 sizes 7,28
join 16 and 153 score = 0.0 sizes 1,1
join 16 and 33 score = 0.0 sizes 2,1
join 35 and 36 score = 0.0 sizes 1,1
join 32 and 35 score = 0.0 sizes 4,2
join 36 and 45 score = 0.0 sizes 6,1
join 97 and 133 score = 0.03076923076923077 sizes 7,64
join 177 and 178 score = 0.039473684210526314 sizes 11,25
join 21 and 85 score = 0.0 sizes 1,1
join 85 and 151 score = 0.037037037037037035 sizes 2,35
join 93 and 140 score = 0.037037037037037035 sizes 18,2
join 45 and 107 score = 0.03333333333333333 sizes 71,1
join 82 and 149 score = 0.07407407407407407 sizes 1,8
join 144 and 179 score = 0.06666666666666667 sizes 1,2
join 5 and 153 score = 0.07407407407407407 sizes 36,3
All pairs
join 41 and 144 score = 0.15384615384615385 sizes 9,3
join 101 and 120 score = 0.13291139240506328 sizes 20,12
join 18 and 107 score = 0.12121212121212122 sizes 32,72
join 14 and 116 score = 0.08695652173913043 sizes 1,39
join 21 and 33 score = 0.11538461538461539 sizes 37,40
join 47 and 82 score = 0.0 sizes 77,104
score = 1.2080232170845715
improvementE3 : -607.6101363579846
improvementE1 : -607.6100976329946
improvementE3 : -607.609695818701
improvementE3 : -607.60934311731
improvementE1 : -607.0454478219209
improvementE2 : -606.7693366006844
improvementE2 : -606.7693025260111
improvementE3 : -606.7414973523785
improvementE2 : -606.7375626947386
improvementE1 : -606.7120190954015
improvementE3 : -606.6742740471614
improvementE1 : -606.6742717362172
improvementE1 : -606.6729786955897
improvementE1 : -606.6729353170781
improvementE2 : -606.6415850044392
improvementE3 : -606.5740671836385
improvementE3 : -606.5217539997361
improvementE3 : -606.5217464356323
improvementE1 : -606.5214971690198
improvementE3 : -606.521473551715
improvementE3 : -606.401433605622
improvementE1 : -606.3987923099189
improvementE1 : -606.2057580935731
improvementE1 : -606.1922882058935
improvementE1 : -606.1916122381617
improvementE2 : -606.180203619663
improvementE3 : -605.7435821705519
improvementE1 : -605.7435800632912
improvementE1 : -605.7387196450595
improvementE2 : -605.7387107937691
improvementE3 : -605.5848176510706
improvementE3 : -605.5846974730978
improvementE1 : -605.5750037801129
improvementE3 : -605.5544204535312
improvementE3 : -605.5543461893453
improvementE2 : -605.4588847811274
improvementE3 : -605.4583965635429
improvementE1 : -605.4399702521999
improvementE3 : -605.4398535130902
improvementE2 : -597.9052951900397
improvementE2 : -597.9051662967989
improvementE1 : -597.9050860706868
improvementE1 : -597.9050226319999
improvementE1 : -597.9049407949661
improvementE3 : -597.9049269515891
improvementE1 : -597.9026550125226
improvementE3 : -597.9026441888591
improvementE3 : -597.9026301869906
improvementE3 : -597.8958279948602
improvementE3 : -597.8686959820337
improvementE1 : -597.8677401792918
improvementE1 : -597.8650750927662
improvementE1 : -597.8650221199218
improvementE1 : -597.8650203693853
improvementE3 : -597.5263323448387
improvementE3 : -597.5257665656198
improvementE1 : -597.5257266603892
improvementE1 : -597.5257094625259
improvementE1 : -597.5257043039927
improvementE3 : -597.52567286971
improvementE2 : -597.5247169333554
improvementE2 : -597.5245989227753
improvementE3 : -597.5242296088398
improvementE2 : -597.4917260022181
improvementE3 : -597.4916235493757
improvementE3 : -597.3704450786694
improvementE3 : -597.3703570037629
improvementE3 : -597.3696412772172
improvementE2 : -597.369592100575
improvementE1 : -597.3695899862965
improvementE3 : -597.3441207788599
improvementE3 : -596.1308148214149
improvementE2 : -596.0973266030152
improvementE2 : -596.0754540072336
improvementE2 : -596.0499876931847
improvementE2 : -596.0427312738275
improvementE2 : -593.6447000924063
improvementE3 : -591.4884310111959
improvementE1 : -591.4838240097105
improvementE1 : -591.4828822751739
improvementE1 : -591.4827576626784
improvementE3 : -591.4824643831569
improvementE2 : -591.4824511591481
improvementE1 : -591.4823530893709
improvementE2 : -591.4823509392228
improvementE3 : -591.4736238631104
improvementE1 : -591.4735867664946
improvementE1 : -591.4714448606229
improvementE1 : -591.4712417134419
improvementE1 : -591.4712406180519
improvementE3 : -591.4711918240419
improvementE1 : -591.4711063330519
improvementE1 : -591.4003600802088
improvementE1 : -591.3766100014645
improvementE2 : -591.3766058578113
improvementE1 : -591.3766032893113
improvementE2 : -591.3765673157852
improvementE1 : -591.376206403278
improvementE1 : -591.3762043008442
improvementE3 : -591.3686666500678
improvementE2 : -591.3455295811373
improvementE1 : -591.3440106537641
improvementE3 : -588.102482542857
improvementE3 : -588.1024441793475
improvementE2 : -588.0986474555033
improvementE1 : -588.0986429367074
improvementE3 : -588.0986161591743
improvementE3 : -588.0975951189994
improvementE3 : -588.097591715977
improvementE1 : -588.0958738171271
improvementE3 : -588.0956819165345
improvementE1 : -588.0956750108797
improvementE3 : -588.0956217452324
improvementE2 : -588.0955760659424
improvementE2 : -588.0955625786796
improvementE3 : -588.0209530531873
improvementE1 : -588.0208926333951
improvementE3 : -588.0208904830488
improvementE1 : -582.2390064947994
improvementE3 : -582.2367113021486
improvementE3 : -582.2266872569533
improvementE2 : -582.2264893703468
improvementE2 : -582.2264858825918
improvementE2 : -582.2191212179573
improvementE1 : -582.219119825963
improvementE3 : -582.179087107559
improvementE2 : -582.1790379571092
improvementE1 : -582.1790359172629
improvementE1 : -582.1714381312469
improvementE3 : -582.1713834836863
improvementE2 : -582.0616910511241
improvementE3 : -582.0616810667244
improvementE3 : -582.0612331660454
improvementE3 : -582.0596617752038
improvementE2 : -582.0596569883145
improvementE3 : -582.0591757303256
improvementE1 : -582.059137824891
improvementE2 : -582.047884125262
improvementE1 : -582.0478830472584
improvementE1 : -582.0478791132397
improvementE1 : -582.0477425293972
improvementE3 : -582.0474628561527
improvementE1 : -579.2203801544508
improvementE2 : -573.6075327890461
improvementE1 : -573.607530484449
improvementE3 : -573.60750479248
improvementE1 : -573.6074917914606
improvementE3 : -569.4984946617332
improvementE3 : -569.4984717524809
improvementE3 : -569.498197308322
improvementE1 : -569.3346718209582
improvementE2 : -569.3345816867932
improvementE3 : -569.3335936268388
improvementE2 : -569.3335536107509
improvementE3 : -566.7636923324915
improvementE2 : -566.7632263639091
improvementE1 : -562.4345997438867
improvementE2 : -562.4345959490838
improvementE2 : -562.434594807826
improvementE3 : -562.4331478546591
improvementE2 : -562.4217393648905
improvementE2 : -562.4214068038027
improvementE3 : -562.4130167061791
improvementE1 : -562.324898938021
improvementE3 : -562.3248978409832
improvementE2 : -560.5833164145383
improvementE3 : -560.583208594643
improvementE3 : -558.0353854392146
improvementE3 : -557.9679852009557
improvementE1 : -557.9679832804569
improvementE3 : -557.8830023578506
improvementE2 : -557.8829863054357
improvementE1 : -557.7776583603373
improvementE1 : -557.7763857449021
improvementE1 : -557.776384483617
improvementE2 : -554.8241307580683
improvementE3 : -553.5542331553079
improvementE3 : -553.5542235253563
improvementE3 : -553.5542205792093
improvementE3 : -550.5625946901359
improvementE1 : -550.5615955174131
improvementE1 : -550.5615873637682
improvementE3 : -549.7778767379978
improvementE2 : -549.7778584038638
improvementE1 : -549.7778446790993
improvementE3 : -549.5785472732659
improvementE2 : -549.5785393460671
improvementE3 : -549.5784161876022
improvementE2 : -549.5784119266666
improvementE3 : -548.4722993174881
improvementE3 : -548.4702861727716
improvementE1 : -548.4521711165685
improvementE3 : -547.9649080661245
improvementE3 : -547.9648965314927
improvementE3 : -547.9648947906226
improvementE3 : -547.9349320359246
improvementE2 : -547.9347694095203
improvementE1 : -547.9331493838497
improvementE1 : -547.6604701304434
improvementE1 : -544.4693349352552
improvementE1 : -544.469157447616
improvementE3 : -544.469013617561
improvementE1 : -544.469012119722
improvementE1 : -544.4689965244476
improvementE2 : -544.4689943651878
improvementE3 : -544.4687479091978
improvementE1 : -544.4686984826267
improvementE3 : -544.4631149237158
improvementE2 : -544.4597326708976
improvementE3 : -544.4596132992727
improvementE3 : -544.4596047207125
improvementE3 : -544.4586237581871
improvementE1 : -544.458423067261
improvementE1 : -544.4579789043053
improvementE3 : -544.4579357348516
improvementE2 : -544.4521892655754
improvementE2 : -543.3244723406328
improvementE1 : -543.3243257913921
improvementE3 : -540.6322622844773
improvementE2 : -540.6322314313084
improvementE3 : -540.6321965078574
improvementE2 : -540.6041137231834
improvementE2 : -540.6018536170968
improvementE2 : -540.5965975277512
improvementE3 : -540.5863630445219
improvementE2 : -540.586361256455
improvementE2 : -540.5700022673474
improvementE2 : -540.5690210751754
improvementE1 : -540.5584560197145
improvementE3 : -540.5580552255626
improvementE1 : -540.5579762024473
improvementE2 : -521.3580056137231
improvementE1 : -521.3574599328985
improvementE3 : -521.3574137639578
improvementE1 : -521.3573896114922
improvementE3 : -521.3573494159737
improvementE3 : -520.4772995798227
improvementE3 : -518.8684520150032
improvementE3 : -518.8684509957933
improvementE3 : -518.8684381451499
improvementE1 : -518.8684236490002
improvementE1 : -518.86841169864
improvementE2 : -518.8681237331431
improvementE1 : -518.8681179301286
improvementE1 : -518.8681070645539
improvementE2 : -518.8680306099079
improvementE1 : -518.8677776604309
improvementE3 : -518.8668804713723
improvementE2 : -518.8668647934436
improvementE1 : -518.6619300970377
improvementE3 : -518.6610366242285
improvementE2 : -518.6579323387551
improvementE2 : -518.6579302256503
improvementE2 : -518.606576237261
improvementE2 : -518.606490294221
improvementE2 : -518.6064869573989
improvementE3 : -518.6063196107624
improvementE3 : -518.6063184920673
improvementE3 : -518.6061288318679
improvementE3 : -518.6061120405984
improvementE3 : -518.6056745667663
improvementE3 : -513.6331726995115
improvementE1 : -513.6329831222668
improvementE3 : -513.6043852102847
improvementE1 : -513.6043178635989
improvementE3 : -513.6042999050364
improvementE2 : -513.6042907372901
improvementE2 : -513.6042110002579
improvementE3 : -513.6042023761538
improvementE3 : -513.6041806500749
improvementE2 : -513.4153057993027
improvementE3 : -513.37834328128
improvementE1 : -513.3783144184512
improvementE3 : -513.3782787509926
improvementE3 : -513.378276285936
improvementE3 : -513.3519920725847
improvementE3 : -513.3519871024722
improvementE3 : -513.3519859337744
improvementE2 : -513.342586542731
improvementE1 : -513.3423983030557
improvementE1 : -513.3423967301429
improvementE1 : -513.3423955659791
improvementE1 : -509.12095898536666
improvementE3 : -509.1209556747192
improvementE1 : -509.1209456964581
improvementE3 : -509.12093735604105
improvementE1 : -509.1203024386457
improvementE2 : -509.1201687977042
improvementE2 : -509.12011976589923
improvementE1 : -509.111891233693
improvementE3 : -509.11179589659366
improvementE1 : -509.1117883223458
improvementE2 : -509.11177603974426
improvementE1 : -509.11177293569926
improvementE3 : -509.1114529280435
improvementE1 : -509.11142299272655
improvementE2 : -509.1109802647426
improvementE1 : -509.1109637917916
improvementE2 : -509.11093900326455
improvementE3 : -509.10650223874626
improvementE1 : -509.1064435139847
improvementE2 : -509.1064095738144
improvementE2 : -509.10630062580674
improvementE3 : -509.10619279467375
improvementE2 : -509.1061849093952
improvementE2 : -509.1061760318153
improvementE3 : -509.10617429571477
improvementE3 : -509.10611191443587
improvementE1 : -509.1004569264035
improvementE3 : -509.1004559209635
improvementE3 : -505.63863343396423
improvementE1 : -505.637568609707
improvementE3 : -505.6375668160792
improvementE3 : -505.63751042799777
improvementE1 : -505.6373481465434
improvementE2 : -505.63730987864614
improvementE1 : -505.63729233538004
improvementE2 : -505.6372913312389
improvementE3 : -505.6366254655848
improvementE2 : -505.6365224287588
improvementE3 : -505.6355707858967
improvementE1 : -505.6354821912598
improvementE3 : -505.63527246649215
improvementE3 : -505.63481924868853
improvementE1 : -505.6348137567173
improvementE3 : -505.63481151886526
improvementE3 : -505.6348061972916
improvementE2 : -505.6348041333336
improvementE1 : -505.6346559991437
improvementE3 : -505.63283486112556
improvementE2 : -505.63271960251876
improvementE3 : -505.63270488151
improvementE3 : -505.6258629946398
improvementE2 : -505.625857248021
improvementE2 : -505.6248309980809
improvementE1 : -505.6248216552935
improvementE3 : -505.6248200739607
improvementE3 : -505.6248190106018
improvementE3 : -505.6248178583064
improvementE3 : -505.6245319707457
improvementE3 : -505.62452991761245
improvementE3 : -505.62452492012284
improvementE2 : -505.62451647151966
improvementE2 : -505.6240011770712
improvementE2 : -505.62399420134756
improvementE3 : -505.6239928117974
improvementE3 : -505.62399092175207
improvementE2 : -498.8668288089657
improvementE1 : -497.9941537524146
improvementE1 : -497.99413450110546
improvementE2 : -497.994116350186
improvementE3 : -497.9940608825136
improvementE1 : -497.99397767065034
improvementE2 : -497.99385820319424
improvementE2 : -497.99082670573273
improvementE3 : -494.8063260650204
improvementE1 : -494.80510958371116
improvementE3 : -494.8051053408031
improvementE3 : -494.51915491787224
improvementE1 : -493.39196497999666
improvementE3 : -493.3919511100253
improvementE1 : -493.3918774822923
improvementE1 : -493.3918751830757
improvementE3 : -493.39187072424295
improvementE1 : -493.3917903177088
improvementE1 : -488.0740817994514
improvementE1 : -483.6878983540386
improvementE1 : -483.6878903262938
improvementE3 : -477.040117612587
improvementE3 : -477.0401149535036
improvementE3 : -477.0400945582851
improvementE3 : -475.45654605909056
improvementE2 : -475.4565438690219
logL = -4743.386117261876
Removing 0 markers
Second round
improvementE3 : -475.45654022360964
improvementE2 : -475.4565343539323
improvementE2 : -474.12728716644045
improvementE3 : -474.1272836413769
improvementE3 : -474.1272448918258
improvementE1 : -474.12718916808177
improvementE3 : -473.1301976816485
improvementE3 : -472.1715328378279
improvementE2 : -472.1488059363013
improvementE1 : -472.1487982883036
improvementE1 : -472.14878422917303
improvementE2 : -472.1487814626571
improvementE3 : -472.148779010913
improvementE3 : -472.1487768894824
improvementE2 : -472.148775359082
improvementE3 : -472.1487646256959
improvementE2 : -468.56747440923994
improvementE1 : -468.56747272770787
improvementE3 : -468.56747146032495
improvementE1 : -468.5674448636771
improvementE2 : -464.9295070760404
improvementE3 : -464.9294937932063
improvementE2 : -464.9294597465471
improvementE1 : -464.92926837253617
improvementE3 : -464.9292293506252
improvementE3 : -464.9292128180995
improvementE1 : -464.92919561534325
improvementE1 : -464.9291885392855
improvementE1 : -464.9291862895922
improvementE2 : -464.9291811458557
improvementE2 : -464.9050356151752
improvementE1 : -464.9049900626072
improvementE3 : -464.0712614185666
improvementE1 : -464.06066242965187
improvementE2 : -464.0585353615416
improvementE2 : -464.0585339522431
improvementE1 : -464.0585324608786
improvementE2 : -464.05852884510114
improvementE3 : -464.05814449058244
improvementE3 : -464.05814237200207
improvementE3 : -464.0581187866858
improvementE1 : -464.0459642770373
improvementE2 : -464.04595970328216
improvementE2 : -464.0459514957091
improvementE2 : -464.04505701830846
improvementE3 : -464.0450517881604
improvementE1 : -464.0448628030895
improvementE1 : -464.044858264838
improvementE1 : -464.0448122207371
improvementE3 : -464.0448078762475
improvementE2 : -463.02761562985944
improvementE1 : -459.1967937351426
improvementE1 : -459.19679111086134
improvementE3 : -459.1962667974985
improvementE3 : -459.1961201891791
improvementE2 : -459.1961163648199
improvementE1 : -459.1959895595004
improvementE3 : -459.1933591514277
improvementE3 : -459.19322099964336
improvementE3 : -459.19318155953437
improvementE1 : -459.19101493857085
improvementE3 : -459.19101029492197
improvementE1 : -455.72309732773
improvementE2 : -455.72231649439647
improvementE3 : -455.71972873748354
improvementE2 : -455.7065094540413
improvementE3 : -455.7048294046749
improvementE1 : -455.7048265599211
improvementE2 : -455.70481383737604
improvementE3 : -455.7048115244257
improvementE3 : -455.70480949975496
improvementE3 : -455.7048077993862
improvementE2 : -455.7047976388105
improvementE1 : -455.7046808476883
improvementE1 : -455.70418481582647
improvementE3 : -455.68226771173335
improvementE1 : -453.92086422181006
improvementE2 : -453.92085714633146
improvementE3 : -453.92058586140087
improvementE3 : -453.9205768282513
improvementE2 : -450.99249491116296
improvementE1 : -450.99249359973606
improvementE1 : -445.76756918237317
improvementE3 : -445.76755980233713
improvementE2 : -445.76754431130684
improvementE1 : -441.89826271939774
improvementE2 : -441.89808520798516
improvementE2 : -441.8980722042976
improvementE2 : -441.89806368470136
improvementE3 : -440.62308922545174
improvementE1 : -440.62274116918366
improvementE1 : -440.6227393282026
improvementE2 : -440.62038399529206
improvementE3 : -440.62038165130616
improvementE3 : -440.62037290582606
improvementE1 : -440.6203652175838
improvementE1 : -440.5959756109428
improvementE3 : -440.595935954898
improvementE2 : -438.953624300992
improvementE3 : -438.95355485030717
improvementE2 : -438.95345615681737
improvementE3 : -438.95345468955304
improvementE3 : -438.953450307085
improvementE3 : -429.7233668101599
improvementE2 : -429.7001889280942
improvementE1 : -429.7001826945695
improvementE2 : -429.69947878989535
improvementE2 : -429.69947760853063
improvementE2 : -429.69947338576736
improvementE1 : -429.69928302866737
improvementE1 : -429.69894486867935
improvementE1 : -429.69891962524656
improvementE2 : -429.6989180224096
improvementE2 : -429.6989151255593
improvementE1 : -429.6841249294724
improvementE3 : -429.68403015147976
improvementE3 : -429.682459844195
improvementE2 : -429.68245821404685
improvementE3 : -429.6824533896937
improvementE1 : -429.6824514715922
improvementE2 : -429.68200417764257
improvementE3 : -429.6820027468998
improvementE1 : -429.6819982809291
improvementE2 : -429.68199550880195
improvementE2 : -426.9422635968574
improvementE3 : -421.1533152606197
