0->0 : 0
0->1 : 0
0->2 : 0
       Error rate = 0.0
1->0 : 0
1->1 : 0
1->2 : 0
       Error rate = 0.0
2->0 : 0
2->1 : 0
2->2 : 0
       Error rate = 0.0
0,2->0,2 : 1181913
  0,2->1 : 0
1,2->1,2 : 0
  1,2->0 : 0
       Error rate = 0.0
Maternally informative markers = 0 (of 10219)
Paternally informative markers = 10219
Maternally or paternally informative markers = 10219
Removed 0 children
Removed 0 markers
Number of LGs = 45
***Family = fam_08 chromosome = 7 numMarkers = 313 maternal informative markers 0 (paternal informative markers 313)
***Family = fam_01 chromosome = 7 numMarkers = 313 maternal informative markers 0 (paternal informative markers 313)
***Family = fam_09 chromosome = 7 numMarkers = 313 maternal informative markers 0 (paternal informative markers 313)
313->251
251->251
All pairs
join 19 and 36 score = 0.0 sizes 1,1
join 178 and 232 score = 0.0 sizes 1,1
join 148 and 232 score = 0.0 sizes 1,2
join 165 and 175 score = 0.0 sizes 1,1
join 53 and 172 score = 0.0 sizes 1,1
join 10 and 172 score = 0.0 sizes 1,2
join 10 and 19 score = 0.0 sizes 3,2
join 53 and 199 score = 0.0 sizes 5,1
join 109 and 226 score = 0.0 sizes 1,1
join 34 and 165 score = 0.0 sizes 1,2
join 98 and 214 score = 0.0 sizes 1,1
join 133 and 214 score = 0.0 sizes 1,2
join 14 and 133 score = 0.0 sizes 1,3
join 121 and 211 score = 0.0 sizes 1,1
join 97 and 175 score = 0.0 sizes 1,3
join 55 and 114 score = 0.0 sizes 1,1
join 49 and 168 score = 0.0 sizes 1,1
join 125 and 249 score = 0.0 sizes 1,1
join 50 and 125 score = 0.0 sizes 1,2
join 73 and 153 score = 0.0 sizes 1,1
join 73 and 119 score = 0.0 sizes 2,1
join 119 and 223 score = 0.0 sizes 3,1
join 153 and 218 score = 0.0 sizes 4,1
join 155 and 181 score = 0.0 sizes 1,1
join 29 and 102 score = 0.0 sizes 1,1
join 12 and 113 score = 0.0 sizes 1,1
join 113 and 215 score = 0.0 sizes 2,1
join 92 and 143 score = 0.0 sizes 1,1
join 97 and 121 score = 0.0 sizes 4,2
join 34 and 229 score = 0.0 sizes 6,1
join 29 and 211 score = 0.0 sizes 2,7
join 146 and 230 score = 0.0 sizes 1,1
join 36 and 120 score = 0.0 sizes 6,1
join 85 and 120 score = 0.0 sizes 1,7
join 22 and 192 score = 0.0 sizes 1,1
join 23 and 98 score = 0.0 sizes 1,4
join 23 and 160 score = 0.0 sizes 5,1
join 143 and 160 score = 0.0 sizes 2,6
join 169 and 243 score = 0.0 sizes 1,1
join 33 and 243 score = 0.0 sizes 1,2
join 59 and 248 score = 0.0 sizes 1,1
join 39 and 150 score = 0.0 sizes 1,1
join 76 and 150 score = 0.0 sizes 1,2
join 0 and 18 score = 0.0 sizes 1,1
join 59 and 65 score = 0.0 sizes 2,1
join 41 and 55 score = 0.0 sizes 1,2
join 129 and 235 score = 0.0 sizes 1,1
join 144 and 167 score = 0.0 sizes 1,1
join 22 and 144 score = 0.0 sizes 2,2
join 0 and 11 score = 0.0 sizes 2,1
join 18 and 111 score = 0.0 sizes 3,1
join 39 and 99 score = 0.0 sizes 3,1
join 159 and 189 score = 0.0 sizes 1,1
join 99 and 159 score = 0.0 sizes 4,2
join 100 and 185 score = 0.0 sizes 1,1
join 118 and 122 score = 0.0 sizes 1,1
join 50 and 90 score = 0.0 sizes 3,1
join 1 and 90 score = 0.0 sizes 1,4
join 130 and 164 score = 0.0 sizes 1,1
join 75 and 236 score = 0.0 sizes 1,1
join 14 and 167 score = 0.0 sizes 8,4
join 1 and 17 score = 0.0 sizes 5,1
join 51 and 163 score = 0.0 sizes 1,1
join 13 and 180 score = 0.0 sizes 1,1
join 114 and 223 score = 0.0 sizes 3,5
join 183 and 216 score = 0.0 sizes 1,1
join 244 and 245 score = 0.0 sizes 1,1
join 220 and 245 score = 0.0 sizes 1,2
join 85 and 151 score = 0.0 sizes 8,1
join 106 and 151 score = 0.0 sizes 1,9
join 199 and 200 score = 0.0 sizes 10,1
join 101 and 136 score = 0.0 sizes 1,1
join 12 and 191 score = 0.0 sizes 3,1
join 155 and 215 score = 0.0 sizes 2,4
join 75 and 191 score = 0.0 sizes 2,6
join 128 and 198 score = 0.0 sizes 1,1
join 128 and 193 score = 0.0 sizes 2,1
join 192 and 227 score = 0.0 sizes 12,1
join 7 and 183 score = 0.0 sizes 1,2
join 94 and 146 score = 0.0 sizes 1,2
join 4 and 149 score = 0.0 sizes 1,1
join 41 and 250 score = 0.0 sizes 8,1
join 237 and 246 score = 0.0 sizes 1,1
join 219 and 237 score = 0.0 sizes 1,2
join 16 and 219 score = 0.0 sizes 1,3
join 56 and 213 score = 0.0 sizes 1,1
join 2 and 174 score = 0.0 sizes 1,1
join 2 and 231 score = 0.0 sizes 2,1
join 89 and 174 score = 0.0 sizes 1,3
join 224 and 231 score = 0.0 sizes 1,4
join 21 and 178 score = 0.0 sizes 1,3
join 88 and 179 score = 0.0 sizes 1,1
join 42 and 179 score = 0.0 sizes 1,2
join 100 and 134 score = 0.0 sizes 2,1
join 147 and 226 score = 0.0 sizes 1,2
join 109 and 209 score = 0.0 sizes 3,1
join 127 and 204 score = 0.0 sizes 1,1
join 156 and 208 score = 0.0 sizes 1,1
join 222 and 236 score = 0.0 sizes 1,8
join 27 and 126 score = 0.0 sizes 1,1
join 117 and 138 score = 0.0 sizes 1,1
join 106 and 193 score = 0.0 sizes 11,3
join 91 and 163 score = 0.0 sizes 1,2
join 52 and 67 score = 0.0 sizes 1,1
join 49 and 52 score = 0.0 sizes 2,2
join 31 and 67 score = 0.0 sizes 1,4
join 194 and 247 score = 0.0 sizes 1,1
join 194 and 212 score = 0.0 sizes 2,1
join 11 and 137 score = 0.0 sizes 4,1
join 103 and 124 score = 0.0 sizes 1,1
join 47 and 103 score = 0.0 sizes 1,2
join 112 and 205 score = 0.0 sizes 1,1
join 112 and 186 score = 0.0 sizes 2,1
join 152 and 189 score = 0.0 sizes 1,6
join 142 and 147 score = 0.0 sizes 1,4
join 148 and 218 score = 0.0 sizes 4,9
join 107 and 180 score = 0.0 sizes 1,2
join 57 and 107 score = 0.0 sizes 1,3
join 13 and 201 score = 0.0 sizes 4,1
join 64 and 208 score = 0.0 sizes 1,2
join 171 and 235 score = 0.005050505050505051 sizes 1,2
join 81 and 130 score = 0.0 sizes 1,2
join 71 and 79 score = 0.0 sizes 1,1
join 82 and 134 score = 0.0 sizes 1,3
join 48 and 105 score = 0.0 sizes 1,1
join 9 and 206 score = 0.0 sizes 1,1
join 28 and 37 score = 0.0 sizes 1,1
join 30 and 37 score = 0.0 sizes 1,2
join 69 and 139 score = 0.0 sizes 1,1
join 137 and 188 score = 0.0 sizes 5,1
join 72 and 188 score = 0.0 sizes 1,6
join 149 and 220 score = 0.0053475935828877 sizes 2,3
join 136 and 161 score = 0.0 sizes 2,1
join 80 and 171 score = 0.0 sizes 1,3
join 129 and 132 score = 0.00558659217877095 sizes 4,1
join 83 and 176 score = 0.0 sizes 1,1
join 204 and 230 score = 0.006211180124223602 sizes 2,3
join 38 and 94 score = 0.0 sizes 1,5
join 224 and 247 score = 0.006369426751592357 sizes 5,3
join 3 and 77 score = 0.006493506493506494 sizes 1,1
join 54 and 77 score = 0.0 sizes 1,2
join 3 and 202 score = 0.0 sizes 3,1
join 20 and 91 score = 0.006211180124223602 sizes 1,3
join 198 and 227 score = 0.0 sizes 14,13
join 16 and 195 score = 0.005154639175257732 sizes 4,1
join 68 and 201 score = 0.006369426751592357 sizes 1,5
join 162 and 187 score = 0.0 sizes 1,1
join 69 and 162 score = 0.0 sizes 2,2
join 28 and 202 score = 0.005555555555555556 sizes 3,4
join 78 and 156 score = 0.007462686567164179 sizes 1,3
join 20 and 64 score = 0.006134969325153374 sizes 4,4
join 210 and 233 score = 0.006289308176100629 sizes 1,1
join 79 and 87 score = 0.0 sizes 2,1
join 6 and 116 score = 0.0 sizes 1,1
join 60 and 154 score = 0.0 sizes 1,1
join 58 and 115 score = 0.0 sizes 1,1
join 60 and 115 score = 0.0 sizes 2,2
join 154 and 229 score = 0.0 sizes 4,9
join 54 and 102 score = 0.006666666666666667 sizes 7,13
join 30 and 166 score = 0.0 sizes 20,1
join 141 and 233 score = 0.0 sizes 1,2
join 61 and 210 score = 0.006329113924050633 sizes 1,3
join 141 and 145 score = 0.0 sizes 4,1
join 195 and 240 score = 0.0 sizes 5,1
join 132 and 240 score = 0.0 sizes 5,6
join 56 and 187 score = 0.0 sizes 2,4
join 83 and 213 score = 0.006944444444444444 sizes 2,6
join 116 and 176 score = 0.0 sizes 2,8
join 170 and 205 score = 0.0 sizes 1,3
join 46 and 170 score = 0.0 sizes 1,4
join 186 and 206 score = 0.0 sizes 5,2
join 82 and 166 score = 0.0 sizes 4,21
join 124 and 241 score = 0.010256410256410256 sizes 3,1
All pairs
join 126 and 182 score = 0.006211180124223602 sizes 2,1
join 40 and 76 score = 0.005917159763313609 sizes 1,7
join 4 and 35 score = 0.0 sizes 5,1
join 46 and 238 score = 0.0 sizes 7,1
join 58 and 238 score = 0.0 sizes 25,8
join 138 and 182 score = 0.012578616352201259 sizes 2,3
join 8 and 110 score = 0.0 sizes 1,1
join 152 and 190 score = 0.012738853503184714 sizes 8,1
join 158 and 228 score = 0.0 sizes 1,1
join 57 and 65 score = 0.012269938650306749 sizes 6,3
join 196 and 248 score = 0.0 sizes 1,9
join 184 and 203 score = 0.012269938650306749 sizes 1,1
join 40 and 184 score = 0.011764705882352941 sizes 9,2
join 24 and 234 score = 0.0 sizes 1,1
join 51 and 63 score = 0.012738853503184714 sizes 8,1
join 35 and 63 score = 0.0 sizes 6,9
join 24 and 105 score = 0.0 sizes 2,2
join 48 and 158 score = 0.0 sizes 4,2
join 6 and 228 score = 0.0 sizes 10,6
join 26 and 157 score = 0.0 sizes 1,1
join 26 and 123 score = 0.0 sizes 2,1
join 61 and 96 score = 0.0 sizes 5,1
join 42 and 93 score = 0.0 sizes 3,1
join 15 and 145 score = 0.0 sizes 1,6
join 45 and 96 score = 0.0 sizes 1,7
join 15 and 117 score = 0.0 sizes 8,5
join 118 and 139 score = 0.0 sizes 2,16
join 33 and 173 score = 0.0 sizes 3,1
join 87 and 196 score = 0.0 sizes 3,10
join 45 and 78 score = 0.0 sizes 13,15
join 110 and 161 score = 0.0 sizes 2,3
join 80 and 221 score = 0.0 sizes 11,1
join 31 and 38 score = 0.024242424242424242 sizes 5,6
join 86 and 244 score = 0.0 sizes 1,28
join 5 and 181 score = 0.020134228187919462 sizes 1,9
join 95 and 212 score = 0.013245033112582781 sizes 1,8
join 104 and 127 score = 0.0 sizes 1,11
join 241 and 250 score = 0.015037593984962405 sizes 4,13
join 70 and 190 score = 0.0196078431372549 sizes 1,11
join 5 and 70 score = 0.01694915254237288 sizes 10,12
join 68 and 217 score = 0.018633540372670808 sizes 13,1
join 8 and 62 score = 0.023668639053254437 sizes 5,1
join 122 and 209 score = 0.016260162601626018 sizes 18,5
join 44 and 242 score = 0.0 sizes 1,1
join 89 and 101 score = 0.016129032258064516 sizes 9,6
join 177 and 203 score = 0.02531645569620253 sizes 1,22
join 164 and 225 score = 0.029411764705882353 sizes 3,1
join 17 and 92 score = 0.031446540880503145 sizes 6,27
join 142 and 249 score = 0.023622047244094488 sizes 23,33
join 104 and 242 score = 0.03636363636363636 sizes 12,2
join 66 and 86 score = 0.03225806451612903 sizes 1,29
join 66 and 108 score = 0.0 sizes 30,1
join 7 and 246 score = 0.036585365853658534 sizes 3,12
join 111 and 169 score = 0.031818181818181815 sizes 7,4
join 177 and 225 score = 0.03048780487804878 sizes 23,4
join 207 and 222 score = 0.043795620437956206 sizes 1,27
join 62 and 81 score = 0.039473684210526314 sizes 15,28
join 95 and 216 score = 0.03896103896103896 sizes 43,15
join 131 and 221 score = 0.03571428571428571 sizes 1,58
join 157 and 168 score = 0.043478260869565216 sizes 3,14
join 25 and 207 score = 0.056338028169014086 sizes 1,59
join 93 and 123 score = 0.037037037037037035 sizes 4,17
join 47 and 217 score = 0.041916167664670656 sizes 17,14
join 25 and 140 score = 0.05454545454545454 sizes 60,1
join 27 and 197 score = 0.058394160583941604 sizes 31,1
join 88 and 185 score = 0.08759124087591241 sizes 21,33
join 135 and 239 score = 0.06666666666666667 sizes 1,1
join 74 and 197 score = 0.07692307692307693 sizes 1,32
join 71 and 72 score = 0.07017543859649122 sizes 31,11
join 32 and 140 score = 0.09848484848484848 sizes 1,61
All pairs
join 84 and 131 score = 0.16666666666666666 sizes 1,62
join 108 and 239 score = 0.10344827586206896 sizes 33,2
join 43 and 74 score = 0.1885245901639344 sizes 1,35
join 9 and 84 score = 0.27586206896551724 sizes 54,63
join 21 and 200 score = 0.264 sizes 42,56
join 44 and 234 score = 0.0 sizes 117,98
join 43 and 173 score = 0.0 sizes 36,215
score = 2.5041365744253232
improvementE1 : -1213.7237052387368
improvementE2 : -1212.6812831387226
improvementE1 : -1212.0199097631794
improvementE3 : -1212.0198757490434
improvementE2 : -1211.6352738012572
improvementE3 : -1210.1714273128837
improvementE1 : -1210.0471589171188
improvementE3 : -1209.7945726771516
improvementE2 : -1209.7563129948537
improvementE3 : -1206.593427416325
improvementE3 : -1206.587652875886
improvementE2 : -1206.5856223864569
improvementE3 : -1206.585348537864
improvementE1 : -1206.5101531153005
improvementE2 : -1195.3937790223633
improvementE2 : -1194.0099934019806
improvementE3 : -1194.0065871121817
improvementE2 : -1191.2151197431324
improvementE2 : -1191.2143744220302
improvementE3 : -1191.2131204193433
improvementE3 : -1191.2117785359928
improvementE3 : -1187.8437009094189
improvementE1 : -1187.8436954744548
improvementE2 : -1181.9427309919731
improvementE1 : -1181.94271983376
improvementE2 : -1181.9419898773888
improvementE2 : -1181.621621194754
improvementE2 : -1181.6212849605656
improvementE2 : -1181.5923729168126
improvementE1 : -1171.849576324888
improvementE2 : -1171.8494429788632
improvementE3 : -1171.847944228698
improvementE3 : -1171.8479411004143
improvementE3 : -1171.8478241869282
improvementE1 : -1171.831310307846
improvementE2 : -1171.8311783644426
improvementE2 : -1171.8308810584626
improvementE3 : -1171.7659245420425
improvementE3 : -1171.7233180740689
improvementE1 : -1171.7036545575122
improvementE1 : -1171.6886966171908
improvementE2 : -1171.6884203287402
improvementE2 : -1168.0968200856016
improvementE1 : -1168.0922904612662
improvementE3 : -1167.9808577806486
improvementE1 : -1167.9806142382547
improvementE2 : -1165.2178946788417
improvementE1 : -1165.104801948791
improvementE1 : -1165.1047736108885
improvementE3 : -1165.0924812137278
improvementE3 : -1164.7540842150938
improvementE1 : -1164.2154526476913
improvementE1 : -1163.8639330423705
improvementE2 : -1163.8639086171218
improvementE1 : -1161.120638904204
improvementE3 : -1161.1195909763535
improvementE3 : -1160.983513262486
improvementE3 : -1160.9807060514704
improvementE1 : -1160.9605816882727
improvementE3 : -1160.930966915501
improvementE3 : -1160.7546199134047
improvementE3 : -1159.606914216497
improvementE1 : -1159.6067757852777
improvementE2 : -1159.6066834898904
improvementE1 : -1159.6066774225826
improvementE2 : -1159.606622373045
improvementE3 : -1156.4915261018539
improvementE1 : -1156.4914151190376
improvementE3 : -1156.491039394588
improvementE3 : -1156.4910383084518
improvementE3 : -1156.46798097788
improvementE1 : -1152.279115446191
improvementE3 : -1152.2482990262217
improvementE2 : -1152.2448212762292
improvementE3 : -1152.2424713826802
improvementE3 : -1150.616806084156
improvementE2 : -1150.6168024137537
improvementE3 : -1150.6121669443057
improvementE2 : -1150.5049871524584
improvementE3 : -1150.504985497122
improvementE1 : -1150.504840333311
improvementE1 : -1150.497384912186
improvementE1 : -1150.4972383079105
improvementE2 : -1139.8094118400718
improvementE2 : -1139.809338679584
improvementE2 : -1139.7633759855912
improvementE1 : -1139.7633651081107
improvementE3 : -1138.74688827764
improvementE2 : -1126.9939374130513
improvementE3 : -1123.7168202437956
improvementE1 : -1123.7167532437466
improvementE2 : -1122.3850625536784
improvementE1 : -1122.3850133076721
improvementE1 : -1122.3326700253242
improvementE2 : -1122.3316986084747
improvementE3 : -1122.297146530194
improvementE2 : -1122.289702677242
improvementE2 : -1122.2879577251254
improvementE3 : -1122.2747238931331
improvementE2 : -1122.274722172448
improvementE1 : -1118.9131940247762
improvementE2 : -1118.7853469410024
improvementE3 : -1118.7280875289619
improvementE1 : -1117.6172523492219
improvementE3 : -1117.557186035511
improvementE1 : -1117.557163674592
improvementE3 : -1117.5567212136837
improvementE3 : -1117.5545143816485
improvementE1 : -1117.551953342933
improvementE2 : -1117.49641724914
improvementE2 : -1117.49616400794
improvementE3 : -1117.4958338995984
improvementE2 : -1116.0075154325173
improvementE3 : -1116.002700219088
improvementE3 : -1116.0026937903078
improvementE2 : -1114.572327663101
improvementE2 : -1112.7224021131778
improvementE2 : -1112.722398143659
improvementE2 : -1112.7221201354334
improvementE1 : -1112.6986213141074
improvementE1 : -1112.6986177101878
improvementE2 : -1112.6985957182778
improvementE3 : -1112.69836841291
improvementE1 : -1112.6967086335999
improvementE3 : -1111.5694466860848
improvementE1 : -1111.5619529247122
improvementE3 : -1111.5564344075497
improvementE3 : -1111.5503714616393
improvementE2 : -1111.5316616400467
improvementE1 : -1111.5314790266825
improvementE3 : -1109.6577434335045
improvementE1 : -1109.6519920887636
improvementE3 : -1109.6518892769259
improvementE3 : -1109.6518058518723
improvementE3 : -1109.4326190990591
improvementE2 : -1109.4325900508761
improvementE3 : -1109.4172770256876
improvementE1 : -1107.7216315194555
improvementE1 : -1104.5314373955064
improvementE2 : -1104.5311843493516
improvementE3 : -1104.5309615518709
improvementE2 : -1104.5289959118145
improvementE3 : -1104.2556998571142
improvementE2 : -1104.2554301880552
improvementE1 : -1104.251586775984
improvementE2 : -1104.2442649923198
improvementE2 : -1104.1629554684755
improvementE1 : -1104.1629538874154
improvementE3 : -1104.1629011247044
improvementE2 : -1104.162895275229
improvementE3 : -1097.5922944465124
improvementE2 : -1097.5922578547072
improvementE3 : -1097.5161157976002
improvementE3 : -1097.5159745566334
improvementE2 : -1097.5107697150133
improvementE2 : -1097.5070247590324
improvementE3 : -1092.9259488897485
improvementE2 : -1079.6981575461798
improvementE1 : -1076.3347482970732
improvementE1 : -1076.3347454618174
improvementE3 : -1076.3131960009352
improvementE3 : -1076.3119961736309
improvementE1 : -1076.3101832400089
improvementE3 : -1076.3101326753808
improvementE3 : -1076.3005242099855
improvementE1 : -1076.300514169274
improvementE3 : -1075.639158970048
improvementE1 : -1075.3259549724683
improvementE3 : -1075.3257446095872
improvementE2 : -1075.3065186441527
improvementE2 : -1075.306470379614
improvementE2 : -1075.249742115623
improvementE3 : -1074.903580875116
improvementE3 : -1072.8169918003475
improvementE1 : -1072.8093497441687
improvementE1 : -1071.3191800933826
improvementE2 : -1071.3191484444196
improvementE3 : -1071.3185368470417
improvementE3 : -1071.3112916235036
improvementE3 : -1071.2824526428228
improvementE3 : -1051.5612756109413
improvementE3 : -1051.5611970038453
improvementE3 : -1051.5436224579419
improvementE2 : -1051.543615868342
improvementE3 : -1051.5436042525894
improvementE2 : -1050.826938327371
improvementE3 : -1050.784358653264
improvementE3 : -1050.7843547173602
improvementE2 : -1050.7785836426701
improvementE2 : -1050.4980421613661
improvementE3 : -1050.496834395374
improvementE2 : -1050.4657821237674
improvementE1 : -1050.4541926521588
improvementE2 : -1050.2829510877743
improvementE1 : -1050.2829439793052
improvementE1 : -1050.2828927524042
improvementE2 : -1048.853113477679
improvementE1 : -1048.8518184111083
improvementE1 : -1048.8518136466562
improvementE2 : -1048.7533704632292
improvementE1 : -1048.7292365766912
improvementE2 : -1048.7288813651242
improvementE3 : -1048.7239907666271
improvementE3 : -1048.7239888160839
improvementE3 : -1047.982784009464
improvementE1 : -1047.9742280536123
improvementE2 : -1047.9742203310182
improvementE1 : -1047.9742129816225
improvementE3 : -1047.9741915048035
improvementE3 : -1047.9453710735588
improvementE2 : -1047.9452014798742
improvementE1 : -1047.9451433361448
improvementE2 : -1047.9451416387571
improvementE3 : -1047.7909282174596
improvementE3 : -1045.8918523510029
improvementE3 : -1045.8918300375044
improvementE3 : -1044.4789956305078
improvementE3 : -1042.1305203114625
improvementE3 : -1040.803708719597
improvementE1 : -1040.007636760122
improvementE1 : -1040.007492729787
improvementE2 : -1039.9740704275875
improvementE3 : -1038.8966730050875
improvementE1 : -1038.8966240350821
improvementE2 : -1038.8784951617283
improvementE3 : -1038.3836330952565
improvementE3 : -1038.3830191480904
improvementE3 : -1038.3830110968022
improvementE3 : -1038.3815005266254
improvementE2 : -1038.3742545527698
improvementE2 : -1038.366996663766
improvementE3 : -1038.3669926130772
improvementE3 : -1038.36598193777
improvementE3 : -1038.3416244204996
improvementE2 : -1036.681208347958
improvementE1 : -1036.6798210698978
improvementE1 : -1036.6798169412032
improvementE1 : -1036.6798105135397
improvementE1 : -1036.67980126264
improvementE2 : -1036.3957858662782
improvementE2 : -1036.3908564135606
improvementE3 : -1036.390438298047
improvementE1 : -1036.3904349547217
improvementE2 : -1036.2697680801386
improvementE1 : -1036.2697458411124
improvementE1 : -1028.601949276688
improvementE3 : -1028.5895436582896
improvementE2 : -1027.9967549917321
improvementE1 : -1027.9967513751394
improvementE2 : -1025.7611788798708
improvementE3 : -1025.759498738814
improvementE3 : -1025.0474059513988
improvementE1 : -1025.022528386284
improvementE2 : -1025.0098548753501
improvementE2 : -1025.0086907925952
improvementE2 : -1010.0012715480409
improvementE1 : -1009.9058708285091
improvementE1 : -1009.9058373608103
improvementE3 : -1009.9058152422526
improvementE1 : -1009.9058138364106
improvementE3 : -1009.9058071782605
improvementE2 : -1009.9058051798102
improvementE1 : -1009.9058008664202
improvementE1 : -1009.9057688491573
improvementE1 : -1009.9057572269892
improvementE2 : -1009.9034861729277
improvementE3 : -1009.9034831714964
improvementE3 : -1009.9034816833134
improvementE2 : -1008.1243324621579
improvementE2 : -1008.1243002927239
improvementE3 : -1008.122681710868
improvementE2 : -1008.120641083754
improvementE3 : -1008.1198813310897
improvementE2 : -1008.1198664072599
improvementE3 : -1008.1196587651935
improvementE3 : -1008.1075655671566
improvementE1 : -1008.1074740954308
improvementE3 : -1008.1074499878195
improvementE3 : -1008.1074315563146
improvementE2 : -1008.1067249948612
improvementE1 : -1008.1041326435102
improvementE1 : -1008.0768378956948
improvementE2 : -1008.0701943996195
improvementE2 : -1006.5455870194018
improvementE3 : -1002.1079844092576
improvementE2 : -1002.1053607673168
improvementE2 : -1002.1043874914982
improvementE2 : -1002.1043633627169
improvementE3 : -1001.9995765299984
improvementE3 : -1001.9995741740144
improvementE2 : -1001.9974779277552
improvementE1 : -1001.9974760703943
improvementE3 : -1001.9974746171357
improvementE1 : -1001.6853724026566
improvementE2 : -1001.6853046295216
improvementE1 : -1001.6853035256055
improvementE3 : -999.766733666111
improvementE1 : -999.7657804538725
improvementE2 : -999.7631448086205
improvementE2 : -995.8922950236398
improvementE1 : -994.9431231934889
improvementE3 : -992.1537658557021
improvementE2 : -992.1536700022293
improvementE2 : -992.1536669996809
improvementE1 : -992.1536423678876
improvementE1 : -992.1536266074148
improvementE3 : -989.6009699084611
improvementE3 : -989.5380215192406
improvementE2 : -989.5366976916564
improvementE3 : -989.5359932978257
improvementE2 : -989.5353782194004
improvementE3 : -989.4331001850609
improvementE2 : -988.3767316429027
improvementE3 : -987.4760944532051
improvementE2 : -987.4760932278044
improvementE3 : -985.809978631047
improvementE3 : -985.0846349513604
improvementE3 : -985.0816500839442
improvementE2 : -984.4800872717959
improvementE2 : -978.7037765453447
improvementE1 : -978.7033488552187
improvementE3 : -978.7032740634272
improvementE1 : -978.7032725674329
improvementE1 : -978.7013638024299
improvementE3 : -978.701249458672
improvementE2 : -978.656545421129
improvementE1 : -978.6565404684073
improvementE2 : -978.6565009616955
improvementE1 : -978.6564999007259
improvementE1 : -978.656364700149
improvementE2 : -978.656352545899
improvementE3 : -978.6562238816032
improvementE3 : -978.6546710966337
improvementE1 : -978.6546381225822
improvementE3 : -978.6511111918089
improvementE2 : -978.4956149278993
improvementE1 : -978.4955675372042
improvementE1 : -978.4955661268451
improvementE3 : -978.4954012715641
improvementE1 : -976.3319098191163
improvementE2 : -976.3305437337708
improvementE2 : -976.330412971316
improvementE2 : -976.3304037517464
improvementE3 : -976.3303536574807
improvementE1 : -976.3303498081091
improvementE2 : -976.3303207067968
improvementE3 : -976.183177808659
improvementE1 : -976.1826399104373
improvementE1 : -976.1825554264366
improvementE1 : -976.1825531733651
improvementE1 : -975.0555729210978
improvementE3 : -972.7710268580266
improvementE3 : -972.7708853736467
improvementE1 : -972.7708768355919
improvementE2 : -971.3734386278733
improvementE2 : -971.3704610051088
improvementE3 : -969.131364634821
improvementE1 : -969.1313316864697
improvementE1 : -969.1306192231107
improvementE2 : -957.0927608457441
improvementE3 : -957.0927511830212
improvementE2 : -957.0927132039529
improvementE3 : -957.0926722182191
improvementE2 : -957.0926690206512
improvementE2 : -957.0926332677375
improvementE3 : -957.0926251153085
improvementE1 : -956.9081246166926
improvementE3 : -954.9459102607528
improvementE2 : -954.9231541236275
improvementE3 : -950.0675366154599
improvementE3 : -950.0542754190099
improvementE3 : -950.0438745783932
improvementE3 : -950.0412878890057
improvementE1 : -950.0410348688553
improvementE2 : -950.0410093150019
improvementE1 : -950.0409980766079
improvementE3 : -949.6697814501773
improvementE3 : -949.6697803783668
improvementE1 : -949.4705945334995
improvementE2 : -949.4679963860793
improvementE3 : -949.4647048583056
improvementE1 : -949.4644848824053
improvementE3 : -949.4629562773872
improvementE2 : -949.4629525435768
improvementE1 : -949.4629513856078
improvementE1 : -949.4628319784953
improvementE2 : -947.3497144696097
improvementE3 : -947.3481825595196
improvementE2 : -947.347402633476
improvementE3 : -947.3474003322644
improvementE3 : -947.3473991772986
improvementE3 : -947.3473905419568
improvementE3 : -947.3473861196672
improvementE2 : -947.2712136189289
improvementE1 : -947.2710335578059
improvementE1 : -947.2710106600501
improvementE1 : -947.2704605339911
improvementE1 : -947.2688888357255
improvementE1 : -947.2686705573726
improvementE3 : -947.2675445456007
improvementE1 : -947.2675037399746
improvementE1 : -947.2453532410054
improvementE2 : -947.2452799617879
improvementE2 : -947.2442220784837
improvementE2 : -947.2442192956105
improvementE3 : -947.2441977692948
improvementE2 : -947.2441391508295
improvementE3 : -947.2441030624655
improvementE2 : -947.2440986348549
improvementE1 : -947.2440828768264
improvementE3 : -947.2440815058484
improvementE3 : -947.2432645499318
improvementE3 : -947.242099272675
improvementE1 : -947.2417626965713
improvementE1 : -947.2417464140875
improvementE1 : -947.2415684648695
improvementE2 : -947.2415673329499
improvementE1 : -947.2415107384494
improvementE2 : -947.2415090055816
improvementE1 : -947.2411674325473
improvementE2 : -947.2411661468993
improvementE1 : -947.2411631354867
improvementE3 : -947.2410302658807
improvementE2 : -947.2399207898502
improvementE2 : -947.2396806368158
improvementE2 : -947.2396251189307
improvementE2 : -945.8853203924028
improvementE3 : -945.8850215241893
improvementE2 : -945.8793909190747
improvementE2 : -945.8630996620864
improvementE2 : -945.8630642841139
improvementE3 : -945.8628738495207
improvementE3 : -945.8627310402069
improvementE3 : -945.8625522738894
improvementE2 : -945.8618585550083
improvementE3 : -945.8618433978911
improvementE1 : -945.7606836677572
improvementE3 : -945.1754787782107
improvementE2 : -945.1754705967221
improvementE3 : -945.1753294042676
improvementE2 : -945.1465848935978
improvementE2 : -945.1465753274211
improvementE2 : -943.2248314042807
improvementE1 : -943.2146995419685
improvementE2 : -943.2146914265129
improvementE2 : -943.214688776999
improvementE2 : -943.2145211499397
improvementE3 : -943.2143241194725
improvementE3 : -943.2143219973582
improvementE2 : -943.2141766397153
improvementE3 : -943.214064040616
improvementE3 : -943.2140608785434
improvementE1 : -943.2134435383679
improvementE1 : -943.1422789373945
improvementE1 : -943.142277431628
improvementE3 : -943.1422762515398
improvementE3 : -943.1422661505898
improvementE3 : -943.1414831829205
improvementE3 : -943.1412343352466
improvementE2 : -943.1271980166459
improvementE2 : -943.1265769178555
improvementE2 : -942.1092269726306
improvementE2 : -941.8393754498134
improvementE2 : -941.8393657025657
improvementE3 : -941.8393632501238
improvementE2 : -941.838349706041
improvementE1 : -940.710658375169
improvementE3 : -923.6680314582921
improvementE2 : -923.6680283319974
improvementE3 : -920.9470521905579
improvementE1 : -920.9470339520906
improvementE2 : -920.9443639831285
improvementE3 : -920.9443620573076
improvementE2 : -920.9442172526758
improvementE1 : -920.944164668161
improvementE1 : -920.9441634269954
improvementE2 : -920.9440727268353
improvementE3 : -920.944069491734
improvementE2 : -920.9440585861387
improvementE3 : -920.1874001434342
improvementE1 : -920.1856263172511
improvementE3 : -918.7114342616782
improvementE3 : -918.7114302240099
improvementE3 : -918.7114262165396
improvementE1 : -918.7111344564163
improvementE2 : -918.695673991268
improvementE1 : -918.6956688069698
improvementE1 : -918.6956658408615
improvementE2 : -918.6955747812851
improvementE3 : -918.695478988308
improvementE3 : -918.6953130396001
improvementE1 : -918.6953099272193
improvementE3 : -918.6953024074263
improvementE3 : -917.4578183800882
improvementE1 : -917.4578139858281
improvementE3 : -917.4577634105185
improvementE1 : -917.4577564938157
improvementE3 : -917.4572590199169
improvementE1 : -915.905800966889
improvementE1 : -915.9052411469168
improvementE3 : -915.9052223531214
improvementE1 : -915.9052205064359
improvementE1 : -915.9051537771326
improvementE3 : -915.9050519604872
improvementE3 : -915.9050435284294
improvementE3 : -915.9050409455241
improvementE1 : -915.9050390732714
improvementE3 : -915.9045965712352
improvementE2 : -915.904584557991
improvementE3 : -915.3638608649103
improvementE2 : -915.3638579401984
improvementE3 : -914.4169119210052
improvementE2 : -914.3809017126566
improvementE3 : -914.3808947122669
improvementE3 : -914.380857606017
improvementE3 : -914.3806571521189
improvementE1 : -914.369352958287
improvementE2 : -914.3688672938774
improvementE2 : -914.3688035063989
improvementE3 : -914.3686581221374
improvementE2 : -914.3686545896555
improvementE3 : -914.3686455994858
improvementE3 : -914.368342368708
improvementE2 : -914.368324330551
improvementE1 : -914.3681918031739
improvementE2 : -914.3681848890706
improvementE2 : -914.3681834636392
improvementE3 : -914.3113947391005
improvementE1 : -914.311263830007
improvementE1 : -914.3112624952662
improvementE2 : -906.7879144035303
improvementE2 : -906.7878910851375
improvementE3 : -906.7878885733514
improvementE2 : -906.7878771278594
improvementE2 : -906.7877652656372
improvementE2 : -906.7877637266222
improvementE3 : -906.7876124098846
improvementE1 : -905.6605561064981
improvementE3 : -905.6603764401407
improvementE2 : -903.0458937539394
improvementE3 : -903.0457580879809
improvementE3 : -903.0457561485614
improvementE3 : -896.9129781773875
improvementE2 : -896.9125712620155
improvementE1 : -896.9125336630518
improvementE1 : -885.8061701032516
improvementE3 : -879.3337364292873
improvementE1 : -879.3330071992469
improvementE1 : -879.3316907270071
improvementE3 : -879.3309904806848
improvementE2 : -878.6638633768544
improvementE1 : -876.6375180424446
improvementE2 : -876.6315007310425
improvementE1 : -876.6314941831241
improvementE3 : -876.631388743889
improvementE1 : -876.6249428413988
improvementE1 : -876.624786637851
improvementE2 : -873.6439688237502
improvementE1 : -872.5368249480259
improvementE1 : -872.5368137636915
improvementE3 : -872.5351078472981
improvementE2 : -872.5351052020178
improvementE3 : -872.5350905890168
improvementE2 : -845.3345120482461
improvementE3 : -845.3344906943828
improvementE2 : -845.334482724794
improvementE2 : -845.3343027819891
improvementE3 : -845.3341602344555
improvementE3 : -844.8132425376574
improvementE2 : -844.8132415098939
improvementE2 : -844.812685090066
improvementE2 : -844.8126730011361
improvementE1 : -844.8126717760484
improvementE2 : -844.7142233411904
improvementE3 : -844.714218952215
logL = -7531.535251590529
Removing 0 markers
Second round
improvementE2 : -844.7141829335452
improvementE2 : -844.7141692487763
improvementE3 : -843.6913487002105
improvementE1 : -843.6913472262169
improvementE3 : -843.6912997626127
improvementE1 : -841.1933236523034
improvementE2 : -839.76210670554
improvementE3 : -839.7620688445237
improvementE1 : -839.762061581673
improvementE1 : -839.7620527617157
improvementE2 : -839.7619781762152
improvementE1 : -839.7619715396489
improvementE1 : -839.7619596860761
improvementE3 : -838.6517124488412
improvementE1 : -838.6516972372881
improvementE1 : -838.6515064259828
improvementE3 : -838.6483641157242
improvementE3 : -838.6483471692728
improvementE1 : -838.6483122347851
improvementE1 : -838.6338571018018
improvementE1 : -838.6338552047431
improvementE3 : -838.6338485081045
improvementE1 : -838.6338086505042
improvementE3 : -837.8249901487944
improvementE2 : -837.5840323488219
improvementE1 : -837.584025360456
improvementE2 : -837.5840076180408
improvementE1 : -837.5840023407089
improvementE2 : -837.5839981114046
improvementE3 : -837.5754429846277
improvementE3 : -837.5748952007467
improvementE3 : -837.574817635343
improvementE2 : -826.290285638127
improvementE1 : -826.2901045879028
improvementE2 : -826.2897643983993
improvementE3 : -826.2897624726709
improvementE3 : -825.5896806832963
improvementE2 : -825.5884124105723
improvementE1 : -825.5863264194259
improvementE2 : -825.5732601577715
improvementE1 : -825.5730367887642
improvementE2 : -825.5730348129626
improvementE1 : -825.0466497696669
improvementE3 : -825.0465199823315
improvementE3 : -825.046387640716
improvementE1 : -825.0358919252214
improvementE1 : -825.034849789551
improvementE1 : -825.0346124044845
improvementE3 : -825.0346104400596
improvementE1 : -825.0346090126266
improvementE1 : -825.0345937185384
improvementE3 : -825.0342416943433
improvementE2 : -825.0342272091417
improvementE2 : -825.0342130602658
improvementE3 : -825.0342056599927
improvementE1 : -825.0341776112355
improvementE2 : -788.3565694518893
improvementE3 : -788.3565672763893
improvementE2 : -774.4151917246076
improvementE1 : -774.4151810810367
improvementE3 : -774.4151714710667
improvementE1 : -774.4151686222003
improvementE3 : -774.415156270566
improvementE1 : -774.4148723663452
improvementE3 : -774.4147032606047
improvementE1 : -774.414699232346
improvementE3 : -774.4146976375471
improvementE1 : -774.4146503234898
improvementE2 : -774.414633394705
improvementE1 : -765.3592008795766
improvementE3 : -744.0454111154073
improvementE1 : -744.0446045568825
improvementE3 : -744.0444202203031
improvementE3 : -744.0439333370321
improvementE3 : -744.0436478742076
improvementE2 : -744.0436467105352
improvementE1 : -744.0434818504094
improvementE2 : -744.0434804132725
improvementE1 : -744.0434241322242
improvementE1 : -744.0425658929256
improvementE3 : -744.0425187153306
improvementE2 : -744.0423596363355
improvementE3 : -744.042030164887
improvementE1 : -744.0418547731119
improvementE3 : -744.041797306622
improvementE3 : -744.0417778648721
improvementE2 : -744.0417734929459
improvementE1 : -744.0393714350369
improvementE2 : -744.0393213409957
improvementE1 : -744.0393192852022
improvementE3 : -744.0373016253711
improvementE1 : -744.0362087167001
improvementE3 : -743.5678338927484
improvementE1 : -743.5674184399485
improvementE3 : -743.565615637129
improvementE3 : -743.5655394569548
improvementE2 : -743.565522033547
improvementE2 : -743.565517662522
improvementE3 : -743.5654336639521
improvementE1 : -743.565420653171
improvementE2 : -743.5653226542652
improvementE2 : -743.2945865468874
improvementE2 : -743.2945852763864
improvementE1 : -743.2945083564153
improvementE2 : -743.282972983815
improvementE2 : -743.2829307449161
improvementE3 : -743.2829234382488
improvementE1 : -743.2827521513661
improvementE3 : -742.1240466859368
improvementE3 : -742.1236900638598
improvementE2 : -742.1236517778042
improvementE2 : -742.123648570779
improvementE2 : -742.1234386535407
improvementE3 : -742.1233456289864
improvementE2 : -742.1231054352529
improvementE1 : -742.1230592787986
improvementE1 : -742.123057628577
improvementE3 : -740.7542841187412
improvementE1 : -740.7542814090398
improvementE2 : -740.7542008571661
improvementE1 : -740.7181799324788
improvementE2 : -740.718159809777
improvementE3 : -740.7181409339541
improvementE3 : -740.7181294210208
