0->0 : 0
0->1 : 0
0->2 : 0
       Error rate = 0.0
1->0 : 0
1->1 : 0
1->2 : 0
       Error rate = 0.0
2->0 : 0
2->1 : 0
2->2 : 0
       Error rate = 0.0
0,2->0,2 : 1181913
  0,2->1 : 0
1,2->1,2 : 0
  1,2->0 : 0
       Error rate = 0.0
Maternally informative markers = 0 (of 10219)
Paternally informative markers = 10219
Maternally or paternally informative markers = 10219
Removed 0 children
Removed 0 markers
Number of LGs = 45
***Family = fam_08 chromosome = 16 numMarkers = 222 maternal informative markers 0 (paternal informative markers 222)
***Family = fam_01 chromosome = 16 numMarkers = 222 maternal informative markers 0 (paternal informative markers 222)
***Family = fam_09 chromosome = 16 numMarkers = 222 maternal informative markers 0 (paternal informative markers 222)
222->186
186->186
All pairs
join 2 and 134 score = 0.0 sizes 1,1
join 43 and 150 score = 0.0 sizes 1,1
join 11 and 98 score = 0.0 sizes 1,1
join 28 and 137 score = 0.0 sizes 1,1
join 6 and 9 score = 0.0 sizes 1,1
join 118 and 157 score = 0.0 sizes 1,1
join 56 and 83 score = 0.0 sizes 1,1
join 9 and 56 score = 0.0 sizes 2,2
join 110 and 144 score = 0.0 sizes 1,1
join 4 and 106 score = 0.0 sizes 1,1
join 37 and 53 score = 0.0 sizes 1,1
join 34 and 121 score = 0.0 sizes 1,1
join 159 and 165 score = 0.0 sizes 1,1
join 85 and 95 score = 0.0 sizes 1,1
join 108 and 181 score = 0.0 sizes 1,1
join 154 and 181 score = 0.0 sizes 1,2
join 23 and 38 score = 0.0 sizes 1,1
join 38 and 52 score = 0.0 sizes 2,1
join 93 and 108 score = 0.0 sizes 1,3
join 154 and 179 score = 0.0 sizes 4,1
join 66 and 93 score = 0.0 sizes 1,5
join 98 and 157 score = 0.0 sizes 2,2
join 118 and 159 score = 0.0 sizes 4,2
join 17 and 62 score = 0.0 sizes 1,1
join 59 and 89 score = 0.0 sizes 1,1
join 148 and 175 score = 0.0 sizes 1,1
join 77 and 110 score = 0.0 sizes 1,2
join 89 and 104 score = 0.0 sizes 2,1
join 124 and 172 score = 0.0 sizes 1,1
join 48 and 124 score = 0.0 sizes 1,2
join 2 and 153 score = 0.0 sizes 2,1
join 69 and 137 score = 0.0 sizes 1,2
join 34 and 86 score = 0.0 sizes 2,1
join 6 and 86 score = 0.0 sizes 4,3
join 84 and 169 score = 0.0 sizes 1,1
join 7 and 68 score = 0.0 sizes 1,1
join 7 and 79 score = 0.0 sizes 2,1
join 79 and 97 score = 0.0 sizes 3,1
join 81 and 97 score = 0.0 sizes 1,4
join 78 and 81 score = 0.0 sizes 1,5
join 4 and 17 score = 0.0 sizes 2,2
join 55 and 152 score = 0.0 sizes 1,1
join 71 and 134 score = 0.0 sizes 1,3
join 62 and 63 score = 0.0 sizes 4,1
join 61 and 71 score = 0.0 sizes 1,4
join 104 and 109 score = 0.0 sizes 3,1
join 46 and 147 score = 0.0 sizes 1,1
join 84 and 99 score = 0.0 sizes 2,1
join 42 and 72 score = 0.0 sizes 1,1
join 26 and 111 score = 0.0 sizes 1,1
join 14 and 73 score = 0.0 sizes 1,1
join 14 and 117 score = 0.0 sizes 2,1
join 51 and 158 score = 0.0 sizes 1,1
join 53 and 66 score = 0.0 sizes 2,6
join 37 and 183 score = 0.0 sizes 8,1
join 60 and 183 score = 0.0 sizes 1,9
join 21 and 136 score = 0.0 sizes 1,1
join 8 and 18 score = 0.0 sizes 1,1
join 18 and 54 score = 0.0 sizes 2,1
join 24 and 54 score = 0.0 sizes 1,3
join 28 and 59 score = 0.0 sizes 3,4
join 32 and 91 score = 0.0 sizes 1,1
join 46 and 48 score = 0.0 sizes 2,3
join 72 and 170 score = 0.0 sizes 2,1
join 77 and 173 score = 0.0 sizes 3,1
join 0 and 43 score = 0.0 sizes 1,2
join 70 and 99 score = 0.0 sizes 1,3
join 95 and 161 score = 0.0 sizes 2,1
join 58 and 83 score = 0.0 sizes 1,7
join 58 and 116 score = 0.0 sizes 8,1
join 0 and 57 score = 0.0 sizes 3,1
join 94 and 176 score = 0.0 sizes 1,1
join 149 and 156 score = 0.0 sizes 1,1
join 61 and 91 score = 0.0 sizes 5,2
join 80 and 153 score = 0.0 sizes 1,7
join 33 and 35 score = 0.0 sizes 1,1
join 35 and 105 score = 0.0 sizes 2,1
join 120 and 132 score = 0.0 sizes 1,1
join 22 and 146 score = 0.0 sizes 1,1
join 130 and 146 score = 0.0 sizes 1,2
join 36 and 75 score = 0.0 sizes 1,1
join 75 and 171 score = 0.0 sizes 2,1
join 144 and 164 score = 0.0 sizes 4,1
join 132 and 139 score = 0.0 sizes 2,1
join 13 and 52 score = 0.0 sizes 1,3
join 63 and 162 score = 0.0 sizes 5,1
join 15 and 162 score = 0.0 sizes 1,6
join 85 and 178 score = 0.0 sizes 3,1
join 82 and 165 score = 0.0 sizes 1,6
join 68 and 166 score = 0.0 sizes 6,1
join 70 and 78 score = 0.0 sizes 4,7
join 147 and 156 score = 0.006172839506172839 sizes 5,2
join 25 and 26 score = 0.0 sizes 1,2
join 57 and 141 score = 0.0 sizes 4,1
join 69 and 150 score = 0.0053475935828877 sizes 7,5
join 29 and 167 score = 0.0 sizes 1,1
join 129 and 167 score = 0.0 sizes 1,2
join 29 and 180 score = 0.0 sizes 3,1
join 100 and 139 score = 0.006097560975609756 sizes 1,3
join 21 and 100 score = 0.0 sizes 2,4
join 64 and 102 score = 0.0 sizes 1,1
join 163 and 180 score = 0.0 sizes 1,4
join 90 and 122 score = 0.0 sizes 1,1
join 82 and 185 score = 0.00641025641025641 sizes 7,1
join 30 and 185 score = 0.006329113924050633 sizes 1,8
join 25 and 36 score = 0.006802721088435374 sizes 3,3
join 50 and 115 score = 0.006329113924050633 sizes 1,1
join 8 and 65 score = 0.0 sizes 4,1
join 105 and 123 score = 0.0 sizes 3,1
join 20 and 166 score = 0.0 sizes 1,11
join 20 and 168 score = 0.0 sizes 12,1
join 32 and 169 score = 0.005988023952095809 sizes 8,13
join 50 and 141 score = 0.005917159763313609 sizes 2,12
join 116 and 175 score = 0.010471204188481676 sizes 9,2
join 12 and 155 score = 0.0 sizes 1,1
join 19 and 158 score = 0.0 sizes 1,2
join 31 and 39 score = 0.0 sizes 1,1
join 10 and 101 score = 0.0 sizes 1,1
join 87 and 138 score = 0.0 sizes 1,1
join 87 and 102 score = 0.0 sizes 2,2
join 23 and 152 score = 0.006024096385542169 sizes 4,2
join 19 and 143 score = 0.0 sizes 3,1
join 101 and 109 score = 0.0 sizes 2,14
join 121 and 122 score = 0.007575757575757576 sizes 11,2
join 1 and 163 score = 0.0 sizes 1,5
join 117 and 140 score = 0.0 sizes 3,1
join 106 and 143 score = 0.0 sizes 7,4
join 96 and 127 score = 0.0 sizes 1,1
join 111 and 119 score = 0.0 sizes 6,1
join 42 and 49 score = 0.006172839506172839 sizes 3,1
All pairs
join 40 and 133 score = 0.006024096385542169 sizes 1,1
join 148 and 164 score = 0.006578947368421052 sizes 13,5
join 96 and 145 score = 0.0 sizes 2,1
join 44 and 92 score = 0.0 sizes 1,1
join 64 and 128 score = 0.0 sizes 4,1
join 1 and 151 score = 0.0 sizes 6,1
join 76 and 184 score = 0.0 sizes 1,1
join 119 and 142 score = 0.0 sizes 7,1
join 94 and 114 score = 0.0 sizes 2,1
join 44 and 88 score = 0.0 sizes 2,1
join 171 and 179 score = 0.012987012987012988 sizes 8,10
join 125 and 142 score = 0.0 sizes 1,18
join 10 and 168 score = 0.0 sizes 16,21
join 73 and 133 score = 0.013071895424836602 sizes 4,2
join 140 and 149 score = 0.0 sizes 6,7
join 174 and 177 score = 0.0 sizes 1,1
join 60 and 126 score = 0.013888888888888888 sizes 19,1
join 76 and 103 score = 0.0 sizes 2,1
join 135 and 160 score = 0.0 sizes 1,1
join 47 and 160 score = 0.0 sizes 1,2
join 31 and 41 score = 0.0 sizes 2,1
join 11 and 39 score = 0.0 sizes 9,3
join 41 and 123 score = 0.0 sizes 12,4
join 120 and 128 score = 0.0 sizes 6,5
join 136 and 170 score = 0.014598540145985401 sizes 11,4
join 40 and 112 score = 0.0 sizes 13,1
join 65 and 172 score = 0.022556390977443608 sizes 5,14
join 131 and 177 score = 0.0 sizes 1,2
join 92 and 129 score = 0.0 sizes 3,7
join 3 and 5 score = 0.0 sizes 1,1
join 112 and 114 score = 0.019230769230769232 sizes 19,3
join 67 and 182 score = 0.0 sizes 1,1
join 138 and 184 score = 0.04 sizes 15,3
join 15 and 176 score = 0.030303030303030304 sizes 11,22
join 55 and 67 score = 0.017543859649122806 sizes 6,2
join 33 and 178 score = 0.02877697841726619 sizes 16,4
join 47 and 107 score = 0.03125 sizes 3,1
join 27 and 135 score = 0.03571428571428571 sizes 1,4
join 103 and 130 score = 0.03571428571428571 sizes 18,3
join 13 and 30 score = 0.03546099290780142 sizes 8,20
join 80 and 161 score = 0.044444444444444446 sizes 37,28
join 12 and 16 score = 0.037037037037037035 sizes 2,1
join 24 and 126 score = 0.05517241379310345 sizes 33,20
join 74 and 115 score = 0.04 sizes 1,65
join 16 and 45 score = 0.07142857142857142 sizes 3,1
join 3 and 45 score = 0.0967741935483871 sizes 2,4
join 107 and 151 score = 0.06451612903225806 sizes 5,10
join 51 and 90 score = 0.07975460122699386 sizes 53,18
join 27 and 125 score = 0.06896551724137931 sizes 15,71
join 145 and 155 score = 0.10714285714285714 sizes 3,6
join 5 and 88 score = 0.13793103448275862 sizes 9,86
join 174 and 182 score = 0.14285714285714285 sizes 3,66
All pairs
join 22 and 127 score = 0.0 sizes 21,95
join 49 and 131 score = 0.0 sizes 116,69
join 74 and 113 score = 0.5 sizes 185,1
score = 1.8953621971324524
improvementE1 : -578.9097162437008
improvementE1 : -578.8761848623224
improvementE1 : -578.8761701580496
improvementE3 : -578.8710041750968
improvementE3 : -578.8701613909772
improvementE2 : -578.870142615681
improvementE3 : -578.869991705764
improvementE3 : -578.3538945832441
improvementE3 : -578.3305150218637
improvementE1 : -578.3299754122968
improvementE3 : -578.3297967833684
improvementE2 : -577.9549885500327
improvementE3 : -577.9542711105518
improvementE3 : -577.9307904604875
improvementE2 : -577.9167450907902
improvementE3 : -577.9167113932718
improvementE3 : -577.9050432793591
improvementE1 : -577.8947618516813
improvementE3 : -577.8947306423933
improvementE3 : -577.8947293323084
improvementE2 : -577.0858101580906
improvementE2 : -572.8562399003933
improvementE3 : -572.8560113702033
improvementE1 : -572.8560074462662
improvementE1 : -572.8558402304443
improvementE2 : -572.840343787017
improvementE3 : -572.8384930137682
improvementE3 : -572.8331528775649
improvementE3 : -572.8324575223165
improvementE2 : -572.8322156311158
improvementE3 : -572.8308512533141
improvementE1 : -572.7825550332158
improvementE1 : -572.7825394899378
improvementE2 : -570.0769565739325
improvementE1 : -568.1584116615746
improvementE3 : -568.15837786555
improvementE1 : -568.1571358812881
improvementE3 : -568.156783900799
improvementE2 : -566.4077646309377
improvementE3 : -566.407345013671
improvementE1 : -566.4071487293972
improvementE2 : -565.9705033960009
improvementE3 : -565.9705023318511
improvementE2 : -565.9705008851965
improvementE3 : -565.9704810920937
improvementE1 : -565.9704497234112
improvementE1 : -565.9688291987162
improvementE1 : -565.9684012025785
improvementE2 : -565.9682442898713
improvementE1 : -565.966474910107
improvementE3 : -565.966414226181
improvementE1 : -563.208059651617
improvementE1 : -563.2077826742425
improvementE3 : -563.0320329088016
improvementE1 : -563.0212829395352
improvementE1 : -563.0212553920175
improvementE1 : -563.0048046413707
improvementE2 : -562.9858091103939
improvementE3 : -562.9505801235589
improvementE1 : -562.9495389382384
improvementE3 : -561.439882204894
improvementE2 : -561.439845966783
improvementE1 : -561.4398318152003
improvementE2 : -561.43978604743
improvementE3 : -561.4339569750323
improvementE3 : -561.4338916426485
improvementE3 : -561.4330078728906
improvementE3 : -561.3230129261954
improvementE3 : -561.3223707678404
improvementE3 : -561.3172131796148
improvementE2 : -561.3167840232511
improvementE1 : -561.3166475102063
improvementE2 : -537.5115253688634
improvementE1 : -537.5074284741987
improvementE1 : -537.5050922459739
improvementE3 : -537.5050589242561
improvementE1 : -536.3536663659022
improvementE1 : -536.3534824966945
improvementE3 : -535.0815342145518
improvementE2 : -535.0790074641036
improvementE2 : -535.065398862618
improvementE1 : -535.0620955668473
improvementE1 : -533.735655383308
improvementE2 : -533.7341236676348
improvementE3 : -533.7340128643526
improvementE2 : -533.7339841693592
improvementE3 : -533.7222984453316
improvementE3 : -533.7214338504413
improvementE3 : -532.2576711125317
improvementE3 : -530.1127134856188
improvementE3 : -529.9656060771703
improvementE1 : -529.9656043720535
improvementE1 : -529.3542752021955
improvementE3 : -529.3454448026323
improvementE2 : -529.3270921722416
improvementE1 : -529.2867463667928
improvementE2 : -529.2867445521556
improvementE1 : -529.2821937771666
improvementE1 : -529.2821014896984
improvementE1 : -529.2818941971033
improvementE2 : -529.2818257310125
improvementE1 : -529.2798233482448
improvementE1 : -529.2798209667146
improvementE1 : -529.2796102917036
improvementE2 : -529.2793090993126
improvementE2 : -529.2793053321867
improvementE3 : -529.2771986897205
improvementE3 : -529.2767041338362
improvementE2 : -529.2767024017846
improvementE2 : -529.2766957875293
improvementE3 : -529.2758219643043
improvementE3 : -529.2755189532311
improvementE2 : -529.2754952855271
improvementE1 : -529.2115029746292
improvementE3 : -529.2051909825395
improvementE1 : -529.2047995774667
improvementE3 : -529.2039428809422
improvementE3 : -529.2036681611334
improvementE3 : -529.2036633486875
improvementE3 : -529.2036622799997
improvementE1 : -529.2036611423175
improvementE2 : -529.2036253969607
improvementE1 : -529.2034791273786
improvementE2 : -529.2034776489165
improvementE1 : -529.2034758286107
improvementE1 : -529.1533409526284
improvementE2 : -529.1529406505092
improvementE2 : -529.1528752356792
improvementE3 : -529.1518572492312
improvementE2 : -529.1518542523596
improvementE3 : -529.1518525534298
improvementE1 : -526.285192503761
improvementE2 : -526.2850852157057
improvementE1 : -526.2843098385848
improvementE1 : -526.2824809408145
improvementE1 : -525.0400263497313
improvementE2 : -525.0291791705529
improvementE3 : -525.025735396295
improvementE3 : -525.0151073005698
improvementE3 : -524.9962583696819
improvementE1 : -524.9947338076519
improvementE2 : -524.9919308641223
improvementE1 : -524.991140843232
improvementE2 : -524.4611740494387
improvementE3 : -524.4610078467349
improvementE2 : -524.4610008623181
improvementE1 : -524.4596701640801
improvementE2 : -524.453155135977
improvementE3 : -524.4530898554334
improvementE2 : -524.4530391795638
improvementE1 : -524.4530282057848
improvementE3 : -524.4420962240673
improvementE2 : -524.442090343162
improvementE2 : -524.4420111859013
improvementE3 : -524.4410151181695
improvementE2 : -524.440480268981
improvementE3 : -524.4404643622628
improvementE1 : -524.4402135371685
improvementE3 : -522.6160729395525
improvementE3 : -522.6153454521177
improvementE3 : -522.6149652840277
improvementE1 : -522.6145376104968
improvementE3 : -522.6143578351022
improvementE3 : -522.6143540650779
improvementE3 : -522.6143362496026
improvementE2 : -522.6143298127491
improvementE2 : -522.6128414343061
improvementE2 : -522.611679825377
improvementE1 : -522.5387339242661
improvementE3 : -522.5387328927708
improvementE3 : -522.5387113998048
improvementE3 : -521.3164479592049
improvementE1 : -521.3164279761434
improvementE3 : -521.3163195736018
improvementE1 : -521.3157952646109
improvementE1 : -521.3146112043408
improvementE2 : -521.3145303229379
improvementE3 : -520.4277392948633
improvementE2 : -520.3932589554472
improvementE3 : -520.3932579054734
improvementE3 : -520.3932541152225
improvementE1 : -520.3932526963215
improvementE1 : -520.3921109755744
improvementE3 : -520.3919582531499
improvementE2 : -520.3917354763194
improvementE2 : -520.3917306964875
improvementE2 : -520.3917229830125
improvementE2 : -520.3915207859907
improvementE2 : -520.3915156635933
improvementE2 : -520.3806116642259
improvementE2 : -520.3805845016916
improvementE3 : -520.3765471945851
improvementE3 : -519.0747578439817
improvementE3 : -519.0747192957473
improvementE3 : -519.0710188859313
improvementE2 : -519.0707891779093
improvementE3 : -519.0705542990174
improvementE3 : -519.0705522028362
improvementE1 : -517.6920956666294
improvementE3 : -515.3953820004498
improvementE2 : -514.9429483258908
improvementE3 : -514.9429473019267
improvementE2 : -514.9107054350198
improvementE2 : -514.9105659236957
improvementE3 : -514.9078960681755
improvementE2 : -514.9077619846145
improvementE2 : -514.9061085903742
improvementE2 : -514.9026338864045
improvementE1 : -514.9023308869217
improvementE3 : -514.9023258481678
improvementE3 : -514.9023169294022
improvementE1 : -514.9023092198377
improvementE2 : -514.9023002571379
improvementE3 : -514.9021746003182
improvementE1 : -514.9021544716721
improvementE3 : -514.9005307584564
improvementE1 : -514.9005285704961
improvementE3 : -514.9002691248141
improvementE2 : -514.900254064488
improvementE2 : -514.8999029672872
improvementE3 : -514.8998718177554
improvementE3 : -514.8997961626192
improvementE1 : -514.8997174471951
improvementE2 : -514.8996234693224
improvementE3 : -514.89953772258
improvementE2 : -514.8995315864651
improvementE1 : -514.8995291403843
improvementE2 : -513.20489835734
improvementE1 : -513.2048772694568
improvementE2 : -513.2046935652677
improvementE1 : -511.2861183643526
improvementE1 : -511.2857187873781
improvementE2 : -511.28571469037485
improvementE1 : -511.28567018689677
improvementE1 : -511.28565919253646
improvementE3 : -510.2442284748213
improvementE1 : -510.2441435831012
improvementE2 : -510.24414112834415
improvementE3 : -510.24389713018894
improvementE1 : -510.2438037734828
improvementE1 : -510.16970672025195
improvementE3 : -510.168313837895
improvementE2 : -510.16794228011844
improvementE2 : -510.1678854245334
improvementE1 : -510.1678842938085
improvementE3 : -504.11316055227604
improvementE3 : -502.26940887218626
improvementE2 : -502.2201586139112
improvementE2 : -502.2197805738918
improvementE1 : -502.21976825453226
improvementE3 : -501.0640627606498
improvementE3 : -501.06401817816146
improvementE2 : -501.0640027676233
improvementE3 : -501.0640006128653
improvementE3 : -501.06399618971574
improvementE3 : -501.06398794499876
improvementE3 : -501.06390714225375
improvementE1 : -497.86240897403434
improvementE3 : -495.94383219813005
improvementE3 : -495.7671243005315
improvementE3 : -495.76712049257407
improvementE3 : -495.7670849217531
improvementE2 : -495.7670464636671
improvementE1 : -495.7670399356082
improvementE3 : -495.7669602191315
improvementE2 : -495.7669584060484
improvementE3 : -495.76694426746957
improvementE2 : -495.76693970886123
improvementE3 : -495.7665376268077
improvementE2 : -495.76653277978727
improvementE3 : -495.22008738715243
improvementE2 : -495.21783489282194
improvementE2 : -495.19903796266027
improvementE3 : -495.1987185891177
improvementE3 : -495.1986469741749
improvementE3 : -495.19840802229305
improvementE3 : -495.198405066565
improvementE2 : -495.05726520393637
improvementE3 : -495.0572236235123
improvementE1 : -494.8395701606512
improvementE1 : -492.8010891886797
improvementE2 : -492.80098450792553
improvementE2 : -492.8005475887681
improvementE1 : -492.78270949561414
improvementE1 : -492.7827047892694
improvementE2 : -492.7826866793468
improvementE1 : -492.7805172975573
improvementE1 : -492.7805141044929
improvementE1 : -492.7795960135231
improvementE3 : -491.0398241761085
improvementE1 : -491.03980776689997
improvementE3 : -491.0391459798569
improvementE2 : -491.0390666509221
improvementE1 : -491.0388063689908
improvementE1 : -491.0388046996721
improvementE1 : -491.0388003603302
improvementE3 : -491.0387639431693
improvementE3 : -491.038747689962
improvementE2 : -491.0387463425158
improvementE2 : -489.9910207391153
improvementE2 : -489.99088534889984
improvementE1 : -489.99084328447935
improvementE1 : -489.9908388501761
improvementE3 : -489.99083112389167
improvementE3 : -489.9908217051777
improvementE3 : -489.9905405884326
improvementE1 : -489.98989095692735
improvementE1 : -489.9438674717158
improvementE2 : -489.9438643838839
improvementE3 : -489.9438585142585
improvementE1 : -489.9438570561669
improvementE3 : -489.94302341891574
improvementE1 : -489.9430150495498
improvementE2 : -489.94251541748724
improvementE2 : -489.9424807064445
improvementE1 : -489.9424778516347
improvementE2 : -489.9424766883365
improvementE3 : -489.11068113470003
improvementE3 : -489.1103476444181
improvementE1 : -489.11034554679065
improvementE2 : -489.11033820558333
improvementE3 : -489.11032488963673
improvementE1 : -489.0721610133904
improvementE3 : -489.0721041685704
improvementE1 : -489.0721005629394
improvementE3 : -489.07208670665227
improvementE3 : -489.07201015900847
improvementE3 : -488.2194805084486
improvementE3 : -487.8507868398853
improvementE2 : -487.8507412285594
improvementE2 : -486.83869022577085
improvementE3 : -486.83863455615875
improvementE3 : -485.56863187534236
improvementE1 : -485.45897743379027
improvementE3 : -485.4587895768401
improvementE1 : -485.45871316517423
improvementE3 : -485.4586454777393
improvementE3 : -485.4585506940455
improvementE1 : -485.45845941277344
improvementE1 : -485.4583978270601
improvementE1 : -485.4583908745005
improvementE3 : -485.43520106717403
improvementE3 : -485.4351973877976
improvementE2 : -485.3495921465256
improvementE2 : -485.34959100132187
improvementE3 : -485.34942804883315
improvementE3 : -485.34933474644737
improvementE3 : -485.34628892348434
improvementE1 : -484.2845576889661
improvementE2 : -484.28439135155867
improvementE3 : -484.2815935930553
improvementE3 : -484.28038068707104
improvementE1 : -484.280362405811
improvementE3 : -484.28034080046353
improvementE1 : -484.28033710690295
improvementE2 : -484.2802837527717
improvementE1 : -482.994178324195
improvementE3 : -482.99416699207416
improvementE3 : -482.9941405138364
improvementE3 : -482.90483133888995
improvementE2 : -482.90266011482544
improvementE3 : -482.87860754112927
improvementE1 : -482.87857500730786
improvementE1 : -482.87847290078423
improvementE3 : -482.8624333895595
improvementE1 : -479.2148615350593
improvementE2 : -479.21354781839517
improvementE3 : -479.19853437875753
improvementE1 : -479.1984725275069
improvementE1 : -479.19846162722365
improvementE3 : -478.42152336924426
improvementE3 : -478.4215215089404
improvementE1 : -478.42138716525244
improvementE2 : -478.4213860483374
improvementE3 : -478.42116470151296
improvementE1 : -478.4211602165753
improvementE2 : -478.4210450991539
improvementE2 : -478.42103263098505
improvementE1 : -478.4210301287856
improvementE2 : -478.42095875681173
improvementE2 : -478.4209271679704
improvementE3 : -478.42092546344264
improvementE3 : -478.420924241457
improvementE3 : -478.42091867065375
improvementE1 : -478.4195306870764
improvementE3 : -478.41952790396823
improvementE3 : -478.41950570389616
improvementE3 : -478.41613003153833
improvementE2 : -478.41612694461145
improvementE1 : -478.4161144347373
improvementE2 : -478.41574105213084
improvementE3 : -478.4156913484631
improvementE2 : -478.4156775755687
improvementE3 : -478.41554834547065
improvementE3 : -478.41554561711126
improvementE2 : -478.4155437990748
improvementE3 : -478.4148660364243
improvementE2 : -478.41478595019777
improvementE1 : -478.41450212902396
improvementE2 : -478.4144158529326
improvementE3 : -478.4141887757073
improvementE3 : -478.40323433021655
improvementE3 : -478.4032287350419
improvementE3 : -477.5337625741505
improvementE1 : -477.5337521926734
improvementE1 : -477.5337477114197
improvementE2 : -477.53374154645246
improvementE3 : -477.5337339940194
improvementE3 : -477.4460095922682
improvementE3 : -477.4460082872196
improvementE1 : -477.44587384070155
improvementE1 : -477.44578282058427
improvementE2 : -477.44536118553253
improvementE2 : -477.4452491985036
improvementE3 : -477.44523358934805
improvementE1 : -477.4452245227615
improvementE3 : -477.44520826249203
improvementE1 : -477.4440861090905
improvementE3 : -477.44408335405024
improvementE2 : -477.44396531399764
improvementE3 : -477.44391264279557
improvementE2 : -477.4439085744284
improvementE1 : -477.4439067148975
improvementE2 : -477.4438972966608
improvementE2 : -477.44379006118146
improvementE1 : -477.4437863530568
improvementE3 : -477.252591406646
improvementE3 : -476.43519855254624
improvementE1 : -476.4309843184144
improvementE3 : -476.4309765317
improvementE2 : -476.4307374345483
improvementE3 : -476.4306586462553
improvementE3 : -476.43065280297895
improvementE3 : -476.43053762593206
improvementE2 : -476.4304409978981
improvementE2 : -476.4304398628666
improvementE3 : -476.42552178750753
improvementE1 : -476.4255206716184
improvementE1 : -476.4255170015815
improvementE3 : -476.39411724267234
improvementE3 : -476.39408546027556
improvementE3 : -476.39406973057464
improvementE3 : -476.3940588579088
improvementE3 : -476.39405009154285
improvementE1 : -474.05187317580413
improvementE1 : -472.87560601203245
improvementE2 : -472.87557486261574
improvementE3 : -472.87251811989114
improvementE1 : -472.8672115901541
improvementE2 : -472.86713847433435
improvementE1 : -472.86712423387155
improvementE3 : -472.866744623813
improvementE1 : -472.8655272112725
improvementE1 : -472.77835056465784
improvementE3 : -470.8911486741398
improvementE1 : -470.8911344176691
improvementE1 : -470.8910515061502
improvementE1 : -470.8879306048792
improvementE3 : -470.88791700954937
improvementE3 : -470.8879075334033
improvementE3 : -470.8856009126943
improvementE1 : -470.8843389392052
improvementE3 : -470.8827042422082
improvementE2 : -470.88150499068337
improvementE1 : -470.88150003184643
improvementE3 : -470.88149697832756
improvementE1 : -470.8814957662528
improvementE2 : -470.88149304031396
improvementE3 : -470.8814904560774
improvementE3 : -470.1603888468768
improvementE1 : -470.16038578510006
improvementE2 : -470.1603845651287
improvementE1 : -470.16037962254217
improvementE2 : -464.888977486651
improvementE3 : -464.88897606569816
improvementE3 : -463.71697088063286
improvementE2 : -463.70637995681557
improvementE3 : -463.70637566888786
improvementE3 : -463.7063532376508
improvementE3 : -463.7062773475797
improvementE2 : -463.7062723318972
improvementE2 : -463.70627019114147
improvementE1 : -463.70626199756003
improvementE3 : -463.706259169147
improvementE2 : -463.7062231880887
improvementE3 : -463.7062218457074
improvementE1 : -463.70622057568625
improvementE3 : -463.70621626712483
improvementE2 : -463.7061491844011
improvementE2 : -463.7061479939507
improvementE1 : -463.70606134993795
improvementE2 : -463.7060581190254
improvementE2 : -463.70605711267706
improvementE3 : -463.7060539483119
logL = -4832.510173406019
Removing 0 markers
Second round
improvementE1 : -463.7060306778267
improvementE1 : -463.7060284324904
improvementE1 : -463.7060273950988
improvementE3 : -463.70602456726533
improvementE3 : -463.7060222690177
improvementE2 : -463.70600235632844
improvementE2 : -463.7060005050747
improvementE3 : -463.7059985622221
improvementE2 : -463.70599717391104
improvementE2 : -459.8910866399023
improvementE1 : -459.8650339957766
improvementE1 : -459.86487541512963
improvementE1 : -459.8646665736755
improvementE1 : -459.86465944900203
improvementE1 : -459.86046781358846
improvementE3 : -459.86045528512494
improvementE2 : -459.8603882581875
improvementE2 : -459.8602964221829
improvementE2 : -459.8602857563729
improvementE1 : -459.86028471027385
improvementE1 : -459.8602380152215
improvementE1 : -459.86019558307726
improvementE3 : -459.8601034849157
improvementE1 : -459.86009950019644
improvementE1 : -459.8600521234382
improvementE1 : -459.86005106721535
improvementE1 : -459.8599915404041
improvementE1 : -459.76968447069544
improvementE3 : -459.7696132320677
improvementE3 : -459.75153701056826
improvementE3 : -459.74087685820075
improvementE3 : -459.71815645581137
improvementE3 : -459.7181468467358
improvementE2 : -459.71812571848704
improvementE1 : -459.7181215207589
improvementE2 : -459.7163937007488
improvementE1 : -459.7163894995451
improvementE1 : -459.71121548326977
improvementE3 : -459.7112031643617
improvementE1 : -459.71112360265846
improvementE2 : -459.7111074839462
improvementE2 : -459.710749131402
improvementE1 : -459.7107414217822
improvementE1 : -459.7106972002692
improvementE3 : -455.20372221333474
improvementE3 : -455.20372106852426
improvementE2 : -455.2037168099702
improvementE1 : -455.2037118914674
improvementE3 : -455.19840026599854
improvementE3 : -455.1973707946005
improvementE1 : -453.3315510743917
improvementE3 : -453.3313896851027
improvementE3 : -452.28755662329286
improvementE2 : -452.2875551418047
improvementE3 : -451.5097429558043
improvementE1 : -449.46669413169616
improvementE3 : -449.4666894736117
improvementE1 : -443.0111783003462
improvementE1 : -443.0106301092971
improvementE3 : -442.9962784423638
improvementE3 : -442.98082698459314
improvementE2 : -442.98081279849026
improvementE2 : -442.9412746318026
improvementE3 : -442.9235275332228
improvementE1 : -442.92352554590667
improvementE3 : -442.92350464250933
improvementE1 : -442.9233673118584
improvementE3 : -442.8270229514503
improvementE3 : -442.82602248236606
improvementE3 : -442.8259252201971
improvementE3 : -442.82589770492115
improvementE3 : -442.8006624320423
improvementE2 : -442.80065992586094
improvementE3 : -442.80064841055275
improvementE3 : -442.70751574072005
improvementE3 : -442.7075023256347
improvementE2 : -442.7000532719723
improvementE3 : -442.69010277645026
improvementE3 : -442.68991614142766
improvementE3 : -442.6890500293885
improvementE1 : -442.6427385476952
improvementE3 : -442.64266151857004
improvementE2 : -442.6403066936867
improvementE3 : -442.64023227346667
improvementE1 : -442.6399222652925
improvementE1 : -442.61281387320565
improvementE1 : -442.61262483913964
improvementE1 : -442.6125762536595
improvementE2 : -442.6125453923631
improvementE2 : -442.61247703260915
improvementE3 : -442.6124751820494
improvementE2 : -442.6124721725834
improvementE2 : -442.61244790223344
improvementE1 : -442.594440533501
improvementE3 : -442.5944380100381
improvementE2 : -442.5944282738635
improvementE2 : -442.5941722372283
improvementE1 : -442.59416824874864
improvementE1 : -442.59416689878714
improvementE1 : -442.59415884383253
improvementE2 : -442.5939687965127
improvementE1 : -442.59396648716324
