0->0 : 0
0->1 : 0
0->2 : 0
       Error rate = 0.0
1->0 : 0
1->1 : 0
1->2 : 0
       Error rate = 0.0
2->0 : 0
2->1 : 0
2->2 : 0
       Error rate = 0.0
0,2->0,2 : 1181913
  0,2->1 : 0
1,2->1,2 : 0
  1,2->0 : 0
       Error rate = 0.0
Maternally informative markers = 0 (of 10219)
Paternally informative markers = 10219
Maternally or paternally informative markers = 10219
Removed 0 children
Removed 0 markers
Number of LGs = 45
***Family = fam_08 chromosome = 23 numMarkers = 197 maternal informative markers 0 (paternal informative markers 197)
***Family = fam_01 chromosome = 23 numMarkers = 197 maternal informative markers 0 (paternal informative markers 197)
***Family = fam_09 chromosome = 23 numMarkers = 197 maternal informative markers 0 (paternal informative markers 197)
197->164
164->164
All pairs
join 2 and 72 score = 0.0 sizes 1,1
join 18 and 35 score = 0.0 sizes 1,1
join 35 and 132 score = 0.0 sizes 2,1
join 18 and 20 score = 0.0 sizes 3,1
join 132 and 147 score = 0.0 sizes 4,1
join 49 and 129 score = 0.0 sizes 1,1
join 2 and 129 score = 0.0 sizes 2,2
join 36 and 72 score = 0.0 sizes 1,4
join 106 and 155 score = 0.0 sizes 1,1
join 20 and 106 score = 0.0 sizes 5,2
join 15 and 36 score = 0.0 sizes 1,5
join 157 and 160 score = 0.0 sizes 1,1
join 108 and 160 score = 0.0 sizes 1,2
join 71 and 117 score = 0.0 sizes 1,1
join 40 and 115 score = 0.0 sizes 1,1
join 124 and 158 score = 0.0 sizes 1,1
join 112 and 153 score = 0.0 sizes 1,1
join 130 and 147 score = 0.0 sizes 1,7
join 15 and 130 score = 0.0 sizes 6,8
join 14 and 66 score = 0.0 sizes 1,1
join 1 and 12 score = 0.0 sizes 1,1
join 1 and 49 score = 0.0 sizes 2,14
join 71 and 123 score = 0.0 sizes 2,1
join 137 and 152 score = 0.0 sizes 1,1
join 24 and 117 score = 0.0 sizes 1,3
join 89 and 123 score = 0.0 sizes 1,4
join 24 and 154 score = 0.0 sizes 5,1
join 40 and 154 score = 0.0 sizes 2,6
join 42 and 107 score = 0.0 sizes 1,1
join 5 and 42 score = 0.0 sizes 1,2
join 107 and 144 score = 0.0 sizes 3,1
join 10 and 120 score = 0.0 sizes 1,1
join 89 and 116 score = 0.0 sizes 8,1
join 115 and 119 score = 0.0 sizes 9,1
join 113 and 114 score = 0.0 sizes 1,1
join 56 and 113 score = 0.0 sizes 1,2
join 17 and 153 score = 0.0 sizes 1,2
join 17 and 87 score = 0.0 sizes 3,1
join 53 and 87 score = 0.0 sizes 1,4
join 26 and 112 score = 0.0 sizes 1,5
join 26 and 157 score = 0.0 sizes 6,3
join 76 and 108 score = 0.0 sizes 1,9
join 50 and 76 score = 0.0 sizes 1,10
join 50 and 126 score = 0.0 sizes 11,1
join 53 and 161 score = 0.0 sizes 12,1
join 126 and 131 score = 0.0 sizes 13,1
join 155 and 161 score = 0.0 sizes 16,14
join 12 and 119 score = 0.0 sizes 30,10
join 79 and 104 score = 0.0 sizes 1,1
join 66 and 100 score = 0.0 sizes 2,1
join 114 and 150 score = 0.0 sizes 3,1
join 138 and 151 score = 0.0 sizes 1,1
join 109 and 138 score = 0.0 sizes 1,2
join 10 and 152 score = 0.0 sizes 2,2
join 3 and 9 score = 0.0 sizes 1,1
join 9 and 136 score = 0.0 sizes 2,1
join 61 and 109 score = 0.0 sizes 1,3
join 92 and 131 score = 0.0 sizes 1,40
join 54 and 56 score = 0.0 sizes 1,4
join 54 and 59 score = 0.0 sizes 5,1
join 63 and 150 score = 0.0 sizes 1,6
join 48 and 93 score = 0.0 sizes 1,1
join 41 and 73 score = 0.0 sizes 1,1
join 79 and 158 score = 0.0 sizes 2,2
join 103 and 156 score = 0.0 sizes 1,1
join 41 and 121 score = 0.0 sizes 2,1
join 85 and 121 score = 0.0 sizes 1,3
join 5 and 159 score = 0.0 sizes 4,1
join 95 and 144 score = 0.0 sizes 1,5
All pairs
join 8 and 70 score = 0.0 sizes 1,1
join 74 and 111 score = 0.0 sizes 1,1
join 44 and 73 score = 0.0 sizes 1,4
join 97 and 101 score = 0.0 sizes 1,1
join 45 and 101 score = 0.0 sizes 1,2
join 111 and 135 score = 0.0 sizes 2,1
join 74 and 116 score = 0.0 sizes 3,41
join 84 and 102 score = 0.0 sizes 1,1
join 51 and 84 score = 0.0 sizes 1,2
join 43 and 102 score = 0.0 sizes 1,3
join 43 and 62 score = 0.0 sizes 4,1
join 45 and 92 score = 0.0 sizes 3,44
join 82 and 135 score = 0.0 sizes 1,47
join 33 and 97 score = 0.0 sizes 1,48
join 118 and 151 score = 0.0 sizes 1,4
join 61 and 83 score = 0.0 sizes 5,1
join 3 and 149 score = 0.0 sizes 3,1
join 0 and 70 score = 0.0 sizes 1,2
join 38 and 118 score = 0.0 sizes 1,6
join 39 and 59 score = 0.0 sizes 1,7
join 14 and 63 score = 0.0 sizes 3,8
join 32 and 142 score = 0.0 sizes 1,1
join 142 and 163 score = 0.0 sizes 2,1
join 78 and 120 score = 0.0 sizes 1,4
join 31 and 48 score = 0.0 sizes 1,2
join 93 and 137 score = 0.0 sizes 3,5
join 125 and 162 score = 0.0 sizes 1,1
join 8 and 125 score = 0.0 sizes 3,2
join 83 and 141 score = 0.0 sizes 7,1
join 31 and 46 score = 0.0 sizes 8,1
join 51 and 133 score = 0.0 sizes 5,1
join 21 and 141 score = 0.0 sizes 1,8
join 6 and 21 score = 0.0 sizes 1,9
join 38 and 139 score = 0.0 sizes 10,1
join 143 and 156 score = 0.004484304932735426 sizes 1,2
join 4 and 29 score = 0.0 sizes 1,1
join 29 and 55 score = 0.0 sizes 2,1
join 96 and 127 score = 0.0 sizes 1,1
join 28 and 127 score = 0.0 sizes 1,2
join 13 and 25 score = 0.0 sizes 1,1
join 13 and 52 score = 0.0 sizes 2,1
join 16 and 25 score = 0.0 sizes 1,3
join 104 and 162 score = 0.005319148936170213 sizes 4,5
join 6 and 33 score = 0.007042253521126761 sizes 11,49
join 82 and 110 score = 0.0 sizes 60,1
join 75 and 110 score = 0.0 sizes 1,61
join 11 and 81 score = 0.0 sizes 1,1
join 28 and 81 score = 0.0 sizes 3,2
join 88 and 105 score = 0.0 sizes 1,1
join 57 and 64 score = 0.0 sizes 1,1
join 57 and 103 score = 0.006944444444444444 sizes 2,3
join 69 and 143 score = 0.0 sizes 1,5
join 22 and 86 score = 0.0 sizes 1,1
join 37 and 86 score = 0.0 sizes 1,2
join 37 and 99 score = 0.0 sizes 3,1
join 19 and 100 score = 0.010752688172043012 sizes 1,11
join 68 and 94 score = 0.0 sizes 1,1
join 22 and 23 score = 0.0 sizes 4,1
join 58 and 80 score = 0.006493506493506494 sizes 1,1
join 124 and 163 score = 0.011627906976744186 sizes 9,3
join 27 and 68 score = 0.0 sizes 1,2
join 7 and 23 score = 0.0 sizes 1,5
join 94 and 98 score = 0.0 sizes 3,1
join 30 and 52 score = 0.0 sizes 1,4
join 16 and 67 score = 0.0 sizes 5,1
join 30 and 105 score = 0.0 sizes 6,2
join 88 and 128 score = 0.0 sizes 8,1
join 77 and 140 score = 0.0 sizes 1,1
join 47 and 99 score = 0.0 sizes 1,6
join 0 and 7 score = 0.0 sizes 12,7
join 32 and 46 score = 0.013157894736842105 sizes 19,9
join 64 and 90 score = 0.0111731843575419 sizes 6,1
join 27 and 69 score = 0.0 sizes 4,7
join 19 and 85 score = 0.013333333333333334 sizes 12,5
join 58 and 91 score = 0.0 sizes 2,1
join 80 and 136 score = 0.01818181818181818 sizes 3,4
join 4 and 122 score = 0.013245033112582781 sizes 3,1
join 122 and 139 score = 0.014285714285714285 sizes 4,62
join 34 and 134 score = 0.012345679012345678 sizes 1,1
join 146 and 148 score = 0.0 sizes 1,1
join 65 and 140 score = 0.012658227848101266 sizes 1,2
join 39 and 95 score = 0.0234375 sizes 17,6
All pairs
join 96 and 148 score = 0.0 sizes 5,2
join 11 and 47 score = 0.0 sizes 7,28
join 67 and 145 score = 0.0 sizes 9,1
join 90 and 159 score = 0.02127659574468085 sizes 11,23
join 145 and 146 score = 0.038461538461538464 sizes 10,35
join 55 and 78 score = 0.043795620437956206 sizes 66,45
join 34 and 133 score = 0.04697986577181208 sizes 2,6
join 44 and 149 score = 0.06875 sizes 34,7
join 60 and 91 score = 0.03225806451612903 sizes 1,41
join 62 and 65 score = 0.060810810810810814 sizes 8,3
join 98 and 134 score = 0.09523809523809523 sizes 42,11
join 60 and 128 score = 0.0 sizes 53,111
score = 0.5920532293260727
improvementE3 : -348.9957015611071
improvementE1 : -348.9954757518722
improvementE1 : -348.9950739468688
improvementE3 : -348.99418370753
improvementE2 : -348.79466131969974
improvementE1 : -348.79463902930274
improvementE1 : -348.79463455785634
improvementE3 : -348.79463234878244
improvementE1 : -348.7918092062458
improvementE3 : -348.79179050296614
improvementE2 : -348.7917082571465
improvementE1 : -348.7802161447053
improvementE1 : -348.7802002539312
improvementE2 : -346.5938587060017
improvementE1 : -346.59308946269215
improvementE3 : -346.593085907748
improvementE3 : -346.5930831063533
improvementE3 : -346.58025757385184
improvementE2 : -346.56756424139917
improvementE2 : -346.56754487351395
improvementE3 : -346.49075635219145
improvementE2 : -346.4905589628359
improvementE3 : -346.4439887944791
improvementE1 : -346.44365365735223
improvementE2 : -346.4435927737374
improvementE1 : -346.4434270669613
improvementE3 : -346.4275284272844
improvementE2 : -346.42752635364224
improvementE1 : -346.3604659681961
improvementE1 : -346.360187177553
improvementE1 : -346.35501097848817
improvementE1 : -346.31138069841523
improvementE1 : -345.90402154371634
improvementE2 : -345.9033579059706
improvementE1 : -345.900042064423
improvementE3 : -345.8929980134642
improvementE2 : -345.89298044217736
improvementE3 : -345.8863397332744
improvementE2 : -345.88596613925915
improvementE2 : -345.88594699641186
improvementE1 : -345.88594502222423
improvementE3 : -345.8858510819601
improvementE3 : -345.7648532884274
improvementE3 : -345.7374680418551
improvementE3 : -345.7362466610864
improvementE2 : -345.7320485183855
improvementE1 : -345.7320424163166
improvementE3 : -345.73204049197244
improvementE3 : -345.73068374362765
improvementE3 : -345.73063546345287
improvementE1 : -345.7193881430738
improvementE1 : -345.7183600447638
improvementE3 : -345.71835689084344
improvementE1 : -345.71835214724314
improvementE3 : -345.7091601109743
improvementE3 : -345.7091588736296
improvementE2 : -345.70906355236457
improvementE3 : -345.7090189942746
improvementE2 : -345.70897888607334
improvementE1 : -345.708726550468
improvementE3 : -345.7077446455102
improvementE3 : -345.70649231320937
improvementE2 : -345.70648093156024
improvementE2 : -345.7064036439032
improvementE2 : -340.98881851374654
improvementE3 : -340.95140473689383
improvementE2 : -340.951403466132
improvementE1 : -340.9201196997454
improvementE1 : -340.9195962068966
improvementE3 : -340.91958973921527
improvementE1 : -340.91942786381514
improvementE3 : -340.91930464664836
improvementE1 : -340.9051002162432
improvementE3 : -340.9032491878541
improvementE3 : -340.90324815402215
improvementE3 : -340.89986883950024
improvementE2 : -340.8998635224945
improvementE2 : -334.7298826908031
improvementE3 : -334.7266941406118
improvementE3 : -323.39693327129817
improvementE2 : -323.39669890486505
improvementE1 : -323.396666794158
improvementE1 : -323.3962762104775
improvementE1 : -323.3945555822932
improvementE2 : -323.3945420018454
improvementE3 : -323.39454069971697
improvementE2 : -321.24413046842415
improvementE1 : -321.24412788821843
improvementE1 : -321.24412652819694
improvementE3 : -321.241008920941
improvementE1 : -321.24002177121343
improvementE3 : -321.2400202209439
improvementE1 : -321.2400039276116
improvementE3 : -321.2399858712476
improvementE3 : -321.2119852864237
improvementE3 : -321.21198168571976
improvementE3 : -321.21197504916597
improvementE3 : -321.20706146473026
improvementE1 : -321.20705265699297
improvementE3 : -321.2068244381425
improvementE3 : -321.1414310889995
improvementE2 : -321.14097514291836
improvementE1 : -321.14096828443536
improvementE1 : -321.13966018406904
improvementE2 : -321.13965843714954
improvementE2 : -320.97280570713485
improvementE2 : -319.793227059312
improvementE2 : -319.7927379048281
improvementE3 : -319.7732020029277
improvementE1 : -319.7730878750439
improvementE1 : -319.77281996583923
improvementE1 : -319.7728146394861
improvementE2 : -319.77280387559864
improvementE1 : -319.7725389087232
improvementE2 : -318.5627019996072
improvementE1 : -318.56243087721083
improvementE1 : -318.5623787753568
improvementE3 : -318.51627617234715
improvementE1 : -318.5159176580897
improvementE2 : -318.51591581561047
improvementE3 : -314.70355930927707
improvementE1 : -314.7035435096665
improvementE3 : -314.7035424277418
improvementE1 : -314.7035410398584
improvementE1 : -314.7035303112513
improvementE2 : -307.0806968293093
improvementE2 : -307.0805974571431
improvementE3 : -307.08024921864774
improvementE3 : -307.07908411340526
improvementE1 : -307.07908275749503
improvementE2 : -307.0790809565813
improvementE2 : -307.07802785887
improvementE2 : -307.078014052384
improvementE1 : -307.07785620492285
improvementE1 : -305.6973356588713
improvementE1 : -305.6973282057678
improvementE3 : -305.6949308780124
improvementE3 : -302.3392253930981
improvementE2 : -302.338066994321
improvementE3 : -302.3380654456686
improvementE1 : -302.33803486505207
improvementE3 : -298.51145104458516
improvementE1 : -298.51144202646975
improvementE3 : -298.51141874484466
improvementE2 : -298.5114137612317
improvementE1 : -298.51140847476955
improvementE3 : -298.4484748511644
improvementE3 : -298.44846926811107
improvementE1 : -298.4484634906105
improvementE2 : -298.44845814936747
improvementE3 : -298.4477749093368
improvementE2 : -298.4477589239599
improvementE3 : -298.4477555137297
improvementE1 : -298.447720734856
improvementE1 : -298.44771567895236
improvementE1 : -298.4450491321439
improvementE2 : -298.4450479038782
improvementE1 : -298.4450457711986
improvementE2 : -298.4385699458834
improvementE3 : -298.4377233770289
improvementE3 : -298.43764483473603
improvementE1 : -298.43750630968566
improvementE3 : -298.4374699254774
improvementE1 : -298.43746612743047
improvementE3 : -298.4374645313133
improvementE3 : -296.61994944713183
improvementE1 : -296.6193607696529
improvementE1 : -296.61935943081113
improvementE3 : -296.6193515767585
improvementE1 : -296.6193481939215
improvementE2 : -296.61934686751613
improvementE3 : -296.6193307926859
improvementE2 : -296.61836274308706
improvementE3 : -296.6183579628636
improvementE2 : -296.6183562293516
improvementE1 : -296.61835391085594
improvementE2 : -295.06974246055546
improvementE3 : -295.06972699434976
improvementE1 : -295.0697252645748
improvementE2 : -295.069689039344
improvementE1 : -295.0696859923422
improvementE3 : -295.0696706427307
improvementE3 : -295.06882641431275
improvementE3 : -293.1528412869164
improvementE1 : -293.1528354056846
improvementE2 : -293.1503723108722
improvementE3 : -293.1503505160039
improvementE1 : -293.14984583776385
improvementE2 : -293.14982131410363
improvementE2 : -293.14981662980796
improvementE3 : -293.1497878417561
improvementE3 : -293.1485088553197
improvementE1 : -293.14849176273475
improvementE3 : -293.14846089138655
improvementE3 : -293.14844723720034
improvementE1 : -293.1484289127433
improvementE3 : -293.14841131748216
improvementE2 : -293.14839508746525
improvementE2 : -292.10875851048684
improvementE3 : -292.10875658865285
improvementE3 : -292.108325654229
improvementE3 : -292.1082563737881
improvementE1 : -292.1080474064881
improvementE2 : -292.10792045896187
improvementE1 : -292.10787573028915
improvementE2 : -292.08441797163385
improvementE2 : -292.08441649938135
improvementE3 : -292.0843922975659
improvementE1 : -292.0843880534335
improvementE1 : -292.08336414431074
improvementE3 : -292.08336293587513
improvementE2 : -292.0833608730809
improvementE3 : -292.0833333235588
improvementE1 : -292.083330675642
improvementE2 : -292.0833090827962
improvementE3 : -292.08330578914837
improvementE2 : -292.0822579707753
improvementE2 : -292.0821659218475
improvementE1 : -292.08216434319445
improvementE3 : -292.08202177227366
improvementE1 : -292.0815330382913
improvementE1 : -292.08134043931807
improvementE3 : -292.0813372655151
improvementE3 : -292.08124566023236
improvementE3 : -292.08121420227144
improvementE2 : -292.0811641968579
improvementE2 : -292.08115963356533
improvementE1 : -292.0811579266409
improvementE3 : -292.0810880857192
improvementE2 : -292.0810831555808
improvementE3 : -292.0810015509846
improvementE3 : -292.0805319428747
improvementE3 : -292.080491752279
improvementE1 : -292.08047348274374
improvementE2 : -292.0804678587671
improvementE2 : -292.08046512651094
improvementE3 : -292.07921064670546
improvementE3 : -292.07910759157653
improvementE2 : -292.07909973142824
improvementE2 : -292.07908631659984
improvementE1 : -292.079073015143
improvementE1 : -292.0790056316055
improvementE1 : -292.0790043117394
logL = -2582.602313751265
Removing 0 markers
Second round
improvementE3 : -292.07896841625586
improvementE2 : -292.0789653812842
improvementE3 : -292.0783036176189
improvementE1 : -292.07829424620553
improvementE1 : -292.0782742035628
improvementE3 : -292.0782695434385
improvementE1 : -292.0782608893963
improvementE2 : -288.93545494076545
improvementE2 : -288.9354513351792
improvementE3 : -288.9354390662192
improvementE3 : -288.9326768705065
improvementE2 : -288.93267573172176
improvementE1 : -288.93266839303203
improvementE3 : -288.9322822696093
improvementE3 : -288.93208912920204
improvementE2 : -288.93208811426615
improvementE2 : -288.87891196112406
improvementE1 : -288.8789016894946
improvementE1 : -288.87890038608793
improvementE2 : -288.8140114130031
improvementE3 : -288.814010302721
improvementE1 : -288.8140060300059
improvementE1 : -288.81399541119396
improvementE1 : -288.81373507970335
improvementE1 : -288.81368439926894
improvementE1 : -288.81368135395365
improvementE1 : -288.81368025119093
improvementE3 : -288.81367915801223
improvementE2 : -288.8136770205414
improvementE3 : -288.81367520669573
improvementE2 : -288.8136737905742
