0->0 : 0
0->1 : 0
0->2 : 0
       Error rate = 0.0
1->0 : 0
1->1 : 0
1->2 : 0
       Error rate = 0.0
2->0 : 0
2->1 : 0
2->2 : 0
       Error rate = 0.0
0,2->0,2 : 1181913
  0,2->1 : 0
1,2->1,2 : 0
  1,2->0 : 0
       Error rate = 0.0
Maternally informative markers = 0 (of 10219)
Paternally informative markers = 10219
Maternally or paternally informative markers = 10219
Removed 0 children
Removed 0 markers
Number of LGs = 45
***Family = fam_08 chromosome = 1 numMarkers = 409 maternal informative markers 0 (paternal informative markers 409)
***Family = fam_01 chromosome = 1 numMarkers = 409 maternal informative markers 0 (paternal informative markers 409)
***Family = fam_09 chromosome = 1 numMarkers = 409 maternal informative markers 0 (paternal informative markers 409)
409->312
312->312
All pairs
join 200 and 293 score = 0.0 sizes 1,1
join 51 and 55 score = 0.0 sizes 1,1
join 9 and 51 score = 0.0 sizes 1,2
join 26 and 185 score = 0.0 sizes 1,1
join 238 and 239 score = 0.0 sizes 1,1
join 197 and 270 score = 0.0 sizes 1,1
join 70 and 109 score = 0.0 sizes 1,1
join 109 and 247 score = 0.0 sizes 2,1
join 20 and 306 score = 0.0 sizes 1,1
join 240 and 306 score = 0.0 sizes 1,2
join 20 and 271 score = 0.0 sizes 3,1
join 143 and 192 score = 0.0 sizes 1,1
join 38 and 164 score = 0.0 sizes 1,1
join 173 and 179 score = 0.0 sizes 1,1
join 24 and 256 score = 0.0 sizes 1,1
join 149 and 185 score = 0.0 sizes 1,2
join 49 and 212 score = 0.0 sizes 1,1
join 33 and 261 score = 0.0 sizes 1,1
join 33 and 70 score = 0.0 sizes 2,3
join 247 and 271 score = 0.0 sizes 5,4
join 164 and 261 score = 0.0 sizes 2,9
join 231 and 240 score = 0.0 sizes 1,11
join 63 and 231 score = 0.0 sizes 1,12
join 189 and 256 score = 0.0 sizes 1,2
join 149 and 293 score = 0.0 sizes 3,2
join 26 and 52 score = 0.0 sizes 5,1
join 153 and 200 score = 0.0 sizes 1,6
join 125 and 175 score = 0.0 sizes 1,1
join 97 and 175 score = 0.0 sizes 1,2
join 57 and 81 score = 0.0 sizes 1,1
join 63 and 81 score = 0.0 sizes 13,2
join 103 and 212 score = 0.0 sizes 1,2
join 153 and 224 score = 0.0 sizes 7,1
join 52 and 100 score = 0.0 sizes 8,1
join 31 and 57 score = 0.0 sizes 1,15
join 9 and 31 score = 0.0 sizes 3,16
join 129 and 270 score = 0.0 sizes 1,2
join 139 and 197 score = 0.0 sizes 1,3
join 41 and 301 score = 0.0 sizes 1,1
join 41 and 282 score = 0.0 sizes 2,1
join 237 and 301 score = 0.0 sizes 1,3
join 165 and 184 score = 0.0 sizes 1,1
join 53 and 195 score = 0.0 sizes 1,1
join 100 and 195 score = 0.0 sizes 9,2
join 38 and 262 score = 0.0 sizes 19,1
join 68 and 141 score = 0.0 sizes 1,1
join 36 and 46 score = 0.0 sizes 1,1
join 12 and 71 score = 0.0 sizes 1,1
join 62 and 150 score = 0.0 sizes 1,1
join 11 and 179 score = 0.0 sizes 1,2
join 169 and 281 score = 0.0 sizes 1,1
join 19 and 265 score = 0.0 sizes 1,1
join 22 and 120 score = 0.0 sizes 1,1
join 22 and 224 score = 0.0 sizes 2,11
join 90 and 263 score = 0.0 sizes 1,1
join 253 and 278 score = 0.0 sizes 1,1
join 278 and 287 score = 0.0 sizes 2,1
join 90 and 192 score = 0.0 sizes 2,2
join 143 and 189 score = 0.0 sizes 4,3
join 83 and 258 score = 0.0 sizes 1,1
join 74 and 140 score = 0.0 sizes 1,1
join 1 and 232 score = 0.0 sizes 1,1
join 210 and 309 score = 0.0 sizes 1,1
join 139 and 188 score = 0.0 sizes 4,1
join 188 and 262 score = 0.0 sizes 5,20
join 132 and 206 score = 0.0 sizes 1,1
join 151 and 206 score = 0.0 sizes 1,2
join 165 and 177 score = 0.0 sizes 2,1
join 35 and 209 score = 0.0 sizes 1,1
join 35 and 78 score = 0.0 sizes 2,1
join 5 and 150 score = 0.0 sizes 1,2
join 62 and 307 score = 0.0 sizes 3,1
join 193 and 307 score = 0.0 sizes 1,4
join 157 and 249 score = 0.0 sizes 1,1
join 12 and 171 score = 0.0 sizes 2,1
join 36 and 146 score = 0.0 sizes 2,1
join 53 and 253 score = 0.0 sizes 13,3
join 158 and 236 score = 0.0 sizes 1,1
join 64 and 127 score = 0.0 sizes 1,1
join 105 and 106 score = 0.0 sizes 1,1
join 46 and 193 score = 0.0 sizes 3,5
join 5 and 55 score = 0.0 sizes 8,25
join 69 and 129 score = 0.0 sizes 1,33
join 15 and 103 score = 0.0 sizes 1,3
join 49 and 94 score = 0.0 sizes 4,1
join 74 and 94 score = 0.0 sizes 2,5
join 140 and 225 score = 0.0 sizes 7,1
join 30 and 288 score = 0.0 sizes 1,1
join 128 and 163 score = 0.0 sizes 1,1
join 83 and 163 score = 0.0 sizes 2,2
join 71 and 258 score = 0.0 sizes 3,4
join 128 and 146 score = 0.0 sizes 7,34
join 0 and 17 score = 0.0 sizes 1,1
join 236 and 243 score = 0.0 sizes 2,1
join 242 and 243 score = 0.0 sizes 1,3
join 39 and 272 score = 0.0 sizes 1,1
join 23 and 39 score = 0.0 sizes 1,2
join 13 and 102 score = 0.0 sizes 1,1
join 19 and 203 score = 0.0 sizes 2,1
join 1 and 154 score = 0.0 sizes 2,1
join 232 and 234 score = 0.0 sizes 3,1
join 24 and 141 score = 0.0 sizes 7,2
join 44 and 68 score = 0.0 sizes 1,9
join 44 and 284 score = 0.0 sizes 10,1
join 259 and 284 score = 0.0 sizes 1,11
join 93 and 259 score = 0.0 sizes 1,12
join 34 and 311 score = 0.0 sizes 1,1
join 263 and 280 score = 0.0 sizes 13,1
join 102 and 210 score = 0.0 sizes 2,2
join 97 and 204 score = 0.0 sizes 3,1
join 105 and 201 score = 0.0 sizes 2,1
join 106 and 174 score = 0.0 sizes 3,1
join 58 and 276 score = 0.0 sizes 1,1
join 58 and 277 score = 0.0 sizes 2,1
join 86 and 220 score = 0.0 sizes 1,1
join 0 and 169 score = 0.0 sizes 2,2
join 85 and 204 score = 0.0 sizes 1,4
join 11 and 302 score = 0.0 sizes 3,1
join 217 and 302 score = 0.0 sizes 1,4
join 181 and 202 score = 0.0 sizes 1,1
join 202 and 245 score = 0.0 sizes 2,1
join 123 and 245 score = 0.0 sizes 1,3
join 89 and 235 score = 0.0 sizes 1,1
join 235 and 255 score = 0.0 sizes 2,1
join 89 and 229 score = 0.0 sizes 3,1
join 255 and 257 score = 0.0 sizes 4,1
join 76 and 299 score = 0.0 sizes 1,1
join 98 and 174 score = 0.0 sizes 1,4
join 110 and 234 score = 0.0 sizes 1,4
join 32 and 178 score = 0.0 sizes 1,1
join 60 and 178 score = 0.0 sizes 1,2
join 88 and 227 score = 0.0 sizes 1,1
join 177 and 295 score = 0.0 sizes 3,1
join 160 and 184 score = 0.0 sizes 1,4
join 7 and 208 score = 0.0 sizes 1,1
join 7 and 133 score = 0.0 sizes 2,1
join 168 and 181 score = 0.0 sizes 1,4
join 144 and 168 score = 0.0 sizes 1,5
join 137 and 167 score = 0.0 sizes 1,1
join 221 and 228 score = 0.0 sizes 1,1
join 228 and 238 score = 0.0 sizes 2,2
join 221 and 241 score = 0.0 sizes 4,1
join 239 and 298 score = 0.0 sizes 5,1
join 50 and 252 score = 0.0 sizes 1,1
join 114 and 252 score = 0.0 sizes 1,2
join 67 and 114 score = 0.0 sizes 1,3
join 16 and 287 score = 0.0 sizes 1,16
join 16 and 124 score = 0.0 sizes 17,1
join 29 and 154 score = 0.0 sizes 1,5
join 14 and 60 score = 0.0 sizes 1,3
join 157 and 166 score = 0.0 sizes 2,1
join 48 and 249 score = 0.0 sizes 1,3
join 48 and 176 score = 0.0 sizes 4,1
join 148 and 272 score = 0.0 sizes 1,3
join 148 and 237 score = 0.0 sizes 4,4
join 138 and 282 score = 0.0 sizes 1,8
join 138 and 155 score = 0.0 sizes 9,1
join 107 and 108 score = 0.0 sizes 1,1
join 113 and 191 score = 0.0 sizes 1,1
join 137 and 191 score = 0.0 sizes 2,2
join 211 and 288 score = 0.0 sizes 1,2
join 30 and 190 score = 0.0 sizes 3,1
join 187 and 308 score = 0.0 sizes 1,1
join 115 and 187 score = 0.0 sizes 1,2
join 82 and 115 score = 0.0 sizes 1,3
join 130 and 134 score = 0.0 sizes 1,1
join 8 and 305 score = 0.0 sizes 1,1
join 80 and 310 score = 0.0 sizes 1,1
join 171 and 277 score = 0.0 sizes 41,3
join 69 and 274 score = 0.0 sizes 44,1
All pairs
join 244 and 246 score = 0.0 sizes 1,1
join 18 and 246 score = 0.0 sizes 1,2
join 172 and 217 score = 0.0 sizes 1,5
join 173 and 269 score = 0.0 sizes 6,1
join 121 and 152 score = 0.0 sizes 1,1
join 95 and 227 score = 0.0 sizes 1,2
join 201 and 290 score = 0.0 sizes 5,1
join 84 and 98 score = 0.0 sizes 1,6
join 73 and 199 score = 0.0 sizes 1,1
join 13 and 264 score = 0.0 sizes 4,1
join 96 and 218 score = 0.0 sizes 1,1
join 215 and 222 score = 0.0 sizes 1,1
join 75 and 203 score = 0.0 sizes 1,3
join 119 and 222 score = 0.0 sizes 1,2
join 215 and 218 score = 0.0 sizes 3,2
join 42 and 266 score = 0.0 sizes 1,1
join 180 and 182 score = 0.0 sizes 1,1
join 64 and 76 score = 0.005847953216374269 sizes 2,2
join 56 and 87 score = 0.0 sizes 1,1
join 56 and 303 score = 0.0 sizes 2,1
join 72 and 87 score = 0.0 sizes 1,3
join 250 and 275 score = 0.0 sizes 1,1
join 198 and 275 score = 0.0 sizes 1,2
join 161 and 266 score = 0.0 sizes 1,2
join 42 and 260 score = 0.0 sizes 3,1
join 260 and 294 score = 0.0 sizes 4,1
join 268 and 294 score = 0.0 sizes 1,5
join 127 and 134 score = 0.006134969325153374 sizes 4,2
join 27 and 107 score = 0.0 sizes 1,2
join 124 and 151 score = 0.006211180124223602 sizes 18,3
join 78 and 267 score = 0.006060606060606061 sizes 3,1
join 176 and 267 score = 0.006666666666666667 sizes 5,4
join 207 and 209 score = 0.0 sizes 1,9
join 207 and 254 score = 0.0 sizes 10,1
join 6 and 229 score = 0.007462686567164179 sizes 1,5
join 135 and 198 score = 0.0 sizes 1,3
join 29 and 99 score = 0.006756756756756757 sizes 6,1
join 17 and 132 score = 0.006211180124223602 sizes 4,21
join 2 and 66 score = 0.0 sizes 1,1
join 25 and 147 score = 0.0 sizes 1,1
join 101 and 273 score = 0.0 sizes 1,1
join 77 and 121 score = 0.006097560975609756 sizes 1,2
join 37 and 268 score = 0.0 sizes 1,6
join 96 and 161 score = 0.0 sizes 5,7
join 135 and 292 score = 0.0 sizes 4,1
join 130 and 285 score = 0.0 sizes 6,1
join 152 and 155 score = 0.007352941176470588 sizes 3,10
join 122 and 305 score = 0.0 sizes 1,2
join 28 and 59 score = 0.0 sizes 1,1
join 27 and 59 score = 0.0 sizes 3,2
join 104 and 213 score = 0.0 sizes 1,1
join 144 and 310 score = 0.0064516129032258064 sizes 6,2
join 172 and 251 score = 0.0064516129032258064 sizes 7,1
join 3 and 269 score = 0.006535947712418301 sizes 1,8
join 66 and 131 score = 0.0 sizes 2,1
join 131 and 190 score = 0.0 sizes 3,4
join 14 and 211 score = 0.007194244604316547 sizes 4,7
join 25 and 108 score = 0.012269938650306749 sizes 2,5
join 136 and 289 score = 0.0 sizes 1,1
join 133 and 264 score = 0.012195121951219513 sizes 3,5
join 117 and 120 score = 0.0 sizes 1,25
join 117 and 303 score = 0.0 sizes 26,4
join 92 and 265 score = 0.007194244604316547 sizes 1,4
join 113 and 205 score = 0.0 sizes 4,1
join 10 and 292 score = 0.0 sizes 1,5
join 85 and 196 score = 0.005405405405405406 sizes 5,1
join 196 and 205 score = 0.0 sizes 6,5
join 182 and 226 score = 0.0 sizes 2,1
join 61 and 251 score = 0.0 sizes 1,9
join 3 and 15 score = 0.00641025641025641 sizes 10,8
join 45 and 119 score = 0.0 sizes 1,12
join 244 and 308 score = 0.014084507042253521 sizes 3,4
join 45 and 65 score = 0.0 sizes 13,1
join 93 and 233 score = 0.006944444444444444 sizes 14,1
join 21 and 213 score = 0.007874015748031496 sizes 1,2
join 104 and 233 score = 0.013333333333333334 sizes 3,15
join 34 and 126 score = 0.007142857142857143 sizes 2,1
join 50 and 92 score = 0.014492753623188406 sizes 4,5
join 40 and 162 score = 0.0 sizes 1,1
join 77 and 162 score = 0.0 sizes 13,2
join 10 and 18 score = 0.0 sizes 6,7
join 230 and 250 score = 0.0 sizes 1,13
join 156 and 257 score = 0.006097560975609756 sizes 1,6
join 75 and 199 score = 0.014705882352941176 sizes 9,2
join 43 and 73 score = 0.0 sizes 1,11
join 43 and 286 score = 0.0 sizes 12,1
join 116 and 286 score = 0.0 sizes 1,13
join 28 and 183 score = 0.0 sizes 7,1
join 183 and 280 score = 0.0 sizes 8,18
join 194 and 276 score = 0.007042253521126761 sizes 1,45
join 220 and 254 score = 0.0 sizes 2,11
join 86 and 111 score = 0.013245033112582781 sizes 13,1
join 136 and 186 score = 0.0 sizes 2,1
join 214 and 296 score = 0.0 sizes 1,1
join 296 and 309 score = 0.0 sizes 2,8
join 122 and 208 score = 0.0 sizes 3,10
join 118 and 226 score = 0.012195121951219513 sizes 1,3
join 180 and 298 score = 0.0 sizes 4,6
join 118 and 159 score = 0.006172839506172839 sizes 10,1
join 241 and 279 score = 0.007633587786259542 sizes 11,1
join 225 and 281 score = 0.012345679012345678 sizes 18,30
join 95 and 110 score = 0.013071895424836602 sizes 3,7
join 91 and 116 score = 0.0 sizes 1,14
join 91 and 219 score = 0.0 sizes 15,1
join 23 and 67 score = 0.0136986301369863 sizes 15,16
join 219 and 297 score = 0.0125 sizes 31,1
join 242 and 297 score = 0.012269938650306749 sizes 4,32
join 40 and 283 score = 0.0 sizes 36,1
join 72 and 170 score = 0.0 sizes 48,1
join 223 and 248 score = 0.0 sizes 1,1
join 248 and 291 score = 0.0 sizes 2,1
join 216 and 223 score = 0.0 sizes 1,3
join 216 and 299 score = 0.0 sizes 4,7
join 37 and 156 score = 0.0 sizes 14,7
join 4 and 186 score = 0.0 sizes 1,3
join 32 and 125 score = 0.026881720430107527 sizes 11,11
join 88 and 147 score = 0.01948051948051948 sizes 10,26
join 158 and 311 score = 0.026143790849673203 sizes 37,3
join 6 and 194 score = 0.01875 sizes 21,46
join 123 and 279 score = 0.024691358024691357 sizes 8,12
join 112 and 295 score = 0.03205128205128205 sizes 1,5
join 142 and 170 score = 0.01818181818181818 sizes 1,49
join 82 and 160 score = 0.03067484662576687 sizes 14,6
join 166 and 167 score = 0.02857142857142857 sizes 14,22
join 47 and 61 score = 0.038461538461538464 sizes 1,50
join 47 and 214 score = 0.0 sizes 51,13
join 289 and 300 score = 0.03571428571428571 sizes 4,1
join 111 and 126 score = 0.0425531914893617 sizes 36,40
join 159 and 273 score = 0.05 sizes 20,2
join 145 and 283 score = 0.034482758620689655 sizes 1,76
All pairs
join 21 and 101 score = 0.05384615384615385 sizes 36,22
join 274 and 290 score = 0.07333333333333333 sizes 67,7
join 2 and 65 score = 0.06 sizes 77,74
join 80 and 285 score = 0.06896551724137931 sizes 58,11
join 54 and 300 score = 0.10714285714285714 sizes 1,5
join 54 and 291 score = 0.10344827586206896 sizes 6,69
join 8 and 79 score = 0.11538461538461539 sizes 64,1
join 79 and 112 score = 0.14173228346456693 sizes 65,20
join 84 and 142 score = 0.0 sizes 151,85
join 4 and 230 score = 0.0 sizes 75,236
join 145 and 304 score = 0.0 sizes 311,1
score = 1.4802527946785737
improvementE1 : -907.8435789537378
improvementE3 : -907.8384835391181
improvementE2 : -907.8368129098154
improvementE2 : -905.3171046075535
improvementE3 : -905.3162988205266
improvementE1 : -904.7637558581686
improvementE2 : -904.7637531775739
improvementE3 : -904.7637374650242
improvementE2 : -904.7515284415298
improvementE1 : -904.6438422433641
improvementE2 : -901.8763914916973
improvementE3 : -901.8226172090439
improvementE2 : -901.8225230656548
improvementE2 : -901.8225182081729
improvementE3 : -901.8029866490532
improvementE3 : -901.7823410459948
improvementE3 : -901.7815529903767
improvementE3 : -901.5455969748007
improvementE3 : -901.54383320056
improvementE2 : -901.5438040806598
improvementE3 : -901.5438019579545
improvementE3 : -901.54379011045
improvementE1 : -901.4689714710214
improvementE3 : -901.4681761665062
improvementE3 : -901.4681746107091
improvementE1 : -901.4681725390083
improvementE2 : -901.4603463707704
improvementE3 : -901.4587747823705
improvementE3 : -901.4571918480456
improvementE1 : -901.4568161911678
improvementE3 : -901.4555833789362
improvementE3 : -901.4555757618672
improvementE2 : -901.4417893312589
improvementE1 : -901.4417242916232
improvementE2 : -898.803490335994
improvementE3 : -898.7677051477572
improvementE3 : -883.106027128254
improvementE3 : -883.0893122515639
improvementE2 : -883.0614467292315
improvementE1 : -883.0608217984737
improvementE1 : -883.060709478227
improvementE3 : -883.0592211517417
improvementE3 : -883.0591887452277
improvementE3 : -883.0582282385674
improvementE1 : -883.0581957867248
improvementE2 : -879.5738449394051
improvementE3 : -879.571550724721
improvementE1 : -879.5694911692297
improvementE3 : -879.5686414575607
improvementE2 : -879.5686066177874
improvementE3 : -879.5407084400463
improvementE1 : -879.5398251378076
improvementE3 : -879.0077283052466
improvementE1 : -879.0076998183098
improvementE1 : -879.0076306570477
improvementE2 : -879.0015562409025
improvementE2 : -879.0014878595152
improvementE1 : -879.0014817817663
improvementE3 : -879.0011143140097
improvementE3 : -879.0010903762114
improvementE3 : -879.0010285552937
improvementE3 : -878.9965517953233
improvementE3 : -878.9611941947362
improvementE1 : -877.1185275074794
improvementE2 : -877.1185048989546
improvementE1 : -877.1183159838802
improvementE2 : -877.1154179758506
improvementE3 : -877.1154108644637
improvementE3 : -877.115251622859
improvementE3 : -877.113444800211
improvementE3 : -877.1115667168106
improvementE3 : -877.1115653225299
improvementE1 : -877.1115628736825
improvementE2 : -877.1082526062786
improvementE2 : -877.0894868856416
improvementE1 : -877.0885006462962
improvementE3 : -877.0884486312727
improvementE3 : -877.0879534540834
improvementE3 : -877.0497287439636
improvementE2 : -877.0063698622315
improvementE1 : -877.006362816361
improvementE3 : -877.0062889381463
improvementE3 : -876.993039678075
improvementE1 : -876.9927954736069
improvementE3 : -876.9927846092252
improvementE1 : -876.9927828974817
improvementE3 : -876.9901002178864
improvementE2 : -876.9900948605521
improvementE2 : -876.9900828100862
improvementE2 : -876.9900775414917
improvementE1 : -876.9899625775614
improvementE3 : -876.960692294433
improvementE1 : -876.9606764629266
improvementE3 : -874.7518578675591
improvementE1 : -874.7516968638988
improvementE1 : -874.3588064955385
improvementE3 : -874.3588047036071
improvementE3 : -874.2933668502625
improvementE2 : -874.2933606083751
improvementE3 : -874.2803325664436
improvementE1 : -874.2731165336714
improvementE2 : -874.2727995766927
improvementE1 : -874.272793176627
improvementE2 : -874.2724481789094
improvementE3 : -874.2155022295603
improvementE2 : -874.2148576445369
improvementE2 : -874.2148543794337
improvementE3 : -874.2144939522159
improvementE3 : -874.1997492739529
improvementE1 : -874.1997154901397
improvementE3 : -874.1982001130406
improvementE2 : -874.1981894191009
improvementE2 : -874.196574534129
improvementE2 : -874.1965705070609
improvementE2 : -874.1950768884664
improvementE2 : -863.2669609203294
improvementE3 : -863.2646213237764
improvementE1 : -863.2643410587581
improvementE3 : -863.2630208754292
improvementE3 : -863.2629907417771
improvementE3 : -862.215797405443
improvementE1 : -862.215768155971
improvementE3 : -862.1737475041176
improvementE3 : -862.1737309507785
improvementE1 : -862.1737275347493
improvementE3 : -862.1737028349911
improvementE2 : -862.166502592351
improvementE3 : -861.2736432949725
improvementE1 : -861.2653397791368
improvementE3 : -861.2069327485208
improvementE3 : -861.2007623686331
improvementE3 : -861.1956042892984
improvementE1 : -860.6030725181057
improvementE3 : -860.6030714983985
improvementE3 : -860.5980461593774
improvementE2 : -860.5920712460786
improvementE3 : -860.5771497410713
improvementE3 : -860.5771476188715
improvementE2 : -860.5771207951047
improvementE3 : -860.5771197829924
improvementE3 : -858.0524178016623
improvementE2 : -858.0519724073397
improvementE2 : -858.0519653899373
improvementE1 : -858.0519023610441
improvementE3 : -858.0509801297607
improvementE1 : -857.9251577144695
improvementE2 : -857.9251557646008
improvementE3 : -857.9154778957453
improvementE1 : -856.1708177071463
improvementE3 : -856.1704371492984
improvementE3 : -856.1618611986602
improvementE2 : -856.1618532678949
improvementE1 : -855.1660000768829
improvementE2 : -855.1631390781744
improvementE1 : -854.9754276729277
improvementE3 : -852.0321527481777
improvementE1 : -852.0321506378018
improvementE1 : -852.0321454205938
improvementE2 : -852.0320200301994
improvementE1 : -852.0319239402296
improvementE1 : -852.031911031715
improvementE3 : -852.0310500983101
improvementE2 : -852.031048987721
improvementE1 : -852.031022924042
improvementE2 : -848.5322352912391
improvementE3 : -848.5321002209024
improvementE1 : -848.5320918278237
improvementE3 : -848.531823613764
improvementE3 : -848.531798672816
improvementE3 : -848.5316569889695
improvementE1 : -843.8873176224375
improvementE1 : -843.8872679047437
improvementE3 : -843.8872534089202
improvementE2 : -843.8872468701568
improvementE3 : -842.5441997684949
improvementE2 : -842.544196933606
improvementE2 : -841.8883344572824
improvementE1 : -841.8882264501156
improvementE2 : -841.8729136099655
improvementE2 : -841.8728973720821
improvementE1 : -835.2125055194576
improvementE3 : -835.2123813600172
improvementE2 : -832.1623425316125
improvementE1 : -832.1623414647853
improvementE2 : -832.1623316355317
improvementE1 : -832.1621587551451
improvementE3 : -830.625109425893
improvementE3 : -830.5126298324277
improvementE3 : -830.5125015321235
improvementE3 : -824.6637131213282
improvementE3 : -824.6636662968691
improvementE3 : -824.5854855689543
improvementE3 : -822.8998226478755
improvementE1 : -822.8993938101884
improvementE3 : -822.8993901961446
improvementE2 : -822.8737789994381
improvementE1 : -818.1491432601583
improvementE3 : -815.4259388970569
improvementE3 : -815.3081048984219
improvementE1 : -815.297633849988
improvementE2 : -815.0478835150158
improvementE1 : -815.0432488697713
improvementE1 : -815.0428660746721
improvementE3 : -812.3818414160183
improvementE3 : -812.3815419398386
improvementE2 : -812.1488405491275
improvementE1 : -812.1379283823904
improvementE1 : -812.1379227106613
improvementE1 : -812.1379213106943
improvementE3 : -812.1378620776932
improvementE3 : -812.1376466722505
improvementE3 : -812.1376453175927
improvementE3 : -811.9431293219835
improvementE2 : -811.9425510132137
improvementE1 : -811.9425265979152
improvementE1 : -811.9424194849823
improvementE2 : -811.6874057696537
improvementE2 : -811.6874024289954
improvementE1 : -811.6873752358433
improvementE2 : -811.6873700479431
improvementE1 : -811.6872604372552
improvementE2 : -811.6872589125032
improvementE1 : -811.6872525884692
improvementE3 : -811.6872475379083
improvementE2 : -811.6851843575366
improvementE1 : -811.6851506173323
improvementE3 : -811.6851385615003
improvementE3 : -811.6840282237241
improvementE1 : -811.6840266989877
improvementE3 : -811.1569375661189
improvementE3 : -811.1288154900185
improvementE3 : -811.1280110757976
improvementE3 : -811.1280098224869
improvementE2 : -811.1280087984314
improvementE3 : -811.1280063233148
improvementE3 : -811.1280049481692
improvementE1 : -811.1279843946376
improvementE2 : -811.127983067072
improvementE3 : -811.0025550614553
improvementE1 : -810.8115103438241
improvementE2 : -810.8115012964115
improvementE1 : -810.8114973593899
improvementE3 : -810.8114871831181
improvementE3 : -810.8114837155525
improvementE3 : -810.8114824160539
improvementE2 : -810.8114792218747
improvementE3 : -810.811364829357
improvementE3 : -810.8113636509725
improvementE1 : -810.8113512888074
improvementE3 : -810.8110799626375
improvementE2 : -810.8110783058747
improvementE2 : -810.8110738611983
improvementE1 : -810.8110647419295
improvementE1 : -810.8088656596422
improvementE1 : -810.8088646194069
improvementE1 : -810.8088630688288
improvementE1 : -810.8034079035756
improvementE2 : -810.8018400925351
improvementE1 : -810.801829229254
improvementE1 : -810.801822127242
improvementE3 : -810.8018204900151
improvementE1 : -810.8018191488303
improvementE2 : -810.8018179787601
improvementE2 : -810.8000583176167
improvementE3 : -810.8000567919607
improvementE2 : -810.8000107142046
improvementE2 : -810.8000092139234
improvementE3 : -810.330942913426
improvementE3 : -808.4474968581868
improvementE3 : -808.4474921324091
improvementE2 : -808.4474889683312
improvementE1 : -808.4474786728636
improvementE1 : -808.4474743183717
improvementE2 : -808.3844762484661
improvementE3 : -808.3162551100689
improvementE1 : -808.3161408071372
improvementE2 : -808.3161266765457
improvementE3 : -808.2406005029468
improvementE3 : -808.2405955484071
improvementE2 : -808.2405816112816
improvementE1 : -808.2405800547956
improvementE3 : -808.2405693964788
improvementE1 : -808.240547141533
improvementE2 : -808.2405456645639
improvementE3 : -808.178885126304
improvementE1 : -808.166448112157
improvementE1 : -808.166409429396
improvementE2 : -808.0885865892508
improvementE1 : -808.0885776411403
improvementE2 : -808.0885756343276
improvementE2 : -808.0885522754246
improvementE3 : -808.0882709901846
improvementE1 : -808.0882233585826
improvementE1 : -808.0882195804242
improvementE3 : -805.2580370121317
improvementE3 : -805.227026344271
improvementE2 : -805.1643693634279
improvementE3 : -805.1640488215115
improvementE2 : -805.1640421366453
improvementE3 : -805.1638193209258
improvementE3 : -805.0729788047574
improvementE3 : -805.0308066563539
improvementE1 : -805.030665088009
improvementE3 : -805.0306635933719
improvementE2 : -805.0306625876831
improvementE3 : -805.0299404264757
improvementE1 : -805.0299341161276
improvementE2 : -805.0299201235406
improvementE2 : -805.0298800285045
improvementE1 : -805.0298786980363
improvementE2 : -805.0298703377953
improvementE2 : -805.0290078868317
improvementE3 : -805.0289854267559
improvementE3 : -805.0289152949491
improvementE2 : -805.0289082615459
improvementE2 : -805.0288312415123
improvementE3 : -805.0288264785409
improvementE3 : -805.0288116152816
improvementE2 : -805.0288026364531
improvementE3 : -805.0287960834887
improvementE3 : -805.0287895576616
improvementE3 : -804.9641089416326
improvementE3 : -804.9641041520944
improvementE3 : -804.964075892381
improvementE2 : -804.9640737847876
improvementE2 : -804.9640655443277
improvementE2 : -804.9640131798515
improvementE2 : -804.9640025607689
improvementE3 : -804.9639983587886
improvementE3 : -803.0588224654377
improvementE2 : -803.0588211465981
improvementE1 : -803.0588102839139
improvementE3 : -803.0588053552441
improvementE1 : -801.2329985552585
improvementE3 : -801.116468986966
improvementE1 : -801.1164669951178
improvementE2 : -801.1164635990305
improvementE2 : -801.1164359108193
improvementE3 : -801.1164287255158
improvementE1 : -801.11555012525
improvementE1 : -801.114472714965
improvementE1 : -801.1140701049663
improvementE2 : -801.1140690072859
improvementE1 : -801.1140674732184
improvementE2 : -801.0646346214454
improvementE2 : -801.0646335916125
improvementE1 : -801.0646273201664
improvementE1 : -801.0646160092218
improvementE1 : -801.0645640175951
improvementE3 : -801.057235490725
improvementE3 : -799.138665267881
improvementE3 : -799.1385463410599
improvementE1 : -799.1385438695128
improvementE2 : -799.1384356340086
improvementE2 : -799.1384144094885
improvementE3 : -799.1384062338774
improvementE3 : -799.1384026248478
improvementE3 : -799.1377336494714
improvementE3 : -799.1374693418251
improvementE3 : -799.1365103932887
improvementE2 : -799.1364518510942
improvementE2 : -799.1351654721074
improvementE2 : -799.1297512924805
improvementE2 : -799.1297352398574
improvementE3 : -797.0306741287802
improvementE1 : -797.0306705680765
improvementE3 : -797.0306618817684
improvementE1 : -797.0306382748203
improvementE3 : -797.0282929724942
improvementE3 : -797.0268197479489
improvementE3 : -797.0267950319457
improvementE2 : -797.0066013543964
improvementE3 : -797.0065395857132
improvementE1 : -797.0057194175533
improvementE1 : -797.0054192927815
improvementE1 : -796.9954552820369
improvementE1 : -796.9859773830791
improvementE2 : -796.985974670935
improvementE3 : -796.9859675540752
improvementE2 : -795.3275378821927
improvementE1 : -795.3275362477309
improvementE3 : -755.2652062884314
improvementE1 : -755.2646514660355
improvementE2 : -755.2646496099185
improvementE1 : -755.2644691669905
improvementE2 : -755.264468146796
improvementE1 : -755.1307312752833
improvementE2 : -755.1306077736334
improvementE1 : -755.1305935457543
improvementE2 : -755.1177794624289
improvementE1 : -755.1152370877119
improvementE3 : -755.1151310961766
improvementE2 : -755.0771438882965
improvementE1 : -755.0771418121266
improvementE3 : -755.0771303246855
improvementE2 : -755.0771291320277
improvementE2 : -755.0767522980212
improvementE3 : -755.0767052327362
improvementE2 : -755.0766882928293
improvementE3 : -755.0766149770362
improvementE2 : -755.0766137086592
improvementE3 : -755.0765937895989
improvementE2 : -755.0224533660216
improvementE3 : -755.0224477802756
improvementE2 : -755.0223283134915
improvementE1 : -755.0223256416856
improvementE1 : -755.0201487457226
improvementE2 : -740.7920420396663
improvementE1 : -740.7920405282807
improvementE2 : -740.788303861394
improvementE2 : -740.7883011373053
improvementE3 : -740.1579869030878
improvementE1 : -740.1505288681309
improvementE3 : -740.150522928432
improvementE2 : -740.1505216322005
improvementE2 : -740.1505145334702
improvementE1 : -740.1505103601612
improvementE1 : -740.1499069968107
improvementE2 : -740.1498972834393
improvementE1 : -740.1498639080846
improvementE2 : -740.1498627404623
improvementE3 : -740.1498607941473
improvementE2 : -740.1498241443297
improvementE1 : -737.7023012865706
improvementE1 : -737.7022943312876
improvementE1 : -737.7022880613085
improvementE1 : -737.7022870356675
improvementE2 : -737.7015868572093
improvementE1 : -737.7015745820624
improvementE1 : -737.7013856203456
improvementE1 : -737.7013838485321
improvementE2 : -737.7013785478003
improvementE1 : -737.7012686313228
improvementE2 : -737.7007159229274
improvementE2 : -737.6990661318389
improvementE3 : -737.6990344196565
improvementE2 : -737.699032924638
improvementE2 : -737.6983579639264
improvementE3 : -737.698342250751
improvementE2 : -737.6983101548474
improvementE1 : -737.6884835165465
improvementE1 : -737.6884800683891
improvementE3 : -737.6884779349635
improvementE3 : -737.6884448687944
improvementE2 : -737.1724082890894
improvementE1 : -737.1724023229604
improvementE1 : -737.1723897695977
improvementE1 : -737.1723886972059
improvementE2 : -724.2421645032189
improvementE2 : -724.2413286760811
improvementE3 : -724.0839886367722
improvementE2 : -724.0839773599671
improvementE3 : -724.0839452059506
improvementE3 : -724.0821296993339
improvementE3 : -724.0821269167334
improvementE3 : -724.0821123076014
improvementE1 : -724.0821098845842
improvementE1 : -724.082094833844
improvementE2 : -724.0817299844172
improvementE1 : -724.0817123293247
improvementE2 : -724.0786890897915
improvementE2 : -724.0786716868316
improvementE3 : -724.078670011809
improvementE3 : -722.8788184302327
improvementE2 : -722.8788150873712
improvementE3 : -717.7326534484778
improvementE2 : -717.7325711575351
improvementE3 : -717.7324263084563
improvementE2 : -717.6989281605173
improvementE2 : -717.6984346652441
improvementE3 : -717.6984324544887
improvementE1 : -717.6983207529332
improvementE3 : -717.6983029458953
improvementE3 : -717.6982854124027
improvementE1 : -717.6982777342369
improvementE1 : -717.6970064878406
improvementE1 : -717.6969050405265
improvementE3 : -717.6906921444339
improvementE3 : -717.6904840118408
improvementE2 : -713.5928640955703
improvementE3 : -713.5928577904696
improvementE1 : -713.5928419907491
improvementE1 : -713.5927442278363
improvementE2 : -713.5927158938338
improvementE3 : -713.5911024621729
improvementE3 : -713.591097502739
improvementE2 : -713.5910429629618
improvementE3 : -713.590715777698
improvementE2 : -713.5906912891293
improvementE2 : -713.5906771343431
improvementE1 : -713.5906647369032
improvementE2 : -711.7156829733599
improvementE1 : -711.7156792965349
improvementE3 : -711.7152135575477
improvementE1 : -711.7152021397698
improvementE2 : -711.7151977205303
improvementE3 : -711.7147005227604
improvementE2 : -711.7123975453039
improvementE2 : -711.7117029056012
improvementE1 : -711.7108460133509
improvementE3 : -711.7108246829762
improvementE3 : -711.7102940424198
improvementE3 : -711.7102771171594
improvementE2 : -711.7094378864772
improvementE3 : -711.7094053543058
improvementE3 : -711.7093746137733
improvementE2 : -711.7093731885251
improvementE3 : -711.7085484805982
improvementE3 : -711.7085367349463
improvementE3 : -711.708532015731
improvementE2 : -711.7085198068636
improvementE1 : -711.7085113299827
improvementE3 : -711.7085077838842
improvementE1 : -711.7084659205044
improvementE3 : -709.649655021105
improvementE1 : -708.6355981393326
improvementE3 : -708.6355371288381
improvementE1 : -708.6348666719797
improvementE2 : -708.6348645775082
improvementE3 : -708.6348629630689
improvementE3 : -708.6344999487126
improvementE1 : -708.6339091136138
improvementE3 : -708.6339024981276
improvementE3 : -708.633864671298
improvementE1 : -708.6301606428678
improvementE2 : -708.6299214732844
improvementE3 : -708.6289701235515
improvementE1 : -708.6289161875045
improvementE3 : -708.6288503270174
improvementE2 : -708.6288396082479
improvementE1 : -708.6280615837836
improvementE2 : -708.6280517919396
improvementE2 : -708.6279795872157
improvementE2 : -707.1755589928035
improvementE3 : -704.4497489813832
improvementE3 : -704.4497475400739
improvementE1 : -704.4493412722436
improvementE3 : -702.0724565330798
improvementE2 : -702.0724470843824
improvementE3 : -702.0719223636692
improvementE3 : -702.0712166514522
improvementE3 : -702.0712154060777
improvementE3 : -702.0712136163686
improvementE2 : -700.8813501312775
improvementE2 : -700.8811531628123
improvementE2 : -700.8811512194303
improvementE3 : -700.8117238038363
improvementE3 : -700.8117223602402
improvementE1 : -700.8117200222491
improvementE3 : -700.811639159424
improvementE1 : -700.8116377302839
improvementE1 : -700.8116358966033
improvementE1 : -700.8116341588627
improvementE2 : -700.8115875519971
improvementE1 : -700.8089773783797
improvementE2 : -700.8089704450995
improvementE2 : -700.8086016849552
improvementE2 : -700.808600134776
improvementE2 : -700.8085989502118
improvementE1 : -700.8085963623366
improvementE3 : -700.8082515500287
improvementE1 : -700.1046437124096
improvementE2 : -700.0999277035775
improvementE3 : -700.0984453126438
improvementE2 : -700.084628570727
improvementE1 : -700.084378512835
improvementE2 : -700.0837817420174
improvementE2 : -700.0837598770215
improvementE3 : -700.083745344133
improvementE1 : -700.0831180276193
improvementE3 : -700.0830875613375
improvementE3 : -700.0830057441226
improvementE3 : -700.0717270178603
improvementE1 : -700.0717173180669
improvementE3 : -700.071384492624
improvementE1 : -697.9084041172429
improvementE1 : -697.8935122122678
improvementE3 : -689.973263864384
improvementE2 : -689.9730886863941
improvementE3 : -689.827657442626
improvementE2 : -689.8276456903826
improvementE1 : -689.8249217981206
improvementE1 : -689.8249140741187
improvementE2 : -689.3242204463486
improvementE2 : -689.3242154291595
improvementE1 : -689.3241956392113
improvementE2 : -689.3239413173549
improvementE2 : -689.3235438356768
improvementE3 : -688.9127914153515
improvementE2 : -688.9118593917503
improvementE3 : -688.9059737275869
improvementE3 : -688.9012217160088
improvementE1 : -688.9008366411521
improvementE2 : -688.9008350741901
improvementE1 : -688.8585895517487
improvementE1 : -688.8585882545855
improvementE2 : -688.8585850578925
improvementE2 : -688.8585836626056
improvementE3 : -688.8056506923068
improvementE2 : -688.7980389052068
improvementE2 : -688.7978776379973
improvementE2 : -684.4499125610357
improvementE2 : -684.4482720696228
improvementE1 : -684.4482695446683
improvementE3 : -684.4482649387747
improvementE2 : -684.4380596323441
improvementE1 : -683.3907333804092
logL = -9589.942058860779
Removing 0 markers
Second round
improvementE2 : -683.3907316284908
improvementE2 : -683.3905777719114
improvementE2 : -683.3905755974887
improvementE1 : -683.3905608106492
improvementE2 : -681.936168122761
improvementE3 : -681.8617658940577
improvementE3 : -681.8617631140681
improvementE2 : -681.859123688492
improvementE2 : -681.8497692093852
improvementE2 : -681.8489828452173
improvementE3 : -681.8489771986797
improvementE3 : -681.8489501932692
improvementE2 : -681.8488995441212
improvementE2 : -681.848463951186
improvementE3 : -681.8484199115466
improvementE2 : -681.8484109245502
improvementE2 : -681.8484098801364
improvementE3 : -681.8483967160998
improvementE2 : -681.8483952630136
improvementE1 : -681.848101712072
improvementE1 : -681.7333566431722
improvementE3 : -681.7331227211845
improvementE3 : -680.6241142906368
improvementE1 : -680.6241086650822
improvementE1 : -680.622986690053
improvementE3 : -680.5633619720246
improvementE3 : -680.5633604576891
improvementE1 : -680.5633586605646
improvementE3 : -680.5633336060563
improvementE2 : -680.5625510829823
improvementE1 : -680.5625277880233
improvementE3 : -680.5620336277981
improvementE2 : -680.5619544162536
improvementE3 : -680.5619039482099
improvementE3 : -679.4695619348574
improvementE1 : -679.4695086416226
improvementE3 : -679.4693156153312
improvementE3 : -679.4693134115727
improvementE3 : -679.4660294942844
improvementE3 : -679.466019692178
improvementE3 : -679.4658356015987
improvementE1 : -679.465829651992
improvementE3 : -679.4658283868349
improvementE1 : -679.0748897733716
improvementE2 : -679.0741452202254
improvementE2 : -679.0710544368217
improvementE2 : -679.0505179933473
improvementE2 : -679.05051624287
improvementE2 : -679.0504696014863
improvementE3 : -679.0504636686214
improvementE2 : -679.0501489262815
improvementE3 : -679.0497957341485
improvementE3 : -679.0497513959658
improvementE1 : -679.0497472878901
improvementE3 : -679.0496924192838
improvementE2 : -679.0472128773506
improvementE1 : -679.0471523336748
improvementE3 : -679.0471402160276
improvementE3 : -679.0027380991032
improvementE1 : -679.0027360145011
improvementE3 : -679.0027343688515
improvementE2 : -679.0027208394275
improvementE1 : -679.0027181078401
improvementE3 : -679.0027072293746
improvementE3 : -679.0026724090623
improvementE2 : -679.002661754829
