0->0 : 0
0->1 : 0
0->2 : 0
       Error rate = 0.0
1->0 : 0
1->1 : 0
1->2 : 0
       Error rate = 0.0
2->0 : 0
2->1 : 0
2->2 : 0
       Error rate = 0.0
0,2->0,2 : 1181913
  0,2->1 : 0
1,2->1,2 : 0
  1,2->0 : 0
       Error rate = 0.0
Maternally informative markers = 0 (of 10219)
Paternally informative markers = 10219
Maternally or paternally informative markers = 10219
Removed 0 children
Removed 0 markers
Number of LGs = 45
***Family = fam_08 chromosome = 22 numMarkers = 222 maternal informative markers 0 (paternal informative markers 204)
***Family = fam_01 chromosome = 22 numMarkers = 222 maternal informative markers 0 (paternal informative markers 222)
***Family = fam_09 chromosome = 22 numMarkers = 222 maternal informative markers 0 (paternal informative markers 222)
222->172
172->172
All pairs
join 4 and 35 score = 0.0 sizes 1,1
join 41 and 96 score = 0.0 sizes 1,1
join 49 and 160 score = 0.0 sizes 1,1
join 16 and 41 score = 0.0 sizes 1,2
join 16 and 74 score = 0.0 sizes 3,1
join 7 and 79 score = 0.0 sizes 1,1
join 47 and 79 score = 0.0 sizes 1,2
join 7 and 13 score = 0.0 sizes 3,1
join 13 and 96 score = 0.0 sizes 4,4
join 130 and 160 score = 0.0 sizes 1,2
join 74 and 85 score = 0.0 sizes 8,1
join 47 and 57 score = 0.0 sizes 9,1
join 67 and 85 score = 0.0 sizes 1,10
join 25 and 163 score = 0.0 sizes 1,1
join 49 and 51 score = 0.0 sizes 3,1
join 3 and 70 score = 0.0 sizes 1,1
join 3 and 17 score = 0.0 sizes 2,1
join 17 and 54 score = 0.0 sizes 3,1
join 38 and 90 score = 0.0 sizes 1,1
join 90 and 95 score = 0.0 sizes 2,1
join 82 and 95 score = 0.0 sizes 1,3
join 93 and 167 score = 0.0 sizes 1,1
join 34 and 131 score = 0.0 sizes 1,1
join 104 and 131 score = 0.0 sizes 1,2
join 67 and 149 score = 0.0 sizes 11,1
join 34 and 149 score = 0.0 sizes 3,12
join 68 and 123 score = 0.0 sizes 1,1
join 23 and 54 score = 0.0 sizes 1,4
join 21 and 51 score = 0.0 sizes 1,4
join 21 and 86 score = 0.0 sizes 5,1
join 28 and 88 score = 0.0 sizes 1,1
join 124 and 163 score = 0.0 sizes 1,2
join 75 and 117 score = 0.0 sizes 1,1
join 38 and 104 score = 0.0 sizes 4,15
join 57 and 167 score = 0.0 sizes 19,2
join 31 and 72 score = 0.0 sizes 1,1
join 26 and 69 score = 0.0 sizes 1,1
join 32 and 69 score = 0.0 sizes 1,2
join 68 and 144 score = 0.0 sizes 2,1
join 11 and 121 score = 0.0 sizes 1,1
join 66 and 155 score = 0.0 sizes 1,1
join 72 and 88 score = 0.0 sizes 2,2
join 31 and 145 score = 0.0 sizes 4,1
join 28 and 62 score = 0.0 sizes 5,1
join 64 and 107 score = 0.0 sizes 1,1
join 76 and 107 score = 0.0 sizes 1,2
join 56 and 143 score = 0.0 sizes 1,1
join 56 and 147 score = 0.0 sizes 2,1
join 53 and 102 score = 0.0 sizes 1,1
join 127 and 151 score = 0.0 sizes 1,1
join 130 and 151 score = 0.0 sizes 6,2
join 55 and 97 score = 0.0 sizes 1,1
join 115 and 169 score = 0.0 sizes 1,1
join 93 and 169 score = 0.0 sizes 21,2
join 71 and 82 score = 0.0 sizes 1,23
join 80 and 84 score = 0.0 sizes 1,1
join 80 and 91 score = 0.0 sizes 2,1
join 84 and 157 score = 0.0 sizes 3,1
join 136 and 142 score = 0.0 sizes 1,1
join 36 and 136 score = 0.0 sizes 1,2
join 48 and 70 score = 0.0 sizes 1,5
join 48 and 164 score = 0.0 sizes 6,1
join 52 and 164 score = 0.0 sizes 1,7
join 9 and 128 score = 0.0 sizes 1,1
join 11 and 123 score = 0.0 sizes 2,3
join 126 and 144 score = 0.0 sizes 1,5
join 132 and 143 score = 0.0 sizes 1,3
join 124 and 147 score = 0.0 sizes 3,4
join 127 and 132 score = 0.0 sizes 8,7
join 22 and 140 score = 0.0 sizes 1,1
join 35 and 64 score = 0.0 sizes 2,3
join 102 and 115 score = 0.0 sizes 2,24
join 5 and 53 score = 0.0 sizes 1,26
join 91 and 116 score = 0.0 sizes 4,1
join 40 and 157 score = 0.0 sizes 1,5
join 4 and 137 score = 0.0 sizes 5,1
join 62 and 111 score = 0.0 sizes 6,1
join 106 and 162 score = 0.0 sizes 1,1
join 162 and 165 score = 0.0 sizes 2,1
join 42 and 165 score = 0.0 sizes 1,3
join 42 and 50 score = 0.0 sizes 4,1
join 1 and 30 score = 0.0 sizes 1,1
join 30 and 61 score = 0.0 sizes 2,1
All pairs
join 36 and 134 score = 0.0 sizes 3,1
join 89 and 117 score = 0.0 sizes 1,2
join 118 and 159 score = 0.0 sizes 1,1
join 45 and 118 score = 0.0 sizes 1,2
join 12 and 153 score = 0.0 sizes 1,1
join 153 and 158 score = 0.0 sizes 2,1
join 12 and 46 score = 0.0 sizes 3,1
join 98 and 129 score = 0.0 sizes 1,1
join 29 and 60 score = 0.0 sizes 1,1
join 45 and 87 score = 0.0 sizes 3,1
join 87 and 103 score = 0.0 sizes 4,1
join 8 and 170 score = 0.0 sizes 1,1
join 86 and 170 score = 0.0 sizes 15,2
join 10 and 32 score = 0.0064516129032258064 sizes 1,3
join 99 and 158 score = 0.0 sizes 1,4
join 100 and 129 score = 0.0 sizes 1,2
join 8 and 98 score = 0.0 sizes 17,3
join 94 and 113 score = 0.0 sizes 1,1
join 94 and 126 score = 0.0 sizes 2,6
join 60 and 109 score = 0.0 sizes 2,1
join 29 and 99 score = 0.0 sizes 3,5
join 55 and 125 score = 0.0 sizes 2,1
join 19 and 103 score = 0.0 sizes 1,5
join 109 and 159 score = 0.0 sizes 8,6
join 61 and 161 score = 0.0 sizes 3,1
join 105 and 148 score = 0.0 sizes 1,1
join 100 and 105 score = 0.0 sizes 20,2
join 63 and 152 score = 0.0 sizes 1,1
join 66 and 152 score = 0.0 sizes 2,2
join 75 and 171 score = 0.005494505494505495 sizes 3,1
join 5 and 141 score = 0.0 sizes 27,1
join 25 and 114 score = 0.006666666666666667 sizes 22,1
join 0 and 63 score = 0.0 sizes 1,4
join 76 and 81 score = 0.006289308176100629 sizes 6,1
join 26 and 50 score = 0.0 sizes 4,5
join 148 and 171 score = 0.0 sizes 23,4
join 22 and 128 score = 0.005780346820809248 sizes 2,2
join 2 and 39 score = 0.0 sizes 1,1
join 37 and 39 score = 0.0 sizes 1,2
join 37 and 46 score = 0.0 sizes 3,14
join 19 and 168 score = 0.0 sizes 17,1
join 2 and 101 score = 0.0 sizes 18,1
join 9 and 40 score = 0.00625 sizes 4,6
join 1 and 140 score = 0.006289308176100629 sizes 4,10
join 122 and 142 score = 0.006896551724137931 sizes 1,4
join 73 and 156 score = 0.0 sizes 1,1
join 135 and 156 score = 0.0 sizes 1,2
join 73 and 150 score = 0.0 sizes 3,1
join 14 and 135 score = 0.0 sizes 1,4
join 154 and 168 score = 0.0 sizes 1,19
join 101 and 150 score = 0.0 sizes 20,5
join 77 and 154 score = 0.0 sizes 1,25
join 110 and 113 score = 0.0 sizes 1,8
join 44 and 58 score = 0.0 sizes 1,1
join 27 and 92 score = 0.0 sizes 1,1
join 77 and 166 score = 0.0 sizes 26,1
join 120 and 137 score = 0.012987012987012988 sizes 1,7
join 81 and 110 score = 0.0 sizes 8,9
join 78 and 112 score = 0.006896551724137931 sizes 1,1
join 15 and 112 score = 0.016129032258064516 sizes 1,2
join 108 and 119 score = 0.0 sizes 1,1
join 108 and 166 score = 0.0 sizes 2,27
join 14 and 139 score = 0.0 sizes 29,1
join 134 and 155 score = 0.01818181818181818 sizes 5,5
join 78 and 114 score = 0.02027027027027027 sizes 3,27
join 15 and 141 score = 0.015267175572519083 sizes 30,28
All pairs
join 23 and 43 score = 0.0 sizes 8,1
join 43 and 133 score = 0.0 sizes 9,1
join 65 and 133 score = 0.0 sizes 1,10
join 52 and 106 score = 0.014084507042253521 sizes 11,9
join 33 and 97 score = 0.02564102564102564 sizes 1,3
join 33 and 111 score = 0.020689655172413793 sizes 4,7
join 24 and 139 score = 0.034482758620689655 sizes 1,30
join 116 and 121 score = 0.037037037037037035 sizes 14,17
join 6 and 161 score = 0.038461538461538464 sizes 1,31
join 58 and 59 score = 0.019230769230769232 sizes 2,1
join 71 and 83 score = 0.037267080745341616 sizes 58,1
join 120 and 122 score = 0.034722222222222224 sizes 32,10
join 0 and 92 score = 0.019230769230769232 sizes 42,2
join 20 and 27 score = 0.037037037037037035 sizes 1,44
join 6 and 146 score = 0.03571428571428571 sizes 45,1
join 18 and 145 score = 0.049689440993788817 sizes 1,11
join 24 and 65 score = 0.0625 sizes 31,20
join 10 and 89 score = 0.07453416149068323 sizes 51,59
join 20 and 119 score = 0.11538461538461539 sizes 46,110
join 59 and 146 score = 0.11538461538461539 sizes 3,156
join 83 and 138 score = 0.13725490196078433 sizes 159,1
join 44 and 125 score = 0.0 sizes 160,12
score = 1.0481965823252397
improvementE3 : -418.79862517195374
improvementE2 : -417.30934242814885
improvementE1 : -414.6311555080151
improvementE1 : -414.62329619862277
improvementE3 : -414.6001623714359
improvementE3 : -414.5656503421855
improvementE3 : -414.53797708422496
improvementE2 : -414.53797480380877
improvementE2 : -414.5373699990368
improvementE1 : -414.5373617589198
improvementE3 : -414.470235881613
improvementE3 : -414.4058505017684
improvementE3 : -414.405844495582
improvementE3 : -414.4023274047942
improvementE2 : -414.4023227681326
improvementE3 : -414.4001130731337
improvementE2 : -413.51981725790824
improvementE3 : -413.51890548384245
improvementE1 : -413.51887387576954
improvementE2 : -413.47224205570325
improvementE3 : -413.44859755096314
improvementE3 : -413.43134418850445
improvementE1 : -411.2782639180163
improvementE3 : -411.2759271853125
improvementE3 : -408.2236149062807
improvementE2 : -408.2233272180827
improvementE3 : -408.22326439525284
improvementE1 : -408.2194518011785
improvementE2 : -408.2178333423324
improvementE2 : -383.69517850710764
improvementE1 : -383.6946616415253
improvementE3 : -383.69261910514666
improvementE2 : -383.69261147220277
improvementE1 : -383.6926103490737
improvementE2 : -383.68943638284384
improvementE2 : -383.689425214255
improvementE1 : -383.6894210101691
improvementE2 : -383.68802571957735
improvementE3 : -383.68593392768486
improvementE1 : -383.68589724046416
improvementE2 : -383.6737035822325
improvementE2 : -383.67066070889524
improvementE3 : -383.66148519667007
improvementE1 : -383.6482234055616
improvementE2 : -380.91636295535505
improvementE3 : -380.91523120240697
improvementE1 : -380.91522261805187
improvementE1 : -380.915215899476
improvementE3 : -380.9151983879397
improvementE2 : -380.9151883390044
improvementE2 : -380.9149396079269
improvementE3 : -380.91493637660847
improvementE1 : -380.91488350793503
improvementE2 : -380.9148769630131
improvementE1 : -380.91482618440506
improvementE1 : -380.9126334996638
improvementE3 : -380.9116506986251
improvementE1 : -380.91164821259497
improvementE1 : -380.9099483132608
improvementE1 : -380.9099453160379
improvementE3 : -380.9056486481494
improvementE1 : -380.9051096756138
improvementE3 : -380.9051059216695
improvementE1 : -380.853218162998
improvementE3 : -380.8527292565535
improvementE1 : -380.852723267736
improvementE3 : -380.8526630428912
improvementE1 : -380.8526314667157
improvementE3 : -377.5719642181789
improvementE3 : -377.57195857590347
improvementE2 : -377.56942824333896
improvementE1 : -377.5658528066907
improvementE3 : -377.5656184798075
improvementE2 : -377.5643367543839
improvementE3 : -377.5643313215462
improvementE2 : -377.56431101368685
improvementE2 : -377.56422057476277
improvementE3 : -377.49100751739724
improvementE1 : -377.49098801456483
improvementE3 : -377.4902987713229
improvementE2 : -377.4902854967969
improvementE3 : -377.4901746840769
improvementE3 : -377.490149581493
improvementE2 : -374.8100485306755
improvementE3 : -374.81002493545117
improvementE3 : -374.8045652121112
improvementE1 : -374.80394000778796
improvementE3 : -374.7844258838844
improvementE3 : -374.64509658037485
improvementE1 : -374.6450668595855
improvementE2 : -374.64475429742765
improvementE3 : -374.6447187844844
improvementE1 : -374.64429537394955
improvementE1 : -374.6276744401689
improvementE1 : -374.47099676883755
improvementE1 : -374.4709938597416
improvementE3 : -374.4709654859571
improvementE3 : -374.4707222979722
improvementE3 : -374.470407420506
improvementE3 : -374.46999318871354
improvementE2 : -374.4699666498357
improvementE3 : -374.469965222938
improvementE3 : -374.46922891051116
improvementE3 : -374.46371940033845
improvementE1 : -374.46360072537834
improvementE3 : -374.46358042956393
improvementE3 : -374.4635735190457
improvementE3 : -374.4628698422231
improvementE3 : -374.46282007866574
improvementE3 : -374.46279845948794
improvementE3 : -374.46279530711064
improvementE2 : -374.46279245522663
improvementE3 : -374.4626775926701
improvementE2 : -374.4612716441194
improvementE1 : -374.461258001753
improvementE3 : -374.46121497602866
improvementE1 : -374.4611642272469
improvementE3 : -374.4611623320881
improvementE3 : -372.9278852393882
improvementE3 : -372.9275551942341
improvementE2 : -372.9274887487918
improvementE2 : -372.9013019345386
improvementE1 : -372.9012120058434
improvementE3 : -372.9012103739926
improvementE3 : -372.90120474397634
improvementE2 : -372.90119214569995
improvementE3 : -372.9011903988506
improvementE2 : -371.7813744124227
improvementE3 : -371.7799091357227
improvementE2 : -371.77990701081063
improvementE3 : -371.77989002626373
improvementE1 : -371.77988518427003
improvementE1 : -371.77988347739984
improvementE3 : -371.5208394011279
improvementE3 : -371.5207662438923
improvementE3 : -371.51957502794295
improvementE2 : -371.51957306261016
improvementE3 : -370.32574863593203
improvementE3 : -370.32546113852845
improvementE1 : -370.3247109458369
improvementE3 : -368.5142051693029
improvementE3 : -368.09692446257594
improvementE1 : -367.19952522511915
improvementE3 : -367.1983480006502
improvementE3 : -367.1983363026677
improvementE1 : -367.19831968428343
improvementE1 : -367.19831789626846
improvementE1 : -367.1386174369513
improvementE1 : -367.13861014925453
improvementE3 : -367.13770592054453
improvementE1 : -367.13769327005366
improvementE2 : -367.13728090906517
improvementE3 : -367.13716121789156
improvementE3 : -367.1371573198832
improvementE3 : -367.1361638392285
improvementE2 : -367.1281495513646
improvementE3 : -367.1280425469413
improvementE3 : -366.03760613562906
improvementE1 : -364.0483925976514
improvementE2 : -359.96301886851865
improvementE3 : -359.96272946252657
improvementE2 : -359.96239820031604
improvementE3 : -357.83461221451336
improvementE3 : -357.7043435392647
improvementE3 : -357.51115644012947
improvementE1 : -357.5111515270595
improvementE3 : -357.5063981815076
improvementE1 : -357.48102945738754
improvementE1 : -354.74914523885246
improvementE1 : -354.7491436004117
improvementE2 : -354.74823381801156
improvementE1 : -354.7482276962369
improvementE3 : -354.6783073888744
improvementE1 : -354.6781404207052
improvementE1 : -354.67813626028556
improvementE2 : -354.4881868918378
improvementE1 : -354.48818532779194
improvementE3 : -354.48571496082906
improvementE3 : -354.13329379341616
improvementE3 : -354.0127433264254
improvementE2 : -354.0127205432212
improvementE3 : -354.01255810495684
improvementE3 : -354.01255319823446
improvementE3 : -354.01254899574013
improvementE2 : -354.01170351166144
improvementE2 : -354.0086123945544
improvementE2 : -354.0086103787752
improvementE2 : -353.99252575856957
improvementE1 : -353.9925237214444
improvementE2 : -353.9925222262062
improvementE2 : -353.99209923602433
improvementE2 : -353.9919858674063
improvementE3 : -353.9916890799662
improvementE2 : -353.98059735372914
improvementE3 : -352.33540568991646
improvementE2 : -352.3353478913438
improvementE1 : -352.2384539040386
improvementE1 : -352.23843025834094
improvementE1 : -352.23780833657247
improvementE3 : -352.2192841659464
improvementE1 : -352.2162490414841
improvementE3 : -352.2162466642238
improvementE1 : -350.7660458253617
improvementE2 : -350.7660439832511
improvementE2 : -350.76604224694194
improvementE3 : -350.7660403562886
improvementE1 : -350.76603879136695
improvementE3 : -350.76539773638774
improvementE3 : -347.673575223136
improvementE2 : -347.65468804193483
improvementE2 : -347.6546869398217
improvementE1 : -347.65468552694995
improvementE3 : -347.6546814091329
improvementE3 : -347.65467300355533
improvementE3 : -347.65467111152043
improvementE3 : -347.65447533757305
improvementE3 : -347.6542968259816
improvementE3 : -347.6542942470855
improvementE3 : -347.6542828848044
improvementE2 : -347.6542542656777
improvementE3 : -347.6518691653562
improvementE3 : -347.6518099747779
improvementE1 : -347.64809100413987
improvementE1 : -347.6480805763093
improvementE3 : -347.64807891340274
improvementE1 : -347.61324241700305
improvementE3 : -347.6132060484177
improvementE2 : -347.61312367753834
improvementE3 : -347.61296215865747
improvementE1 : -347.609236743933
improvementE2 : -347.60891739373125
improvementE2 : -347.6088984346368
improvementE2 : -347.60872405299153
improvementE3 : -347.60870032282884
improvementE2 : -347.60869907963445
improvementE2 : -347.6086977189423
improvementE1 : -347.60869133367663
improvementE3 : -347.60863612547155
improvementE1 : -347.60861168267195
improvementE3 : -347.57923458757404
improvementE2 : -347.57922930078314
improvementE3 : -347.20502671804616
improvementE2 : -338.0938122136255
improvementE3 : -338.09279930318036
improvementE3 : -338.09278253433996
improvementE3 : -337.3276286232163
improvementE1 : -337.2397705977174
improvementE2 : -337.2397608199258
improvementE3 : -337.2395700521002
improvementE3 : -337.2395674812669
improvementE1 : -337.239561742668
improvementE3 : -337.2395582582727
improvementE2 : -337.2358170324348
improvementE1 : -337.23580670253153
improvementE3 : -337.2175657950384
improvementE3 : -337.2132347098503
improvementE3 : -335.6591661773886
improvementE2 : -335.6591129734449
improvementE1 : -335.6589658388928
improvementE1 : -335.64931868294065
improvementE3 : -335.6493162550436
improvementE1 : -335.6492449257374
improvementE1 : -335.6492388221719
improvementE1 : -335.64923759670313
improvementE2 : -335.649235290627
improvementE3 : -335.64917911557006
improvementE3 : -335.64861247771773
improvementE1 : -335.64860166568474
improvementE3 : -335.64856917851563
improvementE2 : -335.6485646423657
improvementE1 : -335.64855881136236
improvementE1 : -335.64855463888773
improvementE1 : -335.1918560921036
improvementE2 : -334.96944000946195
improvementE1 : -334.96572317455747
improvementE3 : -334.9657205616133
improvementE3 : -334.3923524977832
improvementE1 : -334.3923455155053
improvementE2 : -334.3839597121937
improvementE3 : -334.38346236367425
improvementE1 : -334.3834608903951
improvementE1 : -334.38326951959687
improvementE3 : -334.3807240400737
improvementE3 : -334.3807230065241
improvementE2 : -334.380554862597
improvementE2 : -334.3805406925009
improvementE1 : -334.3803940583831
improvementE1 : -334.08256963633505
improvementE2 : -334.08256638711913
improvementE3 : -334.0825638492695
improvementE2 : -334.0692502178239
improvementE3 : -334.0647413571728
improvementE3 : -334.0631897263622
improvementE1 : -334.06316340881307
improvementE3 : -334.0619277956482
improvementE1 : -334.0612142337537
improvementE3 : -334.0542628317101
improvementE2 : -334.05422725375786
improvementE3 : -334.0541518768246
improvementE1 : -334.0168013711713
improvementE1 : -334.01677705849835
improvementE1 : -334.01675138431744
improvementE2 : -334.01672599298735
improvementE1 : -334.01666104147813
improvementE3 : -334.01661511219976
improvementE1 : -334.0166129332155
improvementE2 : -334.01658021929717
improvementE3 : -334.01654856349944
improvementE3 : -334.0165376774616
improvementE1 : -334.01652629321325
improvementE1 : -334.0165158065519
improvementE3 : -334.01651008454314
improvementE1 : -334.0154711556167
improvementE3 : -334.0154240591043
improvementE2 : -334.00507276374884
improvementE1 : -334.0050710742005
improvementE2 : -334.0050323571264
improvementE1 : -334.00500627962293
improvementE3 : -334.004986967677
improvementE3 : -334.00343241425026
logL = -2880.3193833324017
Removing 0 markers
Second round
improvementE1 : -334.0033873681865
improvementE3 : -334.00178537883176
improvementE2 : -333.9856276940683
improvementE1 : -333.9856256051767
improvementE1 : -333.98236104418095
improvementE1 : -333.9822765008964
improvementE1 : -333.98227492269
improvementE3 : -333.98227382167295
improvementE1 : -333.97840373848834
improvementE1 : -333.97837886809896
improvementE1 : -333.97827890796793
improvementE1 : -333.97827169473305
improvementE2 : -333.97825554906564
improvementE2 : -333.97824812458396
improvementE2 : -333.9782358944578
improvementE1 : -333.97823392659603
improvementE3 : -333.9781859266404
improvementE2 : -333.97816961972404
improvementE3 : -333.9781678425975
improvementE3 : -333.97816600235785
improvementE1 : -333.97816484042306
improvementE3 : -333.9781193913112
improvementE1 : -333.97811350547727
improvementE2 : -333.95899473586235
improvementE3 : -333.95853007454025
improvementE2 : -333.95852854388806
improvementE1 : -333.95325939545694
improvementE2 : -333.9532503703758
improvementE1 : -333.9529417820178
improvementE2 : -333.952930711356
improvementE2 : -333.9529016884864
improvementE1 : -333.93791684804376
