0->0 : 0
0->1 : 0
0->2 : 0
       Error rate = 0.0
1->0 : 0
1->1 : 0
1->2 : 0
       Error rate = 0.0
2->0 : 0
2->1 : 0
2->2 : 0
       Error rate = 0.0
0,2->0,2 : 1181913
  0,2->1 : 0
1,2->1,2 : 0
  1,2->0 : 0
       Error rate = 0.0
Maternally informative markers = 0 (of 10219)
Paternally informative markers = 10219
Maternally or paternally informative markers = 10219
Removed 0 children
Removed 0 markers
Number of LGs = 45
***Family = fam_08 chromosome = 17 numMarkers = 227 maternal informative markers 0 (paternal informative markers 227)
***Family = fam_01 chromosome = 17 numMarkers = 227 maternal informative markers 0 (paternal informative markers 226)
***Family = fam_09 chromosome = 17 numMarkers = 227 maternal informative markers 0 (paternal informative markers 227)
227->178
178->178
All pairs
join 47 and 87 score = 0.0 sizes 1,1
join 42 and 75 score = 0.0 sizes 1,1
join 6 and 42 score = 0.0 sizes 1,2
join 131 and 133 score = 0.0 sizes 1,1
join 7 and 107 score = 0.0 sizes 1,1
join 107 and 177 score = 0.0 sizes 2,1
join 51 and 100 score = 0.0 sizes 1,1
join 72 and 100 score = 0.0 sizes 1,2
join 120 and 138 score = 0.0 sizes 1,1
join 138 and 154 score = 0.0 sizes 2,1
join 96 and 123 score = 0.0 sizes 1,1
join 25 and 175 score = 0.0 sizes 1,1
join 0 and 72 score = 0.0 sizes 1,3
join 0 and 177 score = 0.0 sizes 4,3
join 40 and 94 score = 0.0 sizes 1,1
join 94 and 131 score = 0.0 sizes 2,2
join 32 and 120 score = 0.0 sizes 1,3
join 20 and 112 score = 0.0 sizes 1,1
join 21 and 50 score = 0.0 sizes 1,1
join 11 and 21 score = 0.0 sizes 1,2
join 55 and 60 score = 0.0 sizes 1,1
join 19 and 55 score = 0.0 sizes 1,2
join 4 and 19 score = 0.0 sizes 1,3
join 86 and 91 score = 0.0 sizes 1,1
join 91 and 112 score = 0.0 sizes 2,2
join 20 and 32 score = 0.0 sizes 4,4
join 11 and 121 score = 0.0 sizes 3,1
join 50 and 161 score = 0.0 sizes 4,1
join 47 and 52 score = 0.0 sizes 2,1
join 40 and 150 score = 0.0 sizes 4,1
join 82 and 133 score = 0.0 sizes 1,5
join 51 and 82 score = 0.0 sizes 7,6
join 7 and 71 score = 0.0 sizes 13,1
join 135 and 150 score = 0.0 sizes 1,14
join 71 and 147 score = 0.0 sizes 15,1
join 87 and 137 score = 0.0 sizes 3,1
join 104 and 137 score = 0.0 sizes 1,4
join 56 and 96 score = 0.0 sizes 1,2
join 116 and 149 score = 0.0 sizes 1,1
join 1 and 149 score = 0.0 sizes 1,2
join 135 and 161 score = 0.0 sizes 16,5
join 81 and 102 score = 0.0 sizes 1,1
join 49 and 102 score = 0.0 sizes 1,2
join 34 and 49 score = 0.0 sizes 1,3
join 54 and 126 score = 0.0 sizes 1,1
join 155 and 175 score = 0.0 sizes 1,2
join 25 and 104 score = 0.0 sizes 3,5
join 69 and 95 score = 0.0 sizes 1,1
join 63 and 95 score = 0.0 sizes 1,2
join 37 and 46 score = 0.0 sizes 1,1
join 101 and 108 score = 0.0 sizes 1,1
join 37 and 140 score = 0.0 sizes 2,1
join 29 and 140 score = 0.0 sizes 1,3
join 86 and 125 score = 0.0 sizes 8,1
join 23 and 125 score = 0.0 sizes 1,9
join 13 and 163 score = 0.0 sizes 1,1
join 111 and 147 score = 0.0 sizes 1,21
join 29 and 117 score = 0.0 sizes 4,1
join 110 and 160 score = 0.0 sizes 1,1
join 6 and 160 score = 0.0 sizes 3,2
join 18 and 75 score = 0.0 sizes 1,5
join 139 and 145 score = 0.0 sizes 1,1
join 139 and 170 score = 0.0 sizes 2,1
join 44 and 167 score = 0.0 sizes 1,1
join 14 and 69 score = 0.0 sizes 1,3
join 14 and 121 score = 0.0 sizes 4,22
join 53 and 63 score = 0.0 sizes 1,26
join 118 and 170 score = 0.0 sizes 1,3
join 64 and 174 score = 0.0 sizes 1,1
join 60 and 157 score = 0.0 sizes 4,1
join 2 and 4 score = 0.0 sizes 1,5
join 2 and 145 score = 0.0 sizes 6,4
join 58 and 162 score = 0.0 sizes 1,1
join 23 and 48 score = 0.0 sizes 10,1
join 57 and 167 score = 0.0 sizes 1,2
join 78 and 116 score = 0.0 sizes 1,3
join 111 and 156 score = 0.0 sizes 27,1
join 33 and 36 score = 0.0 sizes 1,1
join 39 and 81 score = 0.0 sizes 1,4
join 39 and 101 score = 0.0 sizes 5,2
join 48 and 90 score = 0.0 sizes 11,1
join 41 and 154 score = 0.0 sizes 1,12
join 15 and 41 score = 0.0 sizes 1,13
join 53 and 61 score = 0.0 sizes 28,1
join 132 and 165 score = 0.0 sizes 1,1
join 43 and 142 score = 0.0 sizes 1,1
All pairs
join 66 and 124 score = 0.0 sizes 1,1
join 45 and 58 score = 0.0 sizes 1,2
join 136 and 156 score = 0.0 sizes 1,29
join 30 and 163 score = 0.0 sizes 1,2
join 46 and 115 score = 0.0 sizes 5,1
join 31 and 157 score = 0.0 sizes 1,10
join 56 and 126 score = 0.0 sizes 3,2
join 117 and 159 score = 0.0 sizes 6,1
join 70 and 142 score = 0.0 sizes 1,2
join 9 and 92 score = 0.0 sizes 1,1
join 61 and 134 score = 0.0 sizes 30,1
join 134 and 146 score = 0.0 sizes 31,1
join 93 and 153 score = 0.0 sizes 1,1
join 1 and 73 score = 0.0 sizes 4,1
join 98 and 118 score = 0.0 sizes 1,11
join 31 and 141 score = 0.0 sizes 12,1
join 83 and 173 score = 0.0 sizes 1,1
join 162 and 171 score = 0.0 sizes 3,1
join 15 and 129 score = 0.0 sizes 14,1
join 90 and 146 score = 0.0 sizes 15,32
join 9 and 59 score = 0.0 sizes 2,1
join 114 and 141 score = 0.0 sizes 1,13
join 68 and 88 score = 0.0 sizes 1,1
join 10 and 128 score = 0.0 sizes 1,1
join 16 and 17 score = 0.0 sizes 1,1
join 17 and 76 score = 0.0 sizes 2,1
join 10 and 76 score = 0.0 sizes 2,3
join 5 and 108 score = 0.0 sizes 1,7
join 38 and 70 score = 0.006060606060606061 sizes 1,3
join 38 and 171 score = 0.0 sizes 4,4
join 113 and 128 score = 0.0 sizes 1,5
join 54 and 136 score = 0.006369426751592357 sizes 5,47
join 36 and 152 score = 0.006369426751592357 sizes 2,1
join 98 and 105 score = 0.00625 sizes 14,1
join 12 and 65 score = 0.0 sizes 1,1
join 77 and 144 score = 0.0 sizes 1,1
join 77 and 103 score = 0.0 sizes 2,1
join 22 and 35 score = 0.0 sizes 1,1
join 22 and 28 score = 0.0 sizes 2,1
join 122 and 172 score = 0.0 sizes 1,1
join 88 and 132 score = 0.0 sizes 2,2
join 92 and 165 score = 0.006329113924050633 sizes 3,4
join 79 and 85 score = 0.0 sizes 1,1
join 8 and 16 score = 0.0 sizes 1,6
join 89 and 113 score = 0.0 sizes 1,7
join 143 and 176 score = 0.006134969325153374 sizes 1,1
join 68 and 164 score = 0.0 sizes 7,1
join 59 and 74 score = 0.005434782608695652 sizes 8,1
join 52 and 83 score = 0.00641025641025641 sizes 8,2
join 62 and 110 score = 0.006289308176100629 sizes 1,6
join 8 and 143 score = 0.0 sizes 8,2
join 119 and 169 score = 0.0 sizes 1,1
join 35 and 169 score = 0.0 sizes 3,2
join 3 and 109 score = 0.0 sizes 1,1
join 3 and 151 score = 0.006211180124223602 sizes 2,1
join 109 and 127 score = 0.0 sizes 3,1
join 57 and 105 score = 0.006172839506172839 sizes 3,15
join 66 and 67 score = 0.0 sizes 2,1
join 67 and 74 score = 0.0 sizes 3,9
join 28 and 148 score = 0.0 sizes 5,1
join 99 and 174 score = 0.013157894736842105 sizes 1,2
join 64 and 148 score = 0.0 sizes 3,6
join 5 and 97 score = 0.0 sizes 8,1
join 34 and 159 score = 0.014598540145985401 sizes 9,7
join 18 and 43 score = 0.006369426751592357 sizes 7,8
join 26 and 122 score = 0.0 sizes 1,2
join 26 and 119 score = 0.0 sizes 3,9
join 127 and 172 score = 0.0 sizes 4,12
join 155 and 158 score = 0.0 sizes 10,1
join 114 and 129 score = 0.007462686567164179 sizes 18,52
join 124 and 152 score = 0.01875 sizes 12,3
join 45 and 89 score = 0.0 sizes 15,10
join 106 and 176 score = 0.013071895424836602 sizes 1,25
join 13 and 153 score = 0.03333333333333333 sizes 3,2
join 93 and 99 score = 0.012422360248447204 sizes 5,16
join 62 and 173 score = 0.026845637583892617 sizes 26,11
join 73 and 97 score = 0.0 sizes 5,16
join 123 and 144 score = 0.034482758620689655 sizes 70,3
join 84 and 151 score = 0.0 sizes 1,21
join 12 and 85 score = 0.03571428571428571 sizes 2,2
join 79 and 168 score = 0.0 sizes 4,1
All pairs
join 80 and 106 score = 0.022727272727272728 sizes 1,37
join 30 and 130 score = 0.03164556962025317 sizes 22,1
join 158 and 168 score = 0.03225806451612903 sizes 38,5
join 44 and 80 score = 0.06944444444444445 sizes 73,43
join 78 and 130 score = 0.08695652173913043 sizes 21,23
join 24 and 164 score = 0.0967741935483871 sizes 1,15
join 24 and 27 score = 0.16666666666666666 sizes 16,1
join 27 and 84 score = 0.16666666666666666 sizes 17,44
join 115 and 166 score = 0.24444444444444444 sizes 61,1
join 33 and 65 score = 0.0 sizes 62,116
score = 1.2018245731389074
improvementE1 : -490.05670086736944
improvementE1 : -490.0547182613488
improvementE1 : -490.0390605473815
improvementE3 : -490.0390534741475
improvementE1 : -490.03905079012816
improvementE1 : -490.03892528083713
improvementE3 : -490.0027642521001
improvementE1 : -488.9407738113241
improvementE3 : -488.9407705749527
improvementE3 : -488.94044758312646
improvementE3 : -486.2289962414085
improvementE3 : -486.1950361509617
improvementE2 : -486.1949521349451
improvementE2 : -486.19494902701047
improvementE1 : -485.1875676907072
improvementE1 : -485.18756060451784
improvementE1 : -485.1867365974731
improvementE3 : -485.14762270877594
improvementE3 : -485.0551267007932
improvementE3 : -485.0551031067045
improvementE3 : -484.9997674937029
improvementE3 : -484.9997552624727
improvementE3 : -484.78574171247914
improvementE2 : -484.7857171713433
improvementE3 : -477.22744339200176
improvementE1 : -477.2274033149777
improvementE1 : -477.226034500143
improvementE3 : -477.2210010615949
improvementE2 : -477.18091052897904
improvementE3 : -477.17860409409235
improvementE1 : -477.1677546644012
improvementE3 : -477.1660336967313
improvementE3 : -477.16599032703107
improvementE2 : -477.16591072816396
improvementE1 : -477.1659083902011
improvementE2 : -477.16590619436164
improvementE3 : -477.146539231081
improvementE2 : -477.1465096175247
improvementE2 : -477.14586291900105
improvementE1 : -477.14585008050534
improvementE3 : -477.1457799742759
improvementE3 : -477.14577868781447
improvementE2 : -477.14577700854227
improvementE3 : -477.0920425264078
improvementE3 : -476.95427045330746
improvementE1 : -476.95140699183264
improvementE1 : -476.9514053139026
improvementE3 : -476.9287240652211
improvementE1 : -476.9287206859986
improvementE3 : -476.9287194474997
improvementE1 : -476.9278222289823
improvementE2 : -476.9272274485219
improvementE1 : -476.8830665899169
improvementE1 : -476.8828042070044
improvementE2 : -476.8793445418921
improvementE1 : -476.8762731893097
improvementE2 : -476.87606400976523
improvementE1 : -476.87564598424285
improvementE2 : -470.4113100551556
improvementE2 : -470.40097838262324
improvementE3 : -470.4001470505099
improvementE2 : -470.39531962732934
improvementE1 : -470.3953141574514
improvementE2 : -470.3953090712039
improvementE1 : -468.5778939690147
improvementE3 : -468.5769676591586
improvementE3 : -468.57662490000484
improvementE3 : -468.5328803686086
improvementE1 : -466.10239589182714
improvementE3 : -465.7765935874926
improvementE3 : -465.77639735505227
improvementE3 : -465.7763949319454
improvementE1 : -465.77619551438966
improvementE3 : -465.7678943748448
improvementE1 : -465.7678870048829
improvementE3 : -465.7486752688029
improvementE3 : -464.40600115190415
improvementE3 : -464.4058780230595
improvementE3 : -464.40559238858964
improvementE2 : -464.4038787836746
improvementE3 : -464.4035504167417
improvementE1 : -464.40354200076774
improvementE1 : -464.40320459084836
improvementE1 : -464.40313097883603
improvementE3 : -464.40308985060057
improvementE1 : -464.4008650945198
improvementE1 : -464.38083067947
improvementE2 : -464.3777822079632
improvementE1 : -464.3770159554552
improvementE3 : -464.37701369499393
improvementE3 : -464.37611872859145
improvementE3 : -462.9675635210187
improvementE1 : -462.96745047453703
improvementE1 : -462.96744930281545
improvementE2 : -462.96744347490255
improvementE3 : -462.9673894504512
improvementE3 : -462.9672800323354
improvementE1 : -462.8166299009403
improvementE2 : -462.81095274384165
improvementE3 : -462.81085487368165
improvementE3 : -461.8077982515785
improvementE1 : -461.8077948482275
improvementE2 : -461.80508183377236
improvementE3 : -461.8027051264589
improvementE3 : -461.7773962060531
improvementE3 : -461.77681560794286
improvementE1 : -461.7768132320218
improvementE3 : -461.6826911673711
improvementE3 : -461.6826499632434
improvementE2 : -461.6731733996209
improvementE1 : -461.6667286092619
improvementE3 : -461.6667167575448
improvementE2 : -461.6665637170663
improvementE3 : -461.641125438291
improvementE3 : -461.64094364795216
improvementE3 : -461.64093267068677
improvementE3 : -461.6384364138882
improvementE2 : -461.6382400369016
improvementE1 : -461.6382360500995
improvementE3 : -460.1564724755693
improvementE1 : -460.1564709967972
improvementE2 : -460.15646651644613
improvementE3 : -460.1564618955157
improvementE2 : -460.1562852728836
improvementE1 : -460.1562839251249
improvementE3 : -460.15626241244894
improvementE3 : -460.15586681807605
improvementE2 : -460.1558629967825
improvementE1 : -460.1557579010594
improvementE3 : -460.1481807565543
improvementE2 : -460.1481444201006
improvementE3 : -459.64590897527137
improvementE3 : -449.6478009649401
improvementE3 : -449.6477630738108
improvementE2 : -449.64769591790196
improvementE2 : -449.61781715897337
improvementE3 : -449.6178139790899
improvementE1 : -449.61775836396475
improvementE3 : -449.61727002414534
improvementE2 : -449.6172464904807
improvementE2 : -447.7810569490422
improvementE3 : -447.47726523037073
improvementE2 : -447.4772416707208
improvementE1 : -447.47723802939043
improvementE2 : -447.4771922879394
improvementE2 : -446.13624249835874
improvementE1 : -446.1349043167767
improvementE2 : -446.1349025600128
improvementE3 : -446.13486954059886
improvementE3 : -446.13486304560786
improvementE3 : -446.1339379792222
improvementE2 : -441.36350389016576
improvementE2 : -439.5541635266443
improvementE1 : -439.5541618010876
improvementE2 : -439.0835740456603
improvementE2 : -439.08357200613597
improvementE2 : -439.0835507233226
improvementE2 : -439.0689694569099
improvementE3 : -439.06895107852074
improvementE2 : -439.06834364340585
improvementE2 : -439.06821811513066
improvementE1 : -439.06821653249307
improvementE1 : -439.06821029942313
improvementE3 : -438.30910331208497
improvementE2 : -438.30871954368325
improvementE2 : -438.3073957984808
improvementE2 : -438.30739222411313
improvementE2 : -438.3072541827639
improvementE3 : -438.3072506898758
improvementE1 : -438.3070475114226
improvementE1 : -438.2827536386434
improvementE1 : -438.2827418244109
improvementE2 : -438.28244745151983
improvementE2 : -438.2820489326631
improvementE3 : -438.19742441697997
improvementE2 : -438.1968918789481
improvementE3 : -438.19575116370254
improvementE1 : -438.0864454508241
improvementE3 : -435.6601543791949
improvementE3 : -435.660126723907
improvementE1 : -435.6600750072078
improvementE3 : -435.66005237195736
improvementE2 : -435.64745522823034
improvementE1 : -435.64743831826286
improvementE3 : -435.64723071440073
improvementE2 : -435.6472286388224
improvementE2 : -433.1012463898614
improvementE2 : -426.38388449046437
improvementE3 : -426.38287826021195
improvementE1 : -426.379685815189
improvementE3 : -426.3796845685877
improvementE1 : -426.3796833896849
improvementE1 : -426.3796390717153
improvementE3 : -426.37963742748
improvementE2 : -419.47020925942144
improvementE2 : -419.4700418782894
improvementE3 : -419.46996656312194
improvementE3 : -419.46986809051117
improvementE2 : -419.4697947044448
improvementE3 : -419.4694735766714
improvementE1 : -419.46942982956506
improvementE1 : -417.43643035418563
improvementE2 : -417.4273211121732
improvementE1 : -417.42731231995765
improvementE2 : -416.084506698949
improvementE2 : -416.08448375988456
improvementE1 : -416.0053171071818
improvementE2 : -416.0053095586071
improvementE1 : -416.00394116225385
improvementE3 : -416.0034725525637
improvementE1 : -411.3317833482358
improvementE2 : -411.32218940675534
improvementE1 : -411.3221716251608
improvementE2 : -407.4871417540515
improvementE3 : -407.45781845002915
improvementE3 : -407.4577747616855
improvementE2 : -406.025297247611
improvementE1 : -406.0252960447137
improvementE3 : -405.9091274303426
improvementE1 : -405.9089399940112
improvementE1 : -405.9059670113587
improvementE2 : -405.9058793896813
improvementE3 : -405.90514589331013
improvementE1 : -405.9004900651011
improvementE3 : -405.90038539257165
improvementE1 : -402.37877767517017
improvementE2 : -402.3786612541857
improvementE1 : -401.95996693919494
improvementE1 : -401.94971420805007
improvementE3 : -401.94970027762554
improvementE3 : -401.94969158054994
improvementE1 : -401.94959865902763
improvementE3 : -401.55784116610346
improvementE1 : -401.5577762282964
improvementE3 : -401.55770497190827
improvementE3 : -401.49637734523156
improvementE3 : -401.4962693372686
improvementE1 : -400.6290631536085
improvementE3 : -400.2593249991807
improvementE2 : -399.85216364543413
improvementE1 : -399.8493383160037
improvementE1 : -397.4514920290608
improvementE3 : -397.4514783437347
improvementE1 : -397.4496473075729
improvementE1 : -397.4409439764151
improvementE2 : -396.5659573953596
improvementE2 : -396.56593614590537
improvementE2 : -396.56592105736775
improvementE1 : -396.5659134474343
improvementE3 : -396.43053554433754
improvementE3 : -396.4305103580005
improvementE1 : -396.4305092773086
improvementE3 : -396.4305072035654
improvementE2 : -391.9865556608608
improvementE3 : -391.9865486564082
improvementE3 : -391.9864517727672
improvementE2 : -391.9859149992408
improvementE1 : -391.98492344468406
improvementE2 : -391.98478096920235
improvementE2 : -391.98456058246285
improvementE1 : -391.9839422290213
improvementE2 : -391.9786359403456
improvementE1 : -391.97226670703634
improvementE3 : -391.97219006331034
improvementE3 : -390.14424493487826
improvementE2 : -390.13413920189356
improvementE1 : -390.13411378924167
improvementE3 : -390.13410876864
improvementE3 : -390.1330785074294
improvementE3 : -390.1329750163698
improvementE2 : -390.1329437848786
improvementE1 : -390.1329389831009
improvementE2 : -390.132899113794
improvementE2 : -389.97101633266055
improvementE2 : -389.9710149504259
improvementE3 : -389.9702682926851
improvementE3 : -389.96964440020054
improvementE1 : -389.69294962947373
improvementE3 : -389.692931766338
improvementE2 : -389.4482396449436
improvementE1 : -389.4482342323731
improvementE3 : -389.35144195334277
improvementE2 : -389.25641161118165
improvementE1 : -389.2526365116933
improvementE1 : -389.2526336057514
improvementE3 : -389.2525732314556
improvementE3 : -389.25254680482425
improvementE1 : -389.2525167029236
improvementE3 : -389.24475005207853
improvementE1 : -389.24473721564345
improvementE1 : -389.2444657163374
improvementE2 : -389.2444307041541
improvementE3 : -389.240812408799
improvementE2 : -389.24076900235013
improvementE3 : -389.2407658312014
improvementE3 : -389.24070644712117
improvementE2 : -389.2406474480831
improvementE3 : -384.20442899587005
improvementE1 : -384.2044164902827
improvementE3 : -384.2044146354996
improvementE3 : -384.20422995923127
improvementE1 : -384.20421712270087
improvementE1 : -384.2000610044628
improvementE2 : -384.2000183652626
improvementE3 : -378.6506450852015
improvementE2 : -378.6504904869086
improvementE3 : -376.8944063386209
improvementE1 : -376.8943852758137
improvementE1 : -376.8943584375679
improvementE1 : -376.89428269541514
improvementE1 : -376.89427235076784
improvementE2 : -376.86001766140777
improvementE1 : -376.8600087644741
improvementE2 : -376.8600075803958
improvementE2 : -376.86000349121025
improvementE2 : -376.8600008886649
improvementE1 : -376.85541713050674
improvementE1 : -376.8554158510844
improvementE1 : -376.8490573615075
improvementE3 : -376.8488330413792
improvementE1 : -376.8487668435881
improvementE1 : -376.848719279894
improvementE2 : -376.8486907769314
improvementE3 : -376.8486743587681
improvementE1 : -376.8486723108091
improvementE1 : -376.84867013563917
improvementE2 : -376.848646055883
improvementE2 : -376.84864428351096
improvementE2 : -375.7638297784524
improvementE2 : -375.763825487065
improvementE2 : -375.763508347721
improvementE3 : -375.7634957087456
improvementE1 : -375.603885970812
improvementE3 : -375.2204680231471
improvementE2 : -375.2204627461034
improvementE1 : -375.2203946249923
improvementE3 : -375.2195954739908
improvementE1 : -375.2195942495506
improvementE2 : -375.2195926846515
improvementE2 : -375.21958744332034
improvementE3 : -375.219179453088
improvementE3 : -375.2191232675153
improvementE1 : -375.2189333767848
improvementE1 : -375.218927323066
improvementE2 : -375.21892599042326
improvementE1 : -375.21890157825703
improvementE3 : -375.2188808231559
improvementE1 : -375.2188773710759
improvementE1 : -375.2188746936973
improvementE2 : -375.21599605799804
improvementE2 : -375.2159948969187
improvementE2 : -375.21458932311356
logL = -3221.6157461822727
Removing 0 markers
Second round
improvementE3 : -375.2145769084174
improvementE3 : -375.2145726103568
improvementE3 : -375.2145395332728
improvementE1 : -375.21453615369444
improvementE1 : -375.2145258126597
improvementE2 : -374.73674132751086
improvementE1 : -374.73673923226386
improvementE1 : -374.73661865897645
improvementE2 : -372.1166611087693
improvementE1 : -372.11665883099613
improvementE2 : -344.34701151027684
improvementE3 : -343.4382122857085
improvementE1 : -343.4370002890608
improvementE2 : -343.436393389856
improvementE3 : -343.3985507219406
improvementE3 : -335.964178061682
improvementE3 : -335.96407665374585
improvementE1 : -335.9598689217892
improvementE1 : -335.95986725325673
improvementE2 : -335.95856306962844
improvementE1 : -335.7873688938243
improvementE3 : -333.8882080747103
improvementE1 : -333.8873665687227
improvementE3 : -333.8871746969925
improvementE3 : -333.88717124673974
improvementE3 : -333.8871530961515
improvementE1 : -333.88703737413255
improvementE2 : -333.8870337086269
improvementE2 : -333.88701481731306
improvementE1 : -333.88681449512774
improvementE2 : -333.88680212002305
improvementE2 : -333.88678001456475
improvementE3 : -333.8867769928068
improvementE2 : -333.8867718976363
improvementE2 : -333.8866690152284
improvementE3 : -333.8866605818615
improvementE1 : -333.8859111717536
improvementE3 : -333.885895114161
improvementE1 : -333.8858914958809
improvementE1 : -333.8858865638538
improvementE2 : -333.8858850588981
improvementE2 : -333.88495492384624
improvementE3 : -333.8849296376833
improvementE3 : -333.88490229950304
improvementE3 : -333.88489658658915
improvementE2 : -333.880787785072
improvementE3 : -333.2674648692885
improvementE1 : -333.0322271324852
improvementE3 : -333.03221391797973
improvementE1 : -333.03220152819887
improvementE3 : -333.0321958320383
improvementE1 : -333.03218289380015
improvementE3 : -333.0321523354861
improvementE1 : -333.0317516507245
improvementE2 : -333.0317438849016
improvementE2 : -332.833272735041
improvementE3 : -332.5621040887274
improvementE1 : -332.0377062696738
improvementE2 : -332.03768835597106
improvementE1 : -332.02602512199564
improvementE2 : -332.00733497931384
improvementE3 : -326.4717336036157
improvementE3 : -326.46600215491577
improvementE3 : -326.46557618144874
improvementE2 : -326.46556778585096
improvementE3 : -326.42322413166886
improvementE2 : -326.4190445998181
improvementE3 : -322.4882322356626
improvementE3 : -320.4798811643085
improvementE1 : -320.4798596664758
improvementE3 : -320.47918739837974
improvementE2 : -320.4127319147009
improvementE2 : -320.31004672386376
improvementE2 : -320.3099163551122
improvementE2 : -320.28268785531867
improvementE2 : -320.28268541161987
improvementE2 : -320.28268294011673
improvementE2 : -320.28256078728
improvementE2 : -318.10319857183816
improvementE1 : -318.1031935904588
improvementE1 : -318.09634968166165
improvementE3 : -318.0962696969548
improvementE1 : -318.0962315469956
improvementE2 : -318.0947058039439
improvementE2 : -318.0944739498095
improvementE3 : -318.0944693588492
improvementE1 : -318.09445035983424
improvementE1 : -318.0944064068372
improvementE1 : -318.0943983002993
improvementE1 : -318.0943756076853
improvementE2 : -315.88655068916745
improvementE2 : -315.88646795209434
improvementE2 : -315.88645488926414
improvementE3 : -315.88587446934804
improvementE1 : -315.8858620953011
improvementE1 : -315.8858572385579
improvementE2 : -315.88585609942123
improvementE2 : -315.88578566937923
improvementE2 : -315.885783234542
improvementE3 : -315.88576505965403
improvementE1 : -315.8857603936134
improvementE2 : -315.8857527613459
improvementE1 : -315.88536037906385
improvementE3 : -315.8852915791684
improvementE2 : -315.88475824219023
improvementE1 : -315.8847532980573
improvementE3 : -315.88474824981273
improvementE3 : -315.88474406864736
improvementE2 : -315.88474115212375
