0->0 : 0
0->1 : 0
0->2 : 0
       Error rate = 0.0
1->0 : 0
1->1 : 0
1->2 : 0
       Error rate = 0.0
2->0 : 0
2->1 : 0
2->2 : 0
       Error rate = 0.0
0,2->0,2 : 1181913
  0,2->1 : 0
1,2->1,2 : 0
  1,2->0 : 0
       Error rate = 0.0
Maternally informative markers = 0 (of 10219)
Paternally informative markers = 10219
Maternally or paternally informative markers = 10219
Removed 0 children
Removed 0 markers
Number of LGs = 45
***Family = fam_08 chromosome = 27 numMarkers = 174 maternal informative markers 0 (paternal informative markers 174)
***Family = fam_01 chromosome = 27 numMarkers = 174 maternal informative markers 0 (paternal informative markers 174)
***Family = fam_09 chromosome = 27 numMarkers = 174 maternal informative markers 0 (paternal informative markers 174)
174->149
149->149
All pairs
join 122 and 132 score = 0.0 sizes 1,1
join 101 and 132 score = 0.0 sizes 1,2
join 53 and 101 score = 0.0 sizes 1,3
join 67 and 135 score = 0.0 sizes 1,1
join 83 and 122 score = 0.0 sizes 1,4
join 1 and 53 score = 0.0 sizes 1,5
join 26 and 147 score = 0.0 sizes 1,1
join 9 and 58 score = 0.0 sizes 1,1
join 1 and 28 score = 0.0 sizes 6,1
join 28 and 31 score = 0.0 sizes 7,1
join 13 and 48 score = 0.0 sizes 1,1
join 20 and 67 score = 0.0 sizes 1,2
join 24 and 61 score = 0.0 sizes 1,1
join 58 and 93 score = 0.0 sizes 2,1
join 25 and 83 score = 0.0 sizes 1,8
join 25 and 56 score = 0.0 sizes 9,1
join 56 and 109 score = 0.0 sizes 10,1
join 72 and 119 score = 0.0 sizes 1,1
join 79 and 145 score = 0.0 sizes 1,1
join 9 and 51 score = 0.0 sizes 3,1
join 68 and 111 score = 0.0 sizes 1,1
join 19 and 109 score = 0.0 sizes 1,11
join 17 and 120 score = 0.0 sizes 1,1
join 64 and 120 score = 0.0 sizes 1,2
join 106 and 145 score = 0.0 sizes 1,2
join 3 and 88 score = 0.0 sizes 1,1
join 35 and 52 score = 0.0 sizes 1,1
join 99 and 143 score = 0.0 sizes 1,1
join 18 and 146 score = 0.0 sizes 1,1
join 118 and 136 score = 0.0 sizes 1,1
join 79 and 118 score = 0.0 sizes 3,2
join 135 and 136 score = 0.0 sizes 3,5
join 20 and 63 score = 0.0 sizes 8,1
join 27 and 63 score = 0.0 sizes 1,9
join 78 and 103 score = 0.0 sizes 1,1
join 18 and 74 score = 0.0 sizes 2,1
join 91 and 100 score = 0.0 sizes 1,1
join 19 and 52 score = 0.0 sizes 12,2
join 22 and 82 score = 0.0 sizes 1,1
join 13 and 36 score = 0.0 sizes 2,1
join 2 and 48 score = 0.0 sizes 1,3
join 17 and 97 score = 0.0 sizes 3,1
join 41 and 112 score = 0.0 sizes 1,1
join 32 and 88 score = 0.0 sizes 1,2
join 3 and 42 score = 0.0 sizes 3,1
join 85 and 141 score = 0.0 sizes 1,1
join 80 and 141 score = 0.0 sizes 1,2
join 85 and 133 score = 0.0 sizes 3,1
join 80 and 107 score = 0.0 sizes 4,1
join 93 and 130 score = 0.0 sizes 4,1
join 72 and 107 score = 0.0 sizes 2,5
join 66 and 105 score = 0.0 sizes 1,1
join 70 and 100 score = 0.0 sizes 1,2
join 70 and 128 score = 0.0 sizes 3,1
join 92 and 124 score = 0.0 sizes 1,1
join 35 and 86 score = 0.0 sizes 14,1
join 74 and 86 score = 0.0 sizes 3,15
join 99 and 116 score = 0.0 sizes 2,1
join 77 and 116 score = 0.0 sizes 1,3
join 87 and 114 score = 0.0 sizes 1,1
join 92 and 114 score = 0.0 sizes 2,2
join 102 and 142 score = 0.0 sizes 1,1
join 21 and 142 score = 0.0 sizes 1,2
join 102 and 147 score = 0.0 sizes 3,2
join 39 and 104 score = 0.0 sizes 1,1
join 75 and 82 score = 0.0 sizes 1,2
join 27 and 125 score = 0.0 sizes 10,1
join 21 and 62 score = 0.0 sizes 5,1
join 38 and 54 score = 0.0 sizes 1,1
join 38 and 44 score = 0.0 sizes 2,1
join 39 and 130 score = 0.0 sizes 2,5
join 66 and 113 score = 0.0 sizes 2,1
join 4 and 33 score = 0.0 sizes 1,1
join 33 and 64 score = 0.0 sizes 2,4
join 15 and 139 score = 0.0 sizes 1,1
join 121 and 127 score = 0.0 sizes 1,1
join 0 and 68 score = 0.0 sizes 1,2
join 60 and 143 score = 0.0 sizes 1,4
join 26 and 144 score = 0.0 sizes 6,1
join 95 and 133 score = 0.0 sizes 1,7
join 131 and 134 score = 0.0 sizes 1,1
join 69 and 90 score = 0.0 sizes 1,1
join 47 and 90 score = 0.0 sizes 1,2
join 6 and 47 score = 0.0 sizes 1,3
join 6 and 51 score = 0.0 sizes 4,7
join 78 and 139 score = 0.006060606060606061 sizes 2,2
join 77 and 123 score = 0.0 sizes 5,1
join 41 and 121 score = 0.006134969325153374 sizes 2,2
join 0 and 31 score = 0.006097560975609756 sizes 3,18
join 76 and 137 score = 0.0 sizes 1,1
join 76 and 84 score = 0.0 sizes 2,1
join 75 and 125 score = 0.006756756756756757 sizes 3,11
join 43 and 106 score = 0.0 sizes 1,14
join 14 and 117 score = 0.0 sizes 1,1
join 98 and 117 score = 0.0 sizes 1,2
join 30 and 42 score = 0.006666666666666667 sizes 1,4
join 24 and 131 score = 0.006578947368421052 sizes 2,2
join 94 and 123 score = 0.0 sizes 1,6
join 94 and 97 score = 0.005988023952095809 sizes 7,6
join 45 and 71 score = 0.0 sizes 1,1
join 15 and 45 score = 0.0 sizes 4,2
join 36 and 40 score = 0.006493506493506494 sizes 4,1
All pairs
join 61 and 65 score = 0.006622516556291391 sizes 4,1
join 10 and 148 score = 0.0072992700729927005 sizes 1,1
join 10 and 104 score = 0.005988023952095809 sizes 2,11
join 81 and 148 score = 0.007142857142857143 sizes 1,13
join 62 and 103 score = 0.0064516129032258064 sizes 7,6
join 49 and 98 score = 0.0 sizes 1,3
join 49 and 96 score = 0.0 sizes 4,1
join 55 and 57 score = 0.0 sizes 1,1
join 37 and 73 score = 0.0 sizes 1,1
join 71 and 126 score = 0.0051813471502590676 sizes 13,1
join 5 and 23 score = 0.0 sizes 1,1
join 87 and 95 score = 0.012738853503184714 sizes 4,8
join 65 and 96 score = 0.0 sizes 5,5
join 14 and 50 score = 0.0 sizes 10,1
join 50 and 108 score = 0.0 sizes 11,1
join 69 and 126 score = 0.0 sizes 14,14
join 30 and 140 score = 0.0 sizes 5,1
join 46 and 55 score = 0.0 sizes 1,2
join 110 and 113 score = 0.0 sizes 1,3
join 40 and 110 score = 0.0 sizes 5,4
join 127 and 137 score = 0.0 sizes 4,3
join 43 and 91 score = 0.010638297872340425 sizes 15,4
join 108 and 115 score = 0.0 sizes 12,1
join 8 and 115 score = 0.0 sizes 1,13
join 7 and 44 score = 0.013605442176870748 sizes 1,3
join 29 and 54 score = 0.014084507042253521 sizes 1,4
join 60 and 89 score = 0.01935483870967742 sizes 13,1
join 129 and 138 score = 0.0 sizes 1,1
join 112 and 144 score = 0.013513513513513514 sizes 7,28
join 5 and 81 score = 0.0 sizes 2,35
join 11 and 84 score = 0.0 sizes 1,37
join 111 and 119 score = 0.012738853503184714 sizes 21,12
join 11 and 32 score = 0.01910828025477707 sizes 38,6
join 124 and 134 score = 0.026845637583892617 sizes 33,14
join 16 and 129 score = 0.0 sizes 1,2
join 16 and 105 score = 0.018867924528301886 sizes 3,9
join 2 and 4 score = 0.031446540880503145 sizes 12,14
join 89 and 128 score = 0.036585365853658534 sizes 26,19
join 138 and 140 score = 0.034482758620689655 sizes 45,44
join 12 and 23 score = 0.03225806451612903 sizes 1,89
join 37 and 59 score = 0.08 sizes 2,1
join 12 and 57 score = 0.0967741935483871 sizes 90,3
join 7 and 146 score = 0.08588957055214724 sizes 5,47
All pairs
join 8 and 34 score = 0.27586206896551724 sizes 52,1
join 46 and 59 score = 0.1875 sizes 93,3
join 34 and 73 score = 0.25 sizes 53,96
score = 1.3617573770015663
improvementE2 : -458.46527291799407
improvementE1 : -458.46364348712115
improvementE3 : -451.9529111281909
improvementE1 : -451.6409935570522
improvementE3 : -451.6232612992142
improvementE3 : -451.62320899068965
improvementE3 : -451.6229234917796
improvementE3 : -451.5310317633044
improvementE3 : -451.0916962513953
improvementE3 : -451.0916586084301
improvementE1 : -451.09165622700107
improvementE3 : -451.08942183647105
improvementE2 : -451.0852143988473
improvementE3 : -451.0812123841441
improvementE3 : -448.64703659485684
improvementE1 : -448.64697507930913
improvementE1 : -448.646973241895
improvementE1 : -448.6468777726942
improvementE3 : -448.64635254048835
improvementE2 : -436.5205448850949
improvementE1 : -436.3603564569496
improvementE1 : -436.3517989750925
improvementE1 : -436.35177126112717
improvementE1 : -436.34972380757273
improvementE2 : -429.9305879270992
improvementE2 : -429.9298608310163
improvementE1 : -429.92985762032833
improvementE2 : -429.92968357343847
improvementE3 : -429.9296825002206
improvementE3 : -429.92968134449114
improvementE3 : -429.92963787485
improvementE1 : -429.918990936544
improvementE1 : -429.91893025606305
improvementE1 : -429.91891799943016
improvementE1 : -429.91335364047006
improvementE3 : -429.14717501721594
improvementE2 : -429.07560500779425
improvementE1 : -429.0739064868339
improvementE3 : -428.0847164717523
improvementE2 : -428.0786017265933
improvementE2 : -428.06549561908685
improvementE3 : -427.60783939989506
improvementE1 : -423.9610358686321
improvementE3 : -423.96081251520303
improvementE2 : -423.960800912208
improvementE3 : -423.5119670409664
improvementE1 : -423.5091577012678
improvementE2 : -423.50903806393075
improvementE1 : -423.50900465935837
improvementE1 : -423.44692612481066
improvementE3 : -408.7274660176317
improvementE2 : -408.727238795838
improvementE3 : -408.63640022419895
improvementE1 : -408.3826463587373
improvementE2 : -408.38264093586537
improvementE2 : -408.38198753468396
improvementE1 : -408.3657817819948
improvementE3 : -408.3657490453297
improvementE2 : -408.36037634759555
improvementE3 : -407.9280640014554
improvementE2 : -407.913312458917
improvementE1 : -407.9093248367313
improvementE2 : -407.90479356366706
improvementE3 : -407.90478122280615
improvementE1 : -407.90455280080124
improvementE2 : -407.90446045071116
improvementE3 : -407.90215317391403
improvementE1 : -407.90212471883245
improvementE3 : -406.7056829792495
improvementE1 : -406.70566085317455
improvementE2 : -406.7056304483803
improvementE2 : -406.7056279804025
improvementE2 : -406.7056267644735
improvementE3 : -406.0118396015692
improvementE2 : -406.00449017724605
improvementE3 : -406.0044875728366
improvementE3 : -406.0038205316847
improvementE3 : -404.52031266414906
improvementE2 : -404.51952911644827
improvementE2 : -404.1002340320188
improvementE3 : -404.1002315772696
improvementE1 : -404.0669435413136
improvementE3 : -404.06505438466667
improvementE3 : -404.06456963970703
improvementE3 : -404.063172565583
improvementE3 : -404.0534236081354
improvementE3 : -404.04261450594635
improvementE3 : -403.7385036215054
improvementE1 : -403.7381001318594
improvementE3 : -403.7148832863312
improvementE1 : -403.7141967945782
improvementE1 : -403.7141081367655
improvementE2 : -403.7140676174353
improvementE3 : -403.7111573710589
improvementE3 : -403.38265958234336
improvementE2 : -403.38252557375694
improvementE2 : -403.38251354806874
improvementE3 : -402.94396007005327
improvementE3 : -402.9439455867789
improvementE3 : -402.91682675786905
improvementE3 : -402.91632029394293
improvementE3 : -402.82747731929345
improvementE2 : -399.96538745494496
improvementE2 : -399.7447979538108
improvementE2 : -399.74473437451854
improvementE3 : -399.7305777592436
improvementE3 : -399.6902954144429
improvementE2 : -399.69026632958804
improvementE2 : -399.33016253713583
improvementE1 : -399.3128597058791
improvementE3 : -398.280047192327
improvementE2 : -398.27966317493593
improvementE2 : -398.279126116144
improvementE3 : -395.9438917922219
improvementE3 : -395.93503472255674
improvementE2 : -395.93501857892056
improvementE3 : -395.8381038986494
improvementE3 : -380.3834720800119
improvementE2 : -380.3824728405068
improvementE2 : -380.3824303872005
improvementE2 : -380.37734267864664
improvementE3 : -379.64076437755034
improvementE1 : -379.64074059549694
improvementE1 : -379.629262760532
improvementE2 : -379.62926005456
improvementE3 : -379.6290575758554
improvementE3 : -379.61354197544347
improvementE2 : -379.61350557766224
improvementE3 : -379.6135033216542
improvementE2 : -379.6133797006711
improvementE3 : -379.61330318993043
improvementE1 : -379.58957342680577
improvementE3 : -376.4256204193835
improvementE2 : -376.4255830342909
improvementE3 : -376.4198724275574
improvementE1 : -376.4198700308966
improvementE3 : -376.41955042768404
improvementE2 : -376.4169732472214
improvementE3 : -374.2721496319465
improvementE3 : -374.2721485189881
improvementE2 : -372.44511605054356
improvementE2 : -372.44365824140397
improvementE3 : -372.4435935986504
improvementE2 : -372.36142180807434
improvementE3 : -372.36140490738063
improvementE3 : -372.3613993880165
improvementE3 : -370.8116649619068
improvementE2 : -370.81165945422345
improvementE2 : -370.8116571266809
improvementE2 : -370.8107710263283
improvementE3 : -370.48199397505164
improvementE3 : -370.481737961226
improvementE2 : -370.4813144964533
improvementE1 : -370.4813059055452
improvementE3 : -370.48129852054916
improvementE1 : -368.7514935040007
improvementE2 : -368.75148994274946
improvementE1 : -368.75148653773147
improvementE3 : -368.75144605272203
improvementE3 : -368.7514367001448
improvementE3 : -368.75142589474854
improvementE2 : -367.5832220748839
improvementE1 : -367.58321743080006
improvementE1 : -367.5831556882791
improvementE1 : -367.5828196803665
improvementE3 : -367.58154266184545
improvementE1 : -367.5767356872559
improvementE1 : -367.5767240891354
improvementE3 : -365.1227165808665
improvementE3 : -365.1226972397735
improvementE3 : -365.1226945754422
improvementE1 : -364.70877281999674
improvementE3 : -364.10552516299055
improvementE3 : -364.1055236402364
improvementE3 : -364.1006316234347
improvementE3 : -364.099907711723
improvementE3 : -364.0994279346659
improvementE3 : -364.09942649431935
improvementE2 : -364.0988838376257
improvementE1 : -364.0988787630981
improvementE3 : -364.0988761652139
improvementE3 : -364.0982027482062
improvementE3 : -364.00034011086933
improvementE2 : -361.5525296559754
improvementE2 : -361.541013848751
improvementE1 : -361.54098763559625
improvementE3 : -361.5405242924783
improvementE2 : -361.5405143682363
improvementE2 : -361.529860843561
improvementE2 : -361.529858531174
improvementE2 : -361.52985335332465
improvementE1 : -361.5295795818983
improvementE1 : -361.15346700833214
improvementE1 : -361.15260278877196
improvementE2 : -361.15259373695307
improvementE3 : -361.1521924851738
improvementE1 : -361.1521866221304
improvementE3 : -361.15210987180416
improvementE2 : -361.152100788967
improvementE1 : -361.15209381331425
improvementE1 : -361.15208981477684
improvementE1 : -361.15208746781633
improvementE3 : -361.1520817754418
improvementE3 : -361.15207532277424
improvementE1 : -361.1520721464322
improvementE2 : -361.15207079126225
improvementE1 : -361.1519990847095
improvementE3 : -361.15199177065966
improvementE3 : -356.8796883303321
improvementE3 : -356.8795552160106
improvementE1 : -356.8795113912899
improvementE3 : -356.87944227242065
improvementE2 : -356.86249204705547
improvementE2 : -356.8624468306534
improvementE2 : -356.86208320018625
improvementE1 : -356.8620741734361
improvementE1 : -356.8620659550792
improvementE1 : -356.8519057019073
improvementE1 : -356.8518938249618
improvementE1 : -356.85188380206176
improvementE3 : -356.84476037639496
improvementE1 : -356.8447349813789
improvementE2 : -356.7662618509836
improvementE3 : -356.76618566498144
improvementE2 : -356.7649167839416
improvementE2 : -356.7641693604402
improvementE2 : -356.76272216080037
improvementE3 : -356.7626972757785
improvementE2 : -356.76265702520897
improvementE3 : -356.7626549480597
improvementE1 : -356.76264110356277
improvementE2 : -356.76259216110157
improvementE3 : -356.7625866781821
improvementE1 : -356.75239318550166
improvementE2 : -356.75222747817304
improvementE1 : -356.7522125014988
improvementE2 : -356.75214132556323
improvementE2 : -354.80293267025365
improvementE3 : -354.8029231487203
improvementE3 : -354.7948138159775
improvementE3 : -354.79480611834714
improvementE1 : -354.7948021516411
improvementE3 : -354.7946740287518
improvementE3 : -354.7946648970511
improvementE1 : -354.79466043710136
improvementE1 : -354.7943947948033
improvementE2 : -354.7943917610046
improvementE2 : -354.78795788410326
improvementE1 : -354.7879551763972
improvementE3 : -354.7879481798565
improvementE3 : -354.7879399191519
logL = -3823.756897527464
Removing 0 markers
Second round
improvementE3 : -354.6720255869431
improvementE3 : -354.6720176640705
improvementE2 : -354.6720145479556
improvementE3 : -354.67201336297325
improvementE3 : -354.6262252752581
improvementE3 : -354.62621929341134
improvementE3 : -354.6262114619173
improvementE3 : -354.62544571590183
improvementE1 : -354.62451612558266
improvementE3 : -354.6245099504722
improvementE3 : -354.62273956496335
improvementE3 : -354.62273221343366
improvementE3 : -354.6227277456826
improvementE2 : -354.6227243311045
improvementE2 : -354.6226735289669
improvementE1 : -354.6226683290068
improvementE2 : -354.62266016734213
improvementE2 : -354.6149937517285
improvementE3 : -354.61498800059377
improvementE2 : -354.6146951990266
improvementE1 : -354.61452116147166
improvementE2 : -354.61450834227765
improvementE3 : -354.61450727418776
improvementE2 : -354.61445142235846
improvementE3 : -354.6144504196518
improvementE1 : -354.6144367639388
improvementE2 : -354.61443467407986
improvementE1 : -354.61440976386655
