PLINK v1.90b3i 64-bit (18 Mar 2015)
11 arguments: --allow-extra-chr --allow-no-sex --autosome-num 50 --bfile fam_2 --maf 0.05 --out fam_2.maf --write-snplist
Hostname: ipseg-ubuntu
Working directory: /home/ipseg/Desktop/waples/chum_populations/data/batch_3/work
Start time: Fri Mar 27 14:14:55 2015

Random number seed: 1427490895
32127 MB RAM detected; reserving 16063 MB for main workspace.
26183 variants loaded from .bim file.
17 samples (0 males, 0 females, 17 ambiguous) loaded from .fam.
Ambiguous sex IDs written to fam_2.maf.nosex .
Using 1 thread (no multithreaded calculations invoked).
Before main variant filters, 17 founders and 0 nonfounders present.
Calculating allele frequencies... done.
Total genotyping rate is 0.96342.
2339 variants removed due to minor allele threshold(s)
(--maf/--max-maf/--mac/--max-mac).
23844 variants and 17 samples pass filters and QC.
Note: No phenotypes present.
List of variant IDs written to fam_2.maf.snplist .

End time: Fri Mar 27 14:14:55 2015
