PLINK v1.90b3i 64-bit (18 Mar 2015)
13 arguments: --allow-extra-chr --allow-no-sex --autosome-num 50 --bfile miss_final --family --keep-cluster-names 8 --make-bed --out fam_8 --write-snplist
Hostname: ipseg-ubuntu
Working directory: /home/ipseg/Desktop/waples/chum_populations/data/batch_3/work
Start time: Fri Mar 27 14:14:49 2015

Random number seed: 1427490889
32127 MB RAM detected; reserving 16063 MB for main workspace.
26183 variants loaded from .bim file.
173 samples (0 males, 0 females, 173 ambiguous) loaded from .fam.
Ambiguous sex IDs written to fam_8.nosex .
--family: 1 cluster defined.
165 samples removed by cluster filter(s).
Using 1 thread (no multithreaded calculations invoked).
Before main variant filters, 8 founders and 0 nonfounders present.
Calculating allele frequencies... done.
Total genotyping rate in remaining samples is 0.932155.
26183 variants and 8 samples pass filters and QC.
Note: No phenotypes present.
List of variant IDs written to fam_8.snplist .
--make-bed to fam_8.bed + fam_8.bim + fam_8.fam ... done.

End time: Fri Mar 27 14:14:49 2015
