PLINK v1.90b3i 64-bit (18 Mar 2015)
10 arguments: --allow-extra-chr --allow-no-sex --bfile miss_final --family --keep-cluster-names 7 --make-bed --out fam_7
Hostname: ipseg-ubuntu
Working directory: /home/ipseg/Desktop/waples/chum_populations/data/batch_3/work
Start time: Wed Mar 25 18:26:57 2015

Random number seed: 1427333217
32127 MB RAM detected; reserving 16063 MB for main workspace.
26183 variants loaded from .bim file.
173 people (0 males, 0 females, 173 ambiguous) loaded from .fam.
Ambiguous sex IDs written to fam_7.nosex .
--family: 1 cluster defined.
159 people removed by cluster filter(s).
Using 1 thread (no multithreaded calculations invoked).
Before main variant filters, 14 founders and 0 nonfounders present.
Calculating allele frequencies... done.
Total genotyping rate in remaining samples is 0.943974.
26183 variants and 14 people pass filters and QC.
Note: No phenotypes present.
--make-bed to fam_7.bed + fam_7.bim + fam_7.fam ... done.

End time: Wed Mar 25 18:26:57 2015
