PLINK v1.90b3i 64-bit (18 Mar 2015)
14 arguments: --allow-extra-chr --allow-no-sex --autosome-num 50 --bfile fam_9 --hardy midp --hwe 0.05 midp --out fam_9.hwe --write-snplist
Hostname: ipseg-ubuntu
Working directory: /home/ipseg/Desktop/waples/chum_populations/data/batch_3/work
Start time: Fri Mar 27 14:14:52 2015

Random number seed: 1427490892
32127 MB RAM detected; reserving 16063 MB for main workspace.
26183 variants loaded from .bim file.
13 samples (0 males, 0 females, 13 ambiguous) loaded from .fam.
Ambiguous sex IDs written to fam_9.hwe.nosex .
Using 1 thread (no multithreaded calculations invoked).
Before main variant filters, 13 founders and 0 nonfounders present.
Calculating allele frequencies... done.
Total genotyping rate is 0.914325.
--hardy: Writing Hardy-Weinberg report (founders only) to fam_9.hwe.hwe ...
done.
Warning: --hwe observation counts vary by more than 10%.  Consider using
--geno, and/or applying different p-value thresholds to distinct subsets of
your data.
--hwe: 6722 variants removed due to Hardy-Weinberg exact test.
19461 variants and 13 samples pass filters and QC.
Note: No phenotypes present.
List of variant IDs written to fam_9.hwe.snplist .

End time: Fri Mar 27 14:14:52 2015
