PLINK v1.90b3i 64-bit (18 Mar 2015)
12 arguments: --allow-extra-chr --allow-no-sex --bfile fam_7 --hardy midp --hwe 0.05 midp --out fam_7.hwe --write-snplist
Hostname: ipseg-ubuntu
Working directory: /home/ipseg/Desktop/waples/chum_populations/data/batch_3/work
Start time: Wed Mar 25 18:26:59 2015

Random number seed: 1427333219
32127 MB RAM detected; reserving 16063 MB for main workspace.
26183 variants loaded from .bim file.
14 people (0 males, 0 females, 14 ambiguous) loaded from .fam.
Ambiguous sex IDs written to fam_7.hwe.nosex .
Using 1 thread (no multithreaded calculations invoked).
Before main variant filters, 14 founders and 0 nonfounders present.
Calculating allele frequencies... done.
Total genotyping rate is 0.943974.
--hardy: Writing Hardy-Weinberg report (founders only) to fam_7.hwe.hwe ...
done.
Warning: --hwe observation counts vary by more than 10%.  Consider using
--geno, and/or applying different p-value thresholds to distinct subsets of
your data.
--hwe: 6674 variants removed due to Hardy-Weinberg exact test.
19509 variants and 14 people pass filters and QC.
Note: No phenotypes present.
List of variant IDs written to fam_7.hwe.snplist .

End time: Wed Mar 25 18:26:59 2015
