PLINK v1.90b3i 64-bit (18 Mar 2015)
9 arguments: --allow-extra-chr --allow-no-sex --bfile fam_3 --maf 0.05 --out fam_3.maf --write-snplist
Hostname: ipseg-ubuntu
Working directory: /home/ipseg/Desktop/waples/chum_populations/data/batch_3/work
Start time: Wed Mar 25 18:26:59 2015

Random number seed: 1427333219
32127 MB RAM detected; reserving 16063 MB for main workspace.
26183 variants loaded from .bim file.
20 people (0 males, 0 females, 20 ambiguous) loaded from .fam.
Ambiguous sex IDs written to fam_3.maf.nosex .
Using 1 thread (no multithreaded calculations invoked).
Before main variant filters, 20 founders and 0 nonfounders present.
Calculating allele frequencies... done.
Total genotyping rate is 0.983277.
1452 variants removed due to minor allele threshold(s)
(--maf/--max-maf/--mac/--max-mac).
24731 variants and 20 people pass filters and QC.
Note: No phenotypes present.
List of variant IDs written to fam_3.maf.snplist .

End time: Wed Mar 25 18:26:59 2015
