PLINK v1.90b3i 64-bit (18 Mar 2015)
9 arguments: --allow-extra-chr --allow-no-sex --bfile fam_6 --maf 0.05 --out fam_6.maf --write-snplist
Hostname: ipseg-ubuntu
Working directory: /home/ipseg/Desktop/waples/chum_populations/data/batch_3/work
Start time: Wed Mar 25 18:27:00 2015

Random number seed: 1427333220
32127 MB RAM detected; reserving 16063 MB for main workspace.
26183 variants loaded from .bim file.
10 people (0 males, 0 females, 10 ambiguous) loaded from .fam.
Ambiguous sex IDs written to fam_6.maf.nosex .
Using 1 thread (no multithreaded calculations invoked).
Before main variant filters, 10 founders and 0 nonfounders present.
Calculating allele frequencies... done.
Total genotyping rate is 0.9782.
1768 variants removed due to minor allele threshold(s)
(--maf/--max-maf/--mac/--max-mac).
24415 variants and 10 people pass filters and QC.
Note: No phenotypes present.
List of variant IDs written to fam_6.maf.snplist .

End time: Wed Mar 25 18:27:00 2015
