PLINK v1.90b3i 64-bit (18 Mar 2015)
9 arguments: --allow-extra-chr --allow-no-sex --bfile filter_pops --make-bed --mind 0.25 --out filter_inds
Hostname: ipseg-ubuntu
Working directory: /home/ipseg/Desktop/waples/chum_populations/data/batch_3/work
Start time: Wed Mar 25 18:26:56 2015

Random number seed: 1427333216
32127 MB RAM detected; reserving 16063 MB for main workspace.
26183 variants loaded from .bim file.
200 people (0 males, 0 females, 200 ambiguous) loaded from .fam.
Ambiguous sex IDs written to filter_inds.nosex .
27 people removed due to missing genotype data (--mind).
IDs written to filter_inds.irem .
Using 1 thread (no multithreaded calculations invoked).
Before main variant filters, 173 founders and 0 nonfounders present.
Calculating allele frequencies... done.
Total genotyping rate in remaining samples is 0.947508.
26183 variants and 173 people pass filters and QC.
Note: No phenotypes present.
--make-bed to filter_inds.bed + filter_inds.bim + filter_inds.fam ... done.

End time: Wed Mar 25 18:26:56 2015
