PLINK v1.90b3i 64-bit (18 Mar 2015)
12 arguments: --allow-extra-chr --allow-no-sex --autosome-num 50 --bfile filter_MAF --extract passing_HWE.snplist --make-bed --out filter_HWE --write-snplist
Hostname: ipseg-ubuntu
Working directory: /home/ipseg/Desktop/waples/chum_populations/data/batch_3/work
Start time: Fri Mar 27 14:17:11 2015

Random number seed: 1427491031
32127 MB RAM detected; reserving 16063 MB for main workspace.
26183 variants loaded from .bim file.
173 samples (0 males, 0 females, 173 ambiguous) loaded from .fam.
Ambiguous sex IDs written to filter_HWE.nosex .
--extract: 20308 variants remaining.
Using 1 thread (no multithreaded calculations invoked).
Before main variant filters, 173 founders and 0 nonfounders present.
Calculating allele frequencies... done.
Total genotyping rate is 0.942372.
20308 variants and 173 samples pass filters and QC.
Note: No phenotypes present.
List of variant IDs written to filter_HWE.snplist .
--make-bed to filter_HWE.bed + filter_HWE.bim + filter_HWE.fam ... done.

End time: Fri Mar 27 14:17:11 2015
