PLINK v1.90b3i 64-bit (18 Mar 2015)
19 arguments: --allow-extra-chr --allow-no-sex --family --file batch_3.plink --keep-cluster-names 1 2 3 4 5 6 7 8 9 10 --make-bed --out filter_pops
Hostname: ipseg-ubuntu
Working directory: /home/ipseg/Desktop/waples/chum_populations/data/batch_3/work
Start time: Wed Mar 25 18:26:56 2015

Random number seed: 1427333216
32127 MB RAM detected; reserving 16063 MB for main workspace.
Scanning .ped file... done.
Performing single-pass .bed write (26183 variants, 200 people).
--file: filter_pops-temporary.bed + filter_pops-temporary.bim +
filter_pops-temporary.fam written.
26183 variants loaded from .bim file.
200 people (0 males, 0 females, 200 ambiguous) loaded from .fam.
Ambiguous sex IDs written to filter_pops.nosex .
--family: 10 clusters defined.
Using 1 thread (no multithreaded calculations invoked).
Before main variant filters, 200 founders and 0 nonfounders present.
Calculating allele frequencies... done.
Total genotyping rate is 0.884981.
26183 variants and 200 people pass filters and QC.
Note: No phenotypes present.
--make-bed to filter_pops.bed + filter_pops.bim + filter_pops.fam ... done.

End time: Wed Mar 25 18:26:56 2015
