0->0 : 0
0->1 : 0
0->2 : 0
       Error rate = 0.0
1->0 : 0
1->1 : 0
1->2 : 0
       Error rate = 0.0
2->0 : 0
2->1 : 0
2->2 : 0
       Error rate = 0.0
0,2->0,2 : 1181913
  0,2->1 : 0
1,2->1,2 : 0
  1,2->0 : 0
       Error rate = 0.0
Maternally informative markers = 0 (of 10219)
Paternally informative markers = 10219
Maternally or paternally informative markers = 10219
Removed 0 children
Removed 0 markers
Number of LGs = 45
***Family = fam_08 chromosome = 41 numMarkers = 5 maternal informative markers 0 (paternal informative markers 5)
***Family = fam_01 chromosome = 41 numMarkers = 5 maternal informative markers 0 (paternal informative markers 5)
***Family = fam_09 chromosome = 41 numMarkers = 5 maternal informative markers 0 (paternal informative markers 5)
5->4
4->4
All pairs
join 1 and 3 score = 0.0 sizes 1,1
join 1 and 2 score = 0.0 sizes 2,1
join 0 and 2 score = 0.016666666666666666 sizes 1,3
score = 0.016666666666666666
improvementE1 : -22.065048651516264
improvementE2 : -21.98439488552028
improvementE2 : -21.96954937859766
logL = -21.82876197526979
Removing 0 markers
Second round
improvementE1 : -21.964589512230457
