0->0 : 0
0->1 : 0
0->2 : 0
       Error rate = 0.0
1->0 : 0
1->1 : 0
1->2 : 0
       Error rate = 0.0
2->0 : 0
2->1 : 0
2->2 : 0
       Error rate = 0.0
0,2->0,2 : 1181913
  0,2->1 : 0
1,2->1,2 : 0
  1,2->0 : 0
       Error rate = 0.0
Maternally informative markers = 0 (of 10219)
Paternally informative markers = 10219
Maternally or paternally informative markers = 10219
Removed 0 children
Removed 0 markers
Number of LGs = 45
***Family = fam_08 chromosome = 12 numMarkers = 231 maternal informative markers 0 (paternal informative markers 231)
***Family = fam_01 chromosome = 12 numMarkers = 231 maternal informative markers 0 (paternal informative markers 231)
***Family = fam_09 chromosome = 12 numMarkers = 231 maternal informative markers 0 (paternal informative markers 231)
231->207
207->207
All pairs
join 21 and 164 score = 0.0 sizes 1,1
join 173 and 180 score = 0.0 sizes 1,1
join 61 and 203 score = 0.0 sizes 1,1
join 118 and 119 score = 0.0 sizes 1,1
join 95 and 144 score = 0.0 sizes 1,1
join 95 and 124 score = 0.0 sizes 2,1
join 29 and 124 score = 0.0 sizes 1,3
join 0 and 21 score = 0.0 sizes 1,2
join 57 and 164 score = 0.0 sizes 1,3
join 18 and 128 score = 0.0 sizes 1,1
join 84 and 129 score = 0.0 sizes 1,1
join 76 and 182 score = 0.0 sizes 1,1
join 4 and 158 score = 0.0 sizes 1,1
join 112 and 156 score = 0.0 sizes 1,1
join 15 and 112 score = 0.0 sizes 1,2
join 15 and 57 score = 0.0 sizes 3,4
join 0 and 104 score = 0.0 sizes 7,1
join 18 and 156 score = 0.0 sizes 2,8
join 45 and 51 score = 0.0 sizes 1,1
join 7 and 29 score = 0.0 sizes 1,4
join 7 and 200 score = 0.0 sizes 5,1
join 28 and 144 score = 0.0 sizes 1,6
join 94 and 160 score = 0.0 sizes 1,1
join 160 and 185 score = 0.0 sizes 2,1
join 38 and 63 score = 0.0 sizes 1,1
join 120 and 189 score = 0.0 sizes 1,1
join 2 and 204 score = 0.0 sizes 1,1
join 2 and 172 score = 0.0 sizes 2,1
join 32 and 70 score = 0.0 sizes 1,1
join 67 and 86 score = 0.0 sizes 1,1
join 67 and 203 score = 0.0 sizes 2,2
join 86 and 87 score = 0.0 sizes 4,1
join 31 and 104 score = 0.0 sizes 1,10
join 154 and 183 score = 0.0 sizes 1,1
join 183 and 199 score = 0.0 sizes 2,1
join 63 and 90 score = 0.0 sizes 2,1
join 5 and 23 score = 0.0 sizes 1,1
join 23 and 76 score = 0.0 sizes 2,2
join 42 and 159 score = 0.0 sizes 1,1
join 134 and 185 score = 0.0 sizes 1,3
join 108 and 134 score = 0.0 sizes 1,4
join 128 and 137 score = 0.0 sizes 11,1
join 31 and 102 score = 0.0 sizes 12,1
join 48 and 137 score = 0.0 sizes 1,13
join 60 and 172 score = 0.0 sizes 1,3
join 39 and 204 score = 0.0 sizes 1,4
join 11 and 142 score = 0.0 sizes 1,1
join 48 and 142 score = 0.0 sizes 14,2
join 158 and 170 score = 0.0 sizes 2,1
join 28 and 94 score = 0.0 sizes 7,5
join 42 and 200 score = 0.0 sizes 2,12
join 82 and 159 score = 0.0 sizes 1,14
join 93 and 133 score = 0.0 sizes 1,1
join 39 and 133 score = 0.0 sizes 5,2
join 111 and 202 score = 0.0 sizes 1,1
join 196 and 202 score = 0.0 sizes 1,2
join 111 and 194 score = 0.0 sizes 3,1
join 146 and 169 score = 0.0 sizes 1,1
join 87 and 170 score = 0.0 sizes 5,3
join 46 and 61 score = 0.0 sizes 1,8
join 98 and 152 score = 0.0 sizes 1,1
join 84 and 145 score = 0.0 sizes 2,1
join 81 and 136 score = 0.0 sizes 1,1
join 141 and 166 score = 0.0 sizes 1,1
join 108 and 141 score = 0.0 sizes 15,2
join 82 and 161 score = 0.0 sizes 17,1
join 46 and 127 score = 0.0 sizes 9,1
join 49 and 55 score = 0.0 sizes 1,1
join 176 and 189 score = 0.0 sizes 1,2
join 146 and 196 score = 0.0 sizes 2,4
join 81 and 138 score = 0.0 sizes 2,1
join 114 and 161 score = 0.0 sizes 1,18
join 130 and 182 score = 0.0 sizes 1,4
join 99 and 130 score = 0.0 sizes 1,5
join 55 and 77 score = 0.0 sizes 2,1
join 175 and 201 score = 0.0 sizes 1,1
join 191 and 197 score = 0.0 sizes 1,1
join 135 and 194 score = 0.0 sizes 1,6
join 38 and 75 score = 0.0 sizes 3,1
join 90 and 191 score = 0.0 sizes 4,2
join 32 and 177 score = 0.0 sizes 2,1
join 89 and 115 score = 0.0 sizes 1,1
join 171 and 199 score = 0.0 sizes 1,3
join 24 and 153 score = 0.0 sizes 1,1
join 129 and 149 score = 0.0 sizes 3,1
join 1 and 118 score = 0.0 sizes 1,2
join 119 and 206 score = 0.0 sizes 3,1
join 125 and 154 score = 0.0 sizes 1,4
join 107 and 138 score = 0.0 sizes 1,3
join 47 and 135 score = 0.0 sizes 1,7
join 79 and 165 score = 0.0 sizes 1,1
join 66 and 165 score = 0.0 sizes 1,2
join 69 and 163 score = 0.0 sizes 1,1
join 65 and 92 score = 0.0 sizes 1,1
join 66 and 110 score = 0.0 sizes 3,1
join 147 and 166 score = 0.0 sizes 1,19
join 53 and 102 score = 0.0 sizes 1,16
join 91 and 99 score = 0.0 sizes 1,6
join 88 and 91 score = 0.0 sizes 1,7
join 52 and 121 score = 0.0 sizes 1,1
join 37 and 157 score = 0.0 sizes 1,1
join 22 and 113 score = 0.0 sizes 1,1
join 50 and 122 score = 0.0 sizes 1,1
join 4 and 155 score = 0.0 sizes 10,1
join 93 and 115 score = 0.005952380952380952 sizes 7,2
join 52 and 192 score = 0.0 sizes 2,1
join 24 and 123 score = 0.0 sizes 2,1
join 20 and 153 score = 0.0 sizes 1,3
join 110 and 177 score = 0.006666666666666667 sizes 4,3
join 101 and 180 score = 0.0 sizes 1,2
join 3 and 173 score = 0.0 sizes 1,3
join 96 and 106 score = 0.0 sizes 1,1
join 10 and 120 score = 0.005434782608695652 sizes 1,3
join 27 and 97 score = 0.0 sizes 1,1
join 139 and 157 score = 0.0 sizes 1,2
join 11 and 44 score = 0.007142857142857143 sizes 17,1
join 19 and 168 score = 0.006172839506172839 sizes 1,1
join 19 and 75 score = 0.006172839506172839 sizes 2,6
join 25 and 80 score = 0.0 sizes 1,1
join 58 and 139 score = 0.0 sizes 1,3
join 14 and 37 score = 0.0 sizes 1,4
join 109 and 176 score = 0.006944444444444444 sizes 1,4
join 70 and 169 score = 0.006329113924050633 sizes 7,8
join 123 and 140 score = 0.0 sizes 4,1
join 71 and 88 score = 0.0 sizes 1,8
join 71 and 198 score = 0.0 sizes 9,1
join 43 and 78 score = 0.0 sizes 1,1
join 143 and 192 score = 0.0 sizes 1,3
join 12 and 143 score = 0.0 sizes 1,4
join 74 and 184 score = 0.0 sizes 1,1
All pairs
join 16 and 77 score = 0.0 sizes 1,3
join 80 and 178 score = 0.006993006993006993 sizes 2,1
join 148 and 197 score = 0.0 sizes 1,8
join 9 and 201 score = 0.00975609756097561 sizes 1,2
join 64 and 98 score = 0.0 sizes 1,2
join 40 and 184 score = 0.0 sizes 1,2
join 74 and 79 score = 0.0 sizes 3,15
join 43 and 148 score = 0.0 sizes 2,9
join 114 and 121 score = 0.0 sizes 20,5
join 30 and 72 score = 0.0 sizes 1,1
join 167 and 195 score = 0.0 sizes 1,1
join 60 and 151 score = 0.0 sizes 9,1
join 56 and 147 score = 0.0 sizes 1,25
join 105 and 117 score = 0.0 sizes 1,1
join 17 and 41 score = 0.0 sizes 1,1
join 17 and 101 score = 0.0 sizes 2,4
join 40 and 100 score = 0.0 sizes 18,1
join 68 and 140 score = 0.0 sizes 1,5
join 34 and 179 score = 0.006369426751592357 sizes 1,1
join 8 and 41 score = 0.0 sizes 1,6
join 8 and 113 score = 0.013071895424836602 sizes 7,2
join 92 and 107 score = 0.012269938650306749 sizes 2,4
join 64 and 72 score = 0.0 sizes 3,2
join 30 and 54 score = 0.0 sizes 5,1
join 26 and 155 score = 0.0 sizes 1,11
join 26 and 181 score = 0.0 sizes 12,1
join 168 and 178 score = 0.012269938650306749 sizes 11,3
join 69 and 205 score = 0.012195121951219513 sizes 2,1
join 3 and 205 score = 0.0 sizes 9,3
join 27 and 49 score = 0.01694915254237288 sizes 2,4
join 20 and 206 score = 0.012903225806451613 sizes 6,4
join 78 and 167 score = 0.0 sizes 14,2
join 65 and 174 score = 0.018518518518518517 sizes 6,1
join 116 and 174 score = 0.0 sizes 1,7
join 100 and 116 score = 0.0 sizes 19,8
join 50 and 89 score = 0.020833333333333332 sizes 2,10
join 83 and 187 score = 0.0 sizes 1,1
join 22 and 152 score = 0.0136986301369863 sizes 12,6
join 149 and 175 score = 0.018404907975460124 sizes 4,3
join 13 and 59 score = 0.0 sizes 1,1
join 59 and 85 score = 0.0 sizes 2,1
join 47 and 127 score = 0.015873015873015872 sizes 27,13
join 34 and 181 score = 0.0 sizes 2,40
join 5 and 6 score = 0.012195121951219513 sizes 10,1
join 10 and 105 score = 0.0 sizes 5,2
join 171 and 188 score = 0.0 sizes 5,1
join 1 and 96 score = 0.026845637583892617 sizes 10,2
join 103 and 109 score = 0.02 sizes 1,7
join 83 and 151 score = 0.0 sizes 2,12
join 33 and 35 score = 0.0 sizes 1,1
join 9 and 122 score = 0.028735632183908046 sizes 7,14
join 106 and 190 score = 0.0 sizes 12,1
join 6 and 103 score = 0.03592814371257485 sizes 11,8
join 126 and 198 score = 0.03125 sizes 1,19
join 25 and 97 score = 0.031007751937984496 sizes 16,6
join 44 and 58 score = 0.0 sizes 18,5
join 136 and 145 score = 0.037037037037037035 sizes 42,21
join 33 and 179 score = 0.04294478527607362 sizes 2,63
join 13 and 45 score = 0.041666666666666664 sizes 3,2
join 36 and 131 score = 0.04054054054054054 sizes 1,1
join 117 and 190 score = 0.034482758620689655 sizes 20,13
join 125 and 163 score = 0.0425531914893617 sizes 6,18
join 188 and 193 score = 0.03333333333333333 sizes 24,1
join 36 and 187 score = 0.04938271604938271 sizes 2,65
join 132 and 186 score = 0.041916167664670656 sizes 1,1
join 73 and 132 score = 0.041666666666666664 sizes 1,2
join 16 and 56 score = 0.03225806451612903 sizes 22,26
join 126 and 150 score = 0.06451612903225806 sizes 33,1
join 51 and 195 score = 0.07692307692307693 sizes 5,48
join 62 and 162 score = 0.03225806451612903 sizes 1,1
join 62 and 150 score = 0.06451612903225806 sizes 2,34
join 35 and 54 score = 0.06666666666666667 sizes 67,25
All pairs
join 12 and 14 score = 0.08333333333333333 sizes 53,23
join 73 and 131 score = 0.1554054054054054 sizes 3,92
join 85 and 162 score = 0.0 sizes 76,36
join 53 and 193 score = 0.0 sizes 112,95
score = 1.4082851550590827
improvementE3 : -796.580273760467
improvementE2 : -796.4527395625471
improvementE3 : -796.4513242415908
improvementE2 : -744.7136206025809
improvementE3 : -744.7115439264949
improvementE3 : -744.7107824501755
improvementE1 : -744.7107679199976
improvementE1 : -742.8542170552965
improvementE2 : -742.8541918473253
improvementE3 : -742.8527992617451
improvementE2 : -742.8490042992528
improvementE2 : -742.8446861545441
improvementE2 : -742.8439708586809
improvementE1 : -742.8436883330007
improvementE1 : -742.843461026188
improvementE3 : -742.843167504357
improvementE2 : -742.8426310972721
improvementE1 : -742.3258460191771
improvementE3 : -742.3256390802361
improvementE3 : -742.3241360786278
improvementE1 : -742.3241286185863
improvementE1 : -742.3231118585741
improvementE1 : -742.3230712665702
improvementE1 : -742.3229670616402
improvementE1 : -742.3195235035878
improvementE1 : -742.3192065781652
improvementE3 : -742.3192031987359
improvementE2 : -742.3151712052103
improvementE2 : -742.314539291132
improvementE1 : -742.3093274852461
improvementE3 : -742.3093260633343
improvementE3 : -742.2157871641194
improvementE1 : -742.2118263418238
improvementE2 : -735.769254420413
improvementE1 : -735.7691644544262
improvementE2 : -730.5152511534269
improvementE1 : -730.5151956880151
improvementE1 : -730.5151934317631
improvementE3 : -728.5973164009935
improvementE1 : -728.5971734788311
improvementE1 : -728.5971458707917
improvementE3 : -728.5965275416617
improvementE1 : -728.5783273209362
improvementE3 : -721.1562326508714
improvementE2 : -721.1559121916812
improvementE2 : -721.1553522515924
improvementE3 : -721.1506723908868
improvementE2 : -721.0932392385151
improvementE1 : -721.089438190559
improvementE2 : -721.089433681054
improvementE1 : -720.1177671427879
improvementE3 : -720.1177184347533
improvementE2 : -719.7556007153269
improvementE3 : -719.7555734361966
improvementE2 : -719.7555696179867
improvementE1 : -715.9607488171216
improvementE2 : -715.9562540330749
improvementE2 : -715.9561249749706
improvementE2 : -715.9552228984336
improvementE1 : -715.9552044213043
improvementE3 : -715.9547657650334
improvementE2 : -715.9547378174661
improvementE2 : -715.9547357419824
improvementE1 : -715.9519133377686
improvementE2 : -715.9006932319493
improvementE2 : -715.900500026458
improvementE1 : -715.8092580782529
improvementE1 : -715.7735650046106
improvementE1 : -715.6235133953211
improvementE3 : -715.5562057351536
improvementE2 : -715.5560379695564
improvementE3 : -715.5558569795317
improvementE2 : -715.554580697936
improvementE3 : -715.5545758659584
improvementE1 : -715.5540847788322
improvementE3 : -715.5540208341187
improvementE3 : -715.5540137711862
improvementE3 : -715.5529554635665
improvementE1 : -715.5526896057427
improvementE1 : -715.5526869886361
improvementE2 : -715.5526722345394
improvementE3 : -715.548997300006
improvementE1 : -715.5484311088402
improvementE2 : -715.5242207895373
improvementE3 : -715.5241419072966
improvementE1 : -715.2892636511183
improvementE3 : -715.2875573778082
improvementE1 : -715.2874695868054
improvementE1 : -715.2872259197055
improvementE2 : -715.2482254340529
improvementE1 : -715.248208718452
improvementE3 : -715.248017980233
improvementE2 : -715.210999373418
improvementE1 : -715.2036482067845
improvementE2 : -715.2036401649544
improvementE3 : -715.2036383757102
improvementE3 : -714.9154827735368
improvementE2 : -714.9149695113595
improvementE3 : -714.914883857006
improvementE2 : -714.8900697006558
improvementE3 : -714.8900644745796
improvementE3 : -714.8899986819341
improvementE1 : -714.2139604706992
improvementE2 : -714.2023232660765
improvementE3 : -714.2023216377942
improvementE3 : -714.1994481586395
improvementE2 : -714.1978505206172
improvementE2 : -714.1967753278486
improvementE1 : -714.1967615483517
improvementE1 : -714.1857850690674
improvementE1 : -714.1160243940886
improvementE1 : -714.1045720609749
improvementE1 : -714.1038665370677
improvementE1 : -714.1038332851489
improvementE1 : -714.058117774082
improvementE1 : -714.0439435215233
improvementE1 : -714.0439198551984
improvementE1 : -714.0426362364776
improvementE3 : -713.1519975875298
improvementE3 : -713.1519905198793
improvementE2 : -713.1399896717111
improvementE3 : -713.1394384363407
improvementE3 : -713.1394374318718
improvementE3 : -713.1392965744931
improvementE3 : -713.1389764820565
improvementE1 : -713.132517417679
improvementE2 : -712.8282188908986
improvementE2 : -712.8280676420103
improvementE2 : -712.828066107316
improvementE1 : -712.8235492011445
improvementE1 : -712.8234378461896
improvementE3 : -712.822890976812
improvementE1 : -711.0133623976598
improvementE2 : -711.0133601940373
improvementE3 : -710.6971070310906
improvementE2 : -710.6971051331568
improvementE3 : -710.696209017954
improvementE3 : -710.6949803328605
improvementE2 : -710.6947832096262
improvementE2 : -710.6947705866838
improvementE1 : -710.6879134290559
improvementE3 : -710.6870180171476
improvementE1 : -710.6866621650255
improvementE1 : -710.6864660552977
improvementE2 : -710.6813455565795
improvementE3 : -710.6168113659458
improvementE3 : -710.6158847582283
improvementE3 : -710.6158556129342
improvementE1 : -710.614706933678
improvementE2 : -710.6146619913976
improvementE2 : -710.60829897153
improvementE1 : -710.6077119812082
improvementE2 : -710.5826936066289
improvementE2 : -710.5822578174849
improvementE3 : -710.5135189223807
improvementE1 : -710.513447826224
improvementE3 : -710.5134418830008
improvementE1 : -710.5122006141031
improvementE3 : -710.5121784222841
improvementE3 : -710.5121602585969
improvementE3 : -710.5121414502651
improvementE2 : -710.5120890104495
improvementE1 : -710.512060534185
improvementE3 : -710.5118950222795
improvementE2 : -710.5118736993651
improvementE3 : -710.4933665016454
improvementE2 : -710.4930699949426
improvementE1 : -710.491929817241
improvementE2 : -710.4919186897154
improvementE3 : -710.491261060756
improvementE1 : -710.4912438879126
improvementE3 : -710.4911954715963
improvementE2 : -710.4911928896747
improvementE3 : -710.4911654816277
improvementE3 : -710.4911513732216
improvementE1 : -710.4901618284297
improvementE2 : -710.4893593800042
improvementE3 : -710.4893534967005
improvementE3 : -710.484064915228
improvementE3 : -710.4840599522506
improvementE1 : -710.4840460808786
improvementE1 : -710.4840155665428
improvementE2 : -710.4840121406443
improvementE3 : -705.9544089733699
improvementE3 : -705.954407437463
improvementE1 : -705.9544040440628
improvementE3 : -705.8768407319421
improvementE3 : -705.8768374269937
improvementE3 : -705.8219226419658
improvementE1 : -705.7844980325117
improvementE2 : -705.7840568259211
improvementE3 : -705.7839368995011
improvementE1 : -705.7837851575825
improvementE3 : -705.7828115499431
improvementE2 : -705.7692411297389
improvementE3 : -705.7692148366857
improvementE3 : -705.7595868480794
improvementE1 : -703.0484418521542
improvementE1 : -703.0482175575482
improvementE3 : -702.7844873876097
improvementE3 : -702.7802923540875
improvementE2 : -701.8019079385122
improvementE1 : -701.793207498034
improvementE2 : -701.7931233899667
improvementE3 : -701.7930640661388
improvementE2 : -701.7930620585763
improvementE2 : -701.7919061121131
improvementE3 : -701.7917804375955
improvementE1 : -701.7851875766743
improvementE3 : -701.785183251205
improvementE3 : -701.78478273972
improvementE2 : -701.7796043710485
improvementE3 : -701.7792686232707
improvementE1 : -701.7792263373118
improvementE3 : -701.7792213301733
improvementE3 : -701.7792180058957
improvementE3 : -701.779077234783
improvementE1 : -701.7246693272717
improvementE2 : -701.7241593960346
improvementE2 : -701.7241516102015
improvementE3 : -701.724144810593
improvementE3 : -701.7240686914797
improvementE3 : -699.5915471687779
improvementE1 : -699.5915450584732
improvementE1 : -699.591543148325
improvementE1 : -699.5674361734679
improvementE1 : -699.5674037352378
improvementE1 : -699.5643247438044
improvementE3 : -699.564316344755
improvementE2 : -699.5642415648803
improvementE2 : -695.959828870767
improvementE3 : -695.9595930369421
improvementE3 : -695.9595589402752
improvementE1 : -695.9595576807944
improvementE2 : -695.9595359410379
improvementE2 : -695.9595346557933
improvementE3 : -695.9417557726708
improvementE3 : -695.9408518977997
improvementE2 : -695.9381080989415
improvementE3 : -695.9381064957955
improvementE3 : -695.9379657182684
improvementE2 : -695.9349243247996
improvementE2 : -695.9349046549837
improvementE1 : -695.9349033257299
improvementE3 : -695.9272177714779
improvementE2 : -695.9272137897495
improvementE1 : -695.9270486893605
improvementE3 : -695.9270326883718
improvementE1 : -695.9211069735519
improvementE3 : -695.9210950084506
improvementE2 : -695.9209022829458
improvementE2 : -695.9208989749211
improvementE2 : -695.9158313421184
improvementE3 : -695.9092332050268
improvementE2 : -695.7816221067937
improvementE3 : -695.7816034961605
improvementE3 : -695.7815878840727
improvementE3 : -695.7815518854409
improvementE1 : -695.7815446404774
improvementE2 : -695.7791260638244
improvementE3 : -695.7791173879795
improvementE3 : -695.7791137137791
improvementE3 : -695.7781354577354
improvementE1 : -695.7781274957301
improvementE1 : -695.77812405814
improvementE2 : -695.7778270643803
improvementE3 : -695.7775884766603
improvementE3 : -695.7775823592679
improvementE1 : -695.7775813422373
improvementE2 : -695.777536824309
improvementE2 : -695.7775180142236
improvementE2 : -695.7775159305953
improvementE1 : -695.7774252596814
improvementE3 : -695.776559872501
improvementE2 : -695.7751455723547
improvementE1 : -695.7751300100722
improvementE2 : -695.7750342440755
improvementE2 : -695.7749661245911
improvementE1 : -695.7749368022509
improvementE2 : -695.7735540187718
improvementE2 : -695.7735446349167
improvementE2 : -695.7718960968167
improvementE3 : -695.7701684756805
improvementE3 : -695.7701546150869
improvementE3 : -695.7701442030533
improvementE3 : -695.7701209869533
improvementE3 : -695.7700212566324
improvementE1 : -695.770019828189
improvementE3 : -695.7700168217452
improvementE1 : -695.7699869983352
improvementE1 : -695.7699639914357
improvementE3 : -695.7699528006293
improvementE1 : -695.7699513747215
improvementE1 : -695.7699430240122
improvementE2 : -695.7604043869223
improvementE2 : -695.7603917071884
improvementE3 : -695.7603672077663
improvementE2 : -695.7603649915466
improvementE2 : -695.7603277574883
improvementE3 : -695.7603257110733
improvementE2 : -695.7603213722779
improvementE2 : -695.7602864604704
improvementE1 : -695.7602620802783
improvementE1 : -695.7602522638427
improvementE2 : -695.7602216444724
improvementE3 : -695.7602203938594
improvementE2 : -695.7602182857833
improvementE2 : -695.7601722625254
improvementE2 : -695.7601707918653
improvementE1 : -695.7601487063683
improvementE2 : -695.7601400812941
improvementE3 : -695.7601372151075
improvementE3 : -695.7601358415451
improvementE1 : -695.7601169443824
improvementE3 : -695.7601156715873
improvementE3 : -695.7600477092964
improvementE2 : -674.9108684366669
improvementE3 : -674.9108483887503
improvementE1 : -674.91083985381
improvementE3 : -674.9108386647152
improvementE2 : -674.8689836013458
improvementE1 : -674.8689791545376
improvementE3 : -660.3423759403881
improvementE1 : -660.342371729356
improvementE2 : -659.681735447052
improvementE2 : -659.6817334013127
improvementE3 : -659.522093272363
improvementE2 : -659.5220829774096
improvementE1 : -659.5220755005888
improvementE2 : -659.5220729622417
improvementE2 : -657.2396851664392
improvementE1 : -657.2325383781924
improvementE3 : -657.2325335922602
improvementE3 : -657.2324943716756
improvementE1 : -657.232491776582
improvementE3 : -657.2324788311325
improvementE1 : -657.2324627348826
improvementE2 : -657.232461430216
improvementE2 : -657.2319718190947
improvementE2 : -657.231969810315
improvementE1 : -657.2313023790123
improvementE2 : -654.3284279134604
improvementE2 : -654.3284251589401
improvementE2 : -654.3282713742319
improvementE3 : -654.3282702586996
improvementE3 : -654.3269642425954
improvementE1 : -652.447765754768
improvementE2 : -652.4419005781783
improvementE3 : -652.441894539115
improvementE3 : -652.4418759812888
improvementE1 : -652.3115668499022
improvementE2 : -652.3096996537048
improvementE1 : -652.3096902399025
improvementE3 : -652.3096188547527
improvementE3 : -650.0920311580461
improvementE2 : -650.060173666879
improvementE3 : -650.0555452513885
improvementE1 : -650.055509111267
improvementE3 : -650.0554920522877
improvementE1 : -650.0554877430178
improvementE1 : -650.0554836822307
improvementE2 : -650.0539623132595
improvementE2 : -650.0539581584663
logL = -6024.744613343377
Removing 0 markers
Second round
improvementE3 : -650.0539216611934
improvementE2 : -650.053920337401
improvementE2 : -641.905845667899
improvementE2 : -641.9058387081932
improvementE2 : -641.9058133228441
improvementE1 : -641.9053901797321
improvementE2 : -641.7168683539576
improvementE3 : -640.1185450781763
improvementE2 : -640.1163960942101
improvementE3 : -638.5782830662167
improvementE3 : -638.5782748727495
improvementE2 : -638.5774747515538
improvementE3 : -638.576234829407
improvementE3 : -638.437960971016
improvementE2 : -638.4376867469379
improvementE2 : -638.4368695258355
improvementE1 : -638.305177254025
improvementE2 : -638.2548248661748
improvementE3 : -636.4541731666005
improvementE3 : -636.4414289655502
improvementE3 : -636.4414189578767
improvementE2 : -636.2481468484381
improvementE1 : -636.2435675692856
improvementE2 : -635.6156041318684
improvementE3 : -635.6141956511655
improvementE1 : -635.5492273199532
improvementE3 : -635.5481495167107
improvementE1 : -635.5103832233772
improvementE3 : -635.5088117210565
improvementE2 : -635.5088053781002
improvementE1 : -635.4822432372571
improvementE3 : -629.3534826027038
improvementE3 : -629.3447613103598
improvementE2 : -629.3446235312042
improvementE3 : -629.3446133169176
improvementE3 : -629.3006868056189
improvementE3 : -629.300517235412
improvementE2 : -629.3002416353464
improvementE1 : -629.2950235179101
improvementE1 : -629.294278759035
improvementE1 : -628.180686838977
improvementE2 : -628.1804042661038
improvementE2 : -628.1803910856421
improvementE3 : -628.1802826251385
improvementE3 : -628.1802097528807
improvementE2 : -628.1799576105178
improvementE3 : -628.1794840412633
improvementE2 : -627.3427660637831
improvementE2 : -627.3416973494634
improvementE1 : -627.3416618260111
improvementE1 : -627.3416224280921
improvementE1 : -627.3415398740187
improvementE2 : -624.0798378612853
improvementE2 : -624.0797155092931
improvementE2 : -621.8547769845608
improvementE1 : -621.8507429493052
improvementE1 : -621.8506405905741
improvementE1 : -621.8396039169496
improvementE3 : -621.8382597412365
improvementE2 : -621.7924447632404
improvementE2 : -621.7923909640468
improvementE2 : -621.7870800854231
improvementE3 : -621.7868309117687
improvementE3 : -621.7868236902042
improvementE3 : -621.7864476374596
improvementE1 : -621.7863051126036
improvementE1 : -621.7771457042371
improvementE3 : -621.7768389361235
improvementE1 : -621.7684678922208
improvementE2 : -618.4804675734309
improvementE1 : -618.4804290318319
improvementE1 : -618.4760369459447
improvementE3 : -618.4755605962056
improvementE2 : -618.4234856364754
improvementE3 : -618.4233604263231
improvementE2 : -618.4191523147853
improvementE3 : -618.419130888304
improvementE2 : -618.419026246671
improvementE2 : -618.4185002626907
improvementE3 : -618.4183869084933
improvementE2 : -618.4180960615876
improvementE2 : -618.4180372909135
improvementE1 : -618.4180155168837
improvementE2 : -618.4179244806088
improvementE2 : -618.4176757469469
improvementE2 : -618.3236473480672
improvementE1 : -618.3231358695809
improvementE3 : -618.3231055160788
improvementE3 : -618.3230953430326
improvementE2 : -618.3230657565095
improvementE3 : -618.3221157982218
improvementE2 : -618.3221107001096
improvementE2 : -618.3221091469256
improvementE2 : -618.3220949917256
improvementE3 : -618.3220926264254
improvementE3 : -618.3220913800628
improvementE1 : -618.3220898830147
improvementE3 : -618.3220769121963
improvementE2 : -618.3220700421132
improvementE3 : -618.3220679487622
improvementE2 : -618.3220613741734
improvementE3 : -618.3220601912366
