0->0 : 0
0->1 : 0
0->2 : 0
       Error rate = 0.0
1->0 : 0
1->1 : 0
1->2 : 0
       Error rate = 0.0
2->0 : 0
2->1 : 0
2->2 : 0
       Error rate = 0.0
0,2->0,2 : 1181913
  0,2->1 : 0
1,2->1,2 : 0
  1,2->0 : 0
       Error rate = 0.0
Maternally informative markers = 0 (of 10219)
Paternally informative markers = 10219
Maternally or paternally informative markers = 10219
Removed 0 children
Removed 0 markers
Number of LGs = 45
***Family = fam_08 chromosome = 19 numMarkers = 231 maternal informative markers 0 (paternal informative markers 231)
***Family = fam_01 chromosome = 19 numMarkers = 231 maternal informative markers 0 (paternal informative markers 231)
***Family = fam_09 chromosome = 19 numMarkers = 231 maternal informative markers 0 (paternal informative markers 231)
231->164
164->164
All pairs
join 18 and 89 score = 0.0 sizes 1,1
join 18 and 84 score = 0.0 sizes 2,1
join 28 and 91 score = 0.0 sizes 1,1
join 53 and 133 score = 0.0 sizes 1,1
join 20 and 26 score = 0.0 sizes 1,1
join 20 and 144 score = 0.0 sizes 2,1
join 38 and 87 score = 0.0 sizes 1,1
join 38 and 131 score = 0.0 sizes 2,1
join 90 and 115 score = 0.0 sizes 1,1
join 6 and 14 score = 0.0 sizes 1,1
join 25 and 122 score = 0.0 sizes 1,1
join 30 and 40 score = 0.0 sizes 1,1
join 8 and 30 score = 0.0 sizes 1,2
join 7 and 51 score = 0.0 sizes 1,1
join 51 and 130 score = 0.0 sizes 2,1
join 28 and 49 score = 0.0 sizes 2,1
join 107 and 122 score = 0.0 sizes 1,2
join 25 and 84 score = 0.0 sizes 3,3
join 26 and 107 score = 0.0 sizes 3,6
join 130 and 144 score = 0.0 sizes 3,9
join 7 and 95 score = 0.0 sizes 12,1
join 89 and 131 score = 0.0 sizes 13,3
join 91 and 156 score = 0.0 sizes 3,1
join 8 and 93 score = 0.0 sizes 3,1
join 93 and 143 score = 0.0 sizes 4,1
join 29 and 109 score = 0.0 sizes 1,1
join 6 and 29 score = 0.0 sizes 2,2
join 109 and 158 score = 0.0 sizes 4,1
join 14 and 103 score = 0.0 sizes 5,1
join 17 and 132 score = 0.0 sizes 1,1
join 50 and 86 score = 0.0 sizes 1,1
join 55 and 121 score = 0.0 sizes 1,1
join 87 and 111 score = 0.0 sizes 16,1
join 35 and 111 score = 0.0 sizes 1,17
join 27 and 95 score = 0.0 sizes 1,18
join 10 and 103 score = 0.0 sizes 1,6
join 59 and 120 score = 0.0 sizes 1,1
join 53 and 96 score = 0.0 sizes 2,1
join 52 and 64 score = 0.0 sizes 1,1
join 52 and 72 score = 0.0 sizes 2,1
join 125 and 138 score = 0.0 sizes 1,1
join 81 and 163 score = 0.0 sizes 1,1
join 81 and 125 score = 0.0 sizes 2,2
join 126 and 163 score = 0.0 sizes 1,4
join 138 and 143 score = 0.0 sizes 5,5
join 10 and 24 score = 0.0 sizes 7,1
join 126 and 159 score = 0.0 sizes 10,1
join 46 and 153 score = 0.0 sizes 1,1
join 46 and 116 score = 0.0 sizes 2,1
join 39 and 71 score = 0.0 sizes 1,1
join 45 and 159 score = 0.0 sizes 1,11
join 45 and 66 score = 0.0 sizes 12,1
join 66 and 114 score = 0.0 sizes 13,1
join 92 and 114 score = 0.0 sizes 1,14
join 35 and 42 score = 0.0 sizes 19,1
join 42 and 112 score = 0.0 sizes 20,1
join 112 and 146 score = 0.0 sizes 21,1
join 64 and 65 score = 0.0 sizes 3,1
join 58 and 97 score = 0.0 sizes 1,1
join 31 and 58 score = 0.0 sizes 1,2
join 97 and 121 score = 0.0 sizes 3,2
join 90 and 158 score = 0.0 sizes 2,8
join 71 and 127 score = 0.0 sizes 2,1
join 124 and 134 score = 0.0 sizes 1,1
join 92 and 134 score = 0.0 sizes 15,2
join 0 and 24 score = 0.0 sizes 1,10
join 40 and 146 score = 0.0 sizes 17,22
join 65 and 68 score = 0.0 sizes 4,1
join 5 and 68 score = 0.0 sizes 1,5
join 72 and 77 score = 0.0 sizes 6,1
join 13 and 34 score = 0.0 sizes 1,1
join 50 and 116 score = 0.0 sizes 2,3
join 67 and 132 score = 0.0 sizes 1,2
join 67 and 117 score = 0.0 sizes 3,1
All pairs
join 1 and 147 score = 0.0 sizes 1,1
join 54 and 127 score = 0.0 sizes 1,3
join 60 and 88 score = 0.0 sizes 1,1
join 151 and 161 score = 0.0 sizes 1,1
join 102 and 156 score = 0.0 sizes 1,4
join 49 and 98 score = 0.0 sizes 5,1
join 82 and 129 score = 0.0 sizes 1,1
join 27 and 104 score = 0.0 sizes 39,1
join 105 and 153 score = 0.0 sizes 1,5
join 86 and 141 score = 0.0 sizes 6,1
join 9 and 148 score = 0.0 sizes 1,1
join 4 and 32 score = 0.0 sizes 1,1
join 32 and 36 score = 0.0 sizes 2,1
join 0 and 36 score = 0.0 sizes 11,3
join 85 and 105 score = 0.0 sizes 1,7
join 135 and 137 score = 0.0 sizes 1,1
join 78 and 102 score = 0.0 sizes 1,6
join 33 and 56 score = 0.0 sizes 1,1
join 33 and 137 score = 0.0 sizes 2,2
join 17 and 56 score = 0.0 sizes 4,4
join 1 and 150 score = 0.0 sizes 2,1
join 99 and 150 score = 0.0 sizes 1,3
join 59 and 128 score = 0.0 sizes 2,1
join 31 and 148 score = 0.0 sizes 5,2
join 12 and 94 score = 0.0 sizes 1,1
join 34 and 120 score = 0.0 sizes 2,3
join 57 and 157 score = 0.0 sizes 1,1
join 57 and 139 score = 0.0 sizes 2,1
join 96 and 149 score = 0.0 sizes 3,1
join 5 and 133 score = 0.0 sizes 7,4
join 19 and 129 score = 0.0 sizes 1,2
join 19 and 108 score = 0.0 sizes 3,1
join 44 and 117 score = 0.0 sizes 1,8
join 62 and 160 score = 0.0 sizes 1,1
join 62 and 123 score = 0.0 sizes 2,1
join 70 and 118 score = 0.0 sizes 1,1
join 118 and 160 score = 0.0 sizes 2,3
join 3 and 47 score = 0.0 sizes 1,1
join 16 and 21 score = 0.0 sizes 1,1
join 69 and 80 score = 0.0 sizes 1,1
join 80 and 162 score = 0.006172839506172839 sizes 2,1
join 60 and 154 score = 0.0 sizes 2,1
join 41 and 54 score = 0.0 sizes 1,4
join 63 and 73 score = 0.0 sizes 1,1
join 2 and 123 score = 0.0 sizes 1,5
join 9 and 106 score = 0.007751937984496124 sizes 7,1
join 21 and 73 score = 0.0 sizes 2,2
join 15 and 99 score = 0.0 sizes 1,4
join 101 and 104 score = 0.0 sizes 1,40
join 23 and 55 score = 0.0 sizes 1,8
join 48 and 63 score = 0.0 sizes 1,4
join 16 and 119 score = 0.0 sizes 5,1
join 11 and 43 score = 0.0 sizes 1,1
join 4 and 101 score = 0.006756756756756757 sizes 14,41
join 2 and 115 score = 0.0 sizes 6,55
join 75 and 79 score = 0.0 sizes 1,1
join 79 and 94 score = 0.014814814814814815 sizes 2,2
join 61 and 76 score = 0.0 sizes 1,1
join 139 and 154 score = 0.0125 sizes 3,3
join 41 and 157 score = 0.007575757575757576 sizes 5,6
join 3 and 155 score = 0.0 sizes 2,1
join 15 and 37 score = 0.0 sizes 5,1
join 113 and 152 score = 0.0 sizes 1,1
join 23 and 83 score = 0.0 sizes 9,1
join 83 and 119 score = 0.0 sizes 10,6
join 76 and 113 score = 0.0 sizes 2,2
join 69 and 152 score = 0.0 sizes 3,4
join 48 and 75 score = 0.0 sizes 16,4
join 147 and 149 score = 0.012987012987012988 sizes 6,11
join 100 and 140 score = 0.0 sizes 1,1
join 43 and 100 score = 0.0 sizes 2,2
join 106 and 128 score = 0.017241379310344827 sizes 20,5
join 12 and 70 score = 0.0 sizes 25,61
join 44 and 78 score = 0.01910828025477707 sizes 9,7
join 88 and 142 score = 0.0 sizes 11,1
join 98 and 136 score = 0.013986013986013986 sizes 16,1
join 108 and 140 score = 0.0 sizes 4,4
join 110 and 151 score = 0.0 sizes 1,2
join 13 and 77 score = 0.03289473684210526 sizes 86,17
join 37 and 47 score = 0.019230769230769232 sizes 103,3
All pairs
join 74 and 145 score = 0.0 sizes 1,1
join 85 and 124 score = 0.023622047244094488 sizes 8,106
join 61 and 110 score = 0.03225806451612903 sizes 7,3
join 39 and 161 score = 0.034722222222222224 sizes 12,10
join 74 and 142 score = 0.034482758620689655 sizes 2,22
join 82 and 162 score = 0.056962025316455694 sizes 8,24
join 135 and 141 score = 0.06474820143884892 sizes 17,114
join 145 and 155 score = 0.03571428571428571 sizes 32,131
join 11 and 22 score = 0.06896551724137931 sizes 163,1
score = 0.5224954215631264
improvementE2 : -356.4647016065373
improvementE3 : -356.44812282005904
improvementE1 : -354.7279042004671
improvementE1 : -354.7278624821869
improvementE3 : -354.7278522228945
improvementE2 : -354.7273169614943
improvementE3 : -354.72731423079097
improvementE3 : -354.72731167893966
improvementE2 : -354.7249438468371
improvementE1 : -354.72491688392086
improvementE3 : -354.7248112019232
improvementE2 : -354.6565262175184
improvementE2 : -340.81028156053156
improvementE2 : -340.8102586757369
improvementE1 : -336.40799701008507
improvementE3 : -336.32368888864676
improvementE2 : -336.3235686832489
improvementE3 : -336.17908757886966
improvementE3 : -336.17825854662016
improvementE1 : -333.19141068459936
improvementE3 : -333.1913581611958
improvementE3 : -333.187228410018
improvementE3 : -333.18712208280465
improvementE1 : -333.1871183686583
improvementE3 : -333.1870811084575
improvementE1 : -333.18699534514576
improvementE3 : -333.09925579956473
improvementE2 : -333.0067604976409
improvementE2 : -333.0067293300042
improvementE1 : -333.00669558495287
improvementE1 : -333.0059808358401
improvementE2 : -332.99341198546057
improvementE1 : -332.9934105270054
improvementE2 : -332.99338080747884
improvementE3 : -332.9931247745497
improvementE2 : -332.9593612700655
improvementE1 : -332.95899665583255
improvementE3 : -332.7974208778944
improvementE2 : -332.7972592126244
improvementE3 : -332.797122177499
improvementE3 : -332.7848522085667
improvementE3 : -332.68896442893174
improvementE3 : -332.54403618130857
improvementE2 : -332.48642227483487
improvementE1 : -332.4863716510726
improvementE1 : -332.48636330763503
improvementE1 : -332.4740171235999
improvementE1 : -332.4740160089866
improvementE2 : -332.47036075385154
improvementE1 : -332.4680613678308
improvementE3 : -332.3293856107587
improvementE3 : -332.32938397576
improvementE3 : -332.3277598166904
improvementE3 : -332.32695101085756
improvementE2 : -332.316827528027
improvementE1 : -332.3168226831388
improvementE1 : -332.26162589460733
improvementE2 : -332.26158922960786
improvementE1 : -332.2614580269298
improvementE2 : -332.26127261008537
improvementE1 : -332.259447429071
improvementE1 : -332.22616221960067
improvementE3 : -331.77852245653247
improvementE3 : -331.7785208009073
improvementE2 : -331.77804201720284
improvementE2 : -331.7779550773467
improvementE1 : -331.7534397801432
improvementE3 : -331.72494281499513
improvementE2 : -331.6885922537391
improvementE1 : -331.661213090503
improvementE2 : -331.66120695894836
improvementE2 : -331.61870333562746
improvementE3 : -331.61869884905525
improvementE2 : -331.5784680948484
improvementE3 : -331.5778746739466
improvementE1 : -331.57786903638294
improvementE1 : -331.4220711053217
improvementE3 : -331.3557975692981
improvementE2 : -331.3434438581646
improvementE2 : -331.33346238323793
improvementE1 : -331.32156768026664
improvementE3 : -331.28642980259144
improvementE1 : -331.2863661472204
improvementE3 : -331.2861953390314
improvementE1 : -331.28552639018585
improvementE1 : -331.26328356993287
improvementE3 : -331.26324108104313
improvementE3 : -331.21044984106715
improvementE2 : -331.21032581676667
improvementE1 : -331.2051458085338
improvementE1 : -331.2051413696418
improvementE1 : -330.9769109700938
improvementE2 : -329.57809016077505
improvementE3 : -329.5773773480639
improvementE2 : -327.57079351602664
improvementE1 : -327.5341292313349
improvementE3 : -326.9604056714004
improvementE3 : -326.02190219276946
improvementE3 : -326.02186521973084
improvementE1 : -326.02178579012264
improvementE3 : -325.99014444492076
improvementE1 : -325.9900939281165
improvementE2 : -325.9883813679108
improvementE3 : -324.6003085137716
improvementE1 : -324.5747726776803
improvementE2 : -324.4752257513962
improvementE2 : -324.4751965202671
improvementE1 : -324.47505013331823
improvementE3 : -324.44135656482655
improvementE1 : -324.4413528570697
improvementE2 : -324.4413008525963
improvementE1 : -324.4403281467058
improvementE2 : -322.50320929387294
improvementE3 : -320.55925685426064
improvementE1 : -320.5591233855282
improvementE1 : -320.5591144974857
improvementE2 : -320.55908345136055
improvementE3 : -320.5295644040735
improvementE1 : -320.5295611256852
improvementE2 : -320.43251796417115
improvementE1 : -320.42559572239963
improvementE1 : -320.42545163388354
improvementE2 : -320.37012836710744
improvementE1 : -320.32315712605083
improvementE1 : -320.3142612129986
improvementE3 : -320.30177374384215
improvementE3 : -320.3016963359041
improvementE3 : -320.30169376151747
improvementE2 : -320.3016274272797
improvementE1 : -320.30157068854123
improvementE2 : -317.2219094832919
improvementE3 : -315.33286220798294
improvementE1 : -315.3327694530236
improvementE3 : -315.33276018998197
improvementE1 : -315.33262009180186
improvementE2 : -315.31345554280904
improvementE1 : -315.21088611587754
improvementE1 : -315.2108824908188
improvementE2 : -315.2097624324699
improvementE1 : -315.19214062694556
improvementE3 : -315.18928796924035
improvementE3 : -315.10619647457145
improvementE1 : -315.1053384605911
improvementE2 : -315.10533512635266
improvementE3 : -315.10412131985896
improvementE1 : -314.44791021916814
improvementE2 : -314.44790695273366
improvementE1 : -314.44749173743315
improvementE3 : -314.4474708856285
improvementE3 : -313.0118339552337
improvementE3 : -313.01181735555804
improvementE1 : -311.8779575379087
improvementE1 : -311.87464281709106
improvementE1 : -311.8744989552359
improvementE3 : -311.87440368762293
improvementE2 : -311.8744017795155
improvementE1 : -311.615017991998
improvementE3 : -311.6146612138378
improvementE1 : -311.61338659358785
improvementE1 : -311.6131042247141
improvementE3 : -311.6130291434904
improvementE1 : -310.3058964013768
improvementE1 : -310.30450226802833
improvementE2 : -310.3044818110068
improvementE2 : -310.3044411341747
improvementE2 : -310.30435241730703
improvementE3 : -303.78060895445464
improvementE3 : -303.77863240532025
improvementE1 : -301.1205244805626
improvementE1 : -301.1205195824156
improvementE1 : -301.04982925280376
improvementE3 : -301.04785946380264
improvementE3 : -301.04785672724597
improvementE3 : -301.04785541995403
improvementE3 : -301.04784872387444
improvementE2 : -301.0478467304283
improvementE1 : -301.0478451050445
improvementE1 : -301.0461916647567
improvementE1 : -301.0459153659304
improvementE2 : -300.2698491913232
improvementE1 : -300.26984090251887
improvementE2 : -300.2698163426604
improvementE3 : -300.2698129285566
improvementE1 : -300.2698107973536
improvementE2 : -300.2698073433452
improvementE3 : -300.26348806026175
improvementE2 : -300.20462366556404
improvementE3 : -300.20462137121234
improvementE3 : -300.0966266196682
improvementE1 : -300.0901557440002
improvementE2 : -300.0901519798112
improvementE3 : -300.088695997861
improvementE3 : -300.08869418974757
improvementE1 : -300.0886901328009
improvementE3 : -300.0886883590462
improvementE2 : -299.8434142985505
improvementE2 : -299.8433888545488
improvementE2 : -298.5310952858605
improvementE2 : -298.5310667393093
improvementE3 : -298.52762085079286
improvementE2 : -298.52755189773336
improvementE1 : -298.527401453562
improvementE3 : -298.52503523372127
improvementE3 : -298.5250342037326
improvementE2 : -298.525033153047
improvementE2 : -298.5249475390518
improvementE1 : -298.5249463782506
improvementE1 : -298.521937525803
improvementE3 : -298.5219355890001
improvementE2 : -298.5215198445707
improvementE3 : -298.5215169655528
improvementE1 : -298.5215140122487
improvementE2 : -298.5214979091619
improvementE1 : -298.52149606940156
logL = -2584.5400319696782
Removing 0 markers
Second round
improvementE3 : -298.52139634268445
improvementE3 : -298.52138983284306
improvementE2 : -298.5213883969485
improvementE2 : -298.5213870626666
improvementE3 : -298.52056543164036
