0->0 : 0
0->1 : 0
0->2 : 0
       Error rate = 0.0
1->0 : 0
1->1 : 0
1->2 : 0
       Error rate = 0.0
2->0 : 0
2->1 : 0
2->2 : 0
       Error rate = 0.0
0,2->0,2 : 1181913
  0,2->1 : 0
1,2->1,2 : 0
  1,2->0 : 0
       Error rate = 0.0
Maternally informative markers = 0 (of 10219)
Paternally informative markers = 10219
Maternally or paternally informative markers = 10219
Removed 0 children
Removed 0 markers
Number of LGs = 45
***Family = fam_08 chromosome = 4 numMarkers = 318 maternal informative markers 0 (paternal informative markers 318)
***Family = fam_01 chromosome = 4 numMarkers = 318 maternal informative markers 0 (paternal informative markers 317)
***Family = fam_09 chromosome = 4 numMarkers = 318 maternal informative markers 0 (paternal informative markers 308)
318->271
271->271
All pairs
join 92 and 151 score = 0.0 sizes 1,1
join 30 and 115 score = 0.0 sizes 1,1
join 58 and 246 score = 0.0 sizes 1,1
join 203 and 250 score = 0.0 sizes 1,1
join 44 and 203 score = 0.0 sizes 1,2
join 118 and 172 score = 0.0 sizes 1,1
join 11 and 252 score = 0.0 sizes 1,1
join 79 and 252 score = 0.0 sizes 1,2
join 88 and 265 score = 0.0 sizes 1,1
join 76 and 93 score = 0.0 sizes 1,1
join 44 and 76 score = 0.0 sizes 3,2
join 20 and 93 score = 0.0 sizes 1,5
join 230 and 245 score = 0.0 sizes 1,1
join 201 and 230 score = 0.0 sizes 1,2
join 34 and 200 score = 0.0 sizes 1,1
join 68 and 226 score = 0.0 sizes 1,1
join 172 and 226 score = 0.0 sizes 2,2
join 20 and 79 score = 0.0 sizes 6,3
join 201 and 250 score = 0.0 sizes 3,9
join 179 and 245 score = 0.0 sizes 1,12
join 200 and 219 score = 0.0 sizes 2,1
join 121 and 128 score = 0.0 sizes 1,1
join 122 and 128 score = 0.0 sizes 1,2
join 121 and 142 score = 0.0 sizes 3,1
join 19 and 243 score = 0.0 sizes 1,1
join 156 and 255 score = 0.0 sizes 1,1
join 50 and 139 score = 0.0 sizes 1,1
join 50 and 217 score = 0.0 sizes 2,1
join 89 and 240 score = 0.0 sizes 1,1
join 168 and 262 score = 0.0 sizes 1,1
join 227 and 262 score = 0.0 sizes 1,2
join 14 and 168 score = 0.0 sizes 1,3
join 16 and 71 score = 0.0 sizes 1,1
join 16 and 135 score = 0.0 sizes 2,1
join 21 and 246 score = 0.0 sizes 1,2
join 19 and 137 score = 0.0 sizes 2,1
join 11 and 243 score = 0.0 sizes 13,3
join 179 and 187 score = 0.0 sizes 16,1
join 122 and 137 score = 0.0 sizes 4,17
join 86 and 124 score = 0.0 sizes 1,1
join 111 and 118 score = 0.0 sizes 1,4
join 80 and 259 score = 0.0 sizes 1,1
join 13 and 178 score = 0.0 sizes 1,1
join 177 and 178 score = 0.0 sizes 1,2
join 3 and 229 score = 0.0 sizes 1,1
join 109 and 123 score = 0.0 sizes 1,1
join 22 and 89 score = 0.0 sizes 1,2
join 88 and 270 score = 0.0 sizes 2,1
join 177 and 269 score = 0.0 sizes 3,1
join 63 and 68 score = 0.0 sizes 1,5
join 41 and 111 score = 0.0 sizes 1,6
join 1 and 63 score = 0.0 sizes 1,7
join 159 and 228 score = 0.0 sizes 1,1
join 34 and 228 score = 0.0 sizes 3,2
join 219 and 266 score = 0.0 sizes 5,1
join 251 and 266 score = 0.0 sizes 1,6
join 17 and 209 score = 0.0 sizes 1,1
join 205 and 265 score = 0.0 sizes 1,3
join 156 and 268 score = 0.0 sizes 2,1
join 96 and 268 score = 0.0 sizes 1,3
join 67 and 255 score = 0.0 sizes 1,4
join 108 and 123 score = 0.0 sizes 1,2
join 184 and 260 score = 0.0 sizes 1,1
join 67 and 198 score = 0.0 sizes 5,1
join 217 and 233 score = 0.0 sizes 3,1
join 220 and 241 score = 0.0 sizes 1,1
join 134 and 241 score = 0.0 sizes 1,2
join 26 and 183 score = 0.0 sizes 1,1
join 106 and 183 score = 0.0 sizes 1,2
join 30 and 106 score = 0.0 sizes 2,3
join 26 and 132 score = 0.0 sizes 5,1
join 188 and 214 score = 0.0 sizes 1,1
join 58 and 125 score = 0.0 sizes 3,1
join 28 and 239 score = 0.0 sizes 1,1
join 152 and 239 score = 0.0 sizes 1,2
join 152 and 270 score = 0.0 sizes 3,4
join 113 and 175 score = 0.0 sizes 1,1
join 159 and 213 score = 0.0 sizes 7,1
join 25 and 213 score = 0.0 sizes 1,8
join 25 and 72 score = 0.0 sizes 9,1
join 41 and 72 score = 0.0 sizes 8,10
join 54 and 133 score = 0.0 sizes 1,1
join 81 and 126 score = 0.0 sizes 1,1
join 29 and 269 score = 0.0 sizes 1,4
join 101 and 116 score = 0.0 sizes 1,1
join 101 and 244 score = 0.0 sizes 2,1
join 116 and 248 score = 0.0 sizes 3,1
join 146 and 244 score = 0.0 sizes 1,4
join 248 and 257 score = 0.0 sizes 5,1
join 31 and 32 score = 0.0 sizes 1,1
join 31 and 212 score = 0.0 sizes 2,1
join 22 and 166 score = 0.0 sizes 3,1
join 99 and 146 score = 0.0 sizes 1,6
join 247 and 251 score = 0.0 sizes 1,18
join 187 and 247 score = 0.0 sizes 21,19
join 142 and 164 score = 0.0 sizes 40,1
join 1 and 61 score = 0.0 sizes 41,1
join 3 and 92 score = 0.0 sizes 2,2
join 71 and 115 score = 0.0 sizes 3,6
join 28 and 69 score = 0.0 sizes 7,1
join 100 and 175 score = 0.0 sizes 1,2
join 54 and 254 score = 0.0 sizes 2,1
join 145 and 204 score = 0.0 sizes 1,1
join 91 and 204 score = 0.0 sizes 1,2
join 150 and 189 score = 0.0 sizes 1,1
join 259 and 261 score = 0.0 sizes 2,1
join 136 and 160 score = 0.0 sizes 1,1
join 84 and 194 score = 0.0 sizes 1,1
join 120 and 188 score = 0.0 sizes 1,2
join 158 and 214 score = 0.0 sizes 1,3
join 158 and 256 score = 0.0 sizes 4,1
join 254 and 256 score = 0.0 sizes 3,5
join 109 and 215 score = 0.0 sizes 3,1
join 61 and 90 score = 0.0 sizes 42,1
join 133 and 263 score = 0.0 sizes 8,1
join 95 and 162 score = 0.0 sizes 1,1
join 60 and 95 score = 0.0 sizes 1,2
join 45 and 80 score = 0.0 sizes 1,3
join 186 and 223 score = 0.0 sizes 1,1
join 215 and 234 score = 0.0 sizes 4,1
join 185 and 202 score = 0.0 sizes 1,1
join 163 and 232 score = 0.0 sizes 1,1
join 15 and 224 score = 0.0 sizes 1,1
join 73 and 224 score = 0.0 sizes 1,2
join 107 and 260 score = 0.0 sizes 1,2
join 51 and 107 score = 0.0 sizes 1,3
join 32 and 198 score = 0.0 sizes 3,6
join 0 and 206 score = 0.0 sizes 1,1
join 0 and 17 score = 0.0 sizes 2,2
join 42 and 240 score = 0.0 sizes 1,4
join 12 and 233 score = 0.0 sizes 1,4
join 5 and 205 score = 0.0 sizes 1,8
join 194 and 242 score = 0.0 sizes 2,1
join 176 and 212 score = 0.0 sizes 1,9
join 45 and 59 score = 0.0 sizes 4,1
join 14 and 126 score = 0.0044444444444444444 sizes 4,2
join 13 and 131 score = 0.0 sizes 5,1
join 161 and 258 score = 0.0 sizes 1,1
join 167 and 170 score = 0.0 sizes 1,1
join 75 and 167 score = 0.0 sizes 1,2
join 129 and 264 score = 0.0 sizes 1,1
join 23 and 264 score = 0.0 sizes 1,2
join 62 and 163 score = 0.0 sizes 1,2
join 181 and 238 score = 0.0 sizes 1,1
join 66 and 197 score = 0.0 sizes 1,1
join 166 and 197 score = 0.0051813471502590676 sizes 5,2
join 56 and 83 score = 0.0 sizes 1,1
join 83 and 112 score = 0.00625 sizes 2,1
All pairs
join 98 and 263 score = 0.0 sizes 1,9
join 70 and 162 score = 0.0 sizes 1,3
join 15 and 174 score = 0.0 sizes 3,1
join 35 and 105 score = 0.0 sizes 1,1
join 155 and 192 score = 0.0 sizes 1,1
join 154 and 216 score = 0.0 sizes 1,1
join 169 and 199 score = 0.0 sizes 1,1
join 59 and 136 score = 0.006289308176100629 sizes 5,2
join 73 and 87 score = 0.0 sizes 4,1
join 23 and 91 score = 0.005988023952095809 sizes 3,3
join 12 and 49 score = 0.006060606060606061 sizes 5,1
join 21 and 185 score = 0.006369426751592357 sizes 4,2
join 135 and 191 score = 0.006289308176100629 sizes 9,1
join 18 and 40 score = 0.0 sizes 1,1
join 33 and 231 score = 0.0 sizes 1,1
join 62 and 209 score = 0.006493506493506494 sizes 3,4
join 33 and 114 score = 0.0 sizes 2,1
join 38 and 151 score = 0.0 sizes 1,4
join 90 and 211 score = 0.006493506493506494 sizes 43,1
join 57 and 132 score = 0.006578947368421052 sizes 1,10
join 210 and 223 score = 0.006097560975609756 sizes 1,2
join 56 and 189 score = 0.006329113924050633 sizes 3,2
join 100 and 149 score = 0.007142857142857143 sizes 3,1
join 108 and 235 score = 0.00684931506849315 sizes 5,1
join 120 and 229 score = 0.00684931506849315 sizes 10,5
join 66 and 69 score = 0.007246376811594203 sizes 7,9
join 60 and 199 score = 0.0 sizes 4,2
join 105 and 237 score = 0.006134969325153374 sizes 2,1
join 143 and 257 score = 0.0 sizes 1,7
join 99 and 130 score = 0.0058823529411764705 sizes 8,1
join 164 and 221 score = 0.006802721088435374 sizes 44,1
join 195 and 196 score = 0.0 sizes 1,1
join 10 and 104 score = 0.0 sizes 1,1
join 18 and 77 score = 0.0 sizes 2,1
join 110 and 150 score = 0.0 sizes 1,5
join 39 and 147 score = 0.0 sizes 1,1
join 39 and 78 score = 0.0 sizes 2,1
join 52 and 87 score = 0.0 sizes 1,5
join 46 and 52 score = 0.0 sizes 1,6
join 184 and 253 score = 0.0 sizes 4,1
join 174 and 181 score = 0.007936507936507936 sizes 7,2
join 65 and 78 score = 0.0 sizes 1,3
join 65 and 134 score = 0.0 sizes 4,3
join 27 and 147 score = 0.0 sizes 1,7
join 8 and 170 score = 0.0 sizes 1,3
join 2 and 75 score = 0.006493506493506494 sizes 1,4
join 55 and 77 score = 0.0 sizes 1,3
join 85 and 114 score = 0.0 sizes 1,3
join 49 and 253 score = 0.0 sizes 6,5
join 144 and 180 score = 0.012048192771084338 sizes 1,1
join 125 and 165 score = 0.0 sizes 6,1
join 53 and 186 score = 0.013071895424836602 sizes 1,3
join 9 and 82 score = 0.0 sizes 1,1
join 130 and 234 score = 0.0058823529411764705 sizes 9,6
join 129 and 221 score = 0.006578947368421052 sizes 6,45
join 10 and 145 score = 0.0 sizes 2,51
join 102 and 261 score = 0.012903225806451613 sizes 1,7
join 51 and 102 score = 0.007407407407407408 sizes 11,8
join 154 and 173 score = 0.0 sizes 2,1
join 153 and 258 score = 0.011627906976744186 sizes 1,2
join 43 and 82 score = 0.0 sizes 1,2
join 7 and 119 score = 0.0 sizes 1,1
join 37 and 119 score = 0.0 sizes 1,2
join 37 and 127 score = 0.0 sizes 3,1
join 144 and 148 score = 0.011695906432748537 sizes 2,1
join 140 and 148 score = 0.012903225806451613 sizes 1,3
join 55 and 190 score = 0.0 sizes 4,1
join 57 and 237 score = 0.012658227848101266 sizes 11,3
join 2 and 191 score = 0.006578947368421052 sizes 5,14
join 35 and 47 score = 0.012658227848101266 sizes 19,1
join 8 and 27 score = 0.0 sizes 20,8
join 43 and 202 score = 0.0070921985815602835 sizes 3,7
join 46 and 97 score = 0.0 sizes 9,1
join 141 and 143 score = 0.0 sizes 1,15
join 96 and 196 score = 0.0 sizes 10,2
join 208 and 216 score = 0.012345679012345678 sizes 1,3
join 140 and 182 score = 0.013245033112582781 sizes 4,1
join 180 and 210 score = 0.01818181818181818 sizes 5,4
join 38 and 222 score = 0.018518518518518517 sizes 15,1
join 190 and 232 score = 0.013513513513513514 sizes 5,7
join 40 and 161 score = 0.0 sizes 12,3
join 74 and 104 score = 0.0 sizes 1,53
join 74 and 249 score = 0.0 sizes 54,1
join 231 and 249 score = 0.0 sizes 4,55
join 176 and 192 score = 0.025806451612903226 sizes 12,2
join 4 and 94 score = 0.0 sizes 1,1
join 47 and 48 score = 0.019230769230769232 sizes 28,1
join 42 and 171 score = 0.0 sizes 16,1
join 110 and 165 score = 0.0 sizes 6,10
join 9 and 173 score = 0.0 sizes 16,4
join 113 and 160 score = 0.026143790849673203 sizes 4,19
join 169 and 267 score = 0.0 sizes 6,1
join 24 and 218 score = 0.018867924528301886 sizes 1,1
join 98 and 220 score = 0.02531645569620253 sizes 16,29
join 5 and 235 score = 0.0392156862745098 sizes 17,16
join 81 and 225 score = 0.03333333333333333 sizes 6,1
join 53 and 138 score = 0.029411764705882353 sizes 9,1
join 157 and 182 score = 0.030120481927710843 sizes 1,10
join 36 and 157 score = 0.02564102564102564 sizes 1,11
join 70 and 131 score = 0.025477707006369428 sizes 7,6
join 141 and 267 score = 0.03125 sizes 33,13
join 127 and 171 score = 0.034482758620689655 sizes 4,46
join 36 and 103 score = 0.03571428571428571 sizes 12,1
join 139 and 208 score = 0.041666666666666664 sizes 23,20
join 155 and 242 score = 0.044585987261146494 sizes 14,3
join 117 and 138 score = 0.03571428571428571 sizes 1,13
join 6 and 48 score = 0.06666666666666667 sizes 1,45
join 94 and 222 score = 0.038461538461538464 sizes 2,46
join 153 and 238 score = 0.044444444444444446 sizes 15,10
join 6 and 124 score = 0.037037037037037035 sizes 48,2
join 112 and 227 score = 0.057692307692307696 sizes 43,7
All pairs
join 24 and 85 score = 0.06896551724137931 sizes 2,59
join 7 and 218 score = 0.034482758620689655 sizes 50,61
join 84 and 193 score = 0.06711409395973154 sizes 17,1
join 149 and 236 score = 0.09302325581395349 sizes 50,1
join 103 and 236 score = 0.10294117647058823 sizes 14,51
join 64 and 207 score = 0.03225806451612903 sizes 1,1
join 64 and 97 score = 0.1 sizes 2,25
join 86 and 193 score = 0.1564625850340136 sizes 50,18
join 195 and 207 score = 0.23333333333333334 sizes 68,27
join 29 and 206 score = 0.21476510067114093 sizes 111,95
join 4 and 225 score = 0.2857142857142857 sizes 206,65
score = 2.50445578722379
improvementE1 : -983.0943319301027
improvementE1 : -983.0943069826702
improvementE2 : -983.0943021967581
improvementE1 : -982.9316136250844
improvementE2 : -980.2355156933726
improvementE2 : -980.2080925451645
improvementE1 : -980.2079537957685
improvementE2 : -980.0598606662467
improvementE3 : -980.0038001650043
improvementE3 : -980.0037979104782
improvementE1 : -979.96534958918
improvementE3 : -979.9653475200313
improvementE3 : -979.9653462045064
improvementE3 : -979.9388491737805
improvementE2 : -979.9244172726079
improvementE2 : -979.895004076558
improvementE3 : -979.8931737969834
improvementE3 : -979.8396622780369
improvementE3 : -979.8334333617838
improvementE1 : -979.833360322039
improvementE3 : -979.7909772843125
improvementE3 : -978.6631359162992
improvementE3 : -978.66312447427
improvementE3 : -978.663123127235
improvementE2 : -978.6599910004709
improvementE3 : -978.6598901878485
improvementE1 : -978.6317159232899
improvementE2 : -978.4131822620838
improvementE2 : -978.3580121694315
improvementE3 : -978.3579619238916
improvementE1 : -978.3579410183797
improvementE1 : -978.3194384165456
improvementE1 : -978.3194348688978
improvementE3 : -978.3194288700198
improvementE2 : -973.9950117590412
improvementE3 : -973.9880508307419
improvementE1 : -973.9876985536036
improvementE2 : -973.9867304759545
improvementE3 : -973.350686595656
improvementE1 : -972.5996663266513
improvementE2 : -972.5964953356771
improvementE1 : -972.5961745283798
improvementE2 : -972.5958813716452
improvementE2 : -972.3531468520533
improvementE2 : -972.3528882913782
improvementE2 : -972.3527006739089
improvementE3 : -972.3370494106987
improvementE1 : -972.3370261391767
improvementE3 : -972.3328752394461
improvementE2 : -972.3327983517999
improvementE2 : -972.3309693827474
improvementE1 : -972.1219649333979
improvementE2 : -972.1215229830927
improvementE1 : -972.1215199776492
improvementE2 : -972.1208765356755
improvementE3 : -972.0969164354533
improvementE2 : -972.0793596034092
improvementE3 : -972.071926070755
improvementE3 : -972.0689421932515
improvementE3 : -972.0149127295573
improvementE3 : -971.9901848158078
improvementE3 : -971.9897894446244
improvementE3 : -971.9897882970031
improvementE3 : -970.5912863582241
improvementE3 : -969.4680288726927
improvementE3 : -969.467355434985
improvementE3 : -969.3847970745674
improvementE1 : -969.3846677624755
improvementE3 : -969.3832666672199
improvementE1 : -969.3832653301964
improvementE3 : -969.38326066646
improvementE2 : -969.3502800855534
improvementE1 : -969.3502692640777
improvementE1 : -969.3502385997347
improvementE1 : -969.3354793103127
improvementE3 : -969.3354447541483
improvementE2 : -969.3354430643509
improvementE3 : -967.5588001512239
improvementE3 : -967.5511864443647
improvementE3 : -967.5235629825485
improvementE2 : -967.5234583794154
improvementE1 : -967.5231107593106
improvementE3 : -965.2884372642048
improvementE1 : -965.2801858552682
improvementE3 : -965.28009641036
improvementE1 : -965.0919982061723
improvementE1 : -965.091996653378
improvementE3 : -965.0911161783442
improvementE1 : -965.0910515167853
improvementE3 : -962.9377003590323
improvementE1 : -962.9307510959965
improvementE2 : -962.9307271487119
improvementE3 : -962.9260283618443
improvementE1 : -962.9127351567209
improvementE3 : -962.8394595446541
improvementE1 : -962.8392935405636
improvementE1 : -962.4854538384001
improvementE1 : -962.4854518135705
improvementE1 : -962.4836218811905
improvementE1 : -962.4729963715974
improvementE3 : -959.8305302889225
improvementE3 : -959.8272883019804
improvementE3 : -959.8272746403542
improvementE3 : -954.9897095437993
improvementE2 : -954.3274770735766
improvementE3 : -952.2765377559213
improvementE3 : -952.2765334233966
improvementE1 : -952.2763870245885
improvementE2 : -952.2763848063574
improvementE3 : -952.2762821155883
improvementE3 : -951.7258754454207
improvementE3 : -951.7258676715309
improvementE2 : -949.3643461293946
improvementE3 : -949.3512596324891
improvementE3 : -949.3512162749176
improvementE3 : -949.3505173687641
improvementE1 : -947.4389205079714
improvementE3 : -946.1400394608403
improvementE3 : -944.9154121977731
improvementE1 : -944.9128235879396
improvementE3 : -944.9118010309194
improvementE3 : -944.911788795298
improvementE2 : -944.9117827044681
improvementE1 : -944.9117800836315
improvementE3 : -944.9117564058278
improvementE1 : -944.9116613984651
improvementE2 : -944.8882481999807
improvementE1 : -944.8481385173305
improvementE1 : -944.8477320003615
improvementE2 : -944.7963662930226
improvementE3 : -944.7870388051095
improvementE2 : -944.786833003822
improvementE2 : -944.7868290457367
improvementE1 : -944.7868243451878
improvementE3 : -944.6710197900645
improvementE2 : -923.3324616352645
improvementE2 : -923.3324583067614
improvementE3 : -921.8120252380088
improvementE3 : -921.8120197306924
improvementE3 : -920.4840313251352
improvementE1 : -920.4597616317541
improvementE1 : -920.4597429157543
improvementE1 : -918.608379806003
improvementE3 : -918.6078802026675
improvementE1 : -918.6078780517573
improvementE2 : -918.6078669394827
improvementE1 : -918.6073107276342
improvementE1 : -918.6072931977424
improvementE3 : -918.606763388758
improvementE2 : -916.6416731531717
improvementE3 : -916.6381386984323
improvementE2 : -913.3336099458716
improvementE3 : -909.1456379518886
improvementE3 : -909.1391402033437
improvementE2 : -909.139017114166
improvementE1 : -909.139008974662
improvementE1 : -909.1374622326958
improvementE2 : -909.1374523952398
improvementE1 : -909.1366639095029
improvementE3 : -909.1366053490392
improvementE3 : -907.3041345673801
improvementE1 : -907.299845832815
improvementE2 : -907.2998120325633
improvementE1 : -907.2421619740805
improvementE2 : -907.242153654794
improvementE3 : -902.1512898737507
improvementE1 : -902.1510094310474
improvementE2 : -902.1510068924264
improvementE1 : -902.1500276461475
improvementE3 : -902.1499848512576
improvementE3 : -902.149456329683
improvementE2 : -902.1494515283342
improvementE3 : -902.1385278202307
improvementE1 : -902.1384593976699
improvementE3 : -884.295413266176
improvementE2 : -884.2954017233332
improvementE1 : -884.2953731358691
improvementE1 : -884.2947680402527
improvementE1 : -884.2947666357846
improvementE3 : -884.0720787409894
improvementE2 : -884.0720610179361
improvementE3 : -882.6334849516594
improvementE2 : -882.6334288030096
improvementE3 : -882.6298210913287
improvementE2 : -882.6297914947465
improvementE1 : -882.6297816490855
improvementE2 : -882.6292352930843
improvementE3 : -882.6236827343494
improvementE2 : -882.6236814567283
improvementE1 : -882.5613473250703
improvementE2 : -882.4591977582535
improvementE3 : -882.4582433408227
improvementE3 : -882.4581184718178
improvementE2 : -882.457466182799
improvementE1 : -881.7598958806295
improvementE2 : -881.7595201166304
improvementE3 : -881.7595189594259
improvementE3 : -881.7594178424121
improvementE2 : -881.7593514516132
improvementE1 : -881.7593494259012
improvementE1 : -879.2823106316354
improvementE1 : -879.1288225166799
improvementE1 : -875.4300408561787
improvementE2 : -872.7666075335645
improvementE2 : -872.7650327538934
improvementE3 : -872.757413125135
improvementE2 : -872.7573931673215
improvementE3 : -865.1573064199414
improvementE3 : -864.7997410555622
improvementE3 : -864.3797960098269
improvementE3 : -864.3792326142558
improvementE3 : -864.3750977457928
improvementE1 : -864.3745718275148
improvementE1 : -864.3522933573302
improvementE2 : -864.3502399900717
improvementE1 : -864.3502376849834
improvementE3 : -864.350211538709
improvementE1 : -863.5628331633419
improvementE3 : -863.5628231295179
improvementE3 : -860.9387763292734
improvementE3 : -860.938726542377
improvementE2 : -860.9386843879406
improvementE2 : -860.9277724841683
improvementE3 : -860.9259850916142
improvementE2 : -860.925231200787
improvementE3 : -860.6918279917745
improvementE2 : -860.691389946244
improvementE1 : -860.6902285412704
improvementE2 : -860.6888394304943
improvementE2 : -860.6887766130437
improvementE2 : -860.6885751767271
improvementE3 : -860.6484184663351
improvementE1 : -860.6382547739557
improvementE3 : -853.1081060028638
improvementE2 : -853.1074916742426
improvementE3 : -853.1074902875521
improvementE2 : -849.7572183224507
improvementE3 : -848.6339961364373
improvementE3 : -847.3179260588868
improvementE2 : -847.3136886267325
improvementE1 : -847.2563349326233
improvementE2 : -847.2562795798975
improvementE2 : -847.256267464702
improvementE3 : -847.1922739574763
improvementE3 : -847.1918450264445
improvementE3 : -847.188965750988
improvementE1 : -847.1761814119102
improvementE3 : -847.1761482529706
improvementE2 : -846.1942243658575
improvementE3 : -846.1941973369153
improvementE1 : -846.1795065458869
improvementE3 : -846.178228822569
improvementE1 : -846.1782273947192
improvementE2 : -846.1782053957428
improvementE3 : -844.2456184416598
improvementE2 : -842.925257113735
improvementE2 : -842.9252552118454
improvementE3 : -842.9226983091828
improvementE1 : -837.6291999713554
improvementE2 : -835.315376017729
improvementE1 : -835.3153745545889
improvementE2 : -835.3071809326012
improvementE1 : -835.3061274755137
improvementE3 : -835.3060966296223
improvementE3 : -835.2823665777396
improvementE3 : -835.2823623768533
improvementE2 : -835.2818987121914
improvementE1 : -835.2818908959475
improvementE1 : -835.2818290271931
improvementE1 : -835.2818212814942
improvementE2 : -835.158226768044
improvementE3 : -835.1558074135005
improvementE3 : -835.1558041097046
improvementE1 : -835.1354012422005
improvementE3 : -835.1351410170839
improvementE3 : -835.135137634
improvementE3 : -835.1351292580032
improvementE1 : -835.1351166132066
improvementE1 : -835.1170675667879
improvementE3 : -835.1170625840975
improvementE1 : -835.1170598545091
improvementE3 : -835.1170488421077
improvementE2 : -835.1169323477342
improvementE2 : -826.1553917324894
improvementE1 : -825.5032790513682
improvementE3 : -825.5025314835034
improvementE3 : -825.5024987122436
improvementE1 : -825.5024975803584
improvementE3 : -825.5017842635492
improvementE2 : -825.5017819159953
improvementE3 : -825.4887939980342
improvementE2 : -825.4887545580181
improvementE1 : -825.4885567028733
improvementE1 : -825.4885554964033
improvementE2 : -824.9728986779783
improvementE3 : -824.9721167095048
improvementE3 : -824.9719955100898
improvementE2 : -824.9719100054035
improvementE1 : -823.9946055346052
improvementE1 : -823.9944988764921
improvementE2 : -823.9886434181998
improvementE1 : -822.4402995053053
improvementE1 : -822.4402382418517
improvementE3 : -822.4399961994872
improvementE1 : -822.43632317023
improvementE3 : -822.434308159022
improvementE1 : -822.4335350165384
improvementE1 : -822.4335332472062
improvementE1 : -822.4335289184862
improvementE3 : -822.4332246699377
improvementE1 : -822.4332085548491
improvementE3 : -822.4329588957338
improvementE2 : -822.4324118847857
improvementE3 : -822.4324107628087
improvementE1 : -819.3383152723183
improvementE3 : -819.3050681229166
improvementE1 : -819.3034237900337
improvementE3 : -819.3012896490676
improvementE1 : -816.6214565399538
improvementE3 : -816.6214528823239
improvementE1 : -816.6198066486429
improvementE1 : -816.6196152011646
improvementE3 : -815.6905308320422
improvementE1 : -815.690525391701
improvementE1 : -807.8137136886778
improvementE2 : -807.8136767177635
improvementE2 : -807.81365420453
improvementE1 : -807.8125135150957
improvementE3 : -806.4941402337702
improvementE2 : -806.4941385814193
improvementE2 : -806.4798155978139
improvementE1 : -806.4714300043952
improvementE2 : -806.4714260355861
improvementE3 : -789.2659772170908
improvementE2 : -789.2659553392522
improvementE3 : -789.2658617957474
improvementE2 : -789.2658206546467
improvementE2 : -789.2450810531111
improvementE1 : -789.2449586662872
improvementE2 : -787.7980756571352
improvementE3 : -787.7903104157991
improvementE3 : -787.7898666634235
improvementE2 : -787.7556168705049
improvementE3 : -787.7556156797986
improvementE1 : -787.3643825121164
improvementE1 : -787.3643630939707
improvementE3 : -787.3640424775261
improvementE3 : -787.0166077502059
improvementE2 : -787.0152430812217
improvementE1 : -787.0148541646776
improvementE3 : -787.0146906056792
improvementE3 : -787.0137894704245
improvementE2 : -787.0137866993992
improvementE3 : -787.0137797433814
improvementE3 : -787.0137745987442
improvementE3 : -787.0135022438005
improvementE2 : -786.9724176679821
improvementE2 : -786.9724154224634
improvementE1 : -785.2081009466095
improvementE3 : -785.2080509674269
improvementE2 : -785.2073715545664
improvementE2 : -785.2073309739291
improvementE3 : -784.6088286641582
improvementE1 : -784.6030533464426
improvementE1 : -781.963284530261
improvementE3 : -781.9630665821921
improvementE1 : -781.9630636059746
improvementE2 : -781.0666840043336
improvementE2 : -781.0666829666958
improvementE3 : -778.5063962990147
improvementE1 : -778.5063666188107
improvementE2 : -778.5063655133453
improvementE3 : -778.5063644370994
improvementE3 : -778.5063259235002
improvementE2 : -778.5027034606941
improvementE1 : -777.0911551890056
improvementE3 : -777.0911033499835
improvementE3 : -777.091079116787
improvementE1 : -776.4337640585551
improvementE1 : -776.4337374200746
improvementE1 : -776.4335059900638
improvementE2 : -776.4274499619931
improvementE2 : -776.4274333753524
improvementE3 : -776.4274322838813
improvementE3 : -776.0578190920269
improvementE1 : -776.0578170542698
improvementE2 : -774.0981117895132
improvementE1 : -774.0977891689569
improvementE1 : -773.9403286156333
improvementE3 : -769.7058120521283
improvementE2 : -751.5566026866375
improvementE2 : -751.5563807416668
improvementE1 : -751.5384723814359
improvementE3 : -751.538458747939
improvementE1 : -751.4991835456086
improvementE1 : -751.4985774844107
improvementE2 : -751.498564181035
improvementE3 : -751.4681701321497
improvementE1 : -751.4681661811035
improvementE1 : -751.1287595710152
improvementE1 : -751.1266078386052
improvementE3 : -749.459007919651
improvementE2 : -749.4589931447302
improvementE3 : -749.4589064524195
improvementE3 : -749.4588981095625
improvementE3 : -749.4584238164216
improvementE2 : -749.4492961254689
improvementE1 : -749.4492038245721
improvementE2 : -749.4491868976761
improvementE3 : -749.4491285206416
improvementE2 : -749.4491177037606
improvementE1 : -749.4491155671384
improvementE3 : -749.4487883192905
improvementE3 : -749.4487248955817
improvementE1 : -749.4391228333513
improvementE1 : -749.41197838326
improvementE2 : -749.4116240539724
improvementE3 : -749.4115940309691
improvementE1 : -749.4115903837536
improvementE3 : -749.4115393052798
improvementE2 : -749.4115257388129
improvementE3 : -749.4115225031843
improvementE3 : -749.408421355823
improvementE1 : -749.408231367047
improvementE1 : -748.4751462193598
improvementE3 : -748.4751440252261
improvementE1 : -748.4751414130093
improvementE3 : -748.4751391430709
improvementE3 : -747.7013383242049
improvementE2 : -747.6998441402623
improvementE3 : -747.6998384827415
improvementE2 : -747.6998159571649
improvementE3 : -747.6998122797004
improvementE2 : -746.6898245650443
improvementE1 : -746.6898189491933
improvementE2 : -746.6893883074772
improvementE1 : -743.4611930156316
improvementE3 : -743.4611781557213
improvementE1 : -743.4606907162427
improvementE1 : -743.4606893260496
improvementE3 : -743.4606271859674
improvementE1 : -743.4605336481753
improvementE1 : -743.4576060761177
improvementE1 : -743.4252271526385
improvementE1 : -743.4252247277577
improvementE3 : -737.2791536246328
improvementE3 : -737.2635641269094
improvementE1 : -737.2635445041041
improvementE3 : -737.2635198465816
improvementE3 : -737.260413602691
improvementE3 : -737.2603989835171
improvementE1 : -736.9141069705175
improvementE2 : -736.1985539298194
improvementE2 : -736.194287254064
improvementE2 : -736.1942784676291
improvementE1 : -736.1942755925676
improvementE2 : -736.1760081813061
improvementE2 : -736.1760012263637
improvementE1 : -736.1759773654153
improvementE3 : -734.8674743600976
improvementE2 : -733.6682900808192
improvementE3 : -733.6682346748535
improvementE3 : -733.6525545297716
improvementE2 : -733.6519372269462
improvementE2 : -733.6519317341641
improvementE3 : -733.6519205837045
improvementE2 : -733.6469322130612
improvementE1 : -733.646854909345
improvementE3 : -732.6025616672513
improvementE1 : -732.6025564263775
improvementE3 : -729.4530293823168
improvementE3 : -729.4530221330068
improvementE3 : -729.4530160703424
improvementE3 : -729.3970617058833
improvementE1 : -729.3828896583316
improvementE3 : -729.382836640292
improvementE3 : -729.3827796499107
improvementE1 : -728.7799152352505
improvementE3 : -728.7778437139967
improvementE2 : -728.7775111484807
improvementE2 : -728.7666235695551
improvementE1 : -728.7666155227207
improvementE2 : -728.7665363170391
improvementE1 : -728.7665142328029
improvementE2 : -728.7664859382462
improvementE3 : -728.764794985369
improvementE3 : -728.7144476174942
improvementE2 : -723.1306606711197
improvementE2 : -723.1301238181574
improvementE1 : -723.0172398222883
improvementE1 : -723.0164145653517
improvementE2 : -723.0030117381999
improvementE3 : -721.9857718147488
improvementE1 : -721.9857670736152
improvementE1 : -721.9857560099309
improvementE1 : -721.3872552307259
improvementE2 : -721.3872504115545
improvementE1 : -718.8390886676583
improvementE3 : -718.8365929933727
improvementE3 : -718.8346955258775
improvementE1 : -718.8345632902815
improvementE3 : -718.8343184369822
improvementE3 : -718.8343163519551
improvementE2 : -718.8343049828859
improvementE2 : -717.0329496572224
improvementE3 : -717.0239128295624
improvementE3 : -716.9241921059726
improvementE3 : -716.9241592078921
improvementE2 : -714.87231549878
improvementE3 : -714.8722125169631
improvementE3 : -712.2498049342767
improvementE3 : -712.2438390098492
improvementE2 : -710.1697683412543
improvementE1 : -710.1697611326059
improvementE2 : -710.1694327099614
improvementE3 : -710.1686135382696
improvementE1 : -710.1670844059919
improvementE3 : -710.1644122302399
improvementE3 : -708.8225843342805
improvementE3 : -708.807069437003
improvementE1 : -708.8070670482879
improvementE1 : -708.807052917262
improvementE1 : -708.807050376283
improvementE1 : -708.7871201603162
improvementE3 : -708.7871164681965
improvementE3 : -708.7871143394073
improvementE3 : -708.1888068782803
improvementE2 : -708.1886445150342
improvementE3 : -708.1883791606932
improvementE3 : -708.1883557896086
improvementE2 : -707.0461786038765
improvementE2 : -707.0461675599283
improvementE3 : -700.5020222594057
improvementE1 : -700.5018680490235
improvementE3 : -700.4764034010483
improvementE1 : -700.2929937787999
improvementE2 : -699.0576848478713
improvementE2 : -699.0576233939596
improvementE3 : -699.0434640080653
improvementE1 : -699.043448454245
improvementE2 : -699.043421776684
improvementE2 : -699.0427968560729
improvementE1 : -699.0427953659386
improvementE2 : -699.0425817332193
improvementE2 : -699.0423854977242
improvementE3 : -699.0417866442414
improvementE2 : -699.0378563279739
improvementE2 : -698.9577404098287
improvementE2 : -698.9506964182332
improvementE1 : -698.9506925552524
improvementE1 : -698.9480550603577
improvementE2 : -698.9480516870152
improvementE3 : -698.9480449469144
improvementE3 : -698.9480366838071
improvementE2 : -698.9480345985304
improvementE3 : -698.9461082937939
improvementE2 : -698.9461066448818
improvementE1 : -698.9461019279523
improvementE1 : -698.9390490739515
improvementE2 : -698.9390479936429
improvementE3 : -698.9390464569473
improvementE1 : -698.8530304738171
improvementE2 : -698.8529432505388
improvementE3 : -698.8529414881649
improvementE3 : -698.8528731389542
improvementE1 : -698.8525313950671
improvementE1 : -698.852518640344
improvementE2 : -698.8525132667457
improvementE1 : -698.8524814347709
improvementE1 : -698.8523091158911
improvementE3 : -698.8522046176708
improvementE1 : -698.8232578530854
improvementE3 : -698.823255430663
improvementE1 : -698.8232534976446
improvementE3 : -698.8232402757262
improvementE3 : -698.8231630411428
improvementE1 : -698.8231584282815
improvementE3 : -698.8231571529778
improvementE2 : -696.9657673102208
improvementE2 : -696.9656805968367
improvementE2 : -696.9656777187779
improvementE1 : -696.9655548895443
improvementE3 : -696.9072093918805
improvementE3 : -696.9072029299568
improvementE2 : -696.8738310356864
improvementE2 : -696.8738295710315
improvementE2 : -696.873773645083
improvementE2 : -696.8735904894365
improvementE3 : -696.8735582922329
improvementE1 : -696.8735227147292
improvementE1 : -696.8735196749969
improvementE3 : -696.8679915258791
improvementE1 : -696.8679727268218
improvementE3 : -696.8336722915759
improvementE3 : -696.8336709129317
improvementE1 : -696.8336618629774
improvementE1 : -696.8336606276348
improvementE3 : -696.833648003221
improvementE3 : -696.8280827245584
improvementE1 : -696.827913182403
improvementE2 : -696.8279110999433
improvementE1 : -696.8279079352292
improvementE2 : -696.8263017296799
improvementE1 : -696.8262975254311
improvementE3 : -696.822375136945
improvementE2 : -696.7933865592524
improvementE1 : -696.79336996789
improvementE3 : -696.7933682700352
improvementE3 : -696.7932984327813
improvementE3 : -696.793140065302
improvementE2 : -696.7931363410804
improvementE2 : -696.7931317042621
improvementE3 : -696.7931135232922
improvementE2 : -696.7930624096316
improvementE3 : -696.7930613463705
improvementE3 : -696.7930437899564
logL = -7851.836750355544
Removing 0 markers
Second round
improvementE1 : -696.7930404549674
improvementE1 : -696.793036718759
improvementE1 : -696.7930351463252
improvementE1 : -696.7929020399836
improvementE1 : -696.792700126061
improvementE1 : -696.7926832585117
improvementE1 : -696.7926523740014
improvementE3 : -696.7926506802371
improvementE3 : -696.7926443919674
improvementE2 : -696.7926378831794
improvementE3 : -696.7926367885804
improvementE1 : -696.7926355402004
improvementE2 : -694.5854497957175
improvementE2 : -694.5853766703154
improvementE3 : -694.5853248038026
improvementE3 : -694.5853223651493
improvementE2 : -694.5848141136665
