0->0 : 0
0->1 : 0
0->2 : 0
       Error rate = 0.0
1->0 : 0
1->1 : 0
1->2 : 0
       Error rate = 0.0
2->0 : 0
2->1 : 0
2->2 : 0
       Error rate = 0.0
0,2->0,2 : 1181913
  0,2->1 : 0
1,2->1,2 : 0
  1,2->0 : 0
       Error rate = 0.0
Maternally informative markers = 0 (of 10219)
Paternally informative markers = 10219
Maternally or paternally informative markers = 10219
Removed 0 children
Removed 0 markers
Number of LGs = 45
***Family = fam_08 chromosome = 29 numMarkers = 189 maternal informative markers 0 (paternal informative markers 188)
***Family = fam_01 chromosome = 29 numMarkers = 189 maternal informative markers 0 (paternal informative markers 189)
***Family = fam_09 chromosome = 29 numMarkers = 189 maternal informative markers 0 (paternal informative markers 189)
189->153
153->153
All pairs
join 4 and 91 score = 0.0 sizes 1,1
join 5 and 27 score = 0.0 sizes 1,1
join 27 and 106 score = 0.0 sizes 2,1
join 51 and 80 score = 0.0 sizes 1,1
join 20 and 51 score = 0.0 sizes 1,2
join 72 and 80 score = 0.0 sizes 1,3
join 43 and 67 score = 0.0 sizes 1,1
join 67 and 129 score = 0.0 sizes 2,1
join 24 and 109 score = 0.0 sizes 1,1
join 5 and 57 score = 0.0 sizes 3,1
join 106 and 129 score = 0.0 sizes 4,3
join 33 and 43 score = 0.0 sizes 1,7
join 33 and 113 score = 0.0 sizes 8,1
join 28 and 46 score = 0.0 sizes 1,1
join 72 and 124 score = 0.0 sizes 4,1
join 57 and 124 score = 0.0 sizes 9,5
join 20 and 49 score = 0.0 sizes 14,1
join 11 and 79 score = 0.0 sizes 1,1
join 26 and 131 score = 0.0 sizes 1,1
join 109 and 139 score = 0.0 sizes 2,1
join 24 and 104 score = 0.0 sizes 3,1
join 56 and 99 score = 0.0 sizes 1,1
join 56 and 126 score = 0.0 sizes 2,1
join 81 and 100 score = 0.0 sizes 1,1
join 49 and 100 score = 0.0 sizes 15,2
join 77 and 81 score = 0.0 sizes 1,17
join 104 and 113 score = 0.0 sizes 4,18
join 22 and 98 score = 0.0 sizes 1,1
join 34 and 98 score = 0.0 sizes 1,2
join 25 and 77 score = 0.0 sizes 1,22
join 18 and 139 score = 0.0 sizes 1,23
join 22 and 87 score = 0.0 sizes 3,1
join 19 and 87 score = 0.0 sizes 1,4
join 14 and 116 score = 0.0 sizes 1,1
join 59 and 126 score = 0.0 sizes 1,3
join 19 and 58 score = 0.0 sizes 5,1
join 21 and 130 score = 0.0 sizes 1,1
join 53 and 131 score = 0.0 sizes 1,2
join 10 and 145 score = 0.0 sizes 1,1
join 66 and 86 score = 0.0 sizes 1,1
join 18 and 130 score = 0.0 sizes 24,2
join 35 and 74 score = 0.0 sizes 1,1
join 35 and 144 score = 0.0 sizes 2,1
join 0 and 75 score = 0.0 sizes 1,1
join 53 and 108 score = 0.0 sizes 3,1
join 26 and 39 score = 0.0 sizes 4,1
join 10 and 88 score = 0.0 sizes 2,1
join 25 and 59 score = 0.0 sizes 26,4
join 28 and 99 score = 0.0 sizes 2,30
join 21 and 140 score = 0.0 sizes 32,1
join 46 and 120 score = 0.0 sizes 33,1
join 7 and 68 score = 0.0 sizes 1,1
join 7 and 48 score = 0.0 sizes 2,1
join 40 and 68 score = 0.0 sizes 1,3
join 91 and 134 score = 0.0 sizes 2,1
join 116 and 123 score = 0.0 sizes 2,1
join 32 and 115 score = 0.0 sizes 1,1
join 13 and 36 score = 0.0 sizes 1,1
join 13 and 107 score = 0.0 sizes 2,1
join 107 and 138 score = 0.0 sizes 3,1
join 12 and 137 score = 0.0 sizes 1,1
join 8 and 12 score = 0.0 sizes 1,2
All pairs
join 70 and 105 score = 0.0 sizes 1,1
join 44 and 102 score = 0.0 sizes 1,1
join 64 and 142 score = 0.0 sizes 1,1
join 79 and 92 score = 0.0 sizes 2,1
join 6 and 111 score = 0.0 sizes 1,1
join 112 and 117 score = 0.0 sizes 1,1
join 70 and 85 score = 0.0 sizes 2,1
join 6 and 110 score = 0.0 sizes 2,1
join 47 and 83 score = 0.0 sizes 1,1
join 16 and 148 score = 0.0 sizes 1,1
join 38 and 141 score = 0.0 sizes 1,1
join 30 and 152 score = 0.005376344086021506 sizes 1,1
join 34 and 149 score = 0.0 sizes 6,1
join 74 and 75 score = 0.0 sizes 3,2
join 9 and 94 score = 0.0 sizes 1,1
join 94 and 95 score = 0.0 sizes 2,1
join 9 and 82 score = 0.0 sizes 3,1
join 105 and 123 score = 0.005681818181818182 sizes 3,3
join 41 and 82 score = 0.0 sizes 1,4
join 111 and 137 score = 0.006024096385542169 sizes 3,3
join 38 and 152 score = 0.0 sizes 2,2
join 36 and 90 score = 0.0 sizes 4,1
join 71 and 90 score = 0.0 sizes 1,5
join 11 and 29 score = 0.0 sizes 3,1
join 118 and 119 score = 0.0 sizes 1,1
join 39 and 118 score = 0.0 sizes 5,2
join 63 and 103 score = 0.006369426751592357 sizes 1,1
join 103 and 132 score = 0.0 sizes 2,1
join 122 and 141 score = 0.006711409395973154 sizes 1,4
join 65 and 149 score = 0.0 sizes 1,7
join 41 and 65 score = 0.0 sizes 5,8
join 114 and 115 score = 0.0 sizes 1,2
join 29 and 32 score = 0.0064516129032258064 sizes 4,3
join 54 and 96 score = 0.0 sizes 1,1
join 1 and 44 score = 0.006711409395973154 sizes 1,2
join 62 and 83 score = 0.00625 sizes 1,2
join 8 and 144 score = 0.006097560975609756 sizes 6,5
join 4 and 146 score = 0.0 sizes 3,1
join 134 and 136 score = 0.0 sizes 4,1
join 1 and 136 score = 0.0 sizes 3,5
join 37 and 128 score = 0.0 sizes 1,1
join 85 and 145 score = 0.005681818181818182 sizes 6,3
join 89 and 133 score = 0.0 sizes 1,1
join 93 and 135 score = 0.0 sizes 1,1
join 37 and 125 score = 0.0 sizes 2,1
join 23 and 138 score = 0.005681818181818182 sizes 1,6
join 61 and 71 score = 0.0 sizes 1,7
join 45 and 150 score = 0.0 sizes 1,1
join 60 and 112 score = 0.006896551724137931 sizes 1,2
join 95 and 147 score = 0.0 sizes 13,1
join 128 and 143 score = 0.0 sizes 3,1
join 52 and 66 score = 0.005235602094240838 sizes 1,2
join 30 and 114 score = 0.0 sizes 5,7
join 58 and 78 score = 0.0 sizes 14,1
join 88 and 93 score = 0.0 sizes 9,2
join 97 and 147 score = 0.0 sizes 1,15
join 143 and 150 score = 0.0 sizes 4,2
join 45 and 50 score = 0.0 sizes 6,1
join 42 and 78 score = 0.0 sizes 1,16
join 62 and 133 score = 0.0 sizes 3,2
join 89 and 101 score = 0.0 sizes 5,1
join 55 and 84 score = 0.0 sizes 1,1
join 50 and 55 score = 0.0 sizes 7,2
join 61 and 84 score = 0.0 sizes 8,9
join 23 and 146 score = 0.0 sizes 17,8
join 42 and 125 score = 0.0 sizes 17,25
join 63 and 151 score = 0.012987012987012988 sizes 3,1
join 52 and 121 score = 0.0 sizes 3,1
join 17 and 148 score = 0.0 sizes 1,2
join 2 and 17 score = 0.0 sizes 1,3
join 2 and 127 score = 0.0 sizes 4,1
join 16 and 96 score = 0.01818181818181818 sizes 5,2
join 40 and 73 score = 0.015957446808510637 sizes 4,1
join 0 and 69 score = 0.0 sizes 11,1
join 102 and 151 score = 0.014705882352941176 sizes 42,4
join 92 and 101 score = 0.0 sizes 12,6
join 47 and 86 score = 0.018867924528301886 sizes 18,4
join 14 and 108 score = 0.01694915254237288 sizes 11,7
join 60 and 64 score = 0.022058823529411766 sizes 3,2
All pairs
join 73 and 122 score = 0.037267080745341616 sizes 5,22
join 97 and 119 score = 0.03333333333333333 sizes 46,18
join 132 and 142 score = 0.02564102564102564 sizes 64,5
join 76 and 135 score = 0.03571428571428571 sizes 1,69
join 3 and 127 score = 0.03333333333333333 sizes 1,7
join 54 and 117 score = 0.04516129032258064 sizes 8,70
join 15 and 48 score = 0.06666666666666667 sizes 1,27
join 3 and 31 score = 0.07692307692307693 sizes 78,1
join 69 and 121 score = 0.11538461538461539 sizes 12,28
join 76 and 110 score = 0.0 sizes 79,40
join 31 and 120 score = 0.0 sizes 119,34
score = 0.6683022372524
improvementE3 : -486.64865719260706
improvementE2 : -486.6486540322244
improvementE3 : -486.6486298875736
improvementE1 : -486.64855647868035
improvementE1 : -486.62221518804193
improvementE2 : -485.13700212193896
improvementE1 : -485.13630469044597
improvementE3 : -485.1003155323936
improvementE2 : -483.2924978889483
improvementE2 : -483.29092113727705
improvementE2 : -483.2805436040739
improvementE2 : -483.28050981857865
improvementE2 : -480.0541929750997
improvementE1 : -480.05416774787886
improvementE3 : -480.04287221986715
improvementE1 : -480.0428511267454
improvementE3 : -476.8242204993282
improvementE3 : -476.7864188453841
improvementE3 : -476.7854058598976
improvementE1 : -476.75075291851397
improvementE2 : -476.7435608584987
improvementE2 : -469.7254235096812
improvementE1 : -469.72426405058866
improvementE3 : -469.6985549174104
improvementE3 : -469.69851165113005
improvementE3 : -469.63059700917955
improvementE1 : -469.63040902752437
improvementE1 : -469.62262093964944
improvementE2 : -469.62248220271874
improvementE1 : -469.62247458561933
improvementE2 : -469.38209539513286
improvementE1 : -469.38208677689505
improvementE1 : -469.38181342740376
improvementE3 : -469.3817639047538
improvementE3 : -469.3726812114791
improvementE3 : -469.3726700627068
improvementE2 : -469.3725627996412
improvementE3 : -469.3725588514523
improvementE3 : -469.3723610301489
improvementE3 : -469.3723499347813
improvementE2 : -469.3722831744923
improvementE3 : -469.35949091471326
improvementE3 : -469.3594898097286
improvementE1 : -469.22574756252214
improvementE3 : -469.2252712482251
improvementE3 : -469.2252311028841
improvementE3 : -469.2235175252107
improvementE3 : -469.2202512083474
improvementE1 : -469.21864234398515
improvementE1 : -469.218610118255
improvementE3 : -469.1597497548255
improvementE2 : -469.1597467316858
improvementE2 : -442.827092749699
improvementE3 : -440.53868700567085
improvementE3 : -440.53868094701687
improvementE3 : -404.590698751551
improvementE3 : -404.59069613697824
improvementE1 : -400.7318088795778
improvementE2 : -400.7318004058428
improvementE1 : -400.7296428256342
improvementE1 : -400.72962418419206
improvementE3 : -400.7294235663166
improvementE3 : -400.72931765892156
improvementE1 : -400.7291406078158
improvementE1 : -400.7222449767635
improvementE2 : -400.71955706760906
improvementE1 : -400.7195471683535
improvementE2 : -400.3231133090144
improvementE1 : -400.2409739785292
improvementE3 : -400.24093980435856
improvementE1 : -400.23214112116244
improvementE1 : -400.23207909546346
improvementE1 : -400.231958254591
improvementE2 : -400.2034931045837
improvementE2 : -400.2034634159484
improvementE3 : -400.20345737176945
improvementE3 : -398.28580642768026
improvementE2 : -398.28477600790836
improvementE3 : -398.28477135751325
improvementE1 : -398.284269355701
improvementE3 : -398.28421311076835
improvementE2 : -398.28417031493683
improvementE2 : -398.2840239223248
improvementE2 : -398.28402218981506
improvementE3 : -398.28372946536757
improvementE3 : -398.28343866033214
improvementE1 : -398.2829234628344
improvementE3 : -398.28291925432484
improvementE1 : -398.28286205423564
improvementE3 : -398.2820179919431
improvementE3 : -398.28192900938575
improvementE3 : -398.2819225612207
improvementE1 : -398.27630608893645
improvementE1 : -398.2727100385419
improvementE1 : -398.2725927169125
improvementE2 : -397.9164108959105
improvementE3 : -397.9160991431019
improvementE3 : -397.90392916439185
improvementE3 : -396.9304841833138
improvementE1 : -396.9249848399993
improvementE3 : -396.9249721682483
improvementE2 : -383.61024357471086
improvementE1 : -383.609715615378
improvementE3 : -383.6097132730768
improvementE2 : -383.6097075539745
improvementE3 : -383.6096616667485
improvementE3 : -383.60964588467755
improvementE2 : -379.1727982354681
improvementE3 : -379.1727621952051
improvementE1 : -379.1727507905349
improvementE2 : -379.17274654348444
improvementE2 : -377.8769717547178
improvementE2 : -377.8769706646363
improvementE3 : -377.8647675019365
improvementE1 : -377.8647583009875
improvementE2 : -377.86228127839223
improvementE1 : -377.8612345464605
improvementE3 : -377.8612328330732
improvementE3 : -377.85682138010185
improvementE2 : -377.8566273203043
improvementE3 : -372.9253095794287
improvementE2 : -367.9014115151187
improvementE3 : -367.9012607162558
improvementE2 : -367.9011742734801
improvementE3 : -367.90113903927875
improvementE1 : -367.90056286844725
improvementE2 : -367.9005581103228
improvementE3 : -361.1423496612347
improvementE1 : -358.6002288685573
improvementE1 : -358.6002233473458
improvementE2 : -358.6002121176964
improvementE2 : -358.6001927677474
improvementE2 : -358.60018442102165
improvementE2 : -358.5998222681843
improvementE3 : -358.59978276579517
improvementE1 : -358.5997792018944
improvementE1 : -356.79787724276645
improvementE1 : -356.7887509525852
improvementE1 : -355.8903516586816
improvementE3 : -355.89030265710124
improvementE2 : -355.89029603280653
improvementE2 : -355.89026921724883
improvementE3 : -345.5286636503769
improvementE2 : -345.52863077102086
improvementE3 : -341.1878438957044
improvementE1 : -341.1878264998477
improvementE2 : -341.1878251468842
improvementE1 : -341.1878215114997
improvementE1 : -341.18781909690233
improvementE1 : -341.1803516757003
improvementE3 : -341.1802691695345
improvementE2 : -341.17795621647093
improvementE3 : -341.17794851174807
improvementE3 : -341.1779288565969
improvementE3 : -339.2601761380621
improvementE2 : -339.26014618896403
improvementE3 : -339.21963768943476
improvementE2 : -337.4880375193634
improvementE3 : -337.48801862920277
improvementE3 : -337.4880145960416
improvementE2 : -337.48561067418945
improvementE3 : -337.48559276661564
improvementE2 : -337.48551062023313
improvementE1 : -337.4855083843749
improvementE3 : -337.484487435374
improvementE1 : -337.34583096379527
improvementE3 : -337.34379853490884
improvementE2 : -337.34377658449773
improvementE1 : -337.34377549428706
improvementE1 : -337.34348437675527
improvementE1 : -337.34346795900893
improvementE2 : -337.024330574726
improvementE2 : -337.0239242205597
improvementE2 : -337.0239213408374
improvementE3 : -337.0238561318005
improvementE3 : -337.02380909825877
improvementE3 : -337.01748356387395
improvementE1 : -336.1706506484638
improvementE2 : -336.06485359637173
improvementE2 : -336.06421189644163
improvementE3 : -336.064194899523
improvementE2 : -336.06419174368466
improvementE3 : -336.0614020207827
improvementE3 : -336.0613378959571
improvementE3 : -336.0611203696867
improvementE3 : -336.04964203749864
improvementE3 : -336.04964052190314
improvementE3 : -336.04732753406665
improvementE2 : -335.92737790034363
improvementE3 : -335.92727727914604
improvementE3 : -335.927271027734
improvementE1 : -335.92709456660265
improvementE1 : -335.92695668383953
improvementE3 : -334.03798052717184
improvementE1 : -334.03797939863097
improvementE1 : -334.0379575636964
improvementE2 : -334.03776581000716
improvementE2 : -334.0376532527759
improvementE3 : -334.03764063242437
improvementE3 : -334.0375832926046
improvementE3 : -333.1229470694825
improvementE2 : -333.1226431157184
improvementE2 : -332.2042037611081
improvementE3 : -332.204202379521
improvementE2 : -332.20333807240644
improvementE1 : -332.2033255134408
improvementE1 : -332.2033081240122
improvementE2 : -332.2033069460505
improvementE2 : -332.20328470157324
improvementE3 : -332.20327507639814
improvementE3 : -329.9098730435843
improvementE3 : -329.9098695981502
improvementE3 : -329.90985826864227
improvementE1 : -329.38281583899857
improvementE3 : -327.46772393123837
improvementE2 : -327.46761483279806
improvementE1 : -326.62371091514547
improvementE3 : -326.6227356376837
improvementE1 : -326.6227179939175
improvementE3 : -326.62035629551855
improvementE2 : -326.62015482333265
improvementE1 : -326.62014404260356
improvementE1 : -326.61895799812515
improvementE3 : -326.6189346945321
improvementE3 : -326.6169247804792
improvementE2 : -326.61692294717665
improvementE2 : -326.6169056422671
improvementE2 : -326.6094389289689
improvementE2 : -326.6094063162897
improvementE2 : -326.60100503433773
improvementE3 : -326.44766925874546
improvementE3 : -326.4476560892432
improvementE2 : -326.4475494753039
logL = -2866.926290169297
Removing 0 markers
Second round
improvementE2 : -326.44747933911884
improvementE3 : -326.4312076688821
improvementE3 : -326.4307863100002
improvementE3 : -326.4307765488
improvementE1 : -326.4307585462885
improvementE1 : -326.42999493711153
improvementE3 : -326.42999089527376
improvementE1 : -326.42998809553256
improvementE1 : -326.4299844258815
improvementE2 : -326.42998123380465
improvementE2 : -326.4273515198141
improvementE2 : -326.42720816974816
improvementE3 : -326.4272069133215
improvementE3 : -326.4243532071917
improvementE3 : -326.4243463243972
improvementE2 : -326.4242018943577
improvementE2 : -326.4241974609855
improvementE3 : -326.4241964544417
improvementE1 : -326.42419303295134
improvementE2 : -326.423632761807
