0->0 : 0
0->1 : 0
0->2 : 0
       Error rate = 0.0
1->0 : 0
1->1 : 0
1->2 : 0
       Error rate = 0.0
2->0 : 0
2->1 : 0
2->2 : 0
       Error rate = 0.0
0,2->0,2 : 1181913
  0,2->1 : 0
1,2->1,2 : 0
  1,2->0 : 0
       Error rate = 0.0
Maternally informative markers = 0 (of 10219)
Paternally informative markers = 10219
Maternally or paternally informative markers = 10219
Removed 0 children
Removed 0 markers
Number of LGs = 45
***Family = fam_08 chromosome = 9 numMarkers = 314 maternal informative markers 0 (paternal informative markers 298)
***Family = fam_01 chromosome = 9 numMarkers = 314 maternal informative markers 0 (paternal informative markers 314)
***Family = fam_09 chromosome = 9 numMarkers = 314 maternal informative markers 0 (paternal informative markers 314)
314->245
245->245
All pairs
join 133 and 192 score = 0.0 sizes 1,1
join 69 and 132 score = 0.0 sizes 1,1
join 82 and 180 score = 0.0 sizes 1,1
join 32 and 154 score = 0.0 sizes 1,1
join 5 and 199 score = 0.0 sizes 1,1
join 66 and 97 score = 0.0 sizes 1,1
join 92 and 97 score = 0.0 sizes 1,2
join 49 and 192 score = 0.0 sizes 1,2
join 77 and 133 score = 0.0 sizes 1,3
join 69 and 150 score = 0.0 sizes 2,1
join 96 and 150 score = 0.0 sizes 1,3
join 57 and 212 score = 0.0 sizes 1,1
join 39 and 212 score = 0.0 sizes 1,2
join 39 and 111 score = 0.0 sizes 3,1
join 99 and 178 score = 0.0 sizes 1,1
join 33 and 99 score = 0.0 sizes 1,2
join 154 and 228 score = 0.0 sizes 2,1
join 31 and 104 score = 0.0 sizes 1,1
join 61 and 62 score = 0.0 sizes 1,1
join 62 and 158 score = 0.0 sizes 2,1
join 158 and 182 score = 0.0 sizes 3,1
join 15 and 200 score = 0.0 sizes 1,1
join 15 and 180 score = 0.0 sizes 2,2
join 82 and 132 score = 0.0 sizes 4,4
join 200 and 237 score = 0.0 sizes 8,1
join 106 and 232 score = 0.0 sizes 1,1
join 9 and 122 score = 0.0 sizes 1,1
join 57 and 222 score = 0.0 sizes 4,1
join 63 and 88 score = 0.0 sizes 1,1
join 88 and 232 score = 0.0 sizes 2,2
join 50 and 225 score = 0.0 sizes 1,1
join 50 and 124 score = 0.0 sizes 2,1
join 56 and 61 score = 0.0 sizes 1,4
join 115 and 231 score = 0.0 sizes 1,1
join 223 and 238 score = 0.0 sizes 1,1
join 129 and 238 score = 0.0 sizes 1,2
join 94 and 204 score = 0.0 sizes 1,1
join 96 and 104 score = 0.0 sizes 9,2
join 140 and 223 score = 0.0 sizes 1,3
join 91 and 160 score = 0.0 sizes 1,1
join 91 and 177 score = 0.0 sizes 2,1
join 49 and 173 score = 0.0 sizes 4,1
join 77 and 165 score = 0.0 sizes 5,1
join 121 and 165 score = 0.0 sizes 1,6
join 70 and 111 score = 0.0 sizes 1,5
join 3 and 131 score = 0.0 sizes 1,1
join 131 and 172 score = 0.0 sizes 2,1
join 44 and 166 score = 0.0 sizes 1,1
join 31 and 143 score = 0.0 sizes 11,1
join 216 and 221 score = 0.0 sizes 1,1
join 35 and 221 score = 0.0 sizes 1,2
join 26 and 56 score = 0.0 sizes 1,5
join 0 and 182 score = 0.0 sizes 1,6
join 213 and 243 score = 0.0 sizes 1,1
join 45 and 243 score = 0.0 sizes 1,2
join 173 and 228 score = 0.0 sizes 7,3
join 46 and 110 score = 0.0 sizes 1,1
join 66 and 149 score = 0.0 sizes 3,1
join 48 and 108 score = 0.0 sizes 1,1
join 98 and 108 score = 0.0 sizes 1,2
join 195 and 216 score = 0.0 sizes 1,3
join 148 and 195 score = 0.0 sizes 1,4
join 177 and 215 score = 0.0 sizes 3,1
join 64 and 179 score = 0.0 sizes 1,1
join 64 and 107 score = 0.0 sizes 2,1
join 2 and 144 score = 0.0 sizes 1,1
join 87 and 164 score = 0.0 sizes 1,1
join 94 and 164 score = 0.0 sizes 2,2
join 75 and 90 score = 0.0 sizes 1,1
join 74 and 90 score = 0.0 sizes 1,2
join 9 and 171 score = 0.0 sizes 2,1
join 73 and 171 score = 0.0 sizes 1,3
join 33 and 142 score = 0.0 sizes 3,1
join 17 and 23 score = 0.0 sizes 1,1
join 129 and 155 score = 0.0 sizes 4,1
join 21 and 237 score = 0.0 sizes 1,12
join 21 and 234 score = 0.0 sizes 13,1
join 113 and 176 score = 0.0 sizes 1,1
join 53 and 113 score = 0.0 sizes 1,2
join 74 and 107 score = 0.005813953488372093 sizes 3,3
join 51 and 168 score = 0.0 sizes 1,1
join 208 and 214 score = 0.0 sizes 1,1
join 17 and 148 score = 0.006535947712418301 sizes 2,5
join 55 and 207 score = 0.0 sizes 1,1
join 28 and 207 score = 0.0 sizes 1,2
join 55 and 217 score = 0.0 sizes 3,1
join 36 and 79 score = 0.0 sizes 1,1
join 45 and 118 score = 0.0 sizes 3,1
join 42 and 209 score = 0.0 sizes 1,1
join 105 and 109 score = 0.0 sizes 1,1
join 25 and 105 score = 0.0 sizes 1,2
join 78 and 109 score = 0.0 sizes 1,3
join 25 and 214 score = 0.0 sizes 4,2
join 163 and 224 score = 0.0 sizes 1,1
join 224 and 244 score = 0.0 sizes 2,1
join 70 and 103 score = 0.0 sizes 6,1
join 144 and 179 score = 0.006060606060606061 sizes 2,6
join 53 and 60 score = 0.0 sizes 3,1
join 176 and 208 score = 0.0 sizes 4,6
join 60 and 161 score = 0.0 sizes 10,1
join 126 and 167 score = 0.0 sizes 1,1
join 152 and 203 score = 0.0 sizes 1,1
join 231 and 240 score = 0.0 sizes 2,1
join 115 and 151 score = 0.0 sizes 3,1
join 46 and 213 score = 0.0070921985815602835 sizes 2,4
join 92 and 209 score = 0.006097560975609756 sizes 4,2
join 23 and 136 score = 0.007751937984496124 sizes 7,1
join 3 and 166 score = 0.0072992700729927005 sizes 3,2
join 145 and 227 score = 0.0 sizes 1,1
join 22 and 80 score = 0.0 sizes 1,1
join 75 and 174 score = 0.005952380952380952 sizes 8,1
join 2 and 119 score = 0.006134969325153374 sizes 9,1
join 29 and 80 score = 0.0 sizes 1,2
join 117 and 142 score = 0.006211180124223602 sizes 1,4
join 32 and 204 score = 0.0064516129032258064 sizes 10,4
join 41 and 153 score = 0.0 sizes 1,1
join 26 and 44 score = 0.007633587786259542 sizes 7,5
join 35 and 51 score = 0.0 sizes 8,2
join 19 and 226 score = 0.0 sizes 1,1
join 112 and 227 score = 0.006756756756756757 sizes 1,2
join 52 and 112 score = 0.0 sizes 1,3
join 47 and 230 score = 0.0 sizes 1,1
join 78 and 135 score = 0.0 sizes 11,1
join 36 and 187 score = 0.0 sizes 2,1
join 79 and 116 score = 0.0 sizes 3,1
join 106 and 128 score = 0.006578947368421052 sizes 4,1
join 30 and 121 score = 0.006024096385542169 sizes 1,14
join 89 and 236 score = 0.0 sizes 1,1
join 181 and 236 score = 0.0 sizes 1,2
join 5 and 181 score = 0.0 sizes 2,3
join 28 and 198 score = 0.0 sizes 4,1
join 151 and 160 score = 0.0 sizes 4,4
join 48 and 117 score = 0.012345679012345678 sizes 3,5
join 81 and 135 score = 0.0 sizes 1,12
join 187 and 217 score = 0.0 sizes 4,5
join 58 and 241 score = 0.0 sizes 1,1
join 85 and 162 score = 0.0 sizes 1,1
join 116 and 162 score = 0.0 sizes 9,2
join 16 and 85 score = 0.0 sizes 1,11
join 71 and 95 score = 0.0 sizes 1,1
join 71 and 86 score = 0.0 sizes 2,1
join 83 and 123 score = 0.0 sizes 1,1
join 19 and 123 score = 0.0 sizes 2,2
join 81 and 226 score = 0.0 sizes 13,4
join 11 and 95 score = 0.0 sizes 1,3
join 11 and 197 score = 0.0 sizes 4,1
join 86 and 137 score = 0.0 sizes 5,1
join 40 and 65 score = 0.0 sizes 1,1
join 65 and 120 score = 0.0 sizes 2,1
join 14 and 40 score = 0.0 sizes 1,3
join 202 and 211 score = 0.007352941176470588 sizes 1,1
join 89 and 184 score = 0.0 sizes 5,1
join 12 and 161 score = 0.0 sizes 1,17
join 83 and 167 score = 0.0 sizes 18,2
join 126 and 130 score = 0.007462686567164179 sizes 20,1
join 58 and 183 score = 0.0 sizes 2,1
join 38 and 244 score = 0.0 sizes 1,3
join 38 and 172 score = 0.0 sizes 4,12
join 24 and 218 score = 0.0 sizes 1,1
join 0 and 143 score = 0.008928571428571428 sizes 16,14
join 152 and 234 score = 0.0 sizes 2,30
All pairs
join 100 and 125 score = 0.006493506493506494 sizes 1,1
join 7 and 239 score = 0.0 sizes 1,1
join 7 and 218 score = 0.0 sizes 2,2
join 199 and 225 score = 0.012269938650306749 sizes 6,3
join 1 and 139 score = 0.0 sizes 1,1
join 4 and 168 score = 0.0 sizes 1,10
join 30 and 72 score = 0.011627906976744186 sizes 15,1
join 67 and 215 score = 0.0125 sizes 1,8
join 138 and 159 score = 0.0125 sizes 1,1
join 103 and 174 score = 0.012345679012345678 sizes 7,10
join 52 and 222 score = 0.014814814814814815 sizes 4,17
join 153 and 175 score = 0.0 sizes 2,1
join 41 and 240 score = 0.0 sizes 3,9
join 149 and 175 score = 0.0 sizes 6,12
join 6 and 229 score = 0.0 sizes 1,1
join 34 and 76 score = 0.017341040462427744 sizes 1,1
join 34 and 125 score = 0.011834319526627219 sizes 2,2
join 93 and 100 score = 0.013986013986013986 sizes 1,4
join 101 and 190 score = 0.022222222222222223 sizes 1,1
join 14 and 210 score = 0.0 sizes 4,1
join 120 and 198 score = 0.0 sizes 5,12
join 18 and 210 score = 0.0 sizes 1,17
join 54 and 141 score = 0.015957446808510637 sizes 1,1
join 43 and 230 score = 0.0 sizes 1,2
join 140 and 159 score = 0.012578616352201259 sizes 5,2
join 127 and 183 score = 0.0 sizes 1,3
join 1 and 156 score = 0.02054794520547945 sizes 2,1
join 4 and 13 score = 0.0 sizes 11,1
join 136 and 190 score = 0.015267175572519083 sizes 12,2
join 101 and 119 score = 0.024242424242424242 sizes 14,21
join 12 and 241 score = 0.0 sizes 21,4
join 59 and 67 score = 0.024242424242424242 sizes 1,18
join 189 and 239 score = 0.0 sizes 1,4
join 84 and 189 score = 0.0 sizes 1,5
join 84 and 219 score = 0.0 sizes 6,1
join 76 and 147 score = 0.01744186046511628 sizes 5,1
join 68 and 146 score = 0.01875 sizes 1,1
join 87 and 185 score = 0.017964071856287425 sizes 16,1
join 146 and 185 score = 0.01875 sizes 2,17
join 197 and 203 score = 0.0 sizes 6,32
join 54 and 202 score = 0.018404907975460124 sizes 2,2
join 141 and 157 score = 0.014184397163120567 sizes 4,1
join 147 and 233 score = 0.01764705882352941 sizes 6,1
join 128 and 157 score = 0.02877697841726619 sizes 5,5
join 145 and 206 score = 0.014388489208633094 sizes 35,1
join 8 and 72 score = 0.023809523809523808 sizes 1,19
join 93 and 134 score = 0.033783783783783786 sizes 7,1
join 20 and 242 score = 0.03571428571428571 sizes 1,1
join 233 and 242 score = 0.03592814371257485 sizes 8,2
join 134 and 191 score = 0.03773584905660377 sizes 10,1
join 42 and 98 score = 0.031007751937984496 sizes 19,8
join 178 and 194 score = 0.031746031746031744 sizes 27,1
join 43 and 184 score = 0.03225806451612903 sizes 3,9
join 156 and 196 score = 0.038461538461538464 sizes 3,1
join 8 and 170 score = 0.026143790849673203 sizes 20,1
join 102 and 163 score = 0.038461538461538464 sizes 1,38
join 137 and 201 score = 0.0 sizes 39,1
join 102 and 193 score = 0.0 sizes 40,1
join 27 and 29 score = 0.03125 sizes 1,3
join 68 and 114 score = 0.03424657534246575 sizes 21,1
join 114 and 130 score = 0.050359712230215826 sizes 22,25
join 13 and 27 score = 0.029411764705882353 sizes 36,4
join 206 and 211 score = 0.04054054054054054 sizes 40,10
join 122 and 235 score = 0.0 sizes 4,1
join 6 and 235 score = 0.037037037037037035 sizes 2,5
join 20 and 186 score = 0.04516129032258064 sizes 11,1
join 170 and 188 score = 0.05405405405405406 sizes 47,1
join 24 and 47 score = 0.041666666666666664 sizes 7,12
join 59 and 73 score = 0.05917159763313609 sizes 28,7
join 18 and 219 score = 0.034482758620689655 sizes 18,19
join 110 and 124 score = 0.0641025641025641 sizes 6,37
join 127 and 220 score = 0.037037037037037035 sizes 48,1
join 205 and 220 score = 0.07407407407407407 sizes 1,49
All pairs
join 22 and 37 score = 0.06896551724137931 sizes 50,1
join 10 and 191 score = 0.10526315789473684 sizes 1,12
join 118 and 155 score = 0.13043478260869565 sizes 43,7
join 139 and 188 score = 0.12751677852348994 sizes 4,50
join 63 and 194 score = 0.15441176470588236 sizes 51,35
join 37 and 169 score = 0.12903225806451613 sizes 86,1
join 201 and 229 score = 0.21428571428571427 sizes 41,87
join 16 and 205 score = 0.1724137931034483 sizes 50,54
join 138 and 193 score = 0.0 sizes 104,128
join 10 and 169 score = 0.0 sizes 13,232
score = 2.6615338639850257
improvementE3 : -984.6858500411385
improvementE3 : -984.6857851417768
improvementE1 : -984.5646132860693
improvementE2 : -984.5465309884014
improvementE1 : -984.5126995514656
improvementE1 : -984.5126017842166
improvementE2 : -984.5022101064204
improvementE3 : -984.502057751147
improvementE2 : -984.3245401721105
improvementE3 : -984.3240960939419
improvementE1 : -983.3936411381759
improvementE2 : -983.3739086783996
improvementE1 : -983.3736932705012
improvementE2 : -983.3729390545979
improvementE2 : -960.4828476364336
improvementE3 : -960.4534524190944
improvementE2 : -960.4422526404753
improvementE1 : -960.4421570956249
improvementE3 : -960.4334595365644
improvementE1 : -960.4324747647725
improvementE3 : -960.43207286098
improvementE1 : -959.4296878381448
improvementE1 : -958.4172751151613
improvementE1 : -956.9312239145148
improvementE3 : -956.9301760447592
improvementE3 : -956.9028013512691
improvementE3 : -956.8927659325244
improvementE1 : -956.8857872772072
improvementE2 : -954.2897369795025
improvementE1 : -954.2897332844559
improvementE3 : -954.2892555853202
improvementE2 : -954.289253969376
improvementE3 : -954.2885189101513
improvementE3 : -953.5703288829549
improvementE3 : -953.5703060277066
improvementE2 : -953.570192234411
improvementE3 : -953.5701835559723
improvementE1 : -953.5701766863785
improvementE3 : -953.567362280325
improvementE1 : -953.5125613813068
improvementE1 : -953.5110287242883
improvementE1 : -953.5011778365985
improvementE3 : -953.501086758161
improvementE2 : -953.495496507894
improvementE1 : -953.4954901498775
improvementE3 : -946.4407317524673
improvementE3 : -946.4375726694724
improvementE2 : -946.3698783022556
improvementE1 : -945.5065479013148
improvementE3 : -945.5064390776407
improvementE3 : -945.5064324036211
improvementE1 : -945.5039111391915
improvementE2 : -944.6932551139029
improvementE2 : -944.6361111651232
improvementE3 : -944.6303146466838
improvementE2 : -944.6276550717259
improvementE2 : -944.6275195221452
improvementE1 : -944.6275153305522
improvementE3 : -944.6270762189588
improvementE1 : -943.3155684454936
improvementE2 : -943.3155033421506
improvementE1 : -943.3084349439781
improvementE2 : -943.295008994396
improvementE2 : -943.2949966749163
improvementE2 : -943.2932744641021
improvementE1 : -943.278988473087
improvementE2 : -932.5742346987004
improvementE2 : -932.574232702624
improvementE2 : -932.5736813782144
improvementE2 : -931.8451982103854
improvementE2 : -931.8133792257307
improvementE3 : -931.8133753469068
improvementE3 : -931.7942469999032
improvementE3 : -931.7937231475487
improvementE1 : -931.7856909713838
improvementE2 : -931.7736462268077
improvementE2 : -930.8006061482756
improvementE3 : -930.7925707619256
improvementE1 : -930.7875251141339
improvementE3 : -930.7371847938874
improvementE2 : -930.736393753836
improvementE3 : -930.721578764955
improvementE3 : -930.7215777201216
improvementE1 : -930.7215301863637
improvementE3 : -930.7207621396199
improvementE3 : -930.7154123713301
improvementE3 : -930.7153937116484
improvementE2 : -928.6236630429514
improvementE3 : -928.6226713108621
improvementE1 : -928.622670160603
improvementE2 : -928.6225450968085
improvementE1 : -928.6215220312083
improvementE2 : -926.1680996649172
improvementE1 : -926.1680926051193
improvementE2 : -926.1632022124934
improvementE1 : -925.5816312643869
improvementE1 : -925.5810303665876
improvementE2 : -923.8580175200918
improvementE2 : -923.8579744684993
improvementE3 : -922.4968570340119
improvementE3 : -922.4965824371362
improvementE1 : -921.4908532648984
improvementE1 : -921.4905030186868
improvementE2 : -921.4883145132391
improvementE1 : -921.4879142027029
improvementE1 : -920.9072946712132
improvementE1 : -920.9071901420236
improvementE3 : -920.9044537656304
improvementE1 : -920.9043485009117
improvementE2 : -920.9041426514043
improvementE1 : -920.8908201055619
improvementE3 : -913.7294145933249
improvementE3 : -913.1861838678245
improvementE1 : -913.1860931799001
improvementE2 : -913.1814711174899
improvementE2 : -913.1623945212683
improvementE3 : -913.1590559420772
improvementE3 : -913.1561905262774
improvementE2 : -910.2892133852575
improvementE2 : -910.213003135216
improvementE3 : -910.2127679056475
improvementE1 : -910.2122885976744
improvementE3 : -910.2122865215005
improvementE1 : -910.2122831573821
improvementE1 : -910.2081994429636
improvementE2 : -909.7651612047482
improvementE1 : -909.7650772894473
improvementE3 : -906.833944373592
improvementE2 : -906.8324259254465
improvementE3 : -906.8324232169775
improvementE1 : -905.0065917962646
improvementE2 : -905.006586682905
improvementE3 : -905.0064791493656
improvementE1 : -904.7515813493865
improvementE1 : -902.8188515642564
improvementE3 : -902.8056408574947
improvementE2 : -902.8024402169581
improvementE1 : -901.5565065899293
improvementE3 : -901.5564880873443
improvementE2 : -901.5564831464457
improvementE2 : -901.5564047567367
improvementE2 : -901.2717241727078
improvementE3 : -901.2712239356811
improvementE2 : -901.2711092888967
improvementE3 : -901.2697677467628
improvementE3 : -899.6251567888435
improvementE3 : -899.2667716239098
improvementE2 : -899.2613511171421
improvementE2 : -899.1096317132527
improvementE3 : -899.0965136415433
improvementE2 : -899.0964792939561
improvementE1 : -899.0964770403025
improvementE3 : -899.0062537241037
improvementE1 : -899.0061367164099
improvementE3 : -897.65218648764
improvementE1 : -897.631219338984
improvementE2 : -897.6012958186466
improvementE1 : -897.0886026287451
improvementE3 : -897.0885162326297
improvementE2 : -897.0872845378029
improvementE3 : -897.0872718499566
improvementE1 : -896.9421091648863
improvementE2 : -895.4132896882899
improvementE3 : -895.1772905429277
improvementE3 : -895.1531660100709
improvementE2 : -895.1531520015536
improvementE2 : -895.1421264027476
improvementE2 : -895.093057318897
improvementE2 : -895.0925507963623
improvementE2 : -895.092138549039
improvementE3 : -895.0920618086936
improvementE3 : -895.0917831259752
improvementE2 : -895.0237129397811
improvementE2 : -893.1746961163227
improvementE3 : -893.1433204605241
improvementE2 : -892.928654105612
improvementE1 : -892.9246102278282
improvementE2 : -892.9242752884644
improvementE1 : -891.4539009723788
improvementE3 : -891.4512268375502
improvementE2 : -877.3121163043076
improvementE2 : -877.2464120544855
improvementE3 : -877.246292817518
improvementE1 : -877.2426969521008
improvementE1 : -877.242560726202
improvementE1 : -877.2389706653728
improvementE3 : -877.238766801768
improvementE2 : -877.2367632097915
improvementE2 : -877.2348093197822
improvementE2 : -877.2345977931298
improvementE2 : -877.1813565255065
improvementE1 : -877.0803175592522
improvementE1 : -877.0800306087413
improvementE3 : -877.076335755761
improvementE1 : -877.076304211289
improvementE2 : -877.0758911092511
improvementE1 : -877.0377318609352
improvementE2 : -877.0376269129825
improvementE2 : -877.0370645585971
improvementE3 : -877.0366375789956
improvementE3 : -874.4404940616663
improvementE3 : -874.4376487844685
improvementE3 : -874.4376063890212
improvementE1 : -874.4307313596368
improvementE2 : -873.3978658601887
improvementE2 : -872.1041783322138
improvementE2 : -871.8865721439474
improvementE1 : -871.8852700390174
improvementE1 : -871.883563372213
improvementE3 : -871.845863265981
improvementE2 : -871.845861322013
improvementE2 : -871.6854830360854
improvementE2 : -867.6708542699146
improvementE3 : -867.670852106926
improvementE3 : -867.6707282084346
improvementE1 : -867.6623739040566
improvementE2 : -867.6623472209394
improvementE2 : -866.851830019335
improvementE1 : -866.8416252183005
improvementE3 : -866.8414538501227
improvementE1 : -866.817982294838
improvementE2 : -866.592763552241
improvementE3 : -866.5742409091412
improvementE1 : -866.2090804629298
improvementE1 : -866.1662006806803
improvementE2 : -865.8882779936642
improvementE2 : -865.8882761405627
improvementE1 : -865.8881306245211
improvementE3 : -865.8870740973447
improvementE1 : -865.8870269105363
improvementE1 : -865.8865844087326
improvementE1 : -865.8831175290975
improvementE2 : -865.8830327228584
improvementE2 : -863.9962336695197
improvementE2 : -863.9925120390963
improvementE1 : -847.4000149188074
improvementE2 : -847.3998571381929
improvementE1 : -847.3895273423313
improvementE3 : -847.389511936533
improvementE1 : -847.3762979185714
improvementE2 : -847.3762952316112
improvementE3 : -847.0557496517109
improvementE2 : -847.0557482250273
improvementE3 : -846.7767126765983
improvementE2 : -846.7570782016437
improvementE1 : -846.6771561726481
improvementE3 : -846.6642089012936
improvementE3 : -846.6616714104684
improvementE3 : -846.6614369431896
improvementE2 : -846.5701963690492
improvementE1 : -846.5694086962397
improvementE3 : -846.5594516009065
improvementE2 : -846.5574986844291
improvementE2 : -846.5574909794204
improvementE2 : -846.5574603260227
improvementE3 : -843.0576562698004
improvementE1 : -841.5145991734618
improvementE3 : -840.8556777189627
improvementE1 : -840.8528829824797
improvementE1 : -840.8526535587009
improvementE2 : -840.8523310951123
improvementE2 : -840.8514375674092
improvementE1 : -840.8257182058182
improvementE3 : -840.8246016727815
improvementE1 : -840.8184413037236
improvementE3 : -839.8204937330513
improvementE2 : -838.0316738357488
improvementE2 : -836.0513524137752
improvementE2 : -836.0378653558276
improvementE2 : -836.0344857312197
improvementE3 : -835.08593659203
improvementE1 : -835.0858809842301
improvementE3 : -833.1724380552978
improvementE1 : -833.168897791221
improvementE2 : -833.1688942914244
improvementE2 : -833.1688523752196
improvementE3 : -833.167743855813
improvementE1 : -833.1592448142791
improvementE3 : -833.1570569896103
improvementE2 : -833.1465564655401
improvementE3 : -833.1454471772585
improvementE2 : -830.5762574213223
improvementE3 : -829.9842143184537
improvementE3 : -829.9842035886915
improvementE1 : -829.9806075776668
improvementE2 : -829.9802619820063
improvementE3 : -829.9802561680167
improvementE1 : -829.9797290234271
improvementE3 : -829.978533172438
improvementE1 : -829.9784671799214
improvementE3 : -829.97841793975
improvementE2 : -829.9784166895367
improvementE2 : -829.9784141220063
improvementE3 : -829.9783886894432
improvementE2 : -829.96992991791
improvementE1 : -829.9685040611065
improvementE2 : -829.9665736592956
improvementE3 : -829.9641618617788
improvementE1 : -829.9640097145638
improvementE2 : -829.9634448751319
improvementE3 : -829.963414803519
improvementE3 : -829.9634021214246
improvementE1 : -829.9606137009043
improvementE3 : -829.934891804783
improvementE1 : -829.9348598379546
improvementE3 : -829.9338680686271
improvementE1 : -829.933865201489
improvementE1 : -829.9333476774343
improvementE2 : -829.9333414485694
improvementE1 : -829.9328094340842
improvementE2 : -829.9328022780462
improvementE3 : -829.9324895725664
improvementE1 : -829.9323346316271
improvementE3 : -829.1573237631376
improvementE1 : -825.4172583655776
improvementE3 : -825.391926581721
improvementE1 : -825.3917996005558
improvementE1 : -825.3747419001068
improvementE3 : -825.3740927913929
improvementE2 : -824.7536294433697
improvementE1 : -824.7536215072745
improvementE3 : -824.7444034223823
improvementE2 : -824.7443514004904
improvementE1 : -824.7176306377585
improvementE2 : -824.7175549792527
improvementE3 : -824.7170300650341
improvementE3 : -824.71699067795
improvementE1 : -824.7053174470894
improvementE3 : -824.6354106547765
improvementE1 : -824.6353603288302
improvementE2 : -824.6334140440306
improvementE3 : -824.6333999573591
improvementE1 : -824.5747182282909
improvementE2 : -824.5747132199755
improvementE3 : -824.5738437916463
improvementE2 : -822.7333953630559
improvementE2 : -822.7331155809985
improvementE3 : -822.6714949090713
improvementE1 : -822.6712501218873
improvementE2 : -822.6704736876596
improvementE2 : -820.9417344898139
improvementE3 : -820.9417002755874
improvementE1 : -820.938394167161
improvementE1 : -820.9370395666837
improvementE2 : -820.8037900734421
improvementE2 : -820.7920405232246
improvementE2 : -817.93074504555
improvementE1 : -817.8468187763291
improvementE3 : -817.8464317956607
improvementE1 : -817.8464241629325
improvementE1 : -817.8463637052351
improvementE3 : -817.8393777660716
improvementE3 : -817.8393004951289
improvementE3 : -817.8392985783908
improvementE3 : -817.8383923880054
improvementE2 : -816.4568324135346
improvementE1 : -816.4542051831363
improvementE3 : -816.446693872393
improvementE1 : -816.4466605608118
improvementE1 : -813.7221612225192
improvementE1 : -813.7220815099464
improvementE2 : -813.7220800191028
improvementE2 : -813.7213318779558
improvementE3 : -813.7213272905954
improvementE2 : -813.7213113448539
improvementE1 : -813.7187334154927
improvementE2 : -813.713968966955
improvementE3 : -813.7135749845582
improvementE3 : -813.7128082864044
improvementE3 : -813.7128061021759
improvementE2 : -813.6880285401173
improvementE1 : -813.6816464743704
improvementE3 : -813.6771721774755
improvementE3 : -813.6771350640086
improvementE2 : -813.6770981552071
improvementE2 : -813.6585157508785
improvementE1 : -813.6437612678321
improvementE2 : -813.6436386778711
improvementE1 : -813.6402716885227
improvementE1 : -813.6402671959278
improvementE3 : -813.6402644101141
improvementE1 : -812.1844774764136
improvementE3 : -812.1823827642945
improvementE1 : -812.141602122004
improvementE2 : -812.1415713131904
improvementE1 : -811.8623907853203
improvementE3 : -811.8623626958392
improvementE1 : -811.8584930642985
improvementE2 : -811.8584602119681
improvementE3 : -809.9693440562186
improvementE2 : -809.9693424710159
improvementE1 : -809.879863544337
improvementE1 : -807.6287732512934
improvementE1 : -807.6287036410685
improvementE3 : -807.4484077772207
improvementE1 : -807.4483867167779
improvementE1 : -807.4474094272417
improvementE1 : -807.4274365958762
improvementE2 : -807.4274051735001
improvementE2 : -807.4274034791247
improvementE2 : -807.4164736483216
improvementE1 : -807.4164635151266
improvementE1 : -807.4164571376468
improvementE2 : -807.4144779045849
improvementE2 : -807.4144764302642
improvementE2 : -807.4144724220529
improvementE3 : -807.414464893183
improvementE1 : -807.4144634021608
improvementE1 : -807.4144619585535
improvementE3 : -807.4144351031036
improvementE3 : -804.7666237319361
improvementE3 : -804.7630512794118
improvementE3 : -804.7575029506411
improvementE3 : -804.7573761758124
improvementE3 : -804.7561155319498
improvementE1 : -804.7559461341073
improvementE3 : -803.4703051786943
improvementE1 : -803.4700302599364
improvementE2 : -803.4675714758971
improvementE3 : -803.4630107154536
improvementE2 : -803.4486020787331
improvementE3 : -803.4485802471304
improvementE1 : -803.4485765063467
improvementE2 : -803.4485462205441
improvementE2 : -803.4484237513508
improvementE2 : -803.4482550702138
improvementE1 : -803.4478927706112
improvementE1 : -803.4478846244216
improvementE3 : -803.4478735082845
improvementE1 : -803.4478700058665
improvementE3 : -803.4463962708332
improvementE2 : -803.44634617318
improvementE1 : -803.445036298373
improvementE3 : -803.445008213878
improvementE1 : -803.3934591211055
improvementE3 : -803.3930811340267
improvementE3 : -801.503797196973
improvementE3 : -801.389601828751
improvementE3 : -801.3895911347471
improvementE2 : -801.3895161150458
improvementE1 : -801.3895059331568
improvementE1 : -801.3894686135856
improvementE2 : -801.3894607542787
improvementE3 : -800.7407972700564
improvementE3 : -800.406750467
improvementE3 : -799.3963698392912
improvementE3 : -799.3961969471635
improvementE3 : -799.2111354128892
improvementE1 : -799.2109899801754
improvementE3 : -799.2109837962647
improvementE2 : -799.2109679541677
improvementE2 : -799.2109476425218
improvementE1 : -799.21094638068
improvementE1 : -798.4144994765144
improvementE2 : -798.0136947883583
improvementE3 : -798.0133657356105
improvementE3 : -795.214878056389
improvementE1 : -795.2148718636092
improvementE2 : -795.2148683853275
improvementE2 : -795.214577757094
improvementE2 : -795.2145745654874
improvementE2 : -795.0736603157538
improvementE3 : -795.0731251833839
improvementE3 : -793.1426579230197
improvementE1 : -793.1354254293005
improvementE2 : -793.1352048355811
improvementE2 : -793.13519646039
improvementE2 : -793.1351733502183
improvementE2 : -793.1351040940484
improvementE3 : -793.1090773594448
improvementE2 : -793.1086753599147
improvementE2 : -793.1084511822968
improvementE3 : -793.1084369068041
improvementE1 : -793.1082803205448
improvementE1 : -793.0535657276581
improvementE1 : -793.053313788376
improvementE3 : -789.53158354617
improvementE3 : -789.5315508859047
improvementE3 : -789.5315290523716
improvementE2 : -789.5272263928811
improvementE3 : -789.5271390438882
improvementE1 : -789.5271032086075
improvementE1 : -789.5270964905607
improvementE3 : -789.5213997723731
improvementE2 : -789.5200248302393
improvementE2 : -789.5200059780011
improvementE3 : -789.5200014075342
improvementE3 : -789.5199985709892
improvementE3 : -789.5199974427409
improvementE3 : -789.5199487845059
improvementE3 : -789.5177551664798
improvementE1 : -789.5177360498043
improvementE1 : -789.5175289574811
improvementE1 : -789.513538543075
improvementE3 : -789.5135176281734
improvementE3 : -789.5135158998934
improvementE1 : -789.5135107293692
improvementE2 : -789.5134974677281
improvementE3 : -789.5134963536917
improvementE1 : -789.5117265628451
improvementE2 : -789.5117034363074
improvementE3 : -789.511694222469
improvementE2 : -789.5113899245747
improvementE3 : -789.5111950928059
improvementE1 : -789.4955428320675
improvementE3 : -789.4925365745019
improvementE1 : -789.492528706383
improvementE2 : -789.4844383140969
improvementE2 : -789.4844367163115
improvementE3 : -789.2474488989762
improvementE3 : -789.2474477833711
improvementE1 : -789.2474291330906
improvementE2 : -789.24742365156
improvementE2 : -789.2474098566156
improvementE2 : -789.2474078062107
improvementE1 : -789.2471628463387
improvementE3 : -789.2039104748184
improvementE1 : -789.2039065097869
improvementE1 : -789.2038916344723
improvementE3 : -789.2038848618768
improvementE2 : -789.2031992642098
improvementE1 : -789.2031834789643
improvementE3 : -789.2029377872096
improvementE1 : -789.2028911773858
improvementE1 : -789.202782172035
improvementE1 : -789.2020934677693
improvementE2 : -789.2020919009035
improvementE3 : -785.5645408199388
improvementE2 : -785.5645337629074
improvementE3 : -785.5644675501778
improvementE2 : -783.372888208186
improvementE3 : -783.3609541394499
improvementE2 : -781.7983877386988
improvementE3 : -781.7028435436065
improvementE1 : -781.70273716087
improvementE3 : -781.7027359315725
improvementE2 : -780.8766559140176
improvementE3 : -780.8766219728412
improvementE1 : -780.8682072789395
improvementE3 : -780.8660770999567
improvementE1 : -780.8648600094091
improvementE1 : -780.8648568351728
improvementE2 : -780.8629209445795
improvementE1 : -780.8626509448732
improvementE2 : -780.2706849234941
improvementE2 : -780.2706346172675
improvementE2 : -780.270632333982
improvementE1 : -779.3877342096015
improvementE1 : -779.387730535627
improvementE3 : -779.3877226723296
improvementE3 : -779.3875292999535
improvementE3 : -779.3875220181669
improvementE2 : -779.3874914736725
improvementE2 : -779.3753184607301
improvementE3 : -779.3753172671115
improvementE1 : -779.3737332402591
improvementE2 : -779.3737312069911
improvementE1 : -779.3737294926544
improvementE3 : -779.3733977338762
improvementE3 : -779.3733965182684
improvementE2 : -779.372194452004
improvementE1 : -779.372193270114
improvementE1 : -779.3721917351397
improvementE2 : -779.3721867804744
improvementE3 : -779.371314491116
improvementE3 : -779.3047974697727
improvementE1 : -779.3047021331921
improvementE1 : -779.3046974301078
improvementE1 : -779.3046924474819
improvementE3 : -779.1586536983584
improvementE2 : -779.1586324427867
improvementE2 : -779.1586299296981
improvementE2 : -779.0135646590359
improvementE3 : -779.0095237406803
improvementE3 : -779.0095072651606
improvementE2 : -779.009492094275
improvementE2 : -779.0060780431407
improvementE1 : -779.0060761454245
improvementE1 : -779.0057171010363
improvementE1 : -779.0057075442068
improvementE3 : -777.1016160510409
improvementE1 : -777.1016011406091
improvementE1 : -777.1015873123803
improvementE2 : -777.1015807061988
improvementE2 : -776.9231561779307
improvementE3 : -776.9231480972492
improvementE3 : -776.9231403849791
improvementE1 : -776.9231306460026
improvementE1 : -776.9230020157703
improvementE1 : -776.9229647933986
improvementE3 : -776.9228742105227
improvementE2 : -776.9228588168679
improvementE1 : -776.9195229882506
improvementE2 : -776.9194383559729
improvementE2 : -776.9194357342877
improvementE2 : -776.9194313953304
improvementE2 : -776.908938571886
improvementE1 : -776.9088546708301
improvementE3 : -776.9088525083287
improvementE2 : -776.9088456831008
improvementE1 : -776.9088428985629
improvementE2 : -775.590776735324
improvementE2 : -775.590772101782
improvementE3 : -775.5907252393342
improvementE1 : -775.5906614397489
improvementE3 : -775.590590381116
improvementE3 : -775.5904538434838
improvementE3 : -775.5904513035338
improvementE3 : -775.5904387313797
improvementE2 : -775.5904368983597
improvementE3 : -775.5844206290291
improvementE3 : -775.5843789773716
improvementE1 : -775.584021352925
improvementE2 : -775.5840169915239
improvementE1 : -775.5839828223624
improvementE3 : -775.5839790822146
improvementE3 : -775.583976811884
improvementE3 : -775.5837781330382
improvementE2 : -775.5837530712746
improvementE3 : -775.5835964076938
improvementE3 : -775.5835099016426
improvementE1 : -775.5835046400006
improvementE3 : -775.5835009226076
improvementE3 : -775.5833905477953
improvementE3 : -775.5833880390722
improvementE1 : -775.5833860703468
improvementE1 : -775.5833832939081
improvementE3 : -775.583304041718
improvementE2 : -775.5832828019468
improvementE3 : -775.5832449804539
improvementE1 : -775.5832167435321
improvementE3 : -773.1582972817
improvementE1 : -773.1569120884526
improvementE2 : -773.1569074756552
improvementE1 : -773.0660948550642
improvementE1 : -773.0599090245291
improvementE3 : -773.059904494112
improvementE2 : -773.0598826099662
improvementE2 : -773.0598749879051
improvementE3 : -773.0598694180915
improvementE2 : -773.0598536773401
improvementE2 : -772.9443111623456
improvementE3 : -772.9442836296533
improvementE2 : -772.9442733867093
improvementE1 : -772.9442652386002
improvementE2 : -772.944263330185
improvementE1 : -772.9442570535035
improvementE1 : -772.9442505490296
improvementE3 : -772.9442403383557
improvementE3 : -772.9413041652518
improvementE2 : -772.9412468269804
improvementE3 : -772.9412454289196
improvementE3 : -772.9412436559819
improvementE3 : -772.940635739335
improvementE3 : -772.9325026547299
improvementE2 : -772.9293997478256
improvementE3 : -772.9289832705759
improvementE3 : -772.9286857407369
improvementE2 : -770.333146284458
improvementE2 : -770.3331377618583
improvementE1 : -770.3331361151861
improvementE2 : -770.333134940158
improvementE3 : -770.3331337394388
improvementE3 : -770.3331221218903
improvementE1 : -770.3224844946875
improvementE1 : -770.322179857132
improvementE3 : -770.3221501470333
improvementE1 : -770.3219275712057
improvementE2 : -770.3219137510729
improvementE1 : -770.3218867078594
improvementE3 : -770.3218403687719
improvementE1 : -770.3218261824611
improvementE3 : -770.3217964274653
improvementE1 : -770.3217948036631
improvementE1 : -770.3217933433014
improvementE2 : -770.3217923386147
improvementE3 : -770.3215534547883
improvementE3 : -770.3215394341489
improvementE1 : -770.3215358269482
improvementE2 : -770.3215347360274
improvementE1 : -770.3215315804995
improvementE3 : -770.3215289845917
improvementE2 : -770.3215106903584
improvementE1 : -770.321509431154
improvementE3 : -770.3215061145913
improvementE2 : -770.3214820585498
improvementE1 : -770.321476199197
improvementE2 : -770.3214670088578
improvementE3 : -770.320898142864
improvementE1 : -770.3208970314421
improvementE2 : -770.3208909283649
improvementE2 : -770.160456224949
improvementE2 : -770.1604410752975
improvementE3 : -770.1601566912537
improvementE3 : -770.1601395483717
improvementE1 : -770.1601168457383
improvementE3 : -770.1601152914824
improvementE2 : -770.1601048041507
improvementE3 : -769.8700905034945
improvementE2 : -769.8700694387782
improvementE1 : -769.8700516595417
improvementE3 : -769.867912365533
improvementE1 : -769.8679080423439
improvementE3 : -769.8678796983035
improvementE1 : -769.8678776103271
improvementE3 : -769.8678647470479
improvementE3 : -769.867855983894
improvementE3 : -769.8678457666493
improvementE2 : -769.8678446614132
improvementE3 : -769.8677364271024
improvementE2 : -769.867734630723
improvementE2 : -769.8677331758299
improvementE3 : -769.7934495969154
improvementE1 : -769.7933316355941
improvementE3 : -769.7933302345386
improvementE3 : -769.7932981063296
improvementE2 : -769.7932961654869
improvementE1 : -769.7932764018702
improvementE2 : -769.7932674412463
improvementE1 : -769.793265202398
improvementE3 : -769.6478269896074
improvementE2 : -769.6478233614798
improvementE2 : -769.6474381077951
improvementE1 : -769.6180677677008
improvementE1 : -769.6180566840782
improvementE3 : -769.6180240014314
improvementE3 : -769.6180024363155
improvementE3 : -769.617995104448
improvementE3 : -768.6910420594801
improvementE3 : -768.6910403974491
improvementE3 : -768.6909214363002
improvementE3 : -768.6905193329011
improvementE3 : -768.6905170527677
improvementE1 : -766.2686319015435
improvementE3 : -766.2683204214961
improvementE1 : -766.2683140964762
improvementE1 : -765.485179583286
improvementE1 : -765.4839620894104
improvementE2 : -765.4839610201183
improvementE2 : -765.4816283606979
improvementE3 : -765.4816267277653
improvementE1 : -765.4816247940427
improvementE2 : -765.4395302536952
improvementE3 : -765.4395017213394
improvementE1 : -765.4394658218353
improvementE3 : -765.4394473113764
improvementE3 : -765.4376027433213
improvementE1 : -765.4375917289323
improvementE2 : -765.4375824598195
improvementE1 : -765.4369294941919
improvementE1 : -765.4369228179768
improvementE3 : -765.4368295791212
improvementE3 : -765.4368086357404
improvementE1 : -765.3458314543414
improvementE1 : -765.3458074611393
improvementE1 : -765.3450725323304
improvementE2 : -765.345071146343
improvementE2 : -765.3450692020374
improvementE1 : -765.3450095624006
improvementE1 : -765.3450082004645
improvementE2 : -765.3446919364931
improvementE3 : -765.3443282320806
improvementE3 : -765.3441097954238
improvementE2 : -765.344077653176
improvementE1 : -765.3439027378244
logL = -6603.156024524285
Removing 0 markers
Second round
improvementE3 : -765.3438313833774
improvementE1 : -765.3437363634785
improvementE2 : -765.3279083604453
improvementE2 : -765.3278404700886
improvementE2 : -765.3278161923047
improvementE2 : -765.121564495007
improvementE1 : -765.1215617994296
improvementE3 : -765.1215487142634
improvementE1 : -765.1202409616628
improvementE2 : -765.1202378835912
improvementE1 : -765.12018336032
improvementE1 : -765.1201634152994
improvementE2 : -765.120158983223
improvementE3 : -765.1201308554879
improvementE2 : -765.0765498373996
improvementE3 : -765.076513322284
improvementE1 : -764.872782598215
improvementE3 : -764.8727686782221
improvementE1 : -764.8710888050396
improvementE1 : -764.8710795185839
improvementE3 : -764.8527003428943
improvementE2 : -764.8516663156869
improvementE1 : -764.8516627980025
improvementE1 : -764.8498007134835
improvementE2 : -764.849428326409
improvementE3 : -764.8494178554931
improvementE2 : -764.8493575471084
improvementE2 : -764.8492342164071
improvementE2 : -764.8492284275276
improvementE1 : -764.8492223866579
improvementE1 : -764.8491619014662
improvementE3 : -764.849011583174
improvementE2 : -764.8490005152515
improvementE1 : -764.8489918445835
improvementE3 : -764.8026747067032
improvementE2 : -764.8026709013664
improvementE2 : -764.8026657031658
improvementE3 : -764.8026269032504
improvementE3 : -764.8026251583291
improvementE3 : -764.802329836006
improvementE3 : -764.8022660567138
improvementE1 : -764.8022602558266
improvementE1 : -764.8021369855425
improvementE3 : -764.8021335198605
improvementE3 : -764.802109301324
improvementE1 : -764.8020856565662
improvementE2 : -764.8015975516288
improvementE3 : -764.8015922263304
improvementE2 : -764.8014682992263
improvementE2 : -764.8012553216574
improvementE3 : -764.8012209683998
improvementE1 : -764.8012126949344
improvementE2 : -764.8012055633362
improvementE2 : -764.801149758051
improvementE1 : -764.8011263282956
improvementE2 : -764.8009265066223
improvementE2 : -764.8008869687768
improvementE2 : -764.8008767046481
improvementE1 : -764.8007167796725
improvementE3 : -763.435756622929
improvementE2 : -763.4357544398179
improvementE1 : -763.4357502719512
improvementE3 : -763.1432003879586
improvementE1 : -763.1431967716192
improvementE3 : -763.1431627439559
improvementE3 : -762.3004714087406
improvementE2 : -762.3004670546889
improvementE1 : -762.3004454092909
improvementE1 : -761.9731393135642
improvementE3 : -761.8292148318668
improvementE2 : -761.8292013310224
improvementE3 : -761.8291840182687
improvementE1 : -761.829182837657
improvementE1 : -761.7719009178036
improvementE3 : -761.7718934065407
improvementE1 : -761.5161032499559
improvementE1 : -761.5160823690035
improvementE2 : -761.5160615121994
improvementE2 : -761.5160207278727
improvementE3 : -761.5158978394822
improvementE3 : -761.5158398759423
improvementE2 : -761.5158060374281
improvementE2 : -761.51578602527
improvementE1 : -761.5157181745438
improvementE3 : -761.5157149209266
improvementE2 : -761.5156837972725
improvementE1 : -761.5156001886448
improvementE1 : -761.5153285869011
improvementE2 : -761.5153048285865
improvementE1 : -761.5152966169405
improvementE1 : -761.514897979616
improvementE3 : -761.514884663501
improvementE3 : -761.5138349571283
improvementE2 : -761.5138332556164
improvementE3 : -761.5138321751115
improvementE1 : -761.513638046367
improvementE3 : -761.5060088744065
improvementE2 : -761.5060077095665
improvementE2 : -761.5059962534885
improvementE2 : -761.4142488530498
improvementE1 : -761.4142468370126
improvementE2 : -761.4142127482638
improvementE1 : -761.414208612034
improvementE2 : -761.414199298999
improvementE3 : -761.4140977101582
improvementE1 : -761.2930779628025
improvementE1 : -761.2922835841075
improvementE1 : -761.2922553899567
improvementE2 : -761.2922423555551
improvementE1 : -761.2903866441779
improvementE1 : -761.2903274604038
improvementE1 : -761.2902218286023
improvementE1 : -761.2902157554089
improvementE1 : -761.2885109870008
improvementE3 : -761.2844358223186
improvementE2 : -761.2844346001789
improvementE1 : -761.284432669369
improvementE3 : -761.2844305271659
improvementE2 : -761.2844281083561
improvementE1 : -761.2836330885827
improvementE3 : -761.2836231344395
improvementE1 : -761.2836198161414
improvementE2 : -761.2836163564104
improvementE3 : -761.2836147839348
improvementE1 : -761.2836136023371
improvementE3 : -761.2836042533071
improvementE2 : -760.3936979938487
improvementE1 : -760.3932235186999
improvementE1 : -760.393219017636
improvementE3 : -760.3932131294728
improvementE3 : -760.393207815952
improvementE1 : -760.393143199539
improvementE3 : -760.3930230605018
improvementE3 : -760.3928240420069
improvementE2 : -760.3926386545069
improvementE1 : -760.3926362566034
improvementE2 : -760.3924165393213
improvementE2 : -760.3874734382817
improvementE3 : -760.3874584978382
improvementE2 : -760.3873218286475
improvementE1 : -760.3872999868731
improvementE3 : -760.3872980205912
improvementE3 : -760.3872619999163
improvementE2 : -760.3872609852384
improvementE2 : -760.3872541150095
improvementE2 : -760.3872505230166
improvementE3 : -760.3872465306287
improvementE3 : -760.3872160072547
improvementE3 : -760.3869900123427
improvementE2 : -760.3869676292993
improvementE3 : -760.3869414186893
improvementE1 : -760.3869403092148
improvementE3 : -760.3869351941331
improvementE1 : -760.3869077168307
improvementE3 : -760.3868834768006
improvementE3 : -760.3868699653091
improvementE1 : -760.3868666064454
improvementE2 : -760.3868624075109
improvementE1 : -760.386851707295
improvementE1 : -760.3868381234904
improvementE2 : -760.3868357189252
improvementE1 : -760.3867977697053
improvementE1 : -760.38679632315
improvementE2 : -760.386792824474
improvementE1 : -760.3866683575582
improvementE3 : -760.3866659961112
improvementE2 : -760.3866628171797
improvementE1 : -760.386661449557
improvementE3 : -760.386659474394
improvementE3 : -760.3866581378123
improvementE3 : -760.3866243365228
improvementE3 : -760.386606898772
improvementE3 : -760.3866048032478
improvementE3 : -760.3866028926253
improvementE3 : -760.3865507547216
