0->0 : 0
0->1 : 0
0->2 : 0
       Error rate = 0.0
1->0 : 0
1->1 : 0
1->2 : 0
       Error rate = 0.0
2->0 : 0
2->1 : 0
2->2 : 0
       Error rate = 0.0
0,2->0,2 : 1181913
  0,2->1 : 0
1,2->1,2 : 0
  1,2->0 : 0
       Error rate = 0.0
Maternally informative markers = 0 (of 10219)
Paternally informative markers = 10219
Maternally or paternally informative markers = 10219
Removed 0 children
Removed 0 markers
Number of LGs = 45
***Family = fam_08 chromosome = 31 numMarkers = 164 maternal informative markers 0 (paternal informative markers 164)
***Family = fam_01 chromosome = 31 numMarkers = 164 maternal informative markers 0 (paternal informative markers 163)
***Family = fam_09 chromosome = 31 numMarkers = 164 maternal informative markers 0 (paternal informative markers 164)
164->134
134->134
All pairs
join 79 and 117 score = 0.0 sizes 1,1
join 79 and 133 score = 0.0 sizes 2,1
join 4 and 92 score = 0.0 sizes 1,1
join 4 and 55 score = 0.0 sizes 2,1
join 19 and 105 score = 0.0 sizes 1,1
join 112 and 128 score = 0.0 sizes 1,1
join 104 and 133 score = 0.0 sizes 1,3
join 19 and 104 score = 0.0 sizes 2,4
join 55 and 124 score = 0.0 sizes 3,1
join 3 and 122 score = 0.0 sizes 1,1
join 32 and 49 score = 0.0 sizes 1,1
join 65 and 127 score = 0.0 sizes 1,1
join 60 and 65 score = 0.0 sizes 1,2
join 60 and 96 score = 0.0 sizes 3,1
join 18 and 61 score = 0.0 sizes 1,1
join 18 and 116 score = 0.0 sizes 2,1
join 39 and 102 score = 0.0 sizes 1,1
join 5 and 86 score = 0.0 sizes 1,1
join 46 and 56 score = 0.0 sizes 1,1
join 56 and 82 score = 0.0 sizes 2,1
join 62 and 72 score = 0.0 sizes 1,1
join 57 and 72 score = 0.0 sizes 1,2
join 39 and 116 score = 0.0 sizes 2,3
join 102 and 129 score = 0.0 sizes 5,1
join 36 and 129 score = 0.0 sizes 1,6
join 36 and 117 score = 0.0 sizes 7,6
join 3 and 21 score = 0.0 sizes 2,1
join 61 and 110 score = 0.0 sizes 13,1
join 41 and 110 score = 0.0 sizes 1,14
join 103 and 111 score = 0.0 sizes 1,1
join 40 and 69 score = 0.0 sizes 1,1
join 45 and 120 score = 0.0 sizes 1,1
join 35 and 126 score = 0.0 sizes 1,1
join 98 and 126 score = 0.0 sizes 1,2
join 38 and 85 score = 0.0 sizes 1,1
join 38 and 74 score = 0.0 sizes 2,1
join 11 and 74 score = 0.0 sizes 1,3
join 7 and 101 score = 0.0 sizes 1,1
join 7 and 92 score = 0.0 sizes 2,4
join 70 and 124 score = 0.0 sizes 1,6
join 1 and 111 score = 0.0 sizes 1,2
join 21 and 103 score = 0.0 sizes 3,3
join 42 and 105 score = 0.0 sizes 1,15
join 83 and 96 score = 0.0 sizes 1,4
join 41 and 127 score = 0.0 sizes 16,5
join 85 and 94 score = 0.0 sizes 4,1
join 46 and 83 score = 0.0 sizes 3,21
join 82 and 90 score = 0.0 sizes 24,1
join 44 and 57 score = 0.0 sizes 1,3
join 44 and 112 score = 0.0 sizes 4,2
join 100 and 128 score = 0.0 sizes 1,6
join 25 and 42 score = 0.0 sizes 1,25
join 52 and 106 score = 0.0 sizes 1,1
join 30 and 53 score = 0.0 sizes 1,1
join 10 and 30 score = 0.0 sizes 1,2
join 6 and 113 score = 0.0 sizes 1,1
join 6 and 59 score = 0.0 sizes 2,1
join 40 and 59 score = 0.0 sizes 2,3
join 51 and 69 score = 0.0 sizes 1,5
join 1 and 130 score = 0.0 sizes 6,1
join 106 and 122 score = 0.0 sizes 2,7
join 73 and 130 score = 0.0 sizes 1,9
join 86 and 89 score = 0.0 sizes 2,1
join 89 and 131 score = 0.0 sizes 3,1
join 76 and 123 score = 0.0 sizes 1,1
join 76 and 100 score = 0.0 sizes 2,7
join 24 and 123 score = 0.0 sizes 1,9
join 26 and 32 score = 0.0 sizes 1,2
join 26 and 107 score = 0.0 sizes 3,1
join 10 and 87 score = 0.0 sizes 3,1
All pairs
join 68 and 99 score = 0.0 sizes 1,1
join 8 and 68 score = 0.0 sizes 1,2
join 12 and 78 score = 0.0 sizes 1,1
join 31 and 78 score = 0.0 sizes 1,2
join 20 and 53 score = 0.0 sizes 1,4
join 22 and 37 score = 0.0 sizes 1,1
join 52 and 75 score = 0.0 sizes 10,1
join 14 and 75 score = 0.0 sizes 1,11
join 35 and 66 score = 0.0 sizes 3,1
join 37 and 108 score = 0.0 sizes 2,1
join 81 and 121 score = 0.0 sizes 1,1
join 63 and 90 score = 0.0 sizes 1,26
join 13 and 31 score = 0.0 sizes 1,3
join 77 and 125 score = 0.0 sizes 1,1
join 20 and 131 score = 0.0048543689320388345 sizes 5,4
join 54 and 64 score = 0.0 sizes 1,1
join 0 and 115 score = 0.0 sizes 1,1
join 80 and 109 score = 0.007042253521126761 sizes 1,1
join 80 and 95 score = 0.0 sizes 2,1
join 93 and 114 score = 0.007246376811594203 sizes 1,1
join 28 and 114 score = 0.0 sizes 1,2
join 16 and 120 score = 0.006097560975609756 sizes 1,2
join 99 and 109 score = 0.007142857142857143 sizes 3,3
join 8 and 66 score = 0.007874015748031496 sizes 6,4
join 0 and 64 score = 0.0 sizes 2,2
join 14 and 101 score = 0.0064516129032258064 sizes 12,7
join 2 and 22 score = 0.005376344086021506 sizes 1,3
join 62 and 87 score = 0.007462686567164179 sizes 10,9
join 34 and 48 score = 0.0 sizes 1,1
join 88 and 97 score = 0.0 sizes 1,1
join 28 and 88 score = 0.0106951871657754 sizes 3,2
join 15 and 93 score = 0.007194244604316547 sizes 1,5
join 71 and 132 score = 0.0 sizes 1,1
join 58 and 132 score = 0.0 sizes 1,2
join 29 and 45 score = 0.007407407407407408 sizes 1,3
join 23 and 51 score = 0.00625 sizes 1,6
join 27 and 71 score = 0.0 sizes 1,3
join 27 and 115 score = 0.0 sizes 4,4
join 33 and 58 score = 0.0 sizes 1,8
join 47 and 77 score = 0.0 sizes 1,2
join 12 and 107 score = 0.012738853503184714 sizes 4,4
join 84 and 125 score = 0.007352941176470588 sizes 1,3
join 63 and 73 score = 0.007142857142857143 sizes 27,19
join 2 and 34 score = 0.0 sizes 4,2
join 91 and 97 score = 0.0 sizes 1,6
join 11 and 98 score = 0.015873015873015872 sizes 5,10
join 16 and 95 score = 0.011111111111111112 sizes 4,15
join 29 and 84 score = 0.016129032258064516 sizes 19,4
join 23 and 49 score = 0.012987012987012988 sizes 7,8
join 13 and 50 score = 0.0 sizes 15,1
join 113 and 121 score = 0.018072289156626505 sizes 16,2
join 54 and 91 score = 0.0 sizes 9,7
join 9 and 48 score = 0.0 sizes 1,6
join 108 and 119 score = 0.014184397163120567 sizes 7,1
join 5 and 70 score = 0.012658227848101266 sizes 19,46
join 15 and 94 score = 0.01935483870967742 sizes 16,23
join 17 and 81 score = 0.0379746835443038 sizes 1,18
join 9 and 50 score = 0.03571428571428571 sizes 8,19
All pairs
join 47 and 118 score = 0.037037037037037035 sizes 39,1
join 17 and 67 score = 0.13333333333333333 sizes 27,1
join 24 and 119 score = 0.1774193548387097 sizes 65,28
join 43 and 118 score = 0.14285714285714285 sizes 1,40
join 43 and 67 score = 0.3333333333333333 sizes 41,93
score = 1.1363686634525574
improvementE2 : -385.2736255315953
improvementE3 : -385.26284499951714
improvementE1 : -381.89057216300307
improvementE3 : -381.7917151579103
improvementE3 : -381.7916511489458
improvementE2 : -381.7915917462779
improvementE3 : -381.76872131107064
improvementE2 : -381.7686970758899
improvementE3 : -381.5803344732924
improvementE1 : -381.5802197686711
improvementE3 : -381.58020967961386
improvementE3 : -381.38987882791866
improvementE3 : -381.29824729621305
improvementE3 : -381.20357448228896
improvementE2 : -381.20322691008835
improvementE1 : -381.2018749983116
improvementE1 : -381.2013167493189
improvementE3 : -381.20127818533086
improvementE3 : -381.0869395120001
improvementE3 : -381.0790633510683
improvementE3 : -380.9953910281725
improvementE3 : -380.99538519958276
improvementE1 : -380.8521438875538
improvementE3 : -380.68535319142995
improvementE3 : -380.6775260292477
improvementE2 : -380.01148038284805
improvementE3 : -379.9765251122717
improvementE2 : -379.8593107245567
improvementE3 : -378.2516525542907
improvementE1 : -378.25165011183265
improvementE2 : -378.25164507182717
improvementE1 : -378.251621538631
improvementE2 : -378.2515944339724
improvementE3 : -378.24983330347567
improvementE1 : -378.24971004137643
improvementE3 : -378.1934534001094
improvementE2 : -378.1906212214585
improvementE2 : -378.19061726179143
improvementE2 : -361.91231665919776
improvementE3 : -361.8245393513106
improvementE2 : -304.14894935029184
improvementE3 : -304.14893021033305
improvementE3 : -304.1485365188058
improvementE2 : -302.61454149061564
improvementE2 : -302.6145329582517
improvementE2 : -302.3896763084332
improvementE3 : -302.38950214117995
improvementE1 : -302.3890494021513
improvementE2 : -302.37368870046606
improvementE1 : -302.37364960441755
improvementE3 : -302.37209933867877
improvementE1 : -302.36572353386964
improvementE1 : -302.3653919261264
improvementE2 : -302.36470284582595
improvementE3 : -302.36465726349024
improvementE2 : -302.2883757477182
improvementE2 : -302.28819821477936
improvementE3 : -302.2881517648451
improvementE3 : -302.275330877271
improvementE3 : -302.22927624521907
improvementE3 : -302.22800155366116
improvementE1 : -302.22650525100056
improvementE2 : -302.226500229379
improvementE3 : -302.22649232886
improvementE3 : -302.2264856743825
improvementE1 : -302.22648315561327
improvementE3 : -302.22581885004723
improvementE1 : -302.223594358155
improvementE3 : -302.2156057707624
improvementE2 : -302.13653415160417
improvementE3 : -302.1365301407833
improvementE1 : -302.1365259324944
improvementE1 : -302.1365218020436
improvementE1 : -302.13650886401723
improvementE3 : -302.13198891481574
improvementE3 : -302.12611335142367
improvementE2 : -302.12600770284513
improvementE3 : -302.12600659971207
improvementE2 : -302.1259986193992
improvementE3 : -302.1259968728928
improvementE3 : -302.1176670972328
improvementE2 : -302.11766551515655
improvementE1 : -302.1176436362296
improvementE3 : -302.11761670180937
improvementE2 : -302.11761569261347
improvementE1 : -302.116960798676
improvementE2 : -298.81958593990475
improvementE3 : -298.8190745659107
improvementE3 : -298.8190708901947
improvementE3 : -298.81903304852943
improvementE2 : -298.80808638407234
improvementE1 : -298.80808316463884
improvementE1 : -298.80805024909074
improvementE3 : -298.8080139743038
improvementE1 : -298.7840717055598
improvementE3 : -298.78402934731287
improvementE3 : -298.7840002090759
improvementE3 : -297.6983268173274
improvementE2 : -297.69822118634517
improvementE2 : -297.69820481554495
improvementE1 : -297.69819934824477
improvementE1 : -297.6979697625354
improvementE2 : -297.6979687181005
improvementE3 : -297.69795973477216
improvementE3 : -297.69788311569107
improvementE3 : -296.4831055773661
improvementE3 : -296.0101625758301
improvementE2 : -296.01015092807614
improvementE3 : -296.0101445530713
improvementE3 : -296.0099048582129
improvementE3 : -296.0099030952633
improvementE3 : -296.00990204095643
improvementE2 : -294.54065543051985
improvementE2 : -294.54064355548917
improvementE2 : -294.5405797695443
improvementE1 : -294.5405418021742
improvementE3 : -294.5390115226944
improvementE2 : -294.5390104357643
improvementE3 : -294.538897390904
improvementE1 : -294.5388759230174
improvementE3 : -294.5386158982671
improvementE3 : -294.5202056208745
improvementE1 : -294.52016558433104
improvementE3 : -294.52012044426976
improvementE2 : -294.520116159779
improvementE1 : -294.34504111545755
improvementE3 : -294.2623204679907
improvementE3 : -294.262305258247
improvementE2 : -294.19182826977203
improvementE3 : -294.15690798137217
improvementE2 : -294.1569068861854
improvementE1 : -294.1569003982908
improvementE1 : -292.32632839139166
improvementE1 : -292.32629283999046
improvementE2 : -292.3262912520715
improvementE3 : -292.3262866709706
improvementE3 : -292.3126865367367
improvementE3 : -292.31268473554553
improvementE2 : -292.31268218863414
logL = -2158.5752783189077
Removing 0 markers
Second round
improvementE1 : -292.24727249133156
improvementE2 : -292.247270611481
improvementE2 : -289.6622205933118
improvementE3 : -289.6619052408345
improvementE2 : -289.6619039979935
improvementE2 : -289.66188191607773
