0->0 : 0
0->1 : 0
0->2 : 0
       Error rate = 0.0
1->0 : 0
1->1 : 0
1->2 : 0
       Error rate = 0.0
2->0 : 0
2->1 : 0
2->2 : 0
       Error rate = 0.0
0,2->0,2 : 1181913
  0,2->1 : 0
1,2->1,2 : 0
  1,2->0 : 0
       Error rate = 0.0
Maternally informative markers = 0 (of 10219)
Paternally informative markers = 10219
Maternally or paternally informative markers = 10219
Removed 0 children
Removed 0 markers
Number of LGs = 45
***Family = fam_08 chromosome = 13 numMarkers = 246 maternal informative markers 0 (paternal informative markers 246)
***Family = fam_01 chromosome = 13 numMarkers = 246 maternal informative markers 0 (paternal informative markers 246)
***Family = fam_09 chromosome = 13 numMarkers = 246 maternal informative markers 0 (paternal informative markers 246)
246->202
202->202
All pairs
join 70 and 88 score = 0.0 sizes 1,1
join 78 and 156 score = 0.0 sizes 1,1
join 78 and 183 score = 0.0 sizes 2,1
join 22 and 127 score = 0.0 sizes 1,1
join 15 and 127 score = 0.0 sizes 1,2
join 22 and 70 score = 0.0 sizes 3,2
join 39 and 88 score = 0.0 sizes 1,5
join 15 and 190 score = 0.0 sizes 6,1
join 41 and 110 score = 0.0 sizes 1,1
join 52 and 74 score = 0.0 sizes 1,1
join 120 and 128 score = 0.0 sizes 1,1
join 4 and 125 score = 0.0 sizes 1,1
join 106 and 194 score = 0.0 sizes 1,1
join 46 and 156 score = 0.0 sizes 1,3
join 4 and 41 score = 0.0 sizes 2,2
join 133 and 183 score = 0.0 sizes 1,4
join 27 and 92 score = 0.0 sizes 1,1
join 39 and 79 score = 0.0 sizes 7,1
join 55 and 171 score = 0.0 sizes 1,1
join 160 and 171 score = 0.0 sizes 1,2
join 37 and 160 score = 0.0 sizes 1,3
join 67 and 146 score = 0.0 sizes 1,1
join 67 and 140 score = 0.0 sizes 2,1
join 140 and 200 score = 0.0 sizes 3,1
join 87 and 102 score = 0.0 sizes 1,1
join 53 and 87 score = 0.0 sizes 1,2
join 56 and 74 score = 0.0 sizes 1,2
join 111 and 201 score = 0.0 sizes 1,1
join 55 and 111 score = 0.0 sizes 4,2
join 118 and 159 score = 0.0 sizes 1,1
join 102 and 146 score = 0.0 sizes 3,4
join 64 and 86 score = 0.0 sizes 1,1
join 133 and 179 score = 0.0 sizes 5,1
join 46 and 200 score = 0.0 sizes 6,7
join 79 and 125 score = 0.0 sizes 8,4
join 44 and 190 score = 0.0 sizes 1,12
join 9 and 110 score = 0.0 sizes 1,13
join 9 and 73 score = 0.0 sizes 14,1
join 43 and 73 score = 0.0 sizes 1,15
join 76 and 131 score = 0.0 sizes 1,1
join 36 and 131 score = 0.0 sizes 1,2
join 36 and 194 score = 0.0 sizes 3,2
join 2 and 26 score = 0.0 sizes 1,1
join 2 and 94 score = 0.0 sizes 2,1
join 81 and 95 score = 0.0 sizes 1,1
join 81 and 184 score = 0.0 sizes 2,1
join 92 and 116 score = 0.0 sizes 2,1
join 27 and 98 score = 0.0 sizes 3,1
join 76 and 139 score = 0.0 sizes 5,1
join 18 and 112 score = 0.0 sizes 1,1
join 147 and 184 score = 0.0 sizes 1,3
join 50 and 147 score = 0.0 sizes 1,4
join 43 and 50 score = 0.0 sizes 16,5
join 44 and 53 score = 0.0 sizes 21,13
join 114 and 177 score = 0.0 sizes 1,1
join 114 and 192 score = 0.0 sizes 2,1
join 113 and 172 score = 0.0 sizes 1,1
join 116 and 192 score = 0.0 sizes 4,3
join 148 and 191 score = 0.0 sizes 1,1
join 69 and 138 score = 0.0 sizes 1,1
join 25 and 69 score = 0.0 sizes 1,2
join 179 and 199 score = 0.0 sizes 34,1
join 25 and 170 score = 0.0 sizes 3,1
join 17 and 30 score = 0.0 sizes 1,1
join 106 and 180 score = 0.0 sizes 6,1
join 153 and 180 score = 0.0 sizes 1,7
join 17 and 139 score = 0.0 sizes 2,8
join 84 and 95 score = 0.0 sizes 1,35
join 3 and 128 score = 0.0 sizes 1,2
join 32 and 37 score = 0.0 sizes 1,6
join 32 and 159 score = 0.0 sizes 7,2
join 96 and 201 score = 0.0 sizes 1,9
join 161 and 195 score = 0.0 sizes 1,1
join 134 and 195 score = 0.0 sizes 1,2
join 93 and 108 score = 0.0 sizes 1,1
join 38 and 80 score = 0.0 sizes 1,1
join 38 and 100 score = 0.0 sizes 2,1
join 80 and 142 score = 0.0 sizes 3,1
join 84 and 89 score = 0.0 sizes 36,1
join 115 and 199 score = 0.0 sizes 1,37
join 97 and 115 score = 0.0 sizes 1,38
join 58 and 97 score = 0.0 sizes 1,39
join 58 and 154 score = 0.0 sizes 40,1
join 28 and 52 score = 0.0 sizes 1,3
join 56 and 104 score = 0.0 sizes 4,1
join 108 and 134 score = 0.0 sizes 2,3
join 122 and 161 score = 0.0 sizes 1,5
join 105 and 122 score = 0.0 sizes 1,6
join 8 and 105 score = 0.0 sizes 1,7
join 82 and 144 score = 0.0 sizes 1,1
join 82 and 197 score = 0.0 sizes 2,1
join 178 and 189 score = 0.0 sizes 1,1
join 135 and 189 score = 0.0 sizes 1,2
join 172 and 178 score = 0.0 sizes 2,3
join 113 and 119 score = 0.0 sizes 5,1
join 1 and 68 score = 0.0 sizes 1,1
join 1 and 94 score = 0.0 sizes 2,3
join 138 and 157 score = 0.0 sizes 4,1
join 64 and 120 score = 0.0 sizes 2,3
join 91 and 158 score = 0.0 sizes 1,1
join 48 and 168 score = 0.0 sizes 1,1
join 48 and 107 score = 0.0 sizes 2,1
join 19 and 149 score = 0.0 sizes 1,1
join 60 and 107 score = 0.0 sizes 1,3
join 148 and 177 score = 0.0 sizes 2,7
join 90 and 191 score = 0.0 sizes 1,9
join 98 and 118 score = 0.0 sizes 10,10
All pairs
join 10 and 59 score = 0.0 sizes 1,1
join 21 and 109 score = 0.0 sizes 1,1
join 30 and 136 score = 0.0 sizes 10,1
join 83 and 154 score = 0.0 sizes 1,41
join 8 and 19 score = 0.0 sizes 8,2
join 47 and 152 score = 0.0 sizes 1,1
join 152 and 162 score = 0.0 sizes 2,1
join 18 and 142 score = 0.0 sizes 2,4
join 112 and 181 score = 0.0 sizes 6,1
join 28 and 176 score = 0.0 sizes 5,1
join 166 and 168 score = 0.0 sizes 1,4
join 51 and 198 score = 0.0 sizes 1,1
join 34 and 51 score = 0.0 sizes 1,2
join 75 and 90 score = 0.0 sizes 1,20
join 12 and 96 score = 0.0 sizes 1,21
join 57 and 123 score = 0.0 sizes 1,1
join 72 and 91 score = 0.006172839506172839 sizes 1,2
join 100 and 124 score = 0.006134969325153374 sizes 7,1
join 59 and 132 score = 0.0 sizes 2,1
join 158 and 187 score = 0.0 sizes 3,1
join 20 and 72 score = 0.0 sizes 1,4
join 187 and 188 score = 0.0 sizes 5,1
join 24 and 163 score = 0.0 sizes 1,1
join 3 and 68 score = 0.006134969325153374 sizes 5,5
join 66 and 119 score = 0.006493506493506494 sizes 1,6
join 109 and 126 score = 0.006329113924050633 sizes 2,1
join 5 and 124 score = 0.005235602094240838 sizes 1,8
join 13 and 144 score = 0.006097560975609756 sizes 1,3
join 20 and 57 score = 0.0 sizes 6,2
join 86 and 188 score = 0.0 sizes 10,8
join 42 and 123 score = 0.0 sizes 1,18
join 6 and 157 score = 0.007575757575757576 sizes 1,5
join 6 and 186 score = 0.0 sizes 6,1
join 16 and 40 score = 0.0 sizes 1,1
join 34 and 173 score = 0.0 sizes 3,1
join 14 and 198 score = 0.0 sizes 1,4
join 117 and 129 score = 0.0 sizes 1,1
join 93 and 176 score = 0.005988023952095809 sizes 10,6
join 54 and 149 score = 0.006711409395973154 sizes 1,16
join 5 and 185 score = 0.0 sizes 9,1
join 163 and 185 score = 0.0 sizes 2,10
join 71 and 164 score = 0.0 sizes 1,1
join 103 and 173 score = 0.0 sizes 1,5
join 14 and 61 score = 0.0 sizes 6,1
join 29 and 85 score = 0.0 sizes 1,1
join 151 and 175 score = 0.0 sizes 1,1
join 7 and 136 score = 0.007936507936507936 sizes 1,11
join 7 and 166 score = 0.0 sizes 12,5
join 29 and 145 score = 0.0 sizes 2,1
join 11 and 85 score = 0.0 sizes 1,3
join 49 and 145 score = 0.0 sizes 1,4
join 49 and 182 score = 0.0 sizes 5,1
join 11 and 35 score = 0.0 sizes 6,1
join 174 and 182 score = 0.0 sizes 1,7
join 117 and 174 score = 0.0 sizes 2,8
join 45 and 151 score = 0.0 sizes 1,2
join 169 and 175 score = 0.0 sizes 1,3
join 16 and 169 score = 0.0 sizes 2,4
join 40 and 103 score = 0.0 sizes 6,7
join 45 and 130 score = 0.0 sizes 13,1
join 143 and 193 score = 0.0 sizes 1,1
join 99 and 193 score = 0.0 sizes 1,2
join 99 and 129 score = 0.0 sizes 3,10
join 164 and 196 score = 0.0 sizes 2,1
join 47 and 77 score = 0.007518796992481203 sizes 3,1
join 61 and 121 score = 0.0 sizes 14,1
join 62 and 135 score = 0.0 sizes 1,7
join 71 and 165 score = 0.0 sizes 3,1
join 42 and 167 score = 0.0 sizes 19,1
join 62 and 165 score = 0.02127659574468085 sizes 8,4
join 66 and 186 score = 0.019867549668874173 sizes 12,7
join 21 and 89 score = 0.014598540145985401 sizes 3,42
join 141 and 196 score = 0.019230769230769232 sizes 1,19
join 12 and 126 score = 0.018518518518518517 sizes 22,45
join 63 and 150 score = 0.0 sizes 1,1
join 24 and 63 score = 0.017241379310344827 sizes 12,2
join 31 and 35 score = 0.0 sizes 1,13
join 0 and 13 score = 0.012578616352201259 sizes 1,4
join 26 and 54 score = 0.025806451612903226 sizes 20,17
join 101 and 167 score = 0.0 sizes 1,37
join 75 and 153 score = 0.02112676056338028 sizes 67,17
join 60 and 181 score = 0.025 sizes 84,14
join 33 and 65 score = 0.0 sizes 1,1
All pairs
join 150 and 155 score = 0.038461538461538464 sizes 98,1
join 31 and 121 score = 0.03571428571428571 sizes 14,15
join 132 and 162 score = 0.05806451612903226 sizes 3,4
join 23 and 155 score = 0.037037037037037035 sizes 1,99
join 23 and 143 score = 0.07692307692307693 sizes 100,29
join 33 and 141 score = 0.0851063829787234 sizes 2,20
join 10 and 104 score = 0.07246376811594203 sizes 7,38
join 0 and 170 score = 0.09876543209876543 sizes 5,22
join 137 and 197 score = 0.10714285714285714 sizes 1,27
join 65 and 130 score = 0.1935483870967742 sizes 28,129
join 77 and 83 score = 0.2751677852348993 sizes 45,157
score = 1.3519693055772926
improvementE2 : -472.8235217511164
improvementE3 : -472.82150585191965
improvementE3 : -472.8215030229331
improvementE1 : -472.82150149661004
improvementE2 : -472.6028341156416
improvementE3 : -472.6017819338791
improvementE2 : -472.60147675349197
improvementE1 : -472.59699369355735
improvementE1 : -472.59699260065963
improvementE2 : -472.5961090073721
improvementE3 : -472.595246928503
improvementE1 : -472.5520412497513
improvementE2 : -472.5520399256367
improvementE2 : -472.55160797803893
improvementE2 : -472.5505849045998
improvementE3 : -472.43027026226304
improvementE1 : -472.4299522811618
improvementE3 : -472.34880198090286
improvementE2 : -472.3487969911631
improvementE2 : -472.3487904913041
improvementE1 : -472.3300581002873
improvementE3 : -472.3296374274306
improvementE2 : -472.2416278414624
improvementE3 : -472.241601395549
improvementE2 : -472.2410153744032
improvementE1 : -472.20303606136355
improvementE3 : -472.20303193323554
improvementE2 : -472.20271305960785
improvementE2 : -472.202475882342
improvementE2 : -456.15563653397356
improvementE3 : -456.1555452570303
improvementE2 : -446.16336191818243
improvementE2 : -446.160789169077
improvementE3 : -446.0780167341553
improvementE1 : -445.74249539985834
improvementE3 : -445.6033582837343
improvementE3 : -445.6017540955837
improvementE3 : -445.5113131683715
improvementE2 : -445.4329439981237
improvementE3 : -445.43286714408595
improvementE3 : -442.6329480149669
improvementE2 : -442.54182767220277
improvementE1 : -442.52656114902896
improvementE1 : -442.36718336624307
improvementE2 : -442.2150296104083
improvementE3 : -442.2141770932008
improvementE2 : -442.2141725330531
improvementE2 : -442.2102799621506
improvementE2 : -442.21027837721545
improvementE3 : -442.21027351770374
improvementE3 : -442.2102466670659
improvementE3 : -440.0073067689196
improvementE2 : -440.0073041886793
improvementE2 : -440.00730048849124
improvementE1 : -440.0067521888683
improvementE3 : -440.0067509203021
improvementE1 : -440.0067070132677
improvementE2 : -439.99524031310034
improvementE3 : -439.99523863502225
improvementE2 : -439.9105154100012
improvementE3 : -439.9103971745663
improvementE1 : -439.9103345250161
improvementE3 : -439.9103319120823
improvementE2 : -439.9103270419172
improvementE3 : -439.9103252884034
improvementE1 : -439.9103240825781
improvementE3 : -439.9102781044603
improvementE3 : -439.816124887571
improvementE2 : -438.73037199536435
improvementE3 : -438.64367087693876
improvementE3 : -437.6566925147188
improvementE3 : -437.65669089927997
improvementE2 : -437.46130357822295
improvementE3 : -436.99667607366695
improvementE3 : -436.9961475213195
improvementE3 : -436.99612565391163
improvementE2 : -436.82258637913225
improvementE3 : -436.8225727688865
improvementE3 : -436.8127223642161
improvementE3 : -436.7721748725266
improvementE3 : -432.9484985432262
improvementE3 : -432.9484712454136
improvementE1 : -430.64284780835885
improvementE3 : -430.64284511521555
improvementE2 : -430.6428347140179
improvementE2 : -430.642718296941
improvementE2 : -430.64268742008875
improvementE3 : -424.287723280937
improvementE2 : -424.2875238059541
improvementE1 : -424.28748742693136
improvementE2 : -424.28747583381494
improvementE2 : -424.28746370797
improvementE2 : -424.2874582094795
improvementE2 : -424.28741650154245
improvementE2 : -424.28741490937034
improvementE2 : -424.2873958806987
improvementE3 : -424.2873944060254
improvementE2 : -423.66953214596003
improvementE1 : -423.6694140051058
improvementE1 : -423.6694105460537
improvementE3 : -423.66940914788785
improvementE3 : -423.66936224054126
improvementE2 : -423.6506841933775
improvementE3 : -421.14052162049575
improvementE2 : -421.14043417074777
improvementE1 : -421.1399711657118
improvementE2 : -421.13996714050165
improvementE2 : -421.1398648259257
improvementE3 : -420.977219056002
improvementE1 : -420.97721575761244
improvementE3 : -420.9772031385649
improvementE1 : -420.97717275745833
improvementE1 : -420.9771207509258
improvementE1 : -420.80055832263685
improvementE1 : -419.7402455237221
improvementE3 : -419.7401305183556
improvementE2 : -419.73886068924367
improvementE3 : -419.6495798448826
improvementE2 : -417.01801927809817
improvementE1 : -417.0179623420347
improvementE3 : -416.9435962661096
improvementE2 : -416.9435691461058
improvementE1 : -416.94353849819333
improvementE1 : -415.8585846255954
improvementE1 : -415.85858091598857
improvementE3 : -415.8585789456767
improvementE2 : -413.9353781506782
improvementE1 : -413.9353583898383
improvementE1 : -413.93535328915914
improvementE3 : -412.0167784619507
improvementE3 : -412.01300428587615
improvementE3 : -412.01274836623014
improvementE2 : -412.00451059224923
improvementE2 : -411.87025418223726
improvementE2 : -411.40053497634534
improvementE3 : -411.4005173850195
improvementE3 : -411.4005151561815
improvementE3 : -411.40050899873296
improvementE3 : -409.724980190078
improvementE2 : -409.7249290219635
improvementE1 : -409.7249251452961
improvementE3 : -404.4342588922262
improvementE1 : -404.43421860325236
improvementE3 : -404.4333742302522
improvementE2 : -404.4323676797237
improvementE3 : -404.4320058280215
improvementE2 : -404.4255808745839
improvementE2 : -404.4255797797858
improvementE2 : -404.4236258697058
improvementE3 : -404.42343968146923
improvementE1 : -402.69636620293454
improvementE3 : -402.6963631061553
improvementE2 : -402.68918315690996
improvementE3 : -402.6889801718212
improvementE2 : -402.688965897767
improvementE2 : -402.68896177589903
improvementE3 : -402.688820677817
improvementE3 : -402.6888194644301
improvementE3 : -402.68879160052046
improvementE1 : -402.688789959905
improvementE1 : -402.67878498131813
improvementE2 : -402.6450814513876
improvementE2 : -402.64483649331476
improvementE2 : -402.6348902174495
improvementE3 : -402.6333202239062
improvementE2 : -402.03657024990395
improvementE1 : -399.83512106814914
improvementE1 : -399.83509190375594
improvementE1 : -399.83508448443615
improvementE3 : -399.8350817744233
improvementE1 : -399.8350765075437
improvementE3 : -399.83507405273184
improvementE1 : -399.83500904206767
improvementE2 : -399.8350070339209
improvementE3 : -399.83121631668354
improvementE1 : -399.8253270813865
improvementE2 : -399.82529281455004
improvementE3 : -399.8252899797235
improvementE3 : -399.8251646788133
improvementE2 : -399.82495893987306
improvementE3 : -399.8248870956744
improvementE3 : -399.8248827504342
improvementE1 : -399.82462001006616
improvementE3 : -399.8245881720451
improvementE1 : -399.8245870077233
improvementE1 : -399.82456788810555
improvementE2 : -382.3213416451109
improvementE1 : -382.1761051897697
improvementE2 : -382.1760856970559
improvementE2 : -382.1760497001407
improvementE3 : -382.17543485145376
improvementE1 : -380.99197245726333
improvementE2 : -380.8606433606572
improvementE2 : -380.86064224344784
improvementE1 : -380.8601738991726
improvementE3 : -378.763387561186
improvementE3 : -378.7578511282276
improvementE2 : -378.7578479945659
improvementE2 : -378.75776652156
improvementE3 : -378.7577648169922
improvementE3 : -378.75773970382926
improvementE3 : -378.757490212587
improvementE2 : -378.4411993329274
improvementE2 : -378.441197707049
improvementE3 : -378.4410240505584
improvementE2 : -376.9822816750658
improvementE1 : -376.98227179548115
improvementE1 : -376.98210033115953
improvementE3 : -376.9820541113284
improvementE2 : -376.9819653579776
improvementE3 : -376.981919610396
improvementE2 : -376.98191851884536
improvementE1 : -376.9819011080479
improvementE3 : -376.98163533937293
improvementE1 : -376.87209065343933
improvementE1 : -376.8720348059015
improvementE3 : -376.8720280082154
improvementE2 : -375.0555299767929
improvementE3 : -375.05551875420394
improvementE2 : -375.05544764810844
improvementE1 : -375.0553399773115
improvementE2 : -375.05533815253114
improvementE2 : -375.0553369069014
improvementE2 : -375.0553039763902
improvementE2 : -375.0553002524913
improvementE3 : -375.04913601148144
improvementE1 : -375.04888987084496
improvementE3 : -374.24317003181716
improvementE2 : -374.2429894882733
improvementE3 : -374.17869071653877
improvementE1 : -374.1786842676817
improvementE1 : -374.1786669117784
improvementE2 : -374.1704397582313
improvementE3 : -374.17042834439684
improvementE3 : -374.1703803804426
improvementE1 : -374.16076646991684
improvementE3 : -374.1604085135866
improvementE2 : -374.16037774700885
improvementE2 : -373.6395057338046
improvementE1 : -373.6375204808573
improvementE2 : -373.08872130152196
improvementE3 : -373.0887129306781
improvementE2 : -373.08792150763577
improvementE3 : -373.0879169417512
improvementE1 : -373.07904233127346
improvementE1 : -373.07903554086937
improvementE3 : -373.07902655429996
improvementE3 : -373.07902448150975
improvementE2 : -373.0782492943549
improvementE3 : -373.0779722325129
improvementE1 : -373.07769206469334
improvementE2 : -373.0776750961888
improvementE1 : -373.0776723094733
improvementE2 : -373.077638644551
improvementE3 : -373.07761878754775
improvementE3 : -373.0775993713545
improvementE3 : -373.0774189046209
improvementE1 : -373.073120401579
improvementE1 : -373.07266849650625
improvementE2 : -373.07265889774095
improvementE1 : -373.07264949110066
improvementE1 : -373.07217767158875
improvementE3 : -373.0720153645458
improvementE3 : -373.07184841204264
improvementE1 : -373.06873546790825
improvementE3 : -373.0632406270206
improvementE1 : -373.06323797928223
improvementE1 : -373.0632229050882
improvementE2 : -373.06320173126767
improvementE2 : -373.0630396049504
improvementE1 : -373.0630180684062
improvementE2 : -373.06301629729387
improvementE1 : -371.1696169957578
improvementE2 : -371.1696087745645
improvementE2 : -371.16958828856804
improvementE2 : -371.1695746994603
improvementE2 : -370.71100781436263
improvementE2 : -370.7110053692213
improvementE2 : -370.71097902378676
improvementE3 : -370.710959555531
improvementE3 : -370.71094966026095
improvementE3 : -370.710937872121
improvementE2 : -364.4882486229197
improvementE1 : -357.11841911471925
improvementE2 : -357.0596992626927
improvementE3 : -357.05967678725136
improvementE3 : -357.0596747316574
improvementE3 : -357.0596060653133
improvementE3 : -357.0594349820301
improvementE1 : -357.05942735191024
improvementE1 : -356.4677189810683
improvementE3 : -356.46734664452833
improvementE3 : -356.46734495485134
improvementE2 : -356.4670279789015
improvementE3 : -356.46702613793576
improvementE3 : -356.46688437801464
improvementE1 : -356.4668828434419
improvementE1 : -351.41268028154883
improvementE1 : -351.4126792324957
improvementE3 : -350.58024959124253
improvementE3 : -350.46086802178206
improvementE1 : -350.4608608657683
improvementE2 : -350.4608542798123
improvementE2 : -350.46026276834
improvementE1 : -350.46024988192744
improvementE3 : -347.8200112248203
improvementE2 : -347.81728319037035
improvementE2 : -347.81700312694267
improvementE2 : -347.81700195532375
improvementE1 : -347.8169886574303
improvementE3 : -347.81679503229077
improvementE3 : -347.81679246148144
improvementE1 : -347.8167910700684
improvementE3 : -347.81635285690714
improvementE2 : -345.2154945260066
improvementE3 : -345.21549060221645
improvementE2 : -345.21548747604453
improvementE3 : -339.71267879365024
improvementE3 : -339.7126747523228
improvementE2 : -339.71265774560277
improvementE1 : -329.9393422132874
improvementE1 : -329.9390615387984
improvementE1 : -329.9390505666924
improvementE2 : -329.9390468905091
improvementE1 : -329.93900169823695
improvementE1 : -329.939000423029
improvementE1 : -329.2893044558562
improvementE1 : -329.28927216879833
improvementE1 : -329.28924166003395
improvementE3 : -329.2892370874213
improvementE1 : -329.2892317195497
improvementE2 : -329.28905965620436
improvementE3 : -329.28901782504227
improvementE3 : -329.2889456469083
improvementE3 : -329.2888703305392
improvementE3 : -329.28884623569553
improvementE2 : -329.2887633262953
improvementE3 : -329.28875509082025
improvementE2 : -329.288714737005
improvementE2 : -329.2887129020489
improvementE3 : -329.28864910944264
improvementE3 : -329.2886195547791
improvementE3 : -329.2885988746479
improvementE2 : -329.28858334496374
improvementE1 : -329.2885311205105
improvementE1 : -329.28852598474384
improvementE2 : -329.28843693711735
improvementE1 : -329.2884199363589
improvementE3 : -326.01466914092026
improvementE3 : -325.1898557879359
improvementE1 : -325.1898402002235
improvementE3 : -325.18665152072003
improvementE3 : -325.1866373461558
improvementE1 : -325.1866298359852
improvementE2 : -325.18658887036776
improvementE3 : -325.1864998159781
improvementE2 : -324.85878482439614
improvementE3 : -324.85876258170464
improvementE1 : -324.8587604747405
improvementE2 : -324.85872221453127
improvementE1 : -324.8587210712621
improvementE3 : -320.6702492114705
improvementE2 : -320.67022813013915
improvementE2 : -320.6702063854172
improvementE3 : -320.66773781367687
improvementE2 : -320.667691030582
improvementE2 : -320.66766710840903
improvementE3 : -320.6676429319555
improvementE1 : -320.6665652995939
improvementE1 : -319.11518362964927
improvementE3 : -319.1151285326882
improvementE3 : -319.1150234179983
improvementE3 : -319.11497866500923
improvementE1 : -319.1149704073125
improvementE3 : -319.11465192912203
improvementE2 : -319.11464641969656
improvementE3 : -319.1146353562232
improvementE3 : -319.11462172850344
improvementE3 : -316.8128214267695
improvementE1 : -316.81278457005817
improvementE3 : -316.8127238276429
improvementE3 : -316.8126956675436
improvementE3 : -316.81044338409754
improvementE1 : -316.81043994089066
improvementE1 : -316.8104045965246
improvementE1 : -316.8103800029704
improvementE3 : -316.8103273845627
improvementE3 : -316.8103252008054
improvementE3 : -316.79971805696954
improvementE2 : -316.7997156019278
improvementE1 : -316.7997142826979
improvementE3 : -316.79693612832307
improvementE2 : -316.79655962302235
improvementE3 : -316.79651116160915
improvementE2 : -316.79650918039573
improvementE3 : -316.796487257052
improvementE1 : -316.7964849470495
improvementE1 : -316.7953201856658
improvementE2 : -316.7952479056792
improvementE3 : -316.79296259883427
improvementE2 : -316.792427318682
improvementE3 : -316.7924224538652
improvementE2 : -316.7924204854564
improvementE3 : -316.7924167372792
improvementE2 : -316.7924130075113
improvementE1 : -316.79241120966526
improvementE2 : -316.4793134355976
improvementE1 : -316.47930978714805
improvementE3 : -316.47928607009356
improvementE1 : -309.13167828347713
improvementE3 : -309.13140000733745
improvementE1 : -309.1313258323027
improvementE3 : -309.13132416612706
improvementE1 : -309.1310360841517
improvementE3 : -309.1310316991838
improvementE3 : -307.17354852131746
improvementE1 : -307.17028897594344
improvementE3 : -307.17028733065496
improvementE2 : -307.17027603864557
improvementE3 : -307.17027436982596
improvementE2 : -307.1702713362875
improvementE3 : -307.1702494390343
improvementE3 : -307.17024842411723
improvementE2 : -307.16681106949517
improvementE1 : -307.1664627543525
improvementE1 : -307.1664551573431
improvementE2 : -307.1664473859353
improvementE1 : -307.16625865736944
improvementE2 : -307.166254625163
improvementE1 : -307.16625361868046
improvementE2 : -307.1661159470704
improvementE1 : -307.1661124096476
improvementE2 : -307.1653522085042
improvementE2 : -307.1651879258841
improvementE1 : -307.16518677958635
improvementE1 : -307.1651846289988
improvementE1 : -307.1651786347269
improvementE2 : -307.1651402983923
improvementE3 : -307.16513271790916
improvementE2 : -307.1649595692964
improvementE1 : -307.16476735397003
improvementE3 : -307.1647500723471
improvementE1 : -307.1633135837697
improvementE3 : -307.16327617182236
improvementE1 : -307.1632702635776
improvementE1 : -307.1632691340373
improvementE1 : -307.1632660293868
improvementE1 : -307.1632628482276
improvementE2 : -307.16326002561965
improvementE2 : -307.16324300537667
improvementE3 : -307.16314424798475
improvementE3 : -307.1627675052884
improvementE3 : -307.1627464362784
improvementE1 : -306.91927754849314
improvementE1 : -306.9192547743694
improvementE2 : -306.91924681219666
improvementE1 : -306.9192009414844
improvementE3 : -306.9190933684223
improvementE3 : -306.91908988567644
improvementE3 : -306.91908323840374
improvementE2 : -306.919073199718
improvementE3 : -306.9190484190628
improvementE2 : -306.8811218086332
improvementE2 : -306.881104727261
improvementE2 : -306.8810029018379
improvementE2 : -306.88095065509776
improvementE1 : -306.88094908257307
improvementE3 : -306.88070154095095
improvementE2 : -306.8642320550183
improvementE2 : -306.86388602231796
improvementE1 : -306.86388416283756
improvementE3 : -306.86331102273425
improvementE3 : -306.86330054634135
improvementE3 : -306.86329810977077
improvementE3 : -306.86329614666784
logL = -3371.984573301704
Removing 0 markers
Second round
improvementE3 : -306.8632468617954
improvementE3 : -306.86310750241637
improvementE1 : -306.8631059654635
improvementE3 : -306.86300316641666
improvementE3 : -305.7642224773298
improvementE1 : -305.76413746944985
improvementE3 : -305.69631054601376
improvementE1 : -305.6962847915501
improvementE1 : -305.69627860639724
improvementE1 : -305.6962725461151
improvementE1 : -305.69621159221805
improvementE1 : -305.6961396317559
improvementE1 : -305.69613850671027
improvementE3 : -305.69613721162006
