0->0 : 0
0->1 : 0
0->2 : 0
       Error rate = 0.0
1->0 : 0
1->1 : 0
1->2 : 0
       Error rate = 0.0
2->0 : 0
2->1 : 0
2->2 : 0
       Error rate = 0.0
0,2->0,2 : 1181913
  0,2->1 : 0
1,2->1,2 : 0
  1,2->0 : 0
       Error rate = 0.0
Maternally informative markers = 0 (of 10219)
Paternally informative markers = 10219
Maternally or paternally informative markers = 10219
Removed 0 children
Removed 0 markers
Number of LGs = 45
***Family = fam_08 chromosome = 14 numMarkers = 214 maternal informative markers 0 (paternal informative markers 214)
***Family = fam_01 chromosome = 14 numMarkers = 214 maternal informative markers 0 (paternal informative markers 214)
***Family = fam_09 chromosome = 14 numMarkers = 214 maternal informative markers 0 (paternal informative markers 214)
214->195
195->195
All pairs
join 51 and 187 score = 0.0 sizes 1,1
join 26 and 45 score = 0.0 sizes 1,1
join 51 and 53 score = 0.0 sizes 2,1
join 26 and 127 score = 0.0 sizes 2,1
join 164 and 194 score = 0.0 sizes 1,1
join 84 and 127 score = 0.0 sizes 1,3
join 45 and 59 score = 0.0 sizes 4,1
join 30 and 59 score = 0.0 sizes 1,5
join 84 and 180 score = 0.0 sizes 6,1
join 30 and 164 score = 0.0 sizes 7,2
join 11 and 194 score = 0.0 sizes 1,9
join 60 and 180 score = 0.0 sizes 1,10
join 85 and 134 score = 0.0 sizes 1,1
join 19 and 48 score = 0.0 sizes 1,1
join 25 and 28 score = 0.0 sizes 1,1
join 44 and 56 score = 0.0 sizes 1,1
join 143 and 151 score = 0.0 sizes 1,1
join 44 and 101 score = 0.0 sizes 2,1
join 101 and 126 score = 0.0 sizes 3,1
join 23 and 25 score = 0.0 sizes 1,2
join 40 and 128 score = 0.0 sizes 1,1
join 4 and 56 score = 0.0 sizes 1,4
join 12 and 148 score = 0.0 sizes 1,1
join 11 and 12 score = 0.0 sizes 11,2
join 19 and 39 score = 0.0 sizes 2,1
join 4 and 122 score = 0.0 sizes 5,1
join 126 and 138 score = 0.0 sizes 6,1
join 39 and 139 score = 0.0 sizes 3,1
join 136 and 181 score = 0.0 sizes 1,1
join 143 and 181 score = 0.0 sizes 2,2
join 67 and 85 score = 0.0 sizes 1,2
join 5 and 93 score = 0.0 sizes 1,1
join 0 and 5 score = 0.0 sizes 1,2
join 52 and 86 score = 0.0 sizes 1,1
join 33 and 110 score = 0.0 sizes 1,1
join 33 and 176 score = 0.0 sizes 2,1
join 18 and 74 score = 0.0 sizes 1,1
join 77 and 104 score = 0.0 sizes 1,1
join 0 and 175 score = 0.0 sizes 3,1
join 131 and 175 score = 0.0 sizes 1,4
join 54 and 131 score = 0.0 sizes 1,5
join 24 and 93 score = 0.0 sizes 1,6
join 60 and 138 score = 0.0 sizes 13,7
join 75 and 148 score = 0.0 sizes 1,20
join 116 and 185 score = 0.0 sizes 1,1
join 17 and 142 score = 0.0 sizes 1,1
join 72 and 122 score = 0.0 sizes 1,21
join 119 and 187 score = 0.0 sizes 1,3
join 37 and 123 score = 0.0 sizes 1,1
join 37 and 112 score = 0.0 sizes 2,1
join 46 and 112 score = 0.0 sizes 1,3
join 6 and 43 score = 0.0 sizes 1,1
join 42 and 99 score = 0.0 sizes 1,1
join 27 and 176 score = 0.0 sizes 1,3
join 27 and 133 score = 0.0 sizes 4,1
join 32 and 102 score = 0.0 sizes 1,1
join 17 and 102 score = 0.0 sizes 2,2
join 120 and 184 score = 0.0 sizes 1,1
join 155 and 159 score = 0.0 sizes 1,1
join 7 and 189 score = 0.0 sizes 1,1
join 108 and 146 score = 0.0 sizes 1,1
join 50 and 54 score = 0.0 sizes 1,7
join 48 and 68 score = 0.0 sizes 4,1
join 139 and 163 score = 0.0 sizes 5,1
join 42 and 87 score = 0.0 sizes 2,1
join 32 and 166 score = 0.0 sizes 4,1
join 15 and 73 score = 0.0 sizes 1,1
join 9 and 57 score = 0.0 sizes 1,1
join 29 and 80 score = 0.0 sizes 1,1
join 20 and 80 score = 0.0 sizes 1,2
join 29 and 72 score = 0.0 sizes 3,22
join 117 and 185 score = 0.0 sizes 1,2
join 7 and 81 score = 0.0 sizes 2,1
join 81 and 156 score = 0.0 sizes 3,1
join 91 and 106 score = 0.0 sizes 1,1
join 71 and 106 score = 0.0 sizes 1,2
join 66 and 145 score = 0.0 sizes 1,1
join 64 and 152 score = 0.0 sizes 1,1
join 103 and 188 score = 0.0 sizes 1,1
join 95 and 183 score = 0.0 sizes 1,1
join 20 and 152 score = 0.0 sizes 25,2
join 63 and 155 score = 0.0 sizes 1,2
join 100 and 147 score = 0.0 sizes 1,1
join 36 and 157 score = 0.0 sizes 1,1
join 16 and 63 score = 0.0 sizes 1,3
join 1 and 83 score = 0.0 sizes 1,1
join 35 and 142 score = 0.0 sizes 1,5
join 40 and 121 score = 0.0 sizes 2,1
join 121 and 129 score = 0.0 sizes 3,1
join 55 and 76 score = 0.0 sizes 1,1
join 49 and 134 score = 0.0 sizes 1,3
join 87 and 98 score = 0.0 sizes 3,1
join 141 and 145 score = 0.005405405405405406 sizes 1,2
join 65 and 108 score = 0.0 sizes 1,2
join 13 and 136 score = 0.005988023952095809 sizes 1,4
join 13 and 52 score = 0.0 sizes 5,2
join 21 and 86 score = 0.0 sizes 1,7
join 90 and 153 score = 0.0 sizes 1,1
join 116 and 153 score = 0.0 sizes 3,2
join 53 and 109 score = 0.0 sizes 4,1
join 43 and 78 score = 0.006329113924050633 sizes 2,1
join 66 and 91 score = 0.006493506493506494 sizes 3,3
join 137 and 171 score = 0.0 sizes 1,1
join 6 and 144 score = 0.0 sizes 3,1
join 114 and 144 score = 0.0 sizes 1,4
join 3 and 46 score = 0.0 sizes 1,4
join 65 and 133 score = 0.006756756756756757 sizes 3,5
join 9 and 67 score = 0.0064516129032258064 sizes 2,4
join 34 and 169 score = 0.006896551724137931 sizes 1,1
join 57 and 135 score = 0.006369426751592357 sizes 6,1
join 49 and 130 score = 0.0064516129032258064 sizes 7,1
join 141 and 174 score = 0.0 sizes 6,1
join 119 and 156 score = 0.006802721088435374 sizes 5,4
join 82 and 158 score = 0.0 sizes 1,1
join 169 and 173 score = 0.005263157894736842 sizes 2,1
join 82 and 173 score = 0.0 sizes 2,3
join 177 and 182 score = 0.0 sizes 1,1
join 99 and 177 score = 0.006369426751592357 sizes 4,2
join 149 and 150 score = 0.0 sizes 1,1
join 118 and 183 score = 0.006329113924050633 sizes 1,2
join 8 and 107 score = 0.0 sizes 1,1
join 15 and 83 score = 0.006369426751592357 sizes 2,2
join 38 and 75 score = 0.0 sizes 1,27
join 38 and 137 score = 0.0 sizes 28,2
join 171 and 192 score = 0.0 sizes 30,1
join 61 and 125 score = 0.0 sizes 1,1
join 61 and 168 score = 0.0 sizes 2,1
All pairs
join 88 and 115 score = 0.0 sizes 1,1
join 109 and 113 score = 0.0 sizes 9,1
join 62 and 189 score = 0.0072992700729927005 sizes 1,10
join 110 and 188 score = 0.006666666666666667 sizes 8,2
join 31 and 174 score = 0.0 sizes 1,7
join 55 and 64 score = 0.0072992700729927005 sizes 2,31
join 58 and 158 score = 0.0 sizes 1,5
join 70 and 168 score = 0.0 sizes 1,3
join 41 and 125 score = 0.0 sizes 1,4
join 124 and 192 score = 0.0 sizes 1,33
join 140 and 150 score = 0.0 sizes 1,2
join 70 and 124 score = 0.0 sizes 5,34
join 41 and 160 score = 0.0 sizes 39,1
join 111 and 160 score = 0.0 sizes 1,40
join 22 and 182 score = 0.0 sizes 1,6
join 31 and 178 score = 0.0 sizes 8,1
join 157 and 179 score = 0.0 sizes 2,1
join 1 and 161 score = 0.0 sizes 4,1
join 97 and 161 score = 0.0 sizes 1,5
join 89 and 111 score = 0.0 sizes 1,41
join 10 and 159 score = 0.0 sizes 1,4
join 16 and 76 score = 0.012195121951219513 sizes 5,42
join 74 and 94 score = 0.0 sizes 2,1
join 89 and 191 score = 0.0 sizes 47,1
join 22 and 118 score = 0.0 sizes 7,3
join 105 and 123 score = 0.013071895424836602 sizes 1,5
join 21 and 105 score = 0.014184397163120567 sizes 8,6
join 96 and 151 score = 0.0 sizes 1,14
join 2 and 96 score = 0.0 sizes 1,15
join 94 and 115 score = 0.0 sizes 3,2
join 71 and 147 score = 0.011363636363636364 sizes 9,2
join 162 and 178 score = 0.0 sizes 1,11
join 162 and 170 score = 0.0 sizes 12,1
join 167 and 170 score = 0.0 sizes 1,13
join 135 and 167 score = 0.0 sizes 8,14
join 114 and 172 score = 0.0 sizes 5,1
join 90 and 172 score = 0.0 sizes 5,6
join 100 and 163 score = 0.012903225806451613 sizes 22,6
join 129 and 130 score = 0.014285714285714285 sizes 4,28
join 36 and 193 score = 0.0 sizes 3,1
join 113 and 193 score = 0.0 sizes 11,4
join 14 and 28 score = 0.018404907975460124 sizes 1,3
join 14 and 104 score = 0.012903225806451613 sizes 4,2
join 92 and 190 score = 0.015748031496062992 sizes 1,1
join 10 and 69 score = 0.0 sizes 48,1
join 73 and 88 score = 0.019867549668874173 sizes 6,5
join 79 and 146 score = 0.023809523809523808 sizes 1,10
join 34 and 149 score = 0.013605442176870748 sizes 6,3
join 79 and 184 score = 0.013513513513513514 sizes 11,2
join 24 and 92 score = 0.01875 sizes 8,2
join 98 and 128 score = 0.02142857142857143 sizes 10,32
join 68 and 186 score = 0.0 sizes 42,1
join 107 and 190 score = 0.022388059701492536 sizes 2,10
join 23 and 165 score = 0.012658227848101266 sizes 6,1
join 35 and 117 score = 0.03546099290780142 sizes 6,11
join 8 and 186 score = 0.0425531914893617 sizes 12,43
join 62 and 77 score = 0.0392156862745098 sizes 15,7
join 47 and 165 score = 0.03355704697986577 sizes 1,22
join 18 and 47 score = 0.03184713375796178 sizes 11,23
join 140 and 154 score = 0.07692307692307693 sizes 9,1
join 3 and 78 score = 0.10897435897435898 sizes 16,17
join 2 and 97 score = 0.1 sizes 33,34
All pairs
join 50 and 120 score = 0.15436241610738255 sizes 55,13
join 95 and 154 score = 0.0 sizes 68,10
join 179 and 191 score = 0.0 sizes 67,49
join 132 and 166 score = 0.291970802919708 sizes 1,116
join 69 and 103 score = 0.0 sizes 117,78
score = 1.2954868147909848
improvementE1 : -732.8690349565553
improvementE2 : -731.3276940382857
improvementE1 : -731.3276852289035
improvementE2 : -715.8952206174182
improvementE1 : -715.8952186233962
improvementE3 : -715.0884200865287
improvementE2 : -715.0508414147297
improvementE1 : -715.0507914891691
improvementE3 : -715.0471336454104
improvementE3 : -715.047110125095
improvementE2 : -715.0469087372607
improvementE2 : -715.0464537764715
improvementE2 : -715.0464507653537
improvementE3 : -715.0428729405055
improvementE1 : -715.0426856780107
improvementE2 : -715.0425095294609
improvementE3 : -715.042175295907
improvementE2 : -715.0417037627998
improvementE2 : -714.9090419795009
improvementE1 : -714.9087001609988
improvementE2 : -714.9066757477374
improvementE2 : -714.906619406089
improvementE2 : -714.8990945507458
improvementE3 : -714.3086919646558
improvementE1 : -714.3086898625
improvementE2 : -714.3086846972175
improvementE3 : -714.3084712609784
improvementE2 : -714.3045985679804
improvementE3 : -714.3045477518677
improvementE1 : -714.304543245854
improvementE2 : -714.3044528039989
improvementE1 : -712.4892379170535
improvementE1 : -712.4880293026561
improvementE3 : -712.4880121619485
improvementE2 : -710.2919984786232
improvementE1 : -710.2248560750563
improvementE2 : -710.224853567738
improvementE3 : -710.2248512412983
improvementE2 : -710.1568639377485
improvementE3 : -710.1554362043158
improvementE3 : -710.1380189977965
improvementE3 : -710.1379900356715
improvementE1 : -710.1378000602826
improvementE3 : -710.1376997215228
improvementE3 : -706.969479463851
improvementE1 : -706.969458466786
improvementE3 : -706.962728621882
improvementE1 : -706.8853263956554
improvementE1 : -706.8797755764477
improvementE2 : -706.8793877058102
improvementE3 : -706.8768648623541
improvementE2 : -706.8768531681698
improvementE1 : -706.796268667089
improvementE2 : -706.7938512118327
improvementE3 : -705.3298850956822
improvementE1 : -705.3298595713438
improvementE3 : -705.3298537351677
improvementE3 : -705.3298492905028
improvementE3 : -705.3283728032968
improvementE1 : -705.3240315592844
improvementE3 : -682.0707538493162
improvementE1 : -682.0243042891503
improvementE3 : -681.9614832071633
improvementE1 : -681.9614686898016
improvementE3 : -681.961423732447
improvementE2 : -681.9601978691659
improvementE1 : -680.1381147522198
improvementE3 : -680.1381008605659
improvementE1 : -674.4969123837403
improvementE3 : -674.4969112282199
improvementE1 : -674.4967793793244
improvementE1 : -674.4626049991822
improvementE1 : -673.4347131886805
improvementE2 : -673.4347106067713
improvementE3 : -673.4347090594259
improvementE2 : -673.2147224091038
improvementE1 : -662.8156147379906
improvementE3 : -662.8150085121625
improvementE1 : -662.8149788317758
improvementE3 : -662.8148855755372
improvementE1 : -662.8129696773274
improvementE2 : -662.2328986055528
improvementE3 : -662.231130862025
improvementE2 : -662.229346370027
improvementE3 : -662.2293364190053
improvementE3 : -662.160387507617
improvementE3 : -662.1603853074595
improvementE1 : -661.9767863314283
improvementE1 : -661.9679610493125
improvementE2 : -661.96786989716
improvementE3 : -661.9678466597882
improvementE3 : -661.9671453342828
improvementE2 : -659.8784961252298
improvementE3 : -659.8784704126138
improvementE1 : -659.1320534401443
improvementE3 : -659.1320229979884
improvementE3 : -658.7419659865587
improvementE2 : -658.7419408537033
improvementE3 : -658.7419204844381
improvementE2 : -648.202291267923
improvementE2 : -645.5907340255657
improvementE1 : -645.5907296143123
improvementE1 : -645.5872405550369
improvementE1 : -645.5871396162228
improvementE3 : -645.58713812705
improvementE3 : -645.5870852130379
improvementE3 : -645.5772856181313
improvementE3 : -645.5767379777446
improvementE2 : -645.576681342234
improvementE3 : -645.5766799676085
improvementE1 : -645.5504066088355
improvementE2 : -645.5503242173332
improvementE2 : -641.3158121601228
improvementE1 : -641.1000647479535
improvementE3 : -641.1000625619819
improvementE3 : -641.0917865241429
improvementE3 : -641.0917266464937
improvementE1 : -641.033268330067
improvementE2 : -640.8127647025436
improvementE3 : -640.8127635474935
improvementE2 : -640.8127588366572
improvementE3 : -640.7812021655778
improvementE3 : -640.7692972937158
improvementE3 : -640.7685593543214
improvementE1 : -640.3448997722351
improvementE3 : -640.2527456742606
improvementE1 : -640.2527345599227
improvementE3 : -637.9883838906452
improvementE3 : -637.9875576190171
improvementE3 : -637.9875426674157
improvementE3 : -637.9871226836757
improvementE1 : -637.9871042670798
improvementE1 : -637.9869719804626
improvementE3 : -637.9869112729173
improvementE3 : -637.9868679383518
improvementE1 : -637.9868657048586
improvementE3 : -637.9868645919763
improvementE2 : -637.9868489014405
improvementE1 : -637.9859832448602
improvementE2 : -637.9858720844896
improvementE1 : -637.9520529081728
improvementE3 : -637.9474870843926
improvementE2 : -637.9373768331263
improvementE2 : -637.6222530996966
improvementE1 : -628.1601214164302
improvementE3 : -628.1601088598129
improvementE3 : -628.1601034791814
improvementE2 : -628.1597939996984
improvementE3 : -628.1582877859875
improvementE2 : -628.1581838136233
improvementE2 : -628.1579715090996
improvementE2 : -628.1579661639215
improvementE1 : -628.15792007504
improvementE2 : -626.3653260738356
improvementE2 : -626.3653248886136
improvementE3 : -625.6347385942121
improvementE3 : -625.634733906893
improvementE3 : -625.6301874734997
improvementE3 : -625.6301856178968
improvementE3 : -624.0876098008325
improvementE2 : -619.549477385243
improvementE1 : -608.046968428436
improvementE2 : -607.9990928891439
improvementE2 : -607.9987525292415
improvementE3 : -607.9986667108083
improvementE1 : -607.9985406136792
improvementE1 : -607.9985393178298
improvementE2 : -607.9985257092918
improvementE2 : -607.9984896022697
improvementE3 : -602.8881971933971
improvementE1 : -602.8203010656008
improvementE3 : -602.8198204490384
improvementE1 : -602.8197333488685
improvementE1 : -602.8197278487535
improvementE2 : -602.8196293770876
improvementE1 : -602.8196277224654
improvementE2 : -602.8196250015683
improvementE3 : -602.8193994935697
improvementE2 : -602.8193154178888
improvementE1 : -602.8192922244507
improvementE1 : -602.819290835425
improvementE1 : -602.8189778745973
improvementE1 : -602.7760724537917
improvementE1 : -602.7760431857556
improvementE2 : -602.7760366322967
improvementE2 : -602.7760347941668
improvementE3 : -599.131069544178
improvementE1 : -599.1310682672316
improvementE3 : -599.1309332367757
improvementE2 : -599.1304979560427
improvementE2 : -599.1296767517161
improvementE1 : -599.129675019954
improvementE3 : -599.1295905419344
improvementE1 : -599.1291635598819
improvementE2 : -599.1275093196841
improvementE2 : -599.1273378593737
improvementE3 : -599.1138433250957
improvementE2 : -599.111863819673
improvementE3 : -599.1118571907838
improvementE2 : -599.1116544531834
improvementE1 : -599.1116138881254
improvementE3 : -599.1115817615107
improvementE2 : -599.107469097612
improvementE2 : -596.3887164303895
improvementE2 : -596.3881530044572
improvementE3 : -596.3878807181792
improvementE2 : -596.3828098299994
improvementE1 : -596.3828087471583
improvementE3 : -596.3828065482022
improvementE3 : -596.3826437395562
improvementE2 : -596.3826421946154
improvementE1 : -592.5104144376512
improvementE3 : -592.5104119173313
improvementE1 : -592.510398375729
improvementE2 : -583.6122584366209
improvementE1 : -581.3541847295874
improvementE1 : -579.4120805388949
improvementE1 : -579.406967413219
improvementE2 : -579.3771147692829
improvementE2 : -579.3760671925212
improvementE1 : -579.3755366653218
improvementE1 : -579.0968198906927
improvementE3 : -579.0968146953414
improvementE3 : -579.0968095832642
improvementE2 : -577.0871492983435
improvementE3 : -574.213165880711
improvementE1 : -574.2131574461661
improvementE1 : -574.2131308891448
improvementE3 : -574.2130608158467
improvementE3 : -574.2072385303237
improvementE3 : -574.2071501288711
improvementE3 : -574.19599720494
improvementE1 : -574.1959959148855
improvementE1 : -574.1956439795763
improvementE3 : -574.1956428727435
improvementE1 : -574.1273582733573
improvementE1 : -574.1267332323488
improvementE2 : -574.1179771583139
improvementE2 : -574.1179759566897
improvementE1 : -574.1179746292889
improvementE1 : -574.1179696576772
improvementE3 : -574.1179615654594
improvementE2 : -574.1179595966282
improvementE3 : -574.1179553307395
improvementE1 : -574.1179542461915
improvementE1 : -574.0043522372564
improvementE2 : -574.0043438487338
improvementE1 : -574.004338081705
improvementE3 : -574.0019248965967
improvementE2 : -574.0018097638045
improvementE3 : -574.0017898181729
improvementE3 : -574.0017803795635
improvementE2 : -574.00136826241
improvementE1 : -569.5212006592316
improvementE1 : -569.5211896475447
improvementE2 : -562.0456251011702
improvementE2 : -562.0426458056054
improvementE3 : -562.0426228230745
improvementE2 : -562.0425232049207
improvementE3 : -561.9365352513997
improvementE3 : -560.196776526302
improvementE3 : -560.194861487748
improvementE3 : -560.1948294972599
improvementE2 : -560.1948016192866
improvementE1 : -560.1866325255413
improvementE2 : -560.1864243401454
improvementE1 : -560.186414693599
improvementE3 : -560.1863754725986
improvementE3 : -560.1836428918484
improvementE2 : -560.1836181713986
improvementE1 : -560.183595794957
improvementE3 : -560.183550963761
improvementE3 : -560.1835443217561
improvementE1 : -560.1835413629614
improvementE1 : -560.1834861976386
improvementE1 : -560.1821932522581
improvementE3 : -560.1821759615542
improvementE2 : -560.1821393507132
improvementE3 : -560.1821264216352
improvementE2 : -560.1772052485239
improvementE2 : -560.177149096803
improvementE3 : -560.1771261826848
improvementE2 : -560.1739372824592
improvementE2 : -555.8002141637705
improvementE1 : -555.8002130802122
improvementE2 : -555.8001932405487
improvementE2 : -555.7875661570749
improvementE1 : -555.7293491428328
improvementE2 : -555.7277164126727
improvementE3 : -555.7261484475482
improvementE3 : -555.7261367614855
improvementE2 : -555.7260906208246
improvementE3 : -555.7260649055412
improvementE2 : -555.7260635533395
improvementE1 : -555.7260625206071
improvementE3 : -555.7233017469484
improvementE1 : -555.7232903648437
improvementE2 : -555.7232893215137
improvementE1 : -553.1441699371014
improvementE3 : -553.143940287366
improvementE1 : -553.1439310711247
improvementE1 : -553.143926136875
improvementE1 : -553.1439243518502
improvementE2 : -550.6099893006794
improvementE2 : -550.6099742892814
improvementE3 : -550.6054359278788
improvementE1 : -550.6054346979105
improvementE1 : -550.5747989331372
improvementE3 : -550.574797525111
improvementE1 : -547.83697859799
improvementE2 : -547.83696694618
improvementE2 : -547.8369643519421
improvementE3 : -547.8369603120165
improvementE1 : -547.8369591016374
improvementE2 : -547.836957435745
improvementE3 : -547.8369380191197
improvementE3 : -547.8288471449068
improvementE3 : -547.8288408993108
improvementE2 : -547.8288397532557
improvementE2 : -547.8288282358975
improvementE2 : -547.8288201301743
improvementE3 : -547.734744911639
improvementE1 : -547.7347438452912
improvementE1 : -547.7346908099089
improvementE3 : -547.7345386354742
improvementE1 : -547.6923593900246
improvementE2 : -547.6923502062862
improvementE1 : -547.6714388811579
improvementE3 : -547.6714327508774
improvementE1 : -547.6714275000965
improvementE3 : -547.6684006872755
improvementE2 : -547.6682616086946
improvementE1 : -547.6681752425667
improvementE3 : -547.6578442371803
improvementE2 : -547.6578396598978
improvementE1 : -544.9582950298035
improvementE3 : -544.9582812845136
improvementE3 : -544.9582622375633
improvementE2 : -544.958260509161
improvementE2 : -544.9574681601754
improvementE2 : -544.9571076737737
improvementE3 : -544.9570894446383
improvementE3 : -544.9570877894096
improvementE2 : -544.957085506699
logL = -5150.614435246559
Removing 0 markers
Second round
improvementE1 : -544.957083578236
improvementE3 : -544.859081239312
improvementE2 : -544.8590649254264
improvementE2 : -544.8588723583741
improvementE2 : -524.6815769393879
improvementE3 : -524.6814286671029
improvementE2 : -524.6813377603544
improvementE3 : -524.0435511656698
improvementE1 : -524.0434978594795
improvementE2 : -524.0433172163899
improvementE1 : -524.0432797612414
improvementE2 : -524.0432787587266
improvementE3 : -524.0432621761345
improvementE2 : -524.0176275157744
improvementE2 : -524.0176226270912
improvementE1 : -524.0176193109654
improvementE3 : -524.0169246625949
improvementE1 : -521.0814579453652
improvementE3 : -521.0112054852801
improvementE3 : -520.8659203434086
improvementE1 : -520.8659096685365
improvementE3 : -520.8659063740055
improvementE3 : -520.8434374364992
improvementE1 : -520.8430847319838
improvementE1 : -520.8430518800417
improvementE1 : -520.8430130093653
improvementE1 : -520.8430119748135
improvementE1 : -520.8429968442481
improvementE3 : -520.8429856538903
improvementE2 : -520.8429141317451
improvementE3 : -520.7019607835516
improvementE3 : -520.7017181936402
improvementE2 : -520.7016531556815
improvementE2 : -520.7016239783187
improvementE3 : -520.7016218685959
improvementE1 : -520.7016167236994
improvementE2 : -520.7016120093493
improvementE3 : -520.7016078043217
improvementE1 : -520.7016056664513
improvementE3 : -520.6984888496365
improvementE2 : -520.6984612587144
improvementE1 : -520.6984513436122
improvementE3 : -520.6983675072595
improvementE2 : -520.6983653435651
improvementE2 : -520.6983637984443
improvementE2 : -520.6982944956642
improvementE2 : -520.6982925996178
improvementE2 : -520.6982907404182
improvementE3 : -520.6982797501113
improvementE2 : -520.6982724788073
improvementE1 : -520.698269997676
improvementE2 : -520.6982667538516
improvementE3 : -520.6982219000502
improvementE3 : -520.6982197736644
improvementE2 : -520.6982146666528
improvementE3 : -520.698197384096
improvementE1 : -520.6981909703968
improvementE1 : -520.6981865928137
improvementE2 : -520.6981700769633
improvementE1 : -520.6981627990948
improvementE3 : -520.6981585997248
improvementE2 : -520.6981527214325
improvementE3 : -520.698151568532
improvementE2 : -520.6957159741129
improvementE2 : -520.6957093052131
improvementE3 : -520.6957070803455
improvementE2 : -518.659232922003
improvementE3 : -518.6592301319133
improvementE1 : -518.6592274914402
improvementE1 : -518.6592260679921
improvementE2 : -518.6592245590869
improvementE1 : -518.6592228247279
improvementE2 : -518.6592203200985
improvementE3 : -518.6592176440441
improvementE3 : -518.6592156312896
