0->0 : 0
0->1 : 0
0->2 : 0
       Error rate = 0.0
1->0 : 0
1->1 : 0
1->2 : 0
       Error rate = 0.0
2->0 : 0
2->1 : 0
2->2 : 0
       Error rate = 0.0
0,2->0,2 : 1181913
  0,2->1 : 0
1,2->1,2 : 0
  1,2->0 : 0
       Error rate = 0.0
Maternally informative markers = 0 (of 10219)
Paternally informative markers = 10219
Maternally or paternally informative markers = 10219
Removed 0 children
Removed 0 markers
Number of LGs = 45
***Family = fam_08 chromosome = 3 numMarkers = 359 maternal informative markers 0 (paternal informative markers 359)
***Family = fam_01 chromosome = 3 numMarkers = 359 maternal informative markers 0 (paternal informative markers 359)
***Family = fam_09 chromosome = 3 numMarkers = 359 maternal informative markers 0 (paternal informative markers 358)
359->311
311->311
All pairs
join 29 and 172 score = 0.0 sizes 1,1
join 25 and 124 score = 0.0 sizes 1,1
join 24 and 151 score = 0.0 sizes 1,1
join 32 and 219 score = 0.0 sizes 1,1
join 18 and 172 score = 0.0 sizes 1,2
join 29 and 79 score = 0.0 sizes 3,1
join 31 and 84 score = 0.0 sizes 1,1
join 130 and 252 score = 0.0 sizes 1,1
join 25 and 255 score = 0.0 sizes 2,1
join 160 and 221 score = 0.0 sizes 1,1
join 19 and 207 score = 0.0 sizes 1,1
join 144 and 259 score = 0.0 sizes 1,1
join 40 and 259 score = 0.0 sizes 1,2
join 221 and 265 score = 0.0 sizes 2,1
join 154 and 288 score = 0.0 sizes 1,1
join 7 and 93 score = 0.0 sizes 1,1
join 68 and 93 score = 0.0 sizes 1,2
join 68 and 255 score = 0.0 sizes 3,3
join 95 and 124 score = 0.0 sizes 1,6
join 31 and 158 score = 0.0 sizes 2,1
join 56 and 277 score = 0.0 sizes 1,1
join 56 and 128 score = 0.0 sizes 2,1
join 144 and 277 score = 0.0 sizes 3,3
join 40 and 242 score = 0.0 sizes 6,1
join 18 and 242 score = 0.0 sizes 4,7
join 187 and 222 score = 0.0 sizes 1,1
join 272 and 273 score = 0.0 sizes 1,1
join 19 and 148 score = 0.0 sizes 2,1
join 33 and 173 score = 0.0 sizes 1,1
join 159 and 173 score = 0.0 sizes 1,2
join 201 and 272 score = 0.0 sizes 1,2
join 149 and 224 score = 0.0 sizes 1,1
join 179 and 260 score = 0.0 sizes 1,1
join 75 and 260 score = 0.0 sizes 1,2
join 111 and 147 score = 0.0 sizes 1,1
join 147 and 163 score = 0.0 sizes 2,1
join 88 and 187 score = 0.0 sizes 1,2
join 58 and 153 score = 0.0 sizes 1,1
join 58 and 95 score = 0.0 sizes 2,7
join 7 and 125 score = 0.0 sizes 9,1
join 21 and 125 score = 0.0 sizes 1,10
join 159 and 236 score = 0.0 sizes 3,1
join 170 and 236 score = 0.0 sizes 1,4
join 2 and 135 score = 0.0 sizes 1,1
join 42 and 188 score = 0.0 sizes 1,1
join 72 and 113 score = 0.0 sizes 1,1
join 241 and 302 score = 0.0 sizes 1,1
join 16 and 243 score = 0.0 sizes 1,1
join 14 and 284 score = 0.0 sizes 1,1
join 53 and 252 score = 0.0 sizes 1,2
join 2 and 182 score = 0.0 sizes 2,1
join 182 and 253 score = 0.0 sizes 3,1
join 135 and 158 score = 0.0 sizes 4,3
join 253 and 271 score = 0.0 sizes 7,1
join 84 and 174 score = 0.0 sizes 8,1
join 181 and 271 score = 0.0 sizes 1,9
join 50 and 281 score = 0.0 sizes 1,1
join 212 and 254 score = 0.0 sizes 1,1
join 128 and 310 score = 0.0 sizes 11,1
join 77 and 175 score = 0.0 sizes 1,1
join 98 and 201 score = 0.0 sizes 1,3
join 28 and 258 score = 0.0 sizes 1,1
join 230 and 245 score = 0.0 sizes 1,1
join 28 and 267 score = 0.0 sizes 2,1
join 98 and 168 score = 0.0 sizes 4,1
join 168 and 205 score = 0.0 sizes 5,1
join 114 and 256 score = 0.0 sizes 1,1
join 74 and 150 score = 0.0 sizes 1,1
join 150 and 188 score = 0.0 sizes 2,2
join 211 and 297 score = 0.0 sizes 1,1
join 211 and 292 score = 0.0 sizes 2,1
join 153 and 292 score = 0.0 sizes 11,3
join 39 and 310 score = 0.0 sizes 1,12
join 167 and 306 score = 0.0 sizes 1,1
join 167 and 290 score = 0.0 sizes 2,1
join 54 and 232 score = 0.0 sizes 1,1
join 54 and 108 score = 0.0 sizes 2,1
join 179 and 207 score = 0.0 sizes 3,3
join 148 and 288 score = 0.0 sizes 6,2
join 114 and 176 score = 0.0 sizes 2,1
join 39 and 256 score = 0.0 sizes 13,3
join 79 and 215 score = 0.0 sizes 16,1
join 149 and 304 score = 0.0 sizes 2,1
join 276 and 304 score = 0.0 sizes 1,3
join 74 and 82 score = 0.0 sizes 4,1
join 42 and 206 score = 0.0 sizes 5,1
join 273 and 285 score = 0.0 sizes 6,1
join 72 and 205 score = 0.0 sizes 2,7
join 107 and 287 score = 0.0 sizes 1,1
join 181 and 257 score = 0.0 sizes 10,1
join 257 and 300 score = 0.0 sizes 11,1
join 223 and 300 score = 0.0 sizes 1,12
join 22 and 199 score = 0.0 sizes 1,1
join 87 and 217 score = 0.0 sizes 1,1
join 86 and 231 score = 0.0 sizes 1,1
join 26 and 244 score = 0.0 sizes 1,1
join 80 and 244 score = 0.0 sizes 1,2
join 26 and 254 score = 0.0 sizes 3,2
join 116 and 204 score = 0.0 sizes 1,1
join 108 and 116 score = 0.0 sizes 3,2
join 97 and 204 score = 0.0 sizes 1,5
join 38 and 160 score = 0.0 sizes 1,3
join 38 and 140 score = 0.0 sizes 4,1
join 22 and 139 score = 0.0 sizes 2,1
join 24 and 64 score = 0.0 sizes 2,1
join 164 and 270 score = 0.0 sizes 1,1
join 121 and 270 score = 0.0 sizes 1,2
join 35 and 100 score = 0.0 sizes 1,1
join 235 and 297 score = 0.0 sizes 1,14
join 96 and 283 score = 0.0 sizes 1,1
join 21 and 146 score = 0.0 sizes 15,1
join 235 and 238 score = 0.0 sizes 16,1
join 63 and 262 score = 0.0 sizes 1,1
join 77 and 208 score = 0.0 sizes 2,1
join 164 and 296 score = 0.0 sizes 3,1
join 41 and 267 score = 0.0 sizes 1,3
join 41 and 266 score = 0.0 sizes 4,1
join 258 and 291 score = 0.0 sizes 5,1
join 120 and 145 score = 0.0 sizes 1,1
join 120 and 234 score = 0.0 sizes 2,1
join 109 and 145 score = 0.0 sizes 1,3
join 171 and 245 score = 0.0 sizes 1,2
join 225 and 283 score = 0.0 sizes 1,2
join 129 and 294 score = 0.0 sizes 1,1
join 73 and 294 score = 0.0 sizes 1,2
join 35 and 47 score = 0.0 sizes 2,1
join 75 and 115 score = 0.0 sizes 8,1
join 237 and 295 score = 0.0 sizes 1,1
join 163 and 295 score = 0.0 sizes 3,2
join 13 and 50 score = 0.0 sizes 1,2
join 13 and 246 score = 0.0 sizes 3,1
join 195 and 279 score = 0.0 sizes 1,1
join 127 and 195 score = 0.0 sizes 1,2
join 127 and 200 score = 0.0 sizes 3,1
join 200 and 265 score = 0.0 sizes 4,5
join 199 and 250 score = 0.0 sizes 3,1
join 139 and 209 score = 0.0 sizes 4,1
join 78 and 287 score = 0.0 sizes 1,2
join 146 and 170 score = 0.0 sizes 17,5
join 61 and 126 score = 0.0 sizes 1,1
join 61 and 264 score = 0.0 sizes 2,1
join 126 and 190 score = 0.0 sizes 3,1
join 81 and 103 score = 0.0 sizes 1,1
join 12 and 131 score = 0.0 sizes 1,1
join 86 and 185 score = 0.0 sizes 2,1
join 176 and 185 score = 0.0 sizes 17,3
join 191 and 231 score = 0.0 sizes 1,20
join 90 and 143 score = 0.0 sizes 1,1
join 57 and 90 score = 0.0 sizes 1,2
join 243 and 308 score = 0.0 sizes 2,1
join 192 and 308 score = 0.0 sizes 1,3
join 83 and 175 score = 0.0 sizes 1,3
join 10 and 208 score = 0.0 sizes 1,4
join 119 and 202 score = 0.0 sizes 1,1
join 4 and 290 score = 0.0 sizes 1,3
join 9 and 99 score = 0.0 sizes 1,1
join 48 and 241 score = 0.0 sizes 1,2
join 202 and 234 score = 0.0 sizes 2,4
join 44 and 119 score = 0.0 sizes 1,6
join 210 and 293 score = 0.0 sizes 1,1
join 15 and 293 score = 0.0 sizes 1,2
join 129 and 196 score = 0.0 sizes 3,1
join 266 and 301 score = 0.0 sizes 6,1
join 10 and 217 score = 0.0 sizes 5,2
join 23 and 216 score = 0.0 sizes 1,1
join 91 and 216 score = 0.0 sizes 1,2
join 91 and 130 score = 0.0 sizes 3,3
join 46 and 87 score = 0.004830917874396135 sizes 1,7
join 225 and 240 score = 0.005555555555555556 sizes 3,1
join 59 and 70 score = 0.0 sizes 1,1
join 59 and 103 score = 0.0 sizes 2,2
join 104 and 262 score = 0.0 sizes 1,2
All pairs
join 141 and 307 score = 0.0 sizes 1,1
join 60 and 309 score = 0.0 sizes 1,1
join 157 and 299 score = 0.0 sizes 1,1
join 157 and 165 score = 0.0 sizes 2,1
join 94 and 117 score = 0.0 sizes 1,1
join 67 and 94 score = 0.0 sizes 1,2
join 118 and 178 score = 0.0 sizes 1,1
join 237 and 276 score = 0.00641025641025641 sizes 5,4
join 32 and 238 score = 0.005319148936170213 sizes 2,22
join 169 and 219 score = 0.0 sizes 1,24
join 0 and 218 score = 0.0 sizes 1,1
join 30 and 286 score = 0.0 sizes 1,1
join 53 and 301 score = 0.006369426751592357 sizes 6,7
join 184 and 275 score = 0.0 sizes 1,1
join 17 and 186 score = 0.0 sizes 1,1
join 193 and 279 score = 0.00641025641025641 sizes 1,9
join 193 and 305 score = 0.0 sizes 10,1
join 46 and 180 score = 0.0 sizes 8,1
join 23 and 45 score = 0.0 sizes 13,1
join 43 and 137 score = 0.0 sizes 1,1
join 169 and 229 score = 0.0 sizes 25,1
join 140 and 303 score = 0.005235602094240838 sizes 11,1
join 43 and 229 score = 0.0 sizes 2,26
join 100 and 115 score = 0.007042253521126761 sizes 3,9
join 99 and 285 score = 0.006802721088435374 sizes 2,9
join 9 and 107 score = 0.007407407407407408 sizes 11,3
join 249 and 296 score = 0.0055248618784530384 sizes 1,4
join 47 and 250 score = 0.007194244604316547 sizes 12,5
join 52 and 106 score = 0.0 sizes 1,1
join 57 and 64 score = 0.0051813471502590676 sizes 3,3
join 51 and 151 score = 0.0 sizes 1,6
join 133 and 286 score = 0.007407407407407408 sizes 1,2
join 69 and 82 score = 0.0 sizes 1,6
join 69 and 186 score = 0.0 sizes 7,2
join 196 and 246 score = 0.007936507936507936 sizes 4,4
join 138 and 228 score = 0.0 sizes 1,1
join 0 and 3 score = 0.0 sizes 2,1
join 180 and 184 score = 0.0 sizes 9,2
join 89 and 198 score = 0.0 sizes 1,1
join 17 and 247 score = 0.0 sizes 9,1
join 223 and 281 score = 0.012048192771084338 sizes 13,8
join 105 and 142 score = 0.0 sizes 1,1
join 156 and 161 score = 0.0 sizes 1,1
join 78 and 161 score = 0.0 sizes 14,2
join 261 and 298 score = 0.0 sizes 1,1
join 298 and 299 score = 0.0 sizes 2,3
join 62 and 194 score = 0.0 sizes 1,1
join 11 and 194 score = 0.0 sizes 1,2
join 62 and 155 score = 0.0 sizes 3,1
join 27 and 118 score = 0.0 sizes 1,2
join 5 and 226 score = 0.0 sizes 1,1
join 5 and 249 score = 0.006493506493506494 sizes 2,5
join 8 and 226 score = 0.0 sizes 1,7
join 261 and 307 score = 0.0 sizes 5,2
join 106 and 210 score = 0.0 sizes 2,3
join 52 and 239 score = 0.0 sizes 5,1
join 214 and 239 score = 0.0 sizes 1,6
join 36 and 289 score = 0.0 sizes 1,1
join 6 and 156 score = 0.0 sizes 1,16
join 113 and 121 score = 0.014598540145985401 sizes 17,8
join 20 and 122 score = 0.0 sizes 1,1
join 122 and 183 score = 0.0 sizes 2,1
join 183 and 306 score = 0.0 sizes 3,4
join 45 and 305 score = 0.0 sizes 14,12
join 111 and 191 score = 0.013071895424836602 sizes 9,21
join 137 and 166 score = 0.0 sizes 28,1
join 49 and 251 score = 0.0 sizes 1,1
join 49 and 280 score = 0.0 sizes 2,1
join 251 and 289 score = 0.0 sizes 3,2
join 36 and 76 score = 0.0 sizes 5,1
join 65 and 88 score = 0.0 sizes 1,3
join 20 and 275 score = 0.0 sizes 7,11
join 66 and 138 score = 0.0 sizes 1,2
join 48 and 63 score = 0.012269938650306749 sizes 3,3
join 6 and 60 score = 0.0 sizes 25,2
join 8 and 142 score = 0.0 sizes 27,2
join 14 and 109 score = 0.010752688172043012 sizes 2,7
join 44 and 51 score = 0.0 sizes 9,7
join 12 and 81 score = 0.008064516129032258 sizes 2,4
join 70 and 134 score = 0.0 sizes 6,1
join 190 and 248 score = 0.006172839506172839 sizes 4,1
join 30 and 132 score = 0.0 sizes 3,1
join 155 and 220 score = 0.0 sizes 4,1
join 220 and 224 score = 0.0 sizes 5,30
join 11 and 233 score = 0.0 sizes 35,1
join 101 and 154 score = 0.0 sizes 1,17
join 3 and 101 score = 0.0 sizes 3,18
join 218 and 282 score = 0.0 sizes 21,1
join 206 and 209 score = 0.007575757575757576 sizes 10,22
join 55 and 247 score = 0.0 sizes 1,32
join 55 and 92 score = 0.0 sizes 33,1
join 263 and 274 score = 0.011834319526627219 sizes 1,1
join 240 and 278 score = 0.007874015748031496 sizes 4,1
join 33 and 174 score = 0.012048192771084338 sizes 29,21
join 1 and 80 score = 0.0 sizes 1,5
join 1 and 123 score = 0.0 sizes 6,1
join 274 and 303 score = 0.018072289156626505 sizes 2,26
join 230 and 263 score = 0.01935483870967742 sizes 3,28
join 232 and 280 score = 0.018404907975460124 sizes 6,6
join 34 and 177 score = 0.0 sizes 1,1
join 66 and 177 score = 0.0 sizes 3,2
join 34 and 189 score = 0.0 sizes 5,1
join 136 and 302 score = 0.0 sizes 1,6
join 152 and 213 score = 0.0 sizes 1,1
join 112 and 165 score = 0.014814814814814815 sizes 1,7
join 133 and 141 score = 0.021897810218978103 sizes 4,8
join 132 and 134 score = 0.0 sizes 12,7
join 37 and 269 score = 0.0 sizes 1,1
join 4 and 264 score = 0.01818181818181818 sizes 18,5
join 71 and 162 score = 0.015267175572519083 sizes 1,1
join 92 and 123 score = 0.0 sizes 34,7
join 16 and 212 score = 0.025806451612903226 sizes 4,41
join 104 and 309 score = 0.0189873417721519 sizes 7,29
join 15 and 105 score = 0.034482758620689655 sizes 7,36
join 143 and 162 score = 0.025477707006369428 sizes 16,2
join 71 and 222 score = 0.014925373134328358 sizes 18,4
join 65 and 166 score = 0.034482758620689655 sizes 22,50
join 171 and 197 score = 0.03333333333333333 sizes 31,1
join 203 and 268 score = 0.0 sizes 1,1
join 73 and 97 score = 0.037267080745341616 sizes 72,12
join 136 and 233 score = 0.04 sizes 43,36
join 152 and 248 score = 0.04 sizes 2,23
join 213 and 284 score = 0.03571428571428571 sizes 25,84
join 102 and 227 score = 0.037037037037037035 sizes 1,1
join 178 and 227 score = 0.037037037037037035 sizes 3,2
join 203 and 282 score = 0.03571428571428571 sizes 2,45
join 117 and 278 score = 0.046511627906976744 sizes 3,5
All pairs
join 96 and 192 score = 0.04516129032258064 sizes 8,47
join 85 and 215 score = 0.056962025316455694 sizes 1,79
join 112 and 197 score = 0.03875968992248062 sizes 19,32
join 102 and 268 score = 0.07272727272727272 sizes 5,55
join 27 and 214 score = 0.07142857142857142 sizes 60,80
join 76 and 189 score = 0.14285714285714285 sizes 109,6
join 67 and 83 score = 0.1125 sizes 140,115
join 85 and 131 score = 0.23717948717948717 sizes 255,51
join 89 and 110 score = 0.20689655172413793 sizes 2,1
join 37 and 228 score = 0.35714285714285715 sizes 2,306
join 198 and 269 score = 0.0 sizes 3,308
score = 2.1818179394471597
improvementE1 : -886.7030209922202
improvementE1 : -886.7027309062329
improvementE1 : -886.3767813578586
improvementE3 : -886.3037750350821
improvementE1 : -886.303642245603
improvementE2 : -884.3988971466974
improvementE2 : -884.397215861198
improvementE1 : -884.3761771676878
improvementE3 : -884.1153368109796
improvementE3 : -884.0913021299697
improvementE3 : -884.0908864268796
improvementE3 : -884.0908713496242
improvementE3 : -884.0902333568246
improvementE2 : -884.0744829197425
improvementE2 : -868.1198237122586
improvementE2 : -868.1191052517984
improvementE2 : -868.0966305426688
improvementE3 : -868.0641504802082
improvementE3 : -867.7283366075538
improvementE2 : -862.7817810637581
improvementE3 : -862.7759062299805
improvementE1 : -862.7758467139807
improvementE3 : -862.6926359576332
improvementE3 : -862.6926233045187
improvementE2 : -862.691766097947
improvementE3 : -862.6641887218636
improvementE1 : -862.6640239098717
improvementE1 : -862.4053017487338
improvementE1 : -862.4052851623909
improvementE2 : -862.4043570604234
improvementE3 : -862.3619981667092
improvementE2 : -862.3204828704488
improvementE2 : -861.6276014747863
improvementE2 : -861.5874616002658
improvementE1 : -861.5863777641641
improvementE3 : -861.5700578748869
improvementE2 : -861.5409339349854
improvementE1 : -861.540701371587
improvementE3 : -861.489495074376
improvementE3 : -861.4857825304697
improvementE2 : -861.4853271551875
improvementE3 : -861.4849885351572
improvementE1 : -861.4840329820634
improvementE1 : -861.483922354787
improvementE3 : -861.4833033821989
improvementE3 : -861.4765365388918
improvementE2 : -861.4763452770986
improvementE1 : -861.476107114784
improvementE3 : -861.470242002126
improvementE1 : -861.3833170981045
improvementE2 : -857.2025072457668
improvementE3 : -857.1174933757198
improvementE2 : -857.1159067101127
improvementE2 : -857.1121602584511
improvementE3 : -853.8403326541517
improvementE3 : -853.803323153961
improvementE3 : -853.6505103428773
improvementE1 : -853.6464982702961
improvementE1 : -853.6458986841532
improvementE3 : -853.6458931061977
improvementE1 : -853.6266746184034
improvementE3 : -853.5110212057508
improvementE3 : -853.498486483936
improvementE1 : -853.3287995619006
improvementE3 : -853.3254737780786
improvementE3 : -853.3253966030135
improvementE3 : -852.4441164452849
improvementE3 : -852.4440870244235
improvementE1 : -846.3171391420282
improvementE1 : -840.3792391759396
improvementE3 : -838.1671184932778
improvementE3 : -838.1604063756181
improvementE1 : -838.1596582043475
improvementE3 : -824.0952819192164
improvementE2 : -824.0947341329303
improvementE1 : -823.9570328244457
improvementE2 : -823.956614452972
improvementE3 : -823.7584536731853
improvementE3 : -823.6197485166425
improvementE3 : -823.6184216724483
improvementE2 : -823.5764811437194
improvementE1 : -823.5761045127954
improvementE3 : -819.2715633996156
improvementE1 : -819.2704280951689
improvementE2 : -819.2703393864567
improvementE2 : -819.2674253826684
improvementE2 : -819.2674169540048
improvementE2 : -819.2674135034149
improvementE2 : -819.2553476750439
improvementE3 : -819.239579093612
improvementE3 : -819.2381093127722
improvementE2 : -819.1102203133025
improvementE2 : -819.1081830269765
improvementE2 : -819.0996305044938
improvementE1 : -819.099585269519
improvementE1 : -819.0831241478379
improvementE2 : -819.0174791149639
improvementE1 : -797.1024601201095
improvementE3 : -796.9973994510614
improvementE3 : -796.9971819574104
improvementE3 : -796.9971721880449
improvementE3 : -796.9971197168467
improvementE3 : -796.9959892655493
improvementE3 : -796.9944915767139
improvementE1 : -796.9498223738191
improvementE1 : -796.813763244082
improvementE3 : -796.8134911482848
improvementE2 : -796.8130952834362
improvementE2 : -796.8072636037379
improvementE2 : -796.8071838904643
improvementE3 : -796.8069268854903
improvementE1 : -796.8065523325793
improvementE3 : -796.7294494660423
improvementE3 : -796.3565762117795
improvementE1 : -795.8801779506566
improvementE3 : -795.8801526514518
improvementE3 : -795.8799652159801
improvementE2 : -795.8719443296794
improvementE3 : -795.8719418503215
improvementE3 : -795.8718704165193
improvementE2 : -795.869940115334
improvementE3 : -795.8690975392776
improvementE3 : -795.8653394280279
improvementE3 : -795.8653334929386
improvementE2 : -795.8647536942941
improvementE1 : -795.7411367157634
improvementE2 : -793.5950669277937
improvementE2 : -793.594172862514
improvementE1 : -793.594166981587
improvementE3 : -793.5934898579641
improvementE3 : -793.3834103548392
improvementE3 : -793.3362647242062
improvementE1 : -793.3361976828501
improvementE3 : -793.3361852069903
improvementE2 : -793.3361834589662
improvementE3 : -793.3071649350451
improvementE3 : -793.3071604238335
improvementE1 : -793.3071447970692
improvementE1 : -793.3001161111265
improvementE3 : -793.3000871421953
improvementE2 : -793.2995316327743
improvementE3 : -793.2804737498528
improvementE2 : -793.254727131989
improvementE2 : -793.2503410867876
improvementE3 : -792.6802057708551
improvementE3 : -792.6786963455329
improvementE1 : -792.6349391306593
improvementE3 : -792.6332509098586
improvementE1 : -792.6331633028079
improvementE1 : -792.6331588110045
improvementE2 : -788.7580571774819
improvementE3 : -788.7578988335689
improvementE3 : -779.8463724062199
improvementE3 : -779.8324848852205
improvementE3 : -779.8324746055495
improvementE2 : -779.8318296399962
improvementE3 : -776.6729235720319
improvementE2 : -776.6729140268158
improvementE3 : -776.6725355016819
improvementE1 : -776.6725336031119
improvementE1 : -776.6722505203481
improvementE1 : -776.6722483314184
improvementE3 : -775.6418366868688
improvementE3 : -775.6407698618561
improvementE2 : -775.6407664411677
improvementE3 : -775.6352366484464
improvementE1 : -772.4501683743764
improvementE2 : -772.438136757177
improvementE1 : -772.4380542527995
improvementE1 : -772.4376068922363
improvementE2 : -772.4375622959948
improvementE3 : -772.4350808033705
improvementE3 : -772.4340218819952
improvementE3 : -772.4340011271416
improvementE3 : -772.4339969056465
improvementE3 : -765.701259084003
improvementE1 : -762.6242347447992
improvementE2 : -762.6241971057634
improvementE2 : -762.6227883128687
improvementE3 : -762.6171423036583
improvementE2 : -762.6094406737399
improvementE1 : -762.6094068309986
improvementE3 : -762.6093886976129
improvementE3 : -762.6087660823487
improvementE3 : -762.6086392187834
improvementE1 : -762.6047627824435
improvementE3 : -762.6046549586899
improvementE1 : -762.6046524152565
improvementE3 : -762.6045973713972
improvementE3 : -757.3831234581677
improvementE1 : -757.3831216165855
improvementE2 : -757.3340969764929
improvementE2 : -754.3490790368386
improvementE2 : -754.3486658196707
improvementE2 : -754.347334478121
improvementE1 : -752.8921313401933
improvementE1 : -752.8917957461883
improvementE3 : -752.8916415909978
improvementE2 : -752.8916402927606
improvementE1 : -752.3261590153819
improvementE3 : -752.3261137704037
improvementE1 : -752.32605529971
improvementE3 : -752.3159385238278
improvementE2 : -752.3156981295657
improvementE3 : -752.3156785377633
improvementE1 : -752.3113314295601
improvementE2 : -752.3113218472071
improvementE2 : -752.3102314566942
improvementE3 : -752.2994623705941
improvementE3 : -752.2994278170491
improvementE2 : -752.2992902060308
improvementE2 : -752.2989444481932
improvementE3 : -752.2979483720586
improvementE3 : -752.2979264374042
improvementE1 : -752.2978769424003
improvementE3 : -752.2978754142174
improvementE2 : -751.0092990489906
improvementE1 : -751.0092962891954
improvementE3 : -751.0088212884009
improvementE1 : -751.0086854254326
improvementE1 : -750.8886380908264
improvementE2 : -750.7302748333572
improvementE3 : -750.6934408315167
improvementE1 : -750.6794289012441
improvementE3 : -750.6794073959176
improvementE1 : -750.3961109293293
improvementE2 : -750.3953165610266
improvementE2 : -750.3953109354933
improvementE1 : -750.391544833505
improvementE3 : -750.3915436486359
improvementE1 : -750.3915412959745
improvementE2 : -750.3906537434544
improvementE2 : -750.3646749212957
improvementE2 : -750.3646181671579
improvementE3 : -750.3645910255102
improvementE2 : -748.6439381053794
improvementE3 : -748.3891917145178
improvementE2 : -748.3891900222739
improvementE2 : -748.3891777396177
improvementE2 : -748.3890633607256
improvementE2 : -748.3890569351878
improvementE3 : -747.802882790467
improvementE1 : -747.8017996946546
improvementE2 : -747.7901712259601
improvementE2 : -745.4189339480611
improvementE2 : -744.6085190296988
improvementE1 : -744.603661520416
improvementE1 : -744.6032088244872
improvementE3 : -744.5157615496666
improvementE2 : -744.5059435153952
improvementE1 : -744.5059334363007
improvementE2 : -744.4818273067623
improvementE2 : -744.4817724565916
improvementE2 : -744.4817333460427
improvementE2 : -744.4804384163116
improvementE1 : -744.4804275804381
improvementE3 : -744.4234415208196
improvementE3 : -744.4234401724696
improvementE2 : -744.4234384777222
improvementE3 : -742.618330462792
improvementE3 : -742.6183280867067
improvementE3 : -742.618281877735
improvementE3 : -742.6180424877549
improvementE1 : -742.611933647643
improvementE2 : -742.6082504262491
improvementE2 : -742.6082446261354
improvementE3 : -742.6080859646088
improvementE3 : -742.6080398350708
improvementE1 : -742.6080250101809
improvementE3 : -738.3765232863531
improvementE1 : -738.3765199469511
improvementE1 : -738.3765025757195
improvementE3 : -727.264403861729
improvementE1 : -727.2229447068626
improvementE2 : -727.222942543348
improvementE3 : -726.8992801380334
improvementE3 : -726.899127085215
improvementE3 : -726.8986990540511
improvementE2 : -726.8986973163379
improvementE1 : -726.8986955041062
improvementE2 : -726.8986905099608
improvementE1 : -726.8986837680687
improvementE2 : -726.8985399197326
improvementE3 : -726.8985380080267
improvementE3 : -726.898497300862
improvementE1 : -726.898494213624
improvementE3 : -726.8978849696662
improvementE3 : -726.8978556856047
improvementE2 : -726.8978520808953
improvementE3 : -726.8860602571203
improvementE3 : -726.5339321886775
improvementE1 : -726.5339273654031
improvementE3 : -726.533850155872
improvementE3 : -726.5225649989983
improvementE3 : -726.5218473070447
improvementE1 : -726.521845711205
improvementE3 : -726.5210438395478
improvementE3 : -726.5210300086852
improvementE1 : -726.5208584978386
improvementE3 : -726.5208440736744
improvementE3 : -723.2774372065961
improvementE1 : -721.6192385259477
improvementE3 : -721.6192372568667
improvementE3 : -721.6191769055798
improvementE1 : -721.619167167395
improvementE1 : -721.6191446184555
improvementE1 : -721.61914278169
improvementE2 : -721.6191393720688
improvementE3 : -721.6191285213205
improvementE3 : -721.6191200334157
improvementE3 : -721.5607562736919
improvementE1 : -721.5607551720079
improvementE3 : -721.5606288000082
improvementE2 : -717.1535326363875
improvementE3 : -715.9275265663538
improvementE1 : -715.926944891891
improvementE3 : -715.9265617244365
improvementE1 : -715.9264865398412
improvementE1 : -715.9264806874211
improvementE2 : -715.9174135671295
improvementE2 : -715.9169655100934
improvementE1 : -715.9156614005926
improvementE3 : -715.9156583628704
improvementE1 : -715.9156360099628
improvementE1 : -715.9156332406828
improvementE3 : -714.2843702138501
improvementE3 : -714.2843684968625
improvementE2 : -714.2842142311821
improvementE3 : -711.0090822297786
improvementE1 : -711.0090186462284
improvementE3 : -709.0522189786112
improvementE1 : -707.9808777344566
improvementE1 : -707.9806302738643
improvementE1 : -707.9806291775291
improvementE2 : -707.980497479627
improvementE3 : -707.9689249478878
improvementE1 : -707.9689209962764
improvementE3 : -707.9689192765264
improvementE1 : -707.9688797035232
improvementE2 : -707.9687420290646
improvementE1 : -707.8550216007238
improvementE3 : -707.8550204001435
improvementE3 : -707.8550186982999
improvementE3 : -707.8548780478568
improvementE3 : -707.8548692811838
improvementE1 : -707.8548650812668
improvementE1 : -707.5580306303865
improvementE1 : -707.5580292015993
improvementE2 : -707.5579894565258
improvementE2 : -707.5579883253
improvementE3 : -707.5327103935026
improvementE1 : -706.2062972745781
improvementE2 : -706.2062961112366
improvementE1 : -706.2062734070458
improvementE3 : -704.9968067917774
improvementE1 : -698.9786463845626
improvementE1 : -698.9786440012463
improvementE3 : -698.9786382632215
improvementE3 : -698.9763179268981
improvementE1 : -698.9763022332131
improvementE3 : -696.5837436740992
improvementE2 : -696.5739787001844
improvementE2 : -696.5739748906547
improvementE3 : -696.5739671026108
improvementE3 : -695.004875446234
improvementE3 : -694.9499654158542
improvementE3 : -693.414034560694
improvementE1 : -693.4140273139311
improvementE1 : -691.7325873411571
improvementE2 : -691.7325536089888
improvementE3 : -690.9066226609368
improvementE3 : -690.9066095766458
improvementE2 : -690.6990883652754
improvementE2 : -690.6990846401058
improvementE1 : -690.6990568497578
improvementE3 : -690.6990554354667
improvementE1 : -690.6990526578886
improvementE1 : -690.6990447300138
improvementE3 : -690.52957806715
improvementE1 : -690.5295754900259
improvementE2 : -690.5224332010454
improvementE2 : -690.5224178162711
improvementE2 : -690.5224127569884
improvementE2 : -690.5220899499634
improvementE1 : -690.522075344091
improvementE1 : -690.5205087981929
improvementE3 : -690.5205034918642
improvementE1 : -682.8180496786924
improvementE3 : -682.8180476761594
improvementE2 : -682.8180445061779
improvementE3 : -681.1013942478517
improvementE2 : -679.5942459161687
improvementE3 : -679.0393286239231
improvementE2 : -675.1191565080294
improvementE3 : -675.0549851491639
improvementE2 : -675.0549819049879
improvementE3 : -674.6451355818916
improvementE3 : -674.6428545678114
improvementE1 : -673.9368926197023
improvementE3 : -673.9368907404541
improvementE3 : -673.9368888878172
improvementE1 : -673.936755069297
improvementE3 : -673.9367532028606
improvementE2 : -673.9367518407513
improvementE3 : -673.9366772982312
improvementE1 : -673.9366760532367
improvementE3 : -673.9366742889084
improvementE1 : -673.9366415725264
improvementE3 : -673.4562549915024
improvementE3 : -673.4560606251124
improvementE1 : -673.4560263194597
improvementE2 : -673.4560238912601
improvementE2 : -668.5503619409153
improvementE3 : -668.5503592973807
improvementE2 : -668.5503573327687
improvementE1 : -668.5500481809871
improvementE1 : -667.9990699031421
improvementE2 : -667.999068888725
improvementE3 : -667.9990468706148
improvementE2 : -667.9990350017791
improvementE2 : -667.9988088728193
improvementE1 : -667.9987294281457
improvementE2 : -664.367808277669
improvementE2 : -664.3675093017243
improvementE3 : -664.3658609486855
improvementE3 : -664.3655166938279
improvementE3 : -663.7374137943891
improvementE1 : -663.7373934495158
improvementE3 : -663.7369973443513
improvementE3 : -663.736996184671
improvementE2 : -663.7353592087297
improvementE3 : -663.7343062112336
improvementE3 : -663.7277935764419
improvementE2 : -661.68825120459
improvementE3 : -661.6881429267271
improvementE2 : -661.6880895361402
improvementE3 : -661.1736734655602
improvementE2 : -644.9548846221217
improvementE3 : -644.9548829075071
improvementE3 : -644.9548310516386
improvementE3 : -644.9548181300357
improvementE2 : -644.6390411775417
improvementE3 : -644.6390396275627
improvementE1 : -644.6390384706607
improvementE2 : -644.6388235145879
improvementE1 : -644.588076142048
improvementE2 : -644.4949117811892
improvementE3 : -644.4948610206428
improvementE3 : -644.4948318851772
improvementE2 : -644.4903260392582
improvementE2 : -644.4897742755869
improvementE2 : -643.0080012243811
improvementE1 : -637.3224645367617
improvementE1 : -632.5929331270802
improvementE2 : -632.5929313252551
improvementE2 : -632.5929281365447
improvementE1 : -632.5929265304057
improvementE2 : -632.5928005705247
improvementE1 : -632.5927948619521
improvementE1 : -632.5927618554198
improvementE3 : -632.5655884961897
improvementE3 : -632.5623254171333
improvementE2 : -632.5104579849786
improvementE1 : -632.5104132505862
improvementE1 : -632.5102270611176
improvementE1 : -632.5101874162565
improvementE3 : -632.5101703433941
improvementE2 : -632.5068142842007
improvementE3 : -632.5067333557339
improvementE2 : -632.5067309247778
improvementE1 : -632.5060044082489
improvementE1 : -632.1712021541027
improvementE3 : -632.1712010363725
improvementE2 : -632.1712000104841
improvementE2 : -632.1700658457316
improvementE3 : -625.8749403159229
improvementE1 : -625.8748533759176
improvementE2 : -625.8747249785532
improvementE1 : -625.8746991765735
improvementE3 : -625.8737750495296
improvementE3 : -625.8576669084899
improvementE3 : -624.9933967869873
improvementE1 : -624.9933934915061
improvementE3 : -620.9806884154259
improvementE1 : -620.7122876959111
improvementE1 : -620.7120871062058
improvementE2 : -620.7120249649681
improvementE3 : -620.7120221380264
improvementE2 : -620.712020592448
improvementE3 : -620.5148917405277
improvementE2 : -620.5139710424313
improvementE3 : -620.4985897412622
improvementE1 : -620.4984411599488
improvementE1 : -620.4983793712646
improvementE2 : -620.4973480268973
improvementE2 : -620.4973431439644
improvementE1 : -620.4151106502023
improvementE3 : -620.4151011325264
improvementE3 : -620.4134040390269
improvementE3 : -620.4133913029389
improvementE2 : -620.4133874522014
improvementE3 : -620.4133193923424
improvementE1 : -620.412308952068
improvementE3 : -619.5993313870936
improvementE2 : -619.5769504224415
improvementE3 : -619.5671306839037
improvementE3 : -619.5671196101812
improvementE2 : -619.5670591896876
improvementE1 : -619.5634103828262
improvementE1 : -619.3253583715413
improvementE3 : -619.3253571470867
improvementE1 : -619.3249465839456
improvementE3 : -619.3248331242396
improvementE1 : -619.3247647628531
improvementE3 : -619.3108185966013
improvementE1 : -619.3108025235306
improvementE2 : -619.2793930015957
improvementE1 : -619.0259393098288
improvementE2 : -619.0259373216683
improvementE3 : -619.0241862826736
improvementE2 : -619.019940890909
improvementE1 : -619.0199379840827
improvementE3 : -619.0199363060007
improvementE3 : -617.394303290676
improvementE3 : -615.463239851859
improvementE1 : -615.3629632002741
improvementE3 : -615.36283790091
improvementE3 : -615.3628325077354
improvementE3 : -615.3618120185766
improvementE3 : -615.361745965024
improvementE1 : -615.3617427782735
improvementE3 : -615.3617245160689
improvementE1 : -615.3616083499265
improvementE3 : -615.3616066771848
improvementE3 : -615.0668726430373
improvementE2 : -615.0668315872131
improvementE2 : -615.0665759789521
improvementE2 : -615.0665661976241
improvementE1 : -615.0664536560064
improvementE1 : -615.058281322302
improvementE2 : -615.053036429668
improvementE3 : -615.0530336911422
improvementE3 : -615.0530313056638
improvementE2 : -615.0530294007683
improvementE3 : -615.0530271710425
improvementE2 : -615.0530217441748
improvementE1 : -615.0530065303509
improvementE3 : -615.0529947066873
improvementE2 : -615.052926763724
improvementE1 : -615.0528743714706
improvementE3 : -612.9566495418321
improvementE3 : -612.9566308983203
improvementE3 : -612.9560125176645
improvementE1 : -611.5356108701618
improvementE2 : -611.5356089638868
improvementE3 : -611.5356065513971
improvementE3 : -611.5355826015635
improvementE1 : -610.0754310530979
improvementE3 : -610.0753793114702
improvementE1 : -610.0753583893236
improvementE2 : -610.0752352007308
improvementE1 : -610.0683317912901
improvementE1 : -610.0655503026095
improvementE3 : -610.0655386160856
improvementE3 : -610.0655369775668
logL = -9718.698443385923
Removing 0 markers
Second round
improvementE3 : -610.0655352281698
improvementE2 : -610.0655342277074
improvementE2 : -610.0655320714529
improvementE3 : -610.0653083368043
improvementE2 : -610.0652843156944
improvementE2 : -610.065282677557
improvementE2 : -610.0652706036258
improvementE1 : -610.0652636976429
improvementE3 : -610.0652106874934
improvementE3 : -610.065200121429
improvementE3 : -610.065188009351
improvementE2 : -610.0651848739119
improvementE3 : -610.0651745647814
improvementE3 : -610.0651687312801
improvementE2 : -610.0651657827739
improvementE1 : -610.0651389464344
improvementE1 : -610.0651241223766
improvementE2 : -608.2610082132287
improvementE2 : -608.2610069762752
improvementE2 : -605.5313920148958
improvementE3 : -605.5313053453591
