0->0 : 0
0->1 : 0
0->2 : 0
       Error rate = 0.0
1->0 : 0
1->1 : 0
1->2 : 0
       Error rate = 0.0
2->0 : 0
2->1 : 0
2->2 : 0
       Error rate = 0.0
0,2->0,2 : 1181913
  0,2->1 : 0
1,2->1,2 : 0
  1,2->0 : 0
       Error rate = 0.0
Maternally informative markers = 0 (of 10219)
Paternally informative markers = 10219
Maternally or paternally informative markers = 10219
Removed 0 children
Removed 0 markers
Number of LGs = 45
119->111
111->111
All pairs
join 35 and 41 score = 0.0 sizes 1,1
join 21 and 22 score = 0.0 sizes 1,1
join 21 and 98 score = 0.0 sizes 2,1
join 41 and 88 score = 0.0 sizes 2,1
join 39 and 109 score = 0.0 sizes 1,1
join 47 and 63 score = 0.0 sizes 1,1
join 1 and 83 score = 0.0 sizes 1,1
join 85 and 104 score = 0.0 sizes 1,1
join 43 and 109 score = 0.0 sizes 1,2
join 14 and 93 score = 0.0 sizes 1,1
join 14 and 33 score = 0.0 sizes 2,1
join 33 and 92 score = 0.0 sizes 3,1
join 55 and 93 score = 0.0 sizes 1,4
join 54 and 92 score = 0.0 sizes 1,5
join 15 and 32 score = 0.0 sizes 1,1
join 13 and 97 score = 0.0 sizes 1,1
join 20 and 106 score = 0.0 sizes 1,1
join 64 and 106 score = 0.0 sizes 1,2
join 64 and 79 score = 0.0 sizes 3,1
join 15 and 43 score = 0.0 sizes 2,3
join 39 and 104 score = 0.0 sizes 5,2
join 98 and 107 score = 0.0 sizes 3,1
join 45 and 82 score = 0.0 sizes 1,1
join 9 and 69 score = 0.0 sizes 1,1
join 73 and 76 score = 0.0 sizes 1,1
join 38 and 73 score = 0.0 sizes 1,2
join 38 and 66 score = 0.0 sizes 3,1
join 57 and 68 score = 0.0 sizes 1,1
join 49 and 58 score = 0.0 sizes 1,1
join 12 and 108 score = 0.0 sizes 1,1
join 34 and 108 score = 0.0 sizes 1,2
join 12 and 48 score = 0.0 sizes 3,1
join 0 and 40 score = 0.0 sizes 1,1
join 0 and 61 score = 0.0 sizes 2,1
join 96 and 103 score = 0.0 sizes 1,1
join 50 and 75 score = 0.0 sizes 1,1
join 9 and 50 score = 0.0 sizes 2,2
join 34 and 66 score = 0.005988023952095809 sizes 4,4
join 29 and 53 score = 0.0 sizes 1,1
join 16 and 53 score = 0.0 sizes 1,2
join 29 and 40 score = 0.0 sizes 3,3
join 25 and 44 score = 0.006329113924050633 sizes 1,1
join 22 and 46 score = 0.0 sizes 4,1
join 4 and 16 score = 0.0 sizes 1,6
join 2 and 63 score = 0.00546448087431694 sizes 1,2
join 2 and 83 score = 0.0 sizes 3,2
join 47 and 51 score = 0.0 sizes 5,1
join 26 and 80 score = 0.004484304932735426 sizes 1,1
join 17 and 80 score = 0.0 sizes 1,2
join 26 and 71 score = 0.0 sizes 3,1
join 44 and 52 score = 0.006060606060606061 sizes 2,1
join 55 and 100 score = 0.0 sizes 6,1
join 57 and 94 score = 0.005847953216374269 sizes 2,1
join 68 and 81 score = 0.006172839506172839 sizes 3,1
join 7 and 27 score = 0.0 sizes 1,1
join 56 and 65 score = 0.006578947368421052 sizes 1,1
join 4 and 103 score = 0.0 sizes 7,2
join 31 and 87 score = 0.006211180124223602 sizes 1,1
join 7 and 90 score = 0.0 sizes 2,1
join 70 and 89 score = 0.006024096385542169 sizes 1,1
join 23 and 60 score = 0.00625 sizes 1,1
join 87 and 90 score = 0.0 sizes 2,3
join 13 and 91 score = 0.0 sizes 2,1
join 23 and 96 score = 0.006097560975609756 sizes 2,9
join 6 and 42 score = 0.011834319526627219 sizes 1,1
join 65 and 74 score = 0.0 sizes 2,1
join 59 and 101 score = 0.0 sizes 1,1
join 61 and 102 score = 0.01098901098901099 sizes 11,1
join 6 and 32 score = 0.012048192771084338 sizes 2,7
join 78 and 85 score = 0.012738853503184714 sizes 1,9
join 48 and 52 score = 0.007246376811594203 sizes 8,3
join 25 and 94 score = 0.012121212121212121 sizes 11,4
join 11 and 77 score = 0.0 sizes 1,1
join 82 and 88 score = 0.015873015873015872 sizes 2,3
join 30 and 35 score = 0.0 sizes 1,5
join 51 and 91 score = 0.0 sizes 6,3
join 62 and 70 score = 0.01282051282051282 sizes 1,2
join 72 and 107 score = 0.012578616352201259 sizes 1,5
join 81 and 99 score = 0.011764705882352941 sizes 15,1
join 76 and 95 score = 0.021739130434782608 sizes 16,1
All pairs
join 8 and 79 score = 0.0 sizes 1,4
join 11 and 100 score = 0.0 sizes 2,7
join 1 and 18 score = 0.019230769230769232 sizes 9,1
join 20 and 58 score = 0.0189873417721519 sizes 5,2
join 54 and 56 score = 0.012903225806451613 sizes 9,3
join 74 and 105 score = 0.0 sizes 12,1
join 59 and 89 score = 0.0196078431372549 sizes 2,3
join 84 and 101 score = 0.0 sizes 1,5
join 78 and 95 score = 0.022222222222222223 sizes 10,17
join 5 and 30 score = 0.0 sizes 1,6
join 3 and 62 score = 0.028169014084507043 sizes 1,6
join 3 and 42 score = 0.02631578947368421 sizes 7,27
join 8 and 110 score = 0.03571428571428571 sizes 7,1
join 31 and 72 score = 0.024242424242424242 sizes 5,6
join 10 and 99 score = 0.03488372093023256 sizes 1,34
join 10 and 28 score = 0.04375 sizes 35,1
join 45 and 60 score = 0.03773584905660377 sizes 7,12
join 27 and 105 score = 0.03333333333333333 sizes 11,13
join 67 and 86 score = 0.041666666666666664 sizes 1,1
join 19 and 67 score = 0.050314465408805034 sizes 1,2
join 69 and 97 score = 0.04929577464788732 sizes 4,10
join 19 and 28 score = 0.05228758169934641 sizes 3,36
join 24 and 36 score = 0.058823529411764705 sizes 1,1
join 84 and 110 score = 0.07142857142857142 sizes 39,8
join 46 and 49 score = 0.08888888888888889 sizes 24,47
join 24 and 77 score = 0.06666666666666667 sizes 2,71
join 36 and 102 score = 0.07142857142857142 sizes 73,19
All pairs
join 17 and 75 score = 0.22142857142857142 sizes 4,14
join 5 and 71 score = 0.2692307692307692 sizes 92,18
join 37 and 86 score = 0.0 sizes 1,110
score = 1.6118189303161574
improvementE2 : -679.0362417135477
improvementE3 : -678.9904480873445
improvementE1 : -678.9869814078718
improvementE1 : -678.930215775848
improvementE2 : -678.9301723917193
improvementE1 : -678.8624386101883
improvementE1 : -677.9520619778639
improvementE3 : -676.968554374841
improvementE1 : -676.9632005489871
improvementE1 : -676.8432600314219
improvementE3 : -676.842768184872
improvementE2 : -674.7840019728983
improvementE1 : -674.7839076339887
improvementE3 : -674.5999422374789
improvementE1 : -674.5988964991957
improvementE1 : -674.5981329680711
improvementE3 : -674.5980497228009
improvementE3 : -674.59315621743
improvementE2 : -674.5892201202626
improvementE1 : -674.5888106426803
improvementE3 : -674.580139056311
improvementE3 : -674.534479950659
improvementE2 : -674.4346851773249
improvementE1 : -674.4343169468158
improvementE3 : -673.8115470446484
improvementE2 : -670.9200175198591
improvementE3 : -670.9198995283406
improvementE2 : -670.9198627647518
improvementE2 : -665.2249861011064
improvementE2 : -663.4513758892571
improvementE1 : -663.4511020805627
improvementE2 : -663.450772157567
improvementE1 : -663.449497825536
improvementE3 : -663.4488648596069
improvementE3 : -663.1594979840561
improvementE2 : -662.8993955970668
improvementE1 : -662.8993568801749
improvementE2 : -662.8992495320458
improvementE3 : -662.8973311259554
improvementE1 : -662.8919809069602
improvementE1 : -662.8915293632779
improvementE2 : -662.8881258821469
improvementE3 : -661.941808207244
improvementE2 : -661.9416447650569
improvementE2 : -640.8804528849145
improvementE1 : -640.8692788051761
improvementE3 : -640.8690895822251
improvementE3 : -640.868561285679
improvementE2 : -640.8446307274874
improvementE1 : -640.8443725167667
improvementE3 : -624.1363961302635
improvementE3 : -624.1358026405028
improvementE3 : -624.135799008416
improvementE3 : -623.3469334642444
improvementE3 : -623.3469315985739
improvementE3 : -623.3294803192407
improvementE3 : -623.3235819851542
improvementE2 : -621.1471414911194
improvementE2 : -614.7341980471559
improvementE3 : -614.734047356203
improvementE2 : -614.7340459159926
improvementE2 : -614.7338247421452
improvementE2 : -614.0437192512832
improvementE2 : -614.043666938417
improvementE1 : -613.5391416670145
improvementE2 : -613.5170035581116
improvementE2 : -608.0328531251796
improvementE2 : -607.7100741187019
improvementE3 : -607.7098843304244
improvementE3 : -607.7098677370287
improvementE1 : -607.708261187951
improvementE2 : -607.4454651109194
improvementE3 : -607.444881808732
improvementE3 : -607.4446154038335
improvementE1 : -607.4443391916541
improvementE1 : -607.4443314561944
improvementE1 : -605.8153578775293
improvementE1 : -605.8153541208869
improvementE3 : -604.5684559679984
improvementE3 : -604.5684029581066
improvementE1 : -604.5682223969345
improvementE3 : -604.5674959162404
improvementE1 : -604.5647667722367
improvementE1 : -604.5627422907706
improvementE3 : -604.5626293302195
improvementE3 : -604.5626219492191
improvementE3 : -604.5625072776886
improvementE1 : -604.5572243305811
improvementE3 : -604.5572016599093
improvementE1 : -604.5567874753748
improvementE3 : -604.5567155899197
improvementE2 : -604.5456486778231
improvementE1 : -604.5456450346861
improvementE3 : -604.5450981901645
improvementE3 : -604.5440600987662
improvementE1 : -604.5438055537815
improvementE2 : -604.4287738136114
improvementE3 : -604.4286200322323
improvementE3 : -604.4264602575954
improvementE3 : -604.4264012206772
improvementE2 : -604.4263830633469
improvementE3 : -604.4253653335262
improvementE1 : -604.4246268493076
improvementE3 : -604.4246252626201
improvementE1 : -604.4245901136156
improvementE2 : -604.4244458268394
improvementE2 : -604.4244327308576
improvementE3 : -604.4242618015267
improvementE3 : -600.838569743932
improvementE3 : -600.8385680666939
improvementE1 : -600.8383262273062
improvementE1 : -600.8383193636477
improvementE2 : -600.838305110584
improvementE3 : -600.8382976987343
improvementE3 : -600.8283307002781
improvementE1 : -600.8277169192291
improvementE1 : -600.8204493812032
improvementE3 : -600.8199248832262
improvementE3 : -600.8152994157631
improvementE1 : -600.8152888782294
improvementE2 : -600.8152812969327
improvementE1 : -600.8152778118298
improvementE2 : -600.8123783663773
improvementE3 : -599.2757768674999
improvementE1 : -599.2725852444394
improvementE1 : -599.2723213545833
improvementE1 : -599.272298571182
improvementE3 : -599.2701871239543
improvementE1 : -599.270173633474
improvementE1 : -599.2685014222386
improvementE3 : -599.2683144161985
improvementE1 : -599.2681907148357
improvementE1 : -598.8019859626803
improvementE3 : -598.8019846302901
improvementE2 : -598.2600144599461
improvementE3 : -596.527038847881
improvementE3 : -591.7761288222387
improvementE2 : -591.7758450161059
improvementE3 : -591.7753649969991
improvementE3 : -591.7712631977454
improvementE3 : -591.7712613942912
improvementE3 : -591.771260049416
improvementE1 : -591.771196889567
improvementE2 : -591.288351131438
improvementE3 : -589.7462159951808
improvementE2 : -586.5482059404857
improvementE3 : -586.5482011364248
improvementE3 : -584.8935031407636
improvementE3 : -584.1773602632529
improvementE2 : -584.1772045177357
improvementE3 : -579.2115017068229
improvementE3 : -579.2114407038707
improvementE1 : -579.2114264106779
improvementE3 : -577.1603199644696
improvementE1 : -577.1577788122762
improvementE3 : -577.1576185073434
improvementE1 : -577.1574560705765
improvementE2 : -577.1573984133181
improvementE1 : -577.1572861022127
improvementE3 : -577.1085290476573
improvementE2 : -577.1084215519755
improvementE3 : -577.108414302992
improvementE2 : -577.108413217405
improvementE3 : -577.1083841249032
improvementE1 : -574.6302529889822
improvementE2 : -574.6301702402084
improvementE1 : -574.6301438118223
improvementE2 : -574.6301151366555
improvementE1 : -574.6019018569651
improvementE1 : -574.60188516077
improvementE2 : -574.6018819974216
improvementE2 : -574.6018742070803
improvementE3 : -574.3962166353064
improvementE3 : -574.3958647140653
improvementE3 : -574.3953161518333
improvementE1 : -574.395306110706
improvementE1 : -574.395172324931
improvementE2 : -574.3946627025099
improvementE2 : -574.3946207304342
improvementE2 : -574.3739159726262
improvementE1 : -574.3738134670913
improvementE1 : -574.3738064124445
improvementE1 : -574.3737732320966
improvementE2 : -574.3737494751188
improvementE1 : -574.373747438506
improvementE1 : -574.3734203436094
improvementE1 : -574.372052732566
improvementE1 : -574.3720434180697
improvementE1 : -574.372035942496
improvementE1 : -574.372019761145
improvementE1 : -574.3720023231774
improvementE3 : -574.2317505898958
improvementE1 : -574.2317488364289
improvementE1 : -574.2311049707192
improvementE3 : -574.2311021076849
improvementE2 : -545.2892131853172
improvementE3 : -545.2890906718383
improvementE3 : -545.2890877506676
improvementE3 : -545.2888552507266
improvementE1 : -545.1651166569387
improvementE1 : -545.1651055401725
improvementE2 : -545.1650719136328
improvementE3 : -545.1122183851254
improvementE3 : -545.1098685283455
improvementE3 : -545.1096080389796
improvementE3 : -545.1093481461717
improvementE2 : -545.1087891244323
improvementE2 : -545.0680137478056
improvementE1 : -545.0679832048413
improvementE3 : -545.0679817925908
improvementE3 : -545.0678918675078
improvementE1 : -545.0639646758409
improvementE1 : -545.0634932725224
improvementE3 : -545.0634661316313
improvementE1 : -545.0370188687874
improvementE3 : -545.0346060865434
improvementE3 : -545.0340757572195
improvementE1 : -545.0340600503976
logL = -2756.2523136685795
Removing 0 markers
Second round
improvementE2 : -545.034055655096
improvementE3 : -545.0340049262852
improvementE1 : -545.0339742800454
improvementE3 : -545.0339685299292
improvementE1 : -545.0339483195604
improvementE1 : -545.0339185587258
improvementE3 : -545.0151827129423
improvementE2 : -545.0151403145189
improvementE2 : -545.0151290587003
improvementE2 : -545.0148387689864
improvementE3 : -545.0004525130519
improvementE2 : -545.0004103781035
improvementE1 : -545.000406003362
improvementE3 : -545.000400045504
improvementE1 : -544.9993931896743
improvementE1 : -544.9829651084432
improvementE3 : -544.9829417569143
improvementE2 : -544.9829371095522
improvementE3 : -544.9826605753199
improvementE3 : -544.982645250916
improvementE1 : -544.9826298634384
improvementE3 : -544.9826271678406
improvementE2 : -531.1682224190125
improvementE3 : -531.1669174172584
improvementE3 : -531.1668915239403
improvementE3 : -531.1661333786369
improvementE2 : -530.7670976171124
improvementE1 : -523.6627557625766
improvementE3 : -523.662752779853
improvementE2 : -520.7723919850832
improvementE3 : -520.7723889226968
improvementE3 : -520.7716528270946
improvementE3 : -518.3482441789731
improvementE1 : -518.3482319312704
improvementE2 : -517.5306761838664
improvementE2 : -516.5174178402842
improvementE1 : -516.5173869696292
improvementE1 : -516.5140435989525
improvementE2 : -516.5137016091131
improvementE3 : -516.5136986137325
improvementE3 : -516.5136865137771
improvementE1 : -516.5136671592019
improvementE3 : -516.5097697186247
improvementE2 : -516.5097678814386
improvementE2 : -516.5097584896779
improvementE2 : -516.5085176269565
improvementE3 : -514.3990574253871
improvementE2 : -514.399055012812
improvementE1 : -514.2307157255519
improvementE2 : -513.4774176766364
improvementE3 : -513.4330392271247
improvementE3 : -513.4326340815862
improvementE2 : -513.432632362252
improvementE1 : -513.2878884558338
improvementE2 : -512.5192350478916
improvementE1 : -512.5192092220692
improvementE2 : -512.5108573789263
improvementE1 : -512.5086722303673
improvementE3 : -512.508523801613
improvementE1 : -512.5012981123219
improvementE1 : -512.499715528278
improvementE2 : -512.4662040565723
improvementE3 : -512.4658861373774
improvementE1 : -512.4658830148788
improvementE1 : -511.2969390568391
improvementE3 : -511.29684929744934
improvementE3 : -500.88709510393977
improvementE2 : -500.8870756329194
improvementE1 : -500.88673480375655
improvementE3 : -500.886733429304
improvementE2 : -500.8867113833699
improvementE2 : -500.88670843640244
improvementE2 : -499.2328191674577
improvementE3 : -499.2328105875014
improvementE1 : -499.23265220101484
improvementE2 : -499.2326488954913
improvementE1 : -499.2302960877331
improvementE2 : -499.23029490028756
improvementE3 : -499.2302924731595
improvementE2 : -499.2254291696
improvementE2 : -499.1916835290044
improvementE1 : -499.1916815164301
improvementE3 : -499.1915947917038
improvementE1 : -499.19120691016195
improvementE1 : -499.1911368819897
improvementE1 : -499.1906269584961
improvementE3 : -499.1906256172931
improvementE2 : -499.19061782899325
improvementE3 : -499.18211058571615
improvementE3 : -499.18210810565296
improvementE3 : -499.164994813058
improvementE3 : -499.1555902770151
improvementE2 : -499.1555807490909
improvementE2 : -499.1555784833207
improvementE3 : -499.1554877176435
improvementE2 : -499.15547709716736
improvementE1 : -499.1554757056661
improvementE3 : -499.1554203475182
improvementE2 : -499.15541651496534
improvementE3 : -499.1552890824814
improvementE3 : -499.1544654462471
improvementE2 : -472.0024107802765
improvementE1 : -472.00240745894945
improvementE1 : -472.0023404439043
improvementE3 : -472.00219739959067
improvementE2 : -472.0021962001449
improvementE1 : -472.0021202093584
improvementE3 : -472.0020746798938
improvementE3 : -472.00207269546047
improvementE1 : -472.00206512523886
improvementE3 : -472.0020589727257
