0->0 : 0
0->1 : 0
0->2 : 0
       Error rate = 0.0
1->0 : 0
1->1 : 0
1->2 : 0
       Error rate = 0.0
2->0 : 0
2->1 : 0
2->2 : 0
       Error rate = 0.0
0,2->0,2 : 1181913
  0,2->1 : 0
1,2->1,2 : 0
  1,2->0 : 0
       Error rate = 0.0
Maternally informative markers = 0 (of 10219)
Paternally informative markers = 10219
Maternally or paternally informative markers = 10219
Removed 0 children
Removed 0 markers
Number of LGs = 45
***Family = fam_08 chromosome = 39 numMarkers = 5 maternal informative markers 0 (paternal informative markers 5)
***Family = fam_01 chromosome = 39 numMarkers = 5 maternal informative markers 0 (paternal informative markers 5)
***Family = fam_09 chromosome = 39 numMarkers = 5 maternal informative markers 0 (paternal informative markers 5)
5->4
4->4
All pairs
join 0 and 1 score = 0.0 sizes 1,1
join 2 and 3 score = 0.0 sizes 1,1
join 0 and 2 score = 0.0 sizes 2,2
score = 0.0
improvementE1 : -19.847512572093358
improvementE1 : -19.84457519296157
improvementE2 : -19.832331783320328
logL = -19.582655366734716
Removing 0 markers
Second round
