0->0 : 0
0->1 : 0
0->2 : 0
       Error rate = 0.0
1->0 : 0
1->1 : 0
1->2 : 0
       Error rate = 0.0
2->0 : 0
2->1 : 0
2->2 : 0
       Error rate = 0.0
0,2->0,2 : 1181913
  0,2->1 : 0
1,2->1,2 : 0
  1,2->0 : 0
       Error rate = 0.0
Maternally informative markers = 0 (of 10219)
Paternally informative markers = 10219
Maternally or paternally informative markers = 10219
Removed 0 children
Removed 0 markers
Number of LGs = 45
***Family = fam_08 chromosome = 20 numMarkers = 215 maternal informative markers 0 (paternal informative markers 215)
***Family = fam_01 chromosome = 20 numMarkers = 215 maternal informative markers 0 (paternal informative markers 215)
***Family = fam_09 chromosome = 20 numMarkers = 215 maternal informative markers 0 (paternal informative markers 215)
215->170
170->170
All pairs
join 19 and 30 score = 0.0 sizes 1,1
join 42 and 103 score = 0.0 sizes 1,1
join 19 and 103 score = 0.0 sizes 2,2
join 38 and 42 score = 0.0 sizes 1,4
join 13 and 30 score = 0.0 sizes 1,5
join 79 and 137 score = 0.0 sizes 1,1
join 79 and 161 score = 0.0 sizes 2,1
join 15 and 120 score = 0.0 sizes 1,1
join 31 and 98 score = 0.0 sizes 1,1
join 60 and 90 score = 0.0 sizes 1,1
join 44 and 109 score = 0.0 sizes 1,1
join 2 and 158 score = 0.0 sizes 1,1
join 2 and 28 score = 0.0 sizes 2,1
join 28 and 31 score = 0.0 sizes 3,2
join 100 and 120 score = 0.0 sizes 1,2
join 15 and 44 score = 0.0 sizes 3,2
join 100 and 105 score = 0.0 sizes 5,1
join 38 and 105 score = 0.0 sizes 6,6
join 13 and 92 score = 0.0 sizes 12,1
join 92 and 98 score = 0.0 sizes 13,5
join 12 and 109 score = 0.0 sizes 1,18
join 4 and 162 score = 0.0 sizes 1,1
join 119 and 156 score = 0.0 sizes 1,1
join 12 and 95 score = 0.0 sizes 19,1
join 95 and 127 score = 0.0 sizes 20,1
join 66 and 166 score = 0.0 sizes 1,1
join 21 and 66 score = 0.0 sizes 1,2
join 27 and 158 score = 0.0 sizes 1,21
join 57 and 161 score = 0.0 sizes 1,3
join 20 and 90 score = 0.0 sizes 1,2
join 68 and 94 score = 0.0 sizes 1,1
join 36 and 64 score = 0.0 sizes 1,1
join 10 and 149 score = 0.0 sizes 1,1
join 114 and 126 score = 0.0 sizes 1,1
join 26 and 163 score = 0.0 sizes 1,1
join 107 and 122 score = 0.0 sizes 1,1
join 107 and 117 score = 0.0 sizes 2,1
join 117 and 139 score = 0.0 sizes 3,1
join 67 and 139 score = 0.0 sizes 1,4
join 25 and 67 score = 0.0 sizes 1,5
join 25 and 127 score = 0.0 sizes 6,22
join 43 and 63 score = 0.0 sizes 1,1
join 76 and 78 score = 0.0 sizes 1,1
join 55 and 138 score = 0.0 sizes 1,1
join 46 and 115 score = 0.0 sizes 1,1
join 115 and 168 score = 0.0 sizes 2,1
join 4 and 43 score = 0.0 sizes 2,2
join 162 and 166 score = 0.0 sizes 4,3
join 96 and 147 score = 0.0 sizes 1,1
join 68 and 96 score = 0.0 sizes 2,2
join 149 and 169 score = 0.0 sizes 2,1
join 58 and 169 score = 0.0 sizes 1,3
join 27 and 101 score = 0.0 sizes 28,1
join 122 and 148 score = 0.0 sizes 29,1
join 110 and 123 score = 0.0 sizes 1,1
join 110 and 137 score = 0.0 sizes 2,4
join 123 and 125 score = 0.0 sizes 6,1
join 101 and 152 score = 0.0 sizes 30,1
join 11 and 152 score = 0.0 sizes 1,31
join 85 and 124 score = 0.0 sizes 1,1
join 37 and 85 score = 0.0 sizes 1,2
join 37 and 145 score = 0.0 sizes 3,1
join 34 and 112 score = 0.0 sizes 1,1
join 112 and 160 score = 0.0 sizes 2,1
join 97 and 160 score = 0.0 sizes 1,3
join 142 and 144 score = 0.0 sizes 1,1
join 24 and 142 score = 0.0 sizes 1,2
join 24 and 131 score = 0.0 sizes 3,1
join 41 and 131 score = 0.0 sizes 1,4
join 89 and 106 score = 0.0 sizes 1,1
join 111 and 168 score = 0.0 sizes 1,3
join 23 and 156 score = 0.0 sizes 1,2
join 45 and 119 score = 0.0 sizes 1,3
join 45 and 106 score = 0.0 sizes 4,2
join 99 and 143 score = 0.0 sizes 1,1
join 75 and 99 score = 0.0 sizes 1,2
join 75 and 130 score = 0.0 sizes 3,1
All pairs
join 46 and 84 score = 0.0 sizes 4,1
join 87 and 132 score = 0.0 sizes 1,1
join 58 and 157 score = 0.0 sizes 4,1
join 11 and 125 score = 0.0 sizes 32,7
join 57 and 113 score = 0.0 sizes 39,1
join 8 and 135 score = 0.0 sizes 1,1
join 148 and 151 score = 0.0 sizes 40,1
join 65 and 134 score = 0.0 sizes 1,1
join 136 and 154 score = 0.0 sizes 1,1
join 114 and 132 score = 0.0 sizes 2,2
join 128 and 164 score = 0.0 sizes 1,1
join 29 and 84 score = 0.0 sizes 1,5
join 22 and 70 score = 0.0 sizes 1,1
join 72 and 150 score = 0.0 sizes 1,1
join 21 and 150 score = 0.0 sizes 7,2
join 7 and 108 score = 0.0 sizes 1,1
join 91 and 144 score = 0.0 sizes 1,5
join 111 and 141 score = 0.0 sizes 6,1
join 3 and 7 score = 0.0 sizes 1,2
join 0 and 3 score = 0.0 sizes 1,3
join 54 and 141 score = 0.0 sizes 1,7
join 41 and 60 score = 0.0 sizes 6,3
join 17 and 52 score = 0.0 sizes 1,1
join 52 and 73 score = 0.0 sizes 2,1
join 16 and 17 score = 0.0 sizes 1,3
join 54 and 167 score = 0.0 sizes 8,1
join 9 and 129 score = 0.0 sizes 1,1
join 5 and 129 score = 0.0 sizes 1,2
join 5 and 20 score = 0.0 sizes 3,9
join 69 and 73 score = 0.0 sizes 1,4
join 16 and 159 score = 0.0 sizes 5,1
join 48 and 69 score = 0.0 sizes 1,6
join 9 and 159 score = 0.0 sizes 12,7
join 94 and 124 score = 0.006622516556291391 sizes 4,4
join 64 and 143 score = 0.005780346820809248 sizes 2,4
join 0 and 167 score = 0.0 sizes 4,9
join 81 and 91 score = 0.00684931506849315 sizes 1,19
join 59 and 93 score = 0.0 sizes 1,1
join 55 and 59 score = 0.0 sizes 2,2
join 80 and 86 score = 0.010582010582010581 sizes 1,1
join 63 and 155 score = 0.0 sizes 9,1
join 71 and 121 score = 0.0 sizes 1,1
join 77 and 102 score = 0.0 sizes 1,1
join 22 and 39 score = 0.0 sizes 2,1
join 72 and 89 score = 0.007575757575757576 sizes 10,6
join 56 and 155 score = 0.0 sizes 1,16
join 61 and 146 score = 0.0 sizes 1,1
join 39 and 93 score = 0.0 sizes 3,4
join 48 and 83 score = 0.0 sizes 20,1
join 83 and 113 score = 0.0 sizes 21,41
join 62 and 151 score = 0.0 sizes 1,62
join 133 and 136 score = 0.006944444444444444 sizes 1,2
join 8 and 29 score = 0.006711409395973154 sizes 2,13
join 51 and 154 score = 0.01098901098901099 sizes 1,3
join 51 and 74 score = 0.0 sizes 4,1
join 35 and 74 score = 0.0 sizes 1,5
join 70 and 140 score = 0.0 sizes 7,1
join 102 and 165 score = 0.0 sizes 2,1
join 77 and 104 score = 0.0 sizes 3,1
join 56 and 61 score = 0.0 sizes 17,2
join 50 and 140 score = 0.0 sizes 1,8
join 87 and 145 score = 0.006172839506172839 sizes 4,8
join 18 and 50 score = 0.0 sizes 1,9
join 138 and 165 score = 0.0 sizes 10,4
join 18 and 116 score = 0.0 sizes 14,1
join 32 and 82 score = 0.0 sizes 1,1
join 26 and 108 score = 0.012345679012345678 sizes 2,15
join 65 and 163 score = 0.012195121951219513 sizes 2,17
join 33 and 135 score = 0.0 sizes 1,19
join 33 and 35 score = 0.0 sizes 20,6
join 62 and 130 score = 0.007575757575757576 sizes 63,6
join 10 and 76 score = 0.012345679012345678 sizes 5,2
join 78 and 97 score = 0.012658227848101266 sizes 7,4
join 88 and 104 score = 0.0 sizes 1,15
join 32 and 88 score = 0.0 sizes 2,16
join 1 and 116 score = 0.0 sizes 1,18
join 6 and 80 score = 0.0 sizes 1,2
All pairs
join 1 and 71 score = 0.0 sizes 19,2
join 40 and 153 score = 0.0 sizes 1,1
join 40 and 47 score = 0.0 sizes 2,1
join 34 and 86 score = 0.024390243902439025 sizes 11,3
join 23 and 126 score = 0.033112582781456956 sizes 19,12
join 81 and 134 score = 0.027777777777777776 sizes 69,26
join 82 and 118 score = 0.037037037037037035 sizes 21,1
join 118 and 146 score = 0.0 sizes 22,31
join 49 and 164 score = 0.04827586206896552 sizes 1,2
join 121 and 128 score = 0.06944444444444445 sizes 53,3
join 6 and 53 score = 0.06666666666666667 sizes 14,1
join 36 and 49 score = 0.1554054054054054 sizes 95,56
join 14 and 153 score = 0.125 sizes 1,3
join 147 and 157 score = 0.1888111888111888 sizes 151,15
join 14 and 53 score = 0.0 sizes 4,166
score = 0.9012693252341146
improvementE1 : -497.977093751364
improvementE3 : -496.98136138522386
improvementE2 : -492.5081773073161
improvementE1 : -492.5081160497887
improvementE3 : -492.3482475147144
improvementE3 : -492.34771411854354
improvementE2 : -492.19530408848004
improvementE1 : -492.1903128586271
improvementE1 : -492.18633152172396
improvementE1 : -491.6909939481787
improvementE1 : -491.65499507355474
improvementE2 : -491.6549780452113
improvementE1 : -491.65248582221335
improvementE3 : -491.65123213222415
improvementE1 : -491.65046447329615
improvementE3 : -491.6503954803108
improvementE2 : -491.64965122417954
improvementE2 : -491.6489993970465
improvementE1 : -491.61797918816615
improvementE3 : -490.69377470418686
improvementE1 : -490.68747481545057
improvementE2 : -490.6874060257908
improvementE2 : -490.457444922561
improvementE1 : -490.4568255246116
improvementE1 : -490.45340533532624
improvementE2 : -486.38273636911646
improvementE3 : -486.38259378588367
improvementE3 : -486.38249650416685
improvementE1 : -484.2453717662564
improvementE2 : -481.0810917519605
improvementE3 : -481.07992898026555
improvementE3 : -481.0799135883106
improvementE3 : -481.0799093589291
improvementE2 : -481.0780188077111
improvementE3 : -478.3437818849603
improvementE3 : -478.3412993170061
improvementE3 : -475.7081217257245
improvementE1 : -475.7076221851824
improvementE3 : -475.02366200126545
improvementE1 : -474.9368751759751
improvementE1 : -474.9368641900396
improvementE1 : -474.93658339997006
improvementE3 : -474.9364224217827
improvementE1 : -474.9358800163421
improvementE3 : -474.93535499817654
improvementE3 : -471.41456234610285
improvementE3 : -471.4129542649122
improvementE1 : -471.41223386669077
improvementE2 : -471.33049097610467
improvementE1 : -471.3296419598349
improvementE2 : -471.22704460648885
improvementE2 : -471.22704114510157
improvementE3 : -471.22702923850454
improvementE1 : -470.0321578824329
improvementE3 : -470.031816251762
improvementE1 : -470.03125190824244
improvementE1 : -469.0531807246075
improvementE3 : -469.0505623070715
improvementE3 : -460.89322596482975
improvementE2 : -460.8903071589312
improvementE1 : -460.8874383963998
improvementE2 : -460.88690841214907
improvementE3 : -460.8868999032125
improvementE2 : -460.88518876885377
improvementE1 : -460.81710719749964
improvementE3 : -460.817100058806
improvementE1 : -460.81705278785506
improvementE3 : -460.8170463311401
improvementE2 : -460.81524460763575
improvementE3 : -460.8152393553297
improvementE1 : -460.42707202640133
improvementE2 : -459.9739477891663
improvementE2 : -459.89929326658256
improvementE2 : -459.8991899816242
improvementE1 : -459.81641997178434
improvementE2 : -459.80478014091995
improvementE3 : -459.8023594641615
improvementE2 : -459.80235645763224
improvementE3 : -459.8020241312485
improvementE2 : -459.80202128927664
improvementE3 : -459.80189393058924
improvementE3 : -459.19834150900215
improvementE2 : -459.19833592774893
improvementE1 : -459.1983317746486
improvementE3 : -459.19832779084
improvementE3 : -459.1979011787444
improvementE3 : -459.16506098087365
improvementE2 : -459.1650567765243
improvementE3 : -459.1650556714897
improvementE2 : -434.28612464474884
improvementE1 : -434.2861055726834
improvementE1 : -434.1984564106762
improvementE1 : -434.0891658602711
improvementE2 : -433.612870002829
improvementE3 : -433.6128650459108
improvementE3 : -433.449701410385
improvementE3 : -433.44968976444784
improvementE3 : -433.449036573627
improvementE3 : -431.06428982040507
improvementE1 : -431.06427210689037
improvementE1 : -427.8029041169936
improvementE3 : -427.8028961724131
improvementE3 : -427.80110227253283
improvementE3 : -427.7997686374256
improvementE3 : -425.9285835361389
improvementE3 : -425.2913682357643
improvementE3 : -425.2913496053999
improvementE2 : -425.2686006845145
improvementE1 : -425.26598854868513
improvementE1 : -425.2659863576916
improvementE2 : -425.2445345245479
improvementE3 : -424.32294788952737
improvementE2 : -423.09458954162835
improvementE3 : -423.0351822105387
improvementE3 : -423.03469727013135
improvementE3 : -423.0345629886147
improvementE2 : -423.0345612379701
improvementE1 : -415.13268633855586
improvementE2 : -414.629500489858
improvementE2 : -414.6083253883562
improvementE3 : -414.6012322348724
improvementE3 : -412.77166631459346
improvementE3 : -412.7605827820728
improvementE3 : -412.76058123536063
improvementE1 : -412.7605179681569
improvementE3 : -412.75985122769293
improvementE2 : -412.75694681658007
improvementE3 : -410.43407717493227
improvementE2 : -410.4340625267229
improvementE2 : -410.4280237026187
improvementE3 : -410.4280213910932
improvementE2 : -410.4279533606059
improvementE1 : -410.4264865824777
improvementE3 : -410.42611485772545
improvementE1 : -410.42611278820436
improvementE2 : -410.2088947127549
improvementE1 : -410.2088844137554
improvementE1 : -410.20879590952825
improvementE3 : -410.20879453049815
improvementE2 : -410.17658441692384
improvementE3 : -410.1726661897251
improvementE2 : -410.17165099841844
improvementE1 : -410.17161672434355
improvementE3 : -410.14122373773426
improvementE3 : -409.95490928580836
improvementE2 : -409.9355887735005
improvementE1 : -409.93548348718735
improvementE3 : -409.9354787321736
improvementE1 : -409.93544331745386
improvementE1 : -409.91737652735463
improvementE3 : -409.9173644995107
improvementE1 : -409.9173189746385
improvementE3 : -409.84122341805363
improvementE1 : -409.83899622861196
improvementE1 : -409.838992997452
improvementE3 : -409.83898506946355
improvementE3 : -409.8382710145921
improvementE3 : -409.83823592552744
improvementE1 : -409.7098811318698
improvementE3 : -409.7098799801792
improvementE1 : -409.70976139333607
improvementE1 : -409.7096646375383
improvementE1 : -409.6999910767873
improvementE1 : -409.6997696771827
improvementE2 : -409.5996022576174
improvementE1 : -409.59920768536097
improvementE1 : -409.5985388873213
improvementE3 : -409.5985296292463
improvementE1 : -409.1345669234912
improvementE3 : -409.13428685027213
improvementE3 : -409.1342749929744
improvementE3 : -409.1333198188212
improvementE1 : -409.133308278912
improvementE1 : -406.49760626688436
improvementE1 : -406.4976009380782
improvementE2 : -403.7539153624252
improvementE2 : -403.75322275704355
improvementE3 : -403.7531852217808
improvementE1 : -403.75265518546354
improvementE1 : -403.7523199400835
improvementE2 : -403.74667371683813
improvementE1 : -401.90741812818305
improvementE1 : -401.90728482668106
improvementE3 : -401.90728167323005
improvementE2 : -401.90700191757384
improvementE3 : -401.90202473206654
improvementE3 : -401.90200642150506
improvementE3 : -401.9016762902209
improvementE2 : -401.9004656404436
improvementE1 : -397.1584490701578
improvementE1 : -397.1584469821207
improvementE3 : -397.15841514487994
improvementE2 : -397.1584134397143
improvementE2 : -394.948691073528
improvementE3 : -394.948660189304
improvementE3 : -394.9486555608044
improvementE3 : -394.9185806561219
improvementE3 : -394.9179835744304
improvementE3 : -394.9179759271909
improvementE1 : -394.91795842753663
improvementE1 : -392.0113666113487
improvementE3 : -392.01136482499425
improvementE3 : -392.010670713095
improvementE2 : -392.0106695578463
improvementE1 : -392.0106679047206
improvementE1 : -392.01066622357285
improvementE3 : -392.0104106303083
improvementE3 : -388.12257324068526
improvementE3 : -387.94783815802197
improvementE2 : -387.94775834841863
improvementE2 : -387.9475866970531
improvementE3 : -387.9439642570005
improvementE1 : -387.9439601081306
improvementE3 : -387.94394181484586
improvementE2 : -387.9439401016883
improvementE3 : -387.9438766216694
improvementE1 : -387.9437471289454
improvementE3 : -385.9293992293068
improvementE1 : -385.9293910466478
improvementE2 : -385.9293290845388
improvementE3 : -385.9291728025282
improvementE2 : -385.9291716657759
improvementE2 : -385.9291577172591
improvementE3 : -385.927451425417
improvementE2 : -385.92744428767634
improvementE3 : -384.75749082454035
improvementE1 : -384.75748672786005
improvementE3 : -384.7573103689927
improvementE2 : -384.7572715891581
improvementE1 : -384.7571390010656
improvementE2 : -384.58406135618964
improvementE3 : -384.5840230876952
improvementE3 : -380.7171234662307
improvementE3 : -380.7171206586975
improvementE3 : -380.7171175513714
improvementE1 : -380.7170886812533
improvementE3 : -380.71708756017205
improvementE1 : -380.02487172719947
improvementE2 : -380.0248675024419
improvementE3 : -380.0069314723649
improvementE1 : -380.00625094468285
improvementE3 : -380.0061080421316
improvementE1 : -380.00610231921524
improvementE1 : -380.00604375614944
improvementE2 : -380.00603655934174
improvementE3 : -379.7562661528739
improvementE3 : -379.75623821899444
improvementE3 : -379.75623285961245
improvementE1 : -379.73968115599274
improvementE3 : -377.0769491095258
improvementE3 : -377.0769319293588
improvementE3 : -377.0769295934748
improvementE1 : -377.0769259947165
improvementE3 : -377.046884779835
improvementE3 : -377.0468619612917
improvementE3 : -377.04678461344633
improvementE2 : -377.0467828649114
improvementE2 : -376.8564883264923
improvementE3 : -376.8559045316077
improvementE1 : -376.85589856343876
improvementE2 : -376.8558359013542
improvementE1 : -376.85582729624156
improvementE3 : -376.8558218917105
improvementE2 : -376.8558207473513
improvementE2 : -361.15764398874177
improvementE2 : -357.1249438724144
logL = -3166.5820032129022
Removing 0 markers
Second round
improvementE3 : -357.1248868321413
improvementE3 : -354.50738586238356
improvementE2 : -354.50737300790854
improvementE2 : -354.50736790749284
improvementE3 : -354.5073431727686
improvementE2 : -348.4264011478096
improvementE3 : -348.4263818715452
improvementE1 : -348.4263662601188
improvementE2 : -345.5680113361371
improvementE3 : -345.56788849337556
improvementE2 : -345.5678747668343
improvementE1 : -342.0652699730307
improvementE1 : -342.0447192169532
improvementE2 : -337.814462661904
improvementE3 : -333.6663731994017
improvementE3 : -333.66634184109967
improvementE2 : -328.56870843533505
improvementE1 : -328.56870675709644
improvementE3 : -328.5686818794781
improvementE3 : -328.56851572079756
improvementE1 : -327.9914278492077
improvementE1 : -325.8625410439341
improvementE2 : -313.6932049276095
improvementE3 : -313.6931539524451
improvementE3 : -311.93978928871314
improvementE2 : -311.9397878331545
improvementE2 : -311.93864607409057
improvementE3 : -311.93863665923965
