0->0 : 0
0->1 : 0
0->2 : 0
       Error rate = 0.0
1->0 : 0
1->1 : 0
1->2 : 0
       Error rate = 0.0
2->0 : 0
2->1 : 0
2->2 : 0
       Error rate = 0.0
0,2->0,2 : 1181913
  0,2->1 : 0
1,2->1,2 : 0
  1,2->0 : 0
       Error rate = 0.0
Maternally informative markers = 0 (of 10219)
Paternally informative markers = 10219
Maternally or paternally informative markers = 10219
Removed 0 children
Removed 0 markers
Number of LGs = 45
***Family = fam_08 chromosome = 28 numMarkers = 190 maternal informative markers 0 (paternal informative markers 190)
***Family = fam_01 chromosome = 28 numMarkers = 190 maternal informative markers 0 (paternal informative markers 190)
***Family = fam_09 chromosome = 28 numMarkers = 190 maternal informative markers 0 (paternal informative markers 190)
190->142
142->142
All pairs
join 23 and 127 score = 0.0 sizes 1,1
join 7 and 66 score = 0.0 sizes 1,1
join 8 and 24 score = 0.0 sizes 1,1
join 37 and 48 score = 0.0 sizes 1,1
join 33 and 88 score = 0.0 sizes 1,1
join 2 and 29 score = 0.0 sizes 1,1
join 31 and 76 score = 0.0 sizes 1,1
join 32 and 136 score = 0.0 sizes 1,1
join 71 and 134 score = 0.0 sizes 1,1
join 32 and 71 score = 0.0 sizes 2,2
join 7 and 117 score = 0.0 sizes 2,1
join 14 and 117 score = 0.0 sizes 1,3
join 31 and 66 score = 0.0 sizes 2,4
join 14 and 123 score = 0.0 sizes 6,1
join 58 and 123 score = 0.0 sizes 1,7
join 104 and 119 score = 0.0 sizes 1,1
join 41 and 65 score = 0.0 sizes 1,1
join 58 and 65 score = 0.0 sizes 8,2
join 33 and 115 score = 0.0 sizes 2,1
join 50 and 131 score = 0.0 sizes 1,1
join 18 and 41 score = 0.0 sizes 1,10
join 49 and 67 score = 0.0 sizes 1,1
join 47 and 96 score = 0.0 sizes 1,1
join 5 and 86 score = 0.0 sizes 1,1
join 37 and 42 score = 0.0 sizes 2,1
join 48 and 61 score = 0.0 sizes 3,1
join 5 and 28 score = 0.0 sizes 2,1
join 50 and 86 score = 0.0 sizes 2,3
join 28 and 136 score = 0.0 sizes 5,4
join 81 and 115 score = 0.0 sizes 1,3
join 0 and 74 score = 0.0 sizes 1,1
join 0 and 39 score = 0.0 sizes 2,1
join 80 and 110 score = 0.0 sizes 1,1
join 47 and 110 score = 0.0 sizes 2,2
join 80 and 109 score = 0.0 sizes 4,1
join 75 and 96 score = 0.0 sizes 1,5
join 45 and 75 score = 0.0 sizes 1,6
join 76 and 97 score = 0.0 sizes 11,1
join 107 and 139 score = 0.0 sizes 1,1
join 60 and 94 score = 0.0 sizes 1,1
join 17 and 56 score = 0.0 sizes 1,1
join 56 and 138 score = 0.0 sizes 2,1
join 30 and 46 score = 0.0 sizes 1,1
join 44 and 126 score = 0.0 sizes 1,1
join 9 and 92 score = 0.0 sizes 1,1
join 72 and 91 score = 0.0 sizes 1,1
join 72 and 81 score = 0.0 sizes 2,4
join 67 and 109 score = 0.0 sizes 2,7
join 42 and 59 score = 0.0 sizes 4,1
join 61 and 88 score = 0.0 sizes 5,6
join 112 and 141 score = 0.0 sizes 1,1
join 87 and 112 score = 0.0 sizes 1,2
join 22 and 141 score = 0.0 sizes 1,3
join 22 and 102 score = 0.0 sizes 4,1
join 46 and 87 score = 0.0 sizes 2,5
join 39 and 101 score = 0.0 sizes 3,1
join 25 and 74 score = 0.0 sizes 1,4
join 19 and 60 score = 0.0 sizes 1,2
join 100 and 134 score = 0.0 sizes 1,9
join 114 and 131 score = 0.0 sizes 1,10
join 90 and 114 score = 0.0 sizes 1,11
join 25 and 140 score = 0.0 sizes 5,1
join 6 and 140 score = 0.0 sizes 1,6
join 15 and 122 score = 0.0 sizes 1,1
join 45 and 70 score = 0.0 sizes 9,1
join 70 and 97 score = 0.0 sizes 10,12
join 54 and 121 score = 0.0 sizes 1,1
join 62 and 124 score = 0.0 sizes 1,1
join 54 and 124 score = 0.0 sizes 2,2
join 1 and 121 score = 0.0 sizes 1,4
join 51 and 113 score = 0.0 sizes 1,1
join 24 and 68 score = 0.0 sizes 2,1
join 17 and 127 score = 0.0 sizes 3,2
join 77 and 82 score = 0.0 sizes 1,1
join 34 and 103 score = 0.0 sizes 1,1
join 30 and 103 score = 0.0 sizes 7,2
All pairs
join 20 and 107 score = 0.0 sizes 1,2
join 38 and 40 score = 0.0 sizes 1,1
join 35 and 108 score = 0.0 sizes 1,1
join 2 and 137 score = 0.0 sizes 2,1
join 52 and 92 score = 0.0055248618784530384 sizes 1,2
join 27 and 62 score = 0.00641025641025641 sizes 1,5
join 1 and 43 score = 0.0 sizes 6,1
join 43 and 55 score = 0.0 sizes 7,1
join 116 and 139 score = 0.007042253521126761 sizes 1,3
join 27 and 100 score = 0.006172839506172839 sizes 8,12
join 55 and 137 score = 0.0 sizes 20,3
join 49 and 90 score = 0.006622516556291391 sizes 22,23
join 57 and 128 score = 0.0 sizes 1,1
join 57 and 118 score = 0.0 sizes 2,1
join 19 and 52 score = 0.006535947712418301 sizes 3,3
join 4 and 128 score = 0.0 sizes 1,3
join 9 and 40 score = 0.006666666666666667 sizes 6,2
join 79 and 133 score = 0.0 sizes 1,1
join 10 and 79 score = 0.006622516556291391 sizes 1,2
join 102 and 104 score = 0.006369426751592357 sizes 9,2
join 12 and 59 score = 0.0 sizes 1,11
join 105 and 125 score = 0.0 sizes 1,1
join 77 and 95 score = 0.0070921985815602835 sizes 2,1
join 34 and 85 score = 0.0 sizes 11,1
join 69 and 73 score = 0.0 sizes 1,1
join 73 and 132 score = 0.0 sizes 2,1
join 26 and 105 score = 0.0 sizes 1,2
join 106 and 125 score = 0.0 sizes 1,3
join 35 and 44 score = 0.005917159763313609 sizes 2,2
join 78 and 130 score = 0.006024096385542169 sizes 1,1
join 68 and 93 score = 0.0 sizes 3,1
join 3 and 8 score = 0.0 sizes 1,4
join 36 and 135 score = 0.005291005291005291 sizes 1,1
join 83 and 135 score = 0.00558659217877095 sizes 1,2
join 29 and 101 score = 0.010810810810810811 sizes 45,7
join 6 and 84 score = 0.006944444444444444 sizes 52,1
join 53 and 69 score = 0.0 sizes 1,3
join 53 and 106 score = 0.0 sizes 4,4
join 12 and 63 score = 0.0 sizes 12,1
join 63 and 89 score = 0.0 sizes 13,1
join 89 and 120 score = 0.0 sizes 14,1
join 129 and 138 score = 0.01282051282051282 sizes 1,5
join 23 and 64 score = 0.0 sizes 6,1
join 15 and 116 score = 0.014492753623188406 sizes 2,4
join 4 and 20 score = 0.0 sizes 4,6
join 98 and 118 score = 0.0 sizes 1,10
join 51 and 126 score = 0.02 sizes 2,4
join 26 and 94 score = 0.0 sizes 8,8
join 85 and 132 score = 0.0 sizes 12,16
join 36 and 119 score = 0.01092896174863388 sizes 3,28
join 18 and 98 score = 0.0 sizes 53,11
join 21 and 38 score = 0.03592814371257485 sizes 1,31
join 21 and 91 score = 0.030120481927710843 sizes 32,15
join 93 and 120 score = 0.0 sizes 5,47
join 83 and 84 score = 0.02702702702702703 sizes 52,64
join 10 and 108 score = 0.031055900621118012 sizes 3,6
join 11 and 133 score = 0.0 sizes 1,9
join 16 and 113 score = 0.0379746835443038 sizes 1,10
join 16 and 82 score = 0.043478260869565216 sizes 11,3
join 122 and 130 score = 0.05555555555555555 sizes 116,2
join 64 and 99 score = 0.03225806451612903 sizes 7,1
All pairs
join 99 and 111 score = 0.1 sizes 8,1
join 95 and 129 score = 0.16891891891891891 sizes 14,9
join 13 and 111 score = 0.0 sizes 1,23
join 13 and 78 score = 0.0 sizes 24,118
score = 0.726192857899955
improvementE1 : -484.0799973163932
improvementE1 : -484.05193242554617
improvementE3 : -482.5533438093823
improvementE2 : -482.54693919702345
improvementE2 : -482.5433937514713
improvementE1 : -482.5433898189891
improvementE2 : -482.54338862088673
improvementE3 : -481.91212115523206
improvementE3 : -481.9080977728411
improvementE1 : -481.8950797919929
improvementE3 : -481.5704091110651
improvementE3 : -481.33077234611864
improvementE3 : -481.3188794861268
improvementE3 : -481.3077076535632
improvementE2 : -481.3000366858367
improvementE3 : -480.7596887186926
improvementE2 : -480.7580345367476
improvementE2 : -480.75803310274307
improvementE1 : -480.75546520135816
improvementE2 : -477.9760992320138
improvementE2 : -475.37254701385876
improvementE3 : -475.37248532369284
improvementE1 : -475.37238217221596
improvementE2 : -475.19737204927293
improvementE3 : -475.17060958178826
improvementE3 : -475.17060254812526
improvementE1 : -473.3215962401793
improvementE3 : -473.3203890065842
improvementE1 : -473.3203128637118
improvementE3 : -473.3196766773685
improvementE2 : -473.12940682421174
improvementE3 : -473.12909356730046
improvementE3 : -472.0448112500955
improvementE1 : -472.0448006978004
improvementE3 : -472.0447715550768
improvementE3 : -472.023793490742
improvementE1 : -472.02267016470086
improvementE3 : -472.02266826112856
improvementE2 : -472.02148445527877
improvementE2 : -471.82278756395
improvementE1 : -471.79653896339664
improvementE1 : -471.7953639121231
improvementE1 : -468.5967707520209
improvementE3 : -468.5955533060294
improvementE3 : -468.5733176583843
improvementE1 : -467.00421964776353
improvementE2 : -467.00420042393176
improvementE3 : -467.00417420716633
improvementE2 : -467.0034079160751
improvementE1 : -467.0033996755791
improvementE2 : -467.00339151962135
improvementE2 : -457.30665797142274
improvementE3 : -454.783994145626
improvementE1 : -454.78394525332504
improvementE1 : -454.7839311517018
improvementE3 : -454.7839146227251
improvementE3 : -451.2855613597129
improvementE3 : -451.1483456962068
improvementE3 : -423.17496449755464
improvementE2 : -423.1240225648952
improvementE2 : -423.12399519886173
improvementE3 : -423.12397379126173
improvementE2 : -423.1238315860749
improvementE2 : -422.7477865530514
improvementE2 : -422.7477834930095
improvementE3 : -422.6750533446735
improvementE1 : -422.67492481462705
improvementE2 : -422.67138294510477
improvementE3 : -422.6597095540558
improvementE1 : -422.65899770440933
improvementE2 : -422.6589913067398
improvementE2 : -422.658828720567
improvementE3 : -422.4046354459221
improvementE3 : -422.40461337086384
improvementE3 : -422.40460712821704
improvementE1 : -422.40460425088594
improvementE2 : -422.28559075288945
improvementE2 : -422.2855657174115
improvementE2 : -422.28556444812705
improvementE3 : -422.2821475187473
improvementE3 : -422.27851147815045
improvementE2 : -422.278506520293
improvementE1 : -422.27849356590457
improvementE2 : -422.27849035427096
improvementE2 : -422.27848050237037
improvementE3 : -422.27847828673157
improvementE3 : -419.61193104129404
improvementE1 : -419.6118553639761
improvementE3 : -419.61183256907384
improvementE3 : -419.61173426847745
improvementE1 : -419.61069953598263
improvementE2 : -419.60997518905054
improvementE1 : -419.5403605591268
improvementE1 : -419.54025134593286
improvementE1 : -419.54024979135147
improvementE2 : -419.5402249426293
improvementE3 : -419.5402082508737
improvementE3 : -419.54012714074173
improvementE1 : -419.540120903468
improvementE2 : -418.3657125103099
improvementE3 : -418.36571123183006
improvementE1 : -418.36570811905256
improvementE1 : -418.3656249553001
improvementE2 : -418.3656235615393
improvementE2 : -416.6278444485841
improvementE3 : -416.62784279509066
improvementE2 : -416.6277777300026
improvementE2 : -416.62774792363297
improvementE1 : -416.62774595012223
improvementE3 : -413.30009650765817
improvementE2 : -413.3000498520184
improvementE2 : -413.30004884563266
improvementE3 : -409.707704423221
improvementE3 : -409.7076970384624
improvementE1 : -409.7076614531983
improvementE1 : -409.70765225768724
improvementE3 : -409.7076508487676
improvementE3 : -409.707649597098
improvementE3 : -409.70752061108135
improvementE2 : -408.8741145650345
improvementE3 : -408.8610127532436
improvementE2 : -408.8589135574758
improvementE1 : -408.8589025198168
improvementE2 : -408.8589000863888
improvementE2 : -408.6213889746819
improvementE1 : -408.5784109062746
improvementE2 : -408.578385756401
improvementE2 : -408.57838432890406
improvementE2 : -408.5741027569857
improvementE2 : -404.855231498925
improvementE3 : -404.8551936010576
improvementE2 : -404.8551904829417
improvementE3 : -404.8031154619033
improvementE1 : -404.80311280802056
improvementE1 : -404.80309659209234
improvementE2 : -404.80298267318756
improvementE1 : -404.80297929508794
improvementE1 : -404.8029770834507
improvementE3 : -404.79666244335795
improvementE3 : -402.16233622312535
improvementE3 : -402.16199281901265
improvementE2 : -402.1619771179365
improvementE3 : -402.1534956529923
improvementE1 : -402.15348910090063
improvementE3 : -399.33572950467055
improvementE2 : -399.3354178430224
improvementE2 : -399.3353955943748
improvementE2 : -399.19077389830795
improvementE2 : -399.1907494004765
improvementE3 : -399.190741369776
improvementE3 : -399.1894610600249
improvementE2 : -399.1891948681358
improvementE3 : -399.18918019709884
improvementE2 : -397.66917076270374
improvementE3 : -397.6690499294022
improvementE1 : -397.65924640951687
improvementE2 : -397.6592427850319
improvementE3 : -397.65923409686917
improvementE3 : -397.65923137071627
improvementE1 : -397.65919999128187
improvementE2 : -397.65919843956755
improvementE1 : -397.6591502912919
improvementE2 : -397.6590964733927
improvementE3 : -376.5819795057566
improvementE3 : -374.7127333333495
improvementE2 : -374.71271794281125
improvementE2 : -374.3565093232417
improvementE3 : -374.3564871332041
improvementE3 : -372.2951394660368
improvementE3 : -372.29513758605566
improvementE3 : -372.29478511732185
improvementE2 : -372.2947813847447
improvementE3 : -372.2947803122506
improvementE3 : -372.29477752938027
improvementE2 : -372.2947762817066
improvementE3 : -372.29477476964644
improvementE2 : -372.29477356513456
improvementE3 : -372.29476726976884
improvementE3 : -372.2947657889464
improvementE3 : -372.29465782390633
improvementE3 : -372.294655824075
improvementE2 : -372.29465446080826
improvementE2 : -372.29464307097794
improvementE3 : -372.2940392898859
improvementE2 : -372.2939631092117
improvementE3 : -372.29395280559453
improvementE2 : -371.11886375927224
improvementE3 : -368.4631077174667
improvementE3 : -368.46255790273744
improvementE2 : -367.842495390967
improvementE1 : -367.20017629714937
improvementE3 : -365.2272039433354
improvementE3 : -363.8261711591559
improvementE3 : -363.82437784561546
improvementE2 : -363.82437446898547
improvementE2 : -363.8240219100384
improvementE1 : -363.82401523674736
improvementE1 : -363.8239833761663
improvementE2 : -363.82277296566525
improvementE1 : -363.82190647212894
improvementE1 : -363.82006556301695
improvementE1 : -363.82006452680355
improvementE3 : -363.8200631661905
logL = -2972.396407813159
Removing 0 markers
Second round
improvementE3 : -363.8197800639162
improvementE3 : -363.81908352187736
improvementE3 : -363.81908122794687
improvementE1 : -363.81907520321624
improvementE1 : -363.81907353034694
improvementE3 : -359.0991663128792
improvementE3 : -359.09916364128946
improvementE1 : -359.09916238497595
improvementE2 : -359.0972066495758
improvementE1 : -357.89579165798614
improvementE1 : -357.89577715940504
improvementE2 : -357.89368624043186
improvementE2 : -357.89368495514225
improvementE3 : -357.8936650810442
improvementE1 : -357.8936407376253
improvementE1 : -357.8936387611585
improvementE3 : -357.89362906754513
improvementE1 : -357.88746782468723
improvementE1 : -357.8874590867265
improvementE1 : -357.8862927586651
improvementE2 : -357.88629153275747
improvementE2 : -357.8862904934208
improvementE3 : -357.88628439733645
improvementE1 : -357.88628337326463
improvementE1 : -355.2289553820301
improvementE2 : -355.22730551593816
improvementE3 : -355.2273036571208
improvementE3 : -355.22728458319705
improvementE1 : -355.22721854065617
improvementE2 : -355.22721702095885
improvementE2 : -355.22687578309626
improvementE3 : -355.2268711977208
improvementE1 : -355.2267922389637
improvementE1 : -355.2220954140139
improvementE3 : -355.22208981756853
improvementE3 : -355.22153277836884
improvementE1 : -355.220683372087
improvementE1 : -355.2206819440879
improvementE3 : -355.2206781161392
improvementE1 : -355.21837998215386
improvementE1 : -355.218372262722
improvementE3 : -355.21825411466483
improvementE1 : -355.2182527663671
improvementE1 : -355.2182500954311
