0->0 : 0
0->1 : 0
0->2 : 0
       Error rate = 0.0
1->0 : 0
1->1 : 0
1->2 : 0
       Error rate = 0.0
2->0 : 0
2->1 : 0
2->2 : 0
       Error rate = 0.0
0,2->0,2 : 1181913
  0,2->1 : 0
1,2->1,2 : 0
  1,2->0 : 0
       Error rate = 0.0
Maternally informative markers = 0 (of 10219)
Paternally informative markers = 10219
Maternally or paternally informative markers = 10219
Removed 0 children
Removed 0 markers
Number of LGs = 45
***Family = fam_08 chromosome = 30 numMarkers = 192 maternal informative markers 0 (paternal informative markers 192)
***Family = fam_01 chromosome = 30 numMarkers = 192 maternal informative markers 0 (paternal informative markers 192)
***Family = fam_09 chromosome = 30 numMarkers = 192 maternal informative markers 0 (paternal informative markers 192)
192->144
144->144
All pairs
join 5 and 137 score = 0.0 sizes 1,1
join 39 and 83 score = 0.0 sizes 1,1
join 16 and 113 score = 0.0 sizes 1,1
join 9 and 134 score = 0.0 sizes 1,1
join 99 and 134 score = 0.0 sizes 1,2
join 36 and 99 score = 0.0 sizes 1,3
join 9 and 27 score = 0.0 sizes 4,1
join 84 and 133 score = 0.0 sizes 1,1
join 16 and 55 score = 0.0 sizes 2,1
join 22 and 30 score = 0.0 sizes 1,1
join 30 and 113 score = 0.0 sizes 2,3
join 22 and 35 score = 0.0 sizes 5,1
join 35 and 80 score = 0.0 sizes 6,1
join 31 and 90 score = 0.0 sizes 1,1
join 82 and 90 score = 0.0 sizes 1,2
join 31 and 111 score = 0.0 sizes 3,1
join 111 and 141 score = 0.0 sizes 4,1
join 27 and 141 score = 0.0 sizes 5,5
join 52 and 82 score = 0.0 sizes 1,10
join 36 and 123 score = 0.0 sizes 11,1
join 52 and 125 score = 0.0 sizes 12,1
join 123 and 126 score = 0.0 sizes 13,1
join 60 and 126 score = 0.0 sizes 1,14
join 20 and 41 score = 0.0 sizes 1,1
join 40 and 122 score = 0.0 sizes 1,1
join 2 and 24 score = 0.0 sizes 1,1
join 24 and 118 score = 0.0 sizes 2,1
join 28 and 78 score = 0.0 sizes 1,1
join 78 and 118 score = 0.0 sizes 2,3
join 68 and 104 score = 0.0 sizes 1,1
join 2 and 85 score = 0.0 sizes 5,1
join 21 and 28 score = 0.0 sizes 1,6
join 12 and 43 score = 0.0 sizes 1,1
join 12 and 60 score = 0.0 sizes 2,15
join 77 and 106 score = 0.0 sizes 1,1
join 86 and 95 score = 0.0 sizes 1,1
join 41 and 86 score = 0.0 sizes 2,2
join 20 and 89 score = 0.0 sizes 4,1
join 71 and 100 score = 0.0 sizes 1,1
join 91 and 100 score = 0.0 sizes 1,2
join 59 and 79 score = 0.0 sizes 1,1
join 59 and 119 score = 0.0 sizes 2,1
join 10 and 79 score = 0.0 sizes 1,3
join 107 and 119 score = 0.0 sizes 1,4
join 44 and 47 score = 0.0 sizes 1,1
join 38 and 68 score = 0.0 sizes 1,2
join 63 and 104 score = 0.0 sizes 1,3
join 38 and 55 score = 0.0 sizes 4,7
join 48 and 80 score = 0.0 sizes 1,11
join 54 and 114 score = 0.0 sizes 1,1
join 15 and 33 score = 0.0 sizes 1,1
join 43 and 110 score = 0.0 sizes 17,1
join 107 and 125 score = 0.0 sizes 5,18
join 10 and 85 score = 0.0 sizes 23,7
join 29 and 95 score = 0.0 sizes 1,5
join 94 and 120 score = 0.0 sizes 1,1
join 91 and 137 score = 0.0 sizes 3,2
join 19 and 66 score = 0.0 sizes 1,1
join 44 and 66 score = 0.0 sizes 2,2
join 61 and 76 score = 0.0 sizes 1,1
join 67 and 75 score = 0.0 sizes 1,1
join 50 and 67 score = 0.0 sizes 1,2
join 19 and 116 score = 0.0 sizes 4,1
join 62 and 77 score = 0.0 sizes 1,2
join 88 and 106 score = 0.0 sizes 1,3
join 40 and 110 score = 0.0 sizes 2,30
join 96 and 122 score = 0.0 sizes 1,32
join 21 and 139 score = 0.0 sizes 33,1
join 18 and 89 score = 0.0 sizes 1,6
join 63 and 92 score = 0.0 sizes 12,1
join 34 and 103 score = 0.0 sizes 1,1
join 34 and 84 score = 0.0 sizes 2,2
join 8 and 76 score = 0.0 sizes 1,2
join 45 and 116 score = 0.0 sizes 1,5
join 93 and 121 score = 0.0 sizes 1,1
join 121 and 128 score = 0.0 sizes 2,1
join 73 and 128 score = 0.0 sizes 1,3
join 54 and 74 score = 0.0045045045045045045 sizes 2,1
join 98 and 133 score = 0.0 sizes 1,4
join 81 and 87 score = 0.0 sizes 1,1
join 32 and 37 score = 0.0 sizes 1,1
All pairs
join 7 and 92 score = 0.0 sizes 1,13
join 42 and 124 score = 0.0 sizes 1,1
join 64 and 129 score = 0.0 sizes 1,1
join 62 and 112 score = 0.0 sizes 4,1
join 4 and 93 score = 0.0 sizes 1,4
join 74 and 109 score = 0.0 sizes 3,1
join 6 and 129 score = 0.006329113924050633 sizes 1,2
join 49 and 140 score = 0.0 sizes 1,1
join 49 and 87 score = 0.0 sizes 2,2
join 98 and 140 score = 0.0 sizes 5,4
join 70 and 81 score = 0.0 sizes 1,9
join 112 and 124 score = 0.0 sizes 5,2
join 15 and 39 score = 0.005555555555555556 sizes 2,2
join 18 and 131 score = 0.0064516129032258064 sizes 7,1
join 37 and 42 score = 0.0 sizes 2,7
join 70 and 109 score = 0.0 sizes 10,4
join 5 and 108 score = 0.00625 sizes 5,1
join 14 and 103 score = 0.0 sizes 1,14
join 7 and 138 score = 0.0 sizes 14,1
join 50 and 69 score = 0.010101010101010102 sizes 3,1
join 75 and 142 score = 0.0 sizes 4,1
join 3 and 105 score = 0.0 sizes 1,1
join 3 and 26 score = 0.0 sizes 2,1
join 46 and 132 score = 0.0 sizes 1,1
join 26 and 127 score = 0.0 sizes 3,1
join 53 and 72 score = 0.0 sizes 1,1
join 14 and 97 score = 0.0 sizes 15,1
join 13 and 136 score = 0.0 sizes 1,1
join 32 and 48 score = 0.0 sizes 9,15
join 64 and 127 score = 0.0 sizes 3,4
join 51 and 135 score = 0.0 sizes 1,1
join 51 and 132 score = 0.0 sizes 2,2
join 17 and 102 score = 0.0 sizes 1,1
join 102 and 105 score = 0.0 sizes 2,7
join 17 and 53 score = 0.0 sizes 9,2
join 57 and 88 score = 0.019230769230769232 sizes 1,24
join 96 and 114 score = 0.013157894736842105 sizes 34,16
join 0 and 97 score = 0.0 sizes 1,50
join 23 and 130 score = 0.0 sizes 1,1
join 58 and 101 score = 0.0 sizes 1,1
join 73 and 143 score = 0.0 sizes 5,1
join 25 and 143 score = 0.0 sizes 1,6
join 25 and 69 score = 0.0 sizes 7,5
join 117 and 142 score = 0.0 sizes 1,12
join 117 and 136 score = 0.0 sizes 13,2
join 6 and 33 score = 0.012422360248447204 sizes 11,4
join 23 and 72 score = 0.0 sizes 2,15
join 11 and 45 score = 0.019867549668874173 sizes 1,6
join 4 and 71 score = 0.0 sizes 15,6
join 11 and 57 score = 0.02 sizes 7,25
join 131 and 138 score = 0.02040816326530612 sizes 8,32
join 0 and 101 score = 0.0 sizes 51,2
join 8 and 108 score = 0.03773584905660377 sizes 3,21
join 61 and 120 score = 0.03067484662576687 sizes 24,2
join 1 and 58 score = 0.041666666666666664 sizes 1,53
join 1 and 83 score = 0.038461538461538464 sizes 54,17
All pairs
join 46 and 130 score = 0.07142857142857142 sizes 4,71
join 13 and 135 score = 0.07142857142857142 sizes 26,75
join 65 and 139 score = 0.12666666666666668 sizes 1,101
join 47 and 65 score = 0.1346153846153846 sizes 40,102
join 56 and 115 score = 0.32 sizes 1,1
join 29 and 115 score = 0.0 sizes 142,2
score = 1.0169566290883554
improvementE1 : -455.0558149051851
improvementE3 : -455.0555301300155
improvementE1 : -455.053738997404
improvementE2 : -425.39613134838515
improvementE1 : -425.3957457018987
improvementE3 : -425.39521759578025
improvementE2 : -425.3947008413133
improvementE3 : -425.2992371608067
improvementE3 : -425.29919294968107
improvementE2 : -425.2991890073603
improvementE3 : -425.29676329473267
improvementE2 : -425.2321170174435
improvementE2 : -424.290438650308
improvementE2 : -424.2867464028255
improvementE2 : -422.90913121656916
improvementE2 : -422.90911065849343
improvementE3 : -422.9086859093438
improvementE3 : -415.6295533968674
improvementE3 : -415.62939803590285
improvementE3 : -415.62899768025466
improvementE3 : -415.624352416237
improvementE1 : -415.62435121155573
improvementE3 : -415.5945284626034
improvementE1 : -415.473947424596
improvementE3 : -415.47394633146484
improvementE1 : -415.4739264789007
improvementE3 : -415.4739252429509
improvementE3 : -412.6045705194513
improvementE3 : -412.5487070478235
improvementE1 : -412.548702668183
improvementE1 : -412.5486782120553
improvementE2 : -412.3242063748872
improvementE2 : -412.32205257122683
improvementE2 : -412.32204691709967
improvementE3 : -412.3217038449863
improvementE3 : -412.24617850795
improvementE3 : -412.24617723287514
improvementE3 : -412.2461734476341
improvementE1 : -412.2458521887497
improvementE2 : -412.2454500445828
improvementE3 : -412.2432580498219
improvementE3 : -412.2382561042917
improvementE3 : -412.23510230420777
improvementE3 : -409.59291205489984
improvementE3 : -409.5927781093241
improvementE2 : -409.58757004793705
improvementE3 : -409.58756852751065
improvementE1 : -409.58737904072996
improvementE3 : -409.3165811431357
improvementE2 : -409.3151453636956
improvementE3 : -407.61908181855546
improvementE2 : -407.56625941746506
improvementE1 : -407.5660445851568
improvementE1 : -407.56559592281025
improvementE3 : -404.31727399961267
improvementE2 : -404.3158066785089
improvementE3 : -402.4705228327401
improvementE2 : -402.4649383951898
improvementE2 : -402.46492368986833
improvementE3 : -402.4648905960357
improvementE3 : -402.4648853031924
improvementE1 : -402.46478819219425
improvementE3 : -402.464613884205
improvementE2 : -402.4643907494524
improvementE1 : -402.271978741021
improvementE1 : -402.23188148753303
improvementE2 : -402.2318664897759
improvementE1 : -402.2314469261048
improvementE3 : -402.23143888129863
improvementE1 : -402.2007718704655
improvementE3 : -402.2007578446905
improvementE3 : -397.7202747258241
improvementE2 : -397.57359866392227
improvementE3 : -388.30850772718776
improvementE3 : -386.0853431664496
improvementE3 : -386.07851155305207
improvementE3 : -386.07800183547687
improvementE1 : -386.0770358638737
improvementE2 : -386.07062556046105
improvementE3 : -386.0706005859697
improvementE2 : -385.8506963228362
improvementE3 : -385.84971487612916
improvementE2 : -385.84970998567917
improvementE3 : -383.64826486102413
improvementE3 : -383.6482256268012
improvementE3 : -383.64822423479484
improvementE3 : -383.64790900994365
improvementE3 : -383.647894015462
improvementE1 : -383.6476436022919
improvementE3 : -383.64759145603097
improvementE3 : -383.64756255473566
improvementE2 : -383.64755076662607
improvementE2 : -383.6472550056266
improvementE3 : -383.6472532407805
improvementE2 : -383.64720251024306
improvementE2 : -383.5351192490837
improvementE3 : -383.53497028532706
improvementE1 : -381.72601073920515
improvementE3 : -381.7259664818644
improvementE3 : -381.7259210616132
improvementE2 : -381.72591917869295
improvementE1 : -381.7259092083768
improvementE3 : -381.72590794666576
improvementE3 : -381.72570747497093
improvementE1 : -381.72438068077366
improvementE3 : -381.7243673623246
improvementE1 : -381.72436480541194
improvementE3 : -381.7236317994851
improvementE2 : -381.7235942623297
improvementE1 : -381.7235924514185
improvementE2 : -377.04740413832235
improvementE2 : -377.0352108506284
improvementE1 : -377.03520974451067
improvementE1 : -377.0352083117112
improvementE2 : -375.0755311817744
improvementE2 : -375.05246394409
improvementE2 : -375.0519793633146
improvementE3 : -375.05181194036714
improvementE1 : -375.0518098380959
improvementE3 : -375.05097374459467
improvementE3 : -375.0502995643534
improvementE1 : -375.0499691109641
improvementE3 : -375.04996246509114
improvementE3 : -375.0498920380539
improvementE3 : -375.042144020312
improvementE2 : -375.0295645481216
improvementE3 : -375.0295559757352
improvementE3 : -375.0254504657545
improvementE1 : -375.02543936813476
improvementE1 : -375.0253847642554
improvementE1 : -375.0252913110678
improvementE3 : -375.0244158115318
improvementE2 : -375.0243634023419
improvementE3 : -374.9893177700728
improvementE3 : -374.9893161830782
improvementE2 : -374.9888672633977
improvementE1 : -374.9888643652463
improvementE1 : -371.258627838198
improvementE2 : -369.7222751333022
improvementE2 : -369.7085865486461
improvementE1 : -369.7085432051229
improvementE1 : -369.70267157142496
improvementE3 : -369.70264897181227
improvementE2 : -369.70260460435514
improvementE2 : -369.70260312420044
improvementE3 : -369.69987108768254
improvementE2 : -369.6998687317402
improvementE1 : -369.6997426897989
improvementE3 : -369.69971175058095
improvementE1 : -369.6997017593283
improvementE1 : -366.67274062127507
improvementE1 : -366.6727083571013
improvementE1 : -366.67270366363374
improvementE3 : -366.6727004022031
improvementE3 : -366.6689864845893
improvementE3 : -366.1244128007422
improvementE3 : -366.12441166551855
improvementE3 : -366.12440676643314
improvementE1 : -366.12430697542334
improvementE2 : -366.1241722492352
improvementE1 : -366.0285974010261
improvementE3 : -365.85653426320744
improvementE2 : -365.8565180661385
improvementE3 : -365.84784103441734
improvementE3 : -365.84782306530815
improvementE1 : -365.8478218995854
improvementE2 : -365.84780958859335
improvementE2 : -365.84779205626756
improvementE2 : -365.84750027629366
improvementE3 : -365.8472396324059
improvementE3 : -365.84722828552975
improvementE2 : -365.8472197322875
improvementE3 : -365.84721787243205
improvementE2 : -365.4325620712699
improvementE2 : -365.4324074634989
improvementE2 : -365.42799902352874
improvementE3 : -365.3951473981272
improvementE2 : -365.39503124609877
improvementE2 : -365.3948720497883
improvementE3 : -365.3948567739602
improvementE1 : -360.48849495459956
improvementE2 : -360.48849345884685
improvementE1 : -360.4883274764684
improvementE2 : -360.4883149525987
improvementE3 : -358.5991981163523
improvementE3 : -355.6479834691582
improvementE3 : -351.64640026395267
improvementE2 : -351.6460976274995
improvementE1 : -351.64609648607984
improvementE1 : -351.64608772154
improvementE3 : -351.63956181368286
improvementE2 : -347.01862942475714
improvementE1 : -347.0186258932512
improvementE1 : -347.01860898453293
improvementE1 : -347.0185981101978
improvementE3 : -347.01802541137107
logL = -2927.0729086080987
Removing 0 markers
Second round
improvementE3 : -347.01789702893564
improvementE3 : -347.0147079592873
improvementE3 : -347.0142722924873
improvementE3 : -347.01420630880926
