0->0 : 0
0->1 : 0
0->2 : 0
       Error rate = 0.0
1->0 : 0
1->1 : 0
1->2 : 0
       Error rate = 0.0
2->0 : 0
2->1 : 0
2->2 : 0
       Error rate = 0.0
0,2->0,2 : 1181913
  0,2->1 : 0
1,2->1,2 : 0
  1,2->0 : 0
       Error rate = 0.0
Maternally informative markers = 0 (of 10219)
Paternally informative markers = 10219
Maternally or paternally informative markers = 10219
Removed 0 children
Removed 0 markers
Number of LGs = 45
***Family = fam_08 chromosome = 38 numMarkers = 9 maternal informative markers 0 (paternal informative markers 9)
***Family = fam_01 chromosome = 38 numMarkers = 9 maternal informative markers 0 (paternal informative markers 9)
***Family = fam_09 chromosome = 38 numMarkers = 9 maternal informative markers 0 (paternal informative markers 9)
9->8
8->8
All pairs
join 1 and 4 score = 0.0 sizes 1,1
join 4 and 7 score = 0.0 sizes 2,1
join 5 and 7 score = 0.0 sizes 1,3
join 0 and 5 score = 0.0 sizes 1,4
join 2 and 3 score = 0.0 sizes 1,1
join 2 and 6 score = 0.0 sizes 2,1
join 0 and 3 score = 0.0 sizes 5,3
score = 0.0
improvementE1 : -22.20185552083939
improvementE2 : -22.20138692660356
improvementE3 : -22.19764563666862
improvementE1 : -22.19448900267303
improvementE1 : -22.194352507683444
logL = -21.808912645505263
Removing 0 markers
Second round
