0->0 : 0
0->1 : 0
0->2 : 0
       Error rate = 0.0
1->0 : 0
1->1 : 0
1->2 : 0
       Error rate = 0.0
2->0 : 0
2->1 : 0
2->2 : 0
       Error rate = 0.0
0,2->0,2 : 1181913
  0,2->1 : 0
1,2->1,2 : 0
  1,2->0 : 0
       Error rate = 0.0
Maternally informative markers = 0 (of 10219)
Paternally informative markers = 10219
Maternally or paternally informative markers = 10219
Removed 0 children
Removed 0 markers
Number of LGs = 45
***Family = fam_08 chromosome = 5 numMarkers = 332 maternal informative markers 0 (paternal informative markers 332)
***Family = fam_01 chromosome = 5 numMarkers = 332 maternal informative markers 0 (paternal informative markers 332)
***Family = fam_09 chromosome = 5 numMarkers = 332 maternal informative markers 0 (paternal informative markers 332)
332->287
287->287
All pairs
join 154 and 217 score = 0.0 sizes 1,1
join 83 and 135 score = 0.0 sizes 1,1
join 76 and 252 score = 0.0 sizes 1,1
join 28 and 43 score = 0.0 sizes 1,1
join 28 and 195 score = 0.0 sizes 2,1
join 6 and 43 score = 0.0 sizes 1,3
join 54 and 142 score = 0.0 sizes 1,1
join 54 and 268 score = 0.0 sizes 2,1
join 90 and 166 score = 0.0 sizes 1,1
join 77 and 166 score = 0.0 sizes 1,2
join 77 and 83 score = 0.0 sizes 3,2
join 153 and 264 score = 0.0 sizes 1,1
join 197 and 264 score = 0.0 sizes 1,2
join 87 and 110 score = 0.0 sizes 1,1
join 110 and 226 score = 0.0 sizes 2,1
join 153 and 226 score = 0.0 sizes 3,3
join 35 and 87 score = 0.0 sizes 1,6
join 127 and 141 score = 0.0 sizes 1,1
join 12 and 192 score = 0.0 sizes 1,1
join 18 and 205 score = 0.0 sizes 1,1
join 217 and 259 score = 0.0 sizes 2,1
join 19 and 32 score = 0.0 sizes 1,1
join 18 and 228 score = 0.0 sizes 2,1
join 6 and 228 score = 0.0 sizes 4,3
join 266 and 279 score = 0.0 sizes 1,1
join 107 and 248 score = 0.0 sizes 1,1
join 141 and 232 score = 0.0 sizes 2,1
join 203 and 279 score = 0.0 sizes 1,2
join 44 and 266 score = 0.0 sizes 1,3
join 24 and 59 score = 0.0 sizes 1,1
join 35 and 232 score = 0.0 sizes 7,3
join 127 and 129 score = 0.0 sizes 10,1
join 129 and 255 score = 0.0 sizes 11,1
join 128 and 187 score = 0.0 sizes 1,1
join 52 and 197 score = 0.0 sizes 1,12
join 91 and 253 score = 0.0 sizes 1,1
join 91 and 135 score = 0.0 sizes 2,5
join 115 and 162 score = 0.0 sizes 1,1
join 225 and 273 score = 0.0 sizes 1,1
join 213 and 274 score = 0.0 sizes 1,1
join 45 and 248 score = 0.0 sizes 1,2
join 13 and 196 score = 0.0 sizes 1,1
join 13 and 59 score = 0.0 sizes 2,2
join 24 and 236 score = 0.0 sizes 4,1
join 151 and 274 score = 0.0 sizes 1,2
join 67 and 128 score = 0.0 sizes 1,2
join 55 and 67 score = 0.0 sizes 1,3
join 142 and 278 score = 0.0 sizes 3,1
join 172 and 268 score = 0.0 sizes 1,4
join 278 and 284 score = 0.0 sizes 5,1
join 105 and 284 score = 0.0 sizes 1,6
join 126 and 249 score = 0.0 sizes 1,1
join 159 and 249 score = 0.0 sizes 1,2
join 72 and 174 score = 0.0 sizes 1,1
join 72 and 106 score = 0.0 sizes 2,1
join 174 and 237 score = 0.0 sizes 3,1
join 173 and 223 score = 0.0 sizes 1,1
join 22 and 173 score = 0.0 sizes 1,2
join 199 and 223 score = 0.0 sizes 1,3
join 145 and 199 score = 0.0 sizes 1,4
join 144 and 147 score = 0.0 sizes 1,1
join 167 and 185 score = 0.0 sizes 1,1
join 7 and 167 score = 0.0 sizes 1,2
join 7 and 132 score = 0.0 sizes 3,1
join 55 and 229 score = 0.0 sizes 4,1
join 116 and 187 score = 0.0 sizes 1,5
join 52 and 116 score = 0.0 sizes 13,6
join 140 and 169 score = 0.0 sizes 1,1
join 140 and 271 score = 0.0 sizes 2,1
join 169 and 203 score = 0.0 sizes 3,4
join 155 and 172 score = 0.0 sizes 1,7
join 19 and 155 score = 0.0 sizes 2,8
join 44 and 202 score = 0.0 sizes 7,1
join 145 and 276 score = 0.0 sizes 5,1
join 253 and 270 score = 0.0 sizes 7,1
join 220 and 270 score = 0.0 sizes 1,8
join 260 and 263 score = 0.0 sizes 1,1
join 245 and 255 score = 0.0 sizes 1,19
join 111 and 133 score = 0.0 sizes 1,1
join 111 and 263 score = 0.0 sizes 2,2
join 73 and 238 score = 0.0 sizes 1,1
join 69 and 261 score = 0.0 sizes 1,1
join 80 and 90 score = 0.0 sizes 1,9
join 205 and 237 score = 0.0 sizes 7,4
join 106 and 194 score = 0.0 sizes 11,1
join 194 and 225 score = 0.0 sizes 12,2
join 195 and 221 score = 0.0 sizes 14,1
join 85 and 221 score = 0.0 sizes 1,15
join 76 and 191 score = 0.0 sizes 2,1
join 240 and 252 score = 0.0 sizes 1,3
join 64 and 151 score = 0.0 sizes 1,3
join 58 and 231 score = 0.0 sizes 1,1
join 115 and 146 score = 0.0 sizes 2,1
join 113 and 126 score = 0.0 sizes 1,3
join 80 and 229 score = 0.0 sizes 10,20
join 84 and 220 score = 0.0 sizes 1,30
join 17 and 158 score = 0.0 sizes 1,1
join 231 and 262 score = 0.0 sizes 2,1
join 73 and 96 score = 0.0 sizes 2,1
join 16 and 96 score = 0.0 sizes 1,3
join 12 and 239 score = 0.0 sizes 2,1
join 159 and 258 score = 0.0 sizes 4,1
join 94 and 258 score = 0.0 sizes 1,5
join 183 and 242 score = 0.0 sizes 1,1
join 49 and 147 score = 0.0 sizes 1,2
join 49 and 272 score = 0.0 sizes 3,1
join 30 and 272 score = 0.0 sizes 1,4
join 2 and 33 score = 0.0 sizes 1,1
join 2 and 261 score = 0.0 sizes 2,2
join 69 and 100 score = 0.0 sizes 4,1
join 10 and 38 score = 0.0 sizes 1,1
join 269 and 283 score = 0.0 sizes 1,1
join 196 and 283 score = 0.0 sizes 5,2
join 23 and 32 score = 0.0 sizes 1,10
join 8 and 208 score = 0.0 sizes 1,1
join 25 and 208 score = 0.0 sizes 1,2
join 25 and 189 score = 0.0 sizes 3,1
join 156 and 179 score = 0.0 sizes 1,1
join 179 and 200 score = 0.0 sizes 2,1
join 109 and 275 score = 0.0 sizes 1,1
join 16 and 45 score = 0.0 sizes 4,3
join 15 and 63 score = 0.0 sizes 1,1
join 40 and 100 score = 0.0 sizes 1,5
join 17 and 245 score = 0.0 sizes 2,31
join 84 and 214 score = 0.0 sizes 33,1
join 158 and 219 score = 0.0 sizes 34,1
join 121 and 190 score = 0.0 sizes 1,1
join 124 and 154 score = 0.0 sizes 1,3
join 117 and 124 score = 0.0 sizes 1,4
join 82 and 185 score = 0.0 sizes 1,4
join 201 and 214 score = 0.0 sizes 1,35
join 10 and 281 score = 0.0 sizes 2,1
join 193 and 281 score = 0.0 sizes 1,3
join 112 and 168 score = 0.0 sizes 1,1
join 58 and 112 score = 0.0 sizes 3,2
join 31 and 66 score = 0.0 sizes 1,1
join 0 and 239 score = 0.0 sizes 1,3
join 34 and 63 score = 0.0 sizes 1,2
join 105 and 138 score = 0.0 sizes 11,1
join 56 and 210 score = 0.0 sizes 1,1
join 56 and 88 score = 0.0 sizes 2,1
join 75 and 242 score = 0.0 sizes 1,2
join 93 and 230 score = 0.0 sizes 1,1
join 93 and 181 score = 0.0 sizes 2,1
join 256 and 257 score = 0.0 sizes 1,1
join 120 and 246 score = 0.0 sizes 1,1
join 215 and 246 score = 0.0 sizes 1,2
join 11 and 103 score = 0.0 sizes 1,1
join 103 and 244 score = 0.0 sizes 2,1
join 86 and 150 score = 0.0 sizes 1,1
join 150 and 189 score = 0.0 sizes 2,4
join 11 and 234 score = 0.004629629629629629 sizes 3,1
join 14 and 241 score = 0.0 sizes 1,1
join 14 and 265 score = 0.0 sizes 2,1
join 118 and 269 score = 0.0 sizes 1,7
join 131 and 224 score = 0.0 sizes 1,1
join 64 and 206 score = 0.0 sizes 4,1
join 1 and 182 score = 0.0 sizes 1,1
join 148 and 201 score = 0.0 sizes 1,36
join 47 and 286 score = 0.0 sizes 1,1
join 209 and 286 score = 0.0 sizes 1,2
join 27 and 209 score = 0.0 sizes 1,3
join 222 and 262 score = 0.0 sizes 1,5
All pairs
join 57 and 143 score = 0.0 sizes 1,1
join 259 and 273 score = 0.00625 sizes 5,16
join 26 and 181 score = 0.0055248618784530384 sizes 1,3
join 102 and 204 score = 0.0 sizes 1,1
join 164 and 227 score = 0.0 sizes 1,1
join 39 and 244 score = 0.00641025641025641 sizes 1,4
join 118 and 213 score = 0.006666666666666667 sizes 8,5
join 29 and 176 score = 0.006369426751592357 sizes 1,1
join 37 and 176 score = 0.0 sizes 1,2
join 29 and 251 score = 0.0 sizes 3,1
join 60 and 215 score = 0.006535947712418301 sizes 1,3
join 71 and 257 score = 0.006289308176100629 sizes 1,2
join 57 and 98 score = 0.0078125 sizes 2,1
join 22 and 31 score = 0.007246376811594203 sizes 6,2
join 8 and 243 score = 0.0 sizes 6,1
join 120 and 143 score = 0.00625 sizes 4,3
join 60 and 193 score = 0.006211180124223602 sizes 7,4
join 38 and 117 score = 0.006666666666666667 sizes 11,21
join 34 and 98 score = 0.007462686567164179 sizes 3,32
join 94 and 137 score = 0.0 sizes 6,1
join 1 and 5 score = 0.0 sizes 2,1
join 104 and 131 score = 0.0 sizes 1,2
join 104 and 136 score = 0.0 sizes 3,1
join 79 and 108 score = 0.0 sizes 1,1
join 41 and 198 score = 0.0 sizes 1,1
join 92 and 282 score = 0.00546448087431694 sizes 1,1
join 165 and 282 score = 0.0 sizes 1,2
join 180 and 198 score = 0.0 sizes 1,2
join 114 and 163 score = 0.0 sizes 1,1
join 101 and 163 score = 0.0 sizes 1,2
join 101 and 152 score = 0.0 sizes 3,1
join 53 and 152 score = 0.0 sizes 1,4
join 42 and 114 score = 0.0 sizes 1,5
join 3 and 42 score = 0.0 sizes 1,6
join 53 and 216 score = 0.0 sizes 7,1
join 41 and 216 score = 0.0 sizes 3,8
join 137 and 180 score = 0.0 sizes 7,11
join 113 and 254 score = 0.007407407407407408 sizes 18,1
join 48 and 156 score = 0.0125 sizes 1,3
join 108 and 136 score = 0.0 sizes 2,4
join 3 and 102 score = 0.0 sizes 19,2
join 240 and 251 score = 0.006666666666666667 sizes 4,4
join 107 and 236 score = 0.006097560975609756 sizes 7,13
join 47 and 211 score = 0.0 sizes 4,1
join 27 and 241 score = 0.00625 sizes 5,3
join 79 and 81 score = 0.0 sizes 6,1
join 183 and 271 score = 0.0072992700729927005 sizes 3,8
join 5 and 26 score = 0.0 sizes 3,4
join 46 and 275 score = 0.0 sizes 1,2
join 46 and 247 score = 0.0 sizes 3,1
join 109 and 168 score = 0.010309278350515464 sizes 4,6
join 186 and 222 score = 0.012658227848101266 sizes 1,10
join 134 and 202 score = 0.012987012987012988 sizes 1,11
join 178 and 186 score = 0.0 sizes 1,11
join 61 and 277 score = 0.0 sizes 1,1
join 256 and 277 score = 0.010638297872340425 sizes 3,2
join 212 and 267 score = 0.0 sizes 1,1
join 70 and 212 score = 0.0 sizes 1,2
join 70 and 171 score = 0.0 sizes 3,1
join 21 and 200 score = 0.007352941176470588 sizes 1,4
join 160 and 234 score = 0.0 sizes 1,5
join 4 and 160 score = 0.0 sizes 1,6
join 4 and 149 score = 0.0 sizes 7,1
join 149 and 280 score = 0.006024096385542169 sizes 8,1
join 144 and 161 score = 0.0 sizes 5,1
join 30 and 206 score = 0.014492753623188406 sizes 6,20
join 171 and 238 score = 0.0 sizes 4,26
join 51 and 89 score = 0.0 sizes 1,1
join 40 and 139 score = 0.007407407407407408 sizes 6,1
join 78 and 170 score = 0.0 sizes 1,1
join 74 and 170 score = 0.0 sizes 1,2
join 74 and 161 score = 0.0 sizes 3,30
join 61 and 178 score = 0.0 sizes 5,12
join 51 and 71 score = 0.012578616352201259 sizes 2,17
join 265 and 285 score = 0.013605442176870748 sizes 8,1
join 89 and 285 score = 0.0 sizes 19,9
join 204 and 218 score = 0.013888888888888888 sizes 21,1
join 97 and 218 score = 0.0 sizes 1,22
join 36 and 62 score = 0.0 sizes 1,1
join 182 and 250 score = 0.0 sizes 7,1
join 66 and 132 score = 0.014492753623188406 sizes 8,5
join 235 and 243 score = 0.0 sizes 1,7
join 130 and 235 score = 0.0 sizes 1,8
join 233 and 250 score = 0.0 sizes 1,8
join 88 and 177 score = 0.0 sizes 3,1
join 50 and 97 score = 0.0 sizes 1,23
join 138 and 164 score = 0.0 sizes 12,2
join 184 and 207 score = 0.0 sizes 1,1
join 39 and 260 score = 0.013071895424836602 sizes 9,4
join 81 and 207 score = 0.0 sizes 7,2
join 122 and 192 score = 0.012345679012345678 sizes 1,4
join 188 and 211 score = 0.0 sizes 1,28
join 68 and 99 score = 0.012422360248447204 sizes 1,1
join 99 and 119 score = 0.0 sizes 2,1
join 33 and 148 score = 0.023952095808383235 sizes 7,37
join 86 and 134 score = 0.02666666666666667 sizes 9,12
join 65 and 130 score = 0.0 sizes 1,21
join 15 and 133 score = 0.019230769230769232 sizes 35,13
join 162 and 280 score = 0.03614457831325301 sizes 3,48
join 21 and 210 score = 0.02158273381294964 sizes 5,4
join 9 and 177 score = 0.0 sizes 1,9
join 95 and 219 score = 0.04054054054054054 sizes 1,44
join 50 and 247 score = 0.03333333333333333 sizes 24,29
join 68 and 254 score = 0.041916167664670656 sizes 3,53
join 233 and 267 score = 0.03225806451612903 sizes 9,33
join 75 and 92 score = 0.03773584905660377 sizes 22,3
join 119 and 227 score = 0.03225806451612903 sizes 56,14
join 82 and 191 score = 0.0379746835443038 sizes 13,8
join 175 and 224 score = 0.037037037037037035 sizes 1,9
join 20 and 184 score = 0.03571428571428571 sizes 1,10
join 121 and 230 score = 0.056962025316455694 sizes 2,42
join 62 and 78 score = 0.03333333333333333 sizes 2,44
All pairs
join 48 and 146 score = 0.07878787878787878 sizes 10,51
join 9 and 157 score = 0.04 sizes 61,1
join 23 and 37 score = 0.08064516129032258 sizes 70,21
join 157 and 165 score = 0.07407407407407407 sizes 62,25
join 190 and 276 score = 0.12258064516129032 sizes 46,91
join 125 and 188 score = 0.10344827586206896 sizes 1,137
join 36 and 65 score = 0.25925925925925924 sizes 138,87
join 20 and 123 score = 0.0 sizes 11,1
join 139 and 175 score = 0.0 sizes 45,12
join 95 and 125 score = 0.0 sizes 57,225
join 122 and 123 score = 0.3333333333333333 sizes 5,282
score = 1.9550554009421877
improvementE1 : -928.5914594282614
improvementE3 : -928.5546348190724
improvementE1 : -928.5490401838234
improvementE2 : -927.3105482803007
improvementE3 : -927.3105248652839
improvementE1 : -927.3105156043569
improvementE2 : -927.3020427811866
improvementE1 : -927.1554166013397
improvementE3 : -925.2385213183904
improvementE2 : -925.2382963588991
improvementE3 : -925.2382091786285
improvementE2 : -923.2713580177041
improvementE1 : -923.2710540720251
improvementE1 : -923.2709225190719
improvementE3 : -923.2708547101013
improvementE3 : -923.2705741676101
improvementE2 : -923.2700194657515
improvementE3 : -923.1979766418934
improvementE2 : -923.1979718810646
improvementE3 : -923.1676531850133
improvementE3 : -923.0810431419725
improvementE3 : -923.0719756285112
improvementE2 : -923.071956531057
improvementE2 : -923.070425247407
improvementE3 : -923.070423310274
improvementE3 : -923.0704155217857
improvementE2 : -923.0702636919505
improvementE2 : -923.0702536573299
improvementE3 : -923.0681768964614
improvementE2 : -923.0637047964703
improvementE1 : -923.0602609530188
improvementE3 : -923.0593895395673
improvementE1 : -923.0593091547465
improvementE2 : -923.0593076745629
improvementE3 : -923.0572070140566
improvementE3 : -923.0562969024342
improvementE1 : -922.8499910675456
improvementE1 : -922.8236136434679
improvementE2 : -922.8059548602953
improvementE3 : -922.8018782364643
improvementE3 : -922.7777081980886
improvementE1 : -922.7774713844357
improvementE3 : -922.6882681434597
improvementE3 : -922.3075409136695
improvementE1 : -922.3072933211167
improvementE3 : -922.3072206860247
improvementE2 : -922.3072121365161
improvementE3 : -922.3047582422547
improvementE2 : -922.3047517110439
improvementE1 : -922.3036616754696
improvementE2 : -922.3034429269115
improvementE1 : -922.2831189940495
improvementE3 : -918.3548759030624
improvementE1 : -918.3548426870428
improvementE3 : -918.3548028970898
improvementE3 : -918.2928584111621
improvementE1 : -918.2928502429339
improvementE3 : -918.1762924395067
improvementE3 : -918.1741925223474
improvementE2 : -917.7550274278368
improvementE1 : -917.7530539878906
improvementE2 : -917.7325762917333
improvementE2 : -917.7161110850179
improvementE1 : -917.7156253123882
improvementE3 : -917.7149650835222
improvementE3 : -917.7147027643126
improvementE2 : -917.7125289348597
improvementE3 : -917.7121268641255
improvementE3 : -917.7109766572122
improvementE2 : -917.7107411527882
improvementE3 : -917.6916704646897
improvementE2 : -917.6916473437086
improvementE1 : -917.5151923277623
improvementE1 : -917.5100183671368
improvementE1 : -917.2886111110731
improvementE1 : -917.2865727268769
improvementE1 : -917.2856762450351
improvementE1 : -917.273170093845
improvementE2 : -917.2728165595654
improvementE1 : -917.2727694250098
improvementE3 : -916.7045212691694
improvementE3 : -916.7045024075676
improvementE3 : -916.7044957115464
improvementE1 : -916.7040979859121
improvementE2 : -916.7040961425037
improvementE3 : -916.6498625710894
improvementE3 : -916.5302120590978
improvementE2 : -916.2750753892343
improvementE3 : -916.2750730922231
improvementE3 : -914.0929091194683
improvementE1 : -914.0929081078453
improvementE3 : -912.5404922452799
improvementE1 : -912.5404711275446
improvementE2 : -912.5404688144988
improvementE1 : -910.1631873893018
improvementE1 : -910.0442152882297
improvementE1 : -909.9400719308285
improvementE1 : -909.9317642036178
improvementE1 : -909.1310228423491
improvementE3 : -909.1305792008225
improvementE3 : -909.1305511873736
improvementE2 : -909.1305313254853
improvementE2 : -909.130519281779
improvementE3 : -909.1184225108778
improvementE2 : -909.1183854967152
improvementE3 : -909.1059238842747
improvementE3 : -909.1054100912646
improvementE2 : -909.1020859585725
improvementE1 : -909.1020837246871
improvementE2 : -906.2663213559904
improvementE1 : -906.2625857124481
improvementE1 : -906.2625653523115
improvementE2 : -906.2620384294397
improvementE3 : -906.2495043859832
improvementE3 : -906.2494958353318
improvementE1 : -906.2460443375942
improvementE1 : -906.2459847752681
improvementE2 : -906.2458786175579
improvementE2 : -906.2154763306428
improvementE1 : -906.1862503059533
improvementE3 : -906.1862073119853
improvementE1 : -906.1859292956266
improvementE2 : -906.1857854313192
improvementE3 : -906.1829246044924
improvementE3 : -906.1079620463279
improvementE3 : -897.8066193521598
improvementE3 : -897.8062708677148
improvementE3 : -897.8062551296246
improvementE3 : -897.8031622874698
improvementE2 : -897.8000443524186
improvementE1 : -897.7340540086361
improvementE2 : -897.7310800470697
improvementE3 : -897.7302934520939
improvementE2 : -897.7250665024077
improvementE2 : -897.3892756719838
improvementE3 : -897.2962034333908
improvementE2 : -897.2918296078155
improvementE3 : -897.2593103032158
improvementE3 : -897.2591626552032
improvementE3 : -897.2590273631035
improvementE3 : -897.2573309533913
improvementE1 : -897.257245749659
improvementE2 : -897.25722863021
improvementE3 : -897.2571631255727
improvementE1 : -897.2571241052499
improvementE2 : -897.2571136286724
improvementE1 : -896.6378188781698
improvementE3 : -896.635492496548
improvementE2 : -896.6329750949143
improvementE2 : -896.6128737562054
improvementE3 : -896.6126040429835
improvementE2 : -896.6125686934713
improvementE3 : -896.3413669841843
improvementE1 : -896.341363795576
improvementE1 : -896.3408501860517
improvementE1 : -896.3402448684632
improvementE3 : -895.7370656129677
improvementE1 : -892.6254083678879
improvementE1 : -892.6253952291746
improvementE1 : -892.6232000723905
improvementE2 : -892.6204627711629
improvementE2 : -892.6204329613838
improvementE3 : -892.620367667993
improvementE3 : -891.3373905048287
improvementE2 : -891.3048581119465
improvementE3 : -891.3046929498616
improvementE1 : -891.2061859329993
improvementE3 : -891.206173905836
improvementE1 : -891.2059403113559
improvementE3 : -891.2058911773977
improvementE2 : -891.2057723251066
improvementE3 : -891.1916517408577
improvementE2 : -891.1786360534123
improvementE3 : -891.1786188236039
improvementE1 : -891.1786124036521
improvementE3 : -891.1786113228848
improvementE3 : -891.1763775868383
improvementE1 : -891.1763761013748
improvementE1 : -891.1351804025528
improvementE3 : -891.1351710329565
improvementE2 : -891.1337576959836
improvementE2 : -891.1334487495749
improvementE2 : -891.0678227835984
improvementE1 : -891.0671057893119
improvementE1 : -891.0670561547204
improvementE2 : -891.0478134772609
improvementE3 : -890.9577459407931
improvementE2 : -890.7793248860431
improvementE1 : -890.7382814759961
improvementE2 : -890.7373246048202
improvementE1 : -890.7364572507605
improvementE3 : -890.7364081153479
improvementE3 : -885.8673421157233
improvementE2 : -885.8673383490943
improvementE3 : -885.8671632300982
improvementE3 : -885.8671573538585
improvementE3 : -885.8669198159
improvementE2 : -885.8649005875133
improvementE1 : -882.249356590359
improvementE2 : -882.2492244438694
improvementE1 : -882.2491220261292
improvementE1 : -882.2490908153202
improvementE1 : -881.7372890538009
improvementE1 : -881.7367328610452
improvementE2 : -881.7366666397376
improvementE3 : -881.7362982887183
improvementE2 : -880.2119473665467
improvementE3 : -880.1685475260614
improvementE3 : -880.0395320697959
improvementE2 : -880.0379333767905
improvementE2 : -880.0379314692261
improvementE3 : -880.0372602121013
improvementE2 : -880.0372519786935
improvementE2 : -880.0371507166117
improvementE2 : -880.0337457625275
improvementE2 : -880.0334143911924
improvementE3 : -880.0333984566162
improvementE3 : -880.0333546602203
improvementE1 : -880.0333535804491
improvementE1 : -879.6646350658895
improvementE1 : -879.6136942547084
improvementE3 : -879.6118703567889
improvementE1 : -879.611736002125
improvementE2 : -879.610545943619
improvementE2 : -879.609073444818
improvementE3 : -879.609037958426
improvementE1 : -879.6089868586146
improvementE2 : -879.6089857887596
improvementE3 : -877.7206003971588
improvementE2 : -877.7196471013009
improvementE3 : -877.7196328014436
improvementE3 : -877.5002759329932
improvementE1 : -877.5002742820378
improvementE1 : -877.5002050255305
improvementE2 : -877.4995180836465
improvementE3 : -877.4993102910272
improvementE1 : -877.4992593885273
improvementE1 : -877.4988183333677
improvementE1 : -877.4988057029548
improvementE3 : -877.4988039466983
improvementE3 : -877.4979252903436
improvementE3 : -872.711539504956
improvementE2 : -870.7307395410407
improvementE3 : -870.7307372070497
improvementE1 : -870.7303570607568
improvementE3 : -870.7064314976024
improvementE2 : -870.7062829836945
improvementE2 : -870.7059754000088
improvementE1 : -870.7059740919096
improvementE3 : -870.7052135256505
improvementE3 : -870.7049634133466
improvementE1 : -870.7048550349397
improvementE2 : -870.7048529847962
improvementE1 : -870.7048511277841
improvementE1 : -870.7048464884045
improvementE3 : -868.288361723233
improvementE1 : -868.2878359302834
improvementE3 : -868.2878240578018
improvementE2 : -868.2878091943525
improvementE3 : -868.2877852532281
improvementE1 : -868.2877783695748
improvementE2 : -868.279821157888
improvementE3 : -868.2798166970014
improvementE2 : -868.2798154128928
improvementE2 : -868.2063457295109
improvementE3 : -868.2063389533108
improvementE3 : -868.186090024861
improvementE3 : -868.1723008878789
improvementE1 : -868.1722132433464
improvementE3 : -868.0519218736754
improvementE2 : -868.0518955566732
improvementE3 : -868.0516997325528
improvementE1 : -868.0516967328213
improvementE2 : -866.8030239578419
improvementE2 : -866.8028558483423
improvementE3 : -866.4734725293735
improvementE1 : -866.4734300593724
improvementE3 : -866.4504276804133
improvementE3 : -866.4494735310617
improvementE1 : -866.4494304398795
improvementE2 : -866.4491265760754
improvementE1 : -866.4491228058718
improvementE3 : -866.4490321466343
improvementE2 : -866.2503882100585
improvementE2 : -866.2281348057439
improvementE1 : -866.2281317643404
improvementE2 : -866.2280668579111
improvementE2 : -865.2195817051828
improvementE1 : -865.2195802808476
improvementE3 : -865.2192116015262
improvementE3 : -865.2192027988029
improvementE2 : -865.2192012507614
improvementE2 : -865.2187760138853
improvementE3 : -864.9752732791086
improvementE3 : -864.9752718570434
improvementE2 : -864.9752465948928
improvementE1 : -864.973768709806
improvementE2 : -864.9611481462503
improvementE2 : -864.9289890258204
improvementE3 : -864.9218227522329
improvementE2 : -864.9203102336095
improvementE3 : -864.9128022019612
improvementE2 : -864.9127316523563
improvementE1 : -864.9127148209126
improvementE1 : -863.0676306178852
improvementE1 : -863.0675922855419
improvementE3 : -861.6065535468138
improvementE3 : -861.6065208236389
improvementE3 : -861.6059256193981
improvementE2 : -861.60582376841
improvementE2 : -861.6057179016874
improvementE1 : -861.6021895471116
improvementE3 : -861.6021694051418
improvementE1 : -861.6021649692756
improvementE3 : -861.6015189059215
improvementE1 : -861.601512975828
improvementE1 : -861.6014959213556
improvementE3 : -861.6014886158497
improvementE1 : -861.6012102914138
improvementE3 : -861.4954481069883
improvementE2 : -861.495445732575
improvementE1 : -856.2336599178774
improvementE3 : -856.2336534383859
improvementE1 : -856.2331328224315
improvementE3 : -856.06429637792
improvementE3 : -856.0639100318191
improvementE1 : -856.0639074721755
improvementE1 : -856.0637526867102
improvementE1 : -855.8688653934618
improvementE3 : -855.8688639301638
improvementE3 : -855.8688601572744
improvementE2 : -855.8493584822568
improvementE3 : -848.5492504439744
improvementE3 : -848.5491219435238
improvementE3 : -848.5491175950831
improvementE3 : -848.5491122202992
improvementE1 : -848.5489310887997
improvementE1 : -848.5194848486176
improvementE1 : -848.5186256192573
improvementE1 : -848.518078996685
improvementE1 : -848.5180775140449
improvementE2 : -848.5180734468346
improvementE2 : -848.5180336838889
improvementE1 : -848.5180320067724
improvementE2 : -848.5180037748636
improvementE2 : -848.5180023244833
improvementE2 : -848.517996552121
improvementE3 : -845.3268446694713
improvementE3 : -845.3268233912934
improvementE3 : -845.3268198190295
improvementE1 : -845.3267576883432
improvementE2 : -845.3267557524339
improvementE3 : -845.3241556268391
improvementE2 : -844.8703046029193
improvementE3 : -844.8702298039291
improvementE1 : -844.870226195996
improvementE1 : -844.8702085458317
improvementE1 : -844.8701756247381
improvementE3 : -844.8639554158216
improvementE1 : -844.5296476499555
improvementE2 : -844.5294907607354
improvementE1 : -844.5294896195315
improvementE2 : -844.5294818759894
improvementE3 : -840.7361398997323
improvementE2 : -840.7361357893009
improvementE1 : -840.7361129595913
improvementE2 : -835.3730493429307
improvementE2 : -835.3729938293005
improvementE3 : -835.3729835945214
improvementE3 : -835.3718743582205
improvementE1 : -835.2143053591494
improvementE3 : -835.2085193476865
improvementE3 : -832.513295519963
improvementE1 : -832.5131194336905
improvementE2 : -832.5131126005017
improvementE2 : -832.5131068439829
improvementE3 : -832.513077031038
improvementE2 : -832.5130691788644
improvementE2 : -832.491330495384
improvementE2 : -832.4912061803948
improvementE3 : -832.4910677948524
improvementE3 : -832.4910652493319
improvementE1 : -832.4885869342808
improvementE3 : -832.4885852247135
improvementE1 : -832.4237763236081
improvementE1 : -832.4237751126834
improvementE1 : -832.4233859314328
improvementE1 : -832.422993007432
improvementE2 : -831.8970517963505
improvementE3 : -831.6523424065654
improvementE2 : -831.6501797117608
improvementE3 : -831.65016833443
improvementE3 : -831.650167157659
improvementE3 : -831.6459721389494
improvementE2 : -831.6459679621875
improvementE3 : -831.6458682272626
improvementE3 : -831.6457678629808
improvementE1 : -831.6457615812982
improvementE2 : -831.6415509065154
improvementE2 : -831.6335710687837
improvementE3 : -829.1557494027398
improvementE3 : -829.1557366537046
improvementE1 : -829.1553960529822
improvementE3 : -829.1539226995653
improvementE3 : -829.1539136658646
improvementE2 : -828.2572847349778
improvementE3 : -828.2558753349499
improvementE2 : -828.2447687013458
improvementE3 : -826.6828966991122
improvementE2 : -826.6826913576652
improvementE2 : -826.6822416143426
improvementE1 : -826.682224585468
improvementE2 : -826.6803743264591
improvementE2 : -826.6800792842433
improvementE3 : -826.680005123175
improvementE3 : -826.6799645328789
improvementE3 : -824.4110032471561
improvementE3 : -824.4110016637455
improvementE1 : -822.72502684255
improvementE3 : -822.7008746718512
improvementE2 : -822.7008736311603
improvementE1 : -822.7008432160875
improvementE2 : -822.6973254550243
improvementE1 : -822.6846405519082
improvementE3 : -822.6843393147021
improvementE2 : -822.6843379895619
improvementE1 : -822.6832725994187
improvementE1 : -822.6780512743305
improvementE3 : -822.5455686881543
improvementE3 : -822.5455668257499
improvementE1 : -822.5455258352545
improvementE1 : -822.5454909487858
improvementE2 : -822.5454315068579
improvementE2 : -822.5454002552107
improvementE3 : -822.5453323695947
improvementE2 : -820.8426104226746
improvementE1 : -820.8426087391407
improvementE1 : -820.8424950704272
improvementE2 : -820.8423054243221
improvementE3 : -820.8421931143655
improvementE3 : -820.8421730872521
improvementE1 : -820.835335268639
improvementE2 : -820.8351898721975
improvementE3 : -820.8292990879756
improvementE3 : -820.8291315310541
improvementE2 : -820.829076106533
improvementE2 : -820.8235181077339
improvementE3 : -820.8235170361316
improvementE1 : -820.8235133743983
improvementE2 : -820.8235094893396
improvementE3 : -820.8232865298545
improvementE3 : -820.8227213726426
improvementE1 : -820.8227165933959
improvementE2 : -820.8227079620927
improvementE1 : -820.8227007723681
improvementE3 : -820.820939070533
improvementE1 : -820.820836299011
improvementE1 : -820.8206467192399
improvementE2 : -820.8203926528801
improvementE2 : -820.8203751835499
improvementE1 : -820.8203661604948
improvementE1 : -820.8203639632817
improvementE2 : -820.8203604560781
improvementE3 : -820.8202785976723
improvementE3 : -819.7921299863814
improvementE2 : -819.7921262457644
improvementE3 : -819.7921015523195
improvementE3 : -819.792099758253
improvementE3 : -819.7920789627022
improvementE1 : -819.7912725628723
improvementE2 : -819.7582366189619
improvementE3 : -817.4298783909248
improvementE3 : -817.4295517601421
improvementE3 : -817.429544506998
improvementE3 : -815.709455629857
improvementE3 : -815.7094226275639
improvementE1 : -815.7094214196645
improvementE1 : -815.6500611661677
improvementE2 : -815.6500596942883
improvementE2 : -815.6496326977548
improvementE1 : -815.6495932560343
improvementE3 : -815.6454156535124
improvementE3 : -815.6454092049695
improvementE2 : -815.6453793474803
improvementE1 : -815.6444110410448
improvementE1 : -815.6444098627043
improvementE1 : -815.6444087867378
improvementE2 : -813.2803277858194
improvementE2 : -806.9853413772673
improvementE2 : -806.9853268365367
improvementE3 : -806.9846835177252
improvementE1 : -806.9846312076983
improvementE3 : -806.9846172583525
improvementE2 : -806.9670543384551
improvementE1 : -806.9670529214791
improvementE1 : -806.1756667518823
improvementE3 : -806.1756283038759
improvementE3 : -806.1756213537469
improvementE3 : -806.1755900290717
improvementE2 : -806.1749244289206
improvementE3 : -806.174923336611
improvementE1 : -806.1671350645335
improvementE3 : -806.156701215519
improvementE3 : -806.1564747306288
improvementE2 : -806.1563069678562
improvementE2 : -806.1563030970174
improvementE2 : -806.1289192640324
improvementE1 : -806.1289156199936
improvementE1 : -806.1289120782207
improvementE3 : -806.0887603528856
improvementE1 : -806.0882088389113
improvementE3 : -806.0881921454247
improvementE3 : -806.0881900120478
improvementE1 : -806.0881839602056
improvementE1 : -806.0866474505938
improvementE2 : -806.0866166262584
improvementE3 : -806.0866155336796
improvementE1 : -803.6020802018801
improvementE2 : -777.0183496814009
improvementE3 : -777.0182939512124
improvementE1 : -777.0182911645246
improvementE3 : -777.0175071991554
improvementE3 : -777.0174474374902
improvementE1 : -777.0174450063578
improvementE3 : -777.0172958572145
improvementE3 : -770.833543561912
improvementE1 : -770.8335063248834
improvementE2 : -770.7864714218263
improvementE3 : -770.7864671824565
improvementE3 : -770.7864573358612
improvementE3 : -770.7863610321488
improvementE1 : -770.7859660741613
improvementE3 : -768.3231339866034
improvementE3 : -768.3231312812904
improvementE2 : -768.3228831592639
improvementE2 : -768.3228770764279
improvementE1 : -768.3228719816212
improvementE3 : -768.3228696240075
improvementE3 : -768.3227564242906
improvementE1 : -768.3218736848361
improvementE2 : -768.32137410357
improvementE1 : -768.1025495571348
improvementE2 : -768.1024463443855
improvementE2 : -768.054062339174
improvementE2 : -768.0539349017661
improvementE3 : -768.0539289487151
improvementE2 : -768.0539266044581
improvementE3 : -768.0535121677248
improvementE2 : -768.0534989800435
improvementE3 : -768.0463391833332
improvementE1 : -768.0463357517023
improvementE1 : -768.0463115998568
improvementE2 : -749.2416497190801
improvementE1 : -749.2416056690539
improvementE1 : -749.2414948982088
improvementE3 : -749.2414924452173
improvementE2 : -747.9258701622455
improvementE1 : -747.9163966572859
improvementE3 : -747.892545418692
improvementE3 : -747.8923883138211
improvementE2 : -747.8916207731594
improvementE3 : -747.8842679691165
improvementE2 : -747.884231351907
improvementE3 : -747.8839923416509
improvementE1 : -747.8839807580281
improvementE3 : -747.8839746585757
improvementE1 : -747.883972705536
improvementE3 : -747.8839383374403
improvementE2 : -747.8657108075276
improvementE2 : -747.8657018372483
improvementE2 : -747.865691955701
improvementE3 : -747.8655950188855
improvementE1 : -747.8497101361202
improvementE2 : -747.8495832991723
improvementE2 : -747.8495723806358
improvementE1 : -747.8495713494113
improvementE1 : -747.8494863696277
improvementE3 : -747.8494756964674
improvementE3 : -747.2467936068176
improvementE2 : -747.246490096438
improvementE3 : -747.2463510112202
improvementE3 : -747.2463449058696
improvementE2 : -747.246328750719
improvementE3 : -747.2462995070291
improvementE3 : -747.2462525572903
improvementE3 : -747.2461912167596
improvementE1 : -747.2461819982933
improvementE2 : -747.2458774795193
improvementE3 : -747.2354121113239
improvementE3 : -747.2353832355882
improvementE1 : -747.2353481617386
improvementE2 : -747.2352355349444
improvementE2 : -747.2352310222313
improvementE3 : -747.2352282720049
improvementE1 : -747.2352242256862
improvementE3 : -747.2351446744905
improvementE2 : -747.2349034650068
improvementE2 : -747.2348690168525
improvementE1 : -746.0980374780288
improvementE3 : -746.0979876737968
improvementE1 : -746.0979841416217
improvementE3 : -746.0828021446356
improvementE1 : -746.0827981473932
improvementE2 : -746.0827853824638
improvementE1 : -746.0827813421641
improvementE2 : -746.0822729311791
improvementE3 : -746.082240872933
improvementE1 : -746.0822080957988
improvementE3 : -746.0820861719175
improvementE2 : -746.0820526552002
improvementE2 : -746.0820289950394
improvementE3 : -746.0820279210284
improvementE1 : -746.0820012854699
improvementE3 : -746.0819978125643
improvementE2 : -746.0816919562943
improvementE3 : -742.9202858424325
improvementE3 : -742.9200238090064
improvementE1 : -742.9200111212125
improvementE2 : -742.9196974020268
improvementE1 : -742.9196936622525
improvementE1 : -742.8262881885111
improvementE1 : -742.826071577493
improvementE3 : -742.8258287163775
improvementE2 : -742.8255753316508
improvementE1 : -742.8254694614386
improvementE2 : -742.8254600655797
improvementE2 : -742.8254589814616
improvementE3 : -739.6619260017965
improvementE3 : -739.6619031232991
improvementE3 : -739.6618981098516
improvementE1 : -739.6433846173694
improvementE2 : -739.6432961356712
improvementE3 : -739.6432918206941
improvementE1 : -739.6432490187368
improvementE2 : -739.6432461601712
improvementE2 : -739.6429520723975
improvementE3 : -739.6428676423328
improvementE1 : -739.6428257874957
improvementE1 : -739.6427706257475
improvementE2 : -739.6427159289409
improvementE3 : -739.6320249122401
improvementE3 : -739.6320160713551
improvementE3 : -736.2871596277014
improvementE1 : -736.2871516444796
improvementE2 : -736.2869827013343
improvementE2 : -736.2869801274195
improvementE3 : -736.2868919619324
improvementE2 : -736.2868866816272
improvementE1 : -736.2868852662929
improvementE2 : -736.2868451044267
improvementE1 : -736.2867994561745
improvementE3 : -736.2867787149501
improvementE3 : -736.2867659447517
improvementE3 : -736.2866331948596
improvementE2 : -736.2866319702795
improvementE1 : -736.2701696150818
improvementE1 : -736.2692714178877
improvementE2 : -736.2692697271898
improvementE1 : -736.269107977498
improvementE3 : -736.2691039754307
improvementE2 : -736.2690981621711
improvementE2 : -736.269029049327
improvementE2 : -736.2685046492347
improvementE2 : -736.2684813550894
improvementE3 : -736.2682625454518
improvementE1 : -736.2682033832112
improvementE1 : -736.2682015609535
improvementE2 : -729.4941250431277
improvementE1 : -729.4939500703309
improvementE3 : -729.3514416800451
improvementE1 : -729.3512835527931
improvementE1 : -729.3512590822729
improvementE1 : -729.3510017064419
improvementE3 : -729.3509825821611
improvementE3 : -729.3509226027904
improvementE2 : -729.3496848621775
improvementE1 : -729.3496078353709
improvementE1 : -726.4740002118901
improvementE2 : -726.4739816064704
improvementE2 : -726.4737173486947
improvementE3 : -726.473700589243
improvementE2 : -726.4736993681726
improvementE2 : -726.4736976646374
improvementE3 : -726.4736260274975
improvementE2 : -726.2725925341942
logL = -9077.276972896156
Removing 0 markers
Second round
improvementE3 : -726.2725907928447
improvementE1 : -721.1619974474212
improvementE3 : -712.0436084463463
improvementE3 : -712.0435439612041
improvementE2 : -712.0434270909453
improvementE2 : -712.0432576980701
improvementE2 : -712.0431359720673
improvementE2 : -712.0427476298016
improvementE2 : -712.0427397199951
improvementE1 : -712.0422995025551
improvementE1 : -712.042296549333
improvementE3 : -712.042264073028
improvementE3 : -712.0422182117002
improvementE1 : -712.0421904871973
improvementE2 : -712.0421887675232
improvementE3 : -712.0421192420977
improvementE2 : -712.0417893431397
improvementE3 : -712.0357613382417
improvementE2 : -712.0357050273359
improvementE1 : -712.0355725790504
improvementE3 : -712.0355706737964
improvementE3 : -708.4910964399465
improvementE2 : -708.4909158432077
improvementE2 : -708.4909140991688
improvementE2 : -708.4909073820331
improvementE3 : -708.490884803782
improvementE2 : -708.4908686314249
improvementE1 : -708.4906456257619
improvementE1 : -708.4906397916524
improvementE1 : -708.4905581638166
improvementE3 : -708.4905556025686
improvementE3 : -708.4905541920846
improvementE3 : -708.4903313621171
improvementE1 : -708.4901275960991
improvementE3 : -705.5689675501368
improvementE1 : -705.5689402941777
improvementE2 : -701.0936363467272
improvementE3 : -696.2115033662419
improvementE3 : -696.2114343641649
improvementE3 : -696.2026905471218
improvementE3 : -696.2026869406226
improvementE2 : -696.202682945878
improvementE1 : -696.073716807878
improvementE3 : -692.1319755800257
improvementE3 : -692.1319291162127
improvementE2 : -692.1319141546151
improvementE2 : -692.131868990967
improvementE1 : -692.1318665539799
improvementE2 : -692.1318655201728
improvementE2 : -692.1314001555683
improvementE2 : -692.1313555149135
improvementE1 : -690.5206203572728
improvementE2 : -690.5206064148458
improvementE2 : -687.0592498090707
improvementE2 : -687.0590691924546
improvementE2 : -687.0590660225396
improvementE3 : -687.0590497499496
improvementE3 : -687.0588711302396
improvementE1 : -687.0386142858567
improvementE3 : -687.0386132324161
improvementE1 : -687.0386099852008
improvementE1 : -687.0385976089811
improvementE3 : -686.5555201541046
improvementE2 : -686.554153329006
improvementE2 : -686.553727214434
improvementE2 : -686.546330427952
improvementE3 : -685.3359845026201
improvementE1 : -685.3353546601833
improvementE2 : -682.72157961037
improvementE2 : -682.7205604868219
improvementE1 : -682.7205529778363
improvementE3 : -682.7205474755253
improvementE3 : -682.7138392948491
improvementE2 : -682.7134798180264
improvementE3 : -682.7134719667703
improvementE3 : -682.7134499900801
improvementE2 : -682.7134224618453
improvementE3 : -680.8828574279611
improvementE3 : -680.8825477897298
improvementE2 : -680.8825338531266
improvementE1 : -680.8825247136444
improvementE2 : -680.8825111682698
improvementE3 : -680.8824462182678
improvementE2 : -680.8821801508326
improvementE3 : -680.7871033082363
improvementE2 : -680.7870990724897
improvementE2 : -680.7869562184106
improvementE3 : -680.7869533507017
improvementE2 : -680.7869474106344
improvementE1 : -680.7869267919224
improvementE3 : -680.7869066728936
improvementE3 : -680.7869004929532
improvementE1 : -680.7867026841818
improvementE2 : -680.7834414446163
improvementE3 : -680.7679152527289
improvementE1 : -680.767911854261
improvementE1 : -680.7678978601612
improvementE2 : -680.7678046900413
improvementE1 : -680.7670851788287
improvementE3 : -680.7670815754669
improvementE3 : -680.7669883298013
improvementE1 : -680.7669625079909
improvementE1 : -680.7669502684123
improvementE3 : -680.7331311694435
improvementE2 : -680.733125180674
improvementE3 : -680.7331208500932
improvementE3 : -680.7331197896053
