0->0 : 0
0->1 : 0
0->2 : 0
       Error rate = 0.0
1->0 : 0
1->1 : 0
1->2 : 0
       Error rate = 0.0
2->0 : 0
2->1 : 0
2->2 : 0
       Error rate = 0.0
0,2->0,2 : 1181913
  0,2->1 : 0
1,2->1,2 : 0
  1,2->0 : 0
       Error rate = 0.0
Maternally informative markers = 0 (of 10219)
Paternally informative markers = 10219
Maternally or paternally informative markers = 10219
Removed 0 children
Removed 0 markers
Number of LGs = 45
***Family = fam_08 chromosome = 40 numMarkers = 7 maternal informative markers 0 (paternal informative markers 7)
***Family = fam_01 chromosome = 40 numMarkers = 7 maternal informative markers 0 (paternal informative markers 7)
***Family = fam_09 chromosome = 40 numMarkers = 7 maternal informative markers 0 (paternal informative markers 7)
7->4
4->4
All pairs
join 1 and 3 score = 0.0 sizes 1,1
join 1 and 2 score = 0.0 sizes 2,1
join 0 and 3 score = 0.0 sizes 1,3
score = 0.0
improvementE3 : -19.873447756913645
improvementE2 : -19.870183926861273
improvementE3 : -19.86448587910767
logL = -19.630430571556875
Removing 0 markers
Second round
