0->0 : 0
0->1 : 0
0->2 : 0
       Error rate = 0.0
1->0 : 0
1->1 : 0
1->2 : 0
       Error rate = 0.0
2->0 : 0
2->1 : 0
2->2 : 0
       Error rate = 0.0
0,2->0,2 : 1181913
  0,2->1 : 0
1,2->1,2 : 0
  1,2->0 : 0
       Error rate = 0.0
Maternally informative markers = 0 (of 10219)
Paternally informative markers = 10219
Maternally or paternally informative markers = 10219
Removed 0 children
Removed 0 markers
Number of LGs = 45
***Family = fam_08 chromosome = 26 numMarkers = 179 maternal informative markers 0 (paternal informative markers 179)
***Family = fam_01 chromosome = 26 numMarkers = 179 maternal informative markers 0 (paternal informative markers 179)
***Family = fam_09 chromosome = 26 numMarkers = 179 maternal informative markers 0 (paternal informative markers 179)
179->138
138->138
All pairs
join 48 and 91 score = 0.0 sizes 1,1
join 40 and 136 score = 0.0 sizes 1,1
join 2 and 33 score = 0.0 sizes 1,1
join 15 and 33 score = 0.0 sizes 1,2
join 15 and 136 score = 0.0 sizes 3,2
join 40 and 86 score = 0.0 sizes 5,1
join 50 and 120 score = 0.0 sizes 1,1
join 114 and 132 score = 0.0 sizes 1,1
join 38 and 63 score = 0.0 sizes 1,1
join 2 and 115 score = 0.0 sizes 6,1
join 35 and 86 score = 0.0 sizes 1,7
join 23 and 90 score = 0.0 sizes 1,1
join 23 and 81 score = 0.0 sizes 2,1
join 35 and 77 score = 0.0 sizes 8,1
join 13 and 115 score = 0.0 sizes 1,9
join 105 and 135 score = 0.0 sizes 1,1
join 105 and 112 score = 0.0 sizes 2,1
join 52 and 91 score = 0.0 sizes 1,2
join 99 and 114 score = 0.0 sizes 1,2
join 16 and 132 score = 0.0 sizes 1,3
join 27 and 92 score = 0.0 sizes 1,1
join 24 and 137 score = 0.0 sizes 1,1
join 34 and 106 score = 0.0 sizes 1,1
join 99 and 106 score = 0.0 sizes 4,2
join 18 and 79 score = 0.0 sizes 1,1
join 18 and 67 score = 0.0 sizes 2,1
join 0 and 88 score = 0.0 sizes 1,1
join 77 and 122 score = 0.0 sizes 10,1
join 69 and 112 score = 0.0 sizes 1,3
join 32 and 34 score = 0.0 sizes 1,6
join 47 and 55 score = 0.0 sizes 1,1
join 55 and 68 score = 0.0 sizes 2,1
join 66 and 116 score = 0.0 sizes 1,1
join 74 and 116 score = 0.0 sizes 1,2
join 36 and 81 score = 0.0 sizes 1,3
join 89 and 95 score = 0.0 sizes 1,1
join 89 and 109 score = 0.0 sizes 2,1
join 49 and 134 score = 0.0 sizes 1,1
join 123 and 134 score = 0.0 sizes 1,2
join 24 and 120 score = 0.0 sizes 2,2
join 1 and 137 score = 0.0 sizes 1,4
join 50 and 130 score = 0.0 sizes 5,1
join 7 and 19 score = 0.0 sizes 1,1
join 9 and 19 score = 0.0 sizes 1,2
join 83 and 95 score = 0.0 sizes 1,3
join 83 and 113 score = 0.0 sizes 4,1
join 113 and 124 score = 0.0 sizes 5,1
join 42 and 118 score = 0.0 sizes 1,1
join 13 and 25 score = 0.0 sizes 11,1
join 25 and 63 score = 0.0 sizes 12,2
join 38 and 98 score = 0.0 sizes 14,1
join 90 and 122 score = 0.0 sizes 4,15
join 100 and 125 score = 0.0 sizes 1,1
join 0 and 72 score = 0.0 sizes 2,1
join 22 and 72 score = 0.0 sizes 1,3
join 80 and 88 score = 0.0 sizes 1,4
join 22 and 70 score = 0.0 sizes 5,1
join 7 and 52 score = 0.0 sizes 3,3
join 71 and 110 score = 0.0 sizes 1,1
join 16 and 100 score = 0.0 sizes 7,2
join 32 and 85 score = 0.0 sizes 9,1
join 43 and 58 score = 0.0 sizes 1,1
join 5 and 43 score = 0.0 sizes 1,2
join 10 and 58 score = 0.0 sizes 1,3
join 49 and 64 score = 0.0 sizes 3,1
join 17 and 64 score = 0.0 sizes 1,4
join 93 and 126 score = 0.0 sizes 1,1
join 29 and 93 score = 0.0 sizes 1,2
join 29 and 98 score = 0.0 sizes 3,19
join 36 and 51 score = 0.0 sizes 22,1
join 30 and 103 score = 0.0 sizes 1,1
join 101 and 103 score = 0.0 sizes 1,2
join 80 and 128 score = 0.0 sizes 6,1
join 26 and 67 score = 0.0 sizes 1,3
join 54 and 101 score = 0.0 sizes 1,3
join 21 and 110 score = 0.0 sizes 1,2
join 28 and 117 score = 0.0 sizes 1,1
join 48 and 82 score = 0.0 sizes 6,1
join 39 and 44 score = 0.0 sizes 1,1
join 8 and 59 score = 0.0 sizes 1,1
join 59 and 94 score = 0.0 sizes 2,1
join 9 and 45 score = 0.0 sizes 7,1
join 42 and 45 score = 0.0 sizes 2,8
join 82 and 121 score = 0.0 sizes 10,1
join 44 and 84 score = 0.0 sizes 2,1
join 6 and 97 score = 0.0 sizes 1,1
join 57 and 61 score = 0.0 sizes 1,1
join 57 and 119 score = 0.0 sizes 2,1
join 69 and 127 score = 0.0 sizes 4,1
join 65 and 102 score = 0.0 sizes 1,1
join 37 and 62 score = 0.0 sizes 1,1
join 41 and 130 score = 0.005050505050505051 sizes 1,6
All pairs
join 17 and 104 score = 0.0 sizes 5,1
join 37 and 75 score = 0.0 sizes 2,1
join 53 and 97 score = 0.0 sizes 1,2
join 4 and 51 score = 0.0 sizes 1,23
join 56 and 68 score = 0.005847953216374269 sizes 1,3
join 56 and 127 score = 0.0 sizes 4,5
join 30 and 66 score = 0.006329113924050633 sizes 4,3
join 46 and 121 score = 0.005154639175257732 sizes 1,11
join 65 and 124 score = 0.00625 sizes 2,6
join 85 and 96 score = 0.0055248618784530384 sizes 10,1
join 128 and 133 score = 0.007142857142857143 sizes 7,1
join 71 and 133 score = 0.010362694300518135 sizes 3,8
join 21 and 118 score = 0.007042253521126761 sizes 11,12
join 41 and 62 score = 0.0 sizes 7,3
join 60 and 109 score = 0.0 sizes 1,8
join 11 and 87 score = 0.0 sizes 1,1
join 6 and 76 score = 0.0 sizes 3,1
join 117 and 125 score = 0.0125 sizes 2,11
join 76 and 131 score = 0.0 sizes 4,1
join 54 and 102 score = 0.012738853503184714 sizes 7,9
join 74 and 94 score = 0.012738853503184714 sizes 16,3
join 60 and 131 score = 0.0 sizes 19,5
join 46 and 53 score = 0.0 sizes 23,24
join 3 and 31 score = 0.0 sizes 1,1
join 3 and 75 score = 0.0 sizes 2,10
join 1 and 14 score = 0.006578947368421052 sizes 12,1
join 31 and 135 score = 0.0 sizes 13,9
join 70 and 79 score = 0.012738853503184714 sizes 47,4
join 4 and 26 score = 0.008 sizes 24,51
join 27 and 84 score = 0.0070921985815602835 sizes 2,3
join 78 and 104 score = 0.0 sizes 1,6
join 12 and 96 score = 0.0 sizes 1,13
join 20 and 39 score = 0.015789473684210527 sizes 1,5
join 8 and 123 score = 0.012195121951219513 sizes 75,7
join 5 and 61 score = 0.03205128205128205 sizes 4,3
join 87 and 108 score = 0.018518518518518517 sizes 2,1
join 12 and 73 score = 0.0 sizes 14,1
join 28 and 111 score = 0.033783783783783786 sizes 15,1
join 10 and 47 score = 0.043478260869565216 sizes 7,22
join 20 and 107 score = 0.035211267605633804 sizes 6,1
join 78 and 129 score = 0.04 sizes 82,1
join 107 and 119 score = 0.06097560975609756 sizes 7,29
All pairs
join 73 and 129 score = 0.045454545454545456 sizes 16,83
join 14 and 111 score = 0.1476510067114094 sizes 36,99
join 11 and 126 score = 0.0 sizes 3,135
score = 0.6162014550549441
improvementE3 : -380.9983435207741
improvementE3 : -380.9972388135493
improvementE3 : -380.9837218631014
improvementE3 : -378.8530612650829
improvementE3 : -378.8527968581513
improvementE2 : -378.85279546640413
improvementE1 : -378.8496954604601
improvementE1 : -378.8496701841371
improvementE3 : -377.2035722375656
improvementE3 : -376.7356513889585
improvementE2 : -376.72730597835
improvementE3 : -376.71147911166497
improvementE1 : -376.650004342473
improvementE3 : -376.36543421536396
improvementE3 : -376.3654301372562
improvementE3 : -376.3651109246677
improvementE3 : -375.5270330681599
improvementE3 : -374.1710104117089
improvementE1 : -374.17098365914745
improvementE2 : -374.1681309619246
improvementE2 : -374.16772950646964
improvementE2 : -374.1632609984245
improvementE3 : -374.1614638933804
improvementE3 : -372.05742157067715
improvementE3 : -372.05736918732293
improvementE3 : -372.04780899350664
improvementE2 : -372.0478051144362
improvementE2 : -372.0342414578713
improvementE2 : -372.0321453258197
improvementE3 : -372.0321432888327
improvementE2 : -372.03213815446446
improvementE2 : -372.0156567738527
improvementE1 : -372.0149366553243
improvementE3 : -372.01196932070957
improvementE3 : -371.98255423321365
improvementE3 : -371.9822895952242
improvementE1 : -371.9812155216886
improvementE3 : -371.98120545593366
improvementE3 : -371.9809816190799
improvementE1 : -371.9803508765564
improvementE3 : -371.2427571718133
improvementE1 : -371.2427470306687
improvementE3 : -371.24253753546714
improvementE2 : -371.2279679712133
improvementE3 : -371.22790696569433
improvementE3 : -371.22790003867004
improvementE1 : -371.227533448164
improvementE2 : -371.22749795149974
improvementE3 : -371.21221273463226
improvementE3 : -371.1927946238716
improvementE3 : -369.66750886612084
improvementE3 : -369.66542032142206
improvementE1 : -369.39952896804016
improvementE3 : -369.39951455440564
improvementE1 : -369.39460370851674
improvementE3 : -367.4298543621447
improvementE3 : -367.42892925665757
improvementE3 : -367.4288649120945
improvementE3 : -367.42881176504596
improvementE3 : -367.4288042095294
improvementE1 : -367.42691103936437
improvementE3 : -362.3781028003941
improvementE2 : -360.87978494162013
improvementE3 : -360.8797768479146
improvementE2 : -360.87976285981614
improvementE3 : -360.87975421728174
improvementE1 : -360.8797455871268
improvementE2 : -359.74758181060923
improvementE3 : -359.74683112414795
improvementE3 : -359.131920519084
improvementE2 : -359.131899075628
improvementE2 : -357.02280403468546
improvementE1 : -356.7466198515865
improvementE1 : -356.74661694402835
improvementE3 : -356.74660525761533
improvementE3 : -356.74659769446464
improvementE1 : -356.74253999243786
improvementE3 : -356.7424704625557
improvementE1 : -356.7226724065478
improvementE3 : -356.6621277723916
improvementE3 : -356.5626550633638
improvementE2 : -356.4921751520882
improvementE3 : -356.49216640203224
improvementE2 : -356.49215779880996
improvementE1 : -356.4920749989691
improvementE3 : -356.49186828287867
improvementE3 : -356.49183033907957
improvementE2 : -356.4913941434829
improvementE3 : -356.4913784446065
improvementE3 : -354.96255521708446
improvementE2 : -354.80972877982487
improvementE1 : -354.8082089538704
improvementE1 : -354.8082037336898
improvementE1 : -353.1713139925052
improvementE3 : -353.17129974389826
improvementE2 : -353.17129415784746
improvementE1 : -353.1711551801598
improvementE3 : -352.82106636132244
improvementE1 : -352.81942433360365
improvementE3 : -352.8155726627014
improvementE2 : -352.81555834775867
improvementE3 : -352.80551122040157
improvementE1 : -352.80532157780436
improvementE2 : -352.80116175083344
improvementE3 : -352.755990923315
improvementE1 : -352.7455432742138
improvementE3 : -352.7455361532285
improvementE1 : -352.74475820277274
improvementE2 : -352.74460510633565
improvementE2 : -352.69257069982115
improvementE3 : -352.69248691005606
improvementE1 : -352.6924641623753
improvementE2 : -352.69245871528
improvementE3 : -352.69244513635385
improvementE2 : -352.69242516312124
improvementE3 : -349.07894468295757
improvementE2 : -349.07833103048307
improvementE3 : -349.07485871141864
improvementE1 : -349.07485560708074
improvementE2 : -349.07412147419
improvementE1 : -348.942469970898
improvementE1 : -345.0018303354075
improvementE3 : -343.4496706368701
improvementE1 : -343.44959494231495
improvementE1 : -343.44949721078757
improvementE1 : -343.4494955625681
improvementE3 : -343.44949086556164
improvementE1 : -343.4494022426028
improvementE3 : -336.36339747642677
improvementE3 : -336.3633620840825
improvementE3 : -336.36336008285565
improvementE1 : -336.3627781814485
improvementE1 : -334.46720091420434
improvementE2 : -334.46594852730743
improvementE1 : -334.4627669585815
improvementE1 : -334.46182302168165
improvementE3 : -334.46181377895726
improvementE1 : -331.96816656479723
improvementE1 : -331.9664501530034
improvementE2 : -331.9664479222487
improvementE1 : -331.96644670826964
improvementE1 : -331.9663929510864
improvementE2 : -331.96638996811197
improvementE1 : -331.96638792821994
improvementE3 : -331.966386125828
improvementE1 : -331.96560977096243
improvementE3 : -331.9656033544967
improvementE1 : -329.85993654895145
improvementE2 : -329.8599351360312
improvementE3 : -329.1873033666889
improvementE2 : -327.8704294102173
improvementE3 : -327.87042678520925
improvementE2 : -327.8703945095844
improvementE2 : -325.89130812263295
improvementE3 : -325.7334668105447
improvementE2 : -325.7334655932911
improvementE3 : -325.73275823091825
improvementE1 : -325.7327569612182
improvementE1 : -325.7327543360327
improvementE3 : -325.66343317586416
improvementE1 : -325.66308003386337
improvementE3 : -325.66124997093834
improvementE1 : -325.6602162474208
improvementE3 : -325.6601570083428
improvementE3 : -325.6598965248389
improvementE2 : -325.65989159438277
improvementE3 : -325.6598644030129
improvementE2 : -325.6591217514866
improvementE2 : -325.65881764274036
improvementE2 : -325.6571746160156
improvementE2 : -325.65716651941693
improvementE2 : -325.65715079992884
improvementE3 : -325.656782231721
improvementE3 : -325.6567471768204
improvementE1 : -323.66176976461867
improvementE1 : -323.66176870707807
improvementE3 : -323.66128693056567
improvementE2 : -323.6612837701374
improvementE1 : -323.42353432766123
improvementE3 : -323.4232778945038
improvementE1 : -323.4232725318582
improvementE3 : -323.42321287346084
improvementE2 : -323.4232118402075
improvementE1 : -323.42143078889507
improvementE3 : -323.42142721390115
improvementE1 : -323.4213679718254
improvementE2 : -323.42136353559977
improvementE3 : -323.42134613336106
improvementE3 : -323.4213335881952
improvementE1 : -323.4213193264183
improvementE2 : -323.42130829637716
improvementE1 : -323.4213064613801
improvementE1 : -323.42126407176715
improvementE2 : -323.40257592600784
improvementE3 : -323.40061663990923
improvementE2 : -323.4006137006801
improvementE2 : -322.2431585122485
improvementE3 : -322.2431300984849
improvementE2 : -322.24312798372654
improvementE1 : -322.24312689390564
improvementE3 : -321.9694997655565
improvementE3 : -321.96035741135836
improvementE2 : -321.9603512687608
improvementE3 : -321.95998795794424
improvementE1 : -321.9599709731036
improvementE3 : -321.956789851283
improvementE2 : -321.9551588244924
improvementE2 : -321.9549706528235
improvementE2 : -321.95496416793594
improvementE1 : -320.4896183764347
improvementE2 : -320.4893709514722
improvementE3 : -320.48905174693715
improvementE3 : -320.48904720180366
improvementE2 : -320.36127670553265
improvementE3 : -320.36050663735824
improvementE1 : -320.36050276320844
improvementE2 : -318.8105703902062
improvementE3 : -318.8105097651192
improvementE3 : -318.8102613443948
improvementE2 : -318.8101234949787
improvementE3 : -318.8101201418618
improvementE3 : -318.8097438866585
improvementE3 : -318.8097186472592
improvementE2 : -317.1429740614111
improvementE1 : -317.1410085653601
improvementE3 : -317.13808484543756
improvementE2 : -317.1369044238786
improvementE2 : -317.13288543700855
improvementE3 : -317.13133136973835
improvementE1 : -317.1269421689215
improvementE1 : -317.12682434090397
improvementE2 : -317.12682237296445
improvementE3 : -317.12681073040727
improvementE1 : -317.1267638507608
improvementE2 : -317.12675976981916
improvementE1 : -317.125626101011
logL = -2773.5402656172673
Removing 0 markers
Second round
improvementE3 : -317.1256143745558
improvementE3 : -317.1256097468614
improvementE1 : -317.12510800546715
improvementE3 : -317.12458221405427
improvementE2 : -317.1243061813509
improvementE3 : -317.12409959941084
improvementE3 : -317.12379429741117
improvementE2 : -317.12252293155854
improvementE2 : -317.12248487065665
improvementE2 : -317.12248386082734
improvementE2 : -317.1224811788381
improvementE3 : -317.1223417126432
improvementE1 : -317.12233871801385
improvementE1 : -317.12233675673855
improvementE3 : -317.1223331311444
improvementE3 : -317.12219372642875
improvementE3 : -317.1221568442079
improvementE3 : -317.12202387447616
improvementE2 : -317.1220128099315
improvementE1 : -317.1219144757395
improvementE2 : -317.1219129099714
improvementE2 : -317.12189496485206
improvementE2 : -317.1218927015806
improvementE1 : -317.1218907714846
improvementE2 : -317.12188817120705
improvementE2 : -315.61371365363084
improvementE2 : -315.61369625809846
improvementE2 : -315.61368661256927
improvementE3 : -315.6136827715493
