PLINK v1.90b2o 64-bit (25 Nov 2014)
9 arguments: --allow-extra-chr --allow-no-sex --bfile ./data/batch_1/batch_1.filter07 --bp-space 70 --make-bed --out ./data/batch_1/batch_1.filter08
Hostname: ipseg-ubuntu
Working directory: /home/ipseg/Desktop/waples/chum_populations
Start time: Tue Feb 10 15:20:46 2015

Random number seed: 1423610446
32127 MB RAM detected; reserving 16063 MB for main workspace.
35552 variants loaded from .bim file.
176 people (0 males, 0 females, 176 ambiguous) loaded from .fam.
Ambiguous sex IDs written to ./data/batch_1/batch_1.filter08.nosex .
Using 1 thread (no multithreaded calculations invoked).
Before main variant filters, 176 founders and 0 nonfounders present.
Calculating allele frequencies... done.
Total genotyping rate is 0.918552.
--bp-space: 35550 variants removed (2 remaining).
2 variants and 176 people pass filters and QC.
Note: No phenotypes present.
--make-bed to ./data/batch_1/batch_1.filter08.bed +
./data/batch_1/batch_1.filter08.bim + ./data/batch_1/batch_1.filter08.fam ...
done.

End time: Tue Feb 10 15:20:46 2015
