PLINK v1.90b2o 64-bit (25 Nov 2014)
10 arguments: --allow-extra-chr --allow-no-sex --bfile ./data/batch_1/batch_1.filter01 --family --geno 0.25 --make-bed --out ./data/batch_1/batch_1.filter02
Hostname: ipseg-ubuntu
Working directory: /home/ipseg/Desktop/waples/chum_populations
Start time: Tue Feb 10 14:58:53 2015

Random number seed: 1423609133
32127 MB RAM detected; reserving 16063 MB for main workspace.
42511 variants loaded from .bim file.
200 people (0 males, 0 females, 200 ambiguous) loaded from .fam.
Ambiguous sex IDs written to ./data/batch_1/batch_1.filter02.nosex .
--family: 10 clusters defined.
Using 1 thread (no multithreaded calculations invoked).
Before main variant filters, 200 founders and 0 nonfounders present.
Calculating allele frequencies... done.
Total genotyping rate is 0.87932.
0 variants removed due to missing genotype data (--geno).
42511 variants and 200 people pass filters and QC.
Note: No phenotypes present.
--make-bed to ./data/batch_1/batch_1.filter02.bed +
./data/batch_1/batch_1.filter02.bim + ./data/batch_1/batch_1.filter02.fam ...
done.

End time: Tue Feb 10 14:58:53 2015
