PLINK v1.90b2o 64-bit (25 Nov 2014)
9 arguments: --allow-extra-chr --allow-no-sex --file ./data/batch_1/batch_1.plink.raw --geno 0.25 --make-bed --out ./data/batch_1/batch_1.filter01
Hostname: ipseg-ubuntu
Working directory: /home/ipseg/Desktop/waples/chum_populations
Start time: Tue Feb 10 14:58:52 2015

Random number seed: 1423609132
32127 MB RAM detected; reserving 16063 MB for main workspace.
Scanning .ped file... done.
Performing single-pass .bed write (123366 variants, 200 people).
--file: ./data/batch_1/batch_1.filter01-temporary.bed +
./data/batch_1/batch_1.filter01-temporary.bim +
./data/batch_1/batch_1.filter01-temporary.fam written.
123366 variants loaded from .bim file.
200 people (0 males, 0 females, 200 ambiguous) loaded from .fam.
Ambiguous sex IDs written to ./data/batch_1/batch_1.filter01.nosex .
Using 1 thread (no multithreaded calculations invoked).
Before main variant filters, 200 founders and 0 nonfounders present.
Calculating allele frequencies... done.
Total genotyping rate is 0.42141.
80855 variants removed due to missing genotype data (--geno).
42511 variants and 200 people pass filters and QC.
Note: No phenotypes present.
--make-bed to ./data/batch_1/batch_1.filter01.bed +
./data/batch_1/batch_1.filter01.bim + ./data/batch_1/batch_1.filter01.fam ...
done.

End time: Tue Feb 10 14:58:53 2015
