PLINK v1.90b2o 64-bit (25 Nov 2014)
10 arguments: --allow-extra-chr --allow-no-sex --bfile ./data/batch_1/batch_1.final --distance square flat-missing 1-ibs --out ./data/batch_1/batch_1.final
Hostname: ipseg-ubuntu
Working directory: /home/ipseg/Desktop/waples/chum_populations
Start time: Tue Feb 10 15:26:23 2015

Random number seed: 1423610783
32127 MB RAM detected; reserving 16063 MB for main workspace.
35552 variants loaded from .bim file.
176 people (0 males, 0 females, 176 ambiguous) loaded from .fam.
Ambiguous sex IDs written to ./data/batch_1/batch_1.final.nosex .
Using up to 8 threads (change this with --threads).
Before main variant filters, 176 founders and 0 nonfounders present.
Calculating allele frequencies... done.
Total genotyping rate is 0.918552.
35552 variants and 176 people pass filters and QC.
Note: No phenotypes present.
Distance matrix calculation complete.
IDs written to ./data/batch_1/batch_1.final.mdist.id .
Distances (proportions) written to ./data/batch_1/batch_1.final.mdist .

End time: Tue Feb 10 15:26:23 2015
