PLINK v1.90b2o 64-bit (25 Nov 2014)
10 arguments: --allow-extra-chr --allow-no-sex --bfile ./data/batch_1/batch_1.filter02 --family --make-bed --mind 0.25 --out ./data/batch_1/batch_1.filter03
Hostname: ipseg-ubuntu
Working directory: /home/ipseg/Desktop/waples/chum_populations
Start time: Tue Feb 10 15:02:21 2015

Random number seed: 1423609341
32127 MB RAM detected; reserving 16063 MB for main workspace.
42511 variants loaded from .bim file.
200 people (0 males, 0 females, 200 ambiguous) loaded from .fam.
Ambiguous sex IDs written to ./data/batch_1/batch_1.filter03.nosex .
24 people removed due to missing genotype data (--mind).
IDs written to ./data/batch_1/batch_1.filter03.irem .
--family: 10 clusters defined.
Using 1 thread (no multithreaded calculations invoked).
Before main variant filters, 176 founders and 0 nonfounders present.
Calculating allele frequencies... done.
Total genotyping rate in remaining samples is 0.927688.
42511 variants and 176 people pass filters and QC.
Note: No phenotypes present.
--make-bed to ./data/batch_1/batch_1.filter03.bed +
./data/batch_1/batch_1.filter03.bim + ./data/batch_1/batch_1.filter03.fam ...
done.

End time: Tue Feb 10 15:02:21 2015
