PLINK v1.90b3q 64-bit (29 May 2015)
Options in effect:
  --allow-extra-chr
  --allow-no-sex
  --autosome-num 50
  --bfile /home/ipseg/Desktop/waples/chum_populations/data/batch_4/pop_genotypes/complete
  --keep-allele-order
  --out /home/ipseg/Desktop/waples/chum_populations/results/batch_4/pop_analysis/complete
  --recode

Hostname: ipseg-ubuntu
Working directory: /home/ipseg/Desktop/waples/chum_populations
Start time: Tue Oct  6 10:55:29 2015

Random number seed: 1444154129
32127 MB RAM detected; reserving 16063 MB for main workspace.
13407 variants loaded from .bim file.
174 samples (0 males, 0 females, 174 ambiguous) loaded from .fam.
Ambiguous sex IDs written to
/home/ipseg/Desktop/waples/chum_populations/results/batch_4/pop_analysis/complete.nosex
.
Using 1 thread (no multithreaded calculations invoked).
Before main variant filters, 174 founders and 0 nonfounders present.
Calculating allele frequencies... done.
Total genotyping rate is 0.928571.
13407 variants and 174 samples pass filters and QC.
Note: No phenotypes present.
--recode to
/home/ipseg/Desktop/waples/chum_populations/results/batch_4/pop_analysis/complete.ped
+
/home/ipseg/Desktop/waples/chum_populations/results/batch_4/pop_analysis/complete.map
... done.

End time: Tue Oct  6 10:55:29 2015
